Our_None, Cluster_seperate, 1by1, homo_weight=3, dis_weight=1
0.8448, 0.8575, 0.8839, 0.8803, 0.7535, 0.8540, 0.8763, 0.8783, 0.8813
WithoutSelection_Prune, Cluster_seperate, 1by1, homo_weight=3, dis_weight=1 Seed =100
0.7738, 0.8616, 0.7885, 0.8590, 0.7500, 0.8504, 0.9092, 0.8692, 0.8651

Our_None, Cluster_seperate, 1by1, homo_weight=1, dis_weight=1
0.9904, 0.8641, 0.8849, 0.9807, 0.9949, 0.9295, 0.9239, 0.9990, 0.9457
WithoutSelection_Prune, Cluster_seperate, 1by1, homo_weight=1, dis_weight=1 Seed =11


Our_Prune, Cluster_all, 1by1, homo_weight=3, dis_weight=1
0.8905, 0.7434, 0.7632, 0.8474, 0.7860, 0.8778, 0.7774, 0.8758, 0.8387
WithoutSelection_Prune, Cluster_all, 1by1, homo_weight=3, dis_weight=1 Seed =100
0.5928, 0.7074, 0.8458, 0.8616, 0.8682, 0.8585, 0.8955, 0.7490, 0.8631




Pubmed：
Our_None, Kmedoids Cluster_seperate, 1by1, homo_weight=1, dis_weight=1
[5,10,15,20,40,60,80,100,120]
0.9371, 0.8646, 0.9924, 0.9959, 0.9985, 0.9965, 0.8717, 0.9057, 0.8692 
0.9407, 0.9128, 0.9493, 0.9132, 0.9944, 0.9817, 0.9772, 0.9752, 0.9787 (loss, homo3)
WithoutSelection_None, Cluster_seperate, 1by1, homo_weight=1, dis_weight=1 Seed =11
0.8793, 0.9057, 0.9194, 0.9346, 0.9975, 0.9625, 0.9681, 0.9320, 0.9326

Our_Prune, Cluster_all, 1by1, homo_weight=1, dis_weight=1
0.7241, 0.7444, 0.6739, 0.6820, 0.7845, 0.5390, 0.6597, 0.8367, 0.3220 (Cluster_all)
0.8864, 0.8905, 0.8048, 0.8854, 0.9189, 0.3073, 0.9518, 0.9062, 0.8347 (loss)
WithoutSelection_Prune, Cluster_all, 1by1, homo_weight=1, dis_weight=1 Seed =11
0.6212, 0.5649, 0.5634, 0.7561, 0.4741, 0.8352, 0.7667, 0.4914, 0.6080

Flickr:
[5,10,20,40,80]
Our_None, Cluster_all, 1by1, homo_weight=1, dis_weight=1
0, 0, 0, 0.9842, 100 (dis_weight = 0)
0, 100, 100, 100, 100 (loss)
WithoutSelection_None, Cluster_all, 1by1, homo_weight=1, dis_weight=1 Seed =11
0, 100, 100, 100, 100

Our_Prune, Cluster_all, 1by1, homo_weight=1, dis_weight=1
0.1677, 0.9308, 0.9161, 0.9497, 0.7628 (cluster, dis_weight = 1)
0, 0.9598, 0.8904, 0.9045, 0.9087 (loss)
WithoutSelection_Prune, Cluster_all, 1by1, homo_weight=1, dis_weight=1 Seed =11
0, 0.6183, 0.8956, 0.9458, 0.9518
