nohup: ignoring input
Namespace(attack_method='Basic', cuda=True, dataset='Flickr', debug=True, defense_mode='prune', device_id=2, dis_weight=1.0, dropout=0.5, epochs=200, evaluate_mode='overall', hidden=64, homo_boost_thrd=0.5, homo_loss_weight=1.0, inner=1, lr=0.01, model='GCN', no_cuda=False, prune_thr=0.4, seed=11, selection_method='loss', target_class=0, target_loss_weight=1, test_model='GCN', thrd=0.5, train_lr=0.02, trigger_prob=0.5, trigger_size=3, trojan_epochs=200, use_vs_number=True, vs_number=10, vs_ratio=0, weight_decay=0.0005)
Length of training set: 17850
Training benign model Finished!
Total time elapsed: 16.4512s
Benign CA: 0.4651
idx_attach: tensor([85134, 31522, 10037, 43350,  7075, 38992, 30906, 40685, 23451, 68954],
       device='cuda:2')
Epoch 0, loss_inner: 1.94542, loss_target: 1.91954, homo loss: 0.46828 
acc_train_clean: 0.0521, ASR_train_attach: 0.0000, ASR_train_outter: 0.0000
Epoch 10, loss_inner: 1.65431, loss_target: 1.73356, homo loss: 0.04971 
acc_train_clean: 0.4169, ASR_train_attach: 0.0000, ASR_train_outter: 0.0000
Epoch 20, loss_inner: 1.63678, loss_target: 1.68119, homo loss: 0.05110 
acc_train_clean: 0.4169, ASR_train_attach: 0.0000, ASR_train_outter: 0.0000
Epoch 30, loss_inner: 1.63528, loss_target: 1.67038, homo loss: 0.03078 
acc_train_clean: 0.4169, ASR_train_attach: 0.0000, ASR_train_outter: 0.0000
Epoch 40, loss_inner: 1.62544, loss_target: 1.65998, homo loss: 0.01939 
acc_train_clean: 0.4169, ASR_train_attach: 0.0000, ASR_train_outter: 0.0000
Epoch 50, loss_inner: 1.61999, loss_target: 1.64662, homo loss: 0.00793 
acc_train_clean: 0.4169, ASR_train_attach: 0.0000, ASR_train_outter: 0.0000
Epoch 60, loss_inner: 1.61287, loss_target: 1.62563, homo loss: 0.01500 
acc_train_clean: 0.4167, ASR_train_attach: 0.0000, ASR_train_outter: 0.0000
Epoch 70, loss_inner: 1.60600, loss_target: 1.58957, homo loss: 0.01552 
acc_train_clean: 0.4166, ASR_train_attach: 0.7000, ASR_train_outter: 0.8678
Epoch 80, loss_inner: 1.60032, loss_target: 1.57065, homo loss: 0.01463 
acc_train_clean: 0.4170, ASR_train_attach: 0.9000, ASR_train_outter: 0.9444
Epoch 90, loss_inner: 1.59479, loss_target: 1.56348, homo loss: 0.01413 
acc_train_clean: 0.4173, ASR_train_attach: 0.9000, ASR_train_outter: 0.9444
Epoch 100, loss_inner: 1.58846, loss_target: 1.55363, homo loss: 0.00947 
acc_train_clean: 0.4181, ASR_train_attach: 0.9000, ASR_train_outter: 0.9598
Epoch 110, loss_inner: 1.58142, loss_target: 1.54672, homo loss: 0.01939 
acc_train_clean: 0.4204, ASR_train_attach: 0.9000, ASR_train_outter: 0.9598
Epoch 120, loss_inner: 1.57450, loss_target: 1.53785, homo loss: 0.01015 
acc_train_clean: 0.4259, ASR_train_attach: 0.9000, ASR_train_outter: 0.9770
Epoch 130, loss_inner: 1.56803, loss_target: 1.52995, homo loss: 0.00954 
acc_train_clean: 0.4297, ASR_train_attach: 0.9000, ASR_train_outter: 0.9885
Epoch 140, loss_inner: 1.56345, loss_target: 1.52579, homo loss: 0.01012 
acc_train_clean: 0.4346, ASR_train_attach: 1.0000, ASR_train_outter: 0.9540
Epoch 150, loss_inner: 1.55478, loss_target: 1.51448, homo loss: 0.00511 
acc_train_clean: 0.4464, ASR_train_attach: 0.9000, ASR_train_outter: 0.9904
Epoch 160, loss_inner: 1.55800, loss_target: 1.51351, homo loss: 0.01466 
acc_train_clean: 0.4431, ASR_train_attach: 0.0000, ASR_train_outter: 0.9885
Epoch 170, loss_inner: 1.55690, loss_target: 1.51749, homo loss: 0.03597 
acc_train_clean: 0.4363, ASR_train_attach: 1.0000, ASR_train_outter: 0.9981
Epoch 180, loss_inner: 1.55320, loss_target: 1.51624, homo loss: 0.00546 
acc_train_clean: 0.4438, ASR_train_attach: 1.0000, ASR_train_outter: 0.9923
Epoch 190, loss_inner: 1.54648, loss_target: 1.50837, homo loss: 0.00388 
acc_train_clean: 0.4535, ASR_train_attach: 1.0000, ASR_train_outter: 0.9943
precent of left attach nodes: 1.000
target class rate on Vs: 1.0000
accuracy on clean test nodes: 0.4199
ASR: 0.9598
Flip ASR: 0.9627/8336 nodes
CA: 0.4239
