nohup: ignoring input
Namespace(cuda=True, dataset='Flickr', debug=True, defense_mode='none', device_id=2, dis_weight=0.0, dropout=0.5, epochs=200, evaluate_mode='1by1', hidden=64, homo_boost_thrd=0.8, homo_loss_weight=100.0, inner=1, lr=0.01, model='GCN', no_cuda=False, prune_thr=0.4, seed=10, selection_method='cluster_degree', target_class=0, target_loss_weight=1, test_model='GCN', thrd=0.5, train_lr=0.02, trigger_size=3, trojan_epochs=400, use_vs_number=True, vs_number=400, vs_ratio=0, weight_decay=0.0005)
#Attach Nodes:400
./selected_nodes/Flickr/Overall/seed10/nodes.txt
idx_attach: tensor([47995, 37627, 35003,   746, 46472, 66969, 38437, 60709, 48132, 19908,
        33622, 35113, 63091, 66311, 70795, 70796, 14765, 61440,  2743, 73285,
         7235, 63267, 45533, 55055,  2727, 88472, 21621, 62467, 12343, 49929,
        22682, 12319, 37124,  3108,  4448, 21440, 49780, 76486, 23433, 66108,
        68516, 55360, 57383,  8501, 50153, 55509, 32189, 45327, 74230, 66928,
        35297, 88391, 11496,  5952, 50982, 75335, 14738,  2365, 84927, 60279,
        73781, 85781, 44203, 58700, 52860,  5198, 70672, 82626, 33783, 74046,
        41688, 20098, 39775, 88385, 23704, 46378, 80525,  4237, 44552, 81834,
         3232, 41370, 65192,   228, 10004, 75604, 58642, 50811, 76978, 19128,
        22232, 57063, 68374, 53999, 19567, 61891, 57643, 87066, 65277, 28585,
        68545, 59517, 62837, 37874, 88504, 33227, 74558, 37262, 18843, 74213,
        64423, 74691, 47392, 35833, 25903, 26911, 82226, 53848, 25036, 31846,
        34602, 40117, 60566, 66544, 56193, 45210, 61873, 44866, 21099, 37921,
        62274, 55029, 59038, 75891, 70570, 66999,  7783, 16819, 44359, 77392,
        80534, 61917, 85057, 32661, 77201, 85728,   140, 48248, 78574, 85890,
        30327, 51448, 78867, 31604, 83836, 76749, 51028, 24311, 83042, 19793,
        33631, 76150, 59908, 54387, 77631, 75272, 36843, 45624, 14859, 81441,
        81899, 53803,  1416, 69842, 37731, 38730, 25319, 49744, 38419, 85581,
        67468, 69081, 80920, 24991, 74728, 14485, 33210,  7785, 47944, 72654,
        25462, 82407, 71704, 26190, 48825, 65608, 81399, 16665, 29092, 21588,
        73442,  8186, 67760, 60337, 81779, 82102, 27506, 41837, 53480, 64392,
        38236, 38310, 31023, 76403, 52901, 58965, 76545, 39287, 43839, 66270,
        81854, 18933, 78779, 59028, 75678, 74482, 19578, 45398, 24471, 31612,
        51943, 48343, 33969, 69183, 47794, 80170, 47536, 88518, 60398, 13357,
        78393, 34827, 81945,  3757, 45099, 42638, 47541, 10444,  4817, 83411,
        68861, 22844, 33925, 78913, 71639, 28314,  4578, 13892, 55665, 33928,
        18270, 66045,  2589,  2942, 16843, 36569, 22325, 20561, 55755, 51946,
        72001, 57998,  1355, 47872, 56380, 47609, 42060, 56413, 74773, 19463,
         2212, 76084, 33412, 32887, 83236, 49216, 78542, 61824, 74833, 31347,
        82632, 69919, 39311, 38201, 42630, 70294, 55473,  1857,  8344, 55770,
        66275, 71743, 48376, 71065, 35201, 11102, 29579, 79776, 86639, 87701,
        78213, 82140, 79010, 68588, 30540, 74053, 68118, 55167, 52134,  3235,
        86979, 42397, 40637, 50960, 70559, 88424, 31127, 58445, 60873,  5387,
        38423, 42022, 61775, 84600, 28519, 51408, 79809, 61978, 12671, 52169,
         1887, 86239, 65686, 29437, 19862, 17151, 82906, 66288, 40233, 60869,
        39481, 54018, 85021, 67469,  6505, 19774, 45623, 76256, 57775, 48438,
        24020, 57268, 40626, 31525,  1579, 78383, 65433, 40399, 29819, 71202,
        77710, 32654, 40387, 64172, 12631, 28502, 60126, 60277, 68616,  4825,
        53107, 65368, 53235, 38357, 33676, 27212, 66505, 65797, 61202, 72772,
        69853, 73954,  3277,  5044, 38348, 83968, 46793,  1777, 20253, 86830],
       device='cuda:2')
tensor([    0,     2,     4,  ..., 89243, 89248, 89249], device='cuda:2')
Epoch 0, loss_inner: 1.94495, loss_target: 1.91450, homo loss: 0.77987 
acc_train_clean: 0.0587, ASR_train_attach: 1.0000, ASR_train_outter: 0.0000
Epoch 10, loss_inner: 1.68380, loss_target: 1.63641, homo loss: 0.07854 
acc_train_clean: 0.4226, ASR_train_attach: 1.0000, ASR_train_outter: 0.9967
Epoch 20, loss_inner: 1.61087, loss_target: 1.57739, homo loss: 0.07672 
acc_train_clean: 0.4243, ASR_train_attach: 1.0000, ASR_train_outter: 0.9923
Epoch 30, loss_inner: 1.59246, loss_target: 1.55191, homo loss: 0.07124 
acc_train_clean: 0.4236, ASR_train_attach: 1.0000, ASR_train_outter: 0.9934
Epoch 40, loss_inner: 1.58529, loss_target: 1.54541, homo loss: 0.06489 
acc_train_clean: 0.4243, ASR_train_attach: 1.0000, ASR_train_outter: 0.9814
Epoch 50, loss_inner: 1.57716, loss_target: 1.53648, homo loss: 0.05806 
acc_train_clean: 0.4243, ASR_train_attach: 1.0000, ASR_train_outter: 0.9846
Epoch 60, loss_inner: 1.57104, loss_target: 1.53018, homo loss: 0.05160 
acc_train_clean: 0.4243, ASR_train_attach: 1.0000, ASR_train_outter: 0.9901
Epoch 70, loss_inner: 1.56585, loss_target: 1.52541, homo loss: 0.04356 
acc_train_clean: 0.4243, ASR_train_attach: 1.0000, ASR_train_outter: 0.9901
Epoch 80, loss_inner: 1.56089, loss_target: 1.52029, homo loss: 0.04451 
acc_train_clean: 0.4240, ASR_train_attach: 1.0000, ASR_train_outter: 0.9901
Epoch 90, loss_inner: 1.55692, loss_target: 1.51656, homo loss: 0.03691 
acc_train_clean: 0.4245, ASR_train_attach: 1.0000, ASR_train_outter: 0.9901
Epoch 100, loss_inner: 1.55257, loss_target: 1.51209, homo loss: 0.03196 
acc_train_clean: 0.4246, ASR_train_attach: 1.0000, ASR_train_outter: 0.9901
Epoch 110, loss_inner: 1.54855, loss_target: 1.50897, homo loss: 0.02782 
acc_train_clean: 0.4254, ASR_train_attach: 1.0000, ASR_train_outter: 0.9879
Epoch 120, loss_inner: 1.54422, loss_target: 1.50417, homo loss: 0.02643 
acc_train_clean: 0.4261, ASR_train_attach: 1.0000, ASR_train_outter: 0.9901
Epoch 130, loss_inner: 1.53968, loss_target: 1.49994, homo loss: 0.06381 
acc_train_clean: 0.4275, ASR_train_attach: 1.0000, ASR_train_outter: 0.9934
Epoch 140, loss_inner: 1.53513, loss_target: 1.49518, homo loss: 0.06828 
acc_train_clean: 0.4280, ASR_train_attach: 1.0000, ASR_train_outter: 0.9945
Epoch 150, loss_inner: 1.53004, loss_target: 1.48986, homo loss: 0.06474 
acc_train_clean: 0.4303, ASR_train_attach: 1.0000, ASR_train_outter: 0.9967
Epoch 160, loss_inner: 1.52642, loss_target: 1.48707, homo loss: 0.04604 
acc_train_clean: 0.4325, ASR_train_attach: 1.0000, ASR_train_outter: 0.9934
Epoch 170, loss_inner: 1.52250, loss_target: 1.48317, homo loss: 0.03046 
acc_train_clean: 0.4354, ASR_train_attach: 1.0000, ASR_train_outter: 0.9956
Epoch 180, loss_inner: 1.51737, loss_target: 1.47822, homo loss: 0.02604 
acc_train_clean: 0.4399, ASR_train_attach: 1.0000, ASR_train_outter: 0.9967
Epoch 190, loss_inner: 1.51317, loss_target: 1.47511, homo loss: 0.02569 
acc_train_clean: 0.4446, ASR_train_attach: 1.0000, ASR_train_outter: 0.9934
Epoch 200, loss_inner: 1.51003, loss_target: 1.47167, homo loss: 0.02436 
acc_train_clean: 0.4469, ASR_train_attach: 1.0000, ASR_train_outter: 0.9967
Epoch 210, loss_inner: 1.50743, loss_target: 1.46974, homo loss: 0.02057 
acc_train_clean: 0.4477, ASR_train_attach: 1.0000, ASR_train_outter: 0.9923
Epoch 220, loss_inner: 1.50431, loss_target: 1.46655, homo loss: 0.01830 
acc_train_clean: 0.4503, ASR_train_attach: 1.0000, ASR_train_outter: 0.9956
Epoch 230, loss_inner: 1.50247, loss_target: 1.46469, homo loss: 0.01611 
acc_train_clean: 0.4519, ASR_train_attach: 1.0000, ASR_train_outter: 0.9945
Epoch 240, loss_inner: 1.61604, loss_target: 1.53696, homo loss: 0.07256 
acc_train_clean: 0.4494, ASR_train_attach: 0.0025, ASR_train_outter: 0.9638
Epoch 250, loss_inner: 1.56407, loss_target: 1.91575, homo loss: 0.07523 
acc_train_clean: 0.4433, ASR_train_attach: 1.0000, ASR_train_outter: 0.0000
Epoch 260, loss_inner: 1.56324, loss_target: 1.61238, homo loss: 0.07513 
acc_train_clean: 0.4547, ASR_train_attach: 0.9575, ASR_train_outter: 0.9934
Epoch 270, loss_inner: 1.53673, loss_target: 1.52206, homo loss: 0.07480 
acc_train_clean: 0.4505, ASR_train_attach: 1.0000, ASR_train_outter: 0.9956
Epoch 280, loss_inner: 1.51574, loss_target: 1.49488, homo loss: 0.05572 
acc_train_clean: 0.4430, ASR_train_attach: 1.0000, ASR_train_outter: 0.9857
Epoch 290, loss_inner: 1.51218, loss_target: 1.47974, homo loss: 0.05525 
acc_train_clean: 0.4440, ASR_train_attach: 1.0000, ASR_train_outter: 0.9846
Epoch 300, loss_inner: 1.51098, loss_target: 1.48026, homo loss: 0.05445 
acc_train_clean: 0.4447, ASR_train_attach: 0.9925, ASR_train_outter: 0.9868
Epoch 310, loss_inner: 1.51117, loss_target: 1.48308, homo loss: 0.05278 
acc_train_clean: 0.4461, ASR_train_attach: 0.9900, ASR_train_outter: 0.9825
Epoch 320, loss_inner: 1.51170, loss_target: 1.48469, homo loss: 0.06600 
acc_train_clean: 0.4460, ASR_train_attach: 0.9900, ASR_train_outter: 0.9868
Epoch 330, loss_inner: 1.51039, loss_target: 1.48085, homo loss: 0.06102 
acc_train_clean: 0.4459, ASR_train_attach: 0.9975, ASR_train_outter: 0.9934
Epoch 340, loss_inner: 1.50726, loss_target: 1.47124, homo loss: 0.05361 
acc_train_clean: 0.4458, ASR_train_attach: 1.0000, ASR_train_outter: 0.9967
Epoch 350, loss_inner: 1.50692, loss_target: 1.47025, homo loss: 0.05029 
acc_train_clean: 0.4484, ASR_train_attach: 1.0000, ASR_train_outter: 0.9956
Epoch 360, loss_inner: 1.50617, loss_target: 1.46790, homo loss: 0.03965 
acc_train_clean: 0.4483, ASR_train_attach: 1.0000, ASR_train_outter: 0.9978
Epoch 370, loss_inner: 1.50547, loss_target: 1.46783, homo loss: 0.03287 
acc_train_clean: 0.4458, ASR_train_attach: 1.0000, ASR_train_outter: 0.9967
Epoch 380, loss_inner: 1.50509, loss_target: 1.46797, homo loss: 0.05162 
acc_train_clean: 0.4478, ASR_train_attach: 1.0000, ASR_train_outter: 0.9989
Epoch 390, loss_inner: 1.50416, loss_target: 1.46687, homo loss: 0.03401 
acc_train_clean: 0.4484, ASR_train_attach: 1.0000, ASR_train_outter: 0.9978
load best weight based on the loss outter
precent of left attach nodes: 1.000
Namespace(cuda=True, dataset='Flickr', debug=True, defense_mode='none', device_id=2, dis_weight=0.0, dropout=0.5, epochs=200, evaluate_mode='1by1', hidden=64, homo_boost_thrd=0.8, homo_loss_weight=100.0, inner=1, lr=0.01, model='GCN', no_cuda=False, prune_thr=0.4, seed=265, selection_method='cluster_degree', target_class=0, target_loss_weight=1, test_model='GCN', thrd=0.5, train_lr=0.02, trigger_size=3, trojan_epochs=400, use_vs_number=True, vs_number=400, vs_ratio=0, weight_decay=0.0005)
target class rate on Vs: 1.0000
accuracy on clean test nodes: 0.4374
Overall ASR: 1.0000
Flip ASR: 1.0000/8360 nodes
Namespace(cuda=True, dataset='Flickr', debug=True, defense_mode='none', device_id=2, dis_weight=0.0, dropout=0.5, epochs=200, evaluate_mode='1by1', hidden=64, homo_boost_thrd=0.8, homo_loss_weight=100.0, inner=1, lr=0.01, model='GCN', no_cuda=False, prune_thr=0.4, seed=125, selection_method='cluster_degree', target_class=0, target_loss_weight=1, test_model='GCN', thrd=0.5, train_lr=0.02, trigger_size=3, trojan_epochs=400, use_vs_number=True, vs_number=400, vs_ratio=0, weight_decay=0.0005)
target class rate on Vs: 1.0000
accuracy on clean test nodes: 0.4403
Overall ASR: 1.0000
Flip ASR: 1.0000/8360 nodes
Namespace(cuda=True, dataset='Flickr', debug=True, defense_mode='none', device_id=2, dis_weight=0.0, dropout=0.5, epochs=200, evaluate_mode='1by1', hidden=64, homo_boost_thrd=0.8, homo_loss_weight=100.0, inner=1, lr=0.01, model='GCN', no_cuda=False, prune_thr=0.4, seed=996, selection_method='cluster_degree', target_class=0, target_loss_weight=1, test_model='GCN', thrd=0.5, train_lr=0.02, trigger_size=3, trojan_epochs=400, use_vs_number=True, vs_number=400, vs_ratio=0, weight_decay=0.0005)
target class rate on Vs: 1.0000
accuracy on clean test nodes: 0.4372
Overall ASR: 1.0000
Flip ASR: 1.0000/8360 nodes
Namespace(cuda=True, dataset='Flickr', debug=True, defense_mode='none', device_id=2, dis_weight=0.0, dropout=0.5, epochs=200, evaluate_mode='1by1', hidden=64, homo_boost_thrd=0.8, homo_loss_weight=100.0, inner=1, lr=0.01, model='GCN', no_cuda=False, prune_thr=0.4, seed=527, selection_method='cluster_degree', target_class=0, target_loss_weight=1, test_model='GCN', thrd=0.5, train_lr=0.02, trigger_size=3, trojan_epochs=400, use_vs_number=True, vs_number=400, vs_ratio=0, weight_decay=0.0005)
target class rate on Vs: 1.0000
accuracy on clean test nodes: 0.4362
Overall ASR: 1.0000
Flip ASR: 1.0000/8360 nodes
Namespace(cuda=True, dataset='Flickr', debug=True, defense_mode='none', device_id=2, dis_weight=0.0, dropout=0.5, epochs=200, evaluate_mode='1by1', hidden=64, homo_boost_thrd=0.8, homo_loss_weight=100.0, inner=1, lr=0.01, model='GCN', no_cuda=False, prune_thr=0.4, seed=320, selection_method='cluster_degree', target_class=0, target_loss_weight=1, test_model='GCN', thrd=0.5, train_lr=0.02, trigger_size=3, trojan_epochs=400, use_vs_number=True, vs_number=400, vs_ratio=0, weight_decay=0.0005)
target class rate on Vs: 1.0000
accuracy on clean test nodes: 0.4324
Overall ASR: 1.0000
Flip ASR: 1.0000/8360 nodes
Overall ASR: 1.0000 (GCN model, Seed: 320)
Overall Clean Accuracy: 0.4367
Namespace(cuda=True, dataset='Flickr', debug=True, defense_mode='none', device_id=2, dis_weight=0.0, dropout=0.5, epochs=200, evaluate_mode='1by1', hidden=64, homo_boost_thrd=0.8, homo_loss_weight=100.0, inner=1, lr=0.01, model='GCN', no_cuda=False, prune_thr=0.4, seed=781, selection_method='cluster_degree', target_class=0, target_loss_weight=1, test_model='GAT', thrd=0.5, train_lr=0.02, trigger_size=3, trojan_epochs=400, use_vs_number=True, vs_number=400, vs_ratio=0, weight_decay=0.0005)
target class rate on Vs: 1.0000
accuracy on clean test nodes: 0.4350
Overall ASR: 1.0000
Flip ASR: 1.0000/8360 nodes
Namespace(cuda=True, dataset='Flickr', debug=True, defense_mode='none', device_id=2, dis_weight=0.0, dropout=0.5, epochs=200, evaluate_mode='1by1', hidden=64, homo_boost_thrd=0.8, homo_loss_weight=100.0, inner=1, lr=0.01, model='GCN', no_cuda=False, prune_thr=0.4, seed=706, selection_method='cluster_degree', target_class=0, target_loss_weight=1, test_model='GAT', thrd=0.5, train_lr=0.02, trigger_size=3, trojan_epochs=400, use_vs_number=True, vs_number=400, vs_ratio=0, weight_decay=0.0005)
target class rate on Vs: 1.0000
accuracy on clean test nodes: 0.4403
Overall ASR: 1.0000
Flip ASR: 1.0000/8360 nodes
Namespace(cuda=True, dataset='Flickr', debug=True, defense_mode='none', device_id=2, dis_weight=0.0, dropout=0.5, epochs=200, evaluate_mode='1by1', hidden=64, homo_boost_thrd=0.8, homo_loss_weight=100.0, inner=1, lr=0.01, model='GCN', no_cuda=False, prune_thr=0.4, seed=778, selection_method='cluster_degree', target_class=0, target_loss_weight=1, test_model='GAT', thrd=0.5, train_lr=0.02, trigger_size=3, trojan_epochs=400, use_vs_number=True, vs_number=400, vs_ratio=0, weight_decay=0.0005)
target class rate on Vs: 1.0000
accuracy on clean test nodes: 0.4354
Overall ASR: 1.0000
Flip ASR: 1.0000/8360 nodes
Namespace(cuda=True, dataset='Flickr', debug=True, defense_mode='none', device_id=2, dis_weight=0.0, dropout=0.5, epochs=200, evaluate_mode='1by1', hidden=64, homo_boost_thrd=0.8, homo_loss_weight=100.0, inner=1, lr=0.01, model='GCN', no_cuda=False, prune_thr=0.4, seed=604, selection_method='cluster_degree', target_class=0, target_loss_weight=1, test_model='GAT', thrd=0.5, train_lr=0.02, trigger_size=3, trojan_epochs=400, use_vs_number=True, vs_number=400, vs_ratio=0, weight_decay=0.0005)
target class rate on Vs: 1.0000
accuracy on clean test nodes: 0.4344
Overall ASR: 0.9845
Flip ASR: 0.9841/8360 nodes
Namespace(cuda=True, dataset='Flickr', debug=True, defense_mode='none', device_id=2, dis_weight=0.0, dropout=0.5, epochs=200, evaluate_mode='1by1', hidden=64, homo_boost_thrd=0.8, homo_loss_weight=100.0, inner=1, lr=0.01, model='GCN', no_cuda=False, prune_thr=0.4, seed=133, selection_method='cluster_degree', target_class=0, target_loss_weight=1, test_model='GAT', thrd=0.5, train_lr=0.02, trigger_size=3, trojan_epochs=400, use_vs_number=True, vs_number=400, vs_ratio=0, weight_decay=0.0005)
target class rate on Vs: 1.0000
accuracy on clean test nodes: 0.4529
Overall ASR: 1.0000
Flip ASR: 1.0000/8360 nodes
Overall ASR: 0.9969 (GAT model, Seed: 133)
Overall Clean Accuracy: 0.4396
run_adaptive.py:8: DeprecationWarning: the imp module is deprecated in favour of importlib; see the module's documentation for alternative uses
  import imp
/home/project-graph-backdoor/Backdoor/models/GAT.py:61: UserWarning: To copy construct from a tensor, it is recommended to use sourceTensor.clone().detach() or sourceTensor.clone().detach().requires_grad_(True), rather than torch.tensor(sourceTensor).
  self.labels = torch.tensor(labels, dtype=torch.long)
Namespace(cuda=True, dataset='Flickr', debug=True, defense_mode='none', device_id=2, dis_weight=0.0, dropout=0.5, epochs=200, evaluate_mode='1by1', hidden=64, homo_boost_thrd=0.8, homo_loss_weight=100.0, inner=1, lr=0.01, model='GCN', no_cuda=False, prune_thr=0.4, seed=673, selection_method='cluster_degree', target_class=0, target_loss_weight=1, test_model='GraphSage', thrd=0.5, train_lr=0.02, trigger_size=3, trojan_epochs=400, use_vs_number=True, vs_number=400, vs_ratio=0, weight_decay=0.0005)
target class rate on Vs: 1.0000
accuracy on clean test nodes: 0.4746
Overall ASR: 0.9918
Flip ASR: 0.9915/8360 nodes
Namespace(cuda=True, dataset='Flickr', debug=True, defense_mode='none', device_id=2, dis_weight=0.0, dropout=0.5, epochs=200, evaluate_mode='1by1', hidden=64, homo_boost_thrd=0.8, homo_loss_weight=100.0, inner=1, lr=0.01, model='GCN', no_cuda=False, prune_thr=0.4, seed=904, selection_method='cluster_degree', target_class=0, target_loss_weight=1, test_model='GraphSage', thrd=0.5, train_lr=0.02, trigger_size=3, trojan_epochs=400, use_vs_number=True, vs_number=400, vs_ratio=0, weight_decay=0.0005)
target class rate on Vs: 1.0000
accuracy on clean test nodes: 0.4744
Overall ASR: 0.9920
Flip ASR: 0.9917/8360 nodes
Namespace(cuda=True, dataset='Flickr', debug=True, defense_mode='none', device_id=2, dis_weight=0.0, dropout=0.5, epochs=200, evaluate_mode='1by1', hidden=64, homo_boost_thrd=0.8, homo_loss_weight=100.0, inner=1, lr=0.01, model='GCN', no_cuda=False, prune_thr=0.4, seed=56, selection_method='cluster_degree', target_class=0, target_loss_weight=1, test_model='GraphSage', thrd=0.5, train_lr=0.02, trigger_size=3, trojan_epochs=400, use_vs_number=True, vs_number=400, vs_ratio=0, weight_decay=0.0005)
target class rate on Vs: 1.0000
accuracy on clean test nodes: 0.4781
Overall ASR: 0.9934
Flip ASR: 0.9932/8360 nodes
Namespace(cuda=True, dataset='Flickr', debug=True, defense_mode='none', device_id=2, dis_weight=0.0, dropout=0.5, epochs=200, evaluate_mode='1by1', hidden=64, homo_boost_thrd=0.8, homo_loss_weight=100.0, inner=1, lr=0.01, model='GCN', no_cuda=False, prune_thr=0.4, seed=1, selection_method='cluster_degree', target_class=0, target_loss_weight=1, test_model='GraphSage', thrd=0.5, train_lr=0.02, trigger_size=3, trojan_epochs=400, use_vs_number=True, vs_number=400, vs_ratio=0, weight_decay=0.0005)
target class rate on Vs: 1.0000
accuracy on clean test nodes: 0.4753
Overall ASR: 0.9911
Flip ASR: 0.9908/8360 nodes
Namespace(cuda=True, dataset='Flickr', debug=True, defense_mode='none', device_id=2, dis_weight=0.0, dropout=0.5, epochs=200, evaluate_mode='1by1', hidden=64, homo_boost_thrd=0.8, homo_loss_weight=100.0, inner=1, lr=0.01, model='GCN', no_cuda=False, prune_thr=0.4, seed=694, selection_method='cluster_degree', target_class=0, target_loss_weight=1, test_model='GraphSage', thrd=0.5, train_lr=0.02, trigger_size=3, trojan_epochs=400, use_vs_number=True, vs_number=400, vs_ratio=0, weight_decay=0.0005)
target class rate on Vs: 1.0000
accuracy on clean test nodes: 0.4808
Overall ASR: 0.9880
Flip ASR: 0.9874/8360 nodes
Overall ASR: 0.9913 (GraphSage model, Seed: 694)
Overall Clean Accuracy: 0.4766
Total Overall ASR: 0.9961 
Total Clean Accuracy: 0.4510
