nohup: ignoring input
Namespace(cuda=True, dataset='Flickr', debug=True, defense_mode='none', device_id=1, dis_weight=0.0, dropout=0.5, epochs=200, evaluate_mode='1by1', hidden=64, homo_boost_thrd=0.8, homo_loss_weight=100.0, inner=1, lr=0.01, model='GCN', no_cuda=False, prune_thr=0.4, seed=10, selection_method='cluster_degree', target_class=0, target_loss_weight=1, test_model='GCN', thrd=0.5, train_lr=0.02, trigger_size=3, trojan_epochs=400, use_vs_number=True, vs_number=80, vs_ratio=0, weight_decay=0.0005)
#Attach Nodes:80
Length of training set: 17850
=== training gcn model ===
Epoch 0, training loss: 1.9063736200332642
acc_val: 0.4119
Epoch 10, training loss: 1.6157363653182983
acc_val: 0.4119
Epoch 20, training loss: 1.5814859867095947
acc_val: 0.4119
Epoch 30, training loss: 1.577780842781067
acc_val: 0.4118
Epoch 40, training loss: 1.5740841627120972
acc_val: 0.4120
Epoch 50, training loss: 1.569175124168396
acc_val: 0.4138
Epoch 60, training loss: 1.5642285346984863
acc_val: 0.4158
Epoch 70, training loss: 1.5543851852416992
acc_val: 0.4211
Epoch 80, training loss: 1.5378886461257935
acc_val: 0.4686
Epoch 90, training loss: 1.524483323097229
acc_val: 0.4707
Epoch 100, training loss: 1.5203152894973755
acc_val: 0.4699
Epoch 110, training loss: 1.5094249248504639
acc_val: 0.4769
Epoch 120, training loss: 1.508228063583374
acc_val: 0.4839
Epoch 130, training loss: 1.5094963312149048
acc_val: 0.4844
Epoch 140, training loss: 1.503275752067566
acc_val: 0.4871
Epoch 150, training loss: 1.5047777891159058
acc_val: 0.4726
Epoch 160, training loss: 1.5025609731674194
acc_val: 0.4804
Epoch 170, training loss: 1.4957023859024048
acc_val: 0.4900
Epoch 180, training loss: 1.4987493753433228
acc_val: 0.4922
Epoch 190, training loss: 1.4955118894577026
acc_val: 0.4920
=== picking the best model according to the performance on validation ===
Training encoder Finished!
Total time elapsed: 3.9068s
Encoder CA on clean test nodes: 0.4932
[5 1 2 ... 2 0 6]
idx_attach: tensor([58269, 45897, 16817, 82888, 17749, 60813, 26791, 27540, 24365, 45603,
        87433, 76218, 44356, 29374,  6393, 31246, 88515, 18711, 26421, 69360,
        65499, 56626, 40438, 39493, 84033, 21553, 30085, 63475, 27222, 13291,
        60823, 52837, 61852, 72932, 25029,  7276, 86813, 74294, 74654, 22484,
        14815, 52643, 86353,  1518, 64336, 77612, 22729, 75501, 70384, 70471,
         1845, 37212, 84285, 74210, 81676, 33802,  9435, 67027,  5513, 55287,
        71386, 45870, 36048, 71235, 53465, 71394, 36406, 68665, 15197, 73769,
        19409, 38767, 34865, 47306, 66607, 55459, 58341, 79594, 80378, 20461],
       device='cuda:1')
tensor([    0,     2,     4,  ..., 89243, 89248, 89249], device='cuda:1')
Epoch 0, loss_inner: 1.94746, loss_target: 1.92291, homo loss: 0.81004 
acc_train_clean: 0.0626, ASR_train_attach: 0.0000, ASR_train_outter: 0.0000
Epoch 10, loss_inner: 1.70580, loss_target: 1.91843, homo loss: 0.08250 
acc_train_clean: 0.4243, ASR_train_attach: 0.0000, ASR_train_outter: 0.0000
Epoch 20, loss_inner: 1.63458, loss_target: 1.60685, homo loss: 0.06191 
acc_train_clean: 0.4232, ASR_train_attach: 1.0000, ASR_train_outter: 0.9865
Epoch 30, loss_inner: 1.61938, loss_target: 1.58208, homo loss: 0.05860 
acc_train_clean: 0.4243, ASR_train_attach: 1.0000, ASR_train_outter: 0.9679
Epoch 40, loss_inner: 1.61209, loss_target: 1.57545, homo loss: 0.05619 
acc_train_clean: 0.4243, ASR_train_attach: 1.0000, ASR_train_outter: 0.9476
Epoch 50, loss_inner: 1.60498, loss_target: 1.56656, homo loss: 0.05308 
acc_train_clean: 0.4243, ASR_train_attach: 1.0000, ASR_train_outter: 0.9611
Epoch 60, loss_inner: 1.59892, loss_target: 1.56140, homo loss: 0.06569 
acc_train_clean: 0.4243, ASR_train_attach: 1.0000, ASR_train_outter: 0.9561
Epoch 70, loss_inner: 1.59406, loss_target: 1.55617, homo loss: 0.05844 
acc_train_clean: 0.4243, ASR_train_attach: 1.0000, ASR_train_outter: 0.9561
Epoch 80, loss_inner: 1.58974, loss_target: 1.55202, homo loss: 0.04939 
acc_train_clean: 0.4241, ASR_train_attach: 1.0000, ASR_train_outter: 0.9595
Epoch 90, loss_inner: 1.58565, loss_target: 1.54741, homo loss: 0.04179 
acc_train_clean: 0.4245, ASR_train_attach: 1.0000, ASR_train_outter: 0.9628
Epoch 100, loss_inner: 1.58206, loss_target: 1.54477, homo loss: 0.04046 
acc_train_clean: 0.4246, ASR_train_attach: 1.0000, ASR_train_outter: 0.9595
Epoch 110, loss_inner: 1.57844, loss_target: 1.53840, homo loss: 0.04047 
acc_train_clean: 0.4249, ASR_train_attach: 1.0000, ASR_train_outter: 0.9764
Epoch 120, loss_inner: 1.57524, loss_target: 1.53604, homo loss: 0.03455 
acc_train_clean: 0.4252, ASR_train_attach: 1.0000, ASR_train_outter: 0.9713
Epoch 130, loss_inner: 1.57209, loss_target: 1.53379, homo loss: 0.03074 
acc_train_clean: 0.4255, ASR_train_attach: 1.0000, ASR_train_outter: 0.9628
Epoch 140, loss_inner: 1.56886, loss_target: 1.53132, homo loss: 0.02778 
acc_train_clean: 0.4259, ASR_train_attach: 1.0000, ASR_train_outter: 0.9595
Epoch 150, loss_inner: 1.56571, loss_target: 1.52991, homo loss: 0.02552 
acc_train_clean: 0.4263, ASR_train_attach: 1.0000, ASR_train_outter: 0.9459
Epoch 160, loss_inner: 1.56217, loss_target: 1.52367, homo loss: 0.05369 
acc_train_clean: 0.4269, ASR_train_attach: 1.0000, ASR_train_outter: 0.9476
Epoch 170, loss_inner: 1.55931, loss_target: 1.52868, homo loss: 0.03818 
acc_train_clean: 0.4276, ASR_train_attach: 0.9750, ASR_train_outter: 0.8885
Epoch 180, loss_inner: 1.55671, loss_target: 1.52395, homo loss: 0.02636 
acc_train_clean: 0.4287, ASR_train_attach: 0.9750, ASR_train_outter: 0.8986
Epoch 190, loss_inner: 1.55326, loss_target: 1.51917, homo loss: 0.02293 
acc_train_clean: 0.4300, ASR_train_attach: 1.0000, ASR_train_outter: 0.9088
Epoch 200, loss_inner: 1.54946, loss_target: 1.51588, homo loss: 0.02041 
acc_train_clean: 0.4314, ASR_train_attach: 0.9875, ASR_train_outter: 0.9139
Epoch 210, loss_inner: 1.54610, loss_target: 1.51187, homo loss: 0.01813 
acc_train_clean: 0.4342, ASR_train_attach: 1.0000, ASR_train_outter: 0.9257
Epoch 220, loss_inner: 1.54318, loss_target: 1.51168, homo loss: 0.01823 
acc_train_clean: 0.4374, ASR_train_attach: 0.9875, ASR_train_outter: 0.8953
Epoch 230, loss_inner: 1.54001, loss_target: 1.50524, homo loss: 0.02986 
acc_train_clean: 0.4412, ASR_train_attach: 1.0000, ASR_train_outter: 0.9307
Epoch 240, loss_inner: 1.53751, loss_target: 1.50381, homo loss: 0.02954 
acc_train_clean: 0.4427, ASR_train_attach: 1.0000, ASR_train_outter: 0.9291
Epoch 250, loss_inner: 1.53542, loss_target: 1.50197, homo loss: 0.02139 
acc_train_clean: 0.4429, ASR_train_attach: 1.0000, ASR_train_outter: 0.9358
Epoch 260, loss_inner: 1.53417, loss_target: 1.50600, homo loss: 0.01365 
acc_train_clean: 0.4442, ASR_train_attach: 0.9875, ASR_train_outter: 0.8902
Epoch 270, loss_inner: 1.53247, loss_target: 1.50028, homo loss: 0.00995 
acc_train_clean: 0.4460, ASR_train_attach: 0.9875, ASR_train_outter: 0.9206
Epoch 280, loss_inner: 1.52999, loss_target: 1.49846, homo loss: 0.00726 
acc_train_clean: 0.4491, ASR_train_attach: 0.9750, ASR_train_outter: 0.9155
Epoch 290, loss_inner: 1.52863, loss_target: 1.50100, homo loss: 0.00548 
acc_train_clean: 0.4503, ASR_train_attach: 0.9625, ASR_train_outter: 0.8834
Epoch 300, loss_inner: 1.52673, loss_target: 1.49245, homo loss: 0.01635 
acc_train_clean: 0.4511, ASR_train_attach: 1.0000, ASR_train_outter: 0.9459
Epoch 310, loss_inner: 1.52722, loss_target: 1.50412, homo loss: 0.01322 
acc_train_clean: 0.4515, ASR_train_attach: 0.9375, ASR_train_outter: 0.8682
Epoch 320, loss_inner: 1.52845, loss_target: 1.52029, homo loss: 0.00528 
acc_train_clean: 0.4515, ASR_train_attach: 0.8250, ASR_train_outter: 0.7686
Epoch 330, loss_inner: 1.52537, loss_target: 1.51421, homo loss: 0.00217 
acc_train_clean: 0.4532, ASR_train_attach: 0.9250, ASR_train_outter: 0.8091
Epoch 340, loss_inner: 1.52330, loss_target: 1.49915, homo loss: 0.00069 
acc_train_clean: 0.4557, ASR_train_attach: 0.9875, ASR_train_outter: 0.8733
Epoch 350, loss_inner: 1.52241, loss_target: 1.49293, homo loss: 0.00007 
acc_train_clean: 0.4559, ASR_train_attach: 1.0000, ASR_train_outter: 0.9189
Epoch 360, loss_inner: 1.52149, loss_target: 1.48939, homo loss: 0.00013 
acc_train_clean: 0.4566, ASR_train_attach: 1.0000, ASR_train_outter: 0.9375
Epoch 370, loss_inner: 1.52151, loss_target: 1.49419, homo loss: 0.00394 
acc_train_clean: 0.4545, ASR_train_attach: 0.9875, ASR_train_outter: 0.8970
Epoch 380, loss_inner: 1.52371, loss_target: 1.50773, homo loss: 0.01086 
acc_train_clean: 0.4533, ASR_train_attach: 0.8125, ASR_train_outter: 0.8041
Epoch 390, loss_inner: 1.52318, loss_target: 1.50757, homo loss: 0.00255 
acc_train_clean: 0.4546, ASR_train_attach: 0.8875, ASR_train_outter: 0.8226
load best weight based on the loss outter
precent of left attach nodes: 1.000
Namespace(cuda=True, dataset='Flickr', debug=True, defense_mode='none', device_id=1, dis_weight=0.0, dropout=0.5, epochs=200, evaluate_mode='1by1', hidden=64, homo_boost_thrd=0.8, homo_loss_weight=100.0, inner=1, lr=0.01, model='GCN', no_cuda=False, prune_thr=0.4, seed=265, selection_method='cluster_degree', target_class=0, target_loss_weight=1, test_model='GCN', thrd=0.5, train_lr=0.02, trigger_size=3, trojan_epochs=400, use_vs_number=True, vs_number=80, vs_ratio=0, weight_decay=0.0005)
target class rate on Vs: 0.9875
accuracy on clean test nodes: 0.4562
Overall ASR: 0.9209
Flip ASR: 0.9200/8360 nodes
Namespace(cuda=True, dataset='Flickr', debug=True, defense_mode='none', device_id=1, dis_weight=0.0, dropout=0.5, epochs=200, evaluate_mode='1by1', hidden=64, homo_boost_thrd=0.8, homo_loss_weight=100.0, inner=1, lr=0.01, model='GCN', no_cuda=False, prune_thr=0.4, seed=125, selection_method='cluster_degree', target_class=0, target_loss_weight=1, test_model='GCN', thrd=0.5, train_lr=0.02, trigger_size=3, trojan_epochs=400, use_vs_number=True, vs_number=80, vs_ratio=0, weight_decay=0.0005)
target class rate on Vs: 1.0000
accuracy on clean test nodes: 0.4487
Overall ASR: 0.9551
Flip ASR: 0.9550/8360 nodes
Namespace(cuda=True, dataset='Flickr', debug=True, defense_mode='none', device_id=1, dis_weight=0.0, dropout=0.5, epochs=200, evaluate_mode='1by1', hidden=64, homo_boost_thrd=0.8, homo_loss_weight=100.0, inner=1, lr=0.01, model='GCN', no_cuda=False, prune_thr=0.4, seed=996, selection_method='cluster_degree', target_class=0, target_loss_weight=1, test_model='GCN', thrd=0.5, train_lr=0.02, trigger_size=3, trojan_epochs=400, use_vs_number=True, vs_number=80, vs_ratio=0, weight_decay=0.0005)
target class rate on Vs: 1.0000
accuracy on clean test nodes: 0.4533
Overall ASR: 0.9784
Flip ASR: 0.9788/8360 nodes
Namespace(cuda=True, dataset='Flickr', debug=True, defense_mode='none', device_id=1, dis_weight=0.0, dropout=0.5, epochs=200, evaluate_mode='1by1', hidden=64, homo_boost_thrd=0.8, homo_loss_weight=100.0, inner=1, lr=0.01, model='GCN', no_cuda=False, prune_thr=0.4, seed=527, selection_method='cluster_degree', target_class=0, target_loss_weight=1, test_model='GCN', thrd=0.5, train_lr=0.02, trigger_size=3, trojan_epochs=400, use_vs_number=True, vs_number=80, vs_ratio=0, weight_decay=0.0005)
target class rate on Vs: 1.0000
accuracy on clean test nodes: 0.4520
Overall ASR: 0.9563
Flip ASR: 0.9562/8360 nodes
Namespace(cuda=True, dataset='Flickr', debug=True, defense_mode='none', device_id=1, dis_weight=0.0, dropout=0.5, epochs=200, evaluate_mode='1by1', hidden=64, homo_boost_thrd=0.8, homo_loss_weight=100.0, inner=1, lr=0.01, model='GCN', no_cuda=False, prune_thr=0.4, seed=320, selection_method='cluster_degree', target_class=0, target_loss_weight=1, test_model='GCN', thrd=0.5, train_lr=0.02, trigger_size=3, trojan_epochs=400, use_vs_number=True, vs_number=80, vs_ratio=0, weight_decay=0.0005)
target class rate on Vs: 1.0000
accuracy on clean test nodes: 0.4521
Overall ASR: 0.9498
Flip ASR: 0.9496/8360 nodes
Overall ASR: 0.9521 (GCN model, Seed: 320)
Overall Clean Accuracy: 0.4525
Namespace(cuda=True, dataset='Flickr', debug=True, defense_mode='none', device_id=1, dis_weight=0.0, dropout=0.5, epochs=200, evaluate_mode='1by1', hidden=64, homo_boost_thrd=0.8, homo_loss_weight=100.0, inner=1, lr=0.01, model='GCN', no_cuda=False, prune_thr=0.4, seed=781, selection_method='cluster_degree', target_class=0, target_loss_weight=1, test_model='GAT', thrd=0.5, train_lr=0.02, trigger_size=3, trojan_epochs=400, use_vs_number=True, vs_number=80, vs_ratio=0, weight_decay=0.0005)
target class rate on Vs: 0.8500
accuracy on clean test nodes: 0.4582
Overall ASR: 0.7705
Flip ASR: 0.7681/8360 nodes
Namespace(cuda=True, dataset='Flickr', debug=True, defense_mode='none', device_id=1, dis_weight=0.0, dropout=0.5, epochs=200, evaluate_mode='1by1', hidden=64, homo_boost_thrd=0.8, homo_loss_weight=100.0, inner=1, lr=0.01, model='GCN', no_cuda=False, prune_thr=0.4, seed=706, selection_method='cluster_degree', target_class=0, target_loss_weight=1, test_model='GAT', thrd=0.5, train_lr=0.02, trigger_size=3, trojan_epochs=400, use_vs_number=True, vs_number=80, vs_ratio=0, weight_decay=0.0005)
target class rate on Vs: 0.8500
accuracy on clean test nodes: 0.4618
Overall ASR: 0.7900
Flip ASR: 0.7880/8360 nodes
Namespace(cuda=True, dataset='Flickr', debug=True, defense_mode='none', device_id=1, dis_weight=0.0, dropout=0.5, epochs=200, evaluate_mode='1by1', hidden=64, homo_boost_thrd=0.8, homo_loss_weight=100.0, inner=1, lr=0.01, model='GCN', no_cuda=False, prune_thr=0.4, seed=778, selection_method='cluster_degree', target_class=0, target_loss_weight=1, test_model='GAT', thrd=0.5, train_lr=0.02, trigger_size=3, trojan_epochs=400, use_vs_number=True, vs_number=80, vs_ratio=0, weight_decay=0.0005)
target class rate on Vs: 0.8500
accuracy on clean test nodes: 0.4397
Overall ASR: 0.7871
Flip ASR: 0.7848/8360 nodes
Namespace(cuda=True, dataset='Flickr', debug=True, defense_mode='none', device_id=1, dis_weight=0.0, dropout=0.5, epochs=200, evaluate_mode='1by1', hidden=64, homo_boost_thrd=0.8, homo_loss_weight=100.0, inner=1, lr=0.01, model='GCN', no_cuda=False, prune_thr=0.4, seed=604, selection_method='cluster_degree', target_class=0, target_loss_weight=1, test_model='GAT', thrd=0.5, train_lr=0.02, trigger_size=3, trojan_epochs=400, use_vs_number=True, vs_number=80, vs_ratio=0, weight_decay=0.0005)
target class rate on Vs: 0.9250
accuracy on clean test nodes: 0.4604
Overall ASR: 0.8675
Flip ASR: 0.8656/8360 nodes
Namespace(cuda=True, dataset='Flickr', debug=True, defense_mode='none', device_id=1, dis_weight=0.0, dropout=0.5, epochs=200, evaluate_mode='1by1', hidden=64, homo_boost_thrd=0.8, homo_loss_weight=100.0, inner=1, lr=0.01, model='GCN', no_cuda=False, prune_thr=0.4, seed=133, selection_method='cluster_degree', target_class=0, target_loss_weight=1, test_model='GAT', thrd=0.5, train_lr=0.02, trigger_size=3, trojan_epochs=400, use_vs_number=True, vs_number=80, vs_ratio=0, weight_decay=0.0005)
target class rate on Vs: 0.9250
accuracy on clean test nodes: 0.4638
Overall ASR: 0.8610
Flip ASR: 0.8587/8360 nodes
Overall ASR: 0.8152 (GAT model, Seed: 133)
Overall Clean Accuracy: 0.4568
Namespace(cuda=True, dataset='Flickr', debug=True, defense_mode='none', device_id=1, dis_weight=0.0, dropout=0.5, epochs=200, evaluate_mode='1by1', hidden=64, homo_boost_thrd=0.8, homo_loss_weight=100.0, inner=1, lr=0.01, model='GCN', no_cuda=False, prune_thr=0.4, seed=673, selection_method='cluster_degree', target_class=0, target_loss_weight=1, test_model='GraphSage', thrd=0.5, train_lr=0.02, trigger_size=3, trojan_epochs=400, use_vs_number=True, vs_number=80, vs_ratio=0, weight_decay=0.0005)
target class rate on Vs: 1.0000
accuracy on clean test nodes: 0.4801
Overall ASR: 0.9542
Flip ASR: 0.9535/8360 nodes
Namespace(cuda=True, dataset='Flickr', debug=True, defense_mode='none', device_id=1, dis_weight=0.0, dropout=0.5, epochs=200, evaluate_mode='1by1', hidden=64, homo_boost_thrd=0.8, homo_loss_weight=100.0, inner=1, lr=0.01, model='GCN', no_cuda=False, prune_thr=0.4, seed=904, selection_method='cluster_degree', target_class=0, target_loss_weight=1, test_model='GraphSage', thrd=0.5, train_lr=0.02, trigger_size=3, trojan_epochs=400, use_vs_number=True, vs_number=80, vs_ratio=0, weight_decay=0.0005)
target class rate on Vs: 0.9875
accuracy on clean test nodes: 0.4789
Overall ASR: 0.9620
Flip ASR: 0.9617/8360 nodes
run_adaptive.py:8: DeprecationWarning: the imp module is deprecated in favour of importlib; see the module's documentation for alternative uses
  import imp
/home/project-graph-backdoor/Backdoor/models/GAT.py:61: UserWarning: To copy construct from a tensor, it is recommended to use sourceTensor.clone().detach() or sourceTensor.clone().detach().requires_grad_(True), rather than torch.tensor(sourceTensor).
  self.labels = torch.tensor(labels, dtype=torch.long)
Namespace(cuda=True, dataset='Flickr', debug=True, defense_mode='none', device_id=1, dis_weight=0.0, dropout=0.5, epochs=200, evaluate_mode='1by1', hidden=64, homo_boost_thrd=0.8, homo_loss_weight=100.0, inner=1, lr=0.01, model='GCN', no_cuda=False, prune_thr=0.4, seed=56, selection_method='cluster_degree', target_class=0, target_loss_weight=1, test_model='GraphSage', thrd=0.5, train_lr=0.02, trigger_size=3, trojan_epochs=400, use_vs_number=True, vs_number=80, vs_ratio=0, weight_decay=0.0005)
target class rate on Vs: 0.9875
accuracy on clean test nodes: 0.4750
Overall ASR: 0.9619
Flip ASR: 0.9614/8360 nodes
Namespace(cuda=True, dataset='Flickr', debug=True, defense_mode='none', device_id=1, dis_weight=0.0, dropout=0.5, epochs=200, evaluate_mode='1by1', hidden=64, homo_boost_thrd=0.8, homo_loss_weight=100.0, inner=1, lr=0.01, model='GCN', no_cuda=False, prune_thr=0.4, seed=1, selection_method='cluster_degree', target_class=0, target_loss_weight=1, test_model='GraphSage', thrd=0.5, train_lr=0.02, trigger_size=3, trojan_epochs=400, use_vs_number=True, vs_number=80, vs_ratio=0, weight_decay=0.0005)
target class rate on Vs: 0.9875
accuracy on clean test nodes: 0.4792
Overall ASR: 0.9445
Flip ASR: 0.9435/8360 nodes
Namespace(cuda=True, dataset='Flickr', debug=True, defense_mode='none', device_id=1, dis_weight=0.0, dropout=0.5, epochs=200, evaluate_mode='1by1', hidden=64, homo_boost_thrd=0.8, homo_loss_weight=100.0, inner=1, lr=0.01, model='GCN', no_cuda=False, prune_thr=0.4, seed=694, selection_method='cluster_degree', target_class=0, target_loss_weight=1, test_model='GraphSage', thrd=0.5, train_lr=0.02, trigger_size=3, trojan_epochs=400, use_vs_number=True, vs_number=80, vs_ratio=0, weight_decay=0.0005)
target class rate on Vs: 0.9875
accuracy on clean test nodes: 0.4806
Overall ASR: 0.9338
Flip ASR: 0.9329/8360 nodes
Overall ASR: 0.9513 (GraphSage model, Seed: 694)
Overall Clean Accuracy: 0.4787
Total Overall ASR: 0.9062 
Total Clean Accuracy: 0.4627
