nohup: ignoring input
run_adaptive.py:8: DeprecationWarning: the imp module is deprecated in favour of importlib; see the module's documentation for alternative uses
  import imp
Namespace(cuda=True, dataset='Flickr', debug=True, defense_mode='none', device_id=2, dis_weight=0.0, dropout=0.5, epochs=200, evaluate_mode='1by1', hidden=64, homo_boost_thrd=0.8, homo_loss_weight=100.0, inner=1, lr=0.01, model='GCN', no_cuda=False, prune_thr=0.4, seed=10, selection_method='cluster_degree', target_class=0, target_loss_weight=1, test_model='GCN', thrd=0.5, train_lr=0.02, trigger_size=2, trojan_epochs=1000, use_vs_number=True, vs_number=80, vs_ratio=0, weight_decay=0.0005)
#Attach Nodes:80
./selected_nodes/Flickr/Overall/seed10/nodes.txt
idx_attach: tensor([58269, 45897, 16817, 82888, 17749, 60813, 26791, 27540, 24365, 45603,
        87433, 76218, 44356, 29374,  6393, 31246, 88515, 18711, 26421, 69360,
        65499, 56626, 40438, 39493, 84033, 21553, 30085, 63475, 27222, 13291,
        60823, 52837, 61852, 72932, 25029,  7276, 86813, 74294, 74654, 22484,
        14815, 52643, 86353,  1518, 64336, 77612, 22729, 75501, 70384, 70471,
         1845, 37212, 84285, 74210, 81676, 33802,  9435, 67027,  5513, 55287,
        71386, 45870, 36048, 71235, 53465, 71394, 36406, 68665, 15197, 73769,
        19409, 38767, 34865, 47306, 66607, 55459, 58341, 79594, 80378, 20461],
       device='cuda:2')
tensor([    0,     2,     4,  ..., 89243, 89248, 89249], device='cuda:2')
Epoch 0, loss_inner: 1.94531, loss_target: 1.91555, homo loss: 0.82852 
acc_train_clean: 0.0587, ASR_train_attach: 0.8625, ASR_train_outter: 0.0000
Epoch 10, loss_inner: 1.72461, loss_target: 2.41121, homo loss: 0.12339 
acc_train_clean: 0.4243, ASR_train_attach: 0.0000, ASR_train_outter: 0.0000
Epoch 20, loss_inner: 1.63809, loss_target: 1.58333, homo loss: 0.11522 
acc_train_clean: 0.4235, ASR_train_attach: 1.0000, ASR_train_outter: 0.9909
Epoch 30, loss_inner: 1.62106, loss_target: 1.55717, homo loss: 0.10444 
acc_train_clean: 0.4243, ASR_train_attach: 1.0000, ASR_train_outter: 0.9266
Epoch 40, loss_inner: 1.61313, loss_target: 1.54418, homo loss: 0.09181 
acc_train_clean: 0.4243, ASR_train_attach: 1.0000, ASR_train_outter: 0.9303
Epoch 50, loss_inner: 1.60467, loss_target: 1.53303, homo loss: 0.07985 
acc_train_clean: 0.4243, ASR_train_attach: 1.0000, ASR_train_outter: 0.9484
Epoch 60, loss_inner: 1.59773, loss_target: 1.52748, homo loss: 0.06842 
acc_train_clean: 0.4243, ASR_train_attach: 1.0000, ASR_train_outter: 0.9457
Epoch 70, loss_inner: 1.59224, loss_target: 1.52155, homo loss: 0.05891 
acc_train_clean: 0.4244, ASR_train_attach: 1.0000, ASR_train_outter: 0.9447
Epoch 80, loss_inner: 1.58717, loss_target: 1.51612, homo loss: 0.04981 
acc_train_clean: 0.4245, ASR_train_attach: 1.0000, ASR_train_outter: 0.9493
Epoch 90, loss_inner: 1.58171, loss_target: 1.50660, homo loss: 0.05553 
acc_train_clean: 0.4248, ASR_train_attach: 1.0000, ASR_train_outter: 0.9629
Epoch 100, loss_inner: 1.57837, loss_target: 1.51714, homo loss: 0.04699 
acc_train_clean: 0.4250, ASR_train_attach: 0.9750, ASR_train_outter: 0.9176
Epoch 110, loss_inner: 1.57227, loss_target: 1.50083, homo loss: 0.03815 
acc_train_clean: 0.4263, ASR_train_attach: 1.0000, ASR_train_outter: 0.9529
Epoch 120, loss_inner: 1.56718, loss_target: 1.50032, homo loss: 0.03364 
acc_train_clean: 0.4270, ASR_train_attach: 1.0000, ASR_train_outter: 0.9402
Epoch 130, loss_inner: 1.56180, loss_target: 1.49450, homo loss: 0.02974 
acc_train_clean: 0.4289, ASR_train_attach: 1.0000, ASR_train_outter: 0.9438
Epoch 140, loss_inner: 1.55654, loss_target: 1.49014, homo loss: 0.02546 
acc_train_clean: 0.4305, ASR_train_attach: 1.0000, ASR_train_outter: 0.9429
Epoch 150, loss_inner: 1.55084, loss_target: 1.47303, homo loss: 0.08326 
acc_train_clean: 0.4346, ASR_train_attach: 1.0000, ASR_train_outter: 0.9909
Epoch 160, loss_inner: 1.54749, loss_target: 1.47714, homo loss: 0.09995 
acc_train_clean: 0.4380, ASR_train_attach: 1.0000, ASR_train_outter: 0.9484
Epoch 170, loss_inner: 1.54385, loss_target: 1.48968, homo loss: 0.08994 
acc_train_clean: 0.4433, ASR_train_attach: 0.9875, ASR_train_outter: 0.9149
Epoch 180, loss_inner: 1.54139, loss_target: 1.50129, homo loss: 0.07030 
acc_train_clean: 0.4435, ASR_train_attach: 0.9875, ASR_train_outter: 0.9022
Epoch 190, loss_inner: 1.53972, loss_target: 1.50142, homo loss: 0.04730 
acc_train_clean: 0.4440, ASR_train_attach: 0.9875, ASR_train_outter: 0.9112
Epoch 200, loss_inner: 1.53701, loss_target: 1.49140, homo loss: 0.03235 
acc_train_clean: 0.4450, ASR_train_attach: 0.9875, ASR_train_outter: 0.8904
Epoch 210, loss_inner: 1.53392, loss_target: 1.48287, homo loss: 0.02554 
acc_train_clean: 0.4480, ASR_train_attach: 0.9875, ASR_train_outter: 0.9031
Epoch 220, loss_inner: 1.53189, loss_target: 1.48714, homo loss: 0.02579 
acc_train_clean: 0.4488, ASR_train_attach: 0.9875, ASR_train_outter: 0.8813
Epoch 230, loss_inner: 1.53009, loss_target: 1.47361, homo loss: 0.02480 
acc_train_clean: 0.4496, ASR_train_attach: 0.9875, ASR_train_outter: 0.9176
Epoch 240, loss_inner: 1.52842, loss_target: 1.46339, homo loss: 0.03104 
acc_train_clean: 0.4508, ASR_train_attach: 1.0000, ASR_train_outter: 0.9438
Epoch 250, loss_inner: 1.52784, loss_target: 1.48063, homo loss: 0.01933 
acc_train_clean: 0.4519, ASR_train_attach: 0.9750, ASR_train_outter: 0.8687
Epoch 260, loss_inner: 1.52826, loss_target: 1.48346, homo loss: 0.02095 
acc_train_clean: 0.4528, ASR_train_attach: 0.8750, ASR_train_outter: 0.8605
Epoch 270, loss_inner: 1.52649, loss_target: 1.47244, homo loss: 0.01520 
acc_train_clean: 0.4525, ASR_train_attach: 0.9375, ASR_train_outter: 0.8967
Epoch 280, loss_inner: 1.52464, loss_target: 1.46222, homo loss: 0.01163 
acc_train_clean: 0.4561, ASR_train_attach: 1.0000, ASR_train_outter: 0.9393
Epoch 290, loss_inner: 1.52351, loss_target: 1.46099, homo loss: 0.00875 
acc_train_clean: 0.4555, ASR_train_attach: 1.0000, ASR_train_outter: 0.9420
Epoch 300, loss_inner: 1.52345, loss_target: 1.46734, homo loss: 0.01291 
acc_train_clean: 0.4569, ASR_train_attach: 0.9500, ASR_train_outter: 0.9076
Epoch 310, loss_inner: 1.52328, loss_target: 1.45216, homo loss: 0.07952 
acc_train_clean: 0.4527, ASR_train_attach: 1.0000, ASR_train_outter: 1.0000
Epoch 320, loss_inner: 1.52395, loss_target: 1.45395, homo loss: 0.08411 
acc_train_clean: 0.4608, ASR_train_attach: 1.0000, ASR_train_outter: 0.9774
Epoch 330, loss_inner: 1.52167, loss_target: 1.48552, homo loss: 0.05617 
acc_train_clean: 0.4562, ASR_train_attach: 1.0000, ASR_train_outter: 0.9502
Epoch 340, loss_inner: 1.52291, loss_target: 1.47602, homo loss: 0.02705 
acc_train_clean: 0.4539, ASR_train_attach: 0.9875, ASR_train_outter: 0.9266
Epoch 350, loss_inner: 1.52269, loss_target: 1.45922, homo loss: 0.01556 
acc_train_clean: 0.4540, ASR_train_attach: 1.0000, ASR_train_outter: 0.9638
Epoch 360, loss_inner: 1.52123, loss_target: 1.46295, homo loss: 0.01015 
acc_train_clean: 0.4577, ASR_train_attach: 1.0000, ASR_train_outter: 0.9493
Epoch 370, loss_inner: 1.52028, loss_target: 1.45672, homo loss: 0.01622 
acc_train_clean: 0.4580, ASR_train_attach: 1.0000, ASR_train_outter: 0.9701
Epoch 380, loss_inner: 1.52015, loss_target: 1.46533, homo loss: 0.02280 
acc_train_clean: 0.4573, ASR_train_attach: 1.0000, ASR_train_outter: 0.9275
Epoch 390, loss_inner: 1.52067, loss_target: 1.49089, homo loss: 0.08882 
acc_train_clean: 0.4589, ASR_train_attach: 1.0000, ASR_train_outter: 0.6368
Epoch 400, loss_inner: 1.52040, loss_target: 1.47119, homo loss: 0.09003 
acc_train_clean: 0.4582, ASR_train_attach: 0.9250, ASR_train_outter: 0.9529
Epoch 410, loss_inner: 1.51956, loss_target: 1.49270, homo loss: 0.07884 
acc_train_clean: 0.4576, ASR_train_attach: 0.9750, ASR_train_outter: 0.9502
Epoch 420, loss_inner: 1.52092, loss_target: 1.49960, homo loss: 0.06043 
acc_train_clean: 0.4558, ASR_train_attach: 0.9750, ASR_train_outter: 0.9447
Epoch 430, loss_inner: 1.52257, loss_target: 1.46944, homo loss: 0.03400 
acc_train_clean: 0.4540, ASR_train_attach: 1.0000, ASR_train_outter: 0.9946
Epoch 440, loss_inner: 1.52197, loss_target: 1.46548, homo loss: 0.02362 
acc_train_clean: 0.4544, ASR_train_attach: 0.9750, ASR_train_outter: 0.9918
Epoch 450, loss_inner: 1.52082, loss_target: 1.47312, homo loss: 0.01538 
acc_train_clean: 0.4575, ASR_train_attach: 1.0000, ASR_train_outter: 0.9520
Epoch 460, loss_inner: 1.51999, loss_target: 1.46074, homo loss: 0.01105 
acc_train_clean: 0.4585, ASR_train_attach: 0.9875, ASR_train_outter: 0.9801
Epoch 470, loss_inner: 1.51965, loss_target: 1.48234, homo loss: 0.03570 
acc_train_clean: 0.4568, ASR_train_attach: 1.0000, ASR_train_outter: 0.9185
Epoch 480, loss_inner: 1.51999, loss_target: 1.46593, homo loss: 0.02088 
acc_train_clean: 0.4583, ASR_train_attach: 1.0000, ASR_train_outter: 0.9529
Epoch 490, loss_inner: 1.52046, loss_target: 1.46468, homo loss: 0.04887 
acc_train_clean: 0.4568, ASR_train_attach: 0.9875, ASR_train_outter: 0.9674
Epoch 500, loss_inner: 1.51984, loss_target: 1.47176, homo loss: 0.06436 
acc_train_clean: 0.4585, ASR_train_attach: 1.0000, ASR_train_outter: 0.9683
Epoch 510, loss_inner: 1.51989, loss_target: 1.46695, homo loss: 0.03437 
acc_train_clean: 0.4575, ASR_train_attach: 0.9875, ASR_train_outter: 0.9955
Epoch 520, loss_inner: 1.52000, loss_target: 1.47452, homo loss: 0.02158 
acc_train_clean: 0.4582, ASR_train_attach: 1.0000, ASR_train_outter: 0.9629
Epoch 530, loss_inner: 1.51928, loss_target: 1.45787, homo loss: 0.01597 
acc_train_clean: 0.4587, ASR_train_attach: 1.0000, ASR_train_outter: 0.9964
Epoch 540, loss_inner: 1.51888, loss_target: 1.45704, homo loss: 0.01193 
acc_train_clean: 0.4596, ASR_train_attach: 1.0000, ASR_train_outter: 0.9964
Epoch 550, loss_inner: 1.51843, loss_target: 1.45340, homo loss: 0.01124 
acc_train_clean: 0.4599, ASR_train_attach: 1.0000, ASR_train_outter: 0.9928
Epoch 560, loss_inner: 1.51878, loss_target: 1.45805, homo loss: 0.02338 
acc_train_clean: 0.4564, ASR_train_attach: 1.0000, ASR_train_outter: 0.9946
Epoch 570, loss_inner: 1.51826, loss_target: 1.44990, homo loss: 0.10478 
acc_train_clean: 0.4613, ASR_train_attach: 1.0000, ASR_train_outter: 0.9900
Epoch 580, loss_inner: 1.51759, loss_target: 1.44654, homo loss: 0.10371 
acc_train_clean: 0.4618, ASR_train_attach: 0.9750, ASR_train_outter: 0.9837
Epoch 590, loss_inner: 1.51728, loss_target: 1.44866, homo loss: 0.09685 
acc_train_clean: 0.4611, ASR_train_attach: 1.0000, ASR_train_outter: 0.9955
Epoch 600, loss_inner: 1.51762, loss_target: 1.44573, homo loss: 0.06707 
acc_train_clean: 0.4589, ASR_train_attach: 0.9875, ASR_train_outter: 0.9964
Epoch 610, loss_inner: 1.51948, loss_target: 1.45022, homo loss: 0.04549 
acc_train_clean: 0.4571, ASR_train_attach: 1.0000, ASR_train_outter: 0.9955
Epoch 620, loss_inner: 1.52091, loss_target: 1.46630, homo loss: 0.03160 
acc_train_clean: 0.4571, ASR_train_attach: 1.0000, ASR_train_outter: 0.9964
Epoch 630, loss_inner: 1.52126, loss_target: 1.47290, homo loss: 0.02382 
acc_train_clean: 0.4570, ASR_train_attach: 1.0000, ASR_train_outter: 0.9964
Epoch 640, loss_inner: 1.52086, loss_target: 1.48435, homo loss: 0.01613 
acc_train_clean: 0.4578, ASR_train_attach: 1.0000, ASR_train_outter: 0.9710
Epoch 650, loss_inner: 1.52168, loss_target: 1.46178, homo loss: 0.11186 
acc_train_clean: 0.4585, ASR_train_attach: 1.0000, ASR_train_outter: 0.9629
Epoch 660, loss_inner: 1.51893, loss_target: 1.45178, homo loss: 0.11556 
acc_train_clean: 0.4677, ASR_train_attach: 1.0000, ASR_train_outter: 1.0000
Epoch 670, loss_inner: 1.52068, loss_target: 1.46591, homo loss: 0.11441 
acc_train_clean: 0.4587, ASR_train_attach: 1.0000, ASR_train_outter: 0.9955
Epoch 680, loss_inner: 1.52036, loss_target: 1.45872, homo loss: 0.11356 
acc_train_clean: 0.4581, ASR_train_attach: 1.0000, ASR_train_outter: 0.9982
Epoch 690, loss_inner: 1.52967, loss_target: 1.54202, homo loss: 0.11333 
acc_train_clean: 0.4508, ASR_train_attach: 1.0000, ASR_train_outter: 0.9991
Epoch 700, loss_inner: 1.56076, loss_target: 2.02922, homo loss: 0.11407 
acc_train_clean: 0.4554, ASR_train_attach: 1.0000, ASR_train_outter: 1.0000
Epoch 710, loss_inner: 1.64799, loss_target: 2.96598, homo loss: 0.11599 
acc_train_clean: 0.4615, ASR_train_attach: 1.0000, ASR_train_outter: 0.9964
Epoch 720, loss_inner: 1.68972, loss_target: 3.85322, homo loss: 0.11757 
acc_train_clean: 0.4548, ASR_train_attach: 1.0000, ASR_train_outter: 1.0000
Epoch 730, loss_inner: 1.63113, loss_target: 3.06696, homo loss: 0.11858 
acc_train_clean: 0.4538, ASR_train_attach: 1.0000, ASR_train_outter: 1.0000
Epoch 740, loss_inner: 1.55091, loss_target: 2.47517, homo loss: 0.11854 
acc_train_clean: 0.4492, ASR_train_attach: 0.0375, ASR_train_outter: 1.0000
Epoch 750, loss_inner: 1.55863, loss_target: 1.84336, homo loss: 0.11851 
acc_train_clean: 0.4638, ASR_train_attach: 1.0000, ASR_train_outter: 0.0353
Epoch 760, loss_inner: 1.53832, loss_target: 1.61489, homo loss: 0.11958 
acc_train_clean: 0.4528, ASR_train_attach: 1.0000, ASR_train_outter: 0.9393
Epoch 770, loss_inner: 1.52629, loss_target: 1.46918, homo loss: 0.12574 
acc_train_clean: 0.4644, ASR_train_attach: 1.0000, ASR_train_outter: 1.0000
Epoch 780, loss_inner: 1.52460, loss_target: 1.44234, homo loss: 0.12104 
acc_train_clean: 0.4624, ASR_train_attach: 1.0000, ASR_train_outter: 1.0000
Epoch 790, loss_inner: 1.52342, loss_target: 1.44183, homo loss: 0.11930 
acc_train_clean: 0.4596, ASR_train_attach: 1.0000, ASR_train_outter: 1.0000
Epoch 800, loss_inner: 1.52263, loss_target: 1.44145, homo loss: 0.11887 
acc_train_clean: 0.4569, ASR_train_attach: 1.0000, ASR_train_outter: 1.0000
Epoch 810, loss_inner: 1.52199, loss_target: 1.44034, homo loss: 0.11873 
acc_train_clean: 0.4566, ASR_train_attach: 1.0000, ASR_train_outter: 1.0000
Epoch 820, loss_inner: 1.52153, loss_target: 1.44083, homo loss: 0.11865 
acc_train_clean: 0.4557, ASR_train_attach: 1.0000, ASR_train_outter: 1.0000
Epoch 830, loss_inner: 1.52088, loss_target: 1.44056, homo loss: 0.11859 
acc_train_clean: 0.4556, ASR_train_attach: 1.0000, ASR_train_outter: 1.0000
Epoch 840, loss_inner: 1.52030, loss_target: 1.44221, homo loss: 0.11855 
acc_train_clean: 0.4578, ASR_train_attach: 1.0000, ASR_train_outter: 1.0000
Epoch 850, loss_inner: 1.52021, loss_target: 1.44302, homo loss: 0.11852 
acc_train_clean: 0.4588, ASR_train_attach: 1.0000, ASR_train_outter: 1.0000
Epoch 860, loss_inner: 1.51985, loss_target: 1.44348, homo loss: 0.11850 
acc_train_clean: 0.4586, ASR_train_attach: 1.0000, ASR_train_outter: 1.0000
Epoch 870, loss_inner: 1.51965, loss_target: 1.44314, homo loss: 0.11847 
acc_train_clean: 0.4579, ASR_train_attach: 1.0000, ASR_train_outter: 1.0000
Epoch 880, loss_inner: 1.51949, loss_target: 1.44392, homo loss: 0.11843 
acc_train_clean: 0.4585, ASR_train_attach: 1.0000, ASR_train_outter: 1.0000
Epoch 890, loss_inner: 1.51934, loss_target: 1.44369, homo loss: 0.11839 
acc_train_clean: 0.4589, ASR_train_attach: 1.0000, ASR_train_outter: 1.0000
Epoch 900, loss_inner: 1.51920, loss_target: 1.44414, homo loss: 0.11834 
acc_train_clean: 0.4590, ASR_train_attach: 1.0000, ASR_train_outter: 1.0000
Epoch 910, loss_inner: 1.51909, loss_target: 1.44418, homo loss: 0.11829 
acc_train_clean: 0.4589, ASR_train_attach: 1.0000, ASR_train_outter: 1.0000
Epoch 920, loss_inner: 1.51898, loss_target: 1.44451, homo loss: 0.11823 
acc_train_clean: 0.4593, ASR_train_attach: 1.0000, ASR_train_outter: 1.0000
Epoch 930, loss_inner: 1.51888, loss_target: 1.44531, homo loss: 0.11813 
acc_train_clean: 0.4595, ASR_train_attach: 1.0000, ASR_train_outter: 1.0000
Epoch 940, loss_inner: 1.51877, loss_target: 1.44639, homo loss: 0.11796 
acc_train_clean: 0.4594, ASR_train_attach: 1.0000, ASR_train_outter: 1.0000
Epoch 950, loss_inner: 1.51866, loss_target: 1.44747, homo loss: 0.11772 
acc_train_clean: 0.4594, ASR_train_attach: 1.0000, ASR_train_outter: 0.9991
Epoch 960, loss_inner: 1.51855, loss_target: 1.44935, homo loss: 0.11741 
acc_train_clean: 0.4597, ASR_train_attach: 1.0000, ASR_train_outter: 0.9982
Epoch 970, loss_inner: 1.51844, loss_target: 1.45114, homo loss: 0.11702 
acc_train_clean: 0.4600, ASR_train_attach: 1.0000, ASR_train_outter: 0.9982
Epoch 980, loss_inner: 1.51835, loss_target: 1.45392, homo loss: 0.11655 
acc_train_clean: 0.4599, ASR_train_attach: 1.0000, ASR_train_outter: 0.9964
Epoch 990, loss_inner: 1.51828, loss_target: 1.45672, homo loss: 0.11596 
acc_train_clean: 0.4600, ASR_train_attach: 1.0000, ASR_train_outter: 0.9955
load best weight based on the loss outter
precent of left attach nodes: 1.000
Namespace(cuda=True, dataset='Flickr', debug=True, defense_mode='none', device_id=2, dis_weight=0.0, dropout=0.5, epochs=200, evaluate_mode='1by1', hidden=64, homo_boost_thrd=0.8, homo_loss_weight=100.0, inner=1, lr=0.01, model='GCN', no_cuda=False, prune_thr=0.4, seed=265, selection_method='cluster_degree', target_class=0, target_loss_weight=1, test_model='GCN', thrd=0.5, train_lr=0.02, trigger_size=2, trojan_epochs=1000, use_vs_number=True, vs_number=80, vs_ratio=0, weight_decay=0.0005)
target class rate on Vs: 0.9375
accuracy on clean test nodes: 0.4483
Overall ASR: 0.8880
Flip ASR: 0.8862/8360 nodes
Namespace(cuda=True, dataset='Flickr', debug=True, defense_mode='none', device_id=2, dis_weight=0.0, dropout=0.5, epochs=200, evaluate_mode='1by1', hidden=64, homo_boost_thrd=0.8, homo_loss_weight=100.0, inner=1, lr=0.01, model='GCN', no_cuda=False, prune_thr=0.4, seed=125, selection_method='cluster_degree', target_class=0, target_loss_weight=1, test_model='GCN', thrd=0.5, train_lr=0.02, trigger_size=2, trojan_epochs=1000, use_vs_number=True, vs_number=80, vs_ratio=0, weight_decay=0.0005)
target class rate on Vs: 0.9625
accuracy on clean test nodes: 0.4469
Overall ASR: 0.9139
Flip ASR: 0.9127/8360 nodes
Namespace(cuda=True, dataset='Flickr', debug=True, defense_mode='none', device_id=2, dis_weight=0.0, dropout=0.5, epochs=200, evaluate_mode='1by1', hidden=64, homo_boost_thrd=0.8, homo_loss_weight=100.0, inner=1, lr=0.01, model='GCN', no_cuda=False, prune_thr=0.4, seed=996, selection_method='cluster_degree', target_class=0, target_loss_weight=1, test_model='GCN', thrd=0.5, train_lr=0.02, trigger_size=2, trojan_epochs=1000, use_vs_number=True, vs_number=80, vs_ratio=0, weight_decay=0.0005)
target class rate on Vs: 0.9875
accuracy on clean test nodes: 0.4432
Overall ASR: 0.9301
Flip ASR: 0.9294/8360 nodes
Namespace(cuda=True, dataset='Flickr', debug=True, defense_mode='none', device_id=2, dis_weight=0.0, dropout=0.5, epochs=200, evaluate_mode='1by1', hidden=64, homo_boost_thrd=0.8, homo_loss_weight=100.0, inner=1, lr=0.01, model='GCN', no_cuda=False, prune_thr=0.4, seed=527, selection_method='cluster_degree', target_class=0, target_loss_weight=1, test_model='GCN', thrd=0.5, train_lr=0.02, trigger_size=2, trojan_epochs=1000, use_vs_number=True, vs_number=80, vs_ratio=0, weight_decay=0.0005)
target class rate on Vs: 1.0000
accuracy on clean test nodes: 0.4436
Overall ASR: 0.9323
Flip ASR: 0.9317/8360 nodes
Namespace(cuda=True, dataset='Flickr', debug=True, defense_mode='none', device_id=2, dis_weight=0.0, dropout=0.5, epochs=200, evaluate_mode='1by1', hidden=64, homo_boost_thrd=0.8, homo_loss_weight=100.0, inner=1, lr=0.01, model='GCN', no_cuda=False, prune_thr=0.4, seed=320, selection_method='cluster_degree', target_class=0, target_loss_weight=1, test_model='GCN', thrd=0.5, train_lr=0.02, trigger_size=2, trojan_epochs=1000, use_vs_number=True, vs_number=80, vs_ratio=0, weight_decay=0.0005)
target class rate on Vs: 0.9875
accuracy on clean test nodes: 0.4439
Overall ASR: 0.9204
Flip ASR: 0.9193/8360 nodes
Overall ASR: 0.9170 (GCN model, Seed: 320)
Overall Clean Accuracy: 0.4452
Namespace(cuda=True, dataset='Flickr', debug=True, defense_mode='none', device_id=2, dis_weight=0.0, dropout=0.5, epochs=200, evaluate_mode='1by1', hidden=64, homo_boost_thrd=0.8, homo_loss_weight=100.0, inner=1, lr=0.01, model='GCN', no_cuda=False, prune_thr=0.4, seed=781, selection_method='cluster_degree', target_class=0, target_loss_weight=1, test_model='GAT', thrd=0.5, train_lr=0.02, trigger_size=2, trojan_epochs=1000, use_vs_number=True, vs_number=80, vs_ratio=0, weight_decay=0.0005)
/home/project-graph-backdoor/Backdoor/models/GAT.py:61: UserWarning: To copy construct from a tensor, it is recommended to use sourceTensor.clone().detach() or sourceTensor.clone().detach().requires_grad_(True), rather than torch.tensor(sourceTensor).
  self.labels = torch.tensor(labels, dtype=torch.long)
target class rate on Vs: 0.7500
accuracy on clean test nodes: 0.4612
Overall ASR: 0.6821
Flip ASR: 0.6793/8360 nodes
Namespace(cuda=True, dataset='Flickr', debug=True, defense_mode='none', device_id=2, dis_weight=0.0, dropout=0.5, epochs=200, evaluate_mode='1by1', hidden=64, homo_boost_thrd=0.8, homo_loss_weight=100.0, inner=1, lr=0.01, model='GCN', no_cuda=False, prune_thr=0.4, seed=706, selection_method='cluster_degree', target_class=0, target_loss_weight=1, test_model='GAT', thrd=0.5, train_lr=0.02, trigger_size=2, trojan_epochs=1000, use_vs_number=True, vs_number=80, vs_ratio=0, weight_decay=0.0005)
target class rate on Vs: 0.8875
accuracy on clean test nodes: 0.4543
Overall ASR: 0.8074
Flip ASR: 0.8038/8360 nodes
Namespace(cuda=True, dataset='Flickr', debug=True, defense_mode='none', device_id=2, dis_weight=0.0, dropout=0.5, epochs=200, evaluate_mode='1by1', hidden=64, homo_boost_thrd=0.8, homo_loss_weight=100.0, inner=1, lr=0.01, model='GCN', no_cuda=False, prune_thr=0.4, seed=778, selection_method='cluster_degree', target_class=0, target_loss_weight=1, test_model='GAT', thrd=0.5, train_lr=0.02, trigger_size=2, trojan_epochs=1000, use_vs_number=True, vs_number=80, vs_ratio=0, weight_decay=0.0005)
target class rate on Vs: 0.9125
accuracy on clean test nodes: 0.4409
Overall ASR: 0.8625
Flip ASR: 0.8602/8360 nodes
Namespace(cuda=True, dataset='Flickr', debug=True, defense_mode='none', device_id=2, dis_weight=0.0, dropout=0.5, epochs=200, evaluate_mode='1by1', hidden=64, homo_boost_thrd=0.8, homo_loss_weight=100.0, inner=1, lr=0.01, model='GCN', no_cuda=False, prune_thr=0.4, seed=604, selection_method='cluster_degree', target_class=0, target_loss_weight=1, test_model='GAT', thrd=0.5, train_lr=0.02, trigger_size=2, trojan_epochs=1000, use_vs_number=True, vs_number=80, vs_ratio=0, weight_decay=0.0005)
target class rate on Vs: 0.8250
accuracy on clean test nodes: 0.4585
Overall ASR: 0.7305
Flip ASR: 0.7281/8360 nodes
Namespace(cuda=True, dataset='Flickr', debug=True, defense_mode='none', device_id=2, dis_weight=0.0, dropout=0.5, epochs=200, evaluate_mode='1by1', hidden=64, homo_boost_thrd=0.8, homo_loss_weight=100.0, inner=1, lr=0.01, model='GCN', no_cuda=False, prune_thr=0.4, seed=133, selection_method='cluster_degree', target_class=0, target_loss_weight=1, test_model='GAT', thrd=0.5, train_lr=0.02, trigger_size=2, trojan_epochs=1000, use_vs_number=True, vs_number=80, vs_ratio=0, weight_decay=0.0005)
target class rate on Vs: 0.6750
accuracy on clean test nodes: 0.4673
Overall ASR: 0.6542
Flip ASR: 0.6518/8360 nodes
Overall ASR: 0.7474 (GAT model, Seed: 133)
Overall Clean Accuracy: 0.4564
Namespace(cuda=True, dataset='Flickr', debug=True, defense_mode='none', device_id=2, dis_weight=0.0, dropout=0.5, epochs=200, evaluate_mode='1by1', hidden=64, homo_boost_thrd=0.8, homo_loss_weight=100.0, inner=1, lr=0.01, model='GCN', no_cuda=False, prune_thr=0.4, seed=673, selection_method='cluster_degree', target_class=0, target_loss_weight=1, test_model='GraphSage', thrd=0.5, train_lr=0.02, trigger_size=2, trojan_epochs=1000, use_vs_number=True, vs_number=80, vs_ratio=0, weight_decay=0.0005)
target class rate on Vs: 1.0000
accuracy on clean test nodes: 0.4815
Overall ASR: 0.9450
Flip ASR: 0.9433/8360 nodes
Namespace(cuda=True, dataset='Flickr', debug=True, defense_mode='none', device_id=2, dis_weight=0.0, dropout=0.5, epochs=200, evaluate_mode='1by1', hidden=64, homo_boost_thrd=0.8, homo_loss_weight=100.0, inner=1, lr=0.01, model='GCN', no_cuda=False, prune_thr=0.4, seed=904, selection_method='cluster_degree', target_class=0, target_loss_weight=1, test_model='GraphSage', thrd=0.5, train_lr=0.02, trigger_size=2, trojan_epochs=1000, use_vs_number=True, vs_number=80, vs_ratio=0, weight_decay=0.0005)
target class rate on Vs: 1.0000
accuracy on clean test nodes: 0.4735
Overall ASR: 0.9617
Flip ASR: 0.9608/8360 nodes
Namespace(cuda=True, dataset='Flickr', debug=True, defense_mode='none', device_id=2, dis_weight=0.0, dropout=0.5, epochs=200, evaluate_mode='1by1', hidden=64, homo_boost_thrd=0.8, homo_loss_weight=100.0, inner=1, lr=0.01, model='GCN', no_cuda=False, prune_thr=0.4, seed=56, selection_method='cluster_degree', target_class=0, target_loss_weight=1, test_model='GraphSage', thrd=0.5, train_lr=0.02, trigger_size=2, trojan_epochs=1000, use_vs_number=True, vs_number=80, vs_ratio=0, weight_decay=0.0005)
target class rate on Vs: 1.0000
accuracy on clean test nodes: 0.4797
Overall ASR: 0.9513
Flip ASR: 0.9499/8360 nodes
Namespace(cuda=True, dataset='Flickr', debug=True, defense_mode='none', device_id=2, dis_weight=0.0, dropout=0.5, epochs=200, evaluate_mode='1by1', hidden=64, homo_boost_thrd=0.8, homo_loss_weight=100.0, inner=1, lr=0.01, model='GCN', no_cuda=False, prune_thr=0.4, seed=1, selection_method='cluster_degree', target_class=0, target_loss_weight=1, test_model='GraphSage', thrd=0.5, train_lr=0.02, trigger_size=2, trojan_epochs=1000, use_vs_number=True, vs_number=80, vs_ratio=0, weight_decay=0.0005)
target class rate on Vs: 1.0000
accuracy on clean test nodes: 0.4799
Overall ASR: 0.9635
Flip ASR: 0.9624/8360 nodes
Namespace(cuda=True, dataset='Flickr', debug=True, defense_mode='none', device_id=2, dis_weight=0.0, dropout=0.5, epochs=200, evaluate_mode='1by1', hidden=64, homo_boost_thrd=0.8, homo_loss_weight=100.0, inner=1, lr=0.01, model='GCN', no_cuda=False, prune_thr=0.4, seed=694, selection_method='cluster_degree', target_class=0, target_loss_weight=1, test_model='GraphSage', thrd=0.5, train_lr=0.02, trigger_size=2, trojan_epochs=1000, use_vs_number=True, vs_number=80, vs_ratio=0, weight_decay=0.0005)
target class rate on Vs: 1.0000
accuracy on clean test nodes: 0.4738
Overall ASR: 0.9583
Flip ASR: 0.9574/8360 nodes
Overall ASR: 0.9559 (GraphSage model, Seed: 694)
Overall Clean Accuracy: 0.4777
Total Overall ASR: 0.8734 
Total Clean Accuracy: 0.4598
