nohup: ignoring input
Namespace(attack_method='Basic', cuda=True, dataset='Flickr', debug=True, defense_mode='none', device_id=3, dis_weight=1.0, dropout=0.5, epochs=200, evaluate_mode='overall', hidden=64, homo_boost_thrd=0.5, homo_loss_weight=1.0, inner=1, lr=0.01, model='GCN', no_cuda=False, prune_thr=0.15, seed=11, selection_method='loss', target_class=0, target_loss_weight=1, test_model='GCN', thrd=0.5, train_lr=0.02, trigger_prob=0.5, trigger_size=3, trojan_epochs=200, use_vs_number=True, vs_number=20, vs_ratio=0, weight_decay=0.0005)
Length of training set: 17850
Training benign model Finished!
Total time elapsed: 6.6230s
Benign CA: 0.4648
idx_attach: tensor([32778,    93,    41,   523,  2380, 42061, 85134, 31522, 10037, 43350,
        23451, 40685, 86513, 33511, 39644, 74605, 38992, 49211, 68954, 84774,
         9890], device='cuda:3')
Epoch 0, loss_inner: 1.94542, loss_target: 1.91961, homo loss: 0.46901 
acc_train_clean: 0.0521, ASR_train_attach: 0.0000, ASR_train_outter: 0.0000
Epoch 10, loss_inner: 1.65907, loss_target: 1.76281, homo loss: 0.03589 
acc_train_clean: 0.4169, ASR_train_attach: 0.0000, ASR_train_outter: 0.0000
Epoch 20, loss_inner: 1.63993, loss_target: 1.67834, homo loss: 0.04662 
acc_train_clean: 0.4169, ASR_train_attach: 0.0000, ASR_train_outter: 0.0000
Epoch 30, loss_inner: 1.63788, loss_target: 1.66148, homo loss: 0.02473 
acc_train_clean: 0.4169, ASR_train_attach: 0.0000, ASR_train_outter: 0.0000
Epoch 40, loss_inner: 1.62764, loss_target: 1.64257, homo loss: 0.01151 
acc_train_clean: 0.4169, ASR_train_attach: 0.0000, ASR_train_outter: 0.0000
Epoch 50, loss_inner: 1.62080, loss_target: 1.60657, homo loss: 0.00660 
acc_train_clean: 0.4169, ASR_train_attach: 0.6667, ASR_train_outter: 0.8255
Epoch 60, loss_inner: 1.61326, loss_target: 1.58472, homo loss: 0.05251 
acc_train_clean: 0.4168, ASR_train_attach: 0.7619, ASR_train_outter: 0.9362
Epoch 70, loss_inner: 1.60667, loss_target: 1.57122, homo loss: 0.00977 
acc_train_clean: 0.4167, ASR_train_attach: 0.7619, ASR_train_outter: 0.9681
Epoch 80, loss_inner: 1.60164, loss_target: 1.56567, homo loss: 0.01502 
acc_train_clean: 0.4171, ASR_train_attach: 0.8095, ASR_train_outter: 0.9681
Epoch 90, loss_inner: 1.59668, loss_target: 1.56078, homo loss: 0.01049 
acc_train_clean: 0.4172, ASR_train_attach: 0.8095, ASR_train_outter: 0.9737
Epoch 100, loss_inner: 1.59154, loss_target: 1.55341, homo loss: 0.00880 
acc_train_clean: 0.4174, ASR_train_attach: 0.8095, ASR_train_outter: 0.9831
Epoch 110, loss_inner: 1.58685, loss_target: 1.55093, homo loss: 0.02632 
acc_train_clean: 0.4181, ASR_train_attach: 0.8095, ASR_train_outter: 0.9869
Epoch 120, loss_inner: 1.58235, loss_target: 1.54592, homo loss: 0.02031 
acc_train_clean: 0.4196, ASR_train_attach: 0.8095, ASR_train_outter: 0.9812
Epoch 130, loss_inner: 1.57718, loss_target: 1.54028, homo loss: 0.00500 
acc_train_clean: 0.4207, ASR_train_attach: 0.8095, ASR_train_outter: 0.9756
Epoch 140, loss_inner: 1.57180, loss_target: 1.53258, homo loss: 0.00503 
acc_train_clean: 0.4240, ASR_train_attach: 0.8095, ASR_train_outter: 0.9775
Epoch 150, loss_inner: 1.56639, loss_target: 1.52526, homo loss: 0.01508 
acc_train_clean: 0.4287, ASR_train_attach: 0.8095, ASR_train_outter: 0.9869
Epoch 160, loss_inner: 1.56196, loss_target: 1.52488, homo loss: 0.01136 
acc_train_clean: 0.4330, ASR_train_attach: 0.8095, ASR_train_outter: 0.9756
Epoch 170, loss_inner: 1.55785, loss_target: 1.52681, homo loss: 0.00700 
acc_train_clean: 0.4408, ASR_train_attach: 0.8095, ASR_train_outter: 0.9250
Epoch 180, loss_inner: 1.55589, loss_target: 1.51712, homo loss: 0.01025 
acc_train_clean: 0.4332, ASR_train_attach: 0.8095, ASR_train_outter: 0.9925
Epoch 190, loss_inner: 1.56052, loss_target: 1.55105, homo loss: 0.01392 
acc_train_clean: 0.4629, ASR_train_attach: 0.9048, ASR_train_outter: 0.9981
precent of left attach nodes: 1.000
target class rate on Vs: 1.0000
accuracy on clean test nodes: 0.4568
ASR: 1.0000
Flip ASR: 1.0000/8336 nodes
CA: 0.4244
