nohup: ignoring input
Namespace(attack_method='Basic', cuda=True, dataset='Flickr', debug=True, defense_mode='none', device_id=3, dis_weight=-1.0, dropout=0.5, epochs=200, evaluate_mode='overall', hidden=64, homo_boost_thrd=0.5, homo_loss_weight=1.0, inner=1, lr=0.01, model='GCN', no_cuda=False, prune_thr=0.15, seed=11, selection_method='loss', target_class=0, target_loss_weight=1, test_model='GCN', thrd=0.5, train_lr=0.02, trigger_prob=0.5, trigger_size=3, trojan_epochs=200, use_vs_number=True, vs_number=20, vs_ratio=0, weight_decay=0.0005)
Length of training set: 17850
Training benign model Finished!
Total time elapsed: 8.5473s
Benign CA: 0.4651
idx_attach: tensor([32778,    93,    41,   523,  2380, 42061, 85134, 31522, 10037, 43350,
         7075, 38992, 30906, 40685, 23451, 68954, 86513, 39644, 81493, 81760,
        33511], device='cuda:3')
Epoch 0, loss_inner: 1.94542, loss_target: 1.91961, homo loss: 0.46957 
acc_train_clean: 0.0521, ASR_train_attach: 0.0000, ASR_train_outter: 0.0000
Epoch 10, loss_inner: 1.66173, loss_target: 1.82525, homo loss: 0.01243 
acc_train_clean: 0.4169, ASR_train_attach: 0.0000, ASR_train_outter: 0.0000
Epoch 20, loss_inner: 1.63994, loss_target: 1.67378, homo loss: 0.07077 
acc_train_clean: 0.4169, ASR_train_attach: 0.0000, ASR_train_outter: 0.0000
Epoch 30, loss_inner: 1.63827, loss_target: 1.66902, homo loss: 0.01218 
acc_train_clean: 0.4169, ASR_train_attach: 0.0000, ASR_train_outter: 0.0000
Epoch 40, loss_inner: 1.62770, loss_target: 1.64664, homo loss: 0.00986 
acc_train_clean: 0.4169, ASR_train_attach: 0.0000, ASR_train_outter: 0.0000
Epoch 50, loss_inner: 1.62110, loss_target: 1.62966, homo loss: 0.00561 
acc_train_clean: 0.4169, ASR_train_attach: 0.0000, ASR_train_outter: 0.0000
Epoch 60, loss_inner: 1.61326, loss_target: 1.60253, homo loss: 0.01614 
acc_train_clean: 0.4167, ASR_train_attach: 0.5714, ASR_train_outter: 0.7974
Epoch 70, loss_inner: 1.60607, loss_target: 1.57552, homo loss: 0.01432 
acc_train_clean: 0.4166, ASR_train_attach: 0.7143, ASR_train_outter: 0.9437
Epoch 80, loss_inner: 1.60061, loss_target: 1.56543, homo loss: 0.00925 
acc_train_clean: 0.4170, ASR_train_attach: 0.7619, ASR_train_outter: 0.9625
Epoch 90, loss_inner: 1.59615, loss_target: 1.56035, homo loss: 0.00973 
acc_train_clean: 0.4173, ASR_train_attach: 0.7619, ASR_train_outter: 0.9700
Epoch 100, loss_inner: 1.59210, loss_target: 1.55630, homo loss: 0.01568 
acc_train_clean: 0.4173, ASR_train_attach: 0.7619, ASR_train_outter: 0.9681
Epoch 110, loss_inner: 1.58799, loss_target: 1.55010, homo loss: 0.01039 
acc_train_clean: 0.4177, ASR_train_attach: 0.7619, ASR_train_outter: 0.9756
Epoch 120, loss_inner: 1.58333, loss_target: 1.54493, homo loss: 0.00772 
acc_train_clean: 0.4188, ASR_train_attach: 0.7619, ASR_train_outter: 0.9831
Epoch 130, loss_inner: 1.57775, loss_target: 1.53804, homo loss: 0.00806 
acc_train_clean: 0.4203, ASR_train_attach: 0.7619, ASR_train_outter: 0.9831
Epoch 140, loss_inner: 1.57171, loss_target: 1.53078, homo loss: 0.01246 
acc_train_clean: 0.4232, ASR_train_attach: 0.7619, ASR_train_outter: 0.9887
Epoch 150, loss_inner: 1.56577, loss_target: 1.52482, homo loss: 0.01364 
acc_train_clean: 0.4291, ASR_train_attach: 0.7619, ASR_train_outter: 0.9869
Epoch 160, loss_inner: 1.55997, loss_target: 1.51977, homo loss: 0.00447 
acc_train_clean: 0.4346, ASR_train_attach: 0.8095, ASR_train_outter: 0.9906
Epoch 170, loss_inner: 1.55498, loss_target: 1.51483, homo loss: 0.01172 
acc_train_clean: 0.4435, ASR_train_attach: 0.7143, ASR_train_outter: 0.9737
Epoch 180, loss_inner: 1.55161, loss_target: 1.51048, homo loss: 0.00642 
acc_train_clean: 0.4455, ASR_train_attach: 0.8095, ASR_train_outter: 0.9906
Epoch 190, loss_inner: 1.55151, loss_target: 1.51037, homo loss: 0.01637 
acc_train_clean: 0.4404, ASR_train_attach: 0.8095, ASR_train_outter: 0.9925
precent of left attach nodes: 1.000
target class rate on Vs: 0.8095
accuracy on clean test nodes: 0.4566
ASR: 1.0000
Flip ASR: 1.0000/8336 nodes
CA: 0.4160
