[ 4 28 28 ... 30 24  8]
Epoch 0, loss_inner: 3.67991, loss_target: 3.38801, homo loss: 0.44870 
acc_train_clean: 0.0114, ASR_train_attach: 0.0000, ASR_train_outter: 0.0000
Epoch 10, loss_inner: 2.66109, loss_target: 2.59371, homo loss: 0.00373 
acc_train_clean: 0.3112, ASR_train_attach: 0.8891, ASR_train_outter: 0.8102
Epoch 20, loss_inner: 2.13333, loss_target: 2.06755, homo loss: 0.00022 
acc_train_clean: 0.4390, ASR_train_attach: 0.9378, ASR_train_outter: 0.9277
Epoch 30, loss_inner: 1.73941, loss_target: 1.69830, homo loss: 0.00031 
acc_train_clean: 0.5389, ASR_train_attach: 0.9244, ASR_train_outter: 0.9089
Epoch 40, loss_inner: 1.49746, loss_target: 1.46803, homo loss: 0.00011 
acc_train_clean: 0.5845, ASR_train_attach: 0.9496, ASR_train_outter: 0.9348
Epoch 50, loss_inner: 1.34985, loss_target: 1.32448, homo loss: 0.00003 
acc_train_clean: 0.6125, ASR_train_attach: 0.9571, ASR_train_outter: 0.9583
Epoch 60, loss_inner: 1.26730, loss_target: 1.24564, homo loss: 0.00002 
acc_train_clean: 0.6280, ASR_train_attach: 0.9899, ASR_train_outter: 0.9900
Epoch 70, loss_inner: 1.25093, loss_target: 1.23609, homo loss: 0.00000 
acc_train_clean: 0.6342, ASR_train_attach: 0.9916, ASR_train_outter: 0.9941
Epoch 80, loss_inner: 1.25400, loss_target: 1.23021, homo loss: 0.00001 
acc_train_clean: 0.6297, ASR_train_attach: 0.9319, ASR_train_outter: 0.9965
Epoch 90, loss_inner: 1.24499, loss_target: 1.23970, homo loss: 0.00019 
acc_train_clean: 0.6424, ASR_train_attach: 0.9689, ASR_train_outter: 0.9471
Epoch 100, loss_inner: 1.36462, loss_target: 1.30254, homo loss: 0.00140 
acc_train_clean: 0.6182, ASR_train_attach: 1.0000, ASR_train_outter: 0.9971
Epoch 110, loss_inner: 1.43034, loss_target: 1.44583, homo loss: 0.00146 
acc_train_clean: 0.5981, ASR_train_attach: 0.9933, ASR_train_outter: 0.9148
Epoch 120, loss_inner: 1.96074, loss_target: 1.92726, homo loss: 0.01274 
acc_train_clean: 0.5345, ASR_train_attach: 0.9975, ASR_train_outter: 0.9994
Epoch 130, loss_inner: 2.40911, loss_target: 2.86656, homo loss: 0.01076 
acc_train_clean: 0.4809, ASR_train_attach: 1.0000, ASR_train_outter: 0.8995
Epoch 140, loss_inner: 3.00590, loss_target: 4.06938, homo loss: 0.04483 
acc_train_clean: 0.4481, ASR_train_attach: 1.0000, ASR_train_outter: 0.9242
Epoch 150, loss_inner: 2.99411, loss_target: 7.50574, homo loss: 0.07336 
acc_train_clean: 0.4528, ASR_train_attach: 1.0000, ASR_train_outter: 0.0000
Epoch 160, loss_inner: 3.42904, loss_target: 3.51020, homo loss: 0.07635 
acc_train_clean: 0.5334, ASR_train_attach: 0.9361, ASR_train_outter: 1.0000
Epoch 170, loss_inner: 3.30373, loss_target: 3.92028, homo loss: 0.06516 
acc_train_clean: 0.5529, ASR_train_attach: 1.0000, ASR_train_outter: 1.0000
Epoch 180, loss_inner: 1.69502, loss_target: 1.51170, homo loss: 0.06157 
acc_train_clean: 0.5777, ASR_train_attach: 1.0000, ASR_train_outter: 1.0000
Epoch 190, loss_inner: 1.44434, loss_target: 1.41661, homo loss: 0.05822 
acc_train_clean: 0.6001, ASR_train_attach: 1.0000, ASR_train_outter: 1.0000
precent of left attach nodes: 1.000
target class rate on Vs: 0.7185
accuracy on clean test nodes: 0.6434
ASR: 0.7849
CA: 0.6388
