nohup: ignoring input
1
2
Namespace(attack_method='Basic', cuda=True, dataset='Flickr', debug=True, defense_mode='isolate', device_id=3, dis_weight=1.0, dropout=0.5, epochs=200, hidden=128, homo_boost_thrd=0.5, homo_loss_weight=1.0, inner=1, lr=0.01, model='GCN', no_cuda=False, prune_thr=0.2, seed=10, selection_method='loss', target_class=0, target_loss_weight=1, test_model='GCN', thrd=0.5, train_lr=0.02, trigger_prob=0.5, trigger_size=3, trojan_epochs=200, vs_ratio=0.01, weight_decay=0.0005)
Length of training set: 17850
Training benign model Finished!
Total time elapsed: 15.3274s
Benign CA: 0.4939
Epoch 0, loss_inner: 2.04589, loss_target: 5.03121, homo loss: 0.53237 
acc_train_clean: 0.1780, ASR_train_attach: 0.2454, ASR_train_outter: 0.0482
Epoch 10, loss_inner: 1.72006, loss_target: 1.65507, homo loss: 0.02184 
acc_train_clean: 0.4038, ASR_train_attach: 0.4871, ASR_train_outter: 0.6187
Epoch 20, loss_inner: 1.61656, loss_target: 1.57565, homo loss: 0.01414 
acc_train_clean: 0.4596, ASR_train_attach: 0.6479, ASR_train_outter: 0.8237
Epoch 30, loss_inner: 1.55829, loss_target: 1.51344, homo loss: 0.01327 
acc_train_clean: 0.4639, ASR_train_attach: 0.5509, ASR_train_outter: 0.7204
Epoch 40, loss_inner: 1.51084, loss_target: 1.47201, homo loss: 0.01259 
acc_train_clean: 0.4757, ASR_train_attach: 0.5890, ASR_train_outter: 0.7400
Epoch 50, loss_inner: 1.47134, loss_target: 1.43297, homo loss: 0.01360 
acc_train_clean: 0.4863, ASR_train_attach: 0.6491, ASR_train_outter: 0.8018
Epoch 60, loss_inner: 1.43337, loss_target: 1.39772, homo loss: 0.01269 
acc_train_clean: 0.4989, ASR_train_attach: 0.6945, ASR_train_outter: 0.8146
Epoch 70, loss_inner: 1.39296, loss_target: 1.35387, homo loss: 0.01642 
acc_train_clean: 0.5081, ASR_train_attach: 0.8135, ASR_train_outter: 0.8470
Epoch 80, loss_inner: 1.34089, loss_target: 1.30560, homo loss: 0.01503 
acc_train_clean: 0.5257, ASR_train_attach: 0.6957, ASR_train_outter: 0.8975
Epoch 90, loss_inner: 1.28126, loss_target: 1.24904, homo loss: 0.01401 
acc_train_clean: 0.5432, ASR_train_attach: 0.7399, ASR_train_outter: 0.9337
Epoch 100, loss_inner: 1.25066, loss_target: 1.24159, homo loss: 0.05037 
acc_train_clean: 0.5477, ASR_train_attach: 0.7767, ASR_train_outter: 0.9917
Epoch 110, loss_inner: 1.17339, loss_target: 1.16411, homo loss: 0.01659 
acc_train_clean: 0.5806, ASR_train_attach: 0.8736, ASR_train_outter: 0.8892
Epoch 120, loss_inner: 1.08426, loss_target: 1.06378, homo loss: 0.01139 
acc_train_clean: 0.6215, ASR_train_attach: 0.8405, ASR_train_outter: 0.9744
Epoch 130, loss_inner: 1.02396, loss_target: 1.00344, homo loss: 0.01203 
acc_train_clean: 0.6475, ASR_train_attach: 0.7828, ASR_train_outter: 0.9887
Epoch 140, loss_inner: 0.93088, loss_target: 0.90687, homo loss: 0.02319 
acc_train_clean: 0.6715, ASR_train_attach: 0.9644, ASR_train_outter: 0.8681
Epoch 150, loss_inner: 0.83384, loss_target: 0.79388, homo loss: 0.01452 
acc_train_clean: 0.7181, ASR_train_attach: 0.9534, ASR_train_outter: 0.9344
Epoch 160, loss_inner: 0.79382, loss_target: 0.75551, homo loss: 0.01205 
acc_train_clean: 0.7168, ASR_train_attach: 0.9092, ASR_train_outter: 0.9405
Epoch 170, loss_inner: 0.70161, loss_target: 0.69186, homo loss: 0.01507 
acc_train_clean: 0.7872, ASR_train_attach: 0.7276, ASR_train_outter: 0.9668
Epoch 180, loss_inner: 0.64822, loss_target: 0.63877, homo loss: 0.03371 
acc_train_clean: 0.7945, ASR_train_attach: 0.9755, ASR_train_outter: 0.9661
Epoch 190, loss_inner: 0.72969, loss_target: 0.71862, homo loss: 0.02405 
acc_train_clean: 0.7448, ASR_train_attach: 0.8344, ASR_train_outter: 0.9977
precent of left attach nodes: 0.360
target class rate on Vs: 0.5092
accuracy on clean test nodes: 0.4778
ASR: 0.9907
CA: 0.4523
