nohup: ignoring input
Namespace(cuda=True, dataset='Cora', debug=True, defense_mode='isolate', device_id=1, dropout=0.5, epochs=200, hidden=32, homo_boost_thrd=0.5, homo_loss_weight=2.0, inner=1, lr=0.01, model='GCN', no_cuda=False, prune_thr=0.3, seed=10, selection_method='cluster', target_class=0, test_model='GCN', thrd=0.0, trigger_size=3, trojan_epochs=200, vs_ratio=0.01, weight_decay=0.0005)
Length of training set: 541
Training benign model Finished!
Total time elapsed: 13.8354s
Benign CA: 0.8444
Length of training set: 541
=== training gcn model ===
Epoch 0, training loss: 1.9322519302368164
acc_val: 0.2926
Epoch 10, training loss: 1.8021061420440674
acc_val: 0.3037
Epoch 20, training loss: 1.713864803314209
acc_val: 0.3037
Epoch 30, training loss: 1.4916369915008545
acc_val: 0.3704
Epoch 40, training loss: 1.249752402305603
acc_val: 0.4222
Epoch 50, training loss: 1.079205870628357
acc_val: 0.4852
Epoch 60, training loss: 0.9508324861526489
acc_val: 0.5519
Epoch 70, training loss: 0.8185819387435913
acc_val: 0.5889
Epoch 80, training loss: 0.7560440301895142
acc_val: 0.6000
Epoch 90, training loss: 0.70485919713974
acc_val: 0.6815
Epoch 100, training loss: 0.6410072445869446
acc_val: 0.7037
Epoch 110, training loss: 0.5871881246566772
acc_val: 0.7000
Epoch 120, training loss: 0.5697430372238159
acc_val: 0.7074
Epoch 130, training loss: 0.5388628840446472
acc_val: 0.7222
Epoch 140, training loss: 0.5049093961715698
acc_val: 0.7185
Epoch 150, training loss: 0.49561595916748047
acc_val: 0.7185
Epoch 160, training loss: 0.4608483910560608
acc_val: 0.7148
Epoch 170, training loss: 0.42303013801574707
acc_val: 0.7259
Epoch 180, training loss: 0.42559269070625305
acc_val: 0.7185
Epoch 190, training loss: 0.3940373659133911
acc_val: 0.7333
=== picking the best model according to the performance on validation ===
Training encoder Finished!
Total time elapsed: 8.7429s
Encoder CA on clean test nodes: 0.7889
[2 5 5 ... 3 2 2]
Epoch 0, loss_inner: 1.94553, loss_target: 0.00000, homo loss: 0.50871 
acc_train_clean: 0.2126, ASR_train_attach: 0.0000, ASR_train_outter: 0.7036
Epoch 10, loss_inner: 1.70070, loss_target: 0.00000, homo loss: 0.19554 
acc_train_clean: 0.3142, ASR_train_attach: 1.0000, ASR_train_outter: 0.9981
Epoch 20, loss_inner: 1.57444, loss_target: 0.00000, homo loss: 0.16836 
acc_train_clean: 0.3179, ASR_train_attach: 1.0000, ASR_train_outter: 1.0000
Epoch 30, loss_inner: 1.45526, loss_target: 0.00000, homo loss: 0.14155 
acc_train_clean: 0.3401, ASR_train_attach: 1.0000, ASR_train_outter: 1.0000
Epoch 40, loss_inner: 1.30518, loss_target: 0.00000, homo loss: 0.06770 
acc_train_clean: 0.5490, ASR_train_attach: 0.9524, ASR_train_outter: 0.9981
Epoch 50, loss_inner: 1.15016, loss_target: 0.00000, homo loss: 0.26538 
acc_train_clean: 0.6673, ASR_train_attach: 0.9048, ASR_train_outter: 0.9962
Epoch 60, loss_inner: 1.00266, loss_target: 0.00000, homo loss: 0.26037 
acc_train_clean: 0.7542, ASR_train_attach: 1.0000, ASR_train_outter: 1.0000
Epoch 70, loss_inner: 0.89490, loss_target: 0.00000, homo loss: 0.08501 
acc_train_clean: 0.8152, ASR_train_attach: 0.6667, ASR_train_outter: 1.0000
Epoch 80, loss_inner: 0.83365, loss_target: 0.00000, homo loss: 0.07301 
acc_train_clean: 0.7782, ASR_train_attach: 1.0000, ASR_train_outter: 1.0000
Epoch 90, loss_inner: 0.74712, loss_target: 0.00000, homo loss: 0.26409 
acc_train_clean: 0.8318, ASR_train_attach: 0.9048, ASR_train_outter: 0.9944
Epoch 100, loss_inner: 0.68975, loss_target: 0.00000, homo loss: 0.09282 
acc_train_clean: 0.8170, ASR_train_attach: 1.0000, ASR_train_outter: 0.9962
Epoch 110, loss_inner: 0.63040, loss_target: 0.00000, homo loss: 0.06663 
acc_train_clean: 0.8688, ASR_train_attach: 1.0000, ASR_train_outter: 1.0000
Epoch 120, loss_inner: 0.58658, loss_target: 0.00000, homo loss: 0.08599 
acc_train_clean: 0.8521, ASR_train_attach: 1.0000, ASR_train_outter: 0.9981
Epoch 130, loss_inner: 0.54961, loss_target: 0.00000, homo loss: 0.08695 
acc_train_clean: 0.8872, ASR_train_attach: 1.0000, ASR_train_outter: 0.9944
Epoch 140, loss_inner: 0.52380, loss_target: 0.00000, homo loss: 0.13052 
acc_train_clean: 0.8946, ASR_train_attach: 0.9048, ASR_train_outter: 0.9662
Epoch 150, loss_inner: 0.48893, loss_target: 0.00000, homo loss: 0.25740 
acc_train_clean: 0.9057, ASR_train_attach: 0.9524, ASR_train_outter: 0.9587
Epoch 160, loss_inner: 0.46491, loss_target: 0.00000, homo loss: 0.25253 
acc_train_clean: 0.9131, ASR_train_attach: 0.8571, ASR_train_outter: 0.9062
Epoch 170, loss_inner: 0.45569, loss_target: 0.00000, homo loss: 0.23543 
acc_train_clean: 0.9224, ASR_train_attach: 0.8095, ASR_train_outter: 0.8161
Epoch 180, loss_inner: 0.44448, loss_target: 0.00000, homo loss: 0.19650 
acc_train_clean: 0.9279, ASR_train_attach: 0.7619, ASR_train_outter: 0.7373
Epoch 190, loss_inner: 0.42659, loss_target: 0.00000, homo loss: 0.06305 
acc_train_clean: 0.9316, ASR_train_attach: 0.6667, ASR_train_outter: 0.6904
precent of left attach nodes: 0.048
target class rate on Vs: 0.9048
accuracy on clean test nodes: 0.4370
ASR: 0.6421
CA: 0.4481
