WARNING:root:The OGB package is out of date. Your version is 1.3.3, while the latest version is 1.3.4.
Namespace(attack_method='Basic', cuda=True, dataset='ogbn-arxiv', debug=True, defense_mode='none', device_id=0, dis_weight=1, dropout=0.5, epochs=200, hidden=128, homo_boost_thrd=0.5, homo_loss_weight=0, inner=1, lr=0.01, model='GCN', no_cuda=False, prune_thr=0.3, seed=10, selection_method='none', target_class=0, target_loss_weight=1, test_model='GCN', thrd=0.5, train_lr=0.02, trigger_prob=0.5, trigger_size=3, trojan_epochs=200, vs_ratio=0.01, weight_decay=0.0005)
Length of training set: 33868
Training benign model Finished!
Total time elapsed: 8.7723s
Benign CA: 0.6744

Epoch 0, loss_inner: 3.72409, loss_target: 3.41856, homo loss: 0.00000 
acc_train_clean: 0.0036, ASR_train_attach: 0.0000, ASR_train_outter: 0.0000
Epoch 10, loss_inner: 2.64481, loss_target: 2.56835, homo loss: 0.00000 
acc_train_clean: 0.3118, ASR_train_attach: 0.9727, ASR_train_outter: 0.9620
Epoch 20, loss_inner: 2.13068, loss_target: 2.06517, homo loss: 0.00000 
acc_train_clean: 0.4399, ASR_train_attach: 0.9490, ASR_train_outter: 0.9443
Epoch 30, loss_inner: 1.75070, loss_target: 1.70782, homo loss: 0.00000 
acc_train_clean: 0.5334, ASR_train_attach: 0.9461, ASR_train_outter: 0.9427
Epoch 40, loss_inner: 1.52745, loss_target: 1.49854, homo loss: 0.00000 
acc_train_clean: 0.5740, ASR_train_attach: 0.9284, ASR_train_outter: 0.9078
Epoch 50, loss_inner: 1.41314, loss_target: 1.38147, homo loss: 0.00000 
acc_train_clean: 0.6003, ASR_train_attach: 0.9815, ASR_train_outter: 0.8859
Epoch 60, loss_inner: 1.48734, loss_target: 1.54038, homo loss: 0.00000 
acc_train_clean: 0.6089, ASR_train_attach: 0.9778, ASR_train_outter: 0.9845
Epoch 70, loss_inner: 1.47803, loss_target: 1.68037, homo loss: 0.00000 
acc_train_clean: 0.6083, ASR_train_attach: 0.9934, ASR_train_outter: 0.9829
Epoch 80, loss_inner: 2.16869, loss_target: 2.39098, homo loss: 0.00000 
acc_train_clean: 0.5011, ASR_train_attach: 0.0384, ASR_train_outter: 0.9898
Epoch 90, loss_inner: 1.77442, loss_target: 1.67352, homo loss: 0.00000 
acc_train_clean: 0.5244, ASR_train_attach: 0.6160, ASR_train_outter: 0.8408
Epoch 100, loss_inner: 1.38456, loss_target: 1.36869, homo loss: 0.00000 
acc_train_clean: 0.6108, ASR_train_attach: 0.9453, ASR_train_outter: 0.9416
Epoch 110, loss_inner: 1.29514, loss_target: 1.28010, homo loss: 0.00000 
acc_train_clean: 0.6163, ASR_train_attach: 0.9771, ASR_train_outter: 0.9711
Epoch 120, loss_inner: 1.24976, loss_target: 1.22857, homo loss: 0.00000 
acc_train_clean: 0.6302, ASR_train_attach: 0.9860, ASR_train_outter: 0.9877
Epoch 130, loss_inner: 1.21945, loss_target: 1.20158, homo loss: 0.00000 
acc_train_clean: 0.6372, ASR_train_attach: 0.9911, ASR_train_outter: 0.9904
Epoch 140, loss_inner: 1.20368, loss_target: 1.18602, homo loss: 0.00000 
acc_train_clean: 0.6418, ASR_train_attach: 0.9934, ASR_train_outter: 0.9920
Epoch 150, loss_inner: 1.19236, loss_target: 1.17523, homo loss: 0.00000 
acc_train_clean: 0.6440, ASR_train_attach: 0.9926, ASR_train_outter: 0.9920
Epoch 160, loss_inner: 1.18316, loss_target: 1.16853, homo loss: 0.00000 
acc_train_clean: 0.6462, ASR_train_attach: 0.9919, ASR_train_outter: 0.9904
Epoch 170, loss_inner: 1.17525, loss_target: 1.15967, homo loss: 0.00000 
acc_train_clean: 0.6485, ASR_train_attach: 0.9941, ASR_train_outter: 0.9920
Epoch 180, loss_inner: 1.16825, loss_target: 1.15157, homo loss: 0.00000 
acc_train_clean: 0.6506, ASR_train_attach: 0.9948, ASR_train_outter: 0.9952
Epoch 190, loss_inner: 1.16188, loss_target: 1.14526, homo loss: 0.00000 
acc_train_clean: 0.6520, ASR_train_attach: 0.9948, ASR_train_outter: 0.9941
precent of left attach nodes: 1.000
target class rate on Vs: 0.9956
accuracy on clean test nodes: 0.6691
ASR: 0.9942
CA: 0.6688
