nohup: ignoring input
1
2
Namespace(attack_method='Basic', cuda=True, dataset='Flickr', debug=True, defense_mode='none', device_id=0, dis_weight=1.0, dropout=0.5, epochs=200, hidden=128, homo_boost_thrd=0.5, homo_loss_weight=0.0, inner=1, lr=0.01, model='GCN', no_cuda=False, prune_thr=0.2, seed=10, selection_method='none', target_class=0, target_loss_weight=1, test_model='GCN', thrd=0.5, train_lr=0.02, trigger_prob=0.5, trigger_size=3, trojan_epochs=200, vs_ratio=0.01, weight_decay=0.0005)
Length of training set: 17850
Training benign model Finished!
Total time elapsed: 4.8752s
Benign CA: 0.4995
Epoch 0, loss_inner: 2.04169, loss_target: 4.16711, homo loss: 0.00000 
acc_train_clean: 0.1782, ASR_train_attach: 0.2745, ASR_train_outter: 0.0873
Epoch 10, loss_inner: 1.73245, loss_target: 1.65823, homo loss: 0.00000 
acc_train_clean: 0.4071, ASR_train_attach: 0.9650, ASR_train_outter: 0.9666
Epoch 20, loss_inner: 1.53303, loss_target: 1.50610, homo loss: 0.00000 
acc_train_clean: 0.4596, ASR_train_attach: 0.8655, ASR_train_outter: 0.8752
Epoch 30, loss_inner: 1.48471, loss_target: 1.45826, homo loss: 0.00000 
acc_train_clean: 0.4674, ASR_train_attach: 0.9314, ASR_train_outter: 0.9323
Epoch 40, loss_inner: 1.45188, loss_target: 1.42176, homo loss: 0.00000 
acc_train_clean: 0.4820, ASR_train_attach: 0.9188, ASR_train_outter: 0.9225
Epoch 50, loss_inner: 1.42164, loss_target: 1.39103, homo loss: 0.00000 
acc_train_clean: 0.4875, ASR_train_attach: 0.9300, ASR_train_outter: 0.9315
Epoch 60, loss_inner: 1.38492, loss_target: 1.35191, homo loss: 0.00000 
acc_train_clean: 0.5002, ASR_train_attach: 0.9272, ASR_train_outter: 0.9347
Epoch 70, loss_inner: 1.34129, loss_target: 1.30962, homo loss: 0.00000 
acc_train_clean: 0.5159, ASR_train_attach: 0.9328, ASR_train_outter: 0.9290
Epoch 80, loss_inner: 1.28715, loss_target: 1.25758, homo loss: 0.00000 
acc_train_clean: 0.5332, ASR_train_attach: 0.9426, ASR_train_outter: 0.9380
Epoch 90, loss_inner: 1.23472, loss_target: 1.20408, homo loss: 0.00000 
acc_train_clean: 0.5553, ASR_train_attach: 0.9608, ASR_train_outter: 0.9356
Epoch 100, loss_inner: 1.17024, loss_target: 1.12697, homo loss: 0.00000 
acc_train_clean: 0.5872, ASR_train_attach: 0.9636, ASR_train_outter: 0.9502
Epoch 110, loss_inner: 1.08964, loss_target: 1.09010, homo loss: 0.00000 
acc_train_clean: 0.5875, ASR_train_attach: 0.9594, ASR_train_outter: 0.9641
Epoch 120, loss_inner: 1.03543, loss_target: 1.01210, homo loss: 0.00000 
acc_train_clean: 0.6369, ASR_train_attach: 0.9566, ASR_train_outter: 0.9331
Epoch 130, loss_inner: 0.91919, loss_target: 0.89033, homo loss: 0.00000 
acc_train_clean: 0.6817, ASR_train_attach: 0.9482, ASR_train_outter: 0.9535
Epoch 140, loss_inner: 0.80318, loss_target: 0.78777, homo loss: 0.00000 
acc_train_clean: 0.7311, ASR_train_attach: 0.9454, ASR_train_outter: 0.9739
Epoch 150, loss_inner: 0.75214, loss_target: 0.73682, homo loss: 0.00000 
acc_train_clean: 0.7379, ASR_train_attach: 0.9594, ASR_train_outter: 0.9584
Epoch 160, loss_inner: 0.64049, loss_target: 0.62575, homo loss: 0.00000 
acc_train_clean: 0.7869, ASR_train_attach: 0.9748, ASR_train_outter: 0.9853
Epoch 170, loss_inner: 0.64297, loss_target: 0.61218, homo loss: 0.00000 
acc_train_clean: 0.7910, ASR_train_attach: 0.9874, ASR_train_outter: 0.9339
Epoch 180, loss_inner: 0.48714, loss_target: 0.47238, homo loss: 0.00000 
acc_train_clean: 0.8773, ASR_train_attach: 0.9720, ASR_train_outter: 0.9649
Epoch 190, loss_inner: 0.44690, loss_target: 0.45572, homo loss: 0.00000 
acc_train_clean: 0.9124, ASR_train_attach: 0.3137, ASR_train_outter: 0.9853
precent of left attach nodes: 1.000
target class rate on Vs: 0.9720
accuracy on clean test nodes: 0.4932
ASR: 0.9980
CA: 0.4672
