WARNING:root:The OGB package is out of date. Your version is 1.3.3, while the latest version is 1.3.4.
Namespace(attack_method='Basic', cuda=True, dataset='ogbn-arxiv', debug=True, defense_mode='prune', device_id=0, dis_weight=1, dropout=0.5, epochs=200, hidden=128, homo_boost_thrd=0.5, homo_loss_weight=0, inner=1, lr=0.01, model='GCN', no_cuda=False, prune_thr=0.3, seed=10, selection_method='none', target_class=0, target_loss_weight=1, test_model='GCN', thrd=0.5, train_lr=0.02, trigger_prob=0.5, trigger_size=3, trojan_epochs=200, vs_ratio=0.01, weight_decay=0.0005)
Length of training set: 33868
Training benign model Finished!
Total time elapsed: 9.2213s
Benign CA: 0.6744

Epoch 0, loss_inner: 3.72409, loss_target: 3.41856, homo loss: 0.00000 
acc_train_clean: 0.0036, ASR_train_attach: 0.0000, ASR_train_outter: 0.0000
Epoch 10, loss_inner: 2.64481, loss_target: 2.56835, homo loss: 0.00000 
acc_train_clean: 0.3118, ASR_train_attach: 0.9727, ASR_train_outter: 0.9620
Epoch 20, loss_inner: 2.13068, loss_target: 2.06517, homo loss: 0.00000 
acc_train_clean: 0.4399, ASR_train_attach: 0.9490, ASR_train_outter: 0.9443
Epoch 30, loss_inner: 1.75069, loss_target: 1.70758, homo loss: 0.00000 
acc_train_clean: 0.5335, ASR_train_attach: 0.9402, ASR_train_outter: 0.9362
Epoch 40, loss_inner: 1.59734, loss_target: 1.51029, homo loss: 0.00000 
acc_train_clean: 0.5728, ASR_train_attach: 0.4173, ASR_train_outter: 0.9148
Epoch 50, loss_inner: 1.95890, loss_target: 1.61445, homo loss: 0.00000 
acc_train_clean: 0.5821, ASR_train_attach: 0.0273, ASR_train_outter: 0.9914
Epoch 60, loss_inner: 1.58368, loss_target: 1.68797, homo loss: 0.00000 
acc_train_clean: 0.5718, ASR_train_attach: 0.9919, ASR_train_outter: 0.9973
Epoch 70, loss_inner: 1.45106, loss_target: 1.43730, homo loss: 0.00000 
acc_train_clean: 0.5910, ASR_train_attach: 0.8885, ASR_train_outter: 0.9534
Epoch 80, loss_inner: 1.36609, loss_target: 1.34543, homo loss: 0.00000 
acc_train_clean: 0.6057, ASR_train_attach: 0.9867, ASR_train_outter: 0.9855
Epoch 90, loss_inner: 1.31324, loss_target: 1.29217, homo loss: 0.00000 
acc_train_clean: 0.6166, ASR_train_attach: 0.9919, ASR_train_outter: 0.9925
Epoch 100, loss_inner: 1.27627, loss_target: 1.25715, homo loss: 0.00000 
acc_train_clean: 0.6240, ASR_train_attach: 0.9948, ASR_train_outter: 0.9936
Epoch 110, loss_inner: 1.25195, loss_target: 1.23321, homo loss: 0.00000 
acc_train_clean: 0.6291, ASR_train_attach: 0.9948, ASR_train_outter: 0.9941
Epoch 120, loss_inner: 1.23197, loss_target: 1.21295, homo loss: 0.00000 
acc_train_clean: 0.6336, ASR_train_attach: 0.9948, ASR_train_outter: 0.9952
Epoch 130, loss_inner: 1.21600, loss_target: 1.19890, homo loss: 0.00000 
acc_train_clean: 0.6362, ASR_train_attach: 0.9948, ASR_train_outter: 0.9941
Epoch 140, loss_inner: 1.20254, loss_target: 1.18448, homo loss: 0.00000 
acc_train_clean: 0.6396, ASR_train_attach: 0.9963, ASR_train_outter: 0.9973
Epoch 150, loss_inner: 1.18995, loss_target: 1.17184, homo loss: 0.00000 
acc_train_clean: 0.6422, ASR_train_attach: 0.9963, ASR_train_outter: 0.9962
Epoch 160, loss_inner: 1.17530, loss_target: 1.15982, homo loss: 0.00000 
acc_train_clean: 0.6464, ASR_train_attach: 0.9963, ASR_train_outter: 0.9957
Epoch 170, loss_inner: 1.16158, loss_target: 1.14451, homo loss: 0.00000 
acc_train_clean: 0.6496, ASR_train_attach: 0.9978, ASR_train_outter: 0.9979
Epoch 180, loss_inner: 1.15250, loss_target: 1.13585, homo loss: 0.00000 
acc_train_clean: 0.6521, ASR_train_attach: 0.9978, ASR_train_outter: 0.9984
Epoch 190, loss_inner: 1.14343, loss_target: 1.12701, homo loss: 0.00000 
acc_train_clean: 0.6554, ASR_train_attach: 0.9978, ASR_train_outter: 0.9984
precent of left attach nodes: 1.000
target class rate on Vs: 0.0089
accuracy on clean test nodes: 0.6680
ASR: 0.0040
CA: 0.6679
