nohup: ignoring input
Namespace(clean_test_nodes_num=200, cuda=True, dataset='pubmed', debug=True, defense_mode='isolate', device_id=5, dropout=0.5, epochs=200, hidden=32, homo_boost_thrd=0.6, homo_loss_weight=0.0, load_benign_model=True, lr=0.01, model='GCN', no_cuda=False, prune_thr=0.15, seed=10, target_class=0, target_test_nodes_num=200, test_model='GraphSage', thrd=0.5, trigger_size=3, trojan_epochs=200, vs_ratio=0.01, weight_decay=0.0005)
Loading benign GCN model Finished!
Benign CA: 0.8110
Benign CA on clean test nodes: 0.7400
19717
200
Epoch 0, training loss: 1.098490834236145
acc_train_clean: 0.2083, acc_train_attach: 0.3155
Epoch 10, training loss: 0.6075447797775269
acc_train_clean: 0.3333, acc_train_attach: 1.0000
Epoch 20, training loss: 0.5429587364196777
acc_train_clean: 0.5583, acc_train_attach: 1.0000
Epoch 30, training loss: 0.46013858914375305
acc_train_clean: 0.8042, acc_train_attach: 1.0000
Epoch 40, training loss: 0.37842515110969543
acc_train_clean: 0.8542, acc_train_attach: 1.0000
Epoch 50, training loss: 0.31342199444770813
acc_train_clean: 0.8625, acc_train_attach: 1.0000
Epoch 60, training loss: 0.2580145001411438
acc_train_clean: 0.8750, acc_train_attach: 1.0000
Epoch 70, training loss: 0.24708066880702972
acc_train_clean: 0.8708, acc_train_attach: 1.0000
Epoch 80, training loss: 0.21780793368816376
acc_train_clean: 0.9125, acc_train_attach: 1.0000
Epoch 90, training loss: 0.1987154483795166
acc_train_clean: 0.9292, acc_train_attach: 0.9947
Epoch 100, training loss: 0.20866759121418
acc_train_clean: 0.9167, acc_train_attach: 0.9947
Epoch 110, training loss: 0.23188871145248413
acc_train_clean: 0.9208, acc_train_attach: 1.0000
Epoch 120, training loss: 0.1986335963010788
acc_train_clean: 0.9375, acc_train_attach: 0.9947
Epoch 130, training loss: 0.16939203441143036
acc_train_clean: 0.9458, acc_train_attach: 1.0000
Epoch 140, training loss: 0.1529444009065628
acc_train_clean: 0.9583, acc_train_attach: 1.0000
Epoch 150, training loss: 0.157483771443367
acc_train_clean: 0.9583, acc_train_attach: 0.9947
Epoch 160, training loss: 0.152154341340065
acc_train_clean: 0.9458, acc_train_attach: 1.0000
Epoch 170, training loss: 0.12763606011867523
acc_train_clean: 0.9708, acc_train_attach: 1.0000
Epoch 180, training loss: 0.13360825181007385
acc_train_clean: 0.9542, acc_train_attach: 1.0000
Epoch 190, training loss: 0.12905189394950867
acc_train_clean: 0.9667, acc_train_attach: 1.0000
tensor([[    2, 15572],
        [    3,  8249],
        [    4, 14044],
        ...,
        [20266, 10246],
        [20269,    64],
        [20275, 11007]])
427
146
81052 57604
{19584, 11777, 2183, 1530, 2067, 15892, 15640, 11935, 13352, 7592, 6570, 1855, 10307, 7384, 5092, 2917, 4076, 17778, 3955, 7414, 374, 17914}
=== training gcn model ===
Epoch 0, training loss: 1.1271768808364868
acc_val: 0.5125
Epoch 10, training loss: 0.630468487739563
acc_val: 0.6725
Epoch 20, training loss: 0.2955930531024933
acc_val: 0.7650
Epoch 30, training loss: 0.12560367584228516
acc_val: 0.7650
Epoch 40, training loss: 0.05815991386771202
acc_val: 0.7500
Epoch 50, training loss: 0.053291160613298416
acc_val: 0.7425
Epoch 60, training loss: 0.0417666956782341
acc_val: 0.7400
Epoch 70, training loss: 0.0466664656996727
acc_val: 0.7350
Epoch 80, training loss: 0.041344597935676575
acc_val: 0.7500
Epoch 90, training loss: 0.046185076236724854
acc_val: 0.7575
Epoch 100, training loss: 0.04732451215386391
acc_val: 0.7450
Epoch 110, training loss: 0.03534334897994995
acc_val: 0.7500
Epoch 120, training loss: 0.039626020938158035
acc_val: 0.7525
Epoch 130, training loss: 0.03396066650748253
acc_val: 0.7425
Epoch 140, training loss: 0.028391210362315178
acc_val: 0.7425
Epoch 150, training loss: 0.030429810285568237
acc_val: 0.7175
Epoch 160, training loss: 0.028777191415429115
acc_val: 0.7425
Epoch 170, training loss: 0.02622963674366474
acc_val: 0.7425
Epoch 180, training loss: 0.02826925739645958
acc_val: 0.7475
Epoch 190, training loss: 0.0348530039191246
acc_val: 0.7350
=== picking the best model according to the performance on validation ===
target class rate on Vs: 0.2781
accuracy on clean test nodes: 0.7250
ASR: 0.0650
CA: 0.6850
