nohup: ignoring input
1
2
Namespace(attack_method='Basic', cuda=True, dataset='Flickr', debug=True, defense_mode='isolate', device_id=1, dis_weight=1.0, dropout=0.5, epochs=200, hidden=128, homo_boost_thrd=0.5, homo_loss_weight=0.0, inner=1, lr=0.01, model='GCN', no_cuda=False, prune_thr=0.3, seed=10, selection_method='none', target_class=0, target_loss_weight=1, test_model='GCN', thrd=0.5, train_lr=0.02, trigger_prob=0.5, trigger_size=3, trojan_epochs=200, vs_ratio=0.01, weight_decay=0.0005)
Length of training set: 17850
Training benign model Finished!
Total time elapsed: 6.2766s
Benign CA: 0.4959
Epoch 0, loss_inner: 2.04169, loss_target: 4.16711, homo loss: 0.00000 
acc_train_clean: 0.1782, ASR_train_attach: 0.2745, ASR_train_outter: 0.0873
Epoch 10, loss_inner: 1.73245, loss_target: 1.65823, homo loss: 0.00000 
acc_train_clean: 0.4071, ASR_train_attach: 0.9650, ASR_train_outter: 0.9666
Epoch 20, loss_inner: 1.53303, loss_target: 1.50610, homo loss: 0.00000 
acc_train_clean: 0.4596, ASR_train_attach: 0.8655, ASR_train_outter: 0.8752
Epoch 30, loss_inner: 1.48471, loss_target: 1.45826, homo loss: 0.00000 
acc_train_clean: 0.4674, ASR_train_attach: 0.9314, ASR_train_outter: 0.9323
Epoch 40, loss_inner: 1.45188, loss_target: 1.42176, homo loss: 0.00000 
acc_train_clean: 0.4820, ASR_train_attach: 0.9188, ASR_train_outter: 0.9225
Epoch 50, loss_inner: 1.42164, loss_target: 1.39103, homo loss: 0.00000 
acc_train_clean: 0.4876, ASR_train_attach: 0.9300, ASR_train_outter: 0.9315
Epoch 60, loss_inner: 1.38492, loss_target: 1.35191, homo loss: 0.00000 
acc_train_clean: 0.5003, ASR_train_attach: 0.9272, ASR_train_outter: 0.9347
Epoch 70, loss_inner: 1.34116, loss_target: 1.30942, homo loss: 0.00000 
acc_train_clean: 0.5162, ASR_train_attach: 0.9328, ASR_train_outter: 0.9290
Epoch 80, loss_inner: 1.28713, loss_target: 1.25752, homo loss: 0.00000 
acc_train_clean: 0.5333, ASR_train_attach: 0.9426, ASR_train_outter: 0.9380
Epoch 90, loss_inner: 1.23390, loss_target: 1.20221, homo loss: 0.00000 
acc_train_clean: 0.5555, ASR_train_attach: 0.9580, ASR_train_outter: 0.9347
Epoch 100, loss_inner: 1.16912, loss_target: 1.12826, homo loss: 0.00000 
acc_train_clean: 0.5905, ASR_train_attach: 0.9552, ASR_train_outter: 0.9323
Epoch 110, loss_inner: 1.11889, loss_target: 1.11278, homo loss: 0.00000 
acc_train_clean: 0.5748, ASR_train_attach: 0.9608, ASR_train_outter: 0.9682
Epoch 120, loss_inner: 1.03706, loss_target: 0.99543, homo loss: 0.00000 
acc_train_clean: 0.6452, ASR_train_attach: 0.9594, ASR_train_outter: 0.9560
Epoch 130, loss_inner: 0.90932, loss_target: 0.88303, homo loss: 0.00000 
acc_train_clean: 0.6966, ASR_train_attach: 0.9706, ASR_train_outter: 0.9674
Epoch 140, loss_inner: 0.80690, loss_target: 0.80926, homo loss: 0.00000 
acc_train_clean: 0.7220, ASR_train_attach: 0.9734, ASR_train_outter: 0.9723
Epoch 150, loss_inner: 0.72493, loss_target: 0.72649, homo loss: 0.00000 
acc_train_clean: 0.7643, ASR_train_attach: 0.9762, ASR_train_outter: 0.9690
Epoch 160, loss_inner: 0.69307, loss_target: 0.68505, homo loss: 0.00000 
acc_train_clean: 0.7770, ASR_train_attach: 0.9818, ASR_train_outter: 0.9715
Epoch 170, loss_inner: 0.55295, loss_target: 0.54476, homo loss: 0.00000 
acc_train_clean: 0.8399, ASR_train_attach: 0.9846, ASR_train_outter: 0.9674
Epoch 180, loss_inner: 0.44302, loss_target: 0.43796, homo loss: 0.00000 
acc_train_clean: 0.8997, ASR_train_attach: 0.9804, ASR_train_outter: 0.9551
Epoch 190, loss_inner: 0.46679, loss_target: 0.49635, homo loss: 0.00000 
acc_train_clean: 0.8735, ASR_train_attach: 0.9762, ASR_train_outter: 0.9739
precent of left attach nodes: 0.000
target class rate on Vs: 0.0070
accuracy on clean test nodes: 0.4672
ASR: 0.0065
CA: 0.4518
