nohup: ignoring input
/home/project-graph-backdoor/Backdoor/models/GAT.py:59: UserWarning: To copy construct from a tensor, it is recommended to use sourceTensor.clone().detach() or sourceTensor.clone().detach().requires_grad_(True), rather than torch.tensor(sourceTensor).
  self.labels = torch.tensor(labels, dtype=torch.long)
Namespace(clean_test_nodes_num=200, cuda=True, dataset='pubmed', debug=True, defense_mode='isolate', device_id=5, dropout=0.5, epochs=200, hidden=32, homo_boost_thrd=0.6, homo_loss_weight=0.0, load_benign_model=True, lr=0.01, model='GCN', no_cuda=False, prune_thr=0.15, seed=10, target_class=0, target_test_nodes_num=200, test_model='GAT', thrd=0.5, trigger_size=3, trojan_epochs=200, vs_ratio=0.01, weight_decay=0.0005)
Loading benign GCN model Finished!
Benign CA: 0.8110
Benign CA on clean test nodes: 0.7400
19717
200
Epoch 0, training loss: 1.098490834236145
acc_train_clean: 0.2083, acc_train_attach: 0.3155
Epoch 10, training loss: 0.6075447201728821
acc_train_clean: 0.3333, acc_train_attach: 1.0000
Epoch 20, training loss: 0.5429587364196777
acc_train_clean: 0.5583, acc_train_attach: 1.0000
Epoch 30, training loss: 0.46013858914375305
acc_train_clean: 0.8042, acc_train_attach: 1.0000
Epoch 40, training loss: 0.37842515110969543
acc_train_clean: 0.8542, acc_train_attach: 1.0000
Epoch 50, training loss: 0.31342199444770813
acc_train_clean: 0.8625, acc_train_attach: 1.0000
Epoch 60, training loss: 0.2580145001411438
acc_train_clean: 0.8750, acc_train_attach: 1.0000
Epoch 70, training loss: 0.24708066880702972
acc_train_clean: 0.8708, acc_train_attach: 1.0000
Epoch 80, training loss: 0.21780797839164734
acc_train_clean: 0.9125, acc_train_attach: 1.0000
Epoch 90, training loss: 0.1987154483795166
acc_train_clean: 0.9292, acc_train_attach: 0.9947
Epoch 100, training loss: 0.20866759121418
acc_train_clean: 0.9167, acc_train_attach: 0.9947
Epoch 110, training loss: 0.23188874125480652
acc_train_clean: 0.9208, acc_train_attach: 1.0000
Epoch 120, training loss: 0.1986335963010788
acc_train_clean: 0.9375, acc_train_attach: 0.9947
Epoch 130, training loss: 0.16939201951026917
acc_train_clean: 0.9458, acc_train_attach: 1.0000
Epoch 140, training loss: 0.1529444009065628
acc_train_clean: 0.9583, acc_train_attach: 1.0000
Epoch 150, training loss: 0.1574837863445282
acc_train_clean: 0.9583, acc_train_attach: 0.9947
Epoch 160, training loss: 0.152154341340065
acc_train_clean: 0.9458, acc_train_attach: 1.0000
Epoch 170, training loss: 0.12763607501983643
acc_train_clean: 0.9708, acc_train_attach: 1.0000
Epoch 180, training loss: 0.13360823690891266
acc_train_clean: 0.9542, acc_train_attach: 1.0000
Epoch 190, training loss: 0.12905187904834747
acc_train_clean: 0.9667, acc_train_attach: 1.0000
tensor([[    2, 15572],
        [    3,  8249],
        [    4, 14044],
        ...,
        [20266, 10246],
        [20269,    64],
        [20275, 11007]])
427
146
81052 57604
{19584, 11777, 2183, 1530, 2067, 15892, 15640, 11935, 13352, 7592, 6570, 1855, 10307, 7384, 5092, 2917, 4076, 17778, 3955, 7414, 374, 17914}
=== training gcn model ===
Epoch 0, training loss: 1.11702561378479
acc_val: 0.2275
Epoch 10, training loss: 0.6197372078895569
acc_val: 0.7725
Epoch 20, training loss: 0.43555936217308044
acc_val: 0.8000
Epoch 30, training loss: 0.45829275250434875
acc_val: 0.7725
Epoch 40, training loss: 0.3663637340068817
acc_val: 0.7875
Epoch 50, training loss: 0.4052211344242096
acc_val: 0.7475
Epoch 60, training loss: 0.3388650417327881
acc_val: 0.7300
Epoch 70, training loss: 0.4138576090335846
acc_val: 0.7350
Epoch 80, training loss: 0.2987459897994995
acc_val: 0.7025
Epoch 90, training loss: 0.26361536979675293
acc_val: 0.7200
Epoch 100, training loss: 0.34724053740501404
acc_val: 0.7300
Epoch 110, training loss: 0.31317710876464844
acc_val: 0.7200
Epoch 120, training loss: 0.37620386481285095
acc_val: 0.7175
Epoch 130, training loss: 0.38608619570732117
acc_val: 0.7550
Epoch 140, training loss: 0.29496118426322937
acc_val: 0.7800
Epoch 150, training loss: 0.3947288691997528
acc_val: 0.7675
Epoch 160, training loss: 0.28663232922554016
acc_val: 0.7425
Epoch 170, training loss: 0.28781619668006897
acc_val: 0.7650
Epoch 180, training loss: 0.3425472676753998
acc_val: 0.7675
Epoch 190, training loss: 0.31358322501182556
acc_val: 0.7675
=== picking the best model according to the performance on validation ===
target class rate on Vs: 0.2834
accuracy on clean test nodes: 0.7500
ASR: 0.0900
CA: 0.7400
