nohup: ignoring input
Namespace(clean_test_nodes_num=200, cuda=True, dataset='pubmed', debug=True, defense_mode='none', device_id=5, dropout=0.5, epochs=200, hidden=32, homo_boost_thrd=0.6, homo_loss_weight=0, load_benign_model=True, lr=0.01, model='GCN', no_cuda=False, prune_thr=0.1, seed=10, target_class=0, target_test_nodes_num=200, test_model='GCN', thrd=0.5, trigger_size=3, trojan_epochs=200, vs_ratio=0.01, weight_decay=0.0005)
Loading benign GCN model Finished!
Benign CA: 0.8110
Benign CA on clean test nodes: 0.7400
19717
200
Epoch 0, training loss: 1.098490834236145
acc_train_clean: 0.2083, acc_train_attach: 0.3155
Epoch 10, training loss: 0.6075447201728821
acc_train_clean: 0.3333, acc_train_attach: 1.0000
Epoch 20, training loss: 0.5429587364196777
acc_train_clean: 0.5583, acc_train_attach: 1.0000
Epoch 30, training loss: 0.46013858914375305
acc_train_clean: 0.8042, acc_train_attach: 1.0000
Epoch 40, training loss: 0.37842512130737305
acc_train_clean: 0.8542, acc_train_attach: 1.0000
Epoch 50, training loss: 0.31342199444770813
acc_train_clean: 0.8625, acc_train_attach: 1.0000
Epoch 60, training loss: 0.2580145001411438
acc_train_clean: 0.8750, acc_train_attach: 1.0000
Epoch 70, training loss: 0.24708066880702972
acc_train_clean: 0.8708, acc_train_attach: 1.0000
Epoch 80, training loss: 0.21780796349048615
acc_train_clean: 0.9125, acc_train_attach: 1.0000
Epoch 90, training loss: 0.19871540367603302
acc_train_clean: 0.9292, acc_train_attach: 0.9947
Epoch 100, training loss: 0.20866759121418
acc_train_clean: 0.9167, acc_train_attach: 0.9947
Epoch 110, training loss: 0.23188872635364532
acc_train_clean: 0.9208, acc_train_attach: 1.0000
Epoch 120, training loss: 0.1986335664987564
acc_train_clean: 0.9375, acc_train_attach: 0.9947
Epoch 130, training loss: 0.16939203441143036
acc_train_clean: 0.9458, acc_train_attach: 1.0000
Epoch 140, training loss: 0.1529444009065628
acc_train_clean: 0.9583, acc_train_attach: 1.0000
Epoch 150, training loss: 0.1574837863445282
acc_train_clean: 0.9583, acc_train_attach: 0.9947
Epoch 160, training loss: 0.1521543562412262
acc_train_clean: 0.9458, acc_train_attach: 1.0000
Epoch 170, training loss: 0.12763607501983643
acc_train_clean: 0.9708, acc_train_attach: 1.0000
Epoch 180, training loss: 0.13360823690891266
acc_train_clean: 0.9542, acc_train_attach: 1.0000
Epoch 190, training loss: 0.12905186414718628
acc_train_clean: 0.9667, acc_train_attach: 1.0000
427
427
81052 81052
{11777, 10246, 7175, 17928, 15370, 13326, 12816, 17914, 2067, 15892, 1530, 3606, 10776, 15385, 17438, 1566, 12833, 16419, 18983, 13352, 4650, 45, 15919, 4145, 8753, 8755, 6201, 9785, 12864, 64, 10307, 4676, 7754, 3147, 16460, 19533, 9294, 1101, 4176, 7245, 19539, 13395, 4179, 4692, 10839, 15448, 3680, 3681, 3170, 7274, 9324, 11373, 14454, 19584, 128, 12419, 10884, 4742, 2183, 11400, 6283, 1680, 18066, 6805, 6294, 5277, 11935, 15009, 10408, 16552, 19122, 8371, 14005, 14011, 19132, 8905, 9930, 13517, 7374, 12494, 18642, 5332, 7384, 8926, 6369, 226, 9445, 235, 4849, 753, 9460, 7414, 10492, 11007, 18176, 16130, 3845, 14086, 16645, 9993, 1296, 7959, 15640, 15132, 18722, 15145, 8494, 7473, 2354, 5427, 6964, 13621, 6455, 1855, 4933, 8522, 15178, 14156, 11084, 18250, 16717, 9043, 12627, 16728, 9563, 12637, 8547, 5987, 16741, 2917, 4970, 18799, 14193, 17778, 3955, 17266, 374, 14713, 6012, 2941, 16256, 12164, 6532, 3974, 18311, 8588, 19341, 19350, 17303, 3481, 7580, 17824, 14753, 8609, 17316, 6565, 7592, 6570, 17835, 18348, 2478, 6575, 9141, 14263, 14780, 12221, 15294, 8646, 17865, 6606, 3541, 2520, 9181, 5092, 6628, 18918, 11751, 15848, 15845, 4076, 4589, 2543, 5103, 10226, 2554, 6651, 3068}
=== training gcn model ===
Epoch 0, training loss: 1.1005754470825195
acc_val: 0.2275
Epoch 10, training loss: 0.6209462285041809
acc_val: 0.2275
Epoch 20, training loss: 0.542163074016571
acc_val: 0.4750
Epoch 30, training loss: 0.49079298973083496
acc_val: 0.7200
Epoch 40, training loss: 0.43439894914627075
acc_val: 0.7975
Epoch 50, training loss: 0.37938615679740906
acc_val: 0.7650
Epoch 60, training loss: 0.35227659344673157
acc_val: 0.7775
Epoch 70, training loss: 0.3084852993488312
acc_val: 0.7725
Epoch 80, training loss: 0.29655298590660095
acc_val: 0.7875
Epoch 90, training loss: 0.28620460629463196
acc_val: 0.7875
Epoch 100, training loss: 0.24022690951824188
acc_val: 0.7925
Epoch 110, training loss: 0.23388636112213135
acc_val: 0.7925
Epoch 120, training loss: 0.21781137585639954
acc_val: 0.7900
Epoch 130, training loss: 0.2218610644340515
acc_val: 0.7850
Epoch 140, training loss: 0.20874688029289246
acc_val: 0.7975
Epoch 150, training loss: 0.20202256739139557
acc_val: 0.8100
Epoch 160, training loss: 0.19152526557445526
acc_val: 0.8025
Epoch 170, training loss: 0.1821664571762085
acc_val: 0.8075
Epoch 180, training loss: 0.1844933182001114
acc_val: 0.8075
Epoch 190, training loss: 0.19079448282718658
acc_val: 0.7975
=== picking the best model according to the performance on validation ===
target class rate on Vs: 1.0000
accuracy on clean test nodes: 0.7350
ASR: 1.0000
CA: 0.7050
