nohup: ignoring input
Namespace(clean_test_nodes_num=200, cuda=True, dataset='pubmed', debug=True, defense_mode='prune', device_id=5, dropout=0.5, epochs=200, hidden=32, homo_boost_thrd=0.6, homo_loss_weight=0.0, load_benign_model=True, lr=0.01, model='GCN', no_cuda=False, prune_thr=0.15, seed=10, target_class=0, target_test_nodes_num=200, test_model='GraphSage', thrd=0.5, trigger_size=3, trojan_epochs=200, vs_ratio=0.01, weight_decay=0.0005)
Loading benign GCN model Finished!
Benign CA: 0.8110
Benign CA on clean test nodes: 0.7400
19717
200
Epoch 0, training loss: 1.098490834236145
acc_train_clean: 0.2083, acc_train_attach: 0.3155
Epoch 10, training loss: 0.6075447201728821
acc_train_clean: 0.3333, acc_train_attach: 1.0000
Epoch 20, training loss: 0.5429587364196777
acc_train_clean: 0.5583, acc_train_attach: 1.0000
Epoch 30, training loss: 0.4601385295391083
acc_train_clean: 0.8042, acc_train_attach: 1.0000
Epoch 40, training loss: 0.37842515110969543
acc_train_clean: 0.8542, acc_train_attach: 1.0000
Epoch 50, training loss: 0.31342199444770813
acc_train_clean: 0.8625, acc_train_attach: 1.0000
Epoch 60, training loss: 0.2580145001411438
acc_train_clean: 0.8750, acc_train_attach: 1.0000
Epoch 70, training loss: 0.24708066880702972
acc_train_clean: 0.8708, acc_train_attach: 1.0000
Epoch 80, training loss: 0.21780796349048615
acc_train_clean: 0.9125, acc_train_attach: 1.0000
Epoch 90, training loss: 0.1987154185771942
acc_train_clean: 0.9292, acc_train_attach: 0.9947
Epoch 100, training loss: 0.2086676061153412
acc_train_clean: 0.9167, acc_train_attach: 0.9947
Epoch 110, training loss: 0.23188871145248413
acc_train_clean: 0.9208, acc_train_attach: 1.0000
Epoch 120, training loss: 0.1986335664987564
acc_train_clean: 0.9375, acc_train_attach: 0.9947
Epoch 130, training loss: 0.16939203441143036
acc_train_clean: 0.9458, acc_train_attach: 1.0000
Epoch 140, training loss: 0.152944415807724
acc_train_clean: 0.9583, acc_train_attach: 1.0000
Epoch 150, training loss: 0.1574838012456894
acc_train_clean: 0.9583, acc_train_attach: 0.9947
Epoch 160, training loss: 0.1521543562412262
acc_train_clean: 0.9458, acc_train_attach: 1.0000
Epoch 170, training loss: 0.12763606011867523
acc_train_clean: 0.9708, acc_train_attach: 1.0000
Epoch 180, training loss: 0.13360826671123505
acc_train_clean: 0.9542, acc_train_attach: 1.0000
Epoch 190, training loss: 0.12905187904834747
acc_train_clean: 0.9667, acc_train_attach: 1.0000
427
427
81052 57604
{11777, 10246, 7175, 17928, 15370, 13326, 12816, 17914, 2067, 15892, 1530, 3606, 10776, 15385, 17438, 1566, 12833, 16419, 18983, 13352, 4650, 45, 15919, 4145, 8753, 8755, 6201, 9785, 12864, 64, 10307, 4676, 7754, 3147, 16460, 19533, 9294, 1101, 4176, 7245, 19539, 13395, 4179, 4692, 10839, 15448, 3680, 3681, 3170, 7274, 9324, 11373, 14454, 19584, 128, 12419, 10884, 4742, 2183, 11400, 6283, 1680, 18066, 6805, 6294, 5277, 11935, 15009, 10408, 16552, 19122, 8371, 14005, 14011, 19132, 8905, 9930, 13517, 7374, 12494, 18642, 5332, 7384, 8926, 6369, 226, 9445, 235, 4849, 753, 9460, 7414, 10492, 11007, 18176, 16130, 3845, 14086, 16645, 9993, 1296, 7959, 15640, 15132, 18722, 15145, 8494, 7473, 2354, 5427, 6964, 13621, 6455, 1855, 4933, 8522, 15178, 14156, 11084, 18250, 16717, 9043, 12627, 16728, 9563, 12637, 8547, 5987, 16741, 2917, 4970, 18799, 14193, 17778, 3955, 17266, 374, 14713, 6012, 2941, 16256, 12164, 6532, 3974, 18311, 8588, 19341, 19350, 17303, 3481, 7580, 17824, 14753, 8609, 17316, 6565, 7592, 6570, 17835, 18348, 2478, 6575, 9141, 14263, 14780, 12221, 15294, 8646, 17865, 6606, 3541, 2520, 9181, 5092, 6628, 18918, 11751, 15848, 15845, 4076, 4589, 2543, 5103, 10226, 2554, 6651, 3068}
=== training gcn model ===
Epoch 0, training loss: 1.161036729812622
acc_val: 0.4750
Epoch 10, training loss: 0.8290091753005981
acc_val: 0.2275
Epoch 20, training loss: 0.6728495359420776
acc_val: 0.2750
Epoch 30, training loss: 0.5255172252655029
acc_val: 0.3375
Epoch 40, training loss: 0.39648228883743286
acc_val: 0.3600
Epoch 50, training loss: 0.2989502549171448
acc_val: 0.3875
Epoch 60, training loss: 0.2406328171491623
acc_val: 0.4200
Epoch 70, training loss: 0.19304460287094116
acc_val: 0.4125
Epoch 80, training loss: 0.1798456311225891
acc_val: 0.4400
Epoch 90, training loss: 0.1606893390417099
acc_val: 0.4350
Epoch 100, training loss: 0.15205632150173187
acc_val: 0.4450
Epoch 110, training loss: 0.14082758128643036
acc_val: 0.4550
Epoch 120, training loss: 0.14339464902877808
acc_val: 0.4425
Epoch 130, training loss: 0.13074824213981628
acc_val: 0.4425
Epoch 140, training loss: 0.11122120916843414
acc_val: 0.4450
Epoch 150, training loss: 0.11359552294015884
acc_val: 0.4375
Epoch 160, training loss: 0.10512997210025787
acc_val: 0.4475
Epoch 170, training loss: 0.10190397500991821
acc_val: 0.4675
Epoch 180, training loss: 0.10254096239805222
acc_val: 0.4800
Epoch 190, training loss: 0.11525364220142365
acc_val: 0.4375
=== picking the best model according to the performance on validation ===
target class rate on Vs: 1.0000
accuracy on clean test nodes: 0.4250
ASR: 0.5400
CA: 0.4300
