nohup: ignoring input
Namespace(attack_method='GTA', cuda=True, dataset='Flickr', debug=True, defense_mode='none', device_id=1, dis_weight=1.0, dropout=0.5, epochs=200, hidden=32, homo_boost_thrd=0.5, homo_loss_weight=0.0, inner=1, lr=0.01, model='GraphSage', no_cuda=False, prune_thr=0.1, seed=10, selection_method='none', target_class=0, target_loss_weight=1, test_model='GraphSage', thrd=0.5, trigger_prob=0.5, trigger_size=3, trojan_epochs=200, vs_ratio=0.01, weight_decay=0.0005)
Length of training set: 17850
Training benign model Finished!
Total time elapsed: 5.6357s
Benign model saved at ./modelpath/GraphSage_Flickr_benign.pth
Benign CA: 0.4399
Epoch 0, loss_inner: 1.94652, loss_target: 1.92854, homo loss: 0.00000 
acc_train_clean: 0.0496, ASR_train_attach: 0.0280, ASR_train_outter: 0.1281
Epoch 10, loss_inner: 1.65685, loss_target: 1.59918, homo loss: 0.00000 
acc_train_clean: 0.4117, ASR_train_attach: 0.9846, ASR_train_outter: 0.9845
Epoch 20, loss_inner: 1.58266, loss_target: 1.54481, homo loss: 0.00000 
acc_train_clean: 0.4147, ASR_train_attach: 0.9650, ASR_train_outter: 0.9690
Epoch 30, loss_inner: 1.57196, loss_target: 1.53575, homo loss: 0.00000 
acc_train_clean: 0.4147, ASR_train_attach: 0.9692, ASR_train_outter: 0.9706
Epoch 40, loss_inner: 1.57156, loss_target: 1.53385, homo loss: 0.00000 
acc_train_clean: 0.4127, ASR_train_attach: 0.9804, ASR_train_outter: 0.9796
Epoch 50, loss_inner: 1.57203, loss_target: 1.54464, homo loss: 0.00000 
acc_train_clean: 0.4083, ASR_train_attach: 0.9958, ASR_train_outter: 0.9967
Epoch 60, loss_inner: 1.56823, loss_target: 1.52464, homo loss: 0.00000 
acc_train_clean: 0.4166, ASR_train_attach: 0.9510, ASR_train_outter: 0.9739
Epoch 70, loss_inner: 1.58116, loss_target: 1.52178, homo loss: 0.00000 
acc_train_clean: 0.4052, ASR_train_attach: 0.9986, ASR_train_outter: 0.9886
Epoch 80, loss_inner: 1.55491, loss_target: 1.52812, homo loss: 0.00000 
acc_train_clean: 0.4126, ASR_train_attach: 0.9874, ASR_train_outter: 0.9429
Epoch 90, loss_inner: 1.57096, loss_target: 2.21826, homo loss: 0.00000 
acc_train_clean: 0.4066, ASR_train_attach: 0.9986, ASR_train_outter: 0.0000
Epoch 100, loss_inner: 1.61595, loss_target: 1.67464, homo loss: 0.00000 
acc_train_clean: 0.4025, ASR_train_attach: 1.0000, ASR_train_outter: 1.0000
Epoch 110, loss_inner: 1.55763, loss_target: 1.52317, homo loss: 0.00000 
acc_train_clean: 0.4158, ASR_train_attach: 0.9692, ASR_train_outter: 0.9837
Epoch 120, loss_inner: 1.54448, loss_target: 1.50734, homo loss: 0.00000 
acc_train_clean: 0.4160, ASR_train_attach: 0.9762, ASR_train_outter: 0.9821
Epoch 130, loss_inner: 1.53932, loss_target: 1.50205, homo loss: 0.00000 
acc_train_clean: 0.4157, ASR_train_attach: 0.9762, ASR_train_outter: 0.9755
Epoch 140, loss_inner: 1.53591, loss_target: 1.49850, homo loss: 0.00000 
acc_train_clean: 0.4161, ASR_train_attach: 0.9860, ASR_train_outter: 0.9894
Epoch 150, loss_inner: 1.53293, loss_target: 1.49701, homo loss: 0.00000 
acc_train_clean: 0.4160, ASR_train_attach: 0.9874, ASR_train_outter: 0.9886
Epoch 160, loss_inner: 1.52999, loss_target: 1.49337, homo loss: 0.00000 
acc_train_clean: 0.4165, ASR_train_attach: 0.9874, ASR_train_outter: 0.9902
Epoch 170, loss_inner: 1.52671, loss_target: 1.48925, homo loss: 0.00000 
acc_train_clean: 0.4165, ASR_train_attach: 0.9888, ASR_train_outter: 0.9894
Epoch 180, loss_inner: 1.52314, loss_target: 1.48582, homo loss: 0.00000 
acc_train_clean: 0.4178, ASR_train_attach: 0.9874, ASR_train_outter: 0.9902
Epoch 190, loss_inner: 1.51890, loss_target: 1.48229, homo loss: 0.00000 
acc_train_clean: 0.4183, ASR_train_attach: 0.9902, ASR_train_outter: 0.9910
precent of left attach nodes: 1.000
target class rate on Vs: 0.9972
accuracy on clean test nodes: 0.4556
ASR: 1.0000
CA: 0.4550
