nohup: ignoring input
WARNING:root:The OGB package is out of date. Your version is 1.3.3, while the latest version is 1.3.4.
1
2
Namespace(attack_method='Basic', cuda=True, dataset='Reddit2', debug=True, defense_mode='isolate', device_id=2, dis_weight=1.0, dropout=0.5, epochs=200, hidden=128, homo_boost_thrd=0.5, homo_loss_weight=0.0, inner=1, lr=0.01, model='GCN', no_cuda=False, prune_thr=0.2, seed=10, selection_method='none', target_class=0, target_loss_weight=1, test_model='GCN', thrd=0.5, train_lr=0.02, trigger_prob=0.5, trigger_size=3, trojan_epochs=200, vs_ratio=0.01, weight_decay=0.0005)
Loading benign GCN model Finished!
Benign CA: 0.3497
Epoch 0, loss_inner: 3.71451, loss_target: 3.69783, homo loss: 0.00000 
acc_train_clean: 0.0275, ASR_train_attach: 0.0000, ASR_train_outter: 0.4400
Epoch 10, loss_inner: 3.32850, loss_target: 3.29251, homo loss: 0.00000 
acc_train_clean: 0.1045, ASR_train_attach: 1.0000, ASR_train_outter: 1.0000
Epoch 20, loss_inner: 3.26479, loss_target: 3.22685, homo loss: 0.00000 
acc_train_clean: 0.1179, ASR_train_attach: 1.0000, ASR_train_outter: 1.0000
Epoch 30, loss_inner: 3.20061, loss_target: 3.16169, homo loss: 0.00000 
acc_train_clean: 0.1198, ASR_train_attach: 0.9995, ASR_train_outter: 0.9996
Epoch 40, loss_inner: 3.11223, loss_target: 3.07176, homo loss: 0.00000 
acc_train_clean: 0.1275, ASR_train_attach: 1.0000, ASR_train_outter: 1.0000
Epoch 50, loss_inner: 3.00823, loss_target: 2.97595, homo loss: 0.00000 
acc_train_clean: 0.1421, ASR_train_attach: 1.0000, ASR_train_outter: 1.0000
Epoch 60, loss_inner: 2.98005, loss_target: 2.96794, homo loss: 0.00000 
acc_train_clean: 0.1416, ASR_train_attach: 1.0000, ASR_train_outter: 1.0000
Epoch 70, loss_inner: 2.81943, loss_target: 2.77921, homo loss: 0.00000 
acc_train_clean: 0.1870, ASR_train_attach: 0.9995, ASR_train_outter: 1.0000
Epoch 80, loss_inner: 2.72127, loss_target: 2.68518, homo loss: 0.00000 
acc_train_clean: 0.2546, ASR_train_attach: 0.9984, ASR_train_outter: 0.9958
Epoch 90, loss_inner: 2.63279, loss_target: 2.60207, homo loss: 0.00000 
acc_train_clean: 0.2889, ASR_train_attach: 0.9968, ASR_train_outter: 0.9941
Epoch 100, loss_inner: 2.56031, loss_target: 2.53030, homo loss: 0.00000 
acc_train_clean: 0.3188, ASR_train_attach: 0.9936, ASR_train_outter: 0.9945
Epoch 110, loss_inner: 2.49551, loss_target: 2.46601, homo loss: 0.00000 
acc_train_clean: 0.3352, ASR_train_attach: 0.9877, ASR_train_outter: 0.9895
Epoch 120, loss_inner: 2.43756, loss_target: 2.40927, homo loss: 0.00000 
acc_train_clean: 0.3469, ASR_train_attach: 0.9882, ASR_train_outter: 0.9903
Epoch 130, loss_inner: 2.39253, loss_target: 2.36398, homo loss: 0.00000 
acc_train_clean: 0.3547, ASR_train_attach: 0.9769, ASR_train_outter: 0.9907
Epoch 140, loss_inner: 2.35755, loss_target: 2.33111, homo loss: 0.00000 
acc_train_clean: 0.3610, ASR_train_attach: 0.9914, ASR_train_outter: 0.9912
Epoch 150, loss_inner: 2.33114, loss_target: 2.30112, homo loss: 0.00000 
acc_train_clean: 0.3560, ASR_train_attach: 0.9860, ASR_train_outter: 0.9832
Epoch 160, loss_inner: 2.29724, loss_target: 2.27367, homo loss: 0.00000 
acc_train_clean: 0.3694, ASR_train_attach: 0.9871, ASR_train_outter: 0.9857
Epoch 170, loss_inner: 2.47115, loss_target: 2.27393, homo loss: 0.00000 
acc_train_clean: 0.3726, ASR_train_attach: 0.3060, ASR_train_outter: 0.9962
Epoch 180, loss_inner: 2.89190, loss_target: 3.08853, homo loss: 0.00000 
acc_train_clean: 0.2546, ASR_train_attach: 1.0000, ASR_train_outter: 0.2248
Epoch 190, loss_inner: 2.67282, loss_target: 2.64780, homo loss: 0.00000 
acc_train_clean: 0.3119, ASR_train_attach: 0.7563, ASR_train_outter: 0.9836
precent of left attach nodes: 0.000
target class rate on Vs: 0.0714
accuracy on clean test nodes: 0.4080
ASR: 0.0719
CA: 0.4002
