nohup: ignoring input
1
2
Namespace(attack_method='Basic', cuda=True, dataset='Reddit2', debug=True, defense_mode='none', device_id=0, dis_weight=1.0, dropout=0.5, epochs=200, hidden=128, homo_boost_thrd=0.5, homo_loss_weight=0.0, inner=1, lr=0.01, model='GCN', no_cuda=False, prune_thr=0.3, seed=10, selection_method='none', target_class=0, target_loss_weight=1, test_model='GCN', thrd=0.5, train_lr=0.02, trigger_prob=0.5, trigger_size=3, trojan_epochs=200, vs_ratio=0.01, weight_decay=0.0005)
Length of training set: 46593
Training benign model Finished!
Total time elapsed: 69.4265s
Benign CA: 0.8566
Epoch 0, loss_inner: 4.28045, loss_target: 3.41684, homo loss: 0.00000 
acc_train_clean: 0.0210, ASR_train_attach: 0.0000, ASR_train_outter: 0.9655
Epoch 10, loss_inner: 2.53717, loss_target: 2.46657, homo loss: 0.00000 
acc_train_clean: 0.3720, ASR_train_attach: 0.6259, ASR_train_outter: 0.5347
Epoch 20, loss_inner: 1.96262, loss_target: 1.95445, homo loss: 0.00000 
acc_train_clean: 0.4891, ASR_train_attach: 0.3849, ASR_train_outter: 0.5752
Epoch 30, loss_inner: 1.73111, loss_target: 1.80886, homo loss: 0.00000 
acc_train_clean: 0.5374, ASR_train_attach: 0.3629, ASR_train_outter: 0.3027
Epoch 40, loss_inner: 1.50967, loss_target: 1.50491, homo loss: 0.00000 
acc_train_clean: 0.6216, ASR_train_attach: 0.4079, ASR_train_outter: 0.3718
Epoch 50, loss_inner: 1.36683, loss_target: 1.87317, homo loss: 0.00000 
acc_train_clean: 0.5963, ASR_train_attach: 0.5776, ASR_train_outter: 0.3124
Epoch 60, loss_inner: 1.45791, loss_target: 1.40198, homo loss: 0.00000 
acc_train_clean: 0.6088, ASR_train_attach: 0.5335, ASR_train_outter: 0.6627
Epoch 70, loss_inner: 1.12125, loss_target: 1.09895, homo loss: 0.00000 
acc_train_clean: 0.7249, ASR_train_attach: 0.5142, ASR_train_outter: 0.4695
Epoch 80, loss_inner: 1.24865, loss_target: 1.37395, homo loss: 0.00000 
acc_train_clean: 0.6431, ASR_train_attach: 0.6125, ASR_train_outter: 0.4627
Epoch 90, loss_inner: 0.95058, loss_target: 0.95295, homo loss: 0.00000 
acc_train_clean: 0.7619, ASR_train_attach: 0.5196, ASR_train_outter: 0.5693
Epoch 100, loss_inner: 0.77399, loss_target: 0.77517, homo loss: 0.00000 
acc_train_clean: 0.8240, ASR_train_attach: 0.5319, ASR_train_outter: 0.4775
Epoch 110, loss_inner: 1.30353, loss_target: 1.42627, homo loss: 0.00000 
acc_train_clean: 0.6537, ASR_train_attach: 0.4058, ASR_train_outter: 0.3760
Epoch 120, loss_inner: 1.01422, loss_target: 0.99123, homo loss: 0.00000 
acc_train_clean: 0.7480, ASR_train_attach: 0.5400, ASR_train_outter: 0.6194
Epoch 130, loss_inner: 0.77028, loss_target: 0.76582, homo loss: 0.00000 
acc_train_clean: 0.8245, ASR_train_attach: 0.6125, ASR_train_outter: 0.5882
Epoch 140, loss_inner: 0.65454, loss_target: 0.65801, homo loss: 0.00000 
acc_train_clean: 0.8585, ASR_train_attach: 0.5931, ASR_train_outter: 0.5516
Epoch 150, loss_inner: 0.72395, loss_target: 0.72249, homo loss: 0.00000 
acc_train_clean: 0.8327, ASR_train_attach: 0.5888, ASR_train_outter: 0.6257
Epoch 160, loss_inner: 0.60726, loss_target: 0.61586, homo loss: 0.00000 
acc_train_clean: 0.8626, ASR_train_attach: 0.5878, ASR_train_outter: 0.6404
Epoch 170, loss_inner: 0.55330, loss_target: 0.56735, homo loss: 0.00000 
acc_train_clean: 0.8791, ASR_train_attach: 0.6479, ASR_train_outter: 0.5983
Epoch 180, loss_inner: 0.59498, loss_target: 0.60772, homo loss: 0.00000 
acc_train_clean: 0.8494, ASR_train_attach: 0.6849, ASR_train_outter: 0.5617
Epoch 190, loss_inner: 0.54808, loss_target: 0.55584, homo loss: 0.00000 
acc_train_clean: 0.8821, ASR_train_attach: 0.6087, ASR_train_outter: 0.6914
precent of left attach nodes: 1.000
target class rate on Vs: 0.6543
accuracy on clean test nodes: 0.8517
ASR: 0.9395
CA: 0.6016
