Namespace(attack_method='Rand_Samp', cuda=True, dataset='Citeseer', debug=True, defense_mode='prune', device_id=0, dis_weight=1, dropout=0.5, epochs=200, evaluate_mode='overall', hidden=32, homo_boost_thrd=0.5, homo_loss_weight=0, inner=1, lr=0.01, model='GCN', no_cuda=False, prune_thr=0.1, seed=10, selection_method='none', target_class=0, target_loss_weight=1, test_model='GCN', thrd=0.5, train_lr=0.01, trigger_prob=0.5, trigger_size=3, trojan_epochs=200, vs_ratio=0.005, weight_decay=0.0005)
Length of training set: 665
Training benign model Finished!
Total time elapsed: 34.0754s
Benign CA: 0.7440
precent of left attach nodes: 1.000
target class rate on Vs: 0.0769
accuracy on clean test nodes: 0.7440
ASR: 0.0090
Flip ASR: 0.0034/298 nodes
CA: 0.7349
odel='GCN', no_cuda=False, prune_thr=0.1, seed=10, selection_method='none', target_class=0, target_loss_weight=1, test_model='GCN', thrd=0.5, train_lr=0.01, trigger_prob=0.5, trigger_size=3, trojan_epochs=200, vs_ratio=0.005, weight_decay=0.0005)
Length of training set: 665
Training benign model Finished!
Total time elapsed: 20.0254s
Benign CA: 0.7440
precent of left attach nodes: 1.000
target class rate on Vs: 0.0769
accuracy on clean test nodes: 0.7440
ASR: 0.0090
Flip ASR: 0.0034/298 nodes
CA: 0.7349
