Namespace(attack_method='Basic', cuda=True, dataset='Flickr', debug=True, defense_mode='isolate', device_id=1, dis_weight=1, dropout=0.5, epochs=200, evaluate_mode='overall', hidden=64, homo_boost_thrd=0.5, homo_loss_weight=0, inner=1, lr=0.01, model='GCN', no_cuda=False, prune_thr=0.4, seed=10, selection_method='none', target_class=0, target_loss_weight=1, test_model='GCN', thrd=0.5, train_lr=0.02, trigger_prob=0.5, trigger_size=3, trojan_epochs=200, vs_ratio=0.005, weight_decay=0.0005)
Length of training set: 17850
Training benign model Finished!
Total time elapsed: 19.9723s
Benign CA: 0.4533
Epoch 0, loss_inner: 1.94562, loss_target: 1.91275, homo loss: 0.00000 
acc_train_clean: 0.1945, ASR_train_attach: 0.0028, ASR_train_outter: 0.0725
Epoch 10, loss_inner: 1.61210, loss_target: 1.56493, homo loss: 0.00000 
acc_train_clean: 0.4239, ASR_train_attach: 0.9776, ASR_train_outter: 0.9885
Epoch 20, loss_inner: 1.59358, loss_target: 1.54842, homo loss: 0.00000 
acc_train_clean: 0.4243, ASR_train_attach: 0.9440, ASR_train_outter: 0.9839
Epoch 30, loss_inner: 1.59611, loss_target: 1.56089, homo loss: 0.00000 
acc_train_clean: 0.4204, ASR_train_attach: 0.9916, ASR_train_outter: 0.9954
Epoch 40, loss_inner: 1.58790, loss_target: 1.54361, homo loss: 0.00000 
acc_train_clean: 0.4244, ASR_train_attach: 0.9384, ASR_train_outter: 0.9885
Epoch 50, loss_inner: 1.59259, loss_target: 1.54695, homo loss: 0.00000 
acc_train_clean: 0.4243, ASR_train_attach: 0.8487, ASR_train_outter: 0.9942
Epoch 60, loss_inner: 1.62594, loss_target: 1.56828, homo loss: 0.00000 
acc_train_clean: 0.4242, ASR_train_attach: 0.7479, ASR_train_outter: 0.9885
Epoch 70, loss_inner: 1.58763, loss_target: 1.54524, homo loss: 0.00000 
acc_train_clean: 0.4244, ASR_train_attach: 0.9524, ASR_train_outter: 0.9839
Epoch 80, loss_inner: 1.57409, loss_target: 1.53255, homo loss: 0.00000 
acc_train_clean: 0.4244, ASR_train_attach: 0.9692, ASR_train_outter: 0.9873
Epoch 90, loss_inner: 1.56879, loss_target: 1.52634, homo loss: 0.00000 
acc_train_clean: 0.4243, ASR_train_attach: 0.9664, ASR_train_outter: 0.9873
Epoch 100, loss_inner: 1.58558, loss_target: 1.60324, homo loss: 0.00000 
acc_train_clean: 0.4178, ASR_train_attach: 0.9944, ASR_train_outter: 0.9977
Epoch 110, loss_inner: 1.55860, loss_target: 1.51753, homo loss: 0.00000 
acc_train_clean: 0.4247, ASR_train_attach: 0.9636, ASR_train_outter: 0.9885
Epoch 120, loss_inner: 1.55429, loss_target: 1.51250, homo loss: 0.00000 
acc_train_clean: 0.4257, ASR_train_attach: 0.9748, ASR_train_outter: 0.9885
Epoch 130, loss_inner: 1.54953, loss_target: 1.50931, homo loss: 0.00000 
acc_train_clean: 0.4257, ASR_train_attach: 0.9888, ASR_train_outter: 0.9931
Epoch 140, loss_inner: 1.54630, loss_target: 1.50520, homo loss: 0.00000 
acc_train_clean: 0.4260, ASR_train_attach: 0.9888, ASR_train_outter: 0.9896
Epoch 150, loss_inner: 1.54337, loss_target: 1.50158, homo loss: 0.00000 
acc_train_clean: 0.4264, ASR_train_attach: 0.9888, ASR_train_outter: 0.9896
Epoch 160, loss_inner: 1.53874, loss_target: 1.49881, homo loss: 0.00000 
acc_train_clean: 0.4274, ASR_train_attach: 0.9888, ASR_train_outter: 0.9942
Epoch 170, loss_inner: 1.53477, loss_target: 1.49897, homo loss: 0.00000 
acc_train_clean: 0.4285, ASR_train_attach: 0.9916, ASR_train_outter: 0.9954
Epoch 180, loss_inner: 1.54625, loss_target: 1.49735, homo loss: 0.00000 
acc_train_clean: 0.4302, ASR_train_attach: 0.8403, ASR_train_outter: 0.9816
Epoch 190, loss_inner: 1.54054, loss_target: 1.49498, homo loss: 0.00000 
acc_train_clean: 0.4329, ASR_train_attach: 0.8936, ASR_train_outter: 0.9781
precent of left attach nodes: 0.000
target class rate on Vs: 0.0000
accuracy on clean test nodes: 0.4491
ASR: 0.0000
Flip ASR: 0.0000/8360 nodes
CA: 0.4352
