Namespace(attack_method='Basic', cuda=True, dataset='Flickr', debug=True, defense_mode='prune', device_id=1, dis_weight=1, dropout=0.5, epochs=200, evaluate_mode='overall', hidden=64, homo_boost_thrd=0.5, homo_loss_weight=0, inner=1, lr=0.01, model='GCN', no_cuda=False, prune_thr=0.4, seed=10, selection_method='none', target_class=0, target_loss_weight=1, test_model='GCN', thrd=0.5, train_lr=0.02, trigger_prob=0.5, trigger_size=3, trojan_epochs=200, vs_ratio=0.005, weight_decay=0.0005)
Length of training set: 17850
Training benign model Finished!
Total time elapsed: 19.3281s
Benign CA: 0.4538
Epoch 0, loss_inner: 1.94562, loss_target: 1.91275, homo loss: 0.00000 
acc_train_clean: 0.1945, ASR_train_attach: 0.0028, ASR_train_outter: 0.0725
Epoch 10, loss_inner: 1.61210, loss_target: 1.56493, homo loss: 0.00000 
acc_train_clean: 0.4239, ASR_train_attach: 0.9776, ASR_train_outter: 0.9885
Epoch 20, loss_inner: 1.59358, loss_target: 1.54842, homo loss: 0.00000 
acc_train_clean: 0.4243, ASR_train_attach: 0.9440, ASR_train_outter: 0.9839
Epoch 30, loss_inner: 1.59611, loss_target: 1.56089, homo loss: 0.00000 
acc_train_clean: 0.4204, ASR_train_attach: 0.9916, ASR_train_outter: 0.9954
Epoch 40, loss_inner: 1.58789, loss_target: 1.54361, homo loss: 0.00000 
acc_train_clean: 0.4244, ASR_train_attach: 0.9384, ASR_train_outter: 0.9885
Epoch 50, loss_inner: 1.59258, loss_target: 1.54694, homo loss: 0.00000 
acc_train_clean: 0.4243, ASR_train_attach: 0.8487, ASR_train_outter: 0.9942
Epoch 60, loss_inner: 1.62605, loss_target: 1.56830, homo loss: 0.00000 
acc_train_clean: 0.4242, ASR_train_attach: 0.7367, ASR_train_outter: 0.9885
Epoch 70, loss_inner: 1.58638, loss_target: 1.54544, homo loss: 0.00000 
acc_train_clean: 0.4242, ASR_train_attach: 0.9720, ASR_train_outter: 0.9850
Epoch 80, loss_inner: 1.57484, loss_target: 1.54641, homo loss: 0.00000 
acc_train_clean: 0.4221, ASR_train_attach: 0.9916, ASR_train_outter: 0.9942
Epoch 90, loss_inner: 1.56754, loss_target: 1.53331, homo loss: 0.00000 
acc_train_clean: 0.4231, ASR_train_attach: 0.9888, ASR_train_outter: 0.9931
Epoch 100, loss_inner: 1.56109, loss_target: 1.52095, homo loss: 0.00000 
acc_train_clean: 0.4246, ASR_train_attach: 0.9748, ASR_train_outter: 0.9885
Epoch 110, loss_inner: 1.55726, loss_target: 1.51577, homo loss: 0.00000 
acc_train_clean: 0.4251, ASR_train_attach: 0.9888, ASR_train_outter: 0.9896
Epoch 120, loss_inner: 1.55255, loss_target: 1.51110, homo loss: 0.00000 
acc_train_clean: 0.4252, ASR_train_attach: 0.9888, ASR_train_outter: 0.9896
Epoch 130, loss_inner: 1.54910, loss_target: 1.50964, homo loss: 0.00000 
acc_train_clean: 0.4262, ASR_train_attach: 0.9888, ASR_train_outter: 0.9862
Epoch 140, loss_inner: 1.54519, loss_target: 1.50925, homo loss: 0.00000 
acc_train_clean: 0.4267, ASR_train_attach: 0.9916, ASR_train_outter: 0.9954
Epoch 150, loss_inner: 1.54227, loss_target: 1.50239, homo loss: 0.00000 
acc_train_clean: 0.4266, ASR_train_attach: 0.9888, ASR_train_outter: 0.9931
Epoch 160, loss_inner: 1.54042, loss_target: 1.49835, homo loss: 0.00000 
acc_train_clean: 0.4281, ASR_train_attach: 0.9888, ASR_train_outter: 0.9908
Epoch 170, loss_inner: 1.53566, loss_target: 1.49504, homo loss: 0.00000 
acc_train_clean: 0.4285, ASR_train_attach: 0.9888, ASR_train_outter: 0.9942
Epoch 180, loss_inner: 1.53490, loss_target: 1.49251, homo loss: 0.00000 
acc_train_clean: 0.4296, ASR_train_attach: 0.9888, ASR_train_outter: 0.9919
Epoch 190, loss_inner: 1.53084, loss_target: 1.48993, homo loss: 0.00000 
acc_train_clean: 0.4308, ASR_train_attach: 0.9888, ASR_train_outter: 0.9931
precent of left attach nodes: 1.000
target class rate on Vs: 0.0000
accuracy on clean test nodes: 0.4193
ASR: 0.0000
Flip ASR: 0.0000/8360 nodes
CA: 0.4229
