Namespace(attack_method='Basic', cuda=True, dataset='Flickr', debug=True, defense_mode='prune', device_id=2, dis_weight=1.0, dropout=0.5, epochs=200, evaluate_mode='overall', hidden=64, homo_boost_thrd=0.5, homo_loss_weight=1.0, inner=1, lr=0.01, model='GCN', no_cuda=False, prune_thr=0.4, seed=10, selection_method='none', target_class=0, target_loss_weight=1, test_model='GCN', thrd=0.5, train_lr=0.02, trigger_prob=0.5, trigger_size=3, trojan_epochs=200, vs_ratio=0.001, weight_decay=0.0005)
Length of training set: 17850
Training benign model Finished!
Total time elapsed: 17.6965s
Benign CA: 0.4539
Epoch 0, loss_inner: 1.94571, loss_target: 1.91384, homo loss: 0.48287 
acc_train_clean: 0.1937, ASR_train_attach: 0.0000, ASR_train_outter: 0.0000
Epoch 10, loss_inner: 1.64748, loss_target: 1.76412, homo loss: 0.33674 
acc_train_clean: 0.4243, ASR_train_attach: 0.0000, ASR_train_outter: 0.0000
Epoch 20, loss_inner: 1.62349, loss_target: 1.65304, homo loss: 0.03820 
acc_train_clean: 0.4243, ASR_train_attach: 0.0000, ASR_train_outter: 0.0000
Epoch 30, loss_inner: 1.62299, loss_target: 1.62142, homo loss: 0.00789 
acc_train_clean: 0.4243, ASR_train_attach: 0.0141, ASR_train_outter: 0.1509
Epoch 40, loss_inner: 1.60871, loss_target: 1.57070, homo loss: 0.00537 
acc_train_clean: 0.4243, ASR_train_attach: 0.9577, ASR_train_outter: 0.9657
Epoch 50, loss_inner: 1.60447, loss_target: 1.56527, homo loss: 0.00813 
acc_train_clean: 0.4243, ASR_train_attach: 0.9577, ASR_train_outter: 0.9726
Epoch 60, loss_inner: 1.59850, loss_target: 1.55840, homo loss: 0.00779 
acc_train_clean: 0.4243, ASR_train_attach: 0.9577, ASR_train_outter: 0.9726
Epoch 70, loss_inner: 1.59369, loss_target: 1.55389, homo loss: 0.00327 
acc_train_clean: 0.4243, ASR_train_attach: 0.9577, ASR_train_outter: 0.9777
Epoch 80, loss_inner: 1.58756, loss_target: 1.54636, homo loss: 0.00740 
acc_train_clean: 0.4246, ASR_train_attach: 0.9577, ASR_train_outter: 0.9846
Epoch 90, loss_inner: 1.58146, loss_target: 1.54047, homo loss: 0.00925 
acc_train_clean: 0.4250, ASR_train_attach: 0.9577, ASR_train_outter: 0.9811
Epoch 100, loss_inner: 1.57527, loss_target: 1.53434, homo loss: 0.00395 
acc_train_clean: 0.4261, ASR_train_attach: 0.9859, ASR_train_outter: 0.9846
Epoch 110, loss_inner: 1.56792, loss_target: 1.52720, homo loss: 0.00303 
acc_train_clean: 0.4276, ASR_train_attach: 0.9859, ASR_train_outter: 0.9880
Epoch 120, loss_inner: 1.55964, loss_target: 1.51820, homo loss: 0.00849 
acc_train_clean: 0.4321, ASR_train_attach: 0.9859, ASR_train_outter: 0.9880
Epoch 130, loss_inner: 1.55203, loss_target: 1.51153, homo loss: 0.00559 
acc_train_clean: 0.4375, ASR_train_attach: 0.9859, ASR_train_outter: 0.9880
Epoch 140, loss_inner: 1.54541, loss_target: 1.50412, homo loss: 0.00584 
acc_train_clean: 0.4460, ASR_train_attach: 0.9859, ASR_train_outter: 0.9880
Epoch 150, loss_inner: 1.53915, loss_target: 1.49767, homo loss: 0.00350 
acc_train_clean: 0.4508, ASR_train_attach: 0.9859, ASR_train_outter: 0.9914
Epoch 160, loss_inner: 1.53503, loss_target: 1.49412, homo loss: 0.00335 
acc_train_clean: 0.4556, ASR_train_attach: 0.9859, ASR_train_outter: 0.9897
Epoch 170, loss_inner: 1.53419, loss_target: 1.50687, homo loss: 0.00639 
acc_train_clean: 0.4522, ASR_train_attach: 0.9859, ASR_train_outter: 0.9931
Epoch 180, loss_inner: 1.54145, loss_target: 1.49741, homo loss: 0.00435 
acc_train_clean: 0.4578, ASR_train_attach: 0.0000, ASR_train_outter: 0.9931
Epoch 190, loss_inner: 1.53252, loss_target: 1.49177, homo loss: 0.00546 
acc_train_clean: 0.4615, ASR_train_attach: 0.9859, ASR_train_outter: 0.9983
precent of left attach nodes: 1.000
target class rate on Vs: 0.9296
accuracy on clean test nodes: 0.4174
ASR: 0.9492
Flip ASR: 0.9500/8360 nodes
CA: 0.4243
