Namespace(attack_method='Basic', cuda=True, dataset='Flickr', debug=True, defense_mode='none', device_id=1, dis_weight=1, dropout=0.5, epochs=200, evaluate_mode='overall', hidden=64, homo_boost_thrd=0.5, homo_loss_weight=0, inner=1, lr=0.01, model='GCN', no_cuda=False, prune_thr=0.15, seed=10, selection_method='none', target_class=0, target_loss_weight=1, test_model='GCN', thrd=0.5, train_lr=0.02, trigger_prob=0.5, trigger_size=3, trojan_epochs=200, vs_ratio=0.005, weight_decay=0.0005)
Length of training set: 17850
Training benign model Finished!
Total time elapsed: 20.5684s
Benign CA: 0.4517
Epoch 0, loss_inner: 1.94562, loss_target: 1.91275, homo loss: 0.00000 
acc_train_clean: 0.1945, ASR_train_attach: 0.0028, ASR_train_outter: 0.0725
Epoch 10, loss_inner: 1.61210, loss_target: 1.56493, homo loss: 0.00000 
acc_train_clean: 0.4239, ASR_train_attach: 0.9776, ASR_train_outter: 0.9885
Epoch 20, loss_inner: 1.59358, loss_target: 1.54842, homo loss: 0.00000 
acc_train_clean: 0.4243, ASR_train_attach: 0.9440, ASR_train_outter: 0.9839
Epoch 30, loss_inner: 1.59611, loss_target: 1.56089, homo loss: 0.00000 
acc_train_clean: 0.4204, ASR_train_attach: 0.9916, ASR_train_outter: 0.9954
Epoch 40, loss_inner: 1.58790, loss_target: 1.54361, homo loss: 0.00000 
acc_train_clean: 0.4244, ASR_train_attach: 0.9384, ASR_train_outter: 0.9885
Epoch 50, loss_inner: 1.59259, loss_target: 1.54695, homo loss: 0.00000 
acc_train_clean: 0.4243, ASR_train_attach: 0.8487, ASR_train_outter: 0.9942
Epoch 60, loss_inner: 1.62594, loss_target: 1.56828, homo loss: 0.00000 
acc_train_clean: 0.4242, ASR_train_attach: 0.7479, ASR_train_outter: 0.9885
Epoch 70, loss_inner: 1.58770, loss_target: 1.54527, homo loss: 0.00000 
acc_train_clean: 0.4244, ASR_train_attach: 0.9496, ASR_train_outter: 0.9839
Epoch 80, loss_inner: 1.57424, loss_target: 1.53263, homo loss: 0.00000 
acc_train_clean: 0.4244, ASR_train_attach: 0.9636, ASR_train_outter: 0.9873
Epoch 90, loss_inner: 1.56918, loss_target: 1.52645, homo loss: 0.00000 
acc_train_clean: 0.4243, ASR_train_attach: 0.9580, ASR_train_outter: 0.9873
Epoch 100, loss_inner: 1.57741, loss_target: 1.53091, homo loss: 0.00000 
acc_train_clean: 0.4245, ASR_train_attach: 0.7507, ASR_train_outter: 0.9471
Epoch 110, loss_inner: 1.55667, loss_target: 1.52255, homo loss: 0.00000 
acc_train_clean: 0.4245, ASR_train_attach: 0.9888, ASR_train_outter: 0.9931
Epoch 120, loss_inner: 1.55619, loss_target: 1.51287, homo loss: 0.00000 
acc_train_clean: 0.4251, ASR_train_attach: 0.9552, ASR_train_outter: 0.9885
Epoch 130, loss_inner: 1.55596, loss_target: 1.51003, homo loss: 0.00000 
acc_train_clean: 0.4253, ASR_train_attach: 0.9524, ASR_train_outter: 0.9885
Epoch 140, loss_inner: 1.54904, loss_target: 1.50683, homo loss: 0.00000 
acc_train_clean: 0.4257, ASR_train_attach: 0.9860, ASR_train_outter: 0.9896
Epoch 150, loss_inner: 1.54402, loss_target: 1.50450, homo loss: 0.00000 
acc_train_clean: 0.4262, ASR_train_attach: 0.9888, ASR_train_outter: 0.9885
Epoch 160, loss_inner: 1.54063, loss_target: 1.50468, homo loss: 0.00000 
acc_train_clean: 0.4262, ASR_train_attach: 0.9916, ASR_train_outter: 0.9954
Epoch 170, loss_inner: 1.53942, loss_target: 1.49762, homo loss: 0.00000 
acc_train_clean: 0.4275, ASR_train_attach: 0.9860, ASR_train_outter: 0.9919
Epoch 180, loss_inner: 1.53615, loss_target: 1.49389, homo loss: 0.00000 
acc_train_clean: 0.4290, ASR_train_attach: 0.9888, ASR_train_outter: 0.9931
Epoch 190, loss_inner: 1.53161, loss_target: 1.48990, homo loss: 0.00000 
acc_train_clean: 0.4304, ASR_train_attach: 0.9888, ASR_train_outter: 0.9931
precent of left attach nodes: 1.000
target class rate on Vs: 0.9916
accuracy on clean test nodes: 0.4554
ASR: 1.0000
Flip ASR: 1.0000/8360 nodes
CA: 0.4317
