nohup: ignoring input
Namespace(attack_method='Rand_Gene', cuda=True, dataset='Cora', debug=True, defense_mode='prune', device_id=1, dropout=0.5, epochs=200, hidden=32, homo_boost_thrd=0.5, homo_loss_weight=1.0, inner=1, lr=0.01, model='GCN', no_cuda=False, prune_thr=0.3, seed=10, selection_method='none', target_class=0, test_model='GCN', thrd=0.5, trigger_prob=0.5, trigger_size=3, trojan_epochs=200, vs_ratio=0.01, weight_decay=0.0005)
Length of training set: 541
Training benign model Finished!
Total time elapsed: 2.2300s
Benign CA: 0.8444
Epoch 0, loss_inner: 1.94660, loss_target: 0.00000, homo loss: 0.48719 
acc_train_clean: 0.1423, ASR_train_attach: 0.0000, ASR_train_outter: 0.2758
Epoch 10, loss_inner: 1.71579, loss_target: 0.00000, homo loss: 0.48778 
acc_train_clean: 0.3216, ASR_train_attach: 0.9048, ASR_train_outter: 0.1614
Epoch 20, loss_inner: 1.54017, loss_target: 0.00000, homo loss: 0.48754 
acc_train_clean: 0.3235, ASR_train_attach: 1.0000, ASR_train_outter: 0.5197
Epoch 30, loss_inner: 1.36139, loss_target: 0.00000, homo loss: 0.48800 
acc_train_clean: 0.5323, ASR_train_attach: 0.9524, ASR_train_outter: 0.5591
Epoch 40, loss_inner: 1.17051, loss_target: 0.00000, homo loss: 0.48715 
acc_train_clean: 0.6599, ASR_train_attach: 1.0000, ASR_train_outter: 0.5666
Epoch 50, loss_inner: 0.98742, loss_target: 0.00000, homo loss: 0.48794 
acc_train_clean: 0.7856, ASR_train_attach: 1.0000, ASR_train_outter: 0.5159
Epoch 60, loss_inner: 0.83410, loss_target: 0.00000, homo loss: 0.48705 
acc_train_clean: 0.8503, ASR_train_attach: 1.0000, ASR_train_outter: 0.4822
Epoch 70, loss_inner: 0.71266, loss_target: 0.00000, homo loss: 0.48785 
acc_train_clean: 0.8725, ASR_train_attach: 1.0000, ASR_train_outter: 0.4765
Epoch 80, loss_inner: 0.62113, loss_target: 0.00000, homo loss: 0.48725 
acc_train_clean: 0.8799, ASR_train_attach: 1.0000, ASR_train_outter: 0.4522
Epoch 90, loss_inner: 0.55295, loss_target: 0.00000, homo loss: 0.48748 
acc_train_clean: 0.8891, ASR_train_attach: 0.9524, ASR_train_outter: 0.4653
Epoch 100, loss_inner: 0.50000, loss_target: 0.00000, homo loss: 0.48785 
acc_train_clean: 0.9020, ASR_train_attach: 0.9524, ASR_train_outter: 0.4747
Epoch 110, loss_inner: 0.45527, loss_target: 0.00000, homo loss: 0.48843 
acc_train_clean: 0.9094, ASR_train_attach: 1.0000, ASR_train_outter: 0.4540
Epoch 120, loss_inner: 0.42126, loss_target: 0.00000, homo loss: 0.48782 
acc_train_clean: 0.9261, ASR_train_attach: 1.0000, ASR_train_outter: 0.4540
Epoch 130, loss_inner: 0.39366, loss_target: 0.00000, homo loss: 0.48828 
acc_train_clean: 0.9353, ASR_train_attach: 1.0000, ASR_train_outter: 0.5103
Epoch 140, loss_inner: 0.37115, loss_target: 0.00000, homo loss: 0.48761 
acc_train_clean: 0.9372, ASR_train_attach: 1.0000, ASR_train_outter: 0.4578
Epoch 150, loss_inner: 0.35133, loss_target: 0.00000, homo loss: 0.48683 
acc_train_clean: 0.9445, ASR_train_attach: 1.0000, ASR_train_outter: 0.4559
Epoch 160, loss_inner: 0.33655, loss_target: 0.00000, homo loss: 0.48823 
acc_train_clean: 0.9482, ASR_train_attach: 1.0000, ASR_train_outter: 0.4221
Epoch 170, loss_inner: 0.32323, loss_target: 0.00000, homo loss: 0.48706 
acc_train_clean: 0.9501, ASR_train_attach: 1.0000, ASR_train_outter: 0.4128
Epoch 180, loss_inner: 0.30992, loss_target: 0.00000, homo loss: 0.48711 
acc_train_clean: 0.9519, ASR_train_attach: 1.0000, ASR_train_outter: 0.4371
Epoch 190, loss_inner: 0.30101, loss_target: 0.00000, homo loss: 0.48774 
acc_train_clean: 0.9538, ASR_train_attach: 1.0000, ASR_train_outter: 0.4428
precent of left attach nodes: 1.000
target class rate on Vs: 0.9524
accuracy on clean test nodes: 0.7963
ASR: 0.1993
CA: 0.7333
