nohup: ignoring input
Namespace(attack_method='Basic', cuda=True, dataset='Reddit2', debug=True, defense_mode='prune', device_id=2, dis_weight=1, dropout=0.5, epochs=200, evaluate_mode='overall', hidden=64, homo_boost_thrd=0.5, homo_loss_weight=0, inner=1, lr=0.01, model='GCN', no_cuda=False, prune_thr=0.3, seed=11, selection_method='none', target_class=0, target_loss_weight=1, test_model='GCN', thrd=0.5, train_lr=0.02, trigger_prob=0.5, trigger_size=3, trojan_epochs=200, use_vs_number=False, vs_number=0, vs_ratio=0.01, weight_decay=0.0005)
Length of training set: 46593
Training benign model Finished!
Total time elapsed: 57.4252s
Benign CA: 0.8508
idx_attach: tensor([231411, 107748, 212724,  ...,  72328,  98166,  58246], device='cuda:2')
Epoch 0, loss_inner: 3.71334, loss_target: 3.70038, homo loss: 0.00000 
acc_train_clean: 0.0197, ASR_train_attach: 0.0000, ASR_train_outter: 0.0000
Epoch 10, loss_inner: 3.37112, loss_target: 3.31808, homo loss: 0.00000 
acc_train_clean: 0.1172, ASR_train_attach: 0.9995, ASR_train_outter: 1.0000
Epoch 20, loss_inner: 3.29334, loss_target: 3.25755, homo loss: 0.00000 
acc_train_clean: 0.1165, ASR_train_attach: 1.0000, ASR_train_outter: 1.0000
Epoch 30, loss_inner: 3.24909, loss_target: 3.21252, homo loss: 0.00000 
acc_train_clean: 0.1197, ASR_train_attach: 0.9995, ASR_train_outter: 0.9992
Epoch 40, loss_inner: 3.18473, loss_target: 3.14590, homo loss: 0.00000 
acc_train_clean: 0.1208, ASR_train_attach: 0.9995, ASR_train_outter: 0.9996
Epoch 50, loss_inner: 3.10246, loss_target: 3.06266, homo loss: 0.00000 
acc_train_clean: 0.1296, ASR_train_attach: 1.0000, ASR_train_outter: 1.0000
Epoch 60, loss_inner: 3.03517, loss_target: 2.99281, homo loss: 0.00000 
acc_train_clean: 0.1535, ASR_train_attach: 0.9785, ASR_train_outter: 0.9907
Epoch 70, loss_inner: 2.92174, loss_target: 2.88156, homo loss: 0.00000 
acc_train_clean: 0.1642, ASR_train_attach: 0.9995, ASR_train_outter: 0.9996
Epoch 80, loss_inner: 2.87562, loss_target: 2.84097, homo loss: 0.00000 
acc_train_clean: 0.1992, ASR_train_attach: 1.0000, ASR_train_outter: 0.9183
Epoch 90, loss_inner: 3.09104, loss_target: 2.83425, homo loss: 0.00000 
acc_train_clean: 0.1903, ASR_train_attach: 0.0032, ASR_train_outter: 0.9992
Epoch 100, loss_inner: 2.90736, loss_target: 2.89354, homo loss: 0.00000 
acc_train_clean: 0.2020, ASR_train_attach: 1.0000, ASR_train_outter: 1.0000
Epoch 110, loss_inner: 2.81634, loss_target: 2.78608, homo loss: 0.00000 
acc_train_clean: 0.2180, ASR_train_attach: 1.0000, ASR_train_outter: 1.0000
Epoch 120, loss_inner: 2.70934, loss_target: 2.68107, homo loss: 0.00000 
acc_train_clean: 0.2290, ASR_train_attach: 0.9989, ASR_train_outter: 0.9381
Epoch 130, loss_inner: 2.65138, loss_target: 2.62956, homo loss: 0.00000 
acc_train_clean: 0.2553, ASR_train_attach: 0.9968, ASR_train_outter: 0.9549
Epoch 140, loss_inner: 2.60810, loss_target: 2.58044, homo loss: 0.00000 
acc_train_clean: 0.2564, ASR_train_attach: 0.9930, ASR_train_outter: 0.9895
Epoch 150, loss_inner: 2.57063, loss_target: 2.54390, homo loss: 0.00000 
acc_train_clean: 0.2889, ASR_train_attach: 0.9850, ASR_train_outter: 0.9878
Epoch 160, loss_inner: 2.53888, loss_target: 2.51279, homo loss: 0.00000 
acc_train_clean: 0.2867, ASR_train_attach: 0.9850, ASR_train_outter: 0.9878
Epoch 170, loss_inner: 2.50962, loss_target: 2.48411, homo loss: 0.00000 
acc_train_clean: 0.2995, ASR_train_attach: 0.9823, ASR_train_outter: 0.9853
Epoch 180, loss_inner: 2.48220, loss_target: 2.45724, homo loss: 0.00000 
acc_train_clean: 0.3256, ASR_train_attach: 0.9844, ASR_train_outter: 0.9861
Epoch 190, loss_inner: 2.45668, loss_target: 2.43225, homo loss: 0.00000 
acc_train_clean: 0.3355, ASR_train_attach: 0.9860, ASR_train_outter: 0.9869
precent of left attach nodes: 1.000
target class rate on Vs: 0.0644
accuracy on clean test nodes: 0.8637
ASR: 0.0736
Flip ASR: 0.0193/21976 nodes
CA: 0.8561
