nohup: ignoring input
WARNING:root:The OGB package is out of date. Your version is 1.3.3, while the latest version is 1.3.4.
1
2
Namespace(attack_method='Basic', cuda=True, dataset='Reddit2', debug=True, defense_mode='prune', device_id=1, dis_weight=1.0, dropout=0.5, epochs=200, hidden=128, homo_boost_thrd=0.5, homo_loss_weight=1.0, inner=1, lr=0.01, model='GCN', no_cuda=False, prune_thr=0.2, seed=10, selection_method='none', target_class=0, target_loss_weight=1, test_model='GCN', thrd=0.5, train_lr=0.02, trigger_prob=0.5, trigger_size=3, trojan_epochs=200, vs_ratio=0.01, weight_decay=0.0005)
Loading benign GCN model Finished!
Benign CA: 0.3497
Epoch 0, loss_inner: 3.71451, loss_target: 3.69783, homo loss: 0.55530 
acc_train_clean: 0.0275, ASR_train_attach: 0.0000, ASR_train_outter: 0.4400
Epoch 10, loss_inner: 3.32896, loss_target: 3.29546, homo loss: 0.05602 
acc_train_clean: 0.0582, ASR_train_attach: 1.0000, ASR_train_outter: 1.0000
Epoch 20, loss_inner: 3.26920, loss_target: 3.23067, homo loss: 0.00432 
acc_train_clean: 0.1144, ASR_train_attach: 1.0000, ASR_train_outter: 1.0000
Epoch 30, loss_inner: 3.20232, loss_target: 3.16301, homo loss: 0.00083 
acc_train_clean: 0.1201, ASR_train_attach: 0.9989, ASR_train_outter: 0.9996
Epoch 40, loss_inner: 3.10049, loss_target: 3.05864, homo loss: 0.00000 
acc_train_clean: 0.1271, ASR_train_attach: 1.0000, ASR_train_outter: 1.0000
Epoch 50, loss_inner: 2.96733, loss_target: 2.92450, homo loss: 0.00000 
acc_train_clean: 0.1568, ASR_train_attach: 1.0000, ASR_train_outter: 1.0000
Epoch 60, loss_inner: 2.95684, loss_target: 2.94104, homo loss: 0.00020 
acc_train_clean: 0.1637, ASR_train_attach: 1.0000, ASR_train_outter: 1.0000
Epoch 70, loss_inner: 2.88097, loss_target: 2.83214, homo loss: 0.06545 
acc_train_clean: 0.2046, ASR_train_attach: 0.9979, ASR_train_outter: 0.9941
Epoch 80, loss_inner: 2.79001, loss_target: 2.75703, homo loss: 0.06051 
acc_train_clean: 0.2745, ASR_train_attach: 0.9962, ASR_train_outter: 0.9971
Epoch 90, loss_inner: 2.71425, loss_target: 2.68345, homo loss: 0.03879 
acc_train_clean: 0.2495, ASR_train_attach: 1.0000, ASR_train_outter: 1.0000
Epoch 100, loss_inner: 2.64504, loss_target: 2.61405, homo loss: 0.00572 
acc_train_clean: 0.2965, ASR_train_attach: 0.9936, ASR_train_outter: 0.9945
Epoch 110, loss_inner: 2.57888, loss_target: 2.54673, homo loss: 0.00000 
acc_train_clean: 0.3168, ASR_train_attach: 0.9871, ASR_train_outter: 0.9886
Epoch 120, loss_inner: 2.51547, loss_target: 2.48551, homo loss: 0.00000 
acc_train_clean: 0.3370, ASR_train_attach: 0.9866, ASR_train_outter: 0.9878
Epoch 130, loss_inner: 2.46175, loss_target: 2.43424, homo loss: 0.00118 
acc_train_clean: 0.3460, ASR_train_attach: 0.9903, ASR_train_outter: 0.9899
Epoch 140, loss_inner: 2.41490, loss_target: 2.38689, homo loss: 0.00547 
acc_train_clean: 0.3563, ASR_train_attach: 0.9866, ASR_train_outter: 0.9861
Epoch 150, loss_inner: 2.37676, loss_target: 2.35300, homo loss: 0.00095 
acc_train_clean: 0.3648, ASR_train_attach: 0.9860, ASR_train_outter: 0.9798
Epoch 160, loss_inner: 2.89735, loss_target: 2.45111, homo loss: 0.00407 
acc_train_clean: 0.3324, ASR_train_attach: 0.0327, ASR_train_outter: 0.6838
Epoch 170, loss_inner: 2.51891, loss_target: 2.50456, homo loss: 0.11869 
acc_train_clean: 0.3272, ASR_train_attach: 0.9995, ASR_train_outter: 0.8994
Epoch 180, loss_inner: 2.40956, loss_target: 2.38049, homo loss: 0.08615 
acc_train_clean: 0.3523, ASR_train_attach: 1.0000, ASR_train_outter: 0.9971
Epoch 190, loss_inner: 2.35083, loss_target: 2.32919, homo loss: 0.05475 
acc_train_clean: 0.3450, ASR_train_attach: 0.9887, ASR_train_outter: 0.9891
precent of left attach nodes: 1.000
target class rate on Vs: 0.9785
accuracy on clean test nodes: 0.4070
ASR: 0.9900
CA: 0.3116
