nohup: ignoring input
1
2
Namespace(attack_method='Basic', cuda=True, dataset='Flickr', debug=True, defense_mode='prune', device_id=2, dis_weight=1.0, dropout=0.5, epochs=200, hidden=128, homo_boost_thrd=0.5, homo_loss_weight=1.0, inner=1, lr=0.01, model='GCN', no_cuda=False, prune_thr=0.2, seed=10, selection_method='none', target_class=0, target_loss_weight=1, test_model='GCN', thrd=0.5, train_lr=0.02, trigger_prob=0.5, trigger_size=3, trojan_epochs=200, vs_ratio=0.01, weight_decay=0.0005)
Length of training set: 17850
Training benign model Finished!
Total time elapsed: 10.8254s
Benign CA: 0.4946
Epoch 0, loss_inner: 2.04169, loss_target: 4.16711, homo loss: 0.53174 
acc_train_clean: 0.1782, ASR_train_attach: 0.2745, ASR_train_outter: 0.0873
Epoch 10, loss_inner: 1.73586, loss_target: 1.66289, homo loss: 0.02114 
acc_train_clean: 0.4094, ASR_train_attach: 0.9384, ASR_train_outter: 0.9454
Epoch 20, loss_inner: 1.53342, loss_target: 1.50681, homo loss: 0.02167 
acc_train_clean: 0.4599, ASR_train_attach: 0.8501, ASR_train_outter: 0.8638
Epoch 30, loss_inner: 1.48655, loss_target: 1.45945, homo loss: 0.01542 
acc_train_clean: 0.4696, ASR_train_attach: 0.9104, ASR_train_outter: 0.9152
Epoch 40, loss_inner: 1.44913, loss_target: 1.41829, homo loss: 0.01852 
acc_train_clean: 0.4825, ASR_train_attach: 0.9188, ASR_train_outter: 0.9209
Epoch 50, loss_inner: 1.41876, loss_target: 1.38701, homo loss: 0.01768 
acc_train_clean: 0.4915, ASR_train_attach: 0.9174, ASR_train_outter: 0.9241
Epoch 60, loss_inner: 1.41281, loss_target: 1.39146, homo loss: 0.01541 
acc_train_clean: 0.5051, ASR_train_attach: 0.5672, ASR_train_outter: 0.6909
Epoch 70, loss_inner: 1.33514, loss_target: 1.30355, homo loss: 0.02164 
acc_train_clean: 0.5174, ASR_train_attach: 0.9426, ASR_train_outter: 0.9356
Epoch 80, loss_inner: 1.27947, loss_target: 1.24962, homo loss: 0.01873 
acc_train_clean: 0.5342, ASR_train_attach: 0.9426, ASR_train_outter: 0.9421
Epoch 90, loss_inner: 1.22136, loss_target: 1.18654, homo loss: 0.01493 
acc_train_clean: 0.5600, ASR_train_attach: 0.9482, ASR_train_outter: 0.9437
Epoch 100, loss_inner: 1.16100, loss_target: 1.12673, homo loss: 0.03560 
acc_train_clean: 0.5799, ASR_train_attach: 0.9622, ASR_train_outter: 0.9772
Epoch 110, loss_inner: 1.07193, loss_target: 1.05198, homo loss: 0.01884 
acc_train_clean: 0.6242, ASR_train_attach: 0.9622, ASR_train_outter: 0.9364
Epoch 120, loss_inner: 1.01424, loss_target: 1.06927, homo loss: 0.01564 
acc_train_clean: 0.6544, ASR_train_attach: 0.9776, ASR_train_outter: 0.9078
Epoch 130, loss_inner: 0.92460, loss_target: 0.89728, homo loss: 0.02299 
acc_train_clean: 0.6733, ASR_train_attach: 0.9664, ASR_train_outter: 0.9454
Epoch 140, loss_inner: 0.80914, loss_target: 0.78212, homo loss: 0.01517 
acc_train_clean: 0.7230, ASR_train_attach: 0.9734, ASR_train_outter: 0.9772
Epoch 150, loss_inner: 0.78845, loss_target: 0.77183, homo loss: 0.01493 
acc_train_clean: 0.7475, ASR_train_attach: 0.6429, ASR_train_outter: 0.9421
Epoch 160, loss_inner: 0.69099, loss_target: 0.64818, homo loss: 0.01602 
acc_train_clean: 0.7710, ASR_train_attach: 0.9426, ASR_train_outter: 0.9666
Epoch 170, loss_inner: 0.53643, loss_target: 0.52837, homo loss: 0.01590 
acc_train_clean: 0.8463, ASR_train_attach: 0.9846, ASR_train_outter: 0.9739
Epoch 180, loss_inner: 0.45137, loss_target: 0.48387, homo loss: 0.01520 
acc_train_clean: 0.8998, ASR_train_attach: 0.9846, ASR_train_outter: 0.9592
Epoch 190, loss_inner: 0.44358, loss_target: 0.44099, homo loss: 0.01458 
acc_train_clean: 0.8981, ASR_train_attach: 0.9748, ASR_train_outter: 0.8728
precent of left attach nodes: 1.000
target class rate on Vs: 0.9342
accuracy on clean test nodes: 0.4862
ASR: 0.9918
CA: 0.4577
