nohup: ignoring input
1
2
Namespace(attack_method='Basic', cuda=True, dataset='Flickr', debug=True, defense_mode='prune', device_id=0, dis_weight=1.0, dropout=0.5, epochs=200, hidden=128, homo_boost_thrd=0.5, homo_loss_weight=1.0, inner=1, lr=0.01, model='GCN', no_cuda=False, prune_thr=0.3, seed=10, selection_method='none', target_class=0, target_loss_weight=1, test_model='GCN', thrd=0.5, train_lr=0.02, trigger_prob=0.5, trigger_size=3, trojan_epochs=200, vs_ratio=0.01, weight_decay=0.0005)
Length of training set: 17850
Training benign model Finished!
Total time elapsed: 9.4379s
Benign CA: 0.4996
Epoch 0, loss_inner: 2.04169, loss_target: 4.16711, homo loss: 0.53174 
acc_train_clean: 0.1782, ASR_train_attach: 0.2745, ASR_train_outter: 0.0873
Epoch 10, loss_inner: 1.73586, loss_target: 1.66289, homo loss: 0.02114 
acc_train_clean: 0.4094, ASR_train_attach: 0.9384, ASR_train_outter: 0.9454
Epoch 20, loss_inner: 1.53342, loss_target: 1.50681, homo loss: 0.02167 
acc_train_clean: 0.4599, ASR_train_attach: 0.8501, ASR_train_outter: 0.8638
Epoch 30, loss_inner: 1.48654, loss_target: 1.45944, homo loss: 0.01542 
acc_train_clean: 0.4696, ASR_train_attach: 0.9104, ASR_train_outter: 0.9152
Epoch 40, loss_inner: 1.44913, loss_target: 1.41829, homo loss: 0.01854 
acc_train_clean: 0.4825, ASR_train_attach: 0.9188, ASR_train_outter: 0.9209
Epoch 50, loss_inner: 1.41875, loss_target: 1.38700, homo loss: 0.01768 
acc_train_clean: 0.4915, ASR_train_attach: 0.9174, ASR_train_outter: 0.9241
Epoch 60, loss_inner: 1.38285, loss_target: 1.35069, homo loss: 0.01848 
acc_train_clean: 0.5037, ASR_train_attach: 0.9048, ASR_train_outter: 0.9184
Epoch 70, loss_inner: 1.33427, loss_target: 1.30239, homo loss: 0.01682 
acc_train_clean: 0.5185, ASR_train_attach: 0.9370, ASR_train_outter: 0.9372
Epoch 80, loss_inner: 1.27862, loss_target: 1.24852, homo loss: 0.01857 
acc_train_clean: 0.5339, ASR_train_attach: 0.9440, ASR_train_outter: 0.9413
Epoch 90, loss_inner: 1.22729, loss_target: 1.19413, homo loss: 0.01464 
acc_train_clean: 0.5459, ASR_train_attach: 0.9384, ASR_train_outter: 0.9462
Epoch 100, loss_inner: 1.18628, loss_target: 1.12750, homo loss: 0.01932 
acc_train_clean: 0.5607, ASR_train_attach: 0.9650, ASR_train_outter: 0.9747
Epoch 110, loss_inner: 1.09652, loss_target: 1.06145, homo loss: 0.02108 
acc_train_clean: 0.5995, ASR_train_attach: 0.9510, ASR_train_outter: 0.9592
Epoch 120, loss_inner: 0.99257, loss_target: 0.96572, homo loss: 0.01613 
acc_train_clean: 0.6507, ASR_train_attach: 0.9650, ASR_train_outter: 0.9494
Epoch 130, loss_inner: 0.97252, loss_target: 0.94569, homo loss: 0.02708 
acc_train_clean: 0.6645, ASR_train_attach: 0.9762, ASR_train_outter: 0.9747
Epoch 140, loss_inner: 0.84786, loss_target: 0.82377, homo loss: 0.03298 
acc_train_clean: 0.7077, ASR_train_attach: 0.9664, ASR_train_outter: 0.9821
Epoch 150, loss_inner: 0.72679, loss_target: 0.71772, homo loss: 0.01639 
acc_train_clean: 0.7585, ASR_train_attach: 0.9692, ASR_train_outter: 0.9633
Epoch 160, loss_inner: 0.63966, loss_target: 0.65568, homo loss: 0.01721 
acc_train_clean: 0.8071, ASR_train_attach: 0.9916, ASR_train_outter: 0.9894
Epoch 170, loss_inner: 0.53329, loss_target: 0.53475, homo loss: 0.01721 
acc_train_clean: 0.8519, ASR_train_attach: 0.9902, ASR_train_outter: 0.9755
Epoch 180, loss_inner: 0.47525, loss_target: 0.46702, homo loss: 0.01467 
acc_train_clean: 0.8874, ASR_train_attach: 0.9174, ASR_train_outter: 0.9478
Epoch 190, loss_inner: 0.46068, loss_target: 0.43216, homo loss: 0.01359 
acc_train_clean: 0.9075, ASR_train_attach: 0.2325, ASR_train_outter: 0.9747
precent of left attach nodes: 1.000
target class rate on Vs: 0.9258
accuracy on clean test nodes: 0.4843
ASR: 0.9714
CA: 0.4565
