nohup: ignoring input
Namespace(attack_method='GTA', cuda=True, dataset='Cora', debug=True, defense_mode='prune', device_id=1, dis_weight=1.0, dropout=0.5, epochs=200, hidden=32, homo_boost_thrd=0.5, homo_loss_weight=1.0, inner=1, lr=0.01, model='GCN', no_cuda=False, prune_thr=0.1, seed=10, selection_method='none', target_class=0, target_loss_weight=1, test_model='GCN', thrd=0.5, trigger_prob=0.5, trigger_size=3, trojan_epochs=200, vs_ratio=0.01, weight_decay=0.0005)
Length of training set: 541
Training benign model Finished!
Total time elapsed: 2.3141s
Benign CA: 0.8444
Epoch 0, loss_inner: 1.94637, loss_target: 1.91882, homo loss: 0.50262 
acc_train_clean: 0.1405, ASR_train_attach: 0.0000, ASR_train_outter: 0.9250
Epoch 10, loss_inner: 1.70668, loss_target: 1.00862, homo loss: 0.30997 
acc_train_clean: 0.3179, ASR_train_attach: 1.0000, ASR_train_outter: 1.0000
Epoch 20, loss_inner: 1.57119, loss_target: 0.91045, homo loss: 0.27064 
acc_train_clean: 0.3198, ASR_train_attach: 1.0000, ASR_train_outter: 1.0000
Epoch 30, loss_inner: 1.44497, loss_target: 0.91746, homo loss: 0.35905 
acc_train_clean: 0.4806, ASR_train_attach: 1.0000, ASR_train_outter: 1.0000
Epoch 40, loss_inner: 1.28959, loss_target: 0.73780, homo loss: 0.27363 
acc_train_clean: 0.5379, ASR_train_attach: 0.9524, ASR_train_outter: 0.9850
Epoch 50, loss_inner: 1.11840, loss_target: 0.67206, homo loss: 0.27381 
acc_train_clean: 0.6710, ASR_train_attach: 0.9524, ASR_train_outter: 0.9268
Epoch 60, loss_inner: 0.94841, loss_target: 0.56385, homo loss: 0.25595 
acc_train_clean: 0.8022, ASR_train_attach: 0.9524, ASR_train_outter: 0.9887
Epoch 70, loss_inner: 0.81209, loss_target: 0.52898, homo loss: 0.25319 
acc_train_clean: 0.8484, ASR_train_attach: 1.0000, ASR_train_outter: 0.9981
Epoch 80, loss_inner: 0.70630, loss_target: 0.45316, homo loss: 0.24803 
acc_train_clean: 0.8632, ASR_train_attach: 1.0000, ASR_train_outter: 0.9831
Epoch 90, loss_inner: 0.62362, loss_target: 0.38408, homo loss: 0.23825 
acc_train_clean: 0.8762, ASR_train_attach: 0.9524, ASR_train_outter: 0.9662
Epoch 100, loss_inner: 0.56441, loss_target: 0.40641, homo loss: 0.24124 
acc_train_clean: 0.8872, ASR_train_attach: 1.0000, ASR_train_outter: 0.9981
Epoch 110, loss_inner: 0.52034, loss_target: 0.36766, homo loss: 0.23018 
acc_train_clean: 0.8928, ASR_train_attach: 1.0000, ASR_train_outter: 0.9812
Epoch 120, loss_inner: 0.48729, loss_target: 0.41192, homo loss: 0.24688 
acc_train_clean: 0.9039, ASR_train_attach: 0.9524, ASR_train_outter: 0.9944
Epoch 130, loss_inner: 0.45158, loss_target: 0.36864, homo loss: 0.23736 
acc_train_clean: 0.9150, ASR_train_attach: 1.0000, ASR_train_outter: 0.9869
Epoch 140, loss_inner: 0.42294, loss_target: 0.29898, homo loss: 0.21471 
acc_train_clean: 0.9205, ASR_train_attach: 1.0000, ASR_train_outter: 0.9887
Epoch 150, loss_inner: 0.40951, loss_target: 0.43063, homo loss: 0.26465 
acc_train_clean: 0.9261, ASR_train_attach: 0.9524, ASR_train_outter: 0.9925
Epoch 160, loss_inner: 0.38815, loss_target: 0.30935, homo loss: 0.23228 
acc_train_clean: 0.9298, ASR_train_attach: 1.0000, ASR_train_outter: 0.9906
Epoch 170, loss_inner: 0.36929, loss_target: 0.25837, homo loss: 0.21049 
acc_train_clean: 0.9372, ASR_train_attach: 1.0000, ASR_train_outter: 0.9869
Epoch 180, loss_inner: 0.35592, loss_target: 0.35718, homo loss: 0.20946 
acc_train_clean: 0.9409, ASR_train_attach: 1.0000, ASR_train_outter: 1.0000
Epoch 190, loss_inner: 0.34708, loss_target: 0.25614, homo loss: 0.19710 
acc_train_clean: 0.9501, ASR_train_attach: 0.9524, ASR_train_outter: 0.9831
precent of left attach nodes: 1.000
target class rate on Vs: 1.0000
accuracy on clean test nodes: 0.8333
ASR: 0.9926
CA: 0.7481
