nohup: ignoring input
WARNING:root:The OGB package is out of date. Your version is 1.3.3, while the latest version is 1.3.4.
1
2
Namespace(attack_method='Basic', cuda=True, dataset='Reddit2', debug=True, defense_mode='none', device_id=0, dis_weight=1.0, dropout=0.5, epochs=200, hidden=128, homo_boost_thrd=0.5, homo_loss_weight=1.0, inner=1, lr=0.01, model='GCN', no_cuda=False, prune_thr=0.2, seed=10, selection_method='none', target_class=0, target_loss_weight=1, test_model='GCN', thrd=0.5, train_lr=0.02, trigger_prob=0.5, trigger_size=3, trojan_epochs=200, vs_ratio=0.01, weight_decay=0.0005)
Loading benign GCN model Finished!
Benign CA: 0.3497
Epoch 0, loss_inner: 3.71451, loss_target: 3.69783, homo loss: 0.55530 
acc_train_clean: 0.0275, ASR_train_attach: 0.0000, ASR_train_outter: 0.4400
Epoch 10, loss_inner: 3.32896, loss_target: 3.29546, homo loss: 0.05602 
acc_train_clean: 0.0582, ASR_train_attach: 1.0000, ASR_train_outter: 1.0000
Epoch 20, loss_inner: 3.26920, loss_target: 3.23067, homo loss: 0.00432 
acc_train_clean: 0.1144, ASR_train_attach: 1.0000, ASR_train_outter: 1.0000
Epoch 30, loss_inner: 3.20232, loss_target: 3.16301, homo loss: 0.00083 
acc_train_clean: 0.1201, ASR_train_attach: 0.9989, ASR_train_outter: 0.9996
Epoch 40, loss_inner: 3.10049, loss_target: 3.05864, homo loss: 0.00000 
acc_train_clean: 0.1271, ASR_train_attach: 1.0000, ASR_train_outter: 1.0000
Epoch 50, loss_inner: 2.96735, loss_target: 2.92452, homo loss: 0.00000 
acc_train_clean: 0.1568, ASR_train_attach: 1.0000, ASR_train_outter: 1.0000
Epoch 60, loss_inner: 2.99479, loss_target: 2.98893, homo loss: 0.00015 
acc_train_clean: 0.1602, ASR_train_attach: 1.0000, ASR_train_outter: 1.0000
Epoch 70, loss_inner: 2.92660, loss_target: 2.86046, homo loss: 0.06168 
acc_train_clean: 0.2162, ASR_train_attach: 0.9984, ASR_train_outter: 0.9992
Epoch 80, loss_inner: 2.80561, loss_target: 2.77055, homo loss: 0.05312 
acc_train_clean: 0.2360, ASR_train_attach: 1.0000, ASR_train_outter: 1.0000
Epoch 90, loss_inner: 2.72452, loss_target: 2.69538, homo loss: 0.02742 
acc_train_clean: 0.2889, ASR_train_attach: 1.0000, ASR_train_outter: 1.0000
Epoch 100, loss_inner: 2.66074, loss_target: 2.62849, homo loss: 0.00230 
acc_train_clean: 0.2459, ASR_train_attach: 0.9941, ASR_train_outter: 0.9949
Epoch 110, loss_inner: 2.59865, loss_target: 2.56701, homo loss: 0.00000 
acc_train_clean: 0.3155, ASR_train_attach: 0.9877, ASR_train_outter: 0.9899
Epoch 120, loss_inner: 2.54021, loss_target: 2.51055, homo loss: 0.00000 
acc_train_clean: 0.3286, ASR_train_attach: 0.9903, ASR_train_outter: 0.9899
Epoch 130, loss_inner: 2.49012, loss_target: 2.46254, homo loss: 0.00040 
acc_train_clean: 0.3424, ASR_train_attach: 0.9903, ASR_train_outter: 0.9886
Epoch 140, loss_inner: 2.44605, loss_target: 2.41822, homo loss: 0.00134 
acc_train_clean: 0.3528, ASR_train_attach: 0.9860, ASR_train_outter: 0.9853
Epoch 150, loss_inner: 2.42572, loss_target: 2.38935, homo loss: 0.00100 
acc_train_clean: 0.3577, ASR_train_attach: 0.9120, ASR_train_outter: 0.9861
Epoch 160, loss_inner: 2.98220, loss_target: 2.45734, homo loss: 0.01541 
acc_train_clean: 0.2955, ASR_train_attach: 0.0075, ASR_train_outter: 0.9916
Epoch 170, loss_inner: 2.55160, loss_target: 2.51429, homo loss: 0.09492 
acc_train_clean: 0.3062, ASR_train_attach: 0.8170, ASR_train_outter: 0.9794
Epoch 180, loss_inner: 2.41833, loss_target: 2.38027, homo loss: 0.08874 
acc_train_clean: 0.3067, ASR_train_attach: 0.9839, ASR_train_outter: 0.9802
Epoch 190, loss_inner: 2.36383, loss_target: 2.34679, homo loss: 0.06896 
acc_train_clean: 0.3380, ASR_train_attach: 0.9979, ASR_train_outter: 0.9983
precent of left attach nodes: 1.000
target class rate on Vs: 0.9823
accuracy on clean test nodes: 0.4114
ASR: 0.9907
CA: 0.2729
