nohup: ignoring input
run_adaptive.py:8: DeprecationWarning: the imp module is deprecated in favour of importlib; see the module's documentation for alternative uses
  import imp
Namespace(cuda=True, dataset='Pubmed', debug=True, defense_mode='prune', device_id=2, dis_weight=0.0, dropout=0.5, epochs=200, evaluate_mode='1by1', hidden=32, homo_boost_thrd=0.5, homo_loss_weight=50.0, inner=1, lr=0.01, model='GCN', no_cuda=False, prune_thr=0.2, seed=10, selection_method='cluster_degree', target_class=0, target_loss_weight=1, test_model='GCN', thrd=0.5, train_lr=0.01, trigger_size=3, trojan_epochs=2000, use_vs_number=True, vs_number=40, vs_ratio=0, weight_decay=0.0005)
#Attach Nodes:40
Length of training set: 3943
=== training gcn model ===
Epoch 0, training loss: 1.0969727039337158
acc_val: 0.4039
Epoch 10, training loss: 1.0288714170455933
acc_val: 0.6398
Epoch 20, training loss: 0.8768908977508545
acc_val: 0.6768
Epoch 30, training loss: 0.6742267608642578
acc_val: 0.7012
Epoch 40, training loss: 0.5647497177124023
acc_val: 0.8382
Epoch 50, training loss: 0.48399072885513306
acc_val: 0.8534
Epoch 60, training loss: 0.4659076929092407
acc_val: 0.8590
Epoch 70, training loss: 0.4118213355541229
acc_val: 0.8666
Epoch 80, training loss: 0.3886343836784363
acc_val: 0.8671
Epoch 90, training loss: 0.3762350082397461
acc_val: 0.8711
Epoch 100, training loss: 0.3614889085292816
acc_val: 0.8671
Epoch 110, training loss: 0.34778904914855957
acc_val: 0.8732
Epoch 120, training loss: 0.3447827100753784
acc_val: 0.8737
Epoch 130, training loss: 0.3363073170185089
acc_val: 0.8737
Epoch 140, training loss: 0.3328453302383423
acc_val: 0.8742
Epoch 150, training loss: 0.32763341069221497
acc_val: 0.8777
Epoch 160, training loss: 0.328498512506485
acc_val: 0.8762
Epoch 170, training loss: 0.30831703543663025
acc_val: 0.8737
Epoch 180, training loss: 0.2987299859523773
acc_val: 0.8752
Epoch 190, training loss: 0.3011932671070099
acc_val: 0.8782
=== picking the best model according to the performance on validation ===
Training encoder Finished!
Total time elapsed: 15.0529s
Encoder CA on clean test nodes: 0.8544
idx_sing_class [    0     1     4 ... 19700 19702 19704]
current_class_size 20
./selected_nodes/Pubmed/Seperate/seed10/class_1.txt
[ 5104. 15916. 14578. ...  4058.   903. 11450.]
idx_sing_class [    3     5     6 ... 19712 19714 19716]
current_class_size 20
./selected_nodes/Pubmed/Seperate/seed10/class_2.txt
[11009.  2782. 11343. ...  8626. 15548.  1205.]
idx_attach: tensor([ 5104, 15916, 14578,  9040, 14315, 14910,  7647,  7098, 11534,  7803,
        10837, 18637, 19544,   821,  4899, 18597, 14851,  9145, 13907, 10814,
        11009,  2782, 11343, 14528, 19272,  6196, 16600, 17595, 17660,  9488,
         2471,  3489,  7324, 19307,  7825,   688,  2799,  6114,  4498, 13749],
       device='cuda:2')
Epoch 0, loss_inner: 1.09870, loss_target: 1.08898, homo loss: 0.48479 
acc_train_clean: 0.3190, ASR_train_attach: 0.9000, ASR_train_outter: 0.1268
Epoch 10, loss_inner: 0.97776, loss_target: 0.87155, homo loss: 0.19556 
acc_train_clean: 0.6637, ASR_train_attach: 1.0000, ASR_train_outter: 0.9855
Epoch 20, loss_inner: 0.87241, loss_target: 0.84664, homo loss: 0.03999 
acc_train_clean: 0.7591, ASR_train_attach: 0.5250, ASR_train_outter: 0.7065
Epoch 30, loss_inner: 0.73176, loss_target: 0.67245, homo loss: 0.00009 
acc_train_clean: 0.8019, ASR_train_attach: 0.8500, ASR_train_outter: 0.8623
Epoch 40, loss_inner: 0.60359, loss_target: 0.54986, homo loss: 0.00000 
acc_train_clean: 0.8390, ASR_train_attach: 0.9000, ASR_train_outter: 0.9384
Epoch 50, loss_inner: 0.52436, loss_target: 0.48362, homo loss: 0.00001 
acc_train_clean: 0.8471, ASR_train_attach: 0.9000, ASR_train_outter: 0.9565
Epoch 60, loss_inner: 0.48218, loss_target: 0.44944, homo loss: 0.00001 
acc_train_clean: 0.8549, ASR_train_attach: 0.8750, ASR_train_outter: 0.9348
Epoch 70, loss_inner: 0.45779, loss_target: 0.43042, homo loss: 0.03929 
acc_train_clean: 0.8618, ASR_train_attach: 0.8750, ASR_train_outter: 0.9384
Epoch 80, loss_inner: 0.45173, loss_target: 0.43381, homo loss: 0.00002 
acc_train_clean: 0.8633, ASR_train_attach: 0.9750, ASR_train_outter: 0.9511
Epoch 90, loss_inner: 0.43382, loss_target: 0.42081, homo loss: 0.00001 
acc_train_clean: 0.8648, ASR_train_attach: 0.9250, ASR_train_outter: 0.9384
Epoch 100, loss_inner: 0.41294, loss_target: 0.39012, homo loss: 0.00000 
acc_train_clean: 0.8691, ASR_train_attach: 0.9250, ASR_train_outter: 0.9547
Epoch 110, loss_inner: 0.39896, loss_target: 0.36772, homo loss: 0.00000 
acc_train_clean: 0.8732, ASR_train_attach: 0.9750, ASR_train_outter: 0.9764
Epoch 120, loss_inner: 0.39027, loss_target: 0.35691, homo loss: 0.00000 
acc_train_clean: 0.8737, ASR_train_attach: 0.9250, ASR_train_outter: 0.9710
Epoch 130, loss_inner: 0.38285, loss_target: 0.35041, homo loss: 0.00002 
acc_train_clean: 0.8765, ASR_train_attach: 1.0000, ASR_train_outter: 0.9891
Epoch 140, loss_inner: 0.37672, loss_target: 0.34347, homo loss: 0.00003 
acc_train_clean: 0.8780, ASR_train_attach: 0.9750, ASR_train_outter: 0.9783
Epoch 150, loss_inner: 0.39502, loss_target: 0.46286, homo loss: 0.00000 
acc_train_clean: 0.8790, ASR_train_attach: 0.3250, ASR_train_outter: 0.5761
Epoch 160, loss_inner: 0.37736, loss_target: 0.38410, homo loss: 0.00000 
acc_train_clean: 0.8732, ASR_train_attach: 1.0000, ASR_train_outter: 0.9964
Epoch 170, loss_inner: 0.36857, loss_target: 0.35679, homo loss: 0.00000 
acc_train_clean: 0.8816, ASR_train_attach: 0.8250, ASR_train_outter: 0.9004
Epoch 180, loss_inner: 0.36144, loss_target: 0.33461, homo loss: 0.00000 
acc_train_clean: 0.8821, ASR_train_attach: 0.9000, ASR_train_outter: 0.9529
Epoch 190, loss_inner: 0.35730, loss_target: 0.32775, homo loss: 0.00000 
acc_train_clean: 0.8833, ASR_train_attach: 1.0000, ASR_train_outter: 0.9746
Epoch 200, loss_inner: 0.35423, loss_target: 0.32386, homo loss: 0.00000 
acc_train_clean: 0.8833, ASR_train_attach: 1.0000, ASR_train_outter: 0.9837
Epoch 210, loss_inner: 0.35141, loss_target: 0.32154, homo loss: 0.00000 
acc_train_clean: 0.8856, ASR_train_attach: 0.9750, ASR_train_outter: 0.9728
Epoch 220, loss_inner: 0.35436, loss_target: 0.42151, homo loss: 0.07035 
acc_train_clean: 0.8821, ASR_train_attach: 1.0000, ASR_train_outter: 1.0000
Epoch 230, loss_inner: 0.36766, loss_target: 0.35794, homo loss: 0.00132 
acc_train_clean: 0.8816, ASR_train_attach: 0.8250, ASR_train_outter: 0.9094
Epoch 240, loss_inner: 0.35830, loss_target: 0.34602, homo loss: 0.00001 
acc_train_clean: 0.8823, ASR_train_attach: 0.8750, ASR_train_outter: 0.9293
Epoch 250, loss_inner: 0.34739, loss_target: 0.33183, homo loss: 0.00000 
acc_train_clean: 0.8864, ASR_train_attach: 0.8750, ASR_train_outter: 0.9420
Epoch 260, loss_inner: 0.34342, loss_target: 0.32160, homo loss: 0.00001 
acc_train_clean: 0.8866, ASR_train_attach: 0.8750, ASR_train_outter: 0.9620
Epoch 270, loss_inner: 0.34163, loss_target: 0.31576, homo loss: 0.00005 
acc_train_clean: 0.8871, ASR_train_attach: 0.9500, ASR_train_outter: 0.9746
Epoch 280, loss_inner: 0.33988, loss_target: 0.31182, homo loss: 0.00001 
acc_train_clean: 0.8882, ASR_train_attach: 0.9250, ASR_train_outter: 0.9746
Epoch 290, loss_inner: 0.33755, loss_target: 0.30927, homo loss: 0.00005 
acc_train_clean: 0.8884, ASR_train_attach: 0.9750, ASR_train_outter: 0.9873
Epoch 300, loss_inner: 0.33782, loss_target: 0.34134, homo loss: 0.00065 
acc_train_clean: 0.8861, ASR_train_attach: 1.0000, ASR_train_outter: 0.9982
Epoch 310, loss_inner: 0.33747, loss_target: 0.32503, homo loss: 0.00005 
acc_train_clean: 0.8874, ASR_train_attach: 0.9250, ASR_train_outter: 0.9710
Epoch 320, loss_inner: 0.33535, loss_target: 0.31286, homo loss: 0.00001 
acc_train_clean: 0.8864, ASR_train_attach: 0.8750, ASR_train_outter: 0.9710
Epoch 330, loss_inner: 0.33247, loss_target: 0.30433, homo loss: 0.00000 
acc_train_clean: 0.8879, ASR_train_attach: 0.9500, ASR_train_outter: 0.9746
Epoch 340, loss_inner: 0.33118, loss_target: 0.30234, homo loss: 0.00000 
acc_train_clean: 0.8884, ASR_train_attach: 1.0000, ASR_train_outter: 0.9819
Epoch 350, loss_inner: 0.33066, loss_target: 0.30373, homo loss: 0.00000 
acc_train_clean: 0.8892, ASR_train_attach: 0.9000, ASR_train_outter: 0.9692
Epoch 360, loss_inner: 0.37167, loss_target: 0.54621, homo loss: 0.00042 
acc_train_clean: 0.8922, ASR_train_attach: 0.3250, ASR_train_outter: 0.5326
Epoch 370, loss_inner: 0.34296, loss_target: 0.32930, homo loss: 0.00001 
acc_train_clean: 0.8879, ASR_train_attach: 0.8750, ASR_train_outter: 0.9493
Epoch 380, loss_inner: 0.33334, loss_target: 0.31829, homo loss: 0.00002 
acc_train_clean: 0.8917, ASR_train_attach: 0.9750, ASR_train_outter: 0.9583
Epoch 390, loss_inner: 0.32869, loss_target: 0.30486, homo loss: 0.00000 
acc_train_clean: 0.8902, ASR_train_attach: 0.9500, ASR_train_outter: 0.9728
Epoch 400, loss_inner: 0.32746, loss_target: 0.30009, homo loss: 0.00000 
acc_train_clean: 0.8912, ASR_train_attach: 0.9750, ASR_train_outter: 0.9801
Epoch 410, loss_inner: 0.32598, loss_target: 0.29755, homo loss: 0.00004 
acc_train_clean: 0.8902, ASR_train_attach: 1.0000, ASR_train_outter: 0.9891
Epoch 420, loss_inner: 0.32471, loss_target: 0.29913, homo loss: 0.00007 
acc_train_clean: 0.8902, ASR_train_attach: 1.0000, ASR_train_outter: 0.9909
Epoch 430, loss_inner: 0.32403, loss_target: 0.29526, homo loss: 0.00000 
acc_train_clean: 0.8912, ASR_train_attach: 1.0000, ASR_train_outter: 0.9891
Epoch 440, loss_inner: 0.32353, loss_target: 0.29457, homo loss: 0.00001 
acc_train_clean: 0.8904, ASR_train_attach: 1.0000, ASR_train_outter: 0.9891
Epoch 450, loss_inner: 0.32675, loss_target: 0.34857, homo loss: 0.00011 
acc_train_clean: 0.8902, ASR_train_attach: 0.9500, ASR_train_outter: 0.9330
Epoch 460, loss_inner: 0.32332, loss_target: 0.29899, homo loss: 0.00000 
acc_train_clean: 0.8904, ASR_train_attach: 0.9750, ASR_train_outter: 0.9855
Epoch 470, loss_inner: 0.32353, loss_target: 0.29987, homo loss: 0.00000 
acc_train_clean: 0.8904, ASR_train_attach: 0.8750, ASR_train_outter: 0.9457
Epoch 480, loss_inner: 0.32156, loss_target: 0.29395, homo loss: 0.00000 
acc_train_clean: 0.8917, ASR_train_attach: 1.0000, ASR_train_outter: 0.9728
Epoch 490, loss_inner: 0.32324, loss_target: 0.30970, homo loss: 0.00000 
acc_train_clean: 0.8912, ASR_train_attach: 0.8000, ASR_train_outter: 0.8750
Epoch 500, loss_inner: 0.33361, loss_target: 0.32302, homo loss: 0.00029 
acc_train_clean: 0.8851, ASR_train_attach: 0.9000, ASR_train_outter: 0.9221
Epoch 510, loss_inner: 0.33538, loss_target: 0.31891, homo loss: 0.00000 
acc_train_clean: 0.8856, ASR_train_attach: 0.9750, ASR_train_outter: 0.9656
Epoch 520, loss_inner: 0.32416, loss_target: 0.30583, homo loss: 0.00000 
acc_train_clean: 0.8899, ASR_train_attach: 0.9500, ASR_train_outter: 0.9837
Epoch 530, loss_inner: 0.32099, loss_target: 0.29441, homo loss: 0.00000 
acc_train_clean: 0.8897, ASR_train_attach: 0.9750, ASR_train_outter: 0.9891
Epoch 540, loss_inner: 0.32053, loss_target: 0.29199, homo loss: 0.00000 
acc_train_clean: 0.8925, ASR_train_attach: 1.0000, ASR_train_outter: 0.9891
Epoch 550, loss_inner: 0.32010, loss_target: 0.29308, homo loss: 0.00000 
acc_train_clean: 0.8917, ASR_train_attach: 0.9500, ASR_train_outter: 0.9801
Epoch 560, loss_inner: 0.31878, loss_target: 0.29077, homo loss: 0.00000 
acc_train_clean: 0.8927, ASR_train_attach: 0.9500, ASR_train_outter: 0.9855
Epoch 570, loss_inner: 0.31790, loss_target: 0.28963, homo loss: 0.00003 
acc_train_clean: 0.8930, ASR_train_attach: 1.0000, ASR_train_outter: 0.9946
Epoch 580, loss_inner: 0.31867, loss_target: 0.29651, homo loss: 0.00003 
acc_train_clean: 0.8927, ASR_train_attach: 0.8750, ASR_train_outter: 0.9366
Epoch 590, loss_inner: 0.32276, loss_target: 0.30798, homo loss: 0.00016 
acc_train_clean: 0.8920, ASR_train_attach: 0.9750, ASR_train_outter: 0.9801
Epoch 600, loss_inner: 0.32295, loss_target: 0.30313, homo loss: 0.00000 
acc_train_clean: 0.8932, ASR_train_attach: 1.0000, ASR_train_outter: 0.9837
Epoch 610, loss_inner: 0.31797, loss_target: 0.29517, homo loss: 0.00000 
acc_train_clean: 0.8925, ASR_train_attach: 1.0000, ASR_train_outter: 0.9783
Epoch 620, loss_inner: 0.31699, loss_target: 0.28993, homo loss: 0.00000 
acc_train_clean: 0.8922, ASR_train_attach: 1.0000, ASR_train_outter: 0.9873
Epoch 630, loss_inner: 0.31701, loss_target: 0.28840, homo loss: 0.00000 
acc_train_clean: 0.8932, ASR_train_attach: 1.0000, ASR_train_outter: 0.9891
Epoch 640, loss_inner: 0.31662, loss_target: 0.29197, homo loss: 0.00007 
acc_train_clean: 0.8935, ASR_train_attach: 1.0000, ASR_train_outter: 0.9873
Epoch 650, loss_inner: 0.31760, loss_target: 0.29668, homo loss: 0.00000 
acc_train_clean: 0.8930, ASR_train_attach: 0.8750, ASR_train_outter: 0.9275
Epoch 660, loss_inner: 0.34150, loss_target: 0.36269, homo loss: 0.00084 
acc_train_clean: 0.8920, ASR_train_attach: 0.5750, ASR_train_outter: 0.7591
Epoch 670, loss_inner: 0.33288, loss_target: 0.32298, homo loss: 0.00002 
acc_train_clean: 0.8920, ASR_train_attach: 0.9500, ASR_train_outter: 0.9710
Epoch 680, loss_inner: 0.32377, loss_target: 0.31332, homo loss: 0.00000 
acc_train_clean: 0.8927, ASR_train_attach: 0.9000, ASR_train_outter: 0.9583
Epoch 690, loss_inner: 0.31993, loss_target: 0.30201, homo loss: 0.00000 
acc_train_clean: 0.8912, ASR_train_attach: 0.9750, ASR_train_outter: 0.9674
Epoch 700, loss_inner: 0.31870, loss_target: 0.29583, homo loss: 0.00001 
acc_train_clean: 0.8915, ASR_train_attach: 0.9750, ASR_train_outter: 0.9764
Epoch 710, loss_inner: 0.31712, loss_target: 0.29089, homo loss: 0.00001 
acc_train_clean: 0.8915, ASR_train_attach: 1.0000, ASR_train_outter: 0.9928
Epoch 720, loss_inner: 0.31604, loss_target: 0.28966, homo loss: 0.00003 
acc_train_clean: 0.8930, ASR_train_attach: 1.0000, ASR_train_outter: 0.9964
Epoch 730, loss_inner: 0.31537, loss_target: 0.28735, homo loss: 0.00000 
acc_train_clean: 0.8927, ASR_train_attach: 1.0000, ASR_train_outter: 0.9964
Epoch 740, loss_inner: 0.31496, loss_target: 0.28594, homo loss: 0.00001 
acc_train_clean: 0.8927, ASR_train_attach: 1.0000, ASR_train_outter: 0.9928
Epoch 750, loss_inner: 0.32055, loss_target: 0.35347, homo loss: 0.00000 
acc_train_clean: 0.8922, ASR_train_attach: 0.7750, ASR_train_outter: 0.8641
Epoch 760, loss_inner: 0.32291, loss_target: 0.31717, homo loss: 0.01481 
acc_train_clean: 0.8871, ASR_train_attach: 0.9500, ASR_train_outter: 0.9348
Epoch 770, loss_inner: 0.32167, loss_target: 0.30908, homo loss: 0.00087 
acc_train_clean: 0.8887, ASR_train_attach: 0.9750, ASR_train_outter: 0.9620
Epoch 780, loss_inner: 0.31733, loss_target: 0.30280, homo loss: 0.00000 
acc_train_clean: 0.8904, ASR_train_attach: 0.9750, ASR_train_outter: 0.9783
Epoch 790, loss_inner: 0.31607, loss_target: 0.29333, homo loss: 0.00000 
acc_train_clean: 0.8932, ASR_train_attach: 0.9500, ASR_train_outter: 0.9728
Epoch 800, loss_inner: 0.31578, loss_target: 0.29006, homo loss: 0.00000 
acc_train_clean: 0.8922, ASR_train_attach: 1.0000, ASR_train_outter: 0.9928
Epoch 810, loss_inner: 0.31513, loss_target: 0.28770, homo loss: 0.00000 
acc_train_clean: 0.8932, ASR_train_attach: 1.0000, ASR_train_outter: 0.9928
Epoch 820, loss_inner: 0.31438, loss_target: 0.28631, homo loss: 0.00000 
acc_train_clean: 0.8935, ASR_train_attach: 1.0000, ASR_train_outter: 0.9909
Epoch 830, loss_inner: 0.31407, loss_target: 0.28549, homo loss: 0.00001 
acc_train_clean: 0.8937, ASR_train_attach: 1.0000, ASR_train_outter: 0.9928
Epoch 840, loss_inner: 0.31391, loss_target: 0.28536, homo loss: 0.00000 
acc_train_clean: 0.8937, ASR_train_attach: 1.0000, ASR_train_outter: 0.9909
Epoch 850, loss_inner: 0.31393, loss_target: 0.28595, homo loss: 0.00000 
acc_train_clean: 0.8940, ASR_train_attach: 0.9750, ASR_train_outter: 0.9837
Epoch 860, loss_inner: 0.31710, loss_target: 0.31954, homo loss: 0.00001 
acc_train_clean: 0.8940, ASR_train_attach: 0.7750, ASR_train_outter: 0.8297
Epoch 870, loss_inner: 0.33040, loss_target: 0.30748, homo loss: 0.00032 
acc_train_clean: 0.8874, ASR_train_attach: 0.9750, ASR_train_outter: 0.9710
Epoch 880, loss_inner: 0.33229, loss_target: 0.31076, homo loss: 0.00000 
acc_train_clean: 0.8849, ASR_train_attach: 0.9000, ASR_train_outter: 0.9620
Epoch 890, loss_inner: 0.31840, loss_target: 0.30437, homo loss: 0.00000 
acc_train_clean: 0.8904, ASR_train_attach: 0.9500, ASR_train_outter: 0.9783
Epoch 900, loss_inner: 0.31661, loss_target: 0.29336, homo loss: 0.00000 
acc_train_clean: 0.8915, ASR_train_attach: 0.9500, ASR_train_outter: 0.9692
Epoch 910, loss_inner: 0.31605, loss_target: 0.28894, homo loss: 0.00001 
acc_train_clean: 0.8922, ASR_train_attach: 0.9750, ASR_train_outter: 0.9855
Epoch 920, loss_inner: 0.31512, loss_target: 0.28649, homo loss: 0.00000 
acc_train_clean: 0.8920, ASR_train_attach: 1.0000, ASR_train_outter: 0.9946
Epoch 930, loss_inner: 0.31413, loss_target: 0.28566, homo loss: 0.00000 
acc_train_clean: 0.8935, ASR_train_attach: 1.0000, ASR_train_outter: 0.9946
Epoch 940, loss_inner: 0.31456, loss_target: 0.29521, homo loss: 0.00002 
acc_train_clean: 0.8940, ASR_train_attach: 0.9750, ASR_train_outter: 0.9511
Epoch 950, loss_inner: 0.31344, loss_target: 0.28920, homo loss: 0.00000 
acc_train_clean: 0.8945, ASR_train_attach: 1.0000, ASR_train_outter: 0.9964
Epoch 960, loss_inner: 0.31395, loss_target: 0.30663, homo loss: 0.00009 
acc_train_clean: 0.8942, ASR_train_attach: 1.0000, ASR_train_outter: 0.9946
Epoch 970, loss_inner: 0.31336, loss_target: 0.28550, homo loss: 0.00002 
acc_train_clean: 0.8927, ASR_train_attach: 1.0000, ASR_train_outter: 0.9819
Epoch 980, loss_inner: 0.32464, loss_target: 0.45541, homo loss: 0.02459 
acc_train_clean: 0.8912, ASR_train_attach: 1.0000, ASR_train_outter: 0.9837
Epoch 990, loss_inner: 0.33899, loss_target: 0.41314, homo loss: 0.00058 
acc_train_clean: 0.8838, ASR_train_attach: 1.0000, ASR_train_outter: 1.0000
Epoch 1000, loss_inner: 0.33140, loss_target: 0.32645, homo loss: 0.00002 
acc_train_clean: 0.8844, ASR_train_attach: 0.9250, ASR_train_outter: 0.9438
Epoch 1010, loss_inner: 0.31971, loss_target: 0.30604, homo loss: 0.00001 
acc_train_clean: 0.8909, ASR_train_attach: 0.9500, ASR_train_outter: 0.9728
Epoch 1020, loss_inner: 0.31668, loss_target: 0.29508, homo loss: 0.00000 
acc_train_clean: 0.8925, ASR_train_attach: 1.0000, ASR_train_outter: 0.9819
Epoch 1030, loss_inner: 0.31543, loss_target: 0.29062, homo loss: 0.00001 
acc_train_clean: 0.8920, ASR_train_attach: 0.9750, ASR_train_outter: 0.9891
Epoch 1040, loss_inner: 0.31417, loss_target: 0.28900, homo loss: 0.00002 
acc_train_clean: 0.8930, ASR_train_attach: 1.0000, ASR_train_outter: 0.9928
Epoch 1050, loss_inner: 0.31373, loss_target: 0.30006, homo loss: 0.00012 
acc_train_clean: 0.8930, ASR_train_attach: 1.0000, ASR_train_outter: 0.9946
Epoch 1060, loss_inner: 0.31340, loss_target: 0.28647, homo loss: 0.00000 
acc_train_clean: 0.8930, ASR_train_attach: 1.0000, ASR_train_outter: 0.9764
Epoch 1070, loss_inner: 0.31310, loss_target: 0.28383, homo loss: 0.00000 
acc_train_clean: 0.8930, ASR_train_attach: 1.0000, ASR_train_outter: 0.9909
Epoch 1080, loss_inner: 0.31269, loss_target: 0.28766, homo loss: 0.00010 
acc_train_clean: 0.8937, ASR_train_attach: 1.0000, ASR_train_outter: 0.9946
Epoch 1090, loss_inner: 0.31882, loss_target: 0.33929, homo loss: 0.01280 
acc_train_clean: 0.8887, ASR_train_attach: 1.0000, ASR_train_outter: 1.0000
Epoch 1100, loss_inner: 0.32354, loss_target: 0.31417, homo loss: 0.00144 
acc_train_clean: 0.8930, ASR_train_attach: 0.9500, ASR_train_outter: 0.9565
Epoch 1110, loss_inner: 0.31742, loss_target: 0.30728, homo loss: 0.00000 
acc_train_clean: 0.8912, ASR_train_attach: 1.0000, ASR_train_outter: 0.9855
Epoch 1120, loss_inner: 0.31506, loss_target: 0.29573, homo loss: 0.00001 
acc_train_clean: 0.8932, ASR_train_attach: 0.9500, ASR_train_outter: 0.9692
Epoch 1130, loss_inner: 0.31492, loss_target: 0.28895, homo loss: 0.00000 
acc_train_clean: 0.8937, ASR_train_attach: 1.0000, ASR_train_outter: 0.9891
Epoch 1140, loss_inner: 0.31422, loss_target: 0.28581, homo loss: 0.00000 
acc_train_clean: 0.8932, ASR_train_attach: 1.0000, ASR_train_outter: 0.9928
Epoch 1150, loss_inner: 0.31322, loss_target: 0.28503, homo loss: 0.00001 
acc_train_clean: 0.8930, ASR_train_attach: 1.0000, ASR_train_outter: 0.9928
Epoch 1160, loss_inner: 0.31294, loss_target: 0.28929, homo loss: 0.00000 
acc_train_clean: 0.8942, ASR_train_attach: 1.0000, ASR_train_outter: 0.9946
Epoch 1170, loss_inner: 0.31366, loss_target: 0.28963, homo loss: 0.00000 
acc_train_clean: 0.8948, ASR_train_attach: 0.8750, ASR_train_outter: 0.9583
Epoch 1180, loss_inner: 0.32573, loss_target: 0.35127, homo loss: 0.00323 
acc_train_clean: 0.8953, ASR_train_attach: 0.4500, ASR_train_outter: 0.7083
Epoch 1190, loss_inner: 0.34043, loss_target: 0.58915, homo loss: 0.05469 
acc_train_clean: 0.8874, ASR_train_attach: 1.0000, ASR_train_outter: 1.0000
Epoch 1200, loss_inner: 0.34705, loss_target: 0.40229, homo loss: 0.00629 
acc_train_clean: 0.8874, ASR_train_attach: 0.7750, ASR_train_outter: 0.7953
Epoch 1210, loss_inner: 0.32933, loss_target: 0.31976, homo loss: 0.00001 
acc_train_clean: 0.8876, ASR_train_attach: 0.9250, ASR_train_outter: 0.9656
Epoch 1220, loss_inner: 0.32146, loss_target: 0.30827, homo loss: 0.00001 
acc_train_clean: 0.8907, ASR_train_attach: 1.0000, ASR_train_outter: 0.9855
Epoch 1230, loss_inner: 0.31905, loss_target: 0.30138, homo loss: 0.00000 
acc_train_clean: 0.8922, ASR_train_attach: 0.9250, ASR_train_outter: 0.9547
Epoch 1240, loss_inner: 0.31645, loss_target: 0.29621, homo loss: 0.00000 
acc_train_clean: 0.8932, ASR_train_attach: 1.0000, ASR_train_outter: 0.9728
Epoch 1250, loss_inner: 0.31493, loss_target: 0.29208, homo loss: 0.00000 
acc_train_clean: 0.8940, ASR_train_attach: 1.0000, ASR_train_outter: 0.9764
Epoch 1260, loss_inner: 0.31410, loss_target: 0.28812, homo loss: 0.00000 
acc_train_clean: 0.8948, ASR_train_attach: 1.0000, ASR_train_outter: 0.9873
Epoch 1270, loss_inner: 0.31367, loss_target: 0.28668, homo loss: 0.00000 
acc_train_clean: 0.8945, ASR_train_attach: 1.0000, ASR_train_outter: 0.9819
Epoch 1280, loss_inner: 0.31345, loss_target: 0.28655, homo loss: 0.00000 
acc_train_clean: 0.8945, ASR_train_attach: 1.0000, ASR_train_outter: 0.9891
Epoch 1290, loss_inner: 0.31334, loss_target: 0.29088, homo loss: 0.00000 
acc_train_clean: 0.8945, ASR_train_attach: 1.0000, ASR_train_outter: 0.9728
Epoch 1300, loss_inner: 0.31322, loss_target: 0.28766, homo loss: 0.00000 
acc_train_clean: 0.8930, ASR_train_attach: 1.0000, ASR_train_outter: 0.9928
Epoch 1310, loss_inner: 0.31379, loss_target: 0.28856, homo loss: 0.00000 
acc_train_clean: 0.8915, ASR_train_attach: 0.9000, ASR_train_outter: 0.9457
Epoch 1320, loss_inner: 0.32693, loss_target: 0.33430, homo loss: 0.00018 
acc_train_clean: 0.8915, ASR_train_attach: 0.7500, ASR_train_outter: 0.8496
Epoch 1330, loss_inner: 0.33112, loss_target: 0.31803, homo loss: 0.00014 
acc_train_clean: 0.8884, ASR_train_attach: 0.9250, ASR_train_outter: 0.9601
Epoch 1340, loss_inner: 0.32090, loss_target: 0.31156, homo loss: 0.00002 
acc_train_clean: 0.8909, ASR_train_attach: 0.9750, ASR_train_outter: 0.9801
Epoch 1350, loss_inner: 0.31777, loss_target: 0.29685, homo loss: 0.00000 
acc_train_clean: 0.8935, ASR_train_attach: 0.9000, ASR_train_outter: 0.9547
Epoch 1360, loss_inner: 0.31622, loss_target: 0.28939, homo loss: 0.00000 
acc_train_clean: 0.8932, ASR_train_attach: 0.9750, ASR_train_outter: 0.9837
Epoch 1370, loss_inner: 0.31471, loss_target: 0.28891, homo loss: 0.00000 
acc_train_clean: 0.8935, ASR_train_attach: 1.0000, ASR_train_outter: 0.9855
Epoch 1380, loss_inner: 0.31335, loss_target: 0.28552, homo loss: 0.00000 
acc_train_clean: 0.8935, ASR_train_attach: 1.0000, ASR_train_outter: 0.9946
Epoch 1390, loss_inner: 0.31347, loss_target: 0.28983, homo loss: 0.00000 
acc_train_clean: 0.8942, ASR_train_attach: 1.0000, ASR_train_outter: 0.9674
Epoch 1400, loss_inner: 0.31594, loss_target: 0.35860, homo loss: 0.00033 
acc_train_clean: 0.8917, ASR_train_attach: 1.0000, ASR_train_outter: 1.0000
Epoch 1410, loss_inner: 0.31523, loss_target: 0.29719, homo loss: 0.00004 
acc_train_clean: 0.8930, ASR_train_attach: 0.8500, ASR_train_outter: 0.9058
Epoch 1420, loss_inner: 0.31347, loss_target: 0.28694, homo loss: 0.00002 
acc_train_clean: 0.8927, ASR_train_attach: 1.0000, ASR_train_outter: 0.9837
Epoch 1430, loss_inner: 0.31284, loss_target: 0.28322, homo loss: 0.00000 
acc_train_clean: 0.8927, ASR_train_attach: 1.0000, ASR_train_outter: 0.9946
Epoch 1440, loss_inner: 0.33158, loss_target: 0.58621, homo loss: 0.07229 
acc_train_clean: 0.8869, ASR_train_attach: 1.0000, ASR_train_outter: 1.0000
Epoch 1450, loss_inner: 0.33322, loss_target: 0.36148, homo loss: 0.00048 
acc_train_clean: 0.8869, ASR_train_attach: 1.0000, ASR_train_outter: 1.0000
Epoch 1460, loss_inner: 0.32653, loss_target: 0.31673, homo loss: 0.00095 
acc_train_clean: 0.8897, ASR_train_attach: 0.9750, ASR_train_outter: 0.9873
Epoch 1470, loss_inner: 0.32025, loss_target: 0.30280, homo loss: 0.00000 
acc_train_clean: 0.8932, ASR_train_attach: 0.9500, ASR_train_outter: 0.9674
Epoch 1480, loss_inner: 0.31788, loss_target: 0.29625, homo loss: 0.00000 
acc_train_clean: 0.8940, ASR_train_attach: 1.0000, ASR_train_outter: 0.9764
Epoch 1490, loss_inner: 0.31563, loss_target: 0.29284, homo loss: 0.00000 
acc_train_clean: 0.8940, ASR_train_attach: 1.0000, ASR_train_outter: 0.9891
Epoch 1500, loss_inner: 0.31442, loss_target: 0.29508, homo loss: 0.00000 
acc_train_clean: 0.8945, ASR_train_attach: 1.0000, ASR_train_outter: 0.9873
Epoch 1510, loss_inner: 0.31397, loss_target: 0.29058, homo loss: 0.00003 
acc_train_clean: 0.8935, ASR_train_attach: 1.0000, ASR_train_outter: 0.9891
Epoch 1520, loss_inner: 0.31372, loss_target: 0.30365, homo loss: 0.00003 
acc_train_clean: 0.8935, ASR_train_attach: 1.0000, ASR_train_outter: 0.9982
Epoch 1530, loss_inner: 0.31894, loss_target: 0.36708, homo loss: 0.00005 
acc_train_clean: 0.8874, ASR_train_attach: 1.0000, ASR_train_outter: 1.0000
Epoch 1540, loss_inner: 0.31542, loss_target: 0.29054, homo loss: 0.00004 
acc_train_clean: 0.8902, ASR_train_attach: 0.9750, ASR_train_outter: 0.9783
Epoch 1550, loss_inner: 0.31482, loss_target: 0.29198, homo loss: 0.00000 
acc_train_clean: 0.8925, ASR_train_attach: 0.8750, ASR_train_outter: 0.9330
Epoch 1560, loss_inner: 0.31343, loss_target: 0.28566, homo loss: 0.00002 
acc_train_clean: 0.8932, ASR_train_attach: 1.0000, ASR_train_outter: 0.9873
Epoch 1570, loss_inner: 0.31646, loss_target: 0.37736, homo loss: 0.01715 
acc_train_clean: 0.8925, ASR_train_attach: 1.0000, ASR_train_outter: 1.0000
Epoch 1580, loss_inner: 0.33375, loss_target: 0.33884, homo loss: 0.00323 
acc_train_clean: 0.8884, ASR_train_attach: 1.0000, ASR_train_outter: 1.0000
Epoch 1590, loss_inner: 0.32550, loss_target: 0.31767, homo loss: 0.00050 
acc_train_clean: 0.8904, ASR_train_attach: 0.9250, ASR_train_outter: 0.9638
Epoch 1600, loss_inner: 0.32228, loss_target: 0.31052, homo loss: 0.00000 
acc_train_clean: 0.8882, ASR_train_attach: 0.9750, ASR_train_outter: 0.9801
Epoch 1610, loss_inner: 0.31858, loss_target: 0.30103, homo loss: 0.00000 
acc_train_clean: 0.8920, ASR_train_attach: 1.0000, ASR_train_outter: 0.9801
Epoch 1620, loss_inner: 0.31655, loss_target: 0.29421, homo loss: 0.00000 
acc_train_clean: 0.8915, ASR_train_attach: 1.0000, ASR_train_outter: 0.9801
Epoch 1630, loss_inner: 0.31512, loss_target: 0.29052, homo loss: 0.00001 
acc_train_clean: 0.8920, ASR_train_attach: 1.0000, ASR_train_outter: 0.9819
Epoch 1640, loss_inner: 0.31428, loss_target: 0.28853, homo loss: 0.00000 
acc_train_clean: 0.8927, ASR_train_attach: 1.0000, ASR_train_outter: 0.9891
Epoch 1650, loss_inner: 0.31359, loss_target: 0.28919, homo loss: 0.00001 
acc_train_clean: 0.8927, ASR_train_attach: 1.0000, ASR_train_outter: 0.9909
Epoch 1660, loss_inner: 0.31505, loss_target: 0.29974, homo loss: 0.00000 
acc_train_clean: 0.8935, ASR_train_attach: 0.8500, ASR_train_outter: 0.9130
Epoch 1670, loss_inner: 0.31323, loss_target: 0.28706, homo loss: 0.00001 
acc_train_clean: 0.8940, ASR_train_attach: 1.0000, ASR_train_outter: 0.9855
Epoch 1680, loss_inner: 0.31343, loss_target: 0.28683, homo loss: 0.00001 
acc_train_clean: 0.8940, ASR_train_attach: 1.0000, ASR_train_outter: 0.9819
Epoch 1690, loss_inner: 0.31334, loss_target: 0.30526, homo loss: 0.00019 
acc_train_clean: 0.8927, ASR_train_attach: 1.0000, ASR_train_outter: 0.9964
Epoch 1700, loss_inner: 0.31535, loss_target: 0.32466, homo loss: 0.00591 
acc_train_clean: 0.8894, ASR_train_attach: 1.0000, ASR_train_outter: 1.0000
Epoch 1710, loss_inner: 0.32253, loss_target: 0.38400, homo loss: 0.00643 
acc_train_clean: 0.8876, ASR_train_attach: 1.0000, ASR_train_outter: 1.0000
Epoch 1720, loss_inner: 0.31956, loss_target: 0.31062, homo loss: 0.00000 
acc_train_clean: 0.8917, ASR_train_attach: 1.0000, ASR_train_outter: 0.9964
Epoch 1730, loss_inner: 0.31649, loss_target: 0.30577, homo loss: 0.00000 
acc_train_clean: 0.8915, ASR_train_attach: 1.0000, ASR_train_outter: 0.9946
Epoch 1740, loss_inner: 0.31488, loss_target: 0.29364, homo loss: 0.00000 
acc_train_clean: 0.8940, ASR_train_attach: 1.0000, ASR_train_outter: 0.9801
Epoch 1750, loss_inner: 0.31441, loss_target: 0.28929, homo loss: 0.00000 
acc_train_clean: 0.8932, ASR_train_attach: 1.0000, ASR_train_outter: 0.9837
Epoch 1760, loss_inner: 0.31376, loss_target: 0.28660, homo loss: 0.00000 
acc_train_clean: 0.8937, ASR_train_attach: 1.0000, ASR_train_outter: 0.9909
Epoch 1770, loss_inner: 0.31329, loss_target: 0.28523, homo loss: 0.00000 
acc_train_clean: 0.8937, ASR_train_attach: 1.0000, ASR_train_outter: 0.9909
Epoch 1780, loss_inner: 0.31282, loss_target: 0.28428, homo loss: 0.00001 
acc_train_clean: 0.8940, ASR_train_attach: 1.0000, ASR_train_outter: 0.9909
Epoch 1790, loss_inner: 0.31268, loss_target: 0.28373, homo loss: 0.00001 
acc_train_clean: 0.8937, ASR_train_attach: 1.0000, ASR_train_outter: 0.9909
Epoch 1800, loss_inner: 0.31261, loss_target: 0.28449, homo loss: 0.00000 
acc_train_clean: 0.8948, ASR_train_attach: 1.0000, ASR_train_outter: 0.9928
Epoch 1810, loss_inner: 0.31406, loss_target: 0.33190, homo loss: 0.00942 
acc_train_clean: 0.8922, ASR_train_attach: 1.0000, ASR_train_outter: 0.9982
Epoch 1820, loss_inner: 0.32731, loss_target: 0.34046, homo loss: 0.00141 
acc_train_clean: 0.8925, ASR_train_attach: 1.0000, ASR_train_outter: 1.0000
Epoch 1830, loss_inner: 0.32811, loss_target: 0.32437, homo loss: 0.00000 
acc_train_clean: 0.8899, ASR_train_attach: 0.9000, ASR_train_outter: 0.8913
Epoch 1840, loss_inner: 0.31908, loss_target: 0.30989, homo loss: 0.00000 
acc_train_clean: 0.8892, ASR_train_attach: 1.0000, ASR_train_outter: 0.9928
Epoch 1850, loss_inner: 0.31670, loss_target: 0.30066, homo loss: 0.00002 
acc_train_clean: 0.8907, ASR_train_attach: 1.0000, ASR_train_outter: 0.9873
Epoch 1860, loss_inner: 0.31603, loss_target: 0.29429, homo loss: 0.00000 
acc_train_clean: 0.8920, ASR_train_attach: 0.9500, ASR_train_outter: 0.9764
Epoch 1870, loss_inner: 0.31478, loss_target: 0.29075, homo loss: 0.00000 
acc_train_clean: 0.8922, ASR_train_attach: 1.0000, ASR_train_outter: 0.9746
Epoch 1880, loss_inner: 0.31346, loss_target: 0.28964, homo loss: 0.00000 
acc_train_clean: 0.8927, ASR_train_attach: 1.0000, ASR_train_outter: 0.9909
Epoch 1890, loss_inner: 0.31286, loss_target: 0.29461, homo loss: 0.00003 
acc_train_clean: 0.8940, ASR_train_attach: 1.0000, ASR_train_outter: 0.9964
Epoch 1900, loss_inner: 0.31278, loss_target: 0.29456, homo loss: 0.00000 
acc_train_clean: 0.8935, ASR_train_attach: 1.0000, ASR_train_outter: 0.9801
Epoch 1910, loss_inner: 0.31290, loss_target: 0.28677, homo loss: 0.00005 
acc_train_clean: 0.8927, ASR_train_attach: 1.0000, ASR_train_outter: 0.9855
Epoch 1920, loss_inner: 0.31314, loss_target: 0.29445, homo loss: 0.00000 
acc_train_clean: 0.8935, ASR_train_attach: 1.0000, ASR_train_outter: 0.9620
Epoch 1930, loss_inner: 0.32815, loss_target: 0.38799, homo loss: 0.00000 
acc_train_clean: 0.8912, ASR_train_attach: 0.6500, ASR_train_outter: 0.7174
Epoch 1940, loss_inner: 0.31860, loss_target: 0.34178, homo loss: 0.00010 
acc_train_clean: 0.8920, ASR_train_attach: 1.0000, ASR_train_outter: 1.0000
Epoch 1950, loss_inner: 0.31685, loss_target: 0.30616, homo loss: 0.00010 
acc_train_clean: 0.8932, ASR_train_attach: 0.8500, ASR_train_outter: 0.9257
Epoch 1960, loss_inner: 0.31601, loss_target: 0.29731, homo loss: 0.00001 
acc_train_clean: 0.8937, ASR_train_attach: 0.9250, ASR_train_outter: 0.9475
Epoch 1970, loss_inner: 0.31466, loss_target: 0.29020, homo loss: 0.00000 
acc_train_clean: 0.8927, ASR_train_attach: 0.9750, ASR_train_outter: 0.9710
Epoch 1980, loss_inner: 0.31343, loss_target: 0.28751, homo loss: 0.00001 
acc_train_clean: 0.8932, ASR_train_attach: 1.0000, ASR_train_outter: 0.9783
Epoch 1990, loss_inner: 0.31299, loss_target: 0.28572, homo loss: 0.00000 
acc_train_clean: 0.8935, ASR_train_attach: 1.0000, ASR_train_outter: 0.9855
load best weight based on the loss outter
precent of left attach nodes: 1.000
Namespace(cuda=True, dataset='Pubmed', debug=True, defense_mode='prune', device_id=2, dis_weight=0.0, dropout=0.5, epochs=200, evaluate_mode='1by1', hidden=32, homo_boost_thrd=0.5, homo_loss_weight=50.0, inner=1, lr=0.01, model='GCN', no_cuda=False, prune_thr=0.2, seed=265, selection_method='cluster_degree', target_class=0, target_loss_weight=1, test_model='GCN', thrd=0.5, train_lr=0.01, trigger_size=3, trojan_epochs=2000, use_vs_number=True, vs_number=40, vs_ratio=0, weight_decay=0.0005)
target class rate on Vs: 1.0000
accuracy on clean test nodes: 0.8544
Overall ASR: 0.9447
Flip ASR: 0.9311/1554 nodes
Namespace(cuda=True, dataset='Pubmed', debug=True, defense_mode='prune', device_id=2, dis_weight=0.0, dropout=0.5, epochs=200, evaluate_mode='1by1', hidden=32, homo_boost_thrd=0.5, homo_loss_weight=50.0, inner=1, lr=0.01, model='GCN', no_cuda=False, prune_thr=0.2, seed=125, selection_method='cluster_degree', target_class=0, target_loss_weight=1, test_model='GCN', thrd=0.5, train_lr=0.01, trigger_size=3, trojan_epochs=2000, use_vs_number=True, vs_number=40, vs_ratio=0, weight_decay=0.0005)
target class rate on Vs: 1.0000
accuracy on clean test nodes: 0.8569
Overall ASR: 0.9214
Flip ASR: 0.9054/1554 nodes
Namespace(cuda=True, dataset='Pubmed', debug=True, defense_mode='prune', device_id=2, dis_weight=0.0, dropout=0.5, epochs=200, evaluate_mode='1by1', hidden=32, homo_boost_thrd=0.5, homo_loss_weight=50.0, inner=1, lr=0.01, model='GCN', no_cuda=False, prune_thr=0.2, seed=996, selection_method='cluster_degree', target_class=0, target_loss_weight=1, test_model='GCN', thrd=0.5, train_lr=0.01, trigger_size=3, trojan_epochs=2000, use_vs_number=True, vs_number=40, vs_ratio=0, weight_decay=0.0005)
target class rate on Vs: 1.0000
accuracy on clean test nodes: 0.8519
Overall ASR: 0.9376
Flip ASR: 0.9234/1554 nodes
Namespace(cuda=True, dataset='Pubmed', debug=True, defense_mode='prune', device_id=2, dis_weight=0.0, dropout=0.5, epochs=200, evaluate_mode='1by1', hidden=32, homo_boost_thrd=0.5, homo_loss_weight=50.0, inner=1, lr=0.01, model='GCN', no_cuda=False, prune_thr=0.2, seed=527, selection_method='cluster_degree', target_class=0, target_loss_weight=1, test_model='GCN', thrd=0.5, train_lr=0.01, trigger_size=3, trojan_epochs=2000, use_vs_number=True, vs_number=40, vs_ratio=0, weight_decay=0.0005)
target class rate on Vs: 0.9500
accuracy on clean test nodes: 0.8524
Overall ASR: 0.9305
Flip ASR: 0.9151/1554 nodes
Namespace(cuda=True, dataset='Pubmed', debug=True, defense_mode='prune', device_id=2, dis_weight=0.0, dropout=0.5, epochs=200, evaluate_mode='1by1', hidden=32, homo_boost_thrd=0.5, homo_loss_weight=50.0, inner=1, lr=0.01, model='GCN', no_cuda=False, prune_thr=0.2, seed=320, selection_method='cluster_degree', target_class=0, target_loss_weight=1, test_model='GCN', thrd=0.5, train_lr=0.01, trigger_size=3, trojan_epochs=2000, use_vs_number=True, vs_number=40, vs_ratio=0, weight_decay=0.0005)
target class rate on Vs: 0.9500
accuracy on clean test nodes: 0.8539
Overall ASR: 0.9158
Flip ASR: 0.8983/1554 nodes
Overall ASR: 0.9300 (GCN model, Seed: 320)
Overall Clean Accuracy: 0.8539
Namespace(cuda=True, dataset='Pubmed', debug=True, defense_mode='prune', device_id=2, dis_weight=0.0, dropout=0.5, epochs=200, evaluate_mode='1by1', hidden=32, homo_boost_thrd=0.5, homo_loss_weight=50.0, inner=1, lr=0.01, model='GCN', no_cuda=False, prune_thr=0.2, seed=781, selection_method='cluster_degree', target_class=0, target_loss_weight=1, test_model='GAT', thrd=0.5, train_lr=0.01, trigger_size=3, trojan_epochs=2000, use_vs_number=True, vs_number=40, vs_ratio=0, weight_decay=0.0005)
/home/mfl5681/project-backdoor/Backdoor/models/GAT.py:61: UserWarning: To copy construct from a tensor, it is recommended to use sourceTensor.clone().detach() or sourceTensor.clone().detach().requires_grad_(True), rather than torch.tensor(sourceTensor).
  self.labels = torch.tensor(labels, dtype=torch.long)
target class rate on Vs: 0.9750
accuracy on clean test nodes: 0.8346
Overall ASR: 0.9731
Flip ASR: 0.9665/1554 nodes
Namespace(cuda=True, dataset='Pubmed', debug=True, defense_mode='prune', device_id=2, dis_weight=0.0, dropout=0.5, epochs=200, evaluate_mode='1by1', hidden=32, homo_boost_thrd=0.5, homo_loss_weight=50.0, inner=1, lr=0.01, model='GCN', no_cuda=False, prune_thr=0.2, seed=706, selection_method='cluster_degree', target_class=0, target_loss_weight=1, test_model='GAT', thrd=0.5, train_lr=0.01, trigger_size=3, trojan_epochs=2000, use_vs_number=True, vs_number=40, vs_ratio=0, weight_decay=0.0005)
target class rate on Vs: 0.8500
accuracy on clean test nodes: 0.8351
Overall ASR: 0.9062
Flip ASR: 0.8829/1554 nodes
Namespace(cuda=True, dataset='Pubmed', debug=True, defense_mode='prune', device_id=2, dis_weight=0.0, dropout=0.5, epochs=200, evaluate_mode='1by1', hidden=32, homo_boost_thrd=0.5, homo_loss_weight=50.0, inner=1, lr=0.01, model='GCN', no_cuda=False, prune_thr=0.2, seed=778, selection_method='cluster_degree', target_class=0, target_loss_weight=1, test_model='GAT', thrd=0.5, train_lr=0.01, trigger_size=3, trojan_epochs=2000, use_vs_number=True, vs_number=40, vs_ratio=0, weight_decay=0.0005)
target class rate on Vs: 1.0000
accuracy on clean test nodes: 0.8321
Overall ASR: 0.9655
Flip ASR: 0.9569/1554 nodes
Namespace(cuda=True, dataset='Pubmed', debug=True, defense_mode='prune', device_id=2, dis_weight=0.0, dropout=0.5, epochs=200, evaluate_mode='1by1', hidden=32, homo_boost_thrd=0.5, homo_loss_weight=50.0, inner=1, lr=0.01, model='GCN', no_cuda=False, prune_thr=0.2, seed=604, selection_method='cluster_degree', target_class=0, target_loss_weight=1, test_model='GAT', thrd=0.5, train_lr=0.01, trigger_size=3, trojan_epochs=2000, use_vs_number=True, vs_number=40, vs_ratio=0, weight_decay=0.0005)
target class rate on Vs: 0.9000
accuracy on clean test nodes: 0.8346
Overall ASR: 0.9432
Flip ASR: 0.9292/1554 nodes
Namespace(cuda=True, dataset='Pubmed', debug=True, defense_mode='prune', device_id=2, dis_weight=0.0, dropout=0.5, epochs=200, evaluate_mode='1by1', hidden=32, homo_boost_thrd=0.5, homo_loss_weight=50.0, inner=1, lr=0.01, model='GCN', no_cuda=False, prune_thr=0.2, seed=133, selection_method='cluster_degree', target_class=0, target_loss_weight=1, test_model='GAT', thrd=0.5, train_lr=0.01, trigger_size=3, trojan_epochs=2000, use_vs_number=True, vs_number=40, vs_ratio=0, weight_decay=0.0005)
target class rate on Vs: 0.9500
accuracy on clean test nodes: 0.8366
Overall ASR: 0.9422
Flip ASR: 0.9279/1554 nodes
Overall ASR: 0.9460 (GAT model, Seed: 133)
Overall Clean Accuracy: 0.8346
Namespace(cuda=True, dataset='Pubmed', debug=True, defense_mode='prune', device_id=2, dis_weight=0.0, dropout=0.5, epochs=200, evaluate_mode='1by1', hidden=32, homo_boost_thrd=0.5, homo_loss_weight=50.0, inner=1, lr=0.01, model='GCN', no_cuda=False, prune_thr=0.2, seed=673, selection_method='cluster_degree', target_class=0, target_loss_weight=1, test_model='GraphSage', thrd=0.5, train_lr=0.01, trigger_size=3, trojan_epochs=2000, use_vs_number=True, vs_number=40, vs_ratio=0, weight_decay=0.0005)
target class rate on Vs: 0.9750
accuracy on clean test nodes: 0.8645
Overall ASR: 0.9209
Flip ASR: 0.9041/1554 nodes
Namespace(cuda=True, dataset='Pubmed', debug=True, defense_mode='prune', device_id=2, dis_weight=0.0, dropout=0.5, epochs=200, evaluate_mode='1by1', hidden=32, homo_boost_thrd=0.5, homo_loss_weight=50.0, inner=1, lr=0.01, model='GCN', no_cuda=False, prune_thr=0.2, seed=904, selection_method='cluster_degree', target_class=0, target_loss_weight=1, test_model='GraphSage', thrd=0.5, train_lr=0.01, trigger_size=3, trojan_epochs=2000, use_vs_number=True, vs_number=40, vs_ratio=0, weight_decay=0.0005)
target class rate on Vs: 0.9750
accuracy on clean test nodes: 0.8645
Overall ASR: 0.9102
Flip ASR: 0.8906/1554 nodes
Namespace(cuda=True, dataset='Pubmed', debug=True, defense_mode='prune', device_id=2, dis_weight=0.0, dropout=0.5, epochs=200, evaluate_mode='1by1', hidden=32, homo_boost_thrd=0.5, homo_loss_weight=50.0, inner=1, lr=0.01, model='GCN', no_cuda=False, prune_thr=0.2, seed=56, selection_method='cluster_degree', target_class=0, target_loss_weight=1, test_model='GraphSage', thrd=0.5, train_lr=0.01, trigger_size=3, trojan_epochs=2000, use_vs_number=True, vs_number=40, vs_ratio=0, weight_decay=0.0005)
target class rate on Vs: 0.9750
accuracy on clean test nodes: 0.8656
Overall ASR: 0.9052
Flip ASR: 0.8848/1554 nodes
Namespace(cuda=True, dataset='Pubmed', debug=True, defense_mode='prune', device_id=2, dis_weight=0.0, dropout=0.5, epochs=200, evaluate_mode='1by1', hidden=32, homo_boost_thrd=0.5, homo_loss_weight=50.0, inner=1, lr=0.01, model='GCN', no_cuda=False, prune_thr=0.2, seed=1, selection_method='cluster_degree', target_class=0, target_loss_weight=1, test_model='GraphSage', thrd=0.5, train_lr=0.01, trigger_size=3, trojan_epochs=2000, use_vs_number=True, vs_number=40, vs_ratio=0, weight_decay=0.0005)
target class rate on Vs: 0.9750
accuracy on clean test nodes: 0.8630
Overall ASR: 0.9087
Flip ASR: 0.8900/1554 nodes
Namespace(cuda=True, dataset='Pubmed', debug=True, defense_mode='prune', device_id=2, dis_weight=0.0, dropout=0.5, epochs=200, evaluate_mode='1by1', hidden=32, homo_boost_thrd=0.5, homo_loss_weight=50.0, inner=1, lr=0.01, model='GCN', no_cuda=False, prune_thr=0.2, seed=694, selection_method='cluster_degree', target_class=0, target_loss_weight=1, test_model='GraphSage', thrd=0.5, train_lr=0.01, trigger_size=3, trojan_epochs=2000, use_vs_number=True, vs_number=40, vs_ratio=0, weight_decay=0.0005)
target class rate on Vs: 0.9750
accuracy on clean test nodes: 0.8630
Overall ASR: 0.9052
Flip ASR: 0.8861/1554 nodes
Overall ASR: 0.9100 (GraphSage model, Seed: 694)
Overall Clean Accuracy: 0.8641
Total Overall ASR: 0.9287 
Total Clean Accuracy: 0.8509
