nohup: ignoring input
run_adaptive.py:8: DeprecationWarning: the imp module is deprecated in favour of importlib; see the module's documentation for alternative uses
  import imp
Namespace(cuda=True, dataset='Pubmed', debug=True, defense_mode='isolate', device_id=1, dis_weight=0.0, dropout=0.5, epochs=200, evaluate_mode='1by1', hidden=32, homo_boost_thrd=0.5, homo_loss_weight=0.0, inner=1, lr=0.01, model='GCN', no_cuda=False, prune_thr=0.2, seed=10, selection_method='cluster_degree', target_class=0, target_loss_weight=1, test_model='GCN', thrd=0.5, train_lr=0.01, trigger_size=3, trojan_epochs=2000, use_vs_number=True, vs_number=40, vs_ratio=0, weight_decay=0.0005)
#Attach Nodes:40
Length of training set: 3943
=== training gcn model ===
Epoch 0, training loss: 1.0969727039337158
acc_val: 0.4039
Epoch 10, training loss: 1.0288712978363037
acc_val: 0.6398
Epoch 20, training loss: 0.8768908977508545
acc_val: 0.6768
Epoch 30, training loss: 0.6742267608642578
acc_val: 0.7012
Epoch 40, training loss: 0.5647497177124023
acc_val: 0.8382
Epoch 50, training loss: 0.48399069905281067
acc_val: 0.8534
Epoch 60, training loss: 0.4659076929092407
acc_val: 0.8590
Epoch 70, training loss: 0.4118213355541229
acc_val: 0.8666
Epoch 80, training loss: 0.3886343240737915
acc_val: 0.8671
Epoch 90, training loss: 0.3762349784374237
acc_val: 0.8711
Epoch 100, training loss: 0.36149346828460693
acc_val: 0.8671
Epoch 110, training loss: 0.34780699014663696
acc_val: 0.8732
Epoch 120, training loss: 0.3446672260761261
acc_val: 0.8737
Epoch 130, training loss: 0.336290180683136
acc_val: 0.8737
Epoch 140, training loss: 0.3329143226146698
acc_val: 0.8742
Epoch 150, training loss: 0.3275427222251892
acc_val: 0.8782
Epoch 160, training loss: 0.32861027121543884
acc_val: 0.8762
Epoch 170, training loss: 0.30837753415107727
acc_val: 0.8732
Epoch 180, training loss: 0.29858943819999695
acc_val: 0.8752
Epoch 190, training loss: 0.3012901544570923
acc_val: 0.8777
=== picking the best model according to the performance on validation ===
Training encoder Finished!
Total time elapsed: 2.9263s
Encoder CA on clean test nodes: 0.8549
idx_sing_class [    0     1     4 ... 19700 19702 19704]
current_class_size 20
./selected_nodes/Pubmed/Seperate/seed10/class_1.txt
[ 5104. 15916. 14578. ...  4058.   903. 11450.]
idx_sing_class [    3     5     6 ... 19712 19714 19716]
current_class_size 20
./selected_nodes/Pubmed/Seperate/seed10/class_2.txt
[11009.  2782. 11343. ...  8626. 15548.  1205.]
idx_attach: tensor([ 5104, 15916, 14578,  9040, 14315, 14910,  7647,  7098, 11534,  7803,
        10837, 18637, 19544,   821,  4899, 18597, 14851,  9145, 13907, 10814,
        11009,  2782, 11343, 14528, 19272,  6196, 16600, 17595, 17660,  9488,
         2471,  3489,  7324, 19307,  7825,   688,  2799,  6114,  4498, 13749],
       device='cuda:1')
tensor([    1,     2,     3,  ..., 19712, 19714, 19716], device='cuda:1')
Epoch 0, loss_inner: 1.09870, loss_target: 1.08898, homo loss: 0.00000 
acc_train_clean: 0.3190, ASR_train_attach: 0.9000, ASR_train_outter: 0.1268
Epoch 10, loss_inner: 0.96888, loss_target: 0.86375, homo loss: 0.00000 
acc_train_clean: 0.6566, ASR_train_attach: 1.0000, ASR_train_outter: 0.9891
Epoch 20, loss_inner: 0.83616, loss_target: 0.74669, homo loss: 0.00000 
acc_train_clean: 0.7705, ASR_train_attach: 0.9750, ASR_train_outter: 0.9909
Epoch 30, loss_inner: 0.70261, loss_target: 0.64919, homo loss: 0.00000 
acc_train_clean: 0.8212, ASR_train_attach: 0.9750, ASR_train_outter: 0.9891
Epoch 40, loss_inner: 0.59849, loss_target: 0.54818, homo loss: 0.00000 
acc_train_clean: 0.8395, ASR_train_attach: 0.9250, ASR_train_outter: 0.9728
Epoch 50, loss_inner: 0.53334, loss_target: 0.54513, homo loss: 0.00000 
acc_train_clean: 0.8455, ASR_train_attach: 1.0000, ASR_train_outter: 1.0000
Epoch 60, loss_inner: 0.50018, loss_target: 0.47403, homo loss: 0.00000 
acc_train_clean: 0.8547, ASR_train_attach: 0.8250, ASR_train_outter: 0.9076
Epoch 70, loss_inner: 0.47029, loss_target: 0.44386, homo loss: 0.00000 
acc_train_clean: 0.8567, ASR_train_attach: 0.9250, ASR_train_outter: 0.9692
Epoch 80, loss_inner: 0.44546, loss_target: 0.41278, homo loss: 0.00000 
acc_train_clean: 0.8625, ASR_train_attach: 0.9000, ASR_train_outter: 0.9620
Epoch 90, loss_inner: 0.42707, loss_target: 0.39550, homo loss: 0.00000 
acc_train_clean: 0.8669, ASR_train_attach: 1.0000, ASR_train_outter: 0.9764
Epoch 100, loss_inner: 0.41343, loss_target: 0.38805, homo loss: 0.00000 
acc_train_clean: 0.8684, ASR_train_attach: 0.9750, ASR_train_outter: 0.9783
Epoch 110, loss_inner: 0.40241, loss_target: 0.37017, homo loss: 0.00000 
acc_train_clean: 0.8714, ASR_train_attach: 0.9000, ASR_train_outter: 0.9547
Epoch 120, loss_inner: 0.39389, loss_target: 0.38652, homo loss: 0.00000 
acc_train_clean: 0.8724, ASR_train_attach: 1.0000, ASR_train_outter: 0.9909
Epoch 130, loss_inner: 0.38588, loss_target: 0.37311, homo loss: 0.00000 
acc_train_clean: 0.8737, ASR_train_attach: 1.0000, ASR_train_outter: 0.9873
Epoch 140, loss_inner: 0.37900, loss_target: 0.35121, homo loss: 0.00000 
acc_train_clean: 0.8773, ASR_train_attach: 0.9750, ASR_train_outter: 0.9764
Epoch 150, loss_inner: 0.37368, loss_target: 0.35606, homo loss: 0.00000 
acc_train_clean: 0.8783, ASR_train_attach: 1.0000, ASR_train_outter: 0.9837
Epoch 160, loss_inner: 0.39539, loss_target: 0.61305, homo loss: 0.00000 
acc_train_clean: 0.8742, ASR_train_attach: 1.0000, ASR_train_outter: 0.9801
Epoch 170, loss_inner: 0.37621, loss_target: 0.35870, homo loss: 0.00000 
acc_train_clean: 0.8785, ASR_train_attach: 0.9000, ASR_train_outter: 0.9674
Epoch 180, loss_inner: 0.36142, loss_target: 0.33690, homo loss: 0.00000 
acc_train_clean: 0.8813, ASR_train_attach: 0.8750, ASR_train_outter: 0.9438
Epoch 190, loss_inner: 0.35538, loss_target: 0.32352, homo loss: 0.00000 
acc_train_clean: 0.8841, ASR_train_attach: 0.9750, ASR_train_outter: 0.9837
Epoch 200, loss_inner: 0.35437, loss_target: 0.32982, homo loss: 0.00000 
acc_train_clean: 0.8833, ASR_train_attach: 1.0000, ASR_train_outter: 0.9855
Epoch 210, loss_inner: 0.35199, loss_target: 0.32271, homo loss: 0.00000 
acc_train_clean: 0.8841, ASR_train_attach: 1.0000, ASR_train_outter: 0.9855
Epoch 220, loss_inner: 0.35008, loss_target: 0.32480, homo loss: 0.00000 
acc_train_clean: 0.8856, ASR_train_attach: 0.8750, ASR_train_outter: 0.9366
Epoch 230, loss_inner: 0.34665, loss_target: 0.32141, homo loss: 0.00000 
acc_train_clean: 0.8866, ASR_train_attach: 1.0000, ASR_train_outter: 0.9909
Epoch 240, loss_inner: 0.34478, loss_target: 0.32054, homo loss: 0.00000 
acc_train_clean: 0.8856, ASR_train_attach: 1.0000, ASR_train_outter: 0.9873
Epoch 250, loss_inner: 0.34255, loss_target: 0.31774, homo loss: 0.00000 
acc_train_clean: 0.8861, ASR_train_attach: 1.0000, ASR_train_outter: 0.9928
Epoch 260, loss_inner: 0.34261, loss_target: 0.35008, homo loss: 0.00000 
acc_train_clean: 0.8849, ASR_train_attach: 1.0000, ASR_train_outter: 0.9909
Epoch 270, loss_inner: 0.34012, loss_target: 0.32387, homo loss: 0.00000 
acc_train_clean: 0.8849, ASR_train_attach: 1.0000, ASR_train_outter: 0.9837
Epoch 280, loss_inner: 0.33871, loss_target: 0.31356, homo loss: 0.00000 
acc_train_clean: 0.8879, ASR_train_attach: 0.8750, ASR_train_outter: 0.9529
Epoch 290, loss_inner: 0.33564, loss_target: 0.30821, homo loss: 0.00000 
acc_train_clean: 0.8879, ASR_train_attach: 1.0000, ASR_train_outter: 0.9891
Epoch 300, loss_inner: 0.33446, loss_target: 0.31151, homo loss: 0.00000 
acc_train_clean: 0.8887, ASR_train_attach: 1.0000, ASR_train_outter: 0.9928
Epoch 310, loss_inner: 0.33343, loss_target: 0.31915, homo loss: 0.00000 
acc_train_clean: 0.8864, ASR_train_attach: 1.0000, ASR_train_outter: 0.9909
Epoch 320, loss_inner: 0.34826, loss_target: 0.38933, homo loss: 0.00000 
acc_train_clean: 0.8876, ASR_train_attach: 0.5000, ASR_train_outter: 0.6975
Epoch 330, loss_inner: 0.33767, loss_target: 0.34994, homo loss: 0.00000 
acc_train_clean: 0.8859, ASR_train_attach: 1.0000, ASR_train_outter: 0.9801
Epoch 340, loss_inner: 0.33378, loss_target: 0.31748, homo loss: 0.00000 
acc_train_clean: 0.8879, ASR_train_attach: 0.9250, ASR_train_outter: 0.9764
Epoch 350, loss_inner: 0.32810, loss_target: 0.30537, homo loss: 0.00000 
acc_train_clean: 0.8902, ASR_train_attach: 1.0000, ASR_train_outter: 0.9891
Epoch 360, loss_inner: 0.32749, loss_target: 0.29709, homo loss: 0.00000 
acc_train_clean: 0.8899, ASR_train_attach: 1.0000, ASR_train_outter: 0.9891
Epoch 370, loss_inner: 0.32744, loss_target: 0.29735, homo loss: 0.00000 
acc_train_clean: 0.8907, ASR_train_attach: 1.0000, ASR_train_outter: 0.9764
Epoch 380, loss_inner: 0.32689, loss_target: 0.29644, homo loss: 0.00000 
acc_train_clean: 0.8899, ASR_train_attach: 0.9750, ASR_train_outter: 0.9837
Epoch 390, loss_inner: 0.33076, loss_target: 0.36976, homo loss: 0.00000 
acc_train_clean: 0.8887, ASR_train_attach: 1.0000, ASR_train_outter: 1.0000
Epoch 400, loss_inner: 0.32640, loss_target: 0.32098, homo loss: 0.00000 
acc_train_clean: 0.8894, ASR_train_attach: 1.0000, ASR_train_outter: 0.9891
Epoch 410, loss_inner: 0.32528, loss_target: 0.29878, homo loss: 0.00000 
acc_train_clean: 0.8904, ASR_train_attach: 0.9000, ASR_train_outter: 0.9511
Epoch 420, loss_inner: 0.32358, loss_target: 0.29364, homo loss: 0.00000 
acc_train_clean: 0.8897, ASR_train_attach: 1.0000, ASR_train_outter: 0.9783
Epoch 430, loss_inner: 0.32258, loss_target: 0.29227, homo loss: 0.00000 
acc_train_clean: 0.8897, ASR_train_attach: 1.0000, ASR_train_outter: 0.9928
Epoch 440, loss_inner: 0.32227, loss_target: 0.29719, homo loss: 0.00000 
acc_train_clean: 0.8915, ASR_train_attach: 1.0000, ASR_train_outter: 0.9946
Epoch 450, loss_inner: 0.32631, loss_target: 0.30095, homo loss: 0.00000 
acc_train_clean: 0.8907, ASR_train_attach: 0.8250, ASR_train_outter: 0.9312
Epoch 460, loss_inner: 0.32739, loss_target: 0.33301, homo loss: 0.00000 
acc_train_clean: 0.8879, ASR_train_attach: 1.0000, ASR_train_outter: 0.9982
Epoch 470, loss_inner: 0.32788, loss_target: 0.35433, homo loss: 0.00000 
acc_train_clean: 0.8887, ASR_train_attach: 0.9250, ASR_train_outter: 0.9783
Epoch 480, loss_inner: 0.32215, loss_target: 0.30153, homo loss: 0.00000 
acc_train_clean: 0.8894, ASR_train_attach: 1.0000, ASR_train_outter: 0.9873
Epoch 490, loss_inner: 0.31989, loss_target: 0.29102, homo loss: 0.00000 
acc_train_clean: 0.8907, ASR_train_attach: 1.0000, ASR_train_outter: 0.9891
Epoch 500, loss_inner: 0.31931, loss_target: 0.28871, homo loss: 0.00000 
acc_train_clean: 0.8925, ASR_train_attach: 1.0000, ASR_train_outter: 0.9928
Epoch 510, loss_inner: 0.31926, loss_target: 0.28927, homo loss: 0.00000 
acc_train_clean: 0.8917, ASR_train_attach: 0.9250, ASR_train_outter: 0.9837
Epoch 520, loss_inner: 0.32196, loss_target: 0.29468, homo loss: 0.00000 
acc_train_clean: 0.8912, ASR_train_attach: 0.8750, ASR_train_outter: 0.9511
Epoch 530, loss_inner: 0.37591, loss_target: 0.30489, homo loss: 0.00000 
acc_train_clean: 0.8917, ASR_train_attach: 0.0500, ASR_train_outter: 0.9420
Epoch 540, loss_inner: 0.49139, loss_target: 1.86168, homo loss: 0.00000 
acc_train_clean: 0.8552, ASR_train_attach: 1.0000, ASR_train_outter: 1.0000
Epoch 550, loss_inner: 0.37741, loss_target: 0.38498, homo loss: 0.00000 
acc_train_clean: 0.8620, ASR_train_attach: 0.9500, ASR_train_outter: 0.9873
Epoch 560, loss_inner: 0.34774, loss_target: 0.35236, homo loss: 0.00000 
acc_train_clean: 0.8790, ASR_train_attach: 0.9000, ASR_train_outter: 0.9511
Epoch 570, loss_inner: 0.33730, loss_target: 0.32101, homo loss: 0.00000 
acc_train_clean: 0.8856, ASR_train_attach: 0.9250, ASR_train_outter: 0.9692
Epoch 580, loss_inner: 0.33123, loss_target: 0.30878, homo loss: 0.00000 
acc_train_clean: 0.8874, ASR_train_attach: 1.0000, ASR_train_outter: 0.9909
Epoch 590, loss_inner: 0.32601, loss_target: 0.29905, homo loss: 0.00000 
acc_train_clean: 0.8884, ASR_train_attach: 1.0000, ASR_train_outter: 0.9746
Epoch 600, loss_inner: 0.32575, loss_target: 0.32377, homo loss: 0.00000 
acc_train_clean: 0.8899, ASR_train_attach: 0.8500, ASR_train_outter: 0.9167
Epoch 610, loss_inner: 0.32168, loss_target: 0.29579, homo loss: 0.00000 
acc_train_clean: 0.8922, ASR_train_attach: 1.0000, ASR_train_outter: 0.9873
Epoch 620, loss_inner: 0.32004, loss_target: 0.29351, homo loss: 0.00000 
acc_train_clean: 0.8915, ASR_train_attach: 1.0000, ASR_train_outter: 0.9692
Epoch 630, loss_inner: 0.31894, loss_target: 0.29009, homo loss: 0.00000 
acc_train_clean: 0.8922, ASR_train_attach: 1.0000, ASR_train_outter: 0.9928
Epoch 640, loss_inner: 0.31814, loss_target: 0.28854, homo loss: 0.00000 
acc_train_clean: 0.8922, ASR_train_attach: 1.0000, ASR_train_outter: 0.9909
Epoch 650, loss_inner: 0.31758, loss_target: 0.28776, homo loss: 0.00000 
acc_train_clean: 0.8920, ASR_train_attach: 1.0000, ASR_train_outter: 0.9891
Epoch 660, loss_inner: 0.31709, loss_target: 0.29106, homo loss: 0.00000 
acc_train_clean: 0.8927, ASR_train_attach: 1.0000, ASR_train_outter: 0.9801
Epoch 670, loss_inner: 0.31854, loss_target: 0.33596, homo loss: 0.00000 
acc_train_clean: 0.8887, ASR_train_attach: 1.0000, ASR_train_outter: 1.0000
Epoch 680, loss_inner: 0.31851, loss_target: 0.30445, homo loss: 0.00000 
acc_train_clean: 0.8909, ASR_train_attach: 1.0000, ASR_train_outter: 0.9946
Epoch 690, loss_inner: 0.31674, loss_target: 0.28905, homo loss: 0.00000 
acc_train_clean: 0.8902, ASR_train_attach: 1.0000, ASR_train_outter: 0.9837
Epoch 700, loss_inner: 0.31531, loss_target: 0.28635, homo loss: 0.00000 
acc_train_clean: 0.8907, ASR_train_attach: 1.0000, ASR_train_outter: 0.9783
Epoch 710, loss_inner: 0.31492, loss_target: 0.28477, homo loss: 0.00000 
acc_train_clean: 0.8932, ASR_train_attach: 1.0000, ASR_train_outter: 0.9891
Epoch 720, loss_inner: 0.31494, loss_target: 0.28448, homo loss: 0.00000 
acc_train_clean: 0.8927, ASR_train_attach: 1.0000, ASR_train_outter: 0.9891
Epoch 730, loss_inner: 0.31505, loss_target: 0.28410, homo loss: 0.00000 
acc_train_clean: 0.8927, ASR_train_attach: 1.0000, ASR_train_outter: 0.9946
Epoch 740, loss_inner: 0.31527, loss_target: 0.28438, homo loss: 0.00000 
acc_train_clean: 0.8907, ASR_train_attach: 1.0000, ASR_train_outter: 0.9928
Epoch 750, loss_inner: 0.31659, loss_target: 0.28712, homo loss: 0.00000 
acc_train_clean: 0.8902, ASR_train_attach: 0.9750, ASR_train_outter: 0.9746
Epoch 760, loss_inner: 0.50878, loss_target: 0.32243, homo loss: 0.00000 
acc_train_clean: 0.8899, ASR_train_attach: 0.0000, ASR_train_outter: 0.9964
Epoch 770, loss_inner: 0.42554, loss_target: 0.40011, homo loss: 0.00000 
acc_train_clean: 0.8620, ASR_train_attach: 0.9000, ASR_train_outter: 0.9855
Epoch 780, loss_inner: 0.37972, loss_target: 0.35158, homo loss: 0.00000 
acc_train_clean: 0.8742, ASR_train_attach: 0.4000, ASR_train_outter: 0.9764
Epoch 790, loss_inner: 0.36739, loss_target: 0.59390, homo loss: 0.00000 
acc_train_clean: 0.8755, ASR_train_attach: 1.0000, ASR_train_outter: 1.0000
Epoch 800, loss_inner: 0.94752, loss_target: 0.41959, homo loss: 0.00000 
acc_train_clean: 0.8742, ASR_train_attach: 0.0000, ASR_train_outter: 0.8551
Epoch 810, loss_inner: 0.47690, loss_target: 1.99660, homo loss: 0.00000 
acc_train_clean: 0.8636, ASR_train_attach: 1.0000, ASR_train_outter: 1.0000
Epoch 820, loss_inner: 0.41909, loss_target: 1.00277, homo loss: 0.00000 
acc_train_clean: 0.8646, ASR_train_attach: 1.0000, ASR_train_outter: 1.0000
Epoch 830, loss_inner: 0.35548, loss_target: 0.33710, homo loss: 0.00000 
acc_train_clean: 0.8737, ASR_train_attach: 1.0000, ASR_train_outter: 0.9982
Epoch 840, loss_inner: 0.34291, loss_target: 0.30499, homo loss: 0.00000 
acc_train_clean: 0.8793, ASR_train_attach: 1.0000, ASR_train_outter: 1.0000
Epoch 850, loss_inner: 0.33452, loss_target: 0.29445, homo loss: 0.00000 
acc_train_clean: 0.8821, ASR_train_attach: 1.0000, ASR_train_outter: 1.0000
Epoch 860, loss_inner: 0.32971, loss_target: 0.29061, homo loss: 0.00000 
acc_train_clean: 0.8841, ASR_train_attach: 1.0000, ASR_train_outter: 1.0000
Epoch 870, loss_inner: 0.32625, loss_target: 0.28795, homo loss: 0.00000 
acc_train_clean: 0.8884, ASR_train_attach: 1.0000, ASR_train_outter: 1.0000
Epoch 880, loss_inner: 0.32365, loss_target: 0.28570, homo loss: 0.00000 
acc_train_clean: 0.8879, ASR_train_attach: 1.0000, ASR_train_outter: 1.0000
Epoch 890, loss_inner: 0.32164, loss_target: 0.28381, homo loss: 0.00000 
acc_train_clean: 0.8889, ASR_train_attach: 1.0000, ASR_train_outter: 1.0000
Epoch 900, loss_inner: 0.32012, loss_target: 0.28217, homo loss: 0.00000 
acc_train_clean: 0.8897, ASR_train_attach: 1.0000, ASR_train_outter: 1.0000
Epoch 910, loss_inner: 0.31889, loss_target: 0.28082, homo loss: 0.00000 
acc_train_clean: 0.8902, ASR_train_attach: 1.0000, ASR_train_outter: 1.0000
Epoch 920, loss_inner: 0.31791, loss_target: 0.27930, homo loss: 0.00000 
acc_train_clean: 0.8902, ASR_train_attach: 1.0000, ASR_train_outter: 1.0000
Epoch 930, loss_inner: 0.31713, loss_target: 0.27807, homo loss: 0.00000 
acc_train_clean: 0.8912, ASR_train_attach: 1.0000, ASR_train_outter: 1.0000
Epoch 940, loss_inner: 0.31650, loss_target: 0.27691, homo loss: 0.00000 
acc_train_clean: 0.8912, ASR_train_attach: 1.0000, ASR_train_outter: 1.0000
Epoch 950, loss_inner: 0.31597, loss_target: 0.27575, homo loss: 0.00000 
acc_train_clean: 0.8920, ASR_train_attach: 1.0000, ASR_train_outter: 1.0000
Epoch 960, loss_inner: 0.31551, loss_target: 0.27502, homo loss: 0.00000 
acc_train_clean: 0.8925, ASR_train_attach: 1.0000, ASR_train_outter: 1.0000
Epoch 970, loss_inner: 0.31512, loss_target: 0.27462, homo loss: 0.00000 
acc_train_clean: 0.8925, ASR_train_attach: 1.0000, ASR_train_outter: 1.0000
Epoch 980, loss_inner: 0.31473, loss_target: 0.27304, homo loss: 0.00000 
acc_train_clean: 0.8922, ASR_train_attach: 1.0000, ASR_train_outter: 1.0000
Epoch 990, loss_inner: 0.31445, loss_target: 0.27290, homo loss: 0.00000 
acc_train_clean: 0.8925, ASR_train_attach: 1.0000, ASR_train_outter: 1.0000
Epoch 1000, loss_inner: 0.31417, loss_target: 0.27218, homo loss: 0.00000 
acc_train_clean: 0.8922, ASR_train_attach: 1.0000, ASR_train_outter: 1.0000
Epoch 1010, loss_inner: 0.31390, loss_target: 0.27187, homo loss: 0.00000 
acc_train_clean: 0.8927, ASR_train_attach: 1.0000, ASR_train_outter: 1.0000
Epoch 1020, loss_inner: 0.31367, loss_target: 0.27150, homo loss: 0.00000 
acc_train_clean: 0.8935, ASR_train_attach: 1.0000, ASR_train_outter: 1.0000
Epoch 1030, loss_inner: 0.31347, loss_target: 0.27155, homo loss: 0.00000 
acc_train_clean: 0.8935, ASR_train_attach: 1.0000, ASR_train_outter: 1.0000
Epoch 1040, loss_inner: 0.31329, loss_target: 0.27154, homo loss: 0.00000 
acc_train_clean: 0.8937, ASR_train_attach: 1.0000, ASR_train_outter: 0.9982
Epoch 1050, loss_inner: 0.31313, loss_target: 0.27115, homo loss: 0.00000 
acc_train_clean: 0.8932, ASR_train_attach: 1.0000, ASR_train_outter: 1.0000
Epoch 1060, loss_inner: 0.31298, loss_target: 0.27119, homo loss: 0.00000 
acc_train_clean: 0.8935, ASR_train_attach: 1.0000, ASR_train_outter: 1.0000
Epoch 1070, loss_inner: 0.31284, loss_target: 0.27110, homo loss: 0.00000 
acc_train_clean: 0.8935, ASR_train_attach: 1.0000, ASR_train_outter: 1.0000
Epoch 1080, loss_inner: 0.31272, loss_target: 0.27089, homo loss: 0.00000 
acc_train_clean: 0.8937, ASR_train_attach: 1.0000, ASR_train_outter: 1.0000
Epoch 1090, loss_inner: 0.31261, loss_target: 0.27119, homo loss: 0.00000 
acc_train_clean: 0.8935, ASR_train_attach: 1.0000, ASR_train_outter: 0.9982
Epoch 1100, loss_inner: 0.31251, loss_target: 0.27080, homo loss: 0.00000 
acc_train_clean: 0.8932, ASR_train_attach: 1.0000, ASR_train_outter: 1.0000
Epoch 1110, loss_inner: 0.31242, loss_target: 0.27074, homo loss: 0.00000 
acc_train_clean: 0.8930, ASR_train_attach: 1.0000, ASR_train_outter: 1.0000
Epoch 1120, loss_inner: 0.31233, loss_target: 0.27074, homo loss: 0.00000 
acc_train_clean: 0.8932, ASR_train_attach: 1.0000, ASR_train_outter: 1.0000
Epoch 1130, loss_inner: 0.31224, loss_target: 0.27072, homo loss: 0.00000 
acc_train_clean: 0.8932, ASR_train_attach: 1.0000, ASR_train_outter: 1.0000
Epoch 1140, loss_inner: 0.31215, loss_target: 0.27059, homo loss: 0.00000 
acc_train_clean: 0.8925, ASR_train_attach: 1.0000, ASR_train_outter: 1.0000
Epoch 1150, loss_inner: 0.31206, loss_target: 0.27060, homo loss: 0.00000 
acc_train_clean: 0.8925, ASR_train_attach: 1.0000, ASR_train_outter: 1.0000
Epoch 1160, loss_inner: 0.31200, loss_target: 0.27056, homo loss: 0.00000 
acc_train_clean: 0.8932, ASR_train_attach: 1.0000, ASR_train_outter: 1.0000
Epoch 1170, loss_inner: 0.31193, loss_target: 0.27049, homo loss: 0.00000 
acc_train_clean: 0.8927, ASR_train_attach: 1.0000, ASR_train_outter: 1.0000
Epoch 1180, loss_inner: 0.31187, loss_target: 0.27045, homo loss: 0.00000 
acc_train_clean: 0.8932, ASR_train_attach: 1.0000, ASR_train_outter: 1.0000
Epoch 1190, loss_inner: 0.31183, loss_target: 0.27062, homo loss: 0.00000 
acc_train_clean: 0.8935, ASR_train_attach: 1.0000, ASR_train_outter: 1.0000
Epoch 1200, loss_inner: 0.31178, loss_target: 0.27043, homo loss: 0.00000 
acc_train_clean: 0.8930, ASR_train_attach: 1.0000, ASR_train_outter: 1.0000
Epoch 1210, loss_inner: 0.31173, loss_target: 0.27041, homo loss: 0.00000 
acc_train_clean: 0.8927, ASR_train_attach: 1.0000, ASR_train_outter: 1.0000
Epoch 1220, loss_inner: 0.31169, loss_target: 0.27036, homo loss: 0.00000 
acc_train_clean: 0.8927, ASR_train_attach: 1.0000, ASR_train_outter: 1.0000
Epoch 1230, loss_inner: 0.31165, loss_target: 0.27034, homo loss: 0.00000 
acc_train_clean: 0.8930, ASR_train_attach: 1.0000, ASR_train_outter: 1.0000
Epoch 1240, loss_inner: 0.31162, loss_target: 0.27051, homo loss: 0.00000 
acc_train_clean: 0.8927, ASR_train_attach: 1.0000, ASR_train_outter: 1.0000
Epoch 1250, loss_inner: 0.31159, loss_target: 0.27039, homo loss: 0.00000 
acc_train_clean: 0.8927, ASR_train_attach: 1.0000, ASR_train_outter: 1.0000
Epoch 1260, loss_inner: 0.31156, loss_target: 0.27034, homo loss: 0.00000 
acc_train_clean: 0.8927, ASR_train_attach: 1.0000, ASR_train_outter: 1.0000
Epoch 1270, loss_inner: 0.31154, loss_target: 0.27023, homo loss: 0.00000 
acc_train_clean: 0.8925, ASR_train_attach: 1.0000, ASR_train_outter: 1.0000
Epoch 1280, loss_inner: 0.31151, loss_target: 0.27083, homo loss: 0.00000 
acc_train_clean: 0.8930, ASR_train_attach: 1.0000, ASR_train_outter: 0.9982
Epoch 1290, loss_inner: 0.31148, loss_target: 0.27017, homo loss: 0.00000 
acc_train_clean: 0.8930, ASR_train_attach: 1.0000, ASR_train_outter: 1.0000
Epoch 1300, loss_inner: 0.31147, loss_target: 0.27011, homo loss: 0.00000 
acc_train_clean: 0.8927, ASR_train_attach: 1.0000, ASR_train_outter: 1.0000
Epoch 1310, loss_inner: 0.31145, loss_target: 0.27019, homo loss: 0.00000 
acc_train_clean: 0.8930, ASR_train_attach: 1.0000, ASR_train_outter: 1.0000
Epoch 1320, loss_inner: 0.31143, loss_target: 0.27011, homo loss: 0.00000 
acc_train_clean: 0.8927, ASR_train_attach: 1.0000, ASR_train_outter: 1.0000
Epoch 1330, loss_inner: 0.31140, loss_target: 0.27001, homo loss: 0.00000 
acc_train_clean: 0.8925, ASR_train_attach: 1.0000, ASR_train_outter: 1.0000
Epoch 1340, loss_inner: 0.31139, loss_target: 0.27009, homo loss: 0.00000 
acc_train_clean: 0.8925, ASR_train_attach: 1.0000, ASR_train_outter: 1.0000
Epoch 1350, loss_inner: 0.31136, loss_target: 0.26992, homo loss: 0.00000 
acc_train_clean: 0.8925, ASR_train_attach: 1.0000, ASR_train_outter: 1.0000
Epoch 1360, loss_inner: 0.31136, loss_target: 0.27041, homo loss: 0.00000 
acc_train_clean: 0.8925, ASR_train_attach: 1.0000, ASR_train_outter: 1.0000
Epoch 1370, loss_inner: 0.31132, loss_target: 0.27007, homo loss: 0.00000 
acc_train_clean: 0.8927, ASR_train_attach: 1.0000, ASR_train_outter: 1.0000
Epoch 1380, loss_inner: 0.31130, loss_target: 0.26989, homo loss: 0.00000 
acc_train_clean: 0.8930, ASR_train_attach: 1.0000, ASR_train_outter: 1.0000
Epoch 1390, loss_inner: 0.31129, loss_target: 0.26996, homo loss: 0.00000 
acc_train_clean: 0.8930, ASR_train_attach: 1.0000, ASR_train_outter: 1.0000
Epoch 1400, loss_inner: 0.31128, loss_target: 0.26987, homo loss: 0.00000 
acc_train_clean: 0.8927, ASR_train_attach: 1.0000, ASR_train_outter: 1.0000
Epoch 1410, loss_inner: 0.31127, loss_target: 0.27032, homo loss: 0.00000 
acc_train_clean: 0.8927, ASR_train_attach: 1.0000, ASR_train_outter: 0.9982
Epoch 1420, loss_inner: 0.31127, loss_target: 0.27010, homo loss: 0.00000 
acc_train_clean: 0.8927, ASR_train_attach: 1.0000, ASR_train_outter: 1.0000
Epoch 1430, loss_inner: 0.31126, loss_target: 0.26997, homo loss: 0.00000 
acc_train_clean: 0.8927, ASR_train_attach: 1.0000, ASR_train_outter: 1.0000
Epoch 1440, loss_inner: 0.31125, loss_target: 0.26985, homo loss: 0.00000 
acc_train_clean: 0.8927, ASR_train_attach: 1.0000, ASR_train_outter: 1.0000
Epoch 1450, loss_inner: 0.31123, loss_target: 0.26987, homo loss: 0.00000 
acc_train_clean: 0.8930, ASR_train_attach: 1.0000, ASR_train_outter: 1.0000
Epoch 1460, loss_inner: 0.31122, loss_target: 0.26989, homo loss: 0.00000 
acc_train_clean: 0.8927, ASR_train_attach: 1.0000, ASR_train_outter: 1.0000
Epoch 1470, loss_inner: 0.31121, loss_target: 0.27012, homo loss: 0.00000 
acc_train_clean: 0.8930, ASR_train_attach: 1.0000, ASR_train_outter: 1.0000
Epoch 1480, loss_inner: 0.31120, loss_target: 0.26993, homo loss: 0.00000 
acc_train_clean: 0.8930, ASR_train_attach: 1.0000, ASR_train_outter: 1.0000
Epoch 1490, loss_inner: 0.31120, loss_target: 0.26996, homo loss: 0.00000 
acc_train_clean: 0.8930, ASR_train_attach: 1.0000, ASR_train_outter: 1.0000
Epoch 1500, loss_inner: 0.31119, loss_target: 0.26985, homo loss: 0.00000 
acc_train_clean: 0.8930, ASR_train_attach: 1.0000, ASR_train_outter: 1.0000
Epoch 1510, loss_inner: 0.31118, loss_target: 0.26987, homo loss: 0.00000 
acc_train_clean: 0.8930, ASR_train_attach: 1.0000, ASR_train_outter: 1.0000
Epoch 1520, loss_inner: 0.31119, loss_target: 0.27043, homo loss: 0.00000 
acc_train_clean: 0.8927, ASR_train_attach: 1.0000, ASR_train_outter: 1.0000
Epoch 1530, loss_inner: 0.31117, loss_target: 0.26991, homo loss: 0.00000 
acc_train_clean: 0.8930, ASR_train_attach: 1.0000, ASR_train_outter: 1.0000
Epoch 1540, loss_inner: 0.31117, loss_target: 0.26989, homo loss: 0.00000 
acc_train_clean: 0.8930, ASR_train_attach: 1.0000, ASR_train_outter: 1.0000
Epoch 1550, loss_inner: 0.31118, loss_target: 0.27027, homo loss: 0.00000 
acc_train_clean: 0.8930, ASR_train_attach: 1.0000, ASR_train_outter: 1.0000
Epoch 1560, loss_inner: 0.31116, loss_target: 0.27012, homo loss: 0.00000 
acc_train_clean: 0.8930, ASR_train_attach: 1.0000, ASR_train_outter: 1.0000
Epoch 1570, loss_inner: 0.31115, loss_target: 0.26991, homo loss: 0.00000 
acc_train_clean: 0.8932, ASR_train_attach: 1.0000, ASR_train_outter: 1.0000
Epoch 1580, loss_inner: 0.31113, loss_target: 0.26985, homo loss: 0.00000 
acc_train_clean: 0.8932, ASR_train_attach: 1.0000, ASR_train_outter: 1.0000
Epoch 1590, loss_inner: 0.31113, loss_target: 0.27053, homo loss: 0.00000 
acc_train_clean: 0.8932, ASR_train_attach: 1.0000, ASR_train_outter: 1.0000
Epoch 1600, loss_inner: 0.31112, loss_target: 0.26984, homo loss: 0.00000 
acc_train_clean: 0.8932, ASR_train_attach: 1.0000, ASR_train_outter: 1.0000
Epoch 1610, loss_inner: 0.31112, loss_target: 0.27003, homo loss: 0.00000 
acc_train_clean: 0.8932, ASR_train_attach: 1.0000, ASR_train_outter: 1.0000
Epoch 1620, loss_inner: 0.31112, loss_target: 0.27048, homo loss: 0.00000 
acc_train_clean: 0.8932, ASR_train_attach: 1.0000, ASR_train_outter: 0.9982
Epoch 1630, loss_inner: 0.31112, loss_target: 0.27014, homo loss: 0.00000 
acc_train_clean: 0.8932, ASR_train_attach: 1.0000, ASR_train_outter: 1.0000
Epoch 1640, loss_inner: 0.31111, loss_target: 0.27017, homo loss: 0.00000 
acc_train_clean: 0.8932, ASR_train_attach: 1.0000, ASR_train_outter: 1.0000
Epoch 1650, loss_inner: 0.31110, loss_target: 0.26991, homo loss: 0.00000 
acc_train_clean: 0.8932, ASR_train_attach: 1.0000, ASR_train_outter: 1.0000
Epoch 1660, loss_inner: 0.31110, loss_target: 0.26984, homo loss: 0.00000 
acc_train_clean: 0.8932, ASR_train_attach: 1.0000, ASR_train_outter: 1.0000
Epoch 1670, loss_inner: 0.31109, loss_target: 0.26996, homo loss: 0.00000 
acc_train_clean: 0.8932, ASR_train_attach: 1.0000, ASR_train_outter: 1.0000
Epoch 1680, loss_inner: 0.31109, loss_target: 0.26990, homo loss: 0.00000 
acc_train_clean: 0.8932, ASR_train_attach: 1.0000, ASR_train_outter: 1.0000
Epoch 1690, loss_inner: 0.31111, loss_target: 0.27074, homo loss: 0.00000 
acc_train_clean: 0.8932, ASR_train_attach: 1.0000, ASR_train_outter: 1.0000
Epoch 1700, loss_inner: 0.31108, loss_target: 0.27036, homo loss: 0.00000 
acc_train_clean: 0.8935, ASR_train_attach: 1.0000, ASR_train_outter: 0.9982
Epoch 1710, loss_inner: 0.31107, loss_target: 0.27001, homo loss: 0.00000 
acc_train_clean: 0.8932, ASR_train_attach: 1.0000, ASR_train_outter: 1.0000
Epoch 1720, loss_inner: 0.31106, loss_target: 0.26996, homo loss: 0.00000 
acc_train_clean: 0.8932, ASR_train_attach: 1.0000, ASR_train_outter: 1.0000
Epoch 1730, loss_inner: 0.31106, loss_target: 0.26997, homo loss: 0.00000 
acc_train_clean: 0.8932, ASR_train_attach: 1.0000, ASR_train_outter: 1.0000
Epoch 1740, loss_inner: 0.31105, loss_target: 0.26987, homo loss: 0.00000 
acc_train_clean: 0.8932, ASR_train_attach: 1.0000, ASR_train_outter: 1.0000
Epoch 1750, loss_inner: 0.31105, loss_target: 0.26998, homo loss: 0.00000 
acc_train_clean: 0.8932, ASR_train_attach: 1.0000, ASR_train_outter: 1.0000
Epoch 1760, loss_inner: 0.31105, loss_target: 0.26994, homo loss: 0.00000 
acc_train_clean: 0.8932, ASR_train_attach: 1.0000, ASR_train_outter: 1.0000
Epoch 1770, loss_inner: 0.31104, loss_target: 0.26994, homo loss: 0.00000 
acc_train_clean: 0.8932, ASR_train_attach: 1.0000, ASR_train_outter: 1.0000
Epoch 1780, loss_inner: 0.31103, loss_target: 0.27042, homo loss: 0.00000 
acc_train_clean: 0.8932, ASR_train_attach: 1.0000, ASR_train_outter: 1.0000
Epoch 1790, loss_inner: 0.31103, loss_target: 0.27012, homo loss: 0.00000 
acc_train_clean: 0.8932, ASR_train_attach: 1.0000, ASR_train_outter: 1.0000
Epoch 1800, loss_inner: 0.31103, loss_target: 0.27002, homo loss: 0.00000 
acc_train_clean: 0.8932, ASR_train_attach: 1.0000, ASR_train_outter: 1.0000
Epoch 1810, loss_inner: 0.31102, loss_target: 0.27006, homo loss: 0.00000 
acc_train_clean: 0.8932, ASR_train_attach: 1.0000, ASR_train_outter: 1.0000
Epoch 1820, loss_inner: 0.31102, loss_target: 0.26997, homo loss: 0.00000 
acc_train_clean: 0.8932, ASR_train_attach: 1.0000, ASR_train_outter: 1.0000
Epoch 1830, loss_inner: 0.31102, loss_target: 0.27010, homo loss: 0.00000 
acc_train_clean: 0.8932, ASR_train_attach: 1.0000, ASR_train_outter: 1.0000
Epoch 1840, loss_inner: 0.31101, loss_target: 0.27003, homo loss: 0.00000 
acc_train_clean: 0.8932, ASR_train_attach: 1.0000, ASR_train_outter: 1.0000
Epoch 1850, loss_inner: 0.31101, loss_target: 0.26997, homo loss: 0.00000 
acc_train_clean: 0.8932, ASR_train_attach: 1.0000, ASR_train_outter: 1.0000
Epoch 1860, loss_inner: 0.31100, loss_target: 0.26998, homo loss: 0.00000 
acc_train_clean: 0.8932, ASR_train_attach: 1.0000, ASR_train_outter: 1.0000
Epoch 1870, loss_inner: 0.31100, loss_target: 0.27003, homo loss: 0.00000 
acc_train_clean: 0.8932, ASR_train_attach: 1.0000, ASR_train_outter: 1.0000
Epoch 1880, loss_inner: 0.31100, loss_target: 0.26997, homo loss: 0.00000 
acc_train_clean: 0.8932, ASR_train_attach: 1.0000, ASR_train_outter: 1.0000
Epoch 1890, loss_inner: 0.31100, loss_target: 0.27003, homo loss: 0.00000 
acc_train_clean: 0.8932, ASR_train_attach: 1.0000, ASR_train_outter: 1.0000
Epoch 1900, loss_inner: 0.31100, loss_target: 0.27007, homo loss: 0.00000 
acc_train_clean: 0.8935, ASR_train_attach: 1.0000, ASR_train_outter: 1.0000
Epoch 1910, loss_inner: 0.31100, loss_target: 0.27147, homo loss: 0.00000 
acc_train_clean: 0.8935, ASR_train_attach: 1.0000, ASR_train_outter: 0.9982
Epoch 1920, loss_inner: 0.31100, loss_target: 0.27007, homo loss: 0.00000 
acc_train_clean: 0.8935, ASR_train_attach: 1.0000, ASR_train_outter: 1.0000
Epoch 1930, loss_inner: 0.31103, loss_target: 0.27023, homo loss: 0.00000 
acc_train_clean: 0.8945, ASR_train_attach: 1.0000, ASR_train_outter: 1.0000
Epoch 1940, loss_inner: 0.31099, loss_target: 0.27000, homo loss: 0.00000 
acc_train_clean: 0.8935, ASR_train_attach: 1.0000, ASR_train_outter: 1.0000
Epoch 1950, loss_inner: 0.31100, loss_target: 0.26997, homo loss: 0.00000 
acc_train_clean: 0.8932, ASR_train_attach: 1.0000, ASR_train_outter: 1.0000
Epoch 1960, loss_inner: 0.31100, loss_target: 0.27009, homo loss: 0.00000 
acc_train_clean: 0.8927, ASR_train_attach: 1.0000, ASR_train_outter: 1.0000
Epoch 1970, loss_inner: 0.31098, loss_target: 0.26999, homo loss: 0.00000 
acc_train_clean: 0.8930, ASR_train_attach: 1.0000, ASR_train_outter: 1.0000
Epoch 1980, loss_inner: 0.31098, loss_target: 0.27000, homo loss: 0.00000 
acc_train_clean: 0.8930, ASR_train_attach: 1.0000, ASR_train_outter: 1.0000
Epoch 1990, loss_inner: 0.31104, loss_target: 0.27008, homo loss: 0.00000 
acc_train_clean: 0.8920, ASR_train_attach: 1.0000, ASR_train_outter: 1.0000
load best weight based on the loss outter
precent of left attach nodes: 0.000
Namespace(cuda=True, dataset='Pubmed', debug=True, defense_mode='isolate', device_id=1, dis_weight=0.0, dropout=0.5, epochs=200, evaluate_mode='1by1', hidden=32, homo_boost_thrd=0.5, homo_loss_weight=0.0, inner=1, lr=0.01, model='GCN', no_cuda=False, prune_thr=0.2, seed=265, selection_method='cluster_degree', target_class=0, target_loss_weight=1, test_model='GCN', thrd=0.5, train_lr=0.01, trigger_size=3, trojan_epochs=2000, use_vs_number=True, vs_number=40, vs_ratio=0, weight_decay=0.0005)
target class rate on Vs: 0.0000
accuracy on clean test nodes: 0.8422
Overall ASR: 0.2170
Flip ASR: 0.0450/1554 nodes
Namespace(cuda=True, dataset='Pubmed', debug=True, defense_mode='isolate', device_id=1, dis_weight=0.0, dropout=0.5, epochs=200, evaluate_mode='1by1', hidden=32, homo_boost_thrd=0.5, homo_loss_weight=0.0, inner=1, lr=0.01, model='GCN', no_cuda=False, prune_thr=0.2, seed=125, selection_method='cluster_degree', target_class=0, target_loss_weight=1, test_model='GCN', thrd=0.5, train_lr=0.01, trigger_size=3, trojan_epochs=2000, use_vs_number=True, vs_number=40, vs_ratio=0, weight_decay=0.0005)
target class rate on Vs: 0.0000
accuracy on clean test nodes: 0.8392
Overall ASR: 0.2089
Flip ASR: 0.0412/1554 nodes
Namespace(cuda=True, dataset='Pubmed', debug=True, defense_mode='isolate', device_id=1, dis_weight=0.0, dropout=0.5, epochs=200, evaluate_mode='1by1', hidden=32, homo_boost_thrd=0.5, homo_loss_weight=0.0, inner=1, lr=0.01, model='GCN', no_cuda=False, prune_thr=0.2, seed=996, selection_method='cluster_degree', target_class=0, target_loss_weight=1, test_model='GCN', thrd=0.5, train_lr=0.01, trigger_size=3, trojan_epochs=2000, use_vs_number=True, vs_number=40, vs_ratio=0, weight_decay=0.0005)
target class rate on Vs: 0.0000
accuracy on clean test nodes: 0.8397
Overall ASR: 0.2104
Flip ASR: 0.0405/1554 nodes
Namespace(cuda=True, dataset='Pubmed', debug=True, defense_mode='isolate', device_id=1, dis_weight=0.0, dropout=0.5, epochs=200, evaluate_mode='1by1', hidden=32, homo_boost_thrd=0.5, homo_loss_weight=0.0, inner=1, lr=0.01, model='GCN', no_cuda=False, prune_thr=0.2, seed=527, selection_method='cluster_degree', target_class=0, target_loss_weight=1, test_model='GCN', thrd=0.5, train_lr=0.01, trigger_size=3, trojan_epochs=2000, use_vs_number=True, vs_number=40, vs_ratio=0, weight_decay=0.0005)
target class rate on Vs: 0.0000
accuracy on clean test nodes: 0.8392
Overall ASR: 0.2145
Flip ASR: 0.0431/1554 nodes
Namespace(cuda=True, dataset='Pubmed', debug=True, defense_mode='isolate', device_id=1, dis_weight=0.0, dropout=0.5, epochs=200, evaluate_mode='1by1', hidden=32, homo_boost_thrd=0.5, homo_loss_weight=0.0, inner=1, lr=0.01, model='GCN', no_cuda=False, prune_thr=0.2, seed=320, selection_method='cluster_degree', target_class=0, target_loss_weight=1, test_model='GCN', thrd=0.5, train_lr=0.01, trigger_size=3, trojan_epochs=2000, use_vs_number=True, vs_number=40, vs_ratio=0, weight_decay=0.0005)
target class rate on Vs: 0.0000
accuracy on clean test nodes: 0.8412
Overall ASR: 0.2175
Flip ASR: 0.0444/1554 nodes
Overall ASR: 0.2137 (GCN model, Seed: 320)
Overall Clean Accuracy: 0.8403
Namespace(cuda=True, dataset='Pubmed', debug=True, defense_mode='isolate', device_id=1, dis_weight=0.0, dropout=0.5, epochs=200, evaluate_mode='1by1', hidden=32, homo_boost_thrd=0.5, homo_loss_weight=0.0, inner=1, lr=0.01, model='GCN', no_cuda=False, prune_thr=0.2, seed=781, selection_method='cluster_degree', target_class=0, target_loss_weight=1, test_model='GAT', thrd=0.5, train_lr=0.01, trigger_size=3, trojan_epochs=2000, use_vs_number=True, vs_number=40, vs_ratio=0, weight_decay=0.0005)
/home/project-graph-backdoor/Backdoor/models/GAT.py:61: UserWarning: To copy construct from a tensor, it is recommended to use sourceTensor.clone().detach() or sourceTensor.clone().detach().requires_grad_(True), rather than torch.tensor(sourceTensor).
  self.labels = torch.tensor(labels, dtype=torch.long)
target class rate on Vs: 0.0000
accuracy on clean test nodes: 0.8300
Overall ASR: 0.2130
Flip ASR: 0.0431/1554 nodes
Namespace(cuda=True, dataset='Pubmed', debug=True, defense_mode='isolate', device_id=1, dis_weight=0.0, dropout=0.5, epochs=200, evaluate_mode='1by1', hidden=32, homo_boost_thrd=0.5, homo_loss_weight=0.0, inner=1, lr=0.01, model='GCN', no_cuda=False, prune_thr=0.2, seed=706, selection_method='cluster_degree', target_class=0, target_loss_weight=1, test_model='GAT', thrd=0.5, train_lr=0.01, trigger_size=3, trojan_epochs=2000, use_vs_number=True, vs_number=40, vs_ratio=0, weight_decay=0.0005)
target class rate on Vs: 0.0000
accuracy on clean test nodes: 0.8316
Overall ASR: 0.2094
Flip ASR: 0.0412/1554 nodes
Namespace(cuda=True, dataset='Pubmed', debug=True, defense_mode='isolate', device_id=1, dis_weight=0.0, dropout=0.5, epochs=200, evaluate_mode='1by1', hidden=32, homo_boost_thrd=0.5, homo_loss_weight=0.0, inner=1, lr=0.01, model='GCN', no_cuda=False, prune_thr=0.2, seed=778, selection_method='cluster_degree', target_class=0, target_loss_weight=1, test_model='GAT', thrd=0.5, train_lr=0.01, trigger_size=3, trojan_epochs=2000, use_vs_number=True, vs_number=40, vs_ratio=0, weight_decay=0.0005)
target class rate on Vs: 0.0000
accuracy on clean test nodes: 0.8275
Overall ASR: 0.2262
Flip ASR: 0.0495/1554 nodes
Namespace(cuda=True, dataset='Pubmed', debug=True, defense_mode='isolate', device_id=1, dis_weight=0.0, dropout=0.5, epochs=200, evaluate_mode='1by1', hidden=32, homo_boost_thrd=0.5, homo_loss_weight=0.0, inner=1, lr=0.01, model='GCN', no_cuda=False, prune_thr=0.2, seed=604, selection_method='cluster_degree', target_class=0, target_loss_weight=1, test_model='GAT', thrd=0.5, train_lr=0.01, trigger_size=3, trojan_epochs=2000, use_vs_number=True, vs_number=40, vs_ratio=0, weight_decay=0.0005)
target class rate on Vs: 0.0000
accuracy on clean test nodes: 0.8270
Overall ASR: 0.2170
Flip ASR: 0.0450/1554 nodes
Namespace(cuda=True, dataset='Pubmed', debug=True, defense_mode='isolate', device_id=1, dis_weight=0.0, dropout=0.5, epochs=200, evaluate_mode='1by1', hidden=32, homo_boost_thrd=0.5, homo_loss_weight=0.0, inner=1, lr=0.01, model='GCN', no_cuda=False, prune_thr=0.2, seed=133, selection_method='cluster_degree', target_class=0, target_loss_weight=1, test_model='GAT', thrd=0.5, train_lr=0.01, trigger_size=3, trojan_epochs=2000, use_vs_number=True, vs_number=40, vs_ratio=0, weight_decay=0.0005)
target class rate on Vs: 0.0000
accuracy on clean test nodes: 0.8356
Overall ASR: 0.2160
Flip ASR: 0.0450/1554 nodes
Overall ASR: 0.2163 (GAT model, Seed: 133)
Overall Clean Accuracy: 0.8303
Namespace(cuda=True, dataset='Pubmed', debug=True, defense_mode='isolate', device_id=1, dis_weight=0.0, dropout=0.5, epochs=200, evaluate_mode='1by1', hidden=32, homo_boost_thrd=0.5, homo_loss_weight=0.0, inner=1, lr=0.01, model='GCN', no_cuda=False, prune_thr=0.2, seed=673, selection_method='cluster_degree', target_class=0, target_loss_weight=1, test_model='GraphSage', thrd=0.5, train_lr=0.01, trigger_size=3, trojan_epochs=2000, use_vs_number=True, vs_number=40, vs_ratio=0, weight_decay=0.0005)
target class rate on Vs: 0.0000
accuracy on clean test nodes: 0.8371
Overall ASR: 0.2120
Flip ASR: 0.0444/1554 nodes
Namespace(cuda=True, dataset='Pubmed', debug=True, defense_mode='isolate', device_id=1, dis_weight=0.0, dropout=0.5, epochs=200, evaluate_mode='1by1', hidden=32, homo_boost_thrd=0.5, homo_loss_weight=0.0, inner=1, lr=0.01, model='GCN', no_cuda=False, prune_thr=0.2, seed=904, selection_method='cluster_degree', target_class=0, target_loss_weight=1, test_model='GraphSage', thrd=0.5, train_lr=0.01, trigger_size=3, trojan_epochs=2000, use_vs_number=True, vs_number=40, vs_ratio=0, weight_decay=0.0005)
target class rate on Vs: 0.0000
accuracy on clean test nodes: 0.8397
Overall ASR: 0.2099
Flip ASR: 0.0431/1554 nodes
Namespace(cuda=True, dataset='Pubmed', debug=True, defense_mode='isolate', device_id=1, dis_weight=0.0, dropout=0.5, epochs=200, evaluate_mode='1by1', hidden=32, homo_boost_thrd=0.5, homo_loss_weight=0.0, inner=1, lr=0.01, model='GCN', no_cuda=False, prune_thr=0.2, seed=56, selection_method='cluster_degree', target_class=0, target_loss_weight=1, test_model='GraphSage', thrd=0.5, train_lr=0.01, trigger_size=3, trojan_epochs=2000, use_vs_number=True, vs_number=40, vs_ratio=0, weight_decay=0.0005)
target class rate on Vs: 0.0000
accuracy on clean test nodes: 0.8382
Overall ASR: 0.2120
Flip ASR: 0.0425/1554 nodes
Namespace(cuda=True, dataset='Pubmed', debug=True, defense_mode='isolate', device_id=1, dis_weight=0.0, dropout=0.5, epochs=200, evaluate_mode='1by1', hidden=32, homo_boost_thrd=0.5, homo_loss_weight=0.0, inner=1, lr=0.01, model='GCN', no_cuda=False, prune_thr=0.2, seed=1, selection_method='cluster_degree', target_class=0, target_loss_weight=1, test_model='GraphSage', thrd=0.5, train_lr=0.01, trigger_size=3, trojan_epochs=2000, use_vs_number=True, vs_number=40, vs_ratio=0, weight_decay=0.0005)
target class rate on Vs: 0.0000
accuracy on clean test nodes: 0.8356
Overall ASR: 0.2104
Flip ASR: 0.0431/1554 nodes
Namespace(cuda=True, dataset='Pubmed', debug=True, defense_mode='isolate', device_id=1, dis_weight=0.0, dropout=0.5, epochs=200, evaluate_mode='1by1', hidden=32, homo_boost_thrd=0.5, homo_loss_weight=0.0, inner=1, lr=0.01, model='GCN', no_cuda=False, prune_thr=0.2, seed=694, selection_method='cluster_degree', target_class=0, target_loss_weight=1, test_model='GraphSage', thrd=0.5, train_lr=0.01, trigger_size=3, trojan_epochs=2000, use_vs_number=True, vs_number=40, vs_ratio=0, weight_decay=0.0005)
target class rate on Vs: 0.0000
accuracy on clean test nodes: 0.8382
Overall ASR: 0.2181
Flip ASR: 0.0463/1554 nodes
Overall ASR: 0.2125 (GraphSage model, Seed: 694)
Overall Clean Accuracy: 0.8377
Total Overall ASR: 0.2142 
Total Clean Accuracy: 0.8361
