nohup: ignoring input
Namespace(cuda=True, dataset='Pubmed', debug=True, defense_mode='prune', device_id=1, dis_weight=1.0, dropout=0.5, epochs=200, evaluate_mode='1by1', hidden=32, homo_boost_thrd=0.5, homo_loss_weight=3.0, inner=1, lr=0.01, model='GCN', no_cuda=False, prune_thr=0.15, seed=11, selection_method='none', target_class=0, target_loss_weight=1, test_model='GCN', thrd=0.5, train_lr=0.01, trigger_size=3, trojan_epochs=1000, use_vs_number=True, vs_number=15, vs_ratio=0, weight_decay=0.0005)
Length of training set: 3943
Training benign model Finished!
Total time elapsed: 3.7290s
Benign CA: 0.8554
#Attach Nodes:15
idx_attach: tensor([15043, 11176, 18495, 13856,  7735, 17027, 16900, 10353, 15081,  4018,
         4065, 17271,  1025,  9514,  7970], device='cuda:1')
Epoch 0, loss_inner: 1.09889, loss_target: 1.09238, homo loss: 0.49577 
acc_train_clean: 0.3226, ASR_train_attach: 0.0000, ASR_train_outter: 0.0000
Epoch 10, loss_inner: 0.96898, loss_target: 0.88994, homo loss: 0.22120 
acc_train_clean: 0.6548, ASR_train_attach: 0.9333, ASR_train_outter: 0.8918
Epoch 20, loss_inner: 0.83300, loss_target: 0.75521, homo loss: 0.14301 
acc_train_clean: 0.7210, ASR_train_attach: 1.0000, ASR_train_outter: 0.9013
Epoch 30, loss_inner: 0.69257, loss_target: 0.64662, homo loss: 0.07241 
acc_train_clean: 0.8199, ASR_train_attach: 0.8667, ASR_train_outter: 0.8539
Epoch 40, loss_inner: 0.58585, loss_target: 0.53429, homo loss: 0.05681 
acc_train_clean: 0.8402, ASR_train_attach: 1.0000, ASR_train_outter: 0.9583
Epoch 50, loss_inner: 0.52152, loss_target: 0.50510, homo loss: 0.02136 
acc_train_clean: 0.8476, ASR_train_attach: 0.8667, ASR_train_outter: 0.8691
Epoch 60, loss_inner: 0.48203, loss_target: 0.45264, homo loss: 0.01245 
acc_train_clean: 0.8570, ASR_train_attach: 1.0000, ASR_train_outter: 0.9374
Epoch 70, loss_inner: 0.45797, loss_target: 0.45541, homo loss: 0.23158 
acc_train_clean: 0.8608, ASR_train_attach: 1.0000, ASR_train_outter: 0.9829
Epoch 80, loss_inner: 0.43928, loss_target: 0.41609, homo loss: 0.13697 
acc_train_clean: 0.8610, ASR_train_attach: 1.0000, ASR_train_outter: 0.9658
Epoch 90, loss_inner: 0.42643, loss_target: 0.44715, homo loss: 0.05249 
acc_train_clean: 0.8676, ASR_train_attach: 0.7333, ASR_train_outter: 0.8046
Epoch 100, loss_inner: 0.40935, loss_target: 0.41756, homo loss: 0.00526 
acc_train_clean: 0.8709, ASR_train_attach: 0.8667, ASR_train_outter: 0.8159
Epoch 110, loss_inner: 0.39876, loss_target: 0.37981, homo loss: 0.01910 
acc_train_clean: 0.8722, ASR_train_attach: 1.0000, ASR_train_outter: 0.9507
Epoch 120, loss_inner: 0.39311, loss_target: 0.40004, homo loss: 0.00544 
acc_train_clean: 0.8745, ASR_train_attach: 0.7333, ASR_train_outter: 0.8292
Epoch 130, loss_inner: 0.38547, loss_target: 0.36446, homo loss: 0.00694 
acc_train_clean: 0.8760, ASR_train_attach: 1.0000, ASR_train_outter: 0.9526
Epoch 140, loss_inner: 0.37829, loss_target: 0.36035, homo loss: 0.00306 
acc_train_clean: 0.8775, ASR_train_attach: 1.0000, ASR_train_outter: 0.9545
Epoch 150, loss_inner: 0.37254, loss_target: 0.35399, homo loss: 0.00186 
acc_train_clean: 0.8790, ASR_train_attach: 1.0000, ASR_train_outter: 0.9564
Epoch 160, loss_inner: 0.37418, loss_target: 0.43419, homo loss: 0.26453 
acc_train_clean: 0.8795, ASR_train_attach: 1.0000, ASR_train_outter: 0.9981
Epoch 170, loss_inner: 0.37427, loss_target: 0.43940, homo loss: 0.19512 
acc_train_clean: 0.8783, ASR_train_attach: 0.6667, ASR_train_outter: 0.6812
Epoch 180, loss_inner: 0.36238, loss_target: 0.35571, homo loss: 0.15437 
acc_train_clean: 0.8818, ASR_train_attach: 1.0000, ASR_train_outter: 0.9260
Epoch 190, loss_inner: 0.35788, loss_target: 0.34127, homo loss: 0.08037 
acc_train_clean: 0.8836, ASR_train_attach: 1.0000, ASR_train_outter: 0.9488
Epoch 200, loss_inner: 0.35709, loss_target: 0.37745, homo loss: 0.03452 
acc_train_clean: 0.8849, ASR_train_attach: 0.9333, ASR_train_outter: 0.8008
Epoch 210, loss_inner: 0.35298, loss_target: 0.33987, homo loss: 0.01362 
acc_train_clean: 0.8856, ASR_train_attach: 1.0000, ASR_train_outter: 0.9507
Epoch 220, loss_inner: 0.35525, loss_target: 0.42942, homo loss: 0.19874 
acc_train_clean: 0.8841, ASR_train_attach: 1.0000, ASR_train_outter: 0.9924
Epoch 230, loss_inner: 0.35090, loss_target: 0.33542, homo loss: 0.04704 
acc_train_clean: 0.8833, ASR_train_attach: 1.0000, ASR_train_outter: 0.9545
Epoch 240, loss_inner: 0.34712, loss_target: 0.33313, homo loss: 0.01011 
acc_train_clean: 0.8864, ASR_train_attach: 1.0000, ASR_train_outter: 0.9620
Epoch 250, loss_inner: 0.34375, loss_target: 0.32502, homo loss: 0.00320 
acc_train_clean: 0.8864, ASR_train_attach: 1.0000, ASR_train_outter: 0.9583
Epoch 260, loss_inner: 0.34185, loss_target: 0.32257, homo loss: 0.00094 
acc_train_clean: 0.8869, ASR_train_attach: 1.0000, ASR_train_outter: 0.9507
Epoch 270, loss_inner: 0.34039, loss_target: 0.32029, homo loss: 0.00137 
acc_train_clean: 0.8859, ASR_train_attach: 1.0000, ASR_train_outter: 0.9564
Epoch 280, loss_inner: 0.35087, loss_target: 0.56691, homo loss: 0.28482 
acc_train_clean: 0.8841, ASR_train_attach: 1.0000, ASR_train_outter: 0.9620
Epoch 290, loss_inner: 0.34164, loss_target: 0.33308, homo loss: 0.16515 
acc_train_clean: 0.8854, ASR_train_attach: 1.0000, ASR_train_outter: 0.9639
Epoch 300, loss_inner: 0.33653, loss_target: 0.32885, homo loss: 0.06848 
acc_train_clean: 0.8874, ASR_train_attach: 1.0000, ASR_train_outter: 0.9374
Epoch 310, loss_inner: 0.33592, loss_target: 0.32455, homo loss: 0.01825 
acc_train_clean: 0.8879, ASR_train_attach: 1.0000, ASR_train_outter: 0.9488
Epoch 320, loss_inner: 0.33424, loss_target: 0.31958, homo loss: 0.00285 
acc_train_clean: 0.8874, ASR_train_attach: 1.0000, ASR_train_outter: 0.9488
Epoch 330, loss_inner: 0.33261, loss_target: 0.31458, homo loss: 0.00211 
acc_train_clean: 0.8887, ASR_train_attach: 1.0000, ASR_train_outter: 0.9583
Epoch 340, loss_inner: 0.33133, loss_target: 0.31366, homo loss: 0.00072 
acc_train_clean: 0.8887, ASR_train_attach: 1.0000, ASR_train_outter: 0.9450
Epoch 350, loss_inner: 0.33921, loss_target: 0.49485, homo loss: 0.26175 
acc_train_clean: 0.8894, ASR_train_attach: 1.0000, ASR_train_outter: 0.9848
Epoch 360, loss_inner: 0.33237, loss_target: 0.32552, homo loss: 0.14648 
acc_train_clean: 0.8882, ASR_train_attach: 1.0000, ASR_train_outter: 0.9393
Epoch 370, loss_inner: 0.32951, loss_target: 0.32344, homo loss: 0.03956 
acc_train_clean: 0.8884, ASR_train_attach: 1.0000, ASR_train_outter: 0.9374
Epoch 380, loss_inner: 0.32809, loss_target: 0.32209, homo loss: 0.00458 
acc_train_clean: 0.8907, ASR_train_attach: 1.0000, ASR_train_outter: 0.9241
Epoch 390, loss_inner: 0.32700, loss_target: 0.31065, homo loss: 0.00070 
acc_train_clean: 0.8894, ASR_train_attach: 1.0000, ASR_train_outter: 0.9507
Epoch 400, loss_inner: 0.32631, loss_target: 0.31145, homo loss: 0.00011 
acc_train_clean: 0.8884, ASR_train_attach: 1.0000, ASR_train_outter: 0.9431
Epoch 410, loss_inner: 0.33108, loss_target: 0.50183, homo loss: 0.00439 
acc_train_clean: 0.8915, ASR_train_attach: 0.6667, ASR_train_outter: 0.4972
Epoch 420, loss_inner: 0.33051, loss_target: 0.37363, homo loss: 0.16309 
acc_train_clean: 0.8871, ASR_train_attach: 1.0000, ASR_train_outter: 0.9734
Epoch 430, loss_inner: 0.32676, loss_target: 0.32149, homo loss: 0.05073 
acc_train_clean: 0.8887, ASR_train_attach: 1.0000, ASR_train_outter: 0.9658
Epoch 440, loss_inner: 0.32439, loss_target: 0.31383, homo loss: 0.00574 
acc_train_clean: 0.8907, ASR_train_attach: 1.0000, ASR_train_outter: 0.9564
Epoch 450, loss_inner: 0.32317, loss_target: 0.31021, homo loss: 0.00069 
acc_train_clean: 0.8899, ASR_train_attach: 1.0000, ASR_train_outter: 0.9450
Epoch 460, loss_inner: 0.32259, loss_target: 0.30681, homo loss: 0.00046 
acc_train_clean: 0.8904, ASR_train_attach: 1.0000, ASR_train_outter: 0.9545
Epoch 470, loss_inner: 0.32400, loss_target: 0.34657, homo loss: 0.00102 
acc_train_clean: 0.8899, ASR_train_attach: 0.7333, ASR_train_outter: 0.7723
Epoch 480, loss_inner: 0.32719, loss_target: 0.33282, homo loss: 0.08787 
acc_train_clean: 0.8882, ASR_train_attach: 1.0000, ASR_train_outter: 0.9848
Epoch 490, loss_inner: 0.32621, loss_target: 0.32191, homo loss: 0.00259 
acc_train_clean: 0.8879, ASR_train_attach: 0.9333, ASR_train_outter: 0.9260
Epoch 500, loss_inner: 0.32013, loss_target: 0.31346, homo loss: 0.00092 
acc_train_clean: 0.8899, ASR_train_attach: 1.0000, ASR_train_outter: 0.9450
Epoch 510, loss_inner: 0.32002, loss_target: 0.30551, homo loss: 0.00044 
acc_train_clean: 0.8932, ASR_train_attach: 1.0000, ASR_train_outter: 0.9450
Epoch 520, loss_inner: 0.32004, loss_target: 0.30485, homo loss: 0.00027 
acc_train_clean: 0.8922, ASR_train_attach: 1.0000, ASR_train_outter: 0.9469
Epoch 530, loss_inner: 0.33334, loss_target: 0.54428, homo loss: 0.31005 
acc_train_clean: 0.8884, ASR_train_attach: 1.0000, ASR_train_outter: 1.0000
Epoch 540, loss_inner: 0.33212, loss_target: 0.32333, homo loss: 0.32226 
acc_train_clean: 0.8889, ASR_train_attach: 1.0000, ASR_train_outter: 0.9753
Epoch 550, loss_inner: 0.32079, loss_target: 0.31456, homo loss: 0.14725 
acc_train_clean: 0.8930, ASR_train_attach: 1.0000, ASR_train_outter: 0.9715
Epoch 560, loss_inner: 0.32072, loss_target: 0.31213, homo loss: 0.06884 
acc_train_clean: 0.8935, ASR_train_attach: 0.9333, ASR_train_outter: 0.9526
Epoch 570, loss_inner: 0.31954, loss_target: 0.30752, homo loss: 0.01889 
acc_train_clean: 0.8930, ASR_train_attach: 1.0000, ASR_train_outter: 0.9412
Epoch 580, loss_inner: 0.31720, loss_target: 0.30104, homo loss: 0.00660 
acc_train_clean: 0.8920, ASR_train_attach: 1.0000, ASR_train_outter: 0.9564
Epoch 590, loss_inner: 0.31841, loss_target: 0.30265, homo loss: 0.00212 
acc_train_clean: 0.8920, ASR_train_attach: 1.0000, ASR_train_outter: 0.9507
Epoch 600, loss_inner: 0.31939, loss_target: 0.33401, homo loss: 0.05770 
acc_train_clean: 0.8915, ASR_train_attach: 1.0000, ASR_train_outter: 0.9051
Epoch 610, loss_inner: 0.32195, loss_target: 0.32216, homo loss: 0.01594 
acc_train_clean: 0.8904, ASR_train_attach: 0.9333, ASR_train_outter: 0.9032
Epoch 620, loss_inner: 0.32147, loss_target: 0.33606, homo loss: 0.00780 
acc_train_clean: 0.8897, ASR_train_attach: 0.8667, ASR_train_outter: 0.8786
Epoch 630, loss_inner: 0.31783, loss_target: 0.30638, homo loss: 0.00522 
acc_train_clean: 0.8917, ASR_train_attach: 1.0000, ASR_train_outter: 0.9583
Epoch 640, loss_inner: 0.31782, loss_target: 0.30733, homo loss: 0.00115 
acc_train_clean: 0.8920, ASR_train_attach: 1.0000, ASR_train_outter: 0.9431
Epoch 650, loss_inner: 0.31666, loss_target: 0.30013, homo loss: 0.00080 
acc_train_clean: 0.8920, ASR_train_attach: 1.0000, ASR_train_outter: 0.9564
Epoch 660, loss_inner: 0.31662, loss_target: 0.29875, homo loss: 0.00053 
acc_train_clean: 0.8932, ASR_train_attach: 1.0000, ASR_train_outter: 0.9602
Epoch 670, loss_inner: 0.31614, loss_target: 0.29819, homo loss: 0.00045 
acc_train_clean: 0.8932, ASR_train_attach: 1.0000, ASR_train_outter: 0.9602
Epoch 680, loss_inner: 0.31614, loss_target: 0.30442, homo loss: 0.00052 
acc_train_clean: 0.8932, ASR_train_attach: 1.0000, ASR_train_outter: 0.9298
Epoch 690, loss_inner: 0.31998, loss_target: 0.35477, homo loss: 0.17842 
acc_train_clean: 0.8932, ASR_train_attach: 1.0000, ASR_train_outter: 0.9867
Epoch 700, loss_inner: 0.32625, loss_target: 0.33721, homo loss: 0.04962 
acc_train_clean: 0.8937, ASR_train_attach: 0.8667, ASR_train_outter: 0.8653
Epoch 710, loss_inner: 0.32032, loss_target: 0.32138, homo loss: 0.03013 
acc_train_clean: 0.8920, ASR_train_attach: 1.0000, ASR_train_outter: 0.9715
Epoch 720, loss_inner: 0.31822, loss_target: 0.33192, homo loss: 0.04643 
acc_train_clean: 0.8904, ASR_train_attach: 1.0000, ASR_train_outter: 0.9620
Epoch 730, loss_inner: 0.31788, loss_target: 0.30720, homo loss: 0.05631 
acc_train_clean: 0.8904, ASR_train_attach: 0.9333, ASR_train_outter: 0.9374
Epoch 740, loss_inner: 0.31721, loss_target: 0.30365, homo loss: 0.00688 
acc_train_clean: 0.8904, ASR_train_attach: 1.0000, ASR_train_outter: 0.9658
Epoch 750, loss_inner: 0.31526, loss_target: 0.30281, homo loss: 0.00190 
acc_train_clean: 0.8922, ASR_train_attach: 1.0000, ASR_train_outter: 0.9658
Epoch 760, loss_inner: 0.31447, loss_target: 0.29861, homo loss: 0.00161 
acc_train_clean: 0.8935, ASR_train_attach: 1.0000, ASR_train_outter: 0.9602
Epoch 770, loss_inner: 0.31485, loss_target: 0.29769, homo loss: 0.00036 
acc_train_clean: 0.8932, ASR_train_attach: 1.0000, ASR_train_outter: 0.9583
Epoch 780, loss_inner: 0.31479, loss_target: 0.29776, homo loss: 0.00018 
acc_train_clean: 0.8922, ASR_train_attach: 1.0000, ASR_train_outter: 0.9488
Epoch 790, loss_inner: 0.33765, loss_target: 0.93806, homo loss: 0.41810 
acc_train_clean: 0.8904, ASR_train_attach: 1.0000, ASR_train_outter: 0.9677
Epoch 800, loss_inner: 0.32555, loss_target: 0.33170, homo loss: 0.32998 
acc_train_clean: 0.8859, ASR_train_attach: 1.0000, ASR_train_outter: 0.9867
Epoch 810, loss_inner: 0.31801, loss_target: 0.31080, homo loss: 0.22396 
acc_train_clean: 0.8887, ASR_train_attach: 1.0000, ASR_train_outter: 0.9602
Epoch 820, loss_inner: 0.31418, loss_target: 0.30356, homo loss: 0.20119 
acc_train_clean: 0.8930, ASR_train_attach: 1.0000, ASR_train_outter: 0.9526
Epoch 830, loss_inner: 0.31601, loss_target: 0.30407, homo loss: 0.17089 
acc_train_clean: 0.8935, ASR_train_attach: 1.0000, ASR_train_outter: 0.9905
Epoch 840, loss_inner: 0.31591, loss_target: 0.30309, homo loss: 0.12286 
acc_train_clean: 0.8942, ASR_train_attach: 0.9333, ASR_train_outter: 0.9564
Epoch 850, loss_inner: 0.31513, loss_target: 0.30895, homo loss: 0.07847 
acc_train_clean: 0.8940, ASR_train_attach: 0.9333, ASR_train_outter: 0.9108
Epoch 860, loss_inner: 0.31712, loss_target: 0.30870, homo loss: 0.07815 
acc_train_clean: 0.8907, ASR_train_attach: 1.0000, ASR_train_outter: 0.9867
Epoch 870, loss_inner: 0.31731, loss_target: 0.33566, homo loss: 0.11211 
acc_train_clean: 0.8915, ASR_train_attach: 1.0000, ASR_train_outter: 1.0000
Epoch 880, loss_inner: 0.31487, loss_target: 0.30341, homo loss: 0.04245 
acc_train_clean: 0.8937, ASR_train_attach: 1.0000, ASR_train_outter: 0.9526
Epoch 890, loss_inner: 0.31490, loss_target: 0.30475, homo loss: 0.02382 
acc_train_clean: 0.8937, ASR_train_attach: 1.0000, ASR_train_outter: 0.9260
Epoch 900, loss_inner: 0.31428, loss_target: 0.29734, homo loss: 0.01614 
acc_train_clean: 0.8935, ASR_train_attach: 1.0000, ASR_train_outter: 0.9734
Epoch 910, loss_inner: 0.31392, loss_target: 0.29953, homo loss: 0.00838 
acc_train_clean: 0.8925, ASR_train_attach: 1.0000, ASR_train_outter: 0.9450
Epoch 920, loss_inner: 0.31430, loss_target: 0.31721, homo loss: 0.00499 
acc_train_clean: 0.8917, ASR_train_attach: 0.8667, ASR_train_outter: 0.8577
Epoch 930, loss_inner: 0.32641, loss_target: 0.56857, homo loss: 0.28963 
acc_train_clean: 0.8892, ASR_train_attach: 1.0000, ASR_train_outter: 0.9943
Epoch 940, loss_inner: 0.31893, loss_target: 0.31784, homo loss: 0.18961 
acc_train_clean: 0.8902, ASR_train_attach: 1.0000, ASR_train_outter: 0.9810
Epoch 950, loss_inner: 0.31486, loss_target: 0.32074, homo loss: 0.13066 
acc_train_clean: 0.8930, ASR_train_attach: 1.0000, ASR_train_outter: 0.9222
Epoch 960, loss_inner: 0.31428, loss_target: 0.30691, homo loss: 0.06737 
acc_train_clean: 0.8930, ASR_train_attach: 1.0000, ASR_train_outter: 0.9564
Epoch 970, loss_inner: 0.31467, loss_target: 0.30759, homo loss: 0.02649 
acc_train_clean: 0.8922, ASR_train_attach: 1.0000, ASR_train_outter: 0.9374
Epoch 980, loss_inner: 0.31378, loss_target: 0.29880, homo loss: 0.01247 
acc_train_clean: 0.8930, ASR_train_attach: 1.0000, ASR_train_outter: 0.9545
Epoch 990, loss_inner: 0.31354, loss_target: 0.29704, homo loss: 0.00533 
acc_train_clean: 0.8935, ASR_train_attach: 1.0000, ASR_train_outter: 0.9507
precent of left attach nodes: 1.000
Namespace(cuda=True, dataset='Pubmed', debug=True, defense_mode='prune', device_id=1, dis_weight=1.0, dropout=0.5, epochs=200, evaluate_mode='1by1', hidden=32, homo_boost_thrd=0.5, homo_loss_weight=3.0, inner=1, lr=0.01, model='GCN', no_cuda=False, prune_thr=0.15, seed=921, selection_method='none', target_class=0, target_loss_weight=1, test_model='GCN', thrd=0.5, train_lr=0.01, trigger_size=3, trojan_epochs=1000, use_vs_number=True, vs_number=15, vs_ratio=0, weight_decay=0.0005)
target class rate on Vs: 0.8667
accuracy on clean test nodes: 0.8524
Overall ASR: 0.7738
Flip ASR: 0.7259/1554 nodes
Namespace(cuda=True, dataset='Pubmed', debug=True, defense_mode='prune', device_id=1, dis_weight=1.0, dropout=0.5, epochs=200, evaluate_mode='1by1', hidden=32, homo_boost_thrd=0.5, homo_loss_weight=3.0, inner=1, lr=0.01, model='GCN', no_cuda=False, prune_thr=0.15, seed=703, selection_method='none', target_class=0, target_loss_weight=1, test_model='GCN', thrd=0.5, train_lr=0.01, trigger_size=3, trojan_epochs=1000, use_vs_number=True, vs_number=15, vs_ratio=0, weight_decay=0.0005)
target class rate on Vs: 0.8667
accuracy on clean test nodes: 0.8513
Overall ASR: 0.7454
Flip ASR: 0.6918/1554 nodes
Namespace(cuda=True, dataset='Pubmed', debug=True, defense_mode='prune', device_id=1, dis_weight=1.0, dropout=0.5, epochs=200, evaluate_mode='1by1', hidden=32, homo_boost_thrd=0.5, homo_loss_weight=3.0, inner=1, lr=0.01, model='GCN', no_cuda=False, prune_thr=0.15, seed=80, selection_method='none', target_class=0, target_loss_weight=1, test_model='GCN', thrd=0.5, train_lr=0.01, trigger_size=3, trojan_epochs=1000, use_vs_number=True, vs_number=15, vs_ratio=0, weight_decay=0.0005)
target class rate on Vs: 1.0000
accuracy on clean test nodes: 0.8513
Overall ASR: 0.7931
Flip ASR: 0.7490/1554 nodes
Namespace(cuda=True, dataset='Pubmed', debug=True, defense_mode='prune', device_id=1, dis_weight=1.0, dropout=0.5, epochs=200, evaluate_mode='1by1', hidden=32, homo_boost_thrd=0.5, homo_loss_weight=3.0, inner=1, lr=0.01, model='GCN', no_cuda=False, prune_thr=0.15, seed=91, selection_method='none', target_class=0, target_loss_weight=1, test_model='GCN', thrd=0.5, train_lr=0.01, trigger_size=3, trojan_epochs=1000, use_vs_number=True, vs_number=15, vs_ratio=0, weight_decay=0.0005)
target class rate on Vs: 1.0000
accuracy on clean test nodes: 0.8513
Overall ASR: 0.8362
Flip ASR: 0.7992/1554 nodes
Namespace(cuda=True, dataset='Pubmed', debug=True, defense_mode='prune', device_id=1, dis_weight=1.0, dropout=0.5, epochs=200, evaluate_mode='1by1', hidden=32, homo_boost_thrd=0.5, homo_loss_weight=3.0, inner=1, lr=0.01, model='GCN', no_cuda=False, prune_thr=0.15, seed=337, selection_method='none', target_class=0, target_loss_weight=1, test_model='GCN', thrd=0.5, train_lr=0.01, trigger_size=3, trojan_epochs=1000, use_vs_number=True, vs_number=15, vs_ratio=0, weight_decay=0.0005)
target class rate on Vs: 0.8667
accuracy on clean test nodes: 0.8488
Overall ASR: 0.7779
Flip ASR: 0.7323/1554 nodes
Overall ASR: 0.7853 (GCN model, Seed: 337)
Overall Clean Accuracy: 0.8510
Namespace(cuda=True, dataset='Pubmed', debug=True, defense_mode='prune', device_id=1, dis_weight=1.0, dropout=0.5, epochs=200, evaluate_mode='1by1', hidden=32, homo_boost_thrd=0.5, homo_loss_weight=3.0, inner=1, lr=0.01, model='GCN', no_cuda=False, prune_thr=0.15, seed=260, selection_method='none', target_class=0, target_loss_weight=1, test_model='GAT', thrd=0.5, train_lr=0.01, trigger_size=3, trojan_epochs=1000, use_vs_number=True, vs_number=15, vs_ratio=0, weight_decay=0.0005)
target class rate on Vs: 0.6667
accuracy on clean test nodes: 0.8341
Overall ASR: 0.6537
Flip ASR: 0.5721/1554 nodes
Namespace(cuda=True, dataset='Pubmed', debug=True, defense_mode='prune', device_id=1, dis_weight=1.0, dropout=0.5, epochs=200, evaluate_mode='1by1', hidden=32, homo_boost_thrd=0.5, homo_loss_weight=3.0, inner=1, lr=0.01, model='GCN', no_cuda=False, prune_thr=0.15, seed=66, selection_method='none', target_class=0, target_loss_weight=1, test_model='GAT', thrd=0.5, train_lr=0.01, trigger_size=3, trojan_epochs=1000, use_vs_number=True, vs_number=15, vs_ratio=0, weight_decay=0.0005)
target class rate on Vs: 0.7333
accuracy on clean test nodes: 0.8356
Overall ASR: 0.6922
Flip ASR: 0.6178/1554 nodes
Namespace(cuda=True, dataset='Pubmed', debug=True, defense_mode='prune', device_id=1, dis_weight=1.0, dropout=0.5, epochs=200, evaluate_mode='1by1', hidden=32, homo_boost_thrd=0.5, homo_loss_weight=3.0, inner=1, lr=0.01, model='GCN', no_cuda=False, prune_thr=0.15, seed=441, selection_method='none', target_class=0, target_loss_weight=1, test_model='GAT', thrd=0.5, train_lr=0.01, trigger_size=3, trojan_epochs=1000, use_vs_number=True, vs_number=15, vs_ratio=0, weight_decay=0.0005)
target class rate on Vs: 0.7333
accuracy on clean test nodes: 0.8356
Overall ASR: 0.7054
Flip ASR: 0.6364/1554 nodes
Namespace(cuda=True, dataset='Pubmed', debug=True, defense_mode='prune', device_id=1, dis_weight=1.0, dropout=0.5, epochs=200, evaluate_mode='1by1', hidden=32, homo_boost_thrd=0.5, homo_loss_weight=3.0, inner=1, lr=0.01, model='GCN', no_cuda=False, prune_thr=0.15, seed=443, selection_method='none', target_class=0, target_loss_weight=1, test_model='GAT', thrd=0.5, train_lr=0.01, trigger_size=3, trojan_epochs=1000, use_vs_number=True, vs_number=15, vs_ratio=0, weight_decay=0.0005)
target class rate on Vs: 0.8667
accuracy on clean test nodes: 0.8397
Overall ASR: 0.7333
Flip ASR: 0.6686/1554 nodes
Namespace(cuda=True, dataset='Pubmed', debug=True, defense_mode='prune', device_id=1, dis_weight=1.0, dropout=0.5, epochs=200, evaluate_mode='1by1', hidden=32, homo_boost_thrd=0.5, homo_loss_weight=3.0, inner=1, lr=0.01, model='GCN', no_cuda=False, prune_thr=0.15, seed=63, selection_method='none', target_class=0, target_loss_weight=1, test_model='GAT', thrd=0.5, train_lr=0.01, trigger_size=3, trojan_epochs=1000, use_vs_number=True, vs_number=15, vs_ratio=0, weight_decay=0.0005)
target class rate on Vs: 0.6667
accuracy on clean test nodes: 0.8392
Overall ASR: 0.6440
Flip ASR: 0.5611/1554 nodes
Overall ASR: 0.6857 (GAT model, Seed: 63)
Overall Clean Accuracy: 0.8368
Namespace(cuda=True, dataset='Pubmed', debug=True, defense_mode='prune', device_id=1, dis_weight=1.0, dropout=0.5, epochs=200, evaluate_mode='1by1', hidden=32, homo_boost_thrd=0.5, homo_loss_weight=3.0, inner=1, lr=0.01, model='GCN', no_cuda=False, prune_thr=0.15, seed=44, selection_method='none', target_class=0, target_loss_weight=1, test_model='GraphSage', thrd=0.5, train_lr=0.01, trigger_size=3, trojan_epochs=1000, use_vs_number=True, vs_number=15, vs_ratio=0, weight_decay=0.0005)
target class rate on Vs: 1.0000
accuracy on clean test nodes: 0.8620
Overall ASR: 0.7520
Flip ASR: 0.6995/1554 nodes
Namespace(cuda=True, dataset='Pubmed', debug=True, defense_mode='prune', device_id=1, dis_weight=1.0, dropout=0.5, epochs=200, evaluate_mode='1by1', hidden=32, homo_boost_thrd=0.5, homo_loss_weight=3.0, inner=1, lr=0.01, model='GCN', no_cuda=False, prune_thr=0.15, seed=116, selection_method='none', target_class=0, target_loss_weight=1, test_model='GraphSage', thrd=0.5, train_lr=0.01, trigger_size=3, trojan_epochs=1000, use_vs_number=True, vs_number=15, vs_ratio=0, weight_decay=0.0005)
target class rate on Vs: 1.0000
accuracy on clean test nodes: 0.8625
Overall ASR: 0.7551
Flip ASR: 0.7027/1554 nodes
Namespace(cuda=True, dataset='Pubmed', debug=True, defense_mode='prune', device_id=1, dis_weight=1.0, dropout=0.5, epochs=200, evaluate_mode='1by1', hidden=32, homo_boost_thrd=0.5, homo_loss_weight=3.0, inner=1, lr=0.01, model='GCN', no_cuda=False, prune_thr=0.15, seed=139, selection_method='none', target_class=0, target_loss_weight=1, test_model='GraphSage', thrd=0.5, train_lr=0.01, trigger_size=3, trojan_epochs=1000, use_vs_number=True, vs_number=15, vs_ratio=0, weight_decay=0.0005)
target class rate on Vs: 1.0000
accuracy on clean test nodes: 0.8635
Overall ASR: 0.7302
Flip ASR: 0.6737/1554 nodes
Namespace(cuda=True, dataset='Pubmed', debug=True, defense_mode='prune', device_id=1, dis_weight=1.0, dropout=0.5, epochs=200, evaluate_mode='1by1', hidden=32, homo_boost_thrd=0.5, homo_loss_weight=3.0, inner=1, lr=0.01, model='GCN', no_cuda=False, prune_thr=0.15, seed=215, selection_method='none', target_class=0, target_loss_weight=1, test_model='GraphSage', thrd=0.5, train_lr=0.01, trigger_size=3, trojan_epochs=1000, use_vs_number=True, vs_number=15, vs_ratio=0, weight_decay=0.0005)
target class rate on Vs: 1.0000
accuracy on clean test nodes: 0.8640
Overall ASR: 0.7495
Flip ASR: 0.6950/1554 nodes
/home/mfl5681/project-backdoor/Backdoor/models/GAT.py:61: UserWarning: To copy construct from a tensor, it is recommended to use sourceTensor.clone().detach() or sourceTensor.clone().detach().requires_grad_(True), rather than torch.tensor(sourceTensor).
  self.labels = torch.tensor(labels, dtype=torch.long)
Namespace(cuda=True, dataset='Pubmed', debug=True, defense_mode='prune', device_id=1, dis_weight=1.0, dropout=0.5, epochs=200, evaluate_mode='1by1', hidden=32, homo_boost_thrd=0.5, homo_loss_weight=3.0, inner=1, lr=0.01, model='GCN', no_cuda=False, prune_thr=0.15, seed=338, selection_method='none', target_class=0, target_loss_weight=1, test_model='GraphSage', thrd=0.5, train_lr=0.01, trigger_size=3, trojan_epochs=1000, use_vs_number=True, vs_number=15, vs_ratio=0, weight_decay=0.0005)
target class rate on Vs: 1.0000
accuracy on clean test nodes: 0.8635
Overall ASR: 0.7399
Flip ASR: 0.6853/1554 nodes
Overall ASR: 0.7453 (GraphSage model, Seed: 338)
Overall Clean Accuracy: 0.8631
Total Overall ASR: 0.7388 
Total Clean Accuracy: 0.8503
