nohup: ignoring input
Namespace(cuda=True, dataset='Pubmed', debug=True, defense_mode='prune', device_id=1, dis_weight=1.0, dropout=0.5, epochs=200, evaluate_mode='1by1', hidden=32, homo_boost_thrd=0.5, homo_loss_weight=3.0, inner=1, lr=0.01, model='GCN', no_cuda=False, prune_thr=0.15, seed=11, selection_method='none', target_class=0, target_loss_weight=1, test_model='GCN', thrd=0.5, train_lr=0.01, trigger_size=3, trojan_epochs=1000, use_vs_number=True, vs_number=5, vs_ratio=0, weight_decay=0.0005)
Length of training set: 3943
Training benign model Finished!
Total time elapsed: 3.6331s
Benign CA: 0.8554
#Attach Nodes:5
idx_attach: tensor([15043, 11176, 18495, 13856,  7735], device='cuda:1')
Epoch 0, loss_inner: 1.09889, loss_target: 1.09320, homo loss: 0.49407 
acc_train_clean: 0.3223, ASR_train_attach: 0.0000, ASR_train_outter: 0.0000
Epoch 10, loss_inner: 0.97223, loss_target: 0.92331, homo loss: 0.23037 
acc_train_clean: 0.6556, ASR_train_attach: 0.6000, ASR_train_outter: 0.7950
Epoch 20, loss_inner: 0.83727, loss_target: 0.77024, homo loss: 0.13583 
acc_train_clean: 0.7200, ASR_train_attach: 0.8000, ASR_train_outter: 0.8665
Epoch 30, loss_inner: 0.69740, loss_target: 0.63889, homo loss: 0.05781 
acc_train_clean: 0.8154, ASR_train_attach: 1.0000, ASR_train_outter: 0.9130
Epoch 40, loss_inner: 0.58955, loss_target: 0.54369, homo loss: 0.02630 
acc_train_clean: 0.8397, ASR_train_attach: 1.0000, ASR_train_outter: 0.9342
Epoch 50, loss_inner: 0.52294, loss_target: 0.49151, homo loss: 0.00891 
acc_train_clean: 0.8496, ASR_train_attach: 1.0000, ASR_train_outter: 0.9207
Epoch 60, loss_inner: 0.48614, loss_target: 0.61195, homo loss: 0.00288 
acc_train_clean: 0.8549, ASR_train_attach: 0.0000, ASR_train_outter: 0.3366
Epoch 70, loss_inner: 0.45661, loss_target: 0.42982, homo loss: 0.00924 
acc_train_clean: 0.8623, ASR_train_attach: 1.0000, ASR_train_outter: 0.9400
Epoch 80, loss_inner: 0.43612, loss_target: 0.41654, homo loss: 0.00228 
acc_train_clean: 0.8653, ASR_train_attach: 1.0000, ASR_train_outter: 0.9265
Epoch 90, loss_inner: 0.42065, loss_target: 0.39872, homo loss: 0.03451 
acc_train_clean: 0.8681, ASR_train_attach: 1.0000, ASR_train_outter: 0.9439
Epoch 100, loss_inner: 0.40935, loss_target: 0.39434, homo loss: 0.16173 
acc_train_clean: 0.8704, ASR_train_attach: 1.0000, ASR_train_outter: 0.9284
Epoch 110, loss_inner: 0.39940, loss_target: 0.40961, homo loss: 0.08880 
acc_train_clean: 0.8719, ASR_train_attach: 0.6000, ASR_train_outter: 0.8182
Epoch 120, loss_inner: 0.39085, loss_target: 0.40089, homo loss: 0.01317 
acc_train_clean: 0.8737, ASR_train_attach: 0.8000, ASR_train_outter: 0.8143
Epoch 130, loss_inner: 0.38361, loss_target: 0.36295, homo loss: 0.00443 
acc_train_clean: 0.8762, ASR_train_attach: 1.0000, ASR_train_outter: 0.9478
Epoch 140, loss_inner: 0.37773, loss_target: 0.35623, homo loss: 0.00023 
acc_train_clean: 0.8778, ASR_train_attach: 1.0000, ASR_train_outter: 0.9420
Epoch 150, loss_inner: 0.37274, loss_target: 0.44338, homo loss: 0.26400 
acc_train_clean: 0.8790, ASR_train_attach: 1.0000, ASR_train_outter: 1.0000
Epoch 160, loss_inner: 0.37151, loss_target: 0.59832, homo loss: 0.13122 
acc_train_clean: 0.8805, ASR_train_attach: 0.2000, ASR_train_outter: 0.3037
Epoch 170, loss_inner: 0.36506, loss_target: 0.38200, homo loss: 0.10595 
acc_train_clean: 0.8811, ASR_train_attach: 1.0000, ASR_train_outter: 0.9710
Epoch 180, loss_inner: 0.36017, loss_target: 0.35124, homo loss: 0.03200 
acc_train_clean: 0.8823, ASR_train_attach: 1.0000, ASR_train_outter: 0.9555
Epoch 190, loss_inner: 0.35752, loss_target: 0.34067, homo loss: 0.00641 
acc_train_clean: 0.8846, ASR_train_attach: 1.0000, ASR_train_outter: 0.9400
Epoch 200, loss_inner: 0.35468, loss_target: 0.33408, homo loss: 0.00056 
acc_train_clean: 0.8838, ASR_train_attach: 1.0000, ASR_train_outter: 0.9420
Epoch 210, loss_inner: 0.35204, loss_target: 0.32917, homo loss: 0.00037 
acc_train_clean: 0.8846, ASR_train_attach: 1.0000, ASR_train_outter: 0.9478
Epoch 220, loss_inner: 0.34993, loss_target: 0.34638, homo loss: 0.04367 
acc_train_clean: 0.8856, ASR_train_attach: 1.0000, ASR_train_outter: 0.9439
Epoch 230, loss_inner: 0.34734, loss_target: 0.33016, homo loss: 0.00080 
acc_train_clean: 0.8849, ASR_train_attach: 1.0000, ASR_train_outter: 0.9439
Epoch 240, loss_inner: 0.34521, loss_target: 0.32471, homo loss: 0.00019 
acc_train_clean: 0.8859, ASR_train_attach: 1.0000, ASR_train_outter: 0.9497
Epoch 250, loss_inner: 0.34382, loss_target: 0.34804, homo loss: 0.13691 
acc_train_clean: 0.8864, ASR_train_attach: 1.0000, ASR_train_outter: 0.9884
Epoch 260, loss_inner: 0.34597, loss_target: 0.52852, homo loss: 0.31154 
acc_train_clean: 0.8846, ASR_train_attach: 1.0000, ASR_train_outter: 0.9884
Epoch 270, loss_inner: 0.34036, loss_target: 0.33482, homo loss: 0.16332 
acc_train_clean: 0.8869, ASR_train_attach: 1.0000, ASR_train_outter: 0.9304
Epoch 280, loss_inner: 0.33936, loss_target: 0.34119, homo loss: 0.07835 
acc_train_clean: 0.8889, ASR_train_attach: 1.0000, ASR_train_outter: 0.8743
Epoch 290, loss_inner: 0.33743, loss_target: 0.32657, homo loss: 0.02241 
acc_train_clean: 0.8889, ASR_train_attach: 1.0000, ASR_train_outter: 0.9226
Epoch 300, loss_inner: 0.33611, loss_target: 0.32588, homo loss: 0.02640 
acc_train_clean: 0.8876, ASR_train_attach: 1.0000, ASR_train_outter: 0.9516
Epoch 310, loss_inner: 0.33542, loss_target: 0.35187, homo loss: 0.09796 
acc_train_clean: 0.8889, ASR_train_attach: 1.0000, ASR_train_outter: 0.9671
Epoch 320, loss_inner: 0.33361, loss_target: 0.32250, homo loss: 0.01074 
acc_train_clean: 0.8892, ASR_train_attach: 1.0000, ASR_train_outter: 0.9478
Epoch 330, loss_inner: 0.33255, loss_target: 0.31370, homo loss: 0.00231 
acc_train_clean: 0.8892, ASR_train_attach: 1.0000, ASR_train_outter: 0.9458
Epoch 340, loss_inner: 0.33130, loss_target: 0.30842, homo loss: 0.00093 
acc_train_clean: 0.8887, ASR_train_attach: 1.0000, ASR_train_outter: 0.9594
Epoch 350, loss_inner: 0.33056, loss_target: 0.30714, homo loss: 0.00045 
acc_train_clean: 0.8887, ASR_train_attach: 1.0000, ASR_train_outter: 0.9594
Epoch 360, loss_inner: 0.32953, loss_target: 0.30842, homo loss: 0.00262 
acc_train_clean: 0.8889, ASR_train_attach: 1.0000, ASR_train_outter: 0.9497
Epoch 370, loss_inner: 0.32877, loss_target: 0.44768, homo loss: 0.22997 
acc_train_clean: 0.8894, ASR_train_attach: 1.0000, ASR_train_outter: 0.9865
Epoch 380, loss_inner: 0.32797, loss_target: 0.31949, homo loss: 0.05271 
acc_train_clean: 0.8897, ASR_train_attach: 1.0000, ASR_train_outter: 0.9052
Epoch 390, loss_inner: 0.32728, loss_target: 0.33344, homo loss: 0.00553 
acc_train_clean: 0.8899, ASR_train_attach: 1.0000, ASR_train_outter: 0.8762
Epoch 400, loss_inner: 0.32620, loss_target: 0.30845, homo loss: 0.00107 
acc_train_clean: 0.8904, ASR_train_attach: 1.0000, ASR_train_outter: 0.9536
Epoch 410, loss_inner: 0.32577, loss_target: 0.30296, homo loss: 0.00023 
acc_train_clean: 0.8899, ASR_train_attach: 1.0000, ASR_train_outter: 0.9632
Epoch 420, loss_inner: 0.32514, loss_target: 0.31009, homo loss: 0.00037 
acc_train_clean: 0.8899, ASR_train_attach: 1.0000, ASR_train_outter: 0.9381
Epoch 430, loss_inner: 0.32446, loss_target: 0.32154, homo loss: 0.00175 
acc_train_clean: 0.8907, ASR_train_attach: 1.0000, ASR_train_outter: 0.9033
Epoch 440, loss_inner: 0.32540, loss_target: 0.42888, homo loss: 0.22651 
acc_train_clean: 0.8912, ASR_train_attach: 1.0000, ASR_train_outter: 0.9884
Epoch 450, loss_inner: 0.32307, loss_target: 0.31784, homo loss: 0.04676 
acc_train_clean: 0.8909, ASR_train_attach: 1.0000, ASR_train_outter: 0.9226
Epoch 460, loss_inner: 0.32317, loss_target: 0.31024, homo loss: 0.00340 
acc_train_clean: 0.8915, ASR_train_attach: 1.0000, ASR_train_outter: 0.9381
Epoch 470, loss_inner: 0.32201, loss_target: 0.30274, homo loss: 0.00049 
acc_train_clean: 0.8897, ASR_train_attach: 1.0000, ASR_train_outter: 0.9574
Epoch 480, loss_inner: 0.32191, loss_target: 0.29970, homo loss: 0.00070 
acc_train_clean: 0.8909, ASR_train_attach: 1.0000, ASR_train_outter: 0.9652
Epoch 490, loss_inner: 0.32135, loss_target: 0.29877, homo loss: 0.00038 
acc_train_clean: 0.8912, ASR_train_attach: 1.0000, ASR_train_outter: 0.9671
Epoch 500, loss_inner: 0.32101, loss_target: 0.29837, homo loss: 0.00088 
acc_train_clean: 0.8915, ASR_train_attach: 1.0000, ASR_train_outter: 0.9691
Epoch 510, loss_inner: 0.32978, loss_target: 0.71971, homo loss: 0.01669 
acc_train_clean: 0.8927, ASR_train_attach: 0.0000, ASR_train_outter: 0.1741
Epoch 520, loss_inner: 0.32148, loss_target: 0.49585, homo loss: 0.24240 
acc_train_clean: 0.8899, ASR_train_attach: 1.0000, ASR_train_outter: 0.9342
Epoch 530, loss_inner: 0.31974, loss_target: 0.30850, homo loss: 0.07627 
acc_train_clean: 0.8912, ASR_train_attach: 1.0000, ASR_train_outter: 0.9323
Epoch 540, loss_inner: 0.32000, loss_target: 0.30709, homo loss: 0.01787 
acc_train_clean: 0.8920, ASR_train_attach: 1.0000, ASR_train_outter: 0.9516
Epoch 550, loss_inner: 0.31896, loss_target: 0.30444, homo loss: 0.00187 
acc_train_clean: 0.8925, ASR_train_attach: 1.0000, ASR_train_outter: 0.9342
Epoch 560, loss_inner: 0.31916, loss_target: 0.29890, homo loss: 0.00070 
acc_train_clean: 0.8925, ASR_train_attach: 1.0000, ASR_train_outter: 0.9652
Epoch 570, loss_inner: 0.31862, loss_target: 0.29646, homo loss: 0.00024 
acc_train_clean: 0.8917, ASR_train_attach: 1.0000, ASR_train_outter: 0.9652
Epoch 580, loss_inner: 0.31844, loss_target: 0.29646, homo loss: 0.00011 
acc_train_clean: 0.8922, ASR_train_attach: 1.0000, ASR_train_outter: 0.9574
Epoch 590, loss_inner: 0.31905, loss_target: 0.34973, homo loss: 0.04043 
acc_train_clean: 0.8907, ASR_train_attach: 0.4000, ASR_train_outter: 0.8221
Epoch 600, loss_inner: 0.31826, loss_target: 0.48840, homo loss: 0.21880 
acc_train_clean: 0.8930, ASR_train_attach: 1.0000, ASR_train_outter: 0.9865
Epoch 610, loss_inner: 0.31746, loss_target: 0.34859, homo loss: 0.07745 
acc_train_clean: 0.8922, ASR_train_attach: 1.0000, ASR_train_outter: 0.8549
Epoch 620, loss_inner: 0.31754, loss_target: 0.33167, homo loss: 0.01427 
acc_train_clean: 0.8925, ASR_train_attach: 1.0000, ASR_train_outter: 0.8511
Epoch 630, loss_inner: 0.31717, loss_target: 0.30695, homo loss: 0.00281 
acc_train_clean: 0.8922, ASR_train_attach: 1.0000, ASR_train_outter: 0.9284
Epoch 640, loss_inner: 0.31709, loss_target: 0.29848, homo loss: 0.00057 
acc_train_clean: 0.8927, ASR_train_attach: 1.0000, ASR_train_outter: 0.9536
Epoch 650, loss_inner: 0.31684, loss_target: 0.29450, homo loss: 0.00016 
acc_train_clean: 0.8922, ASR_train_attach: 1.0000, ASR_train_outter: 0.9652
Epoch 660, loss_inner: 0.31674, loss_target: 0.29675, homo loss: 0.00008 
acc_train_clean: 0.8922, ASR_train_attach: 1.0000, ASR_train_outter: 0.9478
Epoch 670, loss_inner: 0.31697, loss_target: 0.30885, homo loss: 0.00228 
acc_train_clean: 0.8925, ASR_train_attach: 0.8000, ASR_train_outter: 0.8994
Epoch 680, loss_inner: 0.31647, loss_target: 0.37317, homo loss: 0.13374 
acc_train_clean: 0.8902, ASR_train_attach: 1.0000, ASR_train_outter: 0.9807
Epoch 690, loss_inner: 0.31610, loss_target: 0.30498, homo loss: 0.01465 
acc_train_clean: 0.8930, ASR_train_attach: 1.0000, ASR_train_outter: 0.9536
Epoch 700, loss_inner: 0.31603, loss_target: 0.30389, homo loss: 0.00202 
acc_train_clean: 0.8937, ASR_train_attach: 1.0000, ASR_train_outter: 0.9516
Epoch 710, loss_inner: 0.31592, loss_target: 0.29715, homo loss: 0.00014 
acc_train_clean: 0.8925, ASR_train_attach: 1.0000, ASR_train_outter: 0.9555
Epoch 720, loss_inner: 0.31577, loss_target: 0.29554, homo loss: 0.00010 
acc_train_clean: 0.8925, ASR_train_attach: 1.0000, ASR_train_outter: 0.9613
Epoch 730, loss_inner: 0.31562, loss_target: 0.29487, homo loss: 0.00458 
acc_train_clean: 0.8920, ASR_train_attach: 1.0000, ASR_train_outter: 0.9710
Epoch 740, loss_inner: 0.31552, loss_target: 0.38695, homo loss: 0.15520 
acc_train_clean: 0.8932, ASR_train_attach: 1.0000, ASR_train_outter: 0.9884
Epoch 750, loss_inner: 0.31588, loss_target: 0.30658, homo loss: 0.02086 
acc_train_clean: 0.8915, ASR_train_attach: 1.0000, ASR_train_outter: 0.9749
Epoch 760, loss_inner: 0.31508, loss_target: 0.30207, homo loss: 0.00291 
acc_train_clean: 0.8930, ASR_train_attach: 1.0000, ASR_train_outter: 0.9555
Epoch 770, loss_inner: 0.31537, loss_target: 0.29826, homo loss: 0.00049 
acc_train_clean: 0.8927, ASR_train_attach: 1.0000, ASR_train_outter: 0.9478
Epoch 780, loss_inner: 0.31505, loss_target: 0.29500, homo loss: 0.00036 
acc_train_clean: 0.8930, ASR_train_attach: 1.0000, ASR_train_outter: 0.9536
Epoch 790, loss_inner: 0.31498, loss_target: 0.29390, homo loss: 0.00010 
acc_train_clean: 0.8925, ASR_train_attach: 1.0000, ASR_train_outter: 0.9594
Epoch 800, loss_inner: 0.31488, loss_target: 0.29377, homo loss: 0.00090 
acc_train_clean: 0.8930, ASR_train_attach: 1.0000, ASR_train_outter: 0.9613
Epoch 810, loss_inner: 0.31998, loss_target: 0.40088, homo loss: 0.25003 
acc_train_clean: 0.8874, ASR_train_attach: 1.0000, ASR_train_outter: 0.9981
Epoch 820, loss_inner: 0.31505, loss_target: 0.46211, homo loss: 0.25746 
acc_train_clean: 0.8930, ASR_train_attach: 1.0000, ASR_train_outter: 0.8337
Epoch 830, loss_inner: 0.31492, loss_target: 0.30371, homo loss: 0.07147 
acc_train_clean: 0.8920, ASR_train_attach: 1.0000, ASR_train_outter: 0.9439
Epoch 840, loss_inner: 0.31483, loss_target: 0.30470, homo loss: 0.00830 
acc_train_clean: 0.8935, ASR_train_attach: 1.0000, ASR_train_outter: 0.9246
Epoch 850, loss_inner: 0.31434, loss_target: 0.29789, homo loss: 0.00173 
acc_train_clean: 0.8920, ASR_train_attach: 1.0000, ASR_train_outter: 0.9439
Epoch 860, loss_inner: 0.31465, loss_target: 0.29425, homo loss: 0.00078 
acc_train_clean: 0.8930, ASR_train_attach: 1.0000, ASR_train_outter: 0.9613
Epoch 870, loss_inner: 0.31440, loss_target: 0.29633, homo loss: 0.00041 
acc_train_clean: 0.8927, ASR_train_attach: 1.0000, ASR_train_outter: 0.9478
Epoch 880, loss_inner: 0.31443, loss_target: 0.30819, homo loss: 0.00026 
acc_train_clean: 0.8930, ASR_train_attach: 1.0000, ASR_train_outter: 0.8820
Epoch 890, loss_inner: 0.31440, loss_target: 0.48607, homo loss: 0.21346 
acc_train_clean: 0.8932, ASR_train_attach: 1.0000, ASR_train_outter: 0.9942
Epoch 900, loss_inner: 0.31442, loss_target: 0.31623, homo loss: 0.05231 
acc_train_clean: 0.8917, ASR_train_attach: 1.0000, ASR_train_outter: 0.9478
Epoch 910, loss_inner: 0.31402, loss_target: 0.30123, homo loss: 0.01179 
acc_train_clean: 0.8932, ASR_train_attach: 1.0000, ASR_train_outter: 0.9497
Epoch 920, loss_inner: 0.31426, loss_target: 0.29923, homo loss: 0.00558 
acc_train_clean: 0.8930, ASR_train_attach: 1.0000, ASR_train_outter: 0.9749
Epoch 930, loss_inner: 0.31390, loss_target: 0.29473, homo loss: 0.00084 
acc_train_clean: 0.8927, ASR_train_attach: 1.0000, ASR_train_outter: 0.9632
Epoch 940, loss_inner: 0.31412, loss_target: 0.29162, homo loss: 0.00027 
acc_train_clean: 0.8932, ASR_train_attach: 1.0000, ASR_train_outter: 0.9691
Epoch 950, loss_inner: 0.31390, loss_target: 0.29149, homo loss: 0.00146 
acc_train_clean: 0.8927, ASR_train_attach: 1.0000, ASR_train_outter: 0.9691
Epoch 960, loss_inner: 0.31394, loss_target: 0.29618, homo loss: 0.00400 
acc_train_clean: 0.8920, ASR_train_attach: 1.0000, ASR_train_outter: 0.9613
Epoch 970, loss_inner: 0.31390, loss_target: 0.29482, homo loss: 0.03899 
acc_train_clean: 0.8930, ASR_train_attach: 1.0000, ASR_train_outter: 0.9574
Epoch 980, loss_inner: 0.31408, loss_target: 0.47205, homo loss: 0.19427 
acc_train_clean: 0.8912, ASR_train_attach: 1.0000, ASR_train_outter: 0.9942
Epoch 990, loss_inner: 0.31366, loss_target: 0.33788, homo loss: 0.01989 
acc_train_clean: 0.8927, ASR_train_attach: 1.0000, ASR_train_outter: 0.8201
precent of left attach nodes: 1.000
Namespace(cuda=True, dataset='Pubmed', debug=True, defense_mode='prune', device_id=1, dis_weight=1.0, dropout=0.5, epochs=200, evaluate_mode='1by1', hidden=32, homo_boost_thrd=0.5, homo_loss_weight=3.0, inner=1, lr=0.01, model='GCN', no_cuda=False, prune_thr=0.15, seed=921, selection_method='none', target_class=0, target_loss_weight=1, test_model='GCN', thrd=0.5, train_lr=0.01, trigger_size=3, trojan_epochs=1000, use_vs_number=True, vs_number=5, vs_ratio=0, weight_decay=0.0005)
target class rate on Vs: 1.0000
accuracy on clean test nodes: 0.8508
Overall ASR: 0.7287
Flip ASR: 0.6634/1554 nodes
Namespace(cuda=True, dataset='Pubmed', debug=True, defense_mode='prune', device_id=1, dis_weight=1.0, dropout=0.5, epochs=200, evaluate_mode='1by1', hidden=32, homo_boost_thrd=0.5, homo_loss_weight=3.0, inner=1, lr=0.01, model='GCN', no_cuda=False, prune_thr=0.15, seed=703, selection_method='none', target_class=0, target_loss_weight=1, test_model='GCN', thrd=0.5, train_lr=0.01, trigger_size=3, trojan_epochs=1000, use_vs_number=True, vs_number=5, vs_ratio=0, weight_decay=0.0005)
target class rate on Vs: 1.0000
accuracy on clean test nodes: 0.8503
Overall ASR: 0.6724
Flip ASR: 0.5940/1554 nodes
Namespace(cuda=True, dataset='Pubmed', debug=True, defense_mode='prune', device_id=1, dis_weight=1.0, dropout=0.5, epochs=200, evaluate_mode='1by1', hidden=32, homo_boost_thrd=0.5, homo_loss_weight=3.0, inner=1, lr=0.01, model='GCN', no_cuda=False, prune_thr=0.15, seed=80, selection_method='none', target_class=0, target_loss_weight=1, test_model='GCN', thrd=0.5, train_lr=0.01, trigger_size=3, trojan_epochs=1000, use_vs_number=True, vs_number=5, vs_ratio=0, weight_decay=0.0005)
target class rate on Vs: 1.0000
accuracy on clean test nodes: 0.8513
Overall ASR: 0.7941
Flip ASR: 0.7426/1554 nodes
Namespace(cuda=True, dataset='Pubmed', debug=True, defense_mode='prune', device_id=1, dis_weight=1.0, dropout=0.5, epochs=200, evaluate_mode='1by1', hidden=32, homo_boost_thrd=0.5, homo_loss_weight=3.0, inner=1, lr=0.01, model='GCN', no_cuda=False, prune_thr=0.15, seed=91, selection_method='none', target_class=0, target_loss_weight=1, test_model='GCN', thrd=0.5, train_lr=0.01, trigger_size=3, trojan_epochs=1000, use_vs_number=True, vs_number=5, vs_ratio=0, weight_decay=0.0005)
target class rate on Vs: 1.0000
accuracy on clean test nodes: 0.8513
Overall ASR: 0.8266
Flip ASR: 0.7812/1554 nodes
Namespace(cuda=True, dataset='Pubmed', debug=True, defense_mode='prune', device_id=1, dis_weight=1.0, dropout=0.5, epochs=200, evaluate_mode='1by1', hidden=32, homo_boost_thrd=0.5, homo_loss_weight=3.0, inner=1, lr=0.01, model='GCN', no_cuda=False, prune_thr=0.15, seed=337, selection_method='none', target_class=0, target_loss_weight=1, test_model='GCN', thrd=0.5, train_lr=0.01, trigger_size=3, trojan_epochs=1000, use_vs_number=True, vs_number=5, vs_ratio=0, weight_decay=0.0005)
target class rate on Vs: 1.0000
accuracy on clean test nodes: 0.8498
Overall ASR: 0.7754
Flip ASR: 0.7239/1554 nodes
Overall ASR: 0.7594 (GCN model, Seed: 337)
Overall Clean Accuracy: 0.8507
Namespace(cuda=True, dataset='Pubmed', debug=True, defense_mode='prune', device_id=1, dis_weight=1.0, dropout=0.5, epochs=200, evaluate_mode='1by1', hidden=32, homo_boost_thrd=0.5, homo_loss_weight=3.0, inner=1, lr=0.01, model='GCN', no_cuda=False, prune_thr=0.15, seed=260, selection_method='none', target_class=0, target_loss_weight=1, test_model='GAT', thrd=0.5, train_lr=0.01, trigger_size=3, trojan_epochs=1000, use_vs_number=True, vs_number=5, vs_ratio=0, weight_decay=0.0005)
target class rate on Vs: 1.0000
accuracy on clean test nodes: 0.8397
Overall ASR: 0.7099
Flip ASR: 0.6384/1554 nodes
Namespace(cuda=True, dataset='Pubmed', debug=True, defense_mode='prune', device_id=1, dis_weight=1.0, dropout=0.5, epochs=200, evaluate_mode='1by1', hidden=32, homo_boost_thrd=0.5, homo_loss_weight=3.0, inner=1, lr=0.01, model='GCN', no_cuda=False, prune_thr=0.15, seed=66, selection_method='none', target_class=0, target_loss_weight=1, test_model='GAT', thrd=0.5, train_lr=0.01, trigger_size=3, trojan_epochs=1000, use_vs_number=True, vs_number=5, vs_ratio=0, weight_decay=0.0005)
target class rate on Vs: 1.0000
accuracy on clean test nodes: 0.8392
Overall ASR: 0.6466
Flip ASR: 0.5586/1554 nodes
Namespace(cuda=True, dataset='Pubmed', debug=True, defense_mode='prune', device_id=1, dis_weight=1.0, dropout=0.5, epochs=200, evaluate_mode='1by1', hidden=32, homo_boost_thrd=0.5, homo_loss_weight=3.0, inner=1, lr=0.01, model='GCN', no_cuda=False, prune_thr=0.15, seed=441, selection_method='none', target_class=0, target_loss_weight=1, test_model='GAT', thrd=0.5, train_lr=0.01, trigger_size=3, trojan_epochs=1000, use_vs_number=True, vs_number=5, vs_ratio=0, weight_decay=0.0005)
target class rate on Vs: 0.8000
accuracy on clean test nodes: 0.8382
Overall ASR: 0.6876
Flip ASR: 0.6100/1554 nodes
Namespace(cuda=True, dataset='Pubmed', debug=True, defense_mode='prune', device_id=1, dis_weight=1.0, dropout=0.5, epochs=200, evaluate_mode='1by1', hidden=32, homo_boost_thrd=0.5, homo_loss_weight=3.0, inner=1, lr=0.01, model='GCN', no_cuda=False, prune_thr=0.15, seed=443, selection_method='none', target_class=0, target_loss_weight=1, test_model='GAT', thrd=0.5, train_lr=0.01, trigger_size=3, trojan_epochs=1000, use_vs_number=True, vs_number=5, vs_ratio=0, weight_decay=0.0005)
target class rate on Vs: 0.8000
accuracy on clean test nodes: 0.8402
Overall ASR: 0.6663
Flip ASR: 0.5837/1554 nodes
Namespace(cuda=True, dataset='Pubmed', debug=True, defense_mode='prune', device_id=1, dis_weight=1.0, dropout=0.5, epochs=200, evaluate_mode='1by1', hidden=32, homo_boost_thrd=0.5, homo_loss_weight=3.0, inner=1, lr=0.01, model='GCN', no_cuda=False, prune_thr=0.15, seed=63, selection_method='none', target_class=0, target_loss_weight=1, test_model='GAT', thrd=0.5, train_lr=0.01, trigger_size=3, trojan_epochs=1000, use_vs_number=True, vs_number=5, vs_ratio=0, weight_decay=0.0005)
target class rate on Vs: 0.4000
accuracy on clean test nodes: 0.8417
Overall ASR: 0.5979
Flip ASR: 0.4987/1554 nodes
Overall ASR: 0.6617 (GAT model, Seed: 63)
Overall Clean Accuracy: 0.8398
Namespace(cuda=True, dataset='Pubmed', debug=True, defense_mode='prune', device_id=1, dis_weight=1.0, dropout=0.5, epochs=200, evaluate_mode='1by1', hidden=32, homo_boost_thrd=0.5, homo_loss_weight=3.0, inner=1, lr=0.01, model='GCN', no_cuda=False, prune_thr=0.15, seed=44, selection_method='none', target_class=0, target_loss_weight=1, test_model='GraphSage', thrd=0.5, train_lr=0.01, trigger_size=3, trojan_epochs=1000, use_vs_number=True, vs_number=5, vs_ratio=0, weight_decay=0.0005)
target class rate on Vs: 1.0000
accuracy on clean test nodes: 0.8620
Overall ASR: 0.7175
Flip ASR: 0.6506/1554 nodes
Namespace(cuda=True, dataset='Pubmed', debug=True, defense_mode='prune', device_id=1, dis_weight=1.0, dropout=0.5, epochs=200, evaluate_mode='1by1', hidden=32, homo_boost_thrd=0.5, homo_loss_weight=3.0, inner=1, lr=0.01, model='GCN', no_cuda=False, prune_thr=0.15, seed=116, selection_method='none', target_class=0, target_loss_weight=1, test_model='GraphSage', thrd=0.5, train_lr=0.01, trigger_size=3, trojan_epochs=1000, use_vs_number=True, vs_number=5, vs_ratio=0, weight_decay=0.0005)
target class rate on Vs: 1.0000
accuracy on clean test nodes: 0.8635
Overall ASR: 0.7201
Flip ASR: 0.6519/1554 nodes
Namespace(cuda=True, dataset='Pubmed', debug=True, defense_mode='prune', device_id=1, dis_weight=1.0, dropout=0.5, epochs=200, evaluate_mode='1by1', hidden=32, homo_boost_thrd=0.5, homo_loss_weight=3.0, inner=1, lr=0.01, model='GCN', no_cuda=False, prune_thr=0.15, seed=139, selection_method='none', target_class=0, target_loss_weight=1, test_model='GraphSage', thrd=0.5, train_lr=0.01, trigger_size=3, trojan_epochs=1000, use_vs_number=True, vs_number=5, vs_ratio=0, weight_decay=0.0005)
target class rate on Vs: 1.0000
accuracy on clean test nodes: 0.8620
Overall ASR: 0.7089
Flip ASR: 0.6396/1554 nodes
Namespace(cuda=True, dataset='Pubmed', debug=True, defense_mode='prune', device_id=1, dis_weight=1.0, dropout=0.5, epochs=200, evaluate_mode='1by1', hidden=32, homo_boost_thrd=0.5, homo_loss_weight=3.0, inner=1, lr=0.01, model='GCN', no_cuda=False, prune_thr=0.15, seed=215, selection_method='none', target_class=0, target_loss_weight=1, test_model='GraphSage', thrd=0.5, train_lr=0.01, trigger_size=3, trojan_epochs=1000, use_vs_number=True, vs_number=5, vs_ratio=0, weight_decay=0.0005)
target class rate on Vs: 1.0000
accuracy on clean test nodes: 0.8645
Overall ASR: 0.7419
Flip ASR: 0.6808/1554 nodes
/home/mfl5681/project-backdoor/Backdoor/models/GAT.py:61: UserWarning: To copy construct from a tensor, it is recommended to use sourceTensor.clone().detach() or sourceTensor.clone().detach().requires_grad_(True), rather than torch.tensor(sourceTensor).
  self.labels = torch.tensor(labels, dtype=torch.long)
Namespace(cuda=True, dataset='Pubmed', debug=True, defense_mode='prune', device_id=1, dis_weight=1.0, dropout=0.5, epochs=200, evaluate_mode='1by1', hidden=32, homo_boost_thrd=0.5, homo_loss_weight=3.0, inner=1, lr=0.01, model='GCN', no_cuda=False, prune_thr=0.15, seed=338, selection_method='none', target_class=0, target_loss_weight=1, test_model='GraphSage', thrd=0.5, train_lr=0.01, trigger_size=3, trojan_epochs=1000, use_vs_number=True, vs_number=5, vs_ratio=0, weight_decay=0.0005)
target class rate on Vs: 1.0000
accuracy on clean test nodes: 0.8635
Overall ASR: 0.7181
Flip ASR: 0.6512/1554 nodes
Overall ASR: 0.7213 (GraphSage model, Seed: 338)
Overall Clean Accuracy: 0.8631
Total Overall ASR: 0.7141 
Total Clean Accuracy: 0.8512
