nohup: ignoring input
Namespace(cuda=True, dataset='Pubmed', debug=True, defense_mode='prune', device_id=1, dis_weight=0.0, dropout=0.5, epochs=200, evaluate_mode='1by1', hidden=32, homo_boost_thrd=0.5, homo_loss_weight=2.0, inner=1, lr=0.01, model='GCN', no_cuda=False, prune_thr=0.2, seed=11, selection_method='cluster_degree', target_class=0, target_loss_weight=1, test_model='GCN', thrd=0.5, train_lr=0.01, trigger_size=3, trojan_epochs=200, use_vs_number=True, vs_number=15, vs_ratio=0, weight_decay=0.0005)
Length of training set: 3943
Training benign model Finished!
Total time elapsed: 9.0467s
Benign CA: 0.8554
#Attach Nodes:15
Length of training set: 3943
=== training gcn model ===
Epoch 0, training loss: 1.1248021125793457
acc_val: 0.2035
Epoch 10, training loss: 1.035003423690796
acc_val: 0.4033
Epoch 20, training loss: 0.927193284034729
acc_val: 0.4485
Epoch 30, training loss: 0.7763608694076538
acc_val: 0.6799
Epoch 40, training loss: 0.6315062642097473
acc_val: 0.8234
Epoch 50, training loss: 0.5373746156692505
acc_val: 0.8432
Epoch 60, training loss: 0.4778428375720978
acc_val: 0.8584
Epoch 70, training loss: 0.4452494978904724
acc_val: 0.8605
Epoch 80, training loss: 0.42119717597961426
acc_val: 0.8650
Epoch 90, training loss: 0.39013704657554626
acc_val: 0.8681
Epoch 100, training loss: 0.3752492666244507
acc_val: 0.8645
Epoch 110, training loss: 0.3645612895488739
acc_val: 0.8706
Epoch 120, training loss: 0.35561615228652954
acc_val: 0.8737
Epoch 130, training loss: 0.343599796295166
acc_val: 0.8701
Epoch 140, training loss: 0.3385894000530243
acc_val: 0.8727
Epoch 150, training loss: 0.33884504437446594
acc_val: 0.8747
Epoch 160, training loss: 0.3325924277305603
acc_val: 0.8747
Epoch 170, training loss: 0.3178776204586029
acc_val: 0.8782
Epoch 180, training loss: 0.31976500153541565
acc_val: 0.8757
Epoch 190, training loss: 0.32259464263916016
acc_val: 0.8716
=== picking the best model according to the performance on validation ===
Training encoder Finished!
Total time elapsed: 4.6856s
Encoder CA on clean test nodes: 0.8579
idx_sing_class [    0     1     4 ... 19700 19702 19704]
current_class_size 7
./selected_nodes/Pubmed/Seperate/seed11/class_1.txt
[ 2622.  7012.  6767. ... 16214.   903. 11450.]
idx_sing_class [    3     5     6 ... 19712 19714 19716]
current_class_size 8
./selected_nodes/Pubmed/Seperate/seed11/class_2.txt
[ 6834. 13199.   694. ...   580. 15548.  1205.]
idx_attach: tensor([ 2622,  7012,  6767,  6293,  8622, 11151, 12196,  6834, 13199,   694,
        11009, 10937,  9532, 17660, 11005], device='cuda:1')
Epoch 0, loss_inner: 1.09865, loss_target: 1.09243, homo loss: 0.48100 
acc_train_clean: 0.3467, ASR_train_attach: 0.0000, ASR_train_outter: 0.0000
Epoch 10, loss_inner: 0.95989, loss_target: 0.85688, homo loss: 0.22848 
acc_train_clean: 0.6569, ASR_train_attach: 1.0000, ASR_train_outter: 0.9658
Epoch 20, loss_inner: 0.81869, loss_target: 0.72291, homo loss: 0.19425 
acc_train_clean: 0.7961, ASR_train_attach: 1.0000, ASR_train_outter: 0.9791
Epoch 30, loss_inner: 0.68294, loss_target: 0.63505, homo loss: 0.19170 
acc_train_clean: 0.8280, ASR_train_attach: 1.0000, ASR_train_outter: 0.9962
Epoch 40, loss_inner: 0.58418, loss_target: 0.52718, homo loss: 0.13869 
acc_train_clean: 0.8405, ASR_train_attach: 1.0000, ASR_train_outter: 0.9791
Epoch 50, loss_inner: 0.52305, loss_target: 0.47808, homo loss: 0.08887 
acc_train_clean: 0.8494, ASR_train_attach: 1.0000, ASR_train_outter: 0.9450
Epoch 60, loss_inner: 0.48432, loss_target: 0.44397, homo loss: 0.06525 
acc_train_clean: 0.8549, ASR_train_attach: 1.0000, ASR_train_outter: 0.9602
Epoch 70, loss_inner: 0.46041, loss_target: 0.46426, homo loss: 0.06794 
acc_train_clean: 0.8595, ASR_train_attach: 0.6667, ASR_train_outter: 0.7761
Epoch 80, loss_inner: 0.43759, loss_target: 0.40895, homo loss: 0.02872 
acc_train_clean: 0.8638, ASR_train_attach: 0.9333, ASR_train_outter: 0.9241
Epoch 90, loss_inner: 0.42342, loss_target: 0.41186, homo loss: 0.10790 
acc_train_clean: 0.8663, ASR_train_attach: 0.9333, ASR_train_outter: 0.9450
Epoch 100, loss_inner: 0.41164, loss_target: 0.39580, homo loss: 0.01192 
acc_train_clean: 0.8712, ASR_train_attach: 0.8667, ASR_train_outter: 0.8956
Epoch 110, loss_inner: 0.40462, loss_target: 0.45820, homo loss: 0.00683 
acc_train_clean: 0.8717, ASR_train_attach: 0.6000, ASR_train_outter: 0.6262
Epoch 120, loss_inner: 0.39313, loss_target: 0.36904, homo loss: 0.18558 
acc_train_clean: 0.8745, ASR_train_attach: 1.0000, ASR_train_outter: 0.9620
Epoch 130, loss_inner: 0.38640, loss_target: 0.38163, homo loss: 0.11204 
acc_train_clean: 0.8747, ASR_train_attach: 0.8667, ASR_train_outter: 0.8824
Epoch 140, loss_inner: 0.37887, loss_target: 0.35652, homo loss: 0.03359 
acc_train_clean: 0.8773, ASR_train_attach: 0.9333, ASR_train_outter: 0.9317
Epoch 150, loss_inner: 0.37385, loss_target: 0.35266, homo loss: 0.01058 
acc_train_clean: 0.8793, ASR_train_attach: 0.9333, ASR_train_outter: 0.9298
Epoch 160, loss_inner: 0.37069, loss_target: 0.37900, homo loss: 0.14628 
acc_train_clean: 0.8795, ASR_train_attach: 1.0000, ASR_train_outter: 0.9696
Epoch 170, loss_inner: 0.36713, loss_target: 0.35801, homo loss: 0.08977 
acc_train_clean: 0.8785, ASR_train_attach: 1.0000, ASR_train_outter: 0.9810
Epoch 180, loss_inner: 0.36230, loss_target: 0.33999, homo loss: 0.01864 
acc_train_clean: 0.8808, ASR_train_attach: 0.9333, ASR_train_outter: 0.9355
Epoch 190, loss_inner: 0.35819, loss_target: 0.33357, homo loss: 0.00825 
acc_train_clean: 0.8841, ASR_train_attach: 0.9333, ASR_train_outter: 0.9412
precent of left attach nodes: 1.000
Namespace(cuda=True, dataset='Pubmed', debug=True, defense_mode='prune', device_id=1, dis_weight=0.0, dropout=0.5, epochs=200, evaluate_mode='1by1', hidden=32, homo_boost_thrd=0.5, homo_loss_weight=2.0, inner=1, lr=0.01, model='GCN', no_cuda=False, prune_thr=0.2, seed=921, selection_method='cluster_degree', target_class=0, target_loss_weight=1, test_model='GCN', thrd=0.5, train_lr=0.01, trigger_size=3, trojan_epochs=200, use_vs_number=True, vs_number=15, vs_ratio=0, weight_decay=0.0005)
target class rate on Vs: 1.0000
accuracy on clean test nodes: 0.8519
Overall ASR: 0.8621
Flip ASR: 0.8282/1554 nodes
Namespace(cuda=True, dataset='Pubmed', debug=True, defense_mode='prune', device_id=1, dis_weight=0.0, dropout=0.5, epochs=200, evaluate_mode='1by1', hidden=32, homo_boost_thrd=0.5, homo_loss_weight=2.0, inner=1, lr=0.01, model='GCN', no_cuda=False, prune_thr=0.2, seed=703, selection_method='cluster_degree', target_class=0, target_loss_weight=1, test_model='GCN', thrd=0.5, train_lr=0.01, trigger_size=3, trojan_epochs=200, use_vs_number=True, vs_number=15, vs_ratio=0, weight_decay=0.0005)
target class rate on Vs: 0.9333
accuracy on clean test nodes: 0.8513
Overall ASR: 0.8398
Flip ASR: 0.8018/1554 nodes
Namespace(cuda=True, dataset='Pubmed', debug=True, defense_mode='prune', device_id=1, dis_weight=0.0, dropout=0.5, epochs=200, evaluate_mode='1by1', hidden=32, homo_boost_thrd=0.5, homo_loss_weight=2.0, inner=1, lr=0.01, model='GCN', no_cuda=False, prune_thr=0.2, seed=80, selection_method='cluster_degree', target_class=0, target_loss_weight=1, test_model='GCN', thrd=0.5, train_lr=0.01, trigger_size=3, trojan_epochs=200, use_vs_number=True, vs_number=15, vs_ratio=0, weight_decay=0.0005)
target class rate on Vs: 1.0000
accuracy on clean test nodes: 0.8539
Overall ASR: 0.8702
Flip ASR: 0.8366/1554 nodes
Namespace(cuda=True, dataset='Pubmed', debug=True, defense_mode='prune', device_id=1, dis_weight=0.0, dropout=0.5, epochs=200, evaluate_mode='1by1', hidden=32, homo_boost_thrd=0.5, homo_loss_weight=2.0, inner=1, lr=0.01, model='GCN', no_cuda=False, prune_thr=0.2, seed=91, selection_method='cluster_degree', target_class=0, target_loss_weight=1, test_model='GCN', thrd=0.5, train_lr=0.01, trigger_size=3, trojan_epochs=200, use_vs_number=True, vs_number=15, vs_ratio=0, weight_decay=0.0005)
target class rate on Vs: 1.0000
accuracy on clean test nodes: 0.8549
Overall ASR: 0.8981
Flip ASR: 0.8713/1554 nodes
/home/mfl5681/project-backdoor/Backdoor/models/GAT.py:61: UserWarning: To copy construct from a tensor, it is recommended to use sourceTensor.clone().detach() or sourceTensor.clone().detach().requires_grad_(True), rather than torch.tensor(sourceTensor).
  self.labels = torch.tensor(labels, dtype=torch.long)
Namespace(cuda=True, dataset='Pubmed', debug=True, defense_mode='prune', device_id=1, dis_weight=0.0, dropout=0.5, epochs=200, evaluate_mode='1by1', hidden=32, homo_boost_thrd=0.5, homo_loss_weight=2.0, inner=1, lr=0.01, model='GCN', no_cuda=False, prune_thr=0.2, seed=337, selection_method='cluster_degree', target_class=0, target_loss_weight=1, test_model='GCN', thrd=0.5, train_lr=0.01, trigger_size=3, trojan_epochs=200, use_vs_number=True, vs_number=15, vs_ratio=0, weight_decay=0.0005)
target class rate on Vs: 1.0000
accuracy on clean test nodes: 0.8513
Overall ASR: 0.8469
Flip ASR: 0.8108/1554 nodes
Overall ASR: 0.8634 (GCN model, Seed: 337)
Overall Clean Accuracy: 0.8527
Namespace(cuda=True, dataset='Pubmed', debug=True, defense_mode='prune', device_id=1, dis_weight=0.0, dropout=0.5, epochs=200, evaluate_mode='1by1', hidden=32, homo_boost_thrd=0.5, homo_loss_weight=2.0, inner=1, lr=0.01, model='GCN', no_cuda=False, prune_thr=0.2, seed=260, selection_method='cluster_degree', target_class=0, target_loss_weight=1, test_model='GAT', thrd=0.5, train_lr=0.01, trigger_size=3, trojan_epochs=200, use_vs_number=True, vs_number=15, vs_ratio=0, weight_decay=0.0005)
target class rate on Vs: 1.0000
accuracy on clean test nodes: 0.8346
Overall ASR: 0.8646
Flip ASR: 0.8288/1554 nodes
Namespace(cuda=True, dataset='Pubmed', debug=True, defense_mode='prune', device_id=1, dis_weight=0.0, dropout=0.5, epochs=200, evaluate_mode='1by1', hidden=32, homo_boost_thrd=0.5, homo_loss_weight=2.0, inner=1, lr=0.01, model='GCN', no_cuda=False, prune_thr=0.2, seed=66, selection_method='cluster_degree', target_class=0, target_loss_weight=1, test_model='GAT', thrd=0.5, train_lr=0.01, trigger_size=3, trojan_epochs=200, use_vs_number=True, vs_number=15, vs_ratio=0, weight_decay=0.0005)
target class rate on Vs: 0.8667
accuracy on clean test nodes: 0.8402
Overall ASR: 0.8423
Flip ASR: 0.8024/1554 nodes
Namespace(cuda=True, dataset='Pubmed', debug=True, defense_mode='prune', device_id=1, dis_weight=0.0, dropout=0.5, epochs=200, evaluate_mode='1by1', hidden=32, homo_boost_thrd=0.5, homo_loss_weight=2.0, inner=1, lr=0.01, model='GCN', no_cuda=False, prune_thr=0.2, seed=441, selection_method='cluster_degree', target_class=0, target_loss_weight=1, test_model='GAT', thrd=0.5, train_lr=0.01, trigger_size=3, trojan_epochs=200, use_vs_number=True, vs_number=15, vs_ratio=0, weight_decay=0.0005)
target class rate on Vs: 0.8667
accuracy on clean test nodes: 0.8361
Overall ASR: 0.8448
Flip ASR: 0.8057/1554 nodes
Namespace(cuda=True, dataset='Pubmed', debug=True, defense_mode='prune', device_id=1, dis_weight=0.0, dropout=0.5, epochs=200, evaluate_mode='1by1', hidden=32, homo_boost_thrd=0.5, homo_loss_weight=2.0, inner=1, lr=0.01, model='GCN', no_cuda=False, prune_thr=0.2, seed=443, selection_method='cluster_degree', target_class=0, target_loss_weight=1, test_model='GAT', thrd=0.5, train_lr=0.01, trigger_size=3, trojan_epochs=200, use_vs_number=True, vs_number=15, vs_ratio=0, weight_decay=0.0005)
target class rate on Vs: 1.0000
accuracy on clean test nodes: 0.8341
Overall ASR: 0.8960
Flip ASR: 0.8681/1554 nodes
Namespace(cuda=True, dataset='Pubmed', debug=True, defense_mode='prune', device_id=1, dis_weight=0.0, dropout=0.5, epochs=200, evaluate_mode='1by1', hidden=32, homo_boost_thrd=0.5, homo_loss_weight=2.0, inner=1, lr=0.01, model='GCN', no_cuda=False, prune_thr=0.2, seed=63, selection_method='cluster_degree', target_class=0, target_loss_weight=1, test_model='GAT', thrd=0.5, train_lr=0.01, trigger_size=3, trojan_epochs=200, use_vs_number=True, vs_number=15, vs_ratio=0, weight_decay=0.0005)
target class rate on Vs: 1.0000
accuracy on clean test nodes: 0.8361
Overall ASR: 0.8884
Flip ASR: 0.8584/1554 nodes
Overall ASR: 0.8672 (GAT model, Seed: 63)
Overall Clean Accuracy: 0.8362
Namespace(cuda=True, dataset='Pubmed', debug=True, defense_mode='prune', device_id=1, dis_weight=0.0, dropout=0.5, epochs=200, evaluate_mode='1by1', hidden=32, homo_boost_thrd=0.5, homo_loss_weight=2.0, inner=1, lr=0.01, model='GCN', no_cuda=False, prune_thr=0.2, seed=44, selection_method='cluster_degree', target_class=0, target_loss_weight=1, test_model='GraphSage', thrd=0.5, train_lr=0.01, trigger_size=3, trojan_epochs=200, use_vs_number=True, vs_number=15, vs_ratio=0, weight_decay=0.0005)
target class rate on Vs: 0.8667
accuracy on clean test nodes: 0.8661
Overall ASR: 0.8073
Flip ASR: 0.7606/1554 nodes
Namespace(cuda=True, dataset='Pubmed', debug=True, defense_mode='prune', device_id=1, dis_weight=0.0, dropout=0.5, epochs=200, evaluate_mode='1by1', hidden=32, homo_boost_thrd=0.5, homo_loss_weight=2.0, inner=1, lr=0.01, model='GCN', no_cuda=False, prune_thr=0.2, seed=116, selection_method='cluster_degree', target_class=0, target_loss_weight=1, test_model='GraphSage', thrd=0.5, train_lr=0.01, trigger_size=3, trojan_epochs=200, use_vs_number=True, vs_number=15, vs_ratio=0, weight_decay=0.0005)
target class rate on Vs: 0.8667
accuracy on clean test nodes: 0.8650
Overall ASR: 0.8038
Flip ASR: 0.7561/1554 nodes
Namespace(cuda=True, dataset='Pubmed', debug=True, defense_mode='prune', device_id=1, dis_weight=0.0, dropout=0.5, epochs=200, evaluate_mode='1by1', hidden=32, homo_boost_thrd=0.5, homo_loss_weight=2.0, inner=1, lr=0.01, model='GCN', no_cuda=False, prune_thr=0.2, seed=139, selection_method='cluster_degree', target_class=0, target_loss_weight=1, test_model='GraphSage', thrd=0.5, train_lr=0.01, trigger_size=3, trojan_epochs=200, use_vs_number=True, vs_number=15, vs_ratio=0, weight_decay=0.0005)
target class rate on Vs: 0.8667
accuracy on clean test nodes: 0.8671
Overall ASR: 0.8114
Flip ASR: 0.7658/1554 nodes
Namespace(cuda=True, dataset='Pubmed', debug=True, defense_mode='prune', device_id=1, dis_weight=0.0, dropout=0.5, epochs=200, evaluate_mode='1by1', hidden=32, homo_boost_thrd=0.5, homo_loss_weight=2.0, inner=1, lr=0.01, model='GCN', no_cuda=False, prune_thr=0.2, seed=215, selection_method='cluster_degree', target_class=0, target_loss_weight=1, test_model='GraphSage', thrd=0.5, train_lr=0.01, trigger_size=3, trojan_epochs=200, use_vs_number=True, vs_number=15, vs_ratio=0, weight_decay=0.0005)
target class rate on Vs: 0.8667
accuracy on clean test nodes: 0.8645
Overall ASR: 0.8109
Flip ASR: 0.7651/1554 nodes
Namespace(cuda=True, dataset='Pubmed', debug=True, defense_mode='prune', device_id=1, dis_weight=0.0, dropout=0.5, epochs=200, evaluate_mode='1by1', hidden=32, homo_boost_thrd=0.5, homo_loss_weight=2.0, inner=1, lr=0.01, model='GCN', no_cuda=False, prune_thr=0.2, seed=338, selection_method='cluster_degree', target_class=0, target_loss_weight=1, test_model='GraphSage', thrd=0.5, train_lr=0.01, trigger_size=3, trojan_epochs=200, use_vs_number=True, vs_number=15, vs_ratio=0, weight_decay=0.0005)
target class rate on Vs: 0.8667
accuracy on clean test nodes: 0.8666
Overall ASR: 0.7936
Flip ASR: 0.7432/1554 nodes
Overall ASR: 0.8054 (GraphSage model, Seed: 338)
Overall Clean Accuracy: 0.8659
Total Overall ASR: 0.8453 
Total Clean Accuracy: 0.8516
