nohup: ignoring input
Namespace(cuda=True, dataset='Pubmed', debug=True, defense_mode='prune', device_id=0, dis_weight=0.0, dropout=0.5, epochs=200, evaluate_mode='1by1', hidden=32, homo_boost_thrd=0.5, homo_loss_weight=3.0, inner=1, lr=0.01, model='GCN', no_cuda=False, prune_thr=0.2, seed=11, selection_method='cluster_degree', target_class=0, target_loss_weight=1, test_model='GCN', thrd=0.5, train_lr=0.01, trigger_size=3, trojan_epochs=200, use_vs_number=True, vs_number=40, vs_ratio=0, weight_decay=0.0005)
Length of training set: 3943
Training benign model Finished!
Total time elapsed: 7.2750s
Benign CA: 0.8554
#Attach Nodes:40
Length of training set: 3943
=== training gcn model ===
Epoch 0, training loss: 1.1248021125793457
acc_val: 0.2035
Epoch 10, training loss: 1.035003423690796
acc_val: 0.4033
Epoch 20, training loss: 0.927193284034729
acc_val: 0.4485
Epoch 30, training loss: 0.7763608694076538
acc_val: 0.6799
Epoch 40, training loss: 0.6315062642097473
acc_val: 0.8234
Epoch 50, training loss: 0.5373746752738953
acc_val: 0.8432
Epoch 60, training loss: 0.4778428375720978
acc_val: 0.8584
Epoch 70, training loss: 0.4452494978904724
acc_val: 0.8605
Epoch 80, training loss: 0.42119720578193665
acc_val: 0.8650
Epoch 90, training loss: 0.39013704657554626
acc_val: 0.8681
Epoch 100, training loss: 0.3752492070198059
acc_val: 0.8645
Epoch 110, training loss: 0.3645612299442291
acc_val: 0.8706
Epoch 120, training loss: 0.3556129038333893
acc_val: 0.8737
Epoch 130, training loss: 0.343610018491745
acc_val: 0.8701
Epoch 140, training loss: 0.3386012315750122
acc_val: 0.8737
Epoch 150, training loss: 0.33879879117012024
acc_val: 0.8747
Epoch 160, training loss: 0.3325311541557312
acc_val: 0.8757
Epoch 170, training loss: 0.3179633915424347
acc_val: 0.8772
Epoch 180, training loss: 0.3197590708732605
acc_val: 0.8752
Epoch 190, training loss: 0.32326605916023254
acc_val: 0.8721
=== picking the best model according to the performance on validation ===
Training encoder Finished!
Total time elapsed: 2.6398s
Encoder CA on clean test nodes: 0.8539
idx_sing_class [    0     1     4 ... 19700 19702 19704]
current_class_size 20
./selected_nodes/Pubmed/Seperate/seed11/class_1.txt
[ 2622.  7012.  6767. ... 16214.   903. 11450.]
idx_sing_class [    3     5     6 ... 19712 19714 19716]
current_class_size 20
./selected_nodes/Pubmed/Seperate/seed11/class_2.txt
[ 6834. 13199.   694. ...   580. 15548.  1205.]
idx_attach: tensor([ 2622,  7012,  6767,  6293,  8622, 11151, 12196,  1176, 14578, 19257,
         3121, 15916, 12852, 14851,  4210,  8071, 14236, 14840,  9493, 17390,
         6834, 13199,   694, 11009, 10937,  9532, 17660, 11005,  7654,   688,
        13329, 11718,  5292,  7776, 16845,  1376,  9680, 10614,  7241, 13777],
       device='cuda:0')
Epoch 0, loss_inner: 1.09874, loss_target: 1.09108, homo loss: 0.48419 
acc_train_clean: 0.3467, ASR_train_attach: 0.0000, ASR_train_outter: 0.0000
Epoch 10, loss_inner: 0.96143, loss_target: 0.85902, homo loss: 0.21747 
acc_train_clean: 0.6604, ASR_train_attach: 1.0000, ASR_train_outter: 0.9873
Epoch 20, loss_inner: 0.82589, loss_target: 0.74311, homo loss: 0.16538 
acc_train_clean: 0.7768, ASR_train_attach: 0.9000, ASR_train_outter: 0.9384
Epoch 30, loss_inner: 0.69237, loss_target: 0.65439, homo loss: 0.11456 
acc_train_clean: 0.8232, ASR_train_attach: 0.8750, ASR_train_outter: 0.7717
Epoch 40, loss_inner: 0.58675, loss_target: 0.54478, homo loss: 0.05977 
acc_train_clean: 0.8387, ASR_train_attach: 0.9000, ASR_train_outter: 0.8931
Epoch 50, loss_inner: 0.52223, loss_target: 0.48420, homo loss: 0.13751 
acc_train_clean: 0.8478, ASR_train_attach: 1.0000, ASR_train_outter: 0.9855
Epoch 60, loss_inner: 0.48732, loss_target: 0.45678, homo loss: 0.02919 
acc_train_clean: 0.8549, ASR_train_attach: 0.8750, ASR_train_outter: 0.9167
Epoch 70, loss_inner: 0.46366, loss_target: 0.46853, homo loss: 0.00545 
acc_train_clean: 0.8572, ASR_train_attach: 0.7250, ASR_train_outter: 0.7917
Epoch 80, loss_inner: 0.44060, loss_target: 0.43466, homo loss: 0.08481 
acc_train_clean: 0.8646, ASR_train_attach: 1.0000, ASR_train_outter: 0.9928
Epoch 90, loss_inner: 0.42838, loss_target: 0.40299, homo loss: 0.03529 
acc_train_clean: 0.8658, ASR_train_attach: 0.9000, ASR_train_outter: 0.9475
Epoch 100, loss_inner: 0.41339, loss_target: 0.38879, homo loss: 0.00120 
acc_train_clean: 0.8691, ASR_train_attach: 0.9250, ASR_train_outter: 0.9457
Epoch 110, loss_inner: 0.40056, loss_target: 0.37795, homo loss: 0.01657 
acc_train_clean: 0.8722, ASR_train_attach: 1.0000, ASR_train_outter: 0.9764
Epoch 120, loss_inner: 0.40375, loss_target: 0.41309, homo loss: 0.07939 
acc_train_clean: 0.8737, ASR_train_attach: 0.6250, ASR_train_outter: 0.8134
Epoch 130, loss_inner: 0.39178, loss_target: 0.36907, homo loss: 0.00152 
acc_train_clean: 0.8727, ASR_train_attach: 0.9250, ASR_train_outter: 0.9565
Epoch 140, loss_inner: 0.38054, loss_target: 0.35359, homo loss: 0.00065 
acc_train_clean: 0.8770, ASR_train_attach: 0.9750, ASR_train_outter: 0.9674
Epoch 150, loss_inner: 0.38302, loss_target: 0.39820, homo loss: 0.00027 
acc_train_clean: 0.8780, ASR_train_attach: 0.5250, ASR_train_outter: 0.7174
Epoch 160, loss_inner: 0.38985, loss_target: 0.48001, homo loss: 0.23408 
acc_train_clean: 0.8745, ASR_train_attach: 1.0000, ASR_train_outter: 0.9909
Epoch 170, loss_inner: 0.37454, loss_target: 0.35904, homo loss: 0.05121 
acc_train_clean: 0.8795, ASR_train_attach: 0.8750, ASR_train_outter: 0.9275
Epoch 180, loss_inner: 0.36606, loss_target: 0.34879, homo loss: 0.00244 
acc_train_clean: 0.8818, ASR_train_attach: 0.9000, ASR_train_outter: 0.9348
Epoch 190, loss_inner: 0.35953, loss_target: 0.33576, homo loss: 0.00027 
acc_train_clean: 0.8826, ASR_train_attach: 0.9250, ASR_train_outter: 0.9656
precent of left attach nodes: 1.000
Namespace(cuda=True, dataset='Pubmed', debug=True, defense_mode='prune', device_id=0, dis_weight=0.0, dropout=0.5, epochs=200, evaluate_mode='1by1', hidden=32, homo_boost_thrd=0.5, homo_loss_weight=3.0, inner=1, lr=0.01, model='GCN', no_cuda=False, prune_thr=0.2, seed=921, selection_method='cluster_degree', target_class=0, target_loss_weight=1, test_model='GCN', thrd=0.5, train_lr=0.01, trigger_size=3, trojan_epochs=200, use_vs_number=True, vs_number=40, vs_ratio=0, weight_decay=0.0005)
target class rate on Vs: 0.9750
accuracy on clean test nodes: 0.8508
Overall ASR: 0.8950
Flip ASR: 0.8719/1554 nodes
Namespace(cuda=True, dataset='Pubmed', debug=True, defense_mode='prune', device_id=0, dis_weight=0.0, dropout=0.5, epochs=200, evaluate_mode='1by1', hidden=32, homo_boost_thrd=0.5, homo_loss_weight=3.0, inner=1, lr=0.01, model='GCN', no_cuda=False, prune_thr=0.2, seed=703, selection_method='cluster_degree', target_class=0, target_loss_weight=1, test_model='GCN', thrd=0.5, train_lr=0.01, trigger_size=3, trojan_epochs=200, use_vs_number=True, vs_number=40, vs_ratio=0, weight_decay=0.0005)
target class rate on Vs: 0.9500
accuracy on clean test nodes: 0.8524
Overall ASR: 0.8849
Flip ASR: 0.8591/1554 nodes
Namespace(cuda=True, dataset='Pubmed', debug=True, defense_mode='prune', device_id=0, dis_weight=0.0, dropout=0.5, epochs=200, evaluate_mode='1by1', hidden=32, homo_boost_thrd=0.5, homo_loss_weight=3.0, inner=1, lr=0.01, model='GCN', no_cuda=False, prune_thr=0.2, seed=80, selection_method='cluster_degree', target_class=0, target_loss_weight=1, test_model='GCN', thrd=0.5, train_lr=0.01, trigger_size=3, trojan_epochs=200, use_vs_number=True, vs_number=40, vs_ratio=0, weight_decay=0.0005)
target class rate on Vs: 0.9750
accuracy on clean test nodes: 0.8519
Overall ASR: 0.8955
Flip ASR: 0.8719/1554 nodes
Namespace(cuda=True, dataset='Pubmed', debug=True, defense_mode='prune', device_id=0, dis_weight=0.0, dropout=0.5, epochs=200, evaluate_mode='1by1', hidden=32, homo_boost_thrd=0.5, homo_loss_weight=3.0, inner=1, lr=0.01, model='GCN', no_cuda=False, prune_thr=0.2, seed=91, selection_method='cluster_degree', target_class=0, target_loss_weight=1, test_model='GCN', thrd=0.5, train_lr=0.01, trigger_size=3, trojan_epochs=200, use_vs_number=True, vs_number=40, vs_ratio=0, weight_decay=0.0005)
target class rate on Vs: 1.0000
accuracy on clean test nodes: 0.8524
Overall ASR: 0.9255
