nohup: ignoring input
Namespace(cuda=True, dataset='Pubmed', debug=True, defense_mode='prune', device_id=2, dis_weight=1.0, dropout=0.5, epochs=200, evaluate_mode='1by1', hidden=32, homo_boost_thrd=0.5, homo_loss_weight=1.0, inner=1, lr=0.01, model='GCN', no_cuda=False, prune_thr=0.3, seed=11, selection_method='none', target_class=0, target_loss_weight=1, test_model='GCN', thrd=0.5, train_lr=0.01, trigger_size=3, trojan_epochs=200, use_vs_number=True, vs_number=60, vs_ratio=0, weight_decay=0.0005)
Length of training set: 3943
Training benign model Finished!
Total time elapsed: 1.4594s
Benign CA: 0.8554
#Attach Nodes:60
idx_attach: tensor([15043, 11176, 18495, 13856,  7735, 17027, 16900, 10353, 15081,  4018,
         4065, 17271,  1025,  9514,  7970,  8997,  9593, 19110, 16170, 10267,
         4135, 12907, 17633,  1512, 15716, 16566,  9525,   378, 13898,   249,
        13238, 15191, 13783,  5275, 14931, 19011, 16362,  1484,  3456, 14990,
        10455, 10221,  5535,  6725,  5383, 19243, 14552, 13781,  2516,  8741,
        18391, 16902, 17186, 13196,  5105, 12865, 18031, 19386,  5164,  3766],
       device='cuda:2')
Epoch 0, loss_inner: 1.09894, loss_target: 1.08731, homo loss: 0.49442 
acc_train_clean: 0.3216, ASR_train_attach: 0.0167, ASR_train_outter: 0.5839
Epoch 10, loss_inner: 0.96321, loss_target: 0.85601, homo loss: 0.23232 
acc_train_clean: 0.6437, ASR_train_attach: 1.0000, ASR_train_outter: 0.9913
Epoch 20, loss_inner: 0.90332, loss_target: 1.00116, homo loss: 0.23599 
acc_train_clean: 0.6556, ASR_train_attach: 1.0000, ASR_train_outter: 1.0000
Epoch 30, loss_inner: 0.82727, loss_target: 0.75516, homo loss: 0.23219 
acc_train_clean: 0.6820, ASR_train_attach: 0.9667, ASR_train_outter: 0.9196
Epoch 40, loss_inner: 0.76168, loss_target: 0.68774, homo loss: 0.22184 
acc_train_clean: 0.7791, ASR_train_attach: 0.9833, ASR_train_outter: 0.9860
Epoch 50, loss_inner: 0.69301, loss_target: 0.62548, homo loss: 0.19237 
acc_train_clean: 0.8192, ASR_train_attach: 0.9833, ASR_train_outter: 0.9685
Epoch 60, loss_inner: 0.63326, loss_target: 0.60327, homo loss: 0.16860 
acc_train_clean: 0.8357, ASR_train_attach: 0.8500, ASR_train_outter: 0.8322
Epoch 70, loss_inner: 0.58195, loss_target: 0.56325, homo loss: 0.18166 
acc_train_clean: 0.8387, ASR_train_attach: 0.8000, ASR_train_outter: 0.8199
Epoch 80, loss_inner: 0.53583, loss_target: 0.48857, homo loss: 0.18188 
acc_train_clean: 0.8420, ASR_train_attach: 0.9833, ASR_train_outter: 0.9825
Epoch 90, loss_inner: 0.50200, loss_target: 0.45972, homo loss: 0.16220 
acc_train_clean: 0.8494, ASR_train_attach: 0.9667, ASR_train_outter: 0.9633
Epoch 100, loss_inner: 0.47958, loss_target: 0.45533, homo loss: 0.15927 
acc_train_clean: 0.8519, ASR_train_attach: 0.8833, ASR_train_outter: 0.8864
Epoch 110, loss_inner: 0.48204, loss_target: 0.62894, homo loss: 0.32685 
acc_train_clean: 0.8552, ASR_train_attach: 1.0000, ASR_train_outter: 0.9983
Epoch 120, loss_inner: 0.44658, loss_target: 0.42464, homo loss: 0.21528 
acc_train_clean: 0.8600, ASR_train_attach: 0.9333, ASR_train_outter: 0.9056
Epoch 130, loss_inner: 0.43283, loss_target: 0.40516, homo loss: 0.19127 
acc_train_clean: 0.8648, ASR_train_attach: 0.9667, ASR_train_outter: 0.9528
Epoch 140, loss_inner: 0.42106, loss_target: 0.39172, homo loss: 0.17413 
acc_train_clean: 0.8651, ASR_train_attach: 0.9667, ASR_train_outter: 0.9493
Epoch 150, loss_inner: 0.41101, loss_target: 0.38223, homo loss: 0.15671 
acc_train_clean: 0.8666, ASR_train_attach: 0.9667, ASR_train_outter: 0.9441
Epoch 160, loss_inner: 0.40465, loss_target: 0.39553, homo loss: 0.18272 
acc_train_clean: 0.8694, ASR_train_attach: 0.9667, ASR_train_outter: 0.9493
Epoch 170, loss_inner: 0.39647, loss_target: 0.37100, homo loss: 0.17189 
acc_train_clean: 0.8709, ASR_train_attach: 0.9667, ASR_train_outter: 0.9633
Epoch 180, loss_inner: 0.39057, loss_target: 0.36603, homo loss: 0.15460 
acc_train_clean: 0.8696, ASR_train_attach: 0.9667, ASR_train_outter: 0.9633
Epoch 190, loss_inner: 0.38487, loss_target: 0.35930, homo loss: 0.14009 
acc_train_clean: 0.8727, ASR_train_attach: 0.9667, ASR_train_outter: 0.9510
precent of left attach nodes: 1.000
Namespace(cuda=True, dataset='Pubmed', debug=True, defense_mode='prune', device_id=2, dis_weight=1.0, dropout=0.5, epochs=200, evaluate_mode='1by1', hidden=32, homo_boost_thrd=0.5, homo_loss_weight=1.0, inner=1, lr=0.01, model='GCN', no_cuda=False, prune_thr=0.3, seed=921, selection_method='none', target_class=0, target_loss_weight=1, test_model='GCN', thrd=0.5, train_lr=0.01, trigger_size=3, trojan_epochs=200, use_vs_number=True, vs_number=60, vs_ratio=0, weight_decay=0.0005)
target class rate on Vs: 0.7000
accuracy on clean test nodes: 0.8473
Overall ASR: 0.6567
Flip ASR: 0.5759/1554 nodes
Namespace(cuda=True, dataset='Pubmed', debug=True, defense_mode='prune', device_id=2, dis_weight=1.0, dropout=0.5, epochs=200, evaluate_mode='1by1', hidden=32, homo_boost_thrd=0.5, homo_loss_weight=1.0, inner=1, lr=0.01, model='GCN', no_cuda=False, prune_thr=0.3, seed=703, selection_method='none', target_class=0, target_loss_weight=1, test_model='GCN', thrd=0.5, train_lr=0.01, trigger_size=3, trojan_epochs=200, use_vs_number=True, vs_number=60, vs_ratio=0, weight_decay=0.0005)
target class rate on Vs: 0.7000
accuracy on clean test nodes: 0.8483
Overall ASR: 0.6460
Flip ASR: 0.5644/1554 nodes
Namespace(cuda=True, dataset='Pubmed', debug=True, defense_mode='prune', device_id=2, dis_weight=1.0, dropout=0.5, epochs=200, evaluate_mode='1by1', hidden=32, homo_boost_thrd=0.5, homo_loss_weight=1.0, inner=1, lr=0.01, model='GCN', no_cuda=False, prune_thr=0.3, seed=80, selection_method='none', target_class=0, target_loss_weight=1, test_model='GCN', thrd=0.5, train_lr=0.01, trigger_size=3, trojan_epochs=200, use_vs_number=True, vs_number=60, vs_ratio=0, weight_decay=0.0005)
target class rate on Vs: 0.6833
accuracy on clean test nodes: 0.8529
Overall ASR: 0.6572
Flip ASR: 0.5772/1554 nodes
Namespace(cuda=True, dataset='Pubmed', debug=True, defense_mode='prune', device_id=2, dis_weight=1.0, dropout=0.5, epochs=200, evaluate_mode='1by1', hidden=32, homo_boost_thrd=0.5, homo_loss_weight=1.0, inner=1, lr=0.01, model='GCN', no_cuda=False, prune_thr=0.3, seed=91, selection_method='none', target_class=0, target_loss_weight=1, test_model='GCN', thrd=0.5, train_lr=0.01, trigger_size=3, trojan_epochs=200, use_vs_number=True, vs_number=60, vs_ratio=0, weight_decay=0.0005)
target class rate on Vs: 0.7167
accuracy on clean test nodes: 0.8534
Overall ASR: 0.6673
Flip ASR: 0.5894/1554 nodes
Namespace(cuda=True, dataset='Pubmed', debug=True, defense_mode='prune', device_id=2, dis_weight=1.0, dropout=0.5, epochs=200, evaluate_mode='1by1', hidden=32, homo_boost_thrd=0.5, homo_loss_weight=1.0, inner=1, lr=0.01, model='GCN', no_cuda=False, prune_thr=0.3, seed=337, selection_method='none', target_class=0, target_loss_weight=1, test_model='GCN', thrd=0.5, train_lr=0.01, trigger_size=3, trojan_epochs=200, use_vs_number=True, vs_number=60, vs_ratio=0, weight_decay=0.0005)
target class rate on Vs: 0.7000
accuracy on clean test nodes: 0.8529
Overall ASR: 0.6506
Flip ASR: 0.5701/1554 nodes
Overall ASR: 0.6556 (GCN model, Seed: 337)
Overall Clean Accuracy: 0.8509
Namespace(cuda=True, dataset='Pubmed', debug=True, defense_mode='prune', device_id=2, dis_weight=1.0, dropout=0.5, epochs=200, evaluate_mode='1by1', hidden=32, homo_boost_thrd=0.5, homo_loss_weight=1.0, inner=1, lr=0.01, model='GCN', no_cuda=False, prune_thr=0.3, seed=260, selection_method='none', target_class=0, target_loss_weight=1, test_model='GAT', thrd=0.5, train_lr=0.01, trigger_size=3, trojan_epochs=200, use_vs_number=True, vs_number=60, vs_ratio=0, weight_decay=0.0005)
target class rate on Vs: 0.6833
accuracy on clean test nodes: 0.8351
Overall ASR: 0.6440
Flip ASR: 0.5624/1554 nodes
/home/mfl5681/project-backdoor/Backdoor/models/GAT.py:61: UserWarning: To copy construct from a tensor, it is recommended to use sourceTensor.clone().detach() or sourceTensor.clone().detach().requires_grad_(True), rather than torch.tensor(sourceTensor).
  self.labels = torch.tensor(labels, dtype=torch.long)
Namespace(cuda=True, dataset='Pubmed', debug=True, defense_mode='prune', device_id=2, dis_weight=1.0, dropout=0.5, epochs=200, evaluate_mode='1by1', hidden=32, homo_boost_thrd=0.5, homo_loss_weight=1.0, inner=1, lr=0.01, model='GCN', no_cuda=False, prune_thr=0.3, seed=66, selection_method='none', target_class=0, target_loss_weight=1, test_model='GAT', thrd=0.5, train_lr=0.01, trigger_size=3, trojan_epochs=200, use_vs_number=True, vs_number=60, vs_ratio=0, weight_decay=0.0005)
target class rate on Vs: 0.7000
accuracy on clean test nodes: 0.8371
Overall ASR: 0.6542
Flip ASR: 0.5727/1554 nodes
Namespace(cuda=True, dataset='Pubmed', debug=True, defense_mode='prune', device_id=2, dis_weight=1.0, dropout=0.5, epochs=200, evaluate_mode='1by1', hidden=32, homo_boost_thrd=0.5, homo_loss_weight=1.0, inner=1, lr=0.01, model='GCN', no_cuda=False, prune_thr=0.3, seed=441, selection_method='none', target_class=0, target_loss_weight=1, test_model='GAT', thrd=0.5, train_lr=0.01, trigger_size=3, trojan_epochs=200, use_vs_number=True, vs_number=60, vs_ratio=0, weight_decay=0.0005)
target class rate on Vs: 0.7000
accuracy on clean test nodes: 0.8356
Overall ASR: 0.6440
Flip ASR: 0.5637/1554 nodes
Namespace(cuda=True, dataset='Pubmed', debug=True, defense_mode='prune', device_id=2, dis_weight=1.0, dropout=0.5, epochs=200, evaluate_mode='1by1', hidden=32, homo_boost_thrd=0.5, homo_loss_weight=1.0, inner=1, lr=0.01, model='GCN', no_cuda=False, prune_thr=0.3, seed=443, selection_method='none', target_class=0, target_loss_weight=1, test_model='GAT', thrd=0.5, train_lr=0.01, trigger_size=3, trojan_epochs=200, use_vs_number=True, vs_number=60, vs_ratio=0, weight_decay=0.0005)
target class rate on Vs: 0.7000
accuracy on clean test nodes: 0.8361
Overall ASR: 0.6445
Flip ASR: 0.5637/1554 nodes
Namespace(cuda=True, dataset='Pubmed', debug=True, defense_mode='prune', device_id=2, dis_weight=1.0, dropout=0.5, epochs=200, evaluate_mode='1by1', hidden=32, homo_boost_thrd=0.5, homo_loss_weight=1.0, inner=1, lr=0.01, model='GCN', no_cuda=False, prune_thr=0.3, seed=63, selection_method='none', target_class=0, target_loss_weight=1, test_model='GAT', thrd=0.5, train_lr=0.01, trigger_size=3, trojan_epochs=200, use_vs_number=True, vs_number=60, vs_ratio=0, weight_decay=0.0005)
target class rate on Vs: 0.7000
accuracy on clean test nodes: 0.8366
Overall ASR: 0.6384
Flip ASR: 0.5547/1554 nodes
Overall ASR: 0.6450 (GAT model, Seed: 63)
Overall Clean Accuracy: 0.8361
Namespace(cuda=True, dataset='Pubmed', debug=True, defense_mode='prune', device_id=2, dis_weight=1.0, dropout=0.5, epochs=200, evaluate_mode='1by1', hidden=32, homo_boost_thrd=0.5, homo_loss_weight=1.0, inner=1, lr=0.01, model='GCN', no_cuda=False, prune_thr=0.3, seed=44, selection_method='none', target_class=0, target_loss_weight=1, test_model='GraphSage', thrd=0.5, train_lr=0.01, trigger_size=3, trojan_epochs=200, use_vs_number=True, vs_number=60, vs_ratio=0, weight_decay=0.0005)
target class rate on Vs: 0.7000
accuracy on clean test nodes: 0.8671
Overall ASR: 0.6354
Flip ASR: 0.5502/1554 nodes
Namespace(cuda=True, dataset='Pubmed', debug=True, defense_mode='prune', device_id=2, dis_weight=1.0, dropout=0.5, epochs=200, evaluate_mode='1by1', hidden=32, homo_boost_thrd=0.5, homo_loss_weight=1.0, inner=1, lr=0.01, model='GCN', no_cuda=False, prune_thr=0.3, seed=116, selection_method='none', target_class=0, target_loss_weight=1, test_model='GraphSage', thrd=0.5, train_lr=0.01, trigger_size=3, trojan_epochs=200, use_vs_number=True, vs_number=60, vs_ratio=0, weight_decay=0.0005)
target class rate on Vs: 0.7000
accuracy on clean test nodes: 0.8640
Overall ASR: 0.6344
Flip ASR: 0.5502/1554 nodes
Namespace(cuda=True, dataset='Pubmed', debug=True, defense_mode='prune', device_id=2, dis_weight=1.0, dropout=0.5, epochs=200, evaluate_mode='1by1', hidden=32, homo_boost_thrd=0.5, homo_loss_weight=1.0, inner=1, lr=0.01, model='GCN', no_cuda=False, prune_thr=0.3, seed=139, selection_method='none', target_class=0, target_loss_weight=1, test_model='GraphSage', thrd=0.5, train_lr=0.01, trigger_size=3, trojan_epochs=200, use_vs_number=True, vs_number=60, vs_ratio=0, weight_decay=0.0005)
target class rate on Vs: 0.7000
accuracy on clean test nodes: 0.8640
Overall ASR: 0.6359
Flip ASR: 0.5515/1554 nodes
Namespace(cuda=True, dataset='Pubmed', debug=True, defense_mode='prune', device_id=2, dis_weight=1.0, dropout=0.5, epochs=200, evaluate_mode='1by1', hidden=32, homo_boost_thrd=0.5, homo_loss_weight=1.0, inner=1, lr=0.01, model='GCN', no_cuda=False, prune_thr=0.3, seed=215, selection_method='none', target_class=0, target_loss_weight=1, test_model='GraphSage', thrd=0.5, train_lr=0.01, trigger_size=3, trojan_epochs=200, use_vs_number=True, vs_number=60, vs_ratio=0, weight_decay=0.0005)
target class rate on Vs: 0.7000
accuracy on clean test nodes: 0.8630
Overall ASR: 0.6369
Flip ASR: 0.5521/1554 nodes
Namespace(cuda=True, dataset='Pubmed', debug=True, defense_mode='prune', device_id=2, dis_weight=1.0, dropout=0.5, epochs=200, evaluate_mode='1by1', hidden=32, homo_boost_thrd=0.5, homo_loss_weight=1.0, inner=1, lr=0.01, model='GCN', no_cuda=False, prune_thr=0.3, seed=338, selection_method='none', target_class=0, target_loss_weight=1, test_model='GraphSage', thrd=0.5, train_lr=0.01, trigger_size=3, trojan_epochs=200, use_vs_number=True, vs_number=60, vs_ratio=0, weight_decay=0.0005)
target class rate on Vs: 0.7000
accuracy on clean test nodes: 0.8620
Overall ASR: 0.6354
Flip ASR: 0.5502/1554 nodes
Overall ASR: 0.6356 (GraphSage model, Seed: 338)
Overall Clean Accuracy: 0.8640
Total Overall ASR: 0.6454 
Total Clean Accuracy: 0.8504
