nohup: ignoring input
Namespace(cuda=True, dataset='Pubmed', debug=True, defense_mode='prune', device_id=1, dis_weight=0.0, dropout=0.5, epochs=200, evaluate_mode='1by1', hidden=32, homo_boost_thrd=0.5, homo_loss_weight=2.0, inner=1, lr=0.01, model='GCN', no_cuda=False, prune_thr=0.2, seed=11, selection_method='cluster_degree', target_class=0, target_loss_weight=1, test_model='GCN', thrd=0.5, train_lr=0.01, trigger_size=3, trojan_epochs=200, use_vs_number=True, vs_number=10, vs_ratio=0, weight_decay=0.0005)
Length of training set: 3943
Training benign model Finished!
Total time elapsed: 8.8447s
Benign CA: 0.8554
#Attach Nodes:10
Length of training set: 3943
=== training gcn model ===
Epoch 0, training loss: 1.1248021125793457
acc_val: 0.2035
Epoch 10, training loss: 1.035003423690796
acc_val: 0.4033
Epoch 20, training loss: 0.9271933436393738
acc_val: 0.4485
Epoch 30, training loss: 0.7763608694076538
acc_val: 0.6799
Epoch 40, training loss: 0.6315062642097473
acc_val: 0.8234
Epoch 50, training loss: 0.5373746752738953
acc_val: 0.8432
Epoch 60, training loss: 0.4778428375720978
acc_val: 0.8584
Epoch 70, training loss: 0.44524946808815
acc_val: 0.8605
Epoch 80, training loss: 0.42119720578193665
acc_val: 0.8650
Epoch 90, training loss: 0.39013704657554626
acc_val: 0.8681
Epoch 100, training loss: 0.3752492070198059
acc_val: 0.8645
Epoch 110, training loss: 0.3645612597465515
acc_val: 0.8706
Epoch 120, training loss: 0.3556129038333893
acc_val: 0.8737
Epoch 130, training loss: 0.343610018491745
acc_val: 0.8701
Epoch 140, training loss: 0.3386012315750122
acc_val: 0.8737
Epoch 150, training loss: 0.3387988209724426
acc_val: 0.8747
Epoch 160, training loss: 0.3325311839580536
acc_val: 0.8757
Epoch 170, training loss: 0.3179633915424347
acc_val: 0.8772
Epoch 180, training loss: 0.3197590410709381
acc_val: 0.8752
Epoch 190, training loss: 0.3232661187648773
acc_val: 0.8721
=== picking the best model according to the performance on validation ===
Training encoder Finished!
Total time elapsed: 5.0028s
Encoder CA on clean test nodes: 0.8539
idx_sing_class [    0     1     4 ... 19700 19702 19704]
current_class_size 5
./selected_nodes/Pubmed/Seperate/seed11/class_1.txt
[ 2622.  7012.  6767. ... 16214.   903. 11450.]
idx_sing_class [    3     5     6 ... 19712 19714 19716]
current_class_size 5
./selected_nodes/Pubmed/Seperate/seed11/class_2.txt
[ 6834. 13199.   694. ...   580. 15548.  1205.]
idx_attach: tensor([ 2622,  7012,  6767,  6293,  8622,  6834, 13199,   694, 11009, 10937],
       device='cuda:1')
Epoch 0, loss_inner: 1.09863, loss_target: 1.09290, homo loss: 0.48385 
acc_train_clean: 0.3464, ASR_train_attach: 0.0000, ASR_train_outter: 0.0000
Epoch 10, loss_inner: 0.96121, loss_target: 0.86201, homo loss: 0.23584 
acc_train_clean: 0.6561, ASR_train_attach: 1.0000, ASR_train_outter: 0.9636
Epoch 20, loss_inner: 0.81971, loss_target: 0.74140, homo loss: 0.20067 
acc_train_clean: 0.7976, ASR_train_attach: 1.0000, ASR_train_outter: 0.9943
Epoch 30, loss_inner: 0.68341, loss_target: 0.61100, homo loss: 0.16107 
acc_train_clean: 0.8286, ASR_train_attach: 1.0000, ASR_train_outter: 0.9617
Epoch 40, loss_inner: 0.58541, loss_target: 0.53443, homo loss: 0.15065 
acc_train_clean: 0.8407, ASR_train_attach: 1.0000, ASR_train_outter: 0.9828
Epoch 50, loss_inner: 0.52560, loss_target: 0.53327, homo loss: 0.20050 
acc_train_clean: 0.8488, ASR_train_attach: 1.0000, ASR_train_outter: 0.9981
Epoch 60, loss_inner: 0.48656, loss_target: 0.45118, homo loss: 0.12209 
acc_train_clean: 0.8539, ASR_train_attach: 1.0000, ASR_train_outter: 0.9732
Epoch 70, loss_inner: 0.45938, loss_target: 0.42688, homo loss: 0.05949 
acc_train_clean: 0.8595, ASR_train_attach: 0.9000, ASR_train_outter: 0.9368
Epoch 80, loss_inner: 0.43890, loss_target: 0.40924, homo loss: 0.04148 
acc_train_clean: 0.8661, ASR_train_attach: 1.0000, ASR_train_outter: 0.9579
Epoch 90, loss_inner: 0.42347, loss_target: 0.39833, homo loss: 0.04616 
acc_train_clean: 0.8671, ASR_train_attach: 1.0000, ASR_train_outter: 0.9464
Epoch 100, loss_inner: 0.41127, loss_target: 0.38756, homo loss: 0.01023 
acc_train_clean: 0.8709, ASR_train_attach: 0.9000, ASR_train_outter: 0.9368
Epoch 110, loss_inner: 0.40059, loss_target: 0.37368, homo loss: 0.01327 
acc_train_clean: 0.8719, ASR_train_attach: 0.9000, ASR_train_outter: 0.9521
Epoch 120, loss_inner: 0.39302, loss_target: 0.37143, homo loss: 0.16791 
acc_train_clean: 0.8727, ASR_train_attach: 1.0000, ASR_train_outter: 0.9579
Epoch 130, loss_inner: 0.38596, loss_target: 0.36706, homo loss: 0.07894 
acc_train_clean: 0.8750, ASR_train_attach: 0.8000, ASR_train_outter: 0.9291
Epoch 140, loss_inner: 0.37921, loss_target: 0.36408, homo loss: 0.01528 
acc_train_clean: 0.8770, ASR_train_attach: 0.8000, ASR_train_outter: 0.9138
Epoch 150, loss_inner: 0.37446, loss_target: 0.36666, homo loss: 0.00363 
acc_train_clean: 0.8783, ASR_train_attach: 0.9000, ASR_train_outter: 0.8889
Epoch 160, loss_inner: 0.38131, loss_target: 0.67493, homo loss: 0.03395 
acc_train_clean: 0.8795, ASR_train_attach: 0.0000, ASR_train_outter: 0.1226
Epoch 170, loss_inner: 0.36668, loss_target: 0.38393, homo loss: 0.16268 
acc_train_clean: 0.8803, ASR_train_attach: 1.0000, ASR_train_outter: 0.9789
Epoch 180, loss_inner: 0.36113, loss_target: 0.34752, homo loss: 0.07927 
acc_train_clean: 0.8823, ASR_train_attach: 0.8000, ASR_train_outter: 0.9330
Epoch 190, loss_inner: 0.35838, loss_target: 0.33421, homo loss: 0.02626 
acc_train_clean: 0.8833, ASR_train_attach: 1.0000, ASR_train_outter: 0.9579
precent of left attach nodes: 1.000
Namespace(cuda=True, dataset='Pubmed', debug=True, defense_mode='prune', device_id=1, dis_weight=0.0, dropout=0.5, epochs=200, evaluate_mode='1by1', hidden=32, homo_boost_thrd=0.5, homo_loss_weight=2.0, inner=1, lr=0.01, model='GCN', no_cuda=False, prune_thr=0.2, seed=921, selection_method='cluster_degree', target_class=0, target_loss_weight=1, test_model='GCN', thrd=0.5, train_lr=0.01, trigger_size=3, trojan_epochs=200, use_vs_number=True, vs_number=10, vs_ratio=0, weight_decay=0.0005)
target class rate on Vs: 1.0000
accuracy on clean test nodes: 0.8519
Overall ASR: 0.8793
Flip ASR: 0.8546/1554 nodes
Namespace(cuda=True, dataset='Pubmed', debug=True, defense_mode='prune', device_id=1, dis_weight=0.0, dropout=0.5, epochs=200, evaluate_mode='1by1', hidden=32, homo_boost_thrd=0.5, homo_loss_weight=2.0, inner=1, lr=0.01, model='GCN', no_cuda=False, prune_thr=0.2, seed=703, selection_method='cluster_degree', target_class=0, target_loss_weight=1, test_model='GCN', thrd=0.5, train_lr=0.01, trigger_size=3, trojan_epochs=200, use_vs_number=True, vs_number=10, vs_ratio=0, weight_decay=0.0005)
target class rate on Vs: 0.8000
accuracy on clean test nodes: 0.8534
Overall ASR: 0.8524
Flip ASR: 0.8218/1554 nodes
Namespace(cuda=True, dataset='Pubmed', debug=True, defense_mode='prune', device_id=1, dis_weight=0.0, dropout=0.5, epochs=200, evaluate_mode='1by1', hidden=32, homo_boost_thrd=0.5, homo_loss_weight=2.0, inner=1, lr=0.01, model='GCN', no_cuda=False, prune_thr=0.2, seed=80, selection_method='cluster_degree', target_class=0, target_loss_weight=1, test_model='GCN', thrd=0.5, train_lr=0.01, trigger_size=3, trojan_epochs=200, use_vs_number=True, vs_number=10, vs_ratio=0, weight_decay=0.0005)
target class rate on Vs: 1.0000
accuracy on clean test nodes: 0.8513
Overall ASR: 0.8844
Flip ASR: 0.8604/1554 nodes
Namespace(cuda=True, dataset='Pubmed', debug=True, defense_mode='prune', device_id=1, dis_weight=0.0, dropout=0.5, epochs=200, evaluate_mode='1by1', hidden=32, homo_boost_thrd=0.5, homo_loss_weight=2.0, inner=1, lr=0.01, model='GCN', no_cuda=False, prune_thr=0.2, seed=91, selection_method='cluster_degree', target_class=0, target_loss_weight=1, test_model='GCN', thrd=0.5, train_lr=0.01, trigger_size=3, trojan_epochs=200, use_vs_number=True, vs_number=10, vs_ratio=0, weight_decay=0.0005)
target class rate on Vs: 1.0000
accuracy on clean test nodes: 0.8549
Overall ASR: 0.9244
Flip ASR: 0.9048/1554 nodes
/home/mfl5681/project-backdoor/Backdoor/models/GAT.py:61: UserWarning: To copy construct from a tensor, it is recommended to use sourceTensor.clone().detach() or sourceTensor.clone().detach().requires_grad_(True), rather than torch.tensor(sourceTensor).
  self.labels = torch.tensor(labels, dtype=torch.long)
Namespace(cuda=True, dataset='Pubmed', debug=True, defense_mode='prune', device_id=1, dis_weight=0.0, dropout=0.5, epochs=200, evaluate_mode='1by1', hidden=32, homo_boost_thrd=0.5, homo_loss_weight=2.0, inner=1, lr=0.01, model='GCN', no_cuda=False, prune_thr=0.2, seed=337, selection_method='cluster_degree', target_class=0, target_loss_weight=1, test_model='GCN', thrd=0.5, train_lr=0.01, trigger_size=3, trojan_epochs=200, use_vs_number=True, vs_number=10, vs_ratio=0, weight_decay=0.0005)
target class rate on Vs: 1.0000
accuracy on clean test nodes: 0.8519
Overall ASR: 0.8793
Flip ASR: 0.8539/1554 nodes
Overall ASR: 0.8840 (GCN model, Seed: 337)
Overall Clean Accuracy: 0.8527
Namespace(cuda=True, dataset='Pubmed', debug=True, defense_mode='prune', device_id=1, dis_weight=0.0, dropout=0.5, epochs=200, evaluate_mode='1by1', hidden=32, homo_boost_thrd=0.5, homo_loss_weight=2.0, inner=1, lr=0.01, model='GCN', no_cuda=False, prune_thr=0.2, seed=260, selection_method='cluster_degree', target_class=0, target_loss_weight=1, test_model='GAT', thrd=0.5, train_lr=0.01, trigger_size=3, trojan_epochs=200, use_vs_number=True, vs_number=10, vs_ratio=0, weight_decay=0.0005)
target class rate on Vs: 0.8000
accuracy on clean test nodes: 0.8382
Overall ASR: 0.8291
Flip ASR: 0.7851/1554 nodes
Namespace(cuda=True, dataset='Pubmed', debug=True, defense_mode='prune', device_id=1, dis_weight=0.0, dropout=0.5, epochs=200, evaluate_mode='1by1', hidden=32, homo_boost_thrd=0.5, homo_loss_weight=2.0, inner=1, lr=0.01, model='GCN', no_cuda=False, prune_thr=0.2, seed=66, selection_method='cluster_degree', target_class=0, target_loss_weight=1, test_model='GAT', thrd=0.5, train_lr=0.01, trigger_size=3, trojan_epochs=200, use_vs_number=True, vs_number=10, vs_ratio=0, weight_decay=0.0005)
target class rate on Vs: 1.0000
accuracy on clean test nodes: 0.8346
Overall ASR: 0.8626
Flip ASR: 0.8282/1554 nodes
Namespace(cuda=True, dataset='Pubmed', debug=True, defense_mode='prune', device_id=1, dis_weight=0.0, dropout=0.5, epochs=200, evaluate_mode='1by1', hidden=32, homo_boost_thrd=0.5, homo_loss_weight=2.0, inner=1, lr=0.01, model='GCN', no_cuda=False, prune_thr=0.2, seed=441, selection_method='cluster_degree', target_class=0, target_loss_weight=1, test_model='GAT', thrd=0.5, train_lr=0.01, trigger_size=3, trojan_epochs=200, use_vs_number=True, vs_number=10, vs_ratio=0, weight_decay=0.0005)
target class rate on Vs: 0.8000
accuracy on clean test nodes: 0.8376
Overall ASR: 0.8093
Flip ASR: 0.7600/1554 nodes
Namespace(cuda=True, dataset='Pubmed', debug=True, defense_mode='prune', device_id=1, dis_weight=0.0, dropout=0.5, epochs=200, evaluate_mode='1by1', hidden=32, homo_boost_thrd=0.5, homo_loss_weight=2.0, inner=1, lr=0.01, model='GCN', no_cuda=False, prune_thr=0.2, seed=443, selection_method='cluster_degree', target_class=0, target_loss_weight=1, test_model='GAT', thrd=0.5, train_lr=0.01, trigger_size=3, trojan_epochs=200, use_vs_number=True, vs_number=10, vs_ratio=0, weight_decay=0.0005)
target class rate on Vs: 1.0000
accuracy on clean test nodes: 0.8346
Overall ASR: 0.8834
Flip ASR: 0.8533/1554 nodes
Namespace(cuda=True, dataset='Pubmed', debug=True, defense_mode='prune', device_id=1, dis_weight=0.0, dropout=0.5, epochs=200, evaluate_mode='1by1', hidden=32, homo_boost_thrd=0.5, homo_loss_weight=2.0, inner=1, lr=0.01, model='GCN', no_cuda=False, prune_thr=0.2, seed=63, selection_method='cluster_degree', target_class=0, target_loss_weight=1, test_model='GAT', thrd=0.5, train_lr=0.01, trigger_size=3, trojan_epochs=200, use_vs_number=True, vs_number=10, vs_ratio=0, weight_decay=0.0005)
target class rate on Vs: 0.8000
accuracy on clean test nodes: 0.8361
Overall ASR: 0.8210
Flip ASR: 0.7748/1554 nodes
Overall ASR: 0.8411 (GAT model, Seed: 63)
Overall Clean Accuracy: 0.8362
Namespace(cuda=True, dataset='Pubmed', debug=True, defense_mode='prune', device_id=1, dis_weight=0.0, dropout=0.5, epochs=200, evaluate_mode='1by1', hidden=32, homo_boost_thrd=0.5, homo_loss_weight=2.0, inner=1, lr=0.01, model='GCN', no_cuda=False, prune_thr=0.2, seed=44, selection_method='cluster_degree', target_class=0, target_loss_weight=1, test_model='GraphSage', thrd=0.5, train_lr=0.01, trigger_size=3, trojan_epochs=200, use_vs_number=True, vs_number=10, vs_ratio=0, weight_decay=0.0005)
target class rate on Vs: 0.8000
accuracy on clean test nodes: 0.8666
Overall ASR: 0.8169
Flip ASR: 0.7741/1554 nodes
Namespace(cuda=True, dataset='Pubmed', debug=True, defense_mode='prune', device_id=1, dis_weight=0.0, dropout=0.5, epochs=200, evaluate_mode='1by1', hidden=32, homo_boost_thrd=0.5, homo_loss_weight=2.0, inner=1, lr=0.01, model='GCN', no_cuda=False, prune_thr=0.2, seed=116, selection_method='cluster_degree', target_class=0, target_loss_weight=1, test_model='GraphSage', thrd=0.5, train_lr=0.01, trigger_size=3, trojan_epochs=200, use_vs_number=True, vs_number=10, vs_ratio=0, weight_decay=0.0005)
target class rate on Vs: 0.8000
accuracy on clean test nodes: 0.8640
Overall ASR: 0.8114
Flip ASR: 0.7671/1554 nodes
Namespace(cuda=True, dataset='Pubmed', debug=True, defense_mode='prune', device_id=1, dis_weight=0.0, dropout=0.5, epochs=200, evaluate_mode='1by1', hidden=32, homo_boost_thrd=0.5, homo_loss_weight=2.0, inner=1, lr=0.01, model='GCN', no_cuda=False, prune_thr=0.2, seed=139, selection_method='cluster_degree', target_class=0, target_loss_weight=1, test_model='GraphSage', thrd=0.5, train_lr=0.01, trigger_size=3, trojan_epochs=200, use_vs_number=True, vs_number=10, vs_ratio=0, weight_decay=0.0005)
target class rate on Vs: 0.8000
accuracy on clean test nodes: 0.8630
Overall ASR: 0.8180
Flip ASR: 0.7754/1554 nodes
Namespace(cuda=True, dataset='Pubmed', debug=True, defense_mode='prune', device_id=1, dis_weight=0.0, dropout=0.5, epochs=200, evaluate_mode='1by1', hidden=32, homo_boost_thrd=0.5, homo_loss_weight=2.0, inner=1, lr=0.01, model='GCN', no_cuda=False, prune_thr=0.2, seed=215, selection_method='cluster_degree', target_class=0, target_loss_weight=1, test_model='GraphSage', thrd=0.5, train_lr=0.01, trigger_size=3, trojan_epochs=200, use_vs_number=True, vs_number=10, vs_ratio=0, weight_decay=0.0005)
target class rate on Vs: 0.8000
accuracy on clean test nodes: 0.8650
Overall ASR: 0.8154
Flip ASR: 0.7722/1554 nodes
Namespace(cuda=True, dataset='Pubmed', debug=True, defense_mode='prune', device_id=1, dis_weight=0.0, dropout=0.5, epochs=200, evaluate_mode='1by1', hidden=32, homo_boost_thrd=0.5, homo_loss_weight=2.0, inner=1, lr=0.01, model='GCN', no_cuda=False, prune_thr=0.2, seed=338, selection_method='cluster_degree', target_class=0, target_loss_weight=1, test_model='GraphSage', thrd=0.5, train_lr=0.01, trigger_size=3, trojan_epochs=200, use_vs_number=True, vs_number=10, vs_ratio=0, weight_decay=0.0005)
target class rate on Vs: 0.8000
accuracy on clean test nodes: 0.8650
Overall ASR: 0.8098
Flip ASR: 0.7651/1554 nodes
Overall ASR: 0.8143 (GraphSage model, Seed: 338)
Overall Clean Accuracy: 0.8647
Total Overall ASR: 0.8465 
Total Clean Accuracy: 0.8512
