nohup: ignoring input
Namespace(cuda=True, dataset='Pubmed', debug=True, defense_mode='prune', device_id=3, dis_weight=0.0, dropout=0.5, epochs=200, evaluate_mode='1by1', hidden=32, homo_boost_thrd=0.5, homo_loss_weight=2.0, inner=1, lr=0.01, model='GCN', no_cuda=False, prune_thr=0.2, seed=11, selection_method='cluster_degree', target_class=0, target_loss_weight=1, test_model='GCN', thrd=0.5, train_lr=0.01, trigger_size=3, trojan_epochs=200, use_vs_number=True, vs_number=100, vs_ratio=0, weight_decay=0.0005)
Length of training set: 3943
Training benign model Finished!
Total time elapsed: 9.7267s
Benign CA: 0.8554
#Attach Nodes:100
Length of training set: 3943
=== training gcn model ===
Epoch 0, training loss: 1.1248021125793457
acc_val: 0.2035
Epoch 10, training loss: 1.035003423690796
acc_val: 0.4033
Epoch 20, training loss: 0.927193284034729
acc_val: 0.4485
Epoch 30, training loss: 0.7763608694076538
acc_val: 0.6799
Epoch 40, training loss: 0.6315062642097473
acc_val: 0.8234
Epoch 50, training loss: 0.5373746156692505
acc_val: 0.8432
Epoch 60, training loss: 0.4778428375720978
acc_val: 0.8584
Epoch 70, training loss: 0.4452494978904724
acc_val: 0.8605
Epoch 80, training loss: 0.42119720578193665
acc_val: 0.8650
Epoch 90, training loss: 0.3901370167732239
acc_val: 0.8681
Epoch 100, training loss: 0.3752491772174835
acc_val: 0.8645
Epoch 110, training loss: 0.3645612299442291
acc_val: 0.8706
Epoch 120, training loss: 0.35561293363571167
acc_val: 0.8737
Epoch 130, training loss: 0.343610018491745
acc_val: 0.8701
Epoch 140, training loss: 0.3386012315750122
acc_val: 0.8737
Epoch 150, training loss: 0.338798850774765
acc_val: 0.8747
Epoch 160, training loss: 0.3325311541557312
acc_val: 0.8757
Epoch 170, training loss: 0.3179634213447571
acc_val: 0.8772
Epoch 180, training loss: 0.3197593092918396
acc_val: 0.8752
Epoch 190, training loss: 0.323225736618042
acc_val: 0.8721
=== picking the best model according to the performance on validation ===
Training encoder Finished!
Total time elapsed: 5.2853s
Encoder CA on clean test nodes: 0.8539
idx_sing_class [    0     1     4 ... 19700 19702 19704]
current_class_size 50
./selected_nodes/Pubmed/Seperate/seed11/class_1.txt
[ 2622.  7012.  6767. ... 16214.   903. 11450.]
idx_sing_class [    3     5     6 ... 19712 19714 19716]
current_class_size 50
./selected_nodes/Pubmed/Seperate/seed11/class_2.txt
[ 6834. 13199.   694. ...   580. 15548.  1205.]
idx_attach: tensor([ 2622,  7012,  6767,  6293,  8622, 11151, 12196,  1176, 14578, 19257,
         3121, 15916, 12852, 14851,  4210,  8071, 14236, 14840,  9493, 17390,
         7813, 13439,   821,  8004, 16238,  4045, 19558, 13923,  7882,  1387,
        12315, 10536, 13771,  5719,  4805, 13514,  6550,  2934,  1179, 17817,
         8118, 14852,  3001,  7614, 14102, 11837,  1558, 17589,  8452, 19534,
         6834, 13199,   694, 11009, 10937,  9532, 17660, 11005,  7654,   688,
        13329, 11718,  5292,  7776, 16845,  1376,  9680, 10614,  7241, 13777,
         9859,  7324, 11287, 15213, 14826, 19461, 19272, 14959, 16090,  2471,
        16713, 19611,  1605,  2221,   198, 18061, 19459,  2313, 10567, 19026,
        14505, 14001, 14363, 13433, 18583,  7434,  3458, 17134, 18056,  4498],
       device='cuda:3')
Epoch 0, loss_inner: 1.09897, loss_target: 1.08712, homo loss: 0.48138 
acc_train_clean: 0.3469, ASR_train_attach: 0.0000, ASR_train_outter: 0.0719
Epoch 10, loss_inner: 0.95858, loss_target: 0.85297, homo loss: 0.22312 
acc_train_clean: 0.6541, ASR_train_attach: 1.0000, ASR_train_outter: 0.9918
Epoch 20, loss_inner: 0.86424, loss_target: 0.84875, homo loss: 0.22443 
acc_train_clean: 0.7471, ASR_train_attach: 1.0000, ASR_train_outter: 1.0000
Epoch 30, loss_inner: 0.84681, loss_target: 0.98385, homo loss: 0.24378 
acc_train_clean: 0.7431, ASR_train_attach: 1.0000, ASR_train_outter: 1.0000
Epoch 40, loss_inner: 0.76171, loss_target: 0.69497, homo loss: 0.21132 
acc_train_clean: 0.7284, ASR_train_attach: 1.0000, ASR_train_outter: 0.9984
Epoch 50, loss_inner: 0.69809, loss_target: 0.63299, homo loss: 0.18417 
acc_train_clean: 0.8240, ASR_train_attach: 0.9900, ASR_train_outter: 0.9755
Epoch 60, loss_inner: 0.64017, loss_target: 0.58142, homo loss: 0.14976 
acc_train_clean: 0.8230, ASR_train_attach: 0.9400, ASR_train_outter: 0.9346
Epoch 70, loss_inner: 0.58825, loss_target: 0.53607, homo loss: 0.09412 
acc_train_clean: 0.8440, ASR_train_attach: 0.9500, ASR_train_outter: 0.9444
Epoch 80, loss_inner: 0.54852, loss_target: 0.53284, homo loss: 0.15384 
acc_train_clean: 0.8428, ASR_train_attach: 1.0000, ASR_train_outter: 0.9984
Epoch 90, loss_inner: 0.51195, loss_target: 0.47154, homo loss: 0.05835 
acc_train_clean: 0.8499, ASR_train_attach: 0.9900, ASR_train_outter: 0.9771
Epoch 100, loss_inner: 0.48577, loss_target: 0.45039, homo loss: 0.02355 
acc_train_clean: 0.8554, ASR_train_attach: 0.9300, ASR_train_outter: 0.9248
Epoch 110, loss_inner: 0.46442, loss_target: 0.43301, homo loss: 0.02486 
acc_train_clean: 0.8587, ASR_train_attach: 0.9300, ASR_train_outter: 0.9297
Epoch 120, loss_inner: 0.46779, loss_target: 0.52026, homo loss: 0.23580 
acc_train_clean: 0.8488, ASR_train_attach: 1.0000, ASR_train_outter: 0.9935
Epoch 130, loss_inner: 0.43848, loss_target: 0.40873, homo loss: 0.16432 
acc_train_clean: 0.8603, ASR_train_attach: 0.9800, ASR_train_outter: 0.9673
Epoch 140, loss_inner: 0.42617, loss_target: 0.39459, homo loss: 0.11319 
acc_train_clean: 0.8681, ASR_train_attach: 0.9400, ASR_train_outter: 0.9592
Epoch 150, loss_inner: 0.41367, loss_target: 0.38213, homo loss: 0.05526 
acc_train_clean: 0.8681, ASR_train_attach: 0.9400, ASR_train_outter: 0.9624
Epoch 160, loss_inner: 0.40752, loss_target: 0.38361, homo loss: 0.01318 
acc_train_clean: 0.8681, ASR_train_attach: 0.9200, ASR_train_outter: 0.9297
Epoch 170, loss_inner: 0.40436, loss_target: 0.39419, homo loss: 0.00214 
acc_train_clean: 0.8709, ASR_train_attach: 0.8700, ASR_train_outter: 0.8775
Epoch 180, loss_inner: 0.40992, loss_target: 0.48852, homo loss: 0.26441 
acc_train_clean: 0.8663, ASR_train_attach: 1.0000, ASR_train_outter: 0.9918
Epoch 190, loss_inner: 0.38991, loss_target: 0.36980, homo loss: 0.17426 
acc_train_clean: 0.8724, ASR_train_attach: 1.0000, ASR_train_outter: 0.9804
precent of left attach nodes: 1.000
Namespace(cuda=True, dataset='Pubmed', debug=True, defense_mode='prune', device_id=3, dis_weight=0.0, dropout=0.5, epochs=200, evaluate_mode='1by1', hidden=32, homo_boost_thrd=0.5, homo_loss_weight=2.0, inner=1, lr=0.01, model='GCN', no_cuda=False, prune_thr=0.2, seed=921, selection_method='cluster_degree', target_class=0, target_loss_weight=1, test_model='GCN', thrd=0.5, train_lr=0.01, trigger_size=3, trojan_epochs=200, use_vs_number=True, vs_number=100, vs_ratio=0, weight_decay=0.0005)
target class rate on Vs: 0.9800
accuracy on clean test nodes: 0.8519
Overall ASR: 0.9305
Flip ASR: 0.9131/1554 nodes
Namespace(cuda=True, dataset='Pubmed', debug=True, defense_mode='prune', device_id=3, dis_weight=0.0, dropout=0.5, epochs=200, evaluate_mode='1by1', hidden=32, homo_boost_thrd=0.5, homo_loss_weight=2.0, inner=1, lr=0.01, model='GCN', no_cuda=False, prune_thr=0.2, seed=703, selection_method='cluster_degree', target_class=0, target_loss_weight=1, test_model='GCN', thrd=0.5, train_lr=0.01, trigger_size=3, trojan_epochs=200, use_vs_number=True, vs_number=100, vs_ratio=0, weight_decay=0.0005)
target class rate on Vs: 0.9700
accuracy on clean test nodes: 0.8549
Overall ASR: 0.9214
Flip ASR: 0.9015/1554 nodes
Namespace(cuda=True, dataset='Pubmed', debug=True, defense_mode='prune', device_id=3, dis_weight=0.0, dropout=0.5, epochs=200, evaluate_mode='1by1', hidden=32, homo_boost_thrd=0.5, homo_loss_weight=2.0, inner=1, lr=0.01, model='GCN', no_cuda=False, prune_thr=0.2, seed=80, selection_method='cluster_degree', target_class=0, target_loss_weight=1, test_model='GCN', thrd=0.5, train_lr=0.01, trigger_size=3, trojan_epochs=200, use_vs_number=True, vs_number=100, vs_ratio=0, weight_decay=0.0005)
target class rate on Vs: 0.9800
accuracy on clean test nodes: 0.8534
Overall ASR: 0.9341
Flip ASR: 0.9183/1554 nodes
/home/mfl5681/project-backdoor/Backdoor/models/GAT.py:61: UserWarning: To copy construct from a tensor, it is recommended to use sourceTensor.clone().detach() or sourceTensor.clone().detach().requires_grad_(True), rather than torch.tensor(sourceTensor).
  self.labels = torch.tensor(labels, dtype=torch.long)
Namespace(cuda=True, dataset='Pubmed', debug=True, defense_mode='prune', device_id=3, dis_weight=0.0, dropout=0.5, epochs=200, evaluate_mode='1by1', hidden=32, homo_boost_thrd=0.5, homo_loss_weight=2.0, inner=1, lr=0.01, model='GCN', no_cuda=False, prune_thr=0.2, seed=91, selection_method='cluster_degree', target_class=0, target_loss_weight=1, test_model='GCN', thrd=0.5, train_lr=0.01, trigger_size=3, trojan_epochs=200, use_vs_number=True, vs_number=100, vs_ratio=0, weight_decay=0.0005)
target class rate on Vs: 0.9900
accuracy on clean test nodes: 0.8508
Overall ASR: 0.9513
Flip ASR: 0.9395/1554 nodes
Namespace(cuda=True, dataset='Pubmed', debug=True, defense_mode='prune', device_id=3, dis_weight=0.0, dropout=0.5, epochs=200, evaluate_mode='1by1', hidden=32, homo_boost_thrd=0.5, homo_loss_weight=2.0, inner=1, lr=0.01, model='GCN', no_cuda=False, prune_thr=0.2, seed=337, selection_method='cluster_degree', target_class=0, target_loss_weight=1, test_model='GCN', thrd=0.5, train_lr=0.01, trigger_size=3, trojan_epochs=200, use_vs_number=True, vs_number=100, vs_ratio=0, weight_decay=0.0005)
target class rate on Vs: 0.9800
accuracy on clean test nodes: 0.8544
Overall ASR: 0.9331
Flip ASR: 0.9170/1554 nodes
Overall ASR: 0.9341 (GCN model, Seed: 337)
Overall Clean Accuracy: 0.8531
Namespace(cuda=True, dataset='Pubmed', debug=True, defense_mode='prune', device_id=3, dis_weight=0.0, dropout=0.5, epochs=200, evaluate_mode='1by1', hidden=32, homo_boost_thrd=0.5, homo_loss_weight=2.0, inner=1, lr=0.01, model='GCN', no_cuda=False, prune_thr=0.2, seed=260, selection_method='cluster_degree', target_class=0, target_loss_weight=1, test_model='GAT', thrd=0.5, train_lr=0.01, trigger_size=3, trojan_epochs=200, use_vs_number=True, vs_number=100, vs_ratio=0, weight_decay=0.0005)
target class rate on Vs: 0.9700
accuracy on clean test nodes: 0.8321
Overall ASR: 0.9092
Flip ASR: 0.8867/1554 nodes
Namespace(cuda=True, dataset='Pubmed', debug=True, defense_mode='prune', device_id=3, dis_weight=0.0, dropout=0.5, epochs=200, evaluate_mode='1by1', hidden=32, homo_boost_thrd=0.5, homo_loss_weight=2.0, inner=1, lr=0.01, model='GCN', no_cuda=False, prune_thr=0.2, seed=66, selection_method='cluster_degree', target_class=0, target_loss_weight=1, test_model='GAT', thrd=0.5, train_lr=0.01, trigger_size=3, trojan_epochs=200, use_vs_number=True, vs_number=100, vs_ratio=0, weight_decay=0.0005)
target class rate on Vs: 0.9800
accuracy on clean test nodes: 0.8305
Overall ASR: 0.9209
Flip ASR: 0.9015/1554 nodes
Namespace(cuda=True, dataset='Pubmed', debug=True, defense_mode='prune', device_id=3, dis_weight=0.0, dropout=0.5, epochs=200, evaluate_mode='1by1', hidden=32, homo_boost_thrd=0.5, homo_loss_weight=2.0, inner=1, lr=0.01, model='GCN', no_cuda=False, prune_thr=0.2, seed=441, selection_method='cluster_degree', target_class=0, target_loss_weight=1, test_model='GAT', thrd=0.5, train_lr=0.01, trigger_size=3, trojan_epochs=200, use_vs_number=True, vs_number=100, vs_ratio=0, weight_decay=0.0005)
target class rate on Vs: 0.9600
accuracy on clean test nodes: 0.8326
Overall ASR: 0.9031
Flip ASR: 0.8797/1554 nodes
Namespace(cuda=True, dataset='Pubmed', debug=True, defense_mode='prune', device_id=3, dis_weight=0.0, dropout=0.5, epochs=200, evaluate_mode='1by1', hidden=32, homo_boost_thrd=0.5, homo_loss_weight=2.0, inner=1, lr=0.01, model='GCN', no_cuda=False, prune_thr=0.2, seed=443, selection_method='cluster_degree', target_class=0, target_loss_weight=1, test_model='GAT', thrd=0.5, train_lr=0.01, trigger_size=3, trojan_epochs=200, use_vs_number=True, vs_number=100, vs_ratio=0, weight_decay=0.0005)
target class rate on Vs: 0.9800
accuracy on clean test nodes: 0.8432
Overall ASR: 0.9564
Flip ASR: 0.9459/1554 nodes
Namespace(cuda=True, dataset='Pubmed', debug=True, defense_mode='prune', device_id=3, dis_weight=0.0, dropout=0.5, epochs=200, evaluate_mode='1by1', hidden=32, homo_boost_thrd=0.5, homo_loss_weight=2.0, inner=1, lr=0.01, model='GCN', no_cuda=False, prune_thr=0.2, seed=63, selection_method='cluster_degree', target_class=0, target_loss_weight=1, test_model='GAT', thrd=0.5, train_lr=0.01, trigger_size=3, trojan_epochs=200, use_vs_number=True, vs_number=100, vs_ratio=0, weight_decay=0.0005)
target class rate on Vs: 0.9700
accuracy on clean test nodes: 0.8346
Overall ASR: 0.9118
Flip ASR: 0.8900/1554 nodes
Overall ASR: 0.9203 (GAT model, Seed: 63)
Overall Clean Accuracy: 0.8346
Namespace(cuda=True, dataset='Pubmed', debug=True, defense_mode='prune', device_id=3, dis_weight=0.0, dropout=0.5, epochs=200, evaluate_mode='1by1', hidden=32, homo_boost_thrd=0.5, homo_loss_weight=2.0, inner=1, lr=0.01, model='GCN', no_cuda=False, prune_thr=0.2, seed=44, selection_method='cluster_degree', target_class=0, target_loss_weight=1, test_model='GraphSage', thrd=0.5, train_lr=0.01, trigger_size=3, trojan_epochs=200, use_vs_number=True, vs_number=100, vs_ratio=0, weight_decay=0.0005)
target class rate on Vs: 1.0000
accuracy on clean test nodes: 0.8691
Overall ASR: 0.9315
Flip ASR: 0.9157/1554 nodes
Namespace(cuda=True, dataset='Pubmed', debug=True, defense_mode='prune', device_id=3, dis_weight=0.0, dropout=0.5, epochs=200, evaluate_mode='1by1', hidden=32, homo_boost_thrd=0.5, homo_loss_weight=2.0, inner=1, lr=0.01, model='GCN', no_cuda=False, prune_thr=0.2, seed=116, selection_method='cluster_degree', target_class=0, target_loss_weight=1, test_model='GraphSage', thrd=0.5, train_lr=0.01, trigger_size=3, trojan_epochs=200, use_vs_number=True, vs_number=100, vs_ratio=0, weight_decay=0.0005)
target class rate on Vs: 1.0000
accuracy on clean test nodes: 0.8640
Overall ASR: 0.9173
Flip ASR: 0.8983/1554 nodes
Namespace(cuda=True, dataset='Pubmed', debug=True, defense_mode='prune', device_id=3, dis_weight=0.0, dropout=0.5, epochs=200, evaluate_mode='1by1', hidden=32, homo_boost_thrd=0.5, homo_loss_weight=2.0, inner=1, lr=0.01, model='GCN', no_cuda=False, prune_thr=0.2, seed=139, selection_method='cluster_degree', target_class=0, target_loss_weight=1, test_model='GraphSage', thrd=0.5, train_lr=0.01, trigger_size=3, trojan_epochs=200, use_vs_number=True, vs_number=100, vs_ratio=0, weight_decay=0.0005)
target class rate on Vs: 0.9900
accuracy on clean test nodes: 0.8645
Overall ASR: 0.9224
Flip ASR: 0.9041/1554 nodes
Namespace(cuda=True, dataset='Pubmed', debug=True, defense_mode='prune', device_id=3, dis_weight=0.0, dropout=0.5, epochs=200, evaluate_mode='1by1', hidden=32, homo_boost_thrd=0.5, homo_loss_weight=2.0, inner=1, lr=0.01, model='GCN', no_cuda=False, prune_thr=0.2, seed=215, selection_method='cluster_degree', target_class=0, target_loss_weight=1, test_model='GraphSage', thrd=0.5, train_lr=0.01, trigger_size=3, trojan_epochs=200, use_vs_number=True, vs_number=100, vs_ratio=0, weight_decay=0.0005)
target class rate on Vs: 1.0000
accuracy on clean test nodes: 0.8625
Overall ASR: 0.9189
Flip ASR: 0.8996/1554 nodes
Namespace(cuda=True, dataset='Pubmed', debug=True, defense_mode='prune', device_id=3, dis_weight=0.0, dropout=0.5, epochs=200, evaluate_mode='1by1', hidden=32, homo_boost_thrd=0.5, homo_loss_weight=2.0, inner=1, lr=0.01, model='GCN', no_cuda=False, prune_thr=0.2, seed=338, selection_method='cluster_degree', target_class=0, target_loss_weight=1, test_model='GraphSage', thrd=0.5, train_lr=0.01, trigger_size=3, trojan_epochs=200, use_vs_number=True, vs_number=100, vs_ratio=0, weight_decay=0.0005)
target class rate on Vs: 0.9900
accuracy on clean test nodes: 0.8661
Overall ASR: 0.9163
Flip ASR: 0.8970/1554 nodes
Overall ASR: 0.9213 (GraphSage model, Seed: 338)
Overall Clean Accuracy: 0.8652
Total Overall ASR: 0.9252 
Total Clean Accuracy: 0.8510
