nohup: ignoring input
Namespace(cuda=True, dataset='Pubmed', debug=True, defense_mode='none', device_id=3, dis_weight=1.0, dropout=0.5, epochs=200, evaluate_mode='1by1', hidden=32, homo_boost_thrd=0.5, homo_loss_weight=3.0, inner=1, lr=0.01, model='GCN', no_cuda=False, prune_thr=0.15, seed=11, selection_method='none', target_class=0, target_loss_weight=1, test_model='GCN', thrd=0.5, train_lr=0.01, trigger_size=3, trojan_epochs=200, use_vs_number=True, vs_number=100, vs_ratio=0, weight_decay=0.0005)
Length of training set: 3943
Training benign model Finished!
Total time elapsed: 4.4777s
Benign CA: 0.8554
#Attach Nodes:100
idx_attach: tensor([15043, 11176, 18495, 13856,  7735, 17027, 16900, 10353, 15081,  4018,
         4065, 17271,  1025,  9514,  7970,  8997,  9593, 19110, 16170, 10267,
         4135, 12907, 17633,  1512, 15716, 16566,  9525,   378, 13898,   249,
        13238, 15191, 13783,  5275, 14931, 19011, 16362,  1484,  3456, 14990,
        10455, 10221,  5535,  6725,  5383, 19243, 14552, 13781,  2516,  8741,
        18391, 16902, 17186, 13196,  5105, 12865, 18031, 19386,  5164,  3766,
        10049, 11912,  4776, 19265, 16292, 10825, 18858, 14313,  6118,  7308,
        13817, 17564,  3344, 19605,  9322,  5519, 14680,  6459, 13386,  8650,
         8190, 12762,   164,  2827, 13237, 16938, 13932,  3872, 19094,  9644,
         7680,  9814,  2066,  9387, 14912,  4041, 18629,  8621,   246,  1431],
       device='cuda:3')
Epoch 0, loss_inner: 1.09897, loss_target: 1.08522, homo loss: 0.49598 
acc_train_clean: 0.3229, ASR_train_attach: 0.0100, ASR_train_outter: 0.7778
Epoch 10, loss_inner: 0.97004, loss_target: 0.86348, homo loss: 0.22482 
acc_train_clean: 0.6203, ASR_train_attach: 1.0000, ASR_train_outter: 0.9935
Epoch 20, loss_inner: 0.86321, loss_target: 0.82565, homo loss: 0.21647 
acc_train_clean: 0.6541, ASR_train_attach: 1.0000, ASR_train_outter: 1.0000
Epoch 30, loss_inner: 0.82922, loss_target: 0.76593, homo loss: 0.17543 
acc_train_clean: 0.7667, ASR_train_attach: 0.9200, ASR_train_outter: 0.9118
Epoch 40, loss_inner: 0.76788, loss_target: 0.69018, homo loss: 0.12851 
acc_train_clean: 0.7322, ASR_train_attach: 0.9500, ASR_train_outter: 0.9559
Epoch 50, loss_inner: 0.69832, loss_target: 0.64150, homo loss: 0.04359 
acc_train_clean: 0.8237, ASR_train_attach: 0.9400, ASR_train_outter: 0.9232
Epoch 60, loss_inner: 0.62844, loss_target: 0.57585, homo loss: 0.02486 
acc_train_clean: 0.8245, ASR_train_attach: 0.9700, ASR_train_outter: 0.9575
Epoch 70, loss_inner: 0.57022, loss_target: 0.52264, homo loss: 0.01608 
acc_train_clean: 0.8352, ASR_train_attach: 0.9900, ASR_train_outter: 0.9804
Epoch 80, loss_inner: 0.52556, loss_target: 0.48275, homo loss: 0.00192 
acc_train_clean: 0.8428, ASR_train_attach: 0.9500, ASR_train_outter: 0.9510
Epoch 90, loss_inner: 0.50085, loss_target: 0.48577, homo loss: 0.24585 
acc_train_clean: 0.8440, ASR_train_attach: 1.0000, ASR_train_outter: 0.9951
Epoch 100, loss_inner: 0.48560, loss_target: 0.47791, homo loss: 0.19702 
acc_train_clean: 0.8506, ASR_train_attach: 0.7300, ASR_train_outter: 0.8088
Epoch 110, loss_inner: 0.46375, loss_target: 0.46519, homo loss: 0.10880 
acc_train_clean: 0.8537, ASR_train_attach: 0.8400, ASR_train_outter: 0.8023
Epoch 120, loss_inner: 0.44050, loss_target: 0.41295, homo loss: 0.04723 
acc_train_clean: 0.8600, ASR_train_attach: 0.9200, ASR_train_outter: 0.9297
Epoch 130, loss_inner: 0.42621, loss_target: 0.39455, homo loss: 0.01095 
acc_train_clean: 0.8641, ASR_train_attach: 0.9400, ASR_train_outter: 0.9608
Epoch 140, loss_inner: 0.41534, loss_target: 0.38591, homo loss: 0.00070 
acc_train_clean: 0.8663, ASR_train_attach: 0.9400, ASR_train_outter: 0.9608
Epoch 150, loss_inner: 0.40632, loss_target: 0.37860, homo loss: 0.04864 
acc_train_clean: 0.8661, ASR_train_attach: 0.9800, ASR_train_outter: 0.9804
Epoch 160, loss_inner: 0.44347, loss_target: 0.54562, homo loss: 0.23329 
acc_train_clean: 0.8572, ASR_train_attach: 1.0000, ASR_train_outter: 0.9902
Epoch 170, loss_inner: 0.40853, loss_target: 0.39471, homo loss: 0.12068 
acc_train_clean: 0.8641, ASR_train_attach: 0.9800, ASR_train_outter: 0.9510
Epoch 180, loss_inner: 0.40665, loss_target: 0.40178, homo loss: 0.03435 
acc_train_clean: 0.8696, ASR_train_attach: 0.7900, ASR_train_outter: 0.8399
Epoch 190, loss_inner: 0.38813, loss_target: 0.35808, homo loss: 0.00568 
acc_train_clean: 0.8724, ASR_train_attach: 0.9400, ASR_train_outter: 0.9771
precent of left attach nodes: 1.000
Namespace(cuda=True, dataset='Pubmed', debug=True, defense_mode='none', device_id=3, dis_weight=1.0, dropout=0.5, epochs=200, evaluate_mode='1by1', hidden=32, homo_boost_thrd=0.5, homo_loss_weight=3.0, inner=1, lr=0.01, model='GCN', no_cuda=False, prune_thr=0.15, seed=921, selection_method='none', target_class=0, target_loss_weight=1, test_model='GCN', thrd=0.5, train_lr=0.01, trigger_size=3, trojan_epochs=200, use_vs_number=True, vs_number=100, vs_ratio=0, weight_decay=0.0005)
target class rate on Vs: 0.9700
accuracy on clean test nodes: 0.8519
Overall ASR: 0.8605
Flip ASR: 0.8269/1554 nodes
Namespace(cuda=True, dataset='Pubmed', debug=True, defense_mode='none', device_id=3, dis_weight=1.0, dropout=0.5, epochs=200, evaluate_mode='1by1', hidden=32, homo_boost_thrd=0.5, homo_loss_weight=3.0, inner=1, lr=0.01, model='GCN', no_cuda=False, prune_thr=0.15, seed=703, selection_method='none', target_class=0, target_loss_weight=1, test_model='GCN', thrd=0.5, train_lr=0.01, trigger_size=3, trojan_epochs=200, use_vs_number=True, vs_number=100, vs_ratio=0, weight_decay=0.0005)
target class rate on Vs: 0.9400
accuracy on clean test nodes: 0.8549
Overall ASR: 0.8408
Flip ASR: 0.8037/1554 nodes
Namespace(cuda=True, dataset='Pubmed', debug=True, defense_mode='none', device_id=3, dis_weight=1.0, dropout=0.5, epochs=200, evaluate_mode='1by1', hidden=32, homo_boost_thrd=0.5, homo_loss_weight=3.0, inner=1, lr=0.01, model='GCN', no_cuda=False, prune_thr=0.15, seed=80, selection_method='none', target_class=0, target_loss_weight=1, test_model='GCN', thrd=0.5, train_lr=0.01, trigger_size=3, trojan_epochs=200, use_vs_number=True, vs_number=100, vs_ratio=0, weight_decay=0.0005)
target class rate on Vs: 0.9800
accuracy on clean test nodes: 0.8529
Overall ASR: 0.8742
Flip ASR: 0.8417/1554 nodes
Namespace(cuda=True, dataset='Pubmed', debug=True, defense_mode='none', device_id=3, dis_weight=1.0, dropout=0.5, epochs=200, evaluate_mode='1by1', hidden=32, homo_boost_thrd=0.5, homo_loss_weight=3.0, inner=1, lr=0.01, model='GCN', no_cuda=False, prune_thr=0.15, seed=91, selection_method='none', target_class=0, target_loss_weight=1, test_model='GCN', thrd=0.5, train_lr=0.01, trigger_size=3, trojan_epochs=200, use_vs_number=True, vs_number=100, vs_ratio=0, weight_decay=0.0005)
target class rate on Vs: 0.9800
accuracy on clean test nodes: 0.8513
Overall ASR: 0.8737
Flip ASR: 0.8417/1554 nodes
Namespace(cuda=True, dataset='Pubmed', debug=True, defense_mode='none', device_id=3, dis_weight=1.0, dropout=0.5, epochs=200, evaluate_mode='1by1', hidden=32, homo_boost_thrd=0.5, homo_loss_weight=3.0, inner=1, lr=0.01, model='GCN', no_cuda=False, prune_thr=0.15, seed=337, selection_method='none', target_class=0, target_loss_weight=1, test_model='GCN', thrd=0.5, train_lr=0.01, trigger_size=3, trojan_epochs=200, use_vs_number=True, vs_number=100, vs_ratio=0, weight_decay=0.0005)
target class rate on Vs: 0.9600
accuracy on clean test nodes: 0.8488
Overall ASR: 0.8621
Flip ASR: 0.8269/1554 nodes
Overall ASR: 0.8623 (GCN model, Seed: 337)
Overall Clean Accuracy: 0.8520
Namespace(cuda=True, dataset='Pubmed', debug=True, defense_mode='none', device_id=3, dis_weight=1.0, dropout=0.5, epochs=200, evaluate_mode='1by1', hidden=32, homo_boost_thrd=0.5, homo_loss_weight=3.0, inner=1, lr=0.01, model='GCN', no_cuda=False, prune_thr=0.15, seed=260, selection_method='none', target_class=0, target_loss_weight=1, test_model='GAT', thrd=0.5, train_lr=0.01, trigger_size=3, trojan_epochs=200, use_vs_number=True, vs_number=100, vs_ratio=0, weight_decay=0.0005)
target class rate on Vs: 0.9700
accuracy on clean test nodes: 0.8468
Overall ASR: 0.7596
Flip ASR: 0.7072/1554 nodes
/home/mfl5681/project-backdoor/Backdoor/models/GAT.py:61: UserWarning: To copy construct from a tensor, it is recommended to use sourceTensor.clone().detach() or sourceTensor.clone().detach().requires_grad_(True), rather than torch.tensor(sourceTensor).
  self.labels = torch.tensor(labels, dtype=torch.long)
Namespace(cuda=True, dataset='Pubmed', debug=True, defense_mode='none', device_id=3, dis_weight=1.0, dropout=0.5, epochs=200, evaluate_mode='1by1', hidden=32, homo_boost_thrd=0.5, homo_loss_weight=3.0, inner=1, lr=0.01, model='GCN', no_cuda=False, prune_thr=0.15, seed=66, selection_method='none', target_class=0, target_loss_weight=1, test_model='GAT', thrd=0.5, train_lr=0.01, trigger_size=3, trojan_epochs=200, use_vs_number=True, vs_number=100, vs_ratio=0, weight_decay=0.0005)
target class rate on Vs: 0.8800
accuracy on clean test nodes: 0.8402
Overall ASR: 0.7383
Flip ASR: 0.6802/1554 nodes
Namespace(cuda=True, dataset='Pubmed', debug=True, defense_mode='none', device_id=3, dis_weight=1.0, dropout=0.5, epochs=200, evaluate_mode='1by1', hidden=32, homo_boost_thrd=0.5, homo_loss_weight=3.0, inner=1, lr=0.01, model='GCN', no_cuda=False, prune_thr=0.15, seed=441, selection_method='none', target_class=0, target_loss_weight=1, test_model='GAT', thrd=0.5, train_lr=0.01, trigger_size=3, trojan_epochs=200, use_vs_number=True, vs_number=100, vs_ratio=0, weight_decay=0.0005)
target class rate on Vs: 0.9500
accuracy on clean test nodes: 0.8366
Overall ASR: 0.7302
Flip ASR: 0.6712/1554 nodes
Namespace(cuda=True, dataset='Pubmed', debug=True, defense_mode='none', device_id=3, dis_weight=1.0, dropout=0.5, epochs=200, evaluate_mode='1by1', hidden=32, homo_boost_thrd=0.5, homo_loss_weight=3.0, inner=1, lr=0.01, model='GCN', no_cuda=False, prune_thr=0.15, seed=443, selection_method='none', target_class=0, target_loss_weight=1, test_model='GAT', thrd=0.5, train_lr=0.01, trigger_size=3, trojan_epochs=200, use_vs_number=True, vs_number=100, vs_ratio=0, weight_decay=0.0005)
target class rate on Vs: 0.9900
accuracy on clean test nodes: 0.8397
Overall ASR: 0.7835
Flip ASR: 0.7362/1554 nodes
Namespace(cuda=True, dataset='Pubmed', debug=True, defense_mode='none', device_id=3, dis_weight=1.0, dropout=0.5, epochs=200, evaluate_mode='1by1', hidden=32, homo_boost_thrd=0.5, homo_loss_weight=3.0, inner=1, lr=0.01, model='GCN', no_cuda=False, prune_thr=0.15, seed=63, selection_method='none', target_class=0, target_loss_weight=1, test_model='GAT', thrd=0.5, train_lr=0.01, trigger_size=3, trojan_epochs=200, use_vs_number=True, vs_number=100, vs_ratio=0, weight_decay=0.0005)
target class rate on Vs: 0.9100
accuracy on clean test nodes: 0.8402
Overall ASR: 0.7890
Flip ASR: 0.7420/1554 nodes
Overall ASR: 0.7601 (GAT model, Seed: 63)
Overall Clean Accuracy: 0.8407
Namespace(cuda=True, dataset='Pubmed', debug=True, defense_mode='none', device_id=3, dis_weight=1.0, dropout=0.5, epochs=200, evaluate_mode='1by1', hidden=32, homo_boost_thrd=0.5, homo_loss_weight=3.0, inner=1, lr=0.01, model='GCN', no_cuda=False, prune_thr=0.15, seed=44, selection_method='none', target_class=0, target_loss_weight=1, test_model='GraphSage', thrd=0.5, train_lr=0.01, trigger_size=3, trojan_epochs=200, use_vs_number=True, vs_number=100, vs_ratio=0, weight_decay=0.0005)
target class rate on Vs: 0.9100
accuracy on clean test nodes: 0.8595
Overall ASR: 0.8316
Flip ASR: 0.7915/1554 nodes
Namespace(cuda=True, dataset='Pubmed', debug=True, defense_mode='none', device_id=3, dis_weight=1.0, dropout=0.5, epochs=200, evaluate_mode='1by1', hidden=32, homo_boost_thrd=0.5, homo_loss_weight=3.0, inner=1, lr=0.01, model='GCN', no_cuda=False, prune_thr=0.15, seed=116, selection_method='none', target_class=0, target_loss_weight=1, test_model='GraphSage', thrd=0.5, train_lr=0.01, trigger_size=3, trojan_epochs=200, use_vs_number=True, vs_number=100, vs_ratio=0, weight_decay=0.0005)
target class rate on Vs: 0.9000
accuracy on clean test nodes: 0.8620
Overall ASR: 0.8225
Flip ASR: 0.7806/1554 nodes
Namespace(cuda=True, dataset='Pubmed', debug=True, defense_mode='none', device_id=3, dis_weight=1.0, dropout=0.5, epochs=200, evaluate_mode='1by1', hidden=32, homo_boost_thrd=0.5, homo_loss_weight=3.0, inner=1, lr=0.01, model='GCN', no_cuda=False, prune_thr=0.15, seed=139, selection_method='none', target_class=0, target_loss_weight=1, test_model='GraphSage', thrd=0.5, train_lr=0.01, trigger_size=3, trojan_epochs=200, use_vs_number=True, vs_number=100, vs_ratio=0, weight_decay=0.0005)
target class rate on Vs: 0.9000
accuracy on clean test nodes: 0.8605
Overall ASR: 0.8210
Flip ASR: 0.7786/1554 nodes
Namespace(cuda=True, dataset='Pubmed', debug=True, defense_mode='none', device_id=3, dis_weight=1.0, dropout=0.5, epochs=200, evaluate_mode='1by1', hidden=32, homo_boost_thrd=0.5, homo_loss_weight=3.0, inner=1, lr=0.01, model='GCN', no_cuda=False, prune_thr=0.15, seed=215, selection_method='none', target_class=0, target_loss_weight=1, test_model='GraphSage', thrd=0.5, train_lr=0.01, trigger_size=3, trojan_epochs=200, use_vs_number=True, vs_number=100, vs_ratio=0, weight_decay=0.0005)
target class rate on Vs: 0.9000
accuracy on clean test nodes: 0.8590
Overall ASR: 0.8316
Flip ASR: 0.7915/1554 nodes
Namespace(cuda=True, dataset='Pubmed', debug=True, defense_mode='none', device_id=3, dis_weight=1.0, dropout=0.5, epochs=200, evaluate_mode='1by1', hidden=32, homo_boost_thrd=0.5, homo_loss_weight=3.0, inner=1, lr=0.01, model='GCN', no_cuda=False, prune_thr=0.15, seed=338, selection_method='none', target_class=0, target_loss_weight=1, test_model='GraphSage', thrd=0.5, train_lr=0.01, trigger_size=3, trojan_epochs=200, use_vs_number=True, vs_number=100, vs_ratio=0, weight_decay=0.0005)
target class rate on Vs: 0.9100
accuracy on clean test nodes: 0.8615
Overall ASR: 0.8306
Flip ASR: 0.7902/1554 nodes
Overall ASR: 0.8275 (GraphSage model, Seed: 338)
Overall Clean Accuracy: 0.8605
Total Overall ASR: 0.8166 
Total Clean Accuracy: 0.8510
