nohup: ignoring input
run_adaptive.py:8: DeprecationWarning: the imp module is deprecated in favour of importlib; see the module's documentation for alternative uses
  import imp
Namespace(cuda=True, dataset='Pubmed', debug=True, defense_mode='none', device_id=1, dis_weight=0.0, dropout=0.5, epochs=200, evaluate_mode='1by1', hidden=32, homo_boost_thrd=0.5, homo_loss_weight=200.0, inner=1, lr=0.01, model='GCN', no_cuda=False, prune_thr=0.8, seed=10, selection_method='cluster_degree', target_class=0, target_loss_weight=1, test_model='GCN', thrd=0.5, train_lr=0.01, trigger_size=3, trojan_epochs=2000, use_vs_number=True, vs_number=40, vs_ratio=0, weight_decay=0.0005)
#Attach Nodes:40
Length of training set: 3943
=== training gcn model ===
Epoch 0, training loss: 1.0969727039337158
acc_val: 0.4039
Epoch 10, training loss: 1.0288712978363037
acc_val: 0.6398
Epoch 20, training loss: 0.8768908977508545
acc_val: 0.6768
Epoch 30, training loss: 0.6742268204689026
acc_val: 0.7012
Epoch 40, training loss: 0.5647497177124023
acc_val: 0.8382
Epoch 50, training loss: 0.48399069905281067
acc_val: 0.8534
Epoch 60, training loss: 0.4659076929092407
acc_val: 0.8590
Epoch 70, training loss: 0.4118213653564453
acc_val: 0.8666
Epoch 80, training loss: 0.3886343836784363
acc_val: 0.8671
Epoch 90, training loss: 0.37623506784439087
acc_val: 0.8711
Epoch 100, training loss: 0.361488938331604
acc_val: 0.8671
Epoch 110, training loss: 0.34778910875320435
acc_val: 0.8732
Epoch 120, training loss: 0.3447827100753784
acc_val: 0.8737
Epoch 130, training loss: 0.3363073170185089
acc_val: 0.8737
Epoch 140, training loss: 0.332845538854599
acc_val: 0.8742
Epoch 150, training loss: 0.32762017846107483
acc_val: 0.8777
Epoch 160, training loss: 0.3285232186317444
acc_val: 0.8762
Epoch 170, training loss: 0.3083089292049408
acc_val: 0.8737
Epoch 180, training loss: 0.2986856698989868
acc_val: 0.8752
Epoch 190, training loss: 0.3010977804660797
acc_val: 0.8777
=== picking the best model according to the performance on validation ===
Training encoder Finished!
Total time elapsed: 2.1317s
Encoder CA on clean test nodes: 0.8574
idx_sing_class [    0     1     4 ... 19700 19702 19704]
current_class_size 20
./selected_nodes/Pubmed/Seperate/seed10/class_1.txt
[ 5104. 15916. 14578. ...  4058.   903. 11450.]
idx_sing_class [    3     5     6 ... 19712 19714 19716]
current_class_size 20
./selected_nodes/Pubmed/Seperate/seed10/class_2.txt
[11009.  2782. 11343. ...  8626. 15548.  1205.]
idx_attach: tensor([ 5104, 15916, 14578,  9040, 14315, 14910,  7647,  7098, 11534,  7803,
        10837, 18637, 19544,   821,  4899, 18597, 14851,  9145, 13907, 10814,
        11009,  2782, 11343, 14528, 19272,  6196, 16600, 17595, 17660,  9488,
         2471,  3489,  7324, 19307,  7825,   688,  2799,  6114,  4498, 13749],
       device='cuda:1')
tensor([    1,     2,     3,  ..., 19712, 19714, 19716], device='cuda:1')
Epoch 0, loss_inner: 1.09870, loss_target: 1.08898, homo loss: 0.48479 
acc_train_clean: 0.3190, ASR_train_attach: 0.9000, ASR_train_outter: 0.1268
Epoch 10, loss_inner: 0.97842, loss_target: 0.87190, homo loss: 0.19344 
acc_train_clean: 0.6632, ASR_train_attach: 1.0000, ASR_train_outter: 0.9891
Epoch 20, loss_inner: 0.87870, loss_target: 0.86778, homo loss: 0.03196 
acc_train_clean: 0.7555, ASR_train_attach: 0.4500, ASR_train_outter: 0.6667
Epoch 30, loss_inner: 0.73984, loss_target: 0.70208, homo loss: 0.00006 
acc_train_clean: 0.7996, ASR_train_attach: 0.7500, ASR_train_outter: 0.7554
Epoch 40, loss_inner: 0.61073, loss_target: 0.56023, homo loss: 0.00000 
acc_train_clean: 0.8367, ASR_train_attach: 0.8750, ASR_train_outter: 0.9149
Epoch 50, loss_inner: 0.52780, loss_target: 0.49289, homo loss: 0.00000 
acc_train_clean: 0.8455, ASR_train_attach: 0.8750, ASR_train_outter: 0.9475
Epoch 60, loss_inner: 0.48250, loss_target: 0.45511, homo loss: 0.00000 
acc_train_clean: 0.8539, ASR_train_attach: 0.9000, ASR_train_outter: 0.9420
Epoch 70, loss_inner: 0.45552, loss_target: 0.42857, homo loss: 0.00000 
acc_train_clean: 0.8620, ASR_train_attach: 0.9000, ASR_train_outter: 0.9493
Epoch 80, loss_inner: 0.43503, loss_target: 0.40736, homo loss: 0.00000 
acc_train_clean: 0.8661, ASR_train_attach: 0.9000, ASR_train_outter: 0.9493
Epoch 90, loss_inner: 0.41820, loss_target: 0.38976, homo loss: 0.00002 
acc_train_clean: 0.8684, ASR_train_attach: 0.9000, ASR_train_outter: 0.9565
Epoch 100, loss_inner: 0.40534, loss_target: 0.37774, homo loss: 0.00000 
acc_train_clean: 0.8707, ASR_train_attach: 0.9000, ASR_train_outter: 0.9529
Epoch 110, loss_inner: 0.39541, loss_target: 0.36783, homo loss: 0.00001 
acc_train_clean: 0.8745, ASR_train_attach: 0.9000, ASR_train_outter: 0.9493
Epoch 120, loss_inner: 0.38784, loss_target: 0.36393, homo loss: 0.00123 
acc_train_clean: 0.8760, ASR_train_attach: 0.9500, ASR_train_outter: 0.9620
Epoch 130, loss_inner: 0.38931, loss_target: 0.38983, homo loss: 0.10430 
acc_train_clean: 0.8752, ASR_train_attach: 1.0000, ASR_train_outter: 0.9746
Epoch 140, loss_inner: 0.39123, loss_target: 0.40982, homo loss: 0.00001 
acc_train_clean: 0.8788, ASR_train_attach: 0.9000, ASR_train_outter: 0.9493
Epoch 150, loss_inner: 0.38013, loss_target: 0.40414, homo loss: 0.00000 
acc_train_clean: 0.8811, ASR_train_attach: 0.8750, ASR_train_outter: 0.8967
Epoch 160, loss_inner: 0.36768, loss_target: 0.36914, homo loss: 0.00000 
acc_train_clean: 0.8811, ASR_train_attach: 0.9000, ASR_train_outter: 0.9493
Epoch 170, loss_inner: 0.36347, loss_target: 0.35237, homo loss: 0.00000 
acc_train_clean: 0.8823, ASR_train_attach: 0.9500, ASR_train_outter: 0.9674
Epoch 180, loss_inner: 0.35867, loss_target: 0.33618, homo loss: 0.00000 
acc_train_clean: 0.8849, ASR_train_attach: 0.9750, ASR_train_outter: 0.9783
Epoch 190, loss_inner: 0.35355, loss_target: 0.32303, homo loss: 0.00000 
acc_train_clean: 0.8854, ASR_train_attach: 1.0000, ASR_train_outter: 0.9837
Epoch 200, loss_inner: 0.35019, loss_target: 0.31781, homo loss: 0.00000 
acc_train_clean: 0.8856, ASR_train_attach: 1.0000, ASR_train_outter: 0.9928
Epoch 210, loss_inner: 0.34761, loss_target: 0.31467, homo loss: 0.00000 
acc_train_clean: 0.8861, ASR_train_attach: 1.0000, ASR_train_outter: 0.9946
Epoch 220, loss_inner: 0.34541, loss_target: 0.31418, homo loss: 0.00000 
acc_train_clean: 0.8869, ASR_train_attach: 1.0000, ASR_train_outter: 0.9891
Epoch 230, loss_inner: 0.34367, loss_target: 0.31213, homo loss: 0.00000 
acc_train_clean: 0.8879, ASR_train_attach: 0.9750, ASR_train_outter: 0.9837
Epoch 240, loss_inner: 0.34134, loss_target: 0.30796, homo loss: 0.00001 
acc_train_clean: 0.8882, ASR_train_attach: 1.0000, ASR_train_outter: 0.9928
Epoch 250, loss_inner: 0.33981, loss_target: 0.30761, homo loss: 0.00000 
acc_train_clean: 0.8882, ASR_train_attach: 0.9750, ASR_train_outter: 0.9891
Epoch 260, loss_inner: 0.33854, loss_target: 0.30789, homo loss: 0.00000 
acc_train_clean: 0.8859, ASR_train_attach: 1.0000, ASR_train_outter: 0.9928
Epoch 270, loss_inner: 0.33657, loss_target: 0.30434, homo loss: 0.00000 
acc_train_clean: 0.8882, ASR_train_attach: 0.9500, ASR_train_outter: 0.9891
Epoch 280, loss_inner: 0.33942, loss_target: 0.32893, homo loss: 0.00000 
acc_train_clean: 0.8866, ASR_train_attach: 0.8500, ASR_train_outter: 0.9384
Epoch 290, loss_inner: 0.34600, loss_target: 0.32704, homo loss: 0.00002 
acc_train_clean: 0.8838, ASR_train_attach: 0.8750, ASR_train_outter: 0.9710
Epoch 300, loss_inner: 0.33656, loss_target: 0.31566, homo loss: 0.00002 
acc_train_clean: 0.8887, ASR_train_attach: 1.0000, ASR_train_outter: 0.9638
Epoch 310, loss_inner: 0.33174, loss_target: 0.30641, homo loss: 0.00000 
acc_train_clean: 0.8892, ASR_train_attach: 0.9500, ASR_train_outter: 0.9674
Epoch 320, loss_inner: 0.33122, loss_target: 0.30239, homo loss: 0.00000 
acc_train_clean: 0.8889, ASR_train_attach: 1.0000, ASR_train_outter: 0.9819
Epoch 330, loss_inner: 0.32935, loss_target: 0.29867, homo loss: 0.00000 
acc_train_clean: 0.8894, ASR_train_attach: 1.0000, ASR_train_outter: 0.9928
Epoch 340, loss_inner: 0.32763, loss_target: 0.30055, homo loss: 0.00000 
acc_train_clean: 0.8894, ASR_train_attach: 1.0000, ASR_train_outter: 0.9964
Epoch 350, loss_inner: 0.32670, loss_target: 0.30072, homo loss: 0.00007 
acc_train_clean: 0.8894, ASR_train_attach: 1.0000, ASR_train_outter: 0.9982
Epoch 360, loss_inner: 0.32775, loss_target: 0.30356, homo loss: 0.00048 
acc_train_clean: 0.8909, ASR_train_attach: 1.0000, ASR_train_outter: 0.9946
Epoch 370, loss_inner: 0.32783, loss_target: 0.29945, homo loss: 0.00000 
acc_train_clean: 0.8920, ASR_train_attach: 0.9750, ASR_train_outter: 0.9819
Epoch 380, loss_inner: 0.33716, loss_target: 0.35561, homo loss: 0.00000 
acc_train_clean: 0.8899, ASR_train_attach: 1.0000, ASR_train_outter: 0.9982
Epoch 390, loss_inner: 0.33533, loss_target: 0.34769, homo loss: 0.00002 
acc_train_clean: 0.8876, ASR_train_attach: 0.9500, ASR_train_outter: 0.9565
Epoch 400, loss_inner: 0.32721, loss_target: 0.33012, homo loss: 0.00000 
acc_train_clean: 0.8904, ASR_train_attach: 0.9750, ASR_train_outter: 0.9583
Epoch 410, loss_inner: 0.32496, loss_target: 0.30994, homo loss: 0.00000 
acc_train_clean: 0.8892, ASR_train_attach: 1.0000, ASR_train_outter: 0.9801
Epoch 420, loss_inner: 0.32368, loss_target: 0.29673, homo loss: 0.00000 
acc_train_clean: 0.8889, ASR_train_attach: 1.0000, ASR_train_outter: 0.9928
Epoch 430, loss_inner: 0.32244, loss_target: 0.29387, homo loss: 0.00000 
acc_train_clean: 0.8904, ASR_train_attach: 1.0000, ASR_train_outter: 0.9855
Epoch 440, loss_inner: 0.32143, loss_target: 0.29111, homo loss: 0.00000 
acc_train_clean: 0.8907, ASR_train_attach: 1.0000, ASR_train_outter: 0.9946
Epoch 450, loss_inner: 0.32125, loss_target: 0.29654, homo loss: 0.00000 
acc_train_clean: 0.8915, ASR_train_attach: 1.0000, ASR_train_outter: 0.9946
Epoch 460, loss_inner: 0.32122, loss_target: 0.28973, homo loss: 0.00000 
acc_train_clean: 0.8920, ASR_train_attach: 0.9750, ASR_train_outter: 0.9891
Epoch 470, loss_inner: 0.32029, loss_target: 0.28965, homo loss: 0.00000 
acc_train_clean: 0.8904, ASR_train_attach: 1.0000, ASR_train_outter: 0.9946
Epoch 480, loss_inner: 0.31945, loss_target: 0.28796, homo loss: 0.00000 
acc_train_clean: 0.8917, ASR_train_attach: 1.0000, ASR_train_outter: 0.9928
Epoch 490, loss_inner: 0.31922, loss_target: 0.29687, homo loss: 0.00000 
acc_train_clean: 0.8920, ASR_train_attach: 1.0000, ASR_train_outter: 0.9982
Epoch 500, loss_inner: 0.31944, loss_target: 0.29104, homo loss: 0.00000 
acc_train_clean: 0.8920, ASR_train_attach: 0.9750, ASR_train_outter: 0.9783
Epoch 510, loss_inner: 0.33827, loss_target: 0.35144, homo loss: 0.00013 
acc_train_clean: 0.8920, ASR_train_attach: 0.5000, ASR_train_outter: 0.8025
Epoch 520, loss_inner: 0.32338, loss_target: 0.29719, homo loss: 0.00000 
acc_train_clean: 0.8897, ASR_train_attach: 1.0000, ASR_train_outter: 0.9801
Epoch 530, loss_inner: 0.31988, loss_target: 0.29781, homo loss: 0.00000 
acc_train_clean: 0.8902, ASR_train_attach: 1.0000, ASR_train_outter: 0.9909
Epoch 540, loss_inner: 0.31853, loss_target: 0.29192, homo loss: 0.00000 
acc_train_clean: 0.8912, ASR_train_attach: 0.9500, ASR_train_outter: 0.9656
Epoch 550, loss_inner: 0.31738, loss_target: 0.28571, homo loss: 0.00000 
acc_train_clean: 0.8925, ASR_train_attach: 1.0000, ASR_train_outter: 0.9946
Epoch 560, loss_inner: 0.31684, loss_target: 0.28556, homo loss: 0.00001 
acc_train_clean: 0.8917, ASR_train_attach: 1.0000, ASR_train_outter: 0.9946
Epoch 570, loss_inner: 0.31895, loss_target: 0.29877, homo loss: 0.00036 
acc_train_clean: 0.8922, ASR_train_attach: 0.8500, ASR_train_outter: 0.9058
Epoch 580, loss_inner: 0.33291, loss_target: 0.33986, homo loss: 0.02410 
acc_train_clean: 0.8869, ASR_train_attach: 0.9750, ASR_train_outter: 0.9964
Epoch 590, loss_inner: 0.33969, loss_target: 0.40507, homo loss: 0.00140 
acc_train_clean: 0.8892, ASR_train_attach: 1.0000, ASR_train_outter: 0.9964
Epoch 600, loss_inner: 0.32433, loss_target: 0.32496, homo loss: 0.00000 
acc_train_clean: 0.8909, ASR_train_attach: 0.8750, ASR_train_outter: 0.9221
Epoch 610, loss_inner: 0.32041, loss_target: 0.30159, homo loss: 0.00000 
acc_train_clean: 0.8899, ASR_train_attach: 1.0000, ASR_train_outter: 0.9783
Epoch 620, loss_inner: 0.31865, loss_target: 0.29547, homo loss: 0.00000 
acc_train_clean: 0.8912, ASR_train_attach: 1.0000, ASR_train_outter: 0.9873
Epoch 630, loss_inner: 0.31725, loss_target: 0.29331, homo loss: 0.00000 
acc_train_clean: 0.8925, ASR_train_attach: 1.0000, ASR_train_outter: 0.9710
Epoch 640, loss_inner: 0.31633, loss_target: 0.29253, homo loss: 0.00000 
acc_train_clean: 0.8922, ASR_train_attach: 0.9750, ASR_train_outter: 0.9547
Epoch 650, loss_inner: 0.31583, loss_target: 0.28539, homo loss: 0.00000 
acc_train_clean: 0.8930, ASR_train_attach: 0.9750, ASR_train_outter: 0.9909
Epoch 660, loss_inner: 0.31551, loss_target: 0.28457, homo loss: 0.00000 
acc_train_clean: 0.8935, ASR_train_attach: 1.0000, ASR_train_outter: 0.9946
Epoch 670, loss_inner: 0.31524, loss_target: 0.28395, homo loss: 0.00000 
acc_train_clean: 0.8937, ASR_train_attach: 1.0000, ASR_train_outter: 0.9964
Epoch 680, loss_inner: 0.31511, loss_target: 0.28341, homo loss: 0.00001 
acc_train_clean: 0.8930, ASR_train_attach: 1.0000, ASR_train_outter: 0.9946
Epoch 690, loss_inner: 0.31494, loss_target: 0.28332, homo loss: 0.00000 
acc_train_clean: 0.8932, ASR_train_attach: 1.0000, ASR_train_outter: 0.9946
Epoch 700, loss_inner: 0.31472, loss_target: 0.28744, homo loss: 0.00000 
acc_train_clean: 0.8937, ASR_train_attach: 1.0000, ASR_train_outter: 0.9982
Epoch 710, loss_inner: 0.31482, loss_target: 0.28583, homo loss: 0.00000 
acc_train_clean: 0.8948, ASR_train_attach: 0.9750, ASR_train_outter: 0.9710
Epoch 720, loss_inner: 0.31519, loss_target: 0.28586, homo loss: 0.00003 
acc_train_clean: 0.8927, ASR_train_attach: 0.9750, ASR_train_outter: 0.9764
Epoch 730, loss_inner: 0.31475, loss_target: 0.28306, homo loss: 0.00000 
acc_train_clean: 0.8935, ASR_train_attach: 1.0000, ASR_train_outter: 0.9928
Epoch 740, loss_inner: 0.31440, loss_target: 0.28247, homo loss: 0.00002 
acc_train_clean: 0.8942, ASR_train_attach: 1.0000, ASR_train_outter: 0.9946
Epoch 750, loss_inner: 0.31434, loss_target: 0.28285, homo loss: 0.00002 
acc_train_clean: 0.8940, ASR_train_attach: 0.9750, ASR_train_outter: 0.9909
Epoch 760, loss_inner: 0.31396, loss_target: 0.28226, homo loss: 0.00003 
acc_train_clean: 0.8937, ASR_train_attach: 1.0000, ASR_train_outter: 0.9928
Epoch 770, loss_inner: 0.31850, loss_target: 0.29416, homo loss: 0.00174 
acc_train_clean: 0.8915, ASR_train_attach: 0.9750, ASR_train_outter: 0.9746
Epoch 780, loss_inner: 0.34136, loss_target: 0.41917, homo loss: 0.00126 
acc_train_clean: 0.8902, ASR_train_attach: 0.5000, ASR_train_outter: 0.6848
Epoch 790, loss_inner: 0.32422, loss_target: 0.35847, homo loss: 0.00000 
acc_train_clean: 0.8899, ASR_train_attach: 0.9250, ASR_train_outter: 0.9511
Epoch 800, loss_inner: 0.31789, loss_target: 0.32402, homo loss: 0.00000 
acc_train_clean: 0.8917, ASR_train_attach: 1.0000, ASR_train_outter: 0.9855
Epoch 810, loss_inner: 0.31590, loss_target: 0.29639, homo loss: 0.00000 
acc_train_clean: 0.8942, ASR_train_attach: 1.0000, ASR_train_outter: 0.9764
Epoch 820, loss_inner: 0.31524, loss_target: 0.28759, homo loss: 0.00000 
acc_train_clean: 0.8925, ASR_train_attach: 1.0000, ASR_train_outter: 0.9928
Epoch 830, loss_inner: 0.31521, loss_target: 0.28630, homo loss: 0.00000 
acc_train_clean: 0.8932, ASR_train_attach: 1.0000, ASR_train_outter: 0.9819
Epoch 840, loss_inner: 0.31458, loss_target: 0.28780, homo loss: 0.00000 
acc_train_clean: 0.8940, ASR_train_attach: 1.0000, ASR_train_outter: 0.9946
Epoch 850, loss_inner: 0.31482, loss_target: 0.28983, homo loss: 0.00000 
acc_train_clean: 0.8942, ASR_train_attach: 1.0000, ASR_train_outter: 0.9946
Epoch 860, loss_inner: 0.31508, loss_target: 0.28592, homo loss: 0.00001 
acc_train_clean: 0.8945, ASR_train_attach: 1.0000, ASR_train_outter: 0.9928
Epoch 870, loss_inner: 0.31480, loss_target: 0.28623, homo loss: 0.00001 
acc_train_clean: 0.8942, ASR_train_attach: 1.0000, ASR_train_outter: 0.9873
Epoch 880, loss_inner: 0.31428, loss_target: 0.28822, homo loss: 0.00000 
acc_train_clean: 0.8937, ASR_train_attach: 1.0000, ASR_train_outter: 0.9783
Epoch 890, loss_inner: 0.31423, loss_target: 0.28590, homo loss: 0.00002 
acc_train_clean: 0.8940, ASR_train_attach: 1.0000, ASR_train_outter: 0.9873
Epoch 900, loss_inner: 0.31433, loss_target: 0.28639, homo loss: 0.00000 
acc_train_clean: 0.8937, ASR_train_attach: 0.9750, ASR_train_outter: 0.9783
Epoch 910, loss_inner: 0.31428, loss_target: 0.28958, homo loss: 0.00000 
acc_train_clean: 0.8953, ASR_train_attach: 1.0000, ASR_train_outter: 0.9946
Epoch 920, loss_inner: 0.31463, loss_target: 0.28773, homo loss: 0.00000 
acc_train_clean: 0.8945, ASR_train_attach: 0.9250, ASR_train_outter: 0.9674
Epoch 930, loss_inner: 0.31402, loss_target: 0.28553, homo loss: 0.00007 
acc_train_clean: 0.8937, ASR_train_attach: 1.0000, ASR_train_outter: 0.9928
Epoch 940, loss_inner: 0.31362, loss_target: 0.28410, homo loss: 0.00000 
acc_train_clean: 0.8942, ASR_train_attach: 1.0000, ASR_train_outter: 0.9891
Epoch 950, loss_inner: 0.32144, loss_target: 0.37824, homo loss: 0.03250 
acc_train_clean: 0.8861, ASR_train_attach: 1.0000, ASR_train_outter: 1.0000
Epoch 960, loss_inner: 0.33472, loss_target: 0.46115, homo loss: 0.00295 
acc_train_clean: 0.8869, ASR_train_attach: 1.0000, ASR_train_outter: 1.0000
Epoch 970, loss_inner: 0.32125, loss_target: 0.35610, homo loss: 0.00000 
acc_train_clean: 0.8907, ASR_train_attach: 0.9750, ASR_train_outter: 0.9801
Epoch 980, loss_inner: 0.31761, loss_target: 0.30215, homo loss: 0.00000 
acc_train_clean: 0.8889, ASR_train_attach: 1.0000, ASR_train_outter: 0.9710
Epoch 990, loss_inner: 0.31555, loss_target: 0.29272, homo loss: 0.00001 
acc_train_clean: 0.8922, ASR_train_attach: 1.0000, ASR_train_outter: 0.9855
Epoch 1000, loss_inner: 0.31507, loss_target: 0.28864, homo loss: 0.00000 
acc_train_clean: 0.8940, ASR_train_attach: 1.0000, ASR_train_outter: 0.9855
Epoch 1010, loss_inner: 0.31469, loss_target: 0.29414, homo loss: 0.00000 
acc_train_clean: 0.8937, ASR_train_attach: 0.9750, ASR_train_outter: 0.9547
Epoch 1020, loss_inner: 0.31442, loss_target: 0.28692, homo loss: 0.00000 
acc_train_clean: 0.8935, ASR_train_attach: 1.0000, ASR_train_outter: 0.9928
Epoch 1030, loss_inner: 0.31421, loss_target: 0.28453, homo loss: 0.00000 
acc_train_clean: 0.8940, ASR_train_attach: 1.0000, ASR_train_outter: 0.9928
Epoch 1040, loss_inner: 0.31371, loss_target: 0.28541, homo loss: 0.00000 
acc_train_clean: 0.8948, ASR_train_attach: 1.0000, ASR_train_outter: 0.9946
Epoch 1050, loss_inner: 0.31588, loss_target: 0.29299, homo loss: 0.00001 
acc_train_clean: 0.8937, ASR_train_attach: 0.8000, ASR_train_outter: 0.9656
Epoch 1060, loss_inner: 0.31592, loss_target: 0.29261, homo loss: 0.00005 
acc_train_clean: 0.8935, ASR_train_attach: 1.0000, ASR_train_outter: 0.9873
Epoch 1070, loss_inner: 0.31409, loss_target: 0.29220, homo loss: 0.00000 
acc_train_clean: 0.8932, ASR_train_attach: 1.0000, ASR_train_outter: 0.9928
Epoch 1080, loss_inner: 0.31533, loss_target: 0.29214, homo loss: 0.00000 
acc_train_clean: 0.8937, ASR_train_attach: 1.0000, ASR_train_outter: 0.9946
Epoch 1090, loss_inner: 0.31378, loss_target: 0.28921, homo loss: 0.00000 
acc_train_clean: 0.8930, ASR_train_attach: 1.0000, ASR_train_outter: 0.9928
Epoch 1100, loss_inner: 0.31386, loss_target: 0.28584, homo loss: 0.00001 
acc_train_clean: 0.8937, ASR_train_attach: 0.9750, ASR_train_outter: 0.9928
Epoch 1110, loss_inner: 0.31406, loss_target: 0.28540, homo loss: 0.00005 
acc_train_clean: 0.8942, ASR_train_attach: 1.0000, ASR_train_outter: 0.9873
Epoch 1120, loss_inner: 0.31297, loss_target: 0.29342, homo loss: 0.00003 
acc_train_clean: 0.8937, ASR_train_attach: 1.0000, ASR_train_outter: 0.9928
Epoch 1130, loss_inner: 0.31315, loss_target: 0.30019, homo loss: 0.00002 
acc_train_clean: 0.8942, ASR_train_attach: 1.0000, ASR_train_outter: 0.9946
Epoch 1140, loss_inner: 0.31420, loss_target: 0.28964, homo loss: 0.00000 
acc_train_clean: 0.8940, ASR_train_attach: 1.0000, ASR_train_outter: 0.9909
Epoch 1150, loss_inner: 0.31662, loss_target: 0.34019, homo loss: 0.00002 
acc_train_clean: 0.8902, ASR_train_attach: 1.0000, ASR_train_outter: 1.0000
Epoch 1160, loss_inner: 0.31857, loss_target: 0.33933, homo loss: 0.00000 
acc_train_clean: 0.8879, ASR_train_attach: 1.0000, ASR_train_outter: 0.9873
Epoch 1170, loss_inner: 0.31898, loss_target: 0.32592, homo loss: 0.00000 
acc_train_clean: 0.8930, ASR_train_attach: 1.0000, ASR_train_outter: 0.9873
Epoch 1180, loss_inner: 0.31375, loss_target: 0.30619, homo loss: 0.00000 
acc_train_clean: 0.8917, ASR_train_attach: 0.9750, ASR_train_outter: 0.9348
Epoch 1190, loss_inner: 0.31328, loss_target: 0.29648, homo loss: 0.00000 
acc_train_clean: 0.8922, ASR_train_attach: 1.0000, ASR_train_outter: 0.9656
Epoch 1200, loss_inner: 0.31308, loss_target: 0.28959, homo loss: 0.00000 
acc_train_clean: 0.8937, ASR_train_attach: 1.0000, ASR_train_outter: 0.9855
Epoch 1210, loss_inner: 0.31302, loss_target: 0.28395, homo loss: 0.00000 
acc_train_clean: 0.8932, ASR_train_attach: 1.0000, ASR_train_outter: 0.9964
Epoch 1220, loss_inner: 0.31332, loss_target: 0.28338, homo loss: 0.00000 
acc_train_clean: 0.8942, ASR_train_attach: 1.0000, ASR_train_outter: 0.9928
Epoch 1230, loss_inner: 0.31375, loss_target: 0.29124, homo loss: 0.00000 
acc_train_clean: 0.8927, ASR_train_attach: 1.0000, ASR_train_outter: 0.9692
Epoch 1240, loss_inner: 0.31328, loss_target: 0.28755, homo loss: 0.00000 
acc_train_clean: 0.8940, ASR_train_attach: 1.0000, ASR_train_outter: 0.9964
Epoch 1250, loss_inner: 0.31412, loss_target: 0.29233, homo loss: 0.00000 
acc_train_clean: 0.8940, ASR_train_attach: 1.0000, ASR_train_outter: 1.0000
Epoch 1260, loss_inner: 0.31334, loss_target: 0.28560, homo loss: 0.00000 
acc_train_clean: 0.8937, ASR_train_attach: 1.0000, ASR_train_outter: 0.9946
Epoch 1270, loss_inner: 0.31343, loss_target: 0.28483, homo loss: 0.00009 
acc_train_clean: 0.8937, ASR_train_attach: 1.0000, ASR_train_outter: 0.9928
Epoch 1280, loss_inner: 0.31322, loss_target: 0.28607, homo loss: 0.00002 
acc_train_clean: 0.8940, ASR_train_attach: 1.0000, ASR_train_outter: 0.9819
Epoch 1290, loss_inner: 0.31269, loss_target: 0.28730, homo loss: 0.00000 
acc_train_clean: 0.8937, ASR_train_attach: 1.0000, ASR_train_outter: 0.9783
Epoch 1300, loss_inner: 0.31307, loss_target: 0.28464, homo loss: 0.00000 
acc_train_clean: 0.8942, ASR_train_attach: 1.0000, ASR_train_outter: 0.9873
Epoch 1310, loss_inner: 0.31250, loss_target: 0.28896, homo loss: 0.00005 
acc_train_clean: 0.8950, ASR_train_attach: 1.0000, ASR_train_outter: 0.9909
Epoch 1320, loss_inner: 0.32224, loss_target: 0.43815, homo loss: 0.00820 
acc_train_clean: 0.8897, ASR_train_attach: 1.0000, ASR_train_outter: 1.0000
Epoch 1330, loss_inner: 0.31774, loss_target: 0.37777, homo loss: 0.00000 
acc_train_clean: 0.8917, ASR_train_attach: 1.0000, ASR_train_outter: 0.9855
Epoch 1340, loss_inner: 0.31509, loss_target: 0.32799, homo loss: 0.00000 
acc_train_clean: 0.8907, ASR_train_attach: 1.0000, ASR_train_outter: 0.9783
Epoch 1350, loss_inner: 0.31327, loss_target: 0.30857, homo loss: 0.00000 
acc_train_clean: 0.8935, ASR_train_attach: 0.9750, ASR_train_outter: 0.9583
Epoch 1360, loss_inner: 0.31352, loss_target: 0.30010, homo loss: 0.00000 
acc_train_clean: 0.8942, ASR_train_attach: 1.0000, ASR_train_outter: 0.9819
Epoch 1370, loss_inner: 0.31302, loss_target: 0.29489, homo loss: 0.00000 
acc_train_clean: 0.8948, ASR_train_attach: 1.0000, ASR_train_outter: 0.9746
Epoch 1380, loss_inner: 0.31219, loss_target: 0.28790, homo loss: 0.00000 
acc_train_clean: 0.8942, ASR_train_attach: 1.0000, ASR_train_outter: 0.9855
Epoch 1390, loss_inner: 0.31249, loss_target: 0.28494, homo loss: 0.00000 
acc_train_clean: 0.8955, ASR_train_attach: 1.0000, ASR_train_outter: 0.9928
Epoch 1400, loss_inner: 0.31283, loss_target: 0.28531, homo loss: 0.00000 
acc_train_clean: 0.8950, ASR_train_attach: 1.0000, ASR_train_outter: 0.9873
Epoch 1410, loss_inner: 0.31251, loss_target: 0.28685, homo loss: 0.00000 
acc_train_clean: 0.8950, ASR_train_attach: 1.0000, ASR_train_outter: 0.9891
Epoch 1420, loss_inner: 0.31293, loss_target: 0.28878, homo loss: 0.00000 
acc_train_clean: 0.8930, ASR_train_attach: 1.0000, ASR_train_outter: 0.9783
Epoch 1430, loss_inner: 0.31262, loss_target: 0.28607, homo loss: 0.00000 
acc_train_clean: 0.8953, ASR_train_attach: 0.9750, ASR_train_outter: 0.9837
Epoch 1440, loss_inner: 0.31302, loss_target: 0.28819, homo loss: 0.00000 
acc_train_clean: 0.8948, ASR_train_attach: 1.0000, ASR_train_outter: 0.9728
Epoch 1450, loss_inner: 0.31256, loss_target: 0.29163, homo loss: 0.00000 
acc_train_clean: 0.8935, ASR_train_attach: 1.0000, ASR_train_outter: 0.9692
Epoch 1460, loss_inner: 0.31295, loss_target: 0.28715, homo loss: 0.00001 
acc_train_clean: 0.8945, ASR_train_attach: 1.0000, ASR_train_outter: 0.9946
Epoch 1470, loss_inner: 0.31268, loss_target: 0.28425, homo loss: 0.00001 
acc_train_clean: 0.8942, ASR_train_attach: 1.0000, ASR_train_outter: 0.9837
Epoch 1480, loss_inner: 0.31239, loss_target: 0.28545, homo loss: 0.00002 
acc_train_clean: 0.8937, ASR_train_attach: 1.0000, ASR_train_outter: 0.9891
Epoch 1490, loss_inner: 0.31246, loss_target: 0.28594, homo loss: 0.00000 
acc_train_clean: 0.8948, ASR_train_attach: 1.0000, ASR_train_outter: 0.9909
Epoch 1500, loss_inner: 0.31806, loss_target: 0.32322, homo loss: 0.08432 
acc_train_clean: 0.8942, ASR_train_attach: 1.0000, ASR_train_outter: 1.0000
Epoch 1510, loss_inner: 0.31954, loss_target: 0.37253, homo loss: 0.00213 
acc_train_clean: 0.8942, ASR_train_attach: 1.0000, ASR_train_outter: 0.9891
Epoch 1520, loss_inner: 0.31617, loss_target: 0.32383, homo loss: 0.00015 
acc_train_clean: 0.8902, ASR_train_attach: 1.0000, ASR_train_outter: 0.9909
Epoch 1530, loss_inner: 0.31376, loss_target: 0.30335, homo loss: 0.00000 
acc_train_clean: 0.8930, ASR_train_attach: 1.0000, ASR_train_outter: 0.9801
Epoch 1540, loss_inner: 0.31374, loss_target: 0.30159, homo loss: 0.00000 
acc_train_clean: 0.8945, ASR_train_attach: 0.9750, ASR_train_outter: 0.9674
Epoch 1550, loss_inner: 0.31289, loss_target: 0.30275, homo loss: 0.00000 
acc_train_clean: 0.8945, ASR_train_attach: 1.0000, ASR_train_outter: 0.9656
Epoch 1560, loss_inner: 0.31287, loss_target: 0.29659, homo loss: 0.00000 
acc_train_clean: 0.8932, ASR_train_attach: 1.0000, ASR_train_outter: 0.9728
Epoch 1570, loss_inner: 0.31278, loss_target: 0.29081, homo loss: 0.00000 
acc_train_clean: 0.8937, ASR_train_attach: 0.9750, ASR_train_outter: 0.9746
Epoch 1580, loss_inner: 0.31265, loss_target: 0.28541, homo loss: 0.00000 
acc_train_clean: 0.8942, ASR_train_attach: 1.0000, ASR_train_outter: 0.9891
Epoch 1590, loss_inner: 0.31289, loss_target: 0.29232, homo loss: 0.00000 
acc_train_clean: 0.8950, ASR_train_attach: 1.0000, ASR_train_outter: 0.9692
Epoch 1600, loss_inner: 0.31379, loss_target: 0.28993, homo loss: 0.00000 
acc_train_clean: 0.8940, ASR_train_attach: 0.8750, ASR_train_outter: 0.9638
Epoch 1610, loss_inner: 0.31310, loss_target: 0.28493, homo loss: 0.00001 
acc_train_clean: 0.8940, ASR_train_attach: 1.0000, ASR_train_outter: 0.9909
Epoch 1620, loss_inner: 0.31312, loss_target: 0.29000, homo loss: 0.00000 
acc_train_clean: 0.8932, ASR_train_attach: 1.0000, ASR_train_outter: 0.9928
Epoch 1630, loss_inner: 0.31346, loss_target: 0.28691, homo loss: 0.00006 
acc_train_clean: 0.8935, ASR_train_attach: 0.9500, ASR_train_outter: 0.9764
Epoch 1640, loss_inner: 0.31278, loss_target: 0.28768, homo loss: 0.00000 
acc_train_clean: 0.8942, ASR_train_attach: 1.0000, ASR_train_outter: 0.9946
Epoch 1650, loss_inner: 0.31273, loss_target: 0.28428, homo loss: 0.00970 
acc_train_clean: 0.8942, ASR_train_attach: 1.0000, ASR_train_outter: 0.9873
Epoch 1660, loss_inner: 0.31555, loss_target: 0.30678, homo loss: 0.00168 
acc_train_clean: 0.8922, ASR_train_attach: 0.9750, ASR_train_outter: 0.9855
Epoch 1670, loss_inner: 0.32881, loss_target: 0.31977, homo loss: 0.00000 
acc_train_clean: 0.8907, ASR_train_attach: 0.6750, ASR_train_outter: 0.9348
Epoch 1680, loss_inner: 0.31785, loss_target: 0.30633, homo loss: 0.00000 
acc_train_clean: 0.8909, ASR_train_attach: 1.0000, ASR_train_outter: 0.9909
Epoch 1690, loss_inner: 0.31366, loss_target: 0.29811, homo loss: 0.00000 
acc_train_clean: 0.8925, ASR_train_attach: 1.0000, ASR_train_outter: 0.9728
Epoch 1700, loss_inner: 0.31306, loss_target: 0.29287, homo loss: 0.00000 
acc_train_clean: 0.8937, ASR_train_attach: 1.0000, ASR_train_outter: 0.9764
Epoch 1710, loss_inner: 0.31251, loss_target: 0.28882, homo loss: 0.00000 
acc_train_clean: 0.8945, ASR_train_attach: 1.0000, ASR_train_outter: 0.9801
Epoch 1720, loss_inner: 0.31258, loss_target: 0.28570, homo loss: 0.00000 
acc_train_clean: 0.8940, ASR_train_attach: 1.0000, ASR_train_outter: 0.9801
Epoch 1730, loss_inner: 0.31201, loss_target: 0.28507, homo loss: 0.00000 
acc_train_clean: 0.8942, ASR_train_attach: 1.0000, ASR_train_outter: 0.9909
Epoch 1740, loss_inner: 0.31250, loss_target: 0.29184, homo loss: 0.00012 
acc_train_clean: 0.8942, ASR_train_attach: 1.0000, ASR_train_outter: 0.9909
Epoch 1750, loss_inner: 0.31271, loss_target: 0.28955, homo loss: 0.00008 
acc_train_clean: 0.8935, ASR_train_attach: 1.0000, ASR_train_outter: 0.9946
Epoch 1760, loss_inner: 0.31211, loss_target: 0.28928, homo loss: 0.00001 
acc_train_clean: 0.8927, ASR_train_attach: 1.0000, ASR_train_outter: 0.9837
Epoch 1770, loss_inner: 0.31244, loss_target: 0.28385, homo loss: 0.00000 
acc_train_clean: 0.8940, ASR_train_attach: 1.0000, ASR_train_outter: 0.9891
Epoch 1780, loss_inner: 0.31388, loss_target: 0.28845, homo loss: 0.00047 
acc_train_clean: 0.8940, ASR_train_attach: 1.0000, ASR_train_outter: 0.9855
Epoch 1790, loss_inner: 0.31668, loss_target: 0.40735, homo loss: 0.00205 
acc_train_clean: 0.8915, ASR_train_attach: 1.0000, ASR_train_outter: 1.0000
Epoch 1800, loss_inner: 0.31520, loss_target: 0.33420, homo loss: 0.00142 
acc_train_clean: 0.8942, ASR_train_attach: 0.9000, ASR_train_outter: 0.9801
Epoch 1810, loss_inner: 0.31552, loss_target: 0.30472, homo loss: 0.00000 
acc_train_clean: 0.8940, ASR_train_attach: 1.0000, ASR_train_outter: 0.9656
Epoch 1820, loss_inner: 0.31246, loss_target: 0.30121, homo loss: 0.00000 
acc_train_clean: 0.8948, ASR_train_attach: 0.9750, ASR_train_outter: 0.9783
Epoch 1830, loss_inner: 0.31300, loss_target: 0.30062, homo loss: 0.00000 
acc_train_clean: 0.8942, ASR_train_attach: 1.0000, ASR_train_outter: 0.9674
Epoch 1840, loss_inner: 0.31230, loss_target: 0.29789, homo loss: 0.00000 
acc_train_clean: 0.8945, ASR_train_attach: 1.0000, ASR_train_outter: 0.9764
Epoch 1850, loss_inner: 0.31213, loss_target: 0.29517, homo loss: 0.00000 
acc_train_clean: 0.8945, ASR_train_attach: 1.0000, ASR_train_outter: 0.9819
Epoch 1860, loss_inner: 0.31226, loss_target: 0.28884, homo loss: 0.00000 
acc_train_clean: 0.8942, ASR_train_attach: 1.0000, ASR_train_outter: 0.9891
Epoch 1870, loss_inner: 0.31420, loss_target: 0.28720, homo loss: 0.00000 
acc_train_clean: 0.8945, ASR_train_attach: 0.9500, ASR_train_outter: 0.9982
Epoch 1880, loss_inner: 0.32063, loss_target: 0.32367, homo loss: 0.00000 
acc_train_clean: 0.8920, ASR_train_attach: 1.0000, ASR_train_outter: 1.0000
Epoch 1890, loss_inner: 0.32095, loss_target: 0.30502, homo loss: 0.00000 
acc_train_clean: 0.8899, ASR_train_attach: 1.0000, ASR_train_outter: 0.9801
Epoch 1900, loss_inner: 0.31558, loss_target: 0.29137, homo loss: 0.00000 
acc_train_clean: 0.8930, ASR_train_attach: 0.9750, ASR_train_outter: 0.9819
Epoch 1910, loss_inner: 0.31406, loss_target: 0.28757, homo loss: 0.00000 
acc_train_clean: 0.8940, ASR_train_attach: 1.0000, ASR_train_outter: 0.9873
Epoch 1920, loss_inner: 0.31320, loss_target: 0.28753, homo loss: 0.00000 
acc_train_clean: 0.8948, ASR_train_attach: 1.0000, ASR_train_outter: 0.9891
Epoch 1930, loss_inner: 0.31310, loss_target: 0.28599, homo loss: 0.00000 
acc_train_clean: 0.8940, ASR_train_attach: 1.0000, ASR_train_outter: 0.9891
Epoch 1940, loss_inner: 0.31248, loss_target: 0.28464, homo loss: 0.00000 
acc_train_clean: 0.8937, ASR_train_attach: 1.0000, ASR_train_outter: 0.9891
Epoch 1950, loss_inner: 0.31265, loss_target: 0.28432, homo loss: 0.00000 
acc_train_clean: 0.8945, ASR_train_attach: 1.0000, ASR_train_outter: 0.9873
Epoch 1960, loss_inner: 0.31385, loss_target: 0.29212, homo loss: 0.00002 
acc_train_clean: 0.8942, ASR_train_attach: 0.9750, ASR_train_outter: 0.9529
Epoch 1970, loss_inner: 0.31315, loss_target: 0.29099, homo loss: 0.00004 
acc_train_clean: 0.8937, ASR_train_attach: 0.9500, ASR_train_outter: 0.9583
Epoch 1980, loss_inner: 0.32877, loss_target: 0.47893, homo loss: 0.22468 
acc_train_clean: 0.8894, ASR_train_attach: 1.0000, ASR_train_outter: 1.0000
Epoch 1990, loss_inner: 0.38296, loss_target: 1.62093, homo loss: 0.20142 
acc_train_clean: 0.8790, ASR_train_attach: 1.0000, ASR_train_outter: 0.5634
load best weight based on the loss outter
precent of left attach nodes: 1.000
Namespace(cuda=True, dataset='Pubmed', debug=True, defense_mode='none', device_id=1, dis_weight=0.0, dropout=0.5, epochs=200, evaluate_mode='1by1', hidden=32, homo_boost_thrd=0.5, homo_loss_weight=200.0, inner=1, lr=0.01, model='GCN', no_cuda=False, prune_thr=0.8, seed=265, selection_method='cluster_degree', target_class=0, target_loss_weight=1, test_model='GCN', thrd=0.5, train_lr=0.01, trigger_size=3, trojan_epochs=2000, use_vs_number=True, vs_number=40, vs_ratio=0, weight_decay=0.0005)
target class rate on Vs: 0.9750
accuracy on clean test nodes: 0.8534
Overall ASR: 0.9361
Flip ASR: 0.9196/1554 nodes
Namespace(cuda=True, dataset='Pubmed', debug=True, defense_mode='none', device_id=1, dis_weight=0.0, dropout=0.5, epochs=200, evaluate_mode='1by1', hidden=32, homo_boost_thrd=0.5, homo_loss_weight=200.0, inner=1, lr=0.01, model='GCN', no_cuda=False, prune_thr=0.8, seed=125, selection_method='cluster_degree', target_class=0, target_loss_weight=1, test_model='GCN', thrd=0.5, train_lr=0.01, trigger_size=3, trojan_epochs=2000, use_vs_number=True, vs_number=40, vs_ratio=0, weight_decay=0.0005)
target class rate on Vs: 1.0000
accuracy on clean test nodes: 0.8534
Overall ASR: 0.9280
Flip ASR: 0.9112/1554 nodes
Namespace(cuda=True, dataset='Pubmed', debug=True, defense_mode='none', device_id=1, dis_weight=0.0, dropout=0.5, epochs=200, evaluate_mode='1by1', hidden=32, homo_boost_thrd=0.5, homo_loss_weight=200.0, inner=1, lr=0.01, model='GCN', no_cuda=False, prune_thr=0.8, seed=996, selection_method='cluster_degree', target_class=0, target_loss_weight=1, test_model='GCN', thrd=0.5, train_lr=0.01, trigger_size=3, trojan_epochs=2000, use_vs_number=True, vs_number=40, vs_ratio=0, weight_decay=0.0005)
target class rate on Vs: 1.0000
accuracy on clean test nodes: 0.8529
Overall ASR: 0.9432
Flip ASR: 0.9286/1554 nodes
Namespace(cuda=True, dataset='Pubmed', debug=True, defense_mode='none', device_id=1, dis_weight=0.0, dropout=0.5, epochs=200, evaluate_mode='1by1', hidden=32, homo_boost_thrd=0.5, homo_loss_weight=200.0, inner=1, lr=0.01, model='GCN', no_cuda=False, prune_thr=0.8, seed=527, selection_method='cluster_degree', target_class=0, target_loss_weight=1, test_model='GCN', thrd=0.5, train_lr=0.01, trigger_size=3, trojan_epochs=2000, use_vs_number=True, vs_number=40, vs_ratio=0, weight_decay=0.0005)
target class rate on Vs: 0.9750
accuracy on clean test nodes: 0.8529
Overall ASR: 0.9290
Flip ASR: 0.9112/1554 nodes
Namespace(cuda=True, dataset='Pubmed', debug=True, defense_mode='none', device_id=1, dis_weight=0.0, dropout=0.5, epochs=200, evaluate_mode='1by1', hidden=32, homo_boost_thrd=0.5, homo_loss_weight=200.0, inner=1, lr=0.01, model='GCN', no_cuda=False, prune_thr=0.8, seed=320, selection_method='cluster_degree', target_class=0, target_loss_weight=1, test_model='GCN', thrd=0.5, train_lr=0.01, trigger_size=3, trojan_epochs=2000, use_vs_number=True, vs_number=40, vs_ratio=0, weight_decay=0.0005)
target class rate on Vs: 1.0000
accuracy on clean test nodes: 0.8529
Overall ASR: 0.9356
Flip ASR: 0.9202/1554 nodes
Overall ASR: 0.9344 (GCN model, Seed: 320)
Overall Clean Accuracy: 0.8531
Namespace(cuda=True, dataset='Pubmed', debug=True, defense_mode='none', device_id=1, dis_weight=0.0, dropout=0.5, epochs=200, evaluate_mode='1by1', hidden=32, homo_boost_thrd=0.5, homo_loss_weight=200.0, inner=1, lr=0.01, model='GCN', no_cuda=False, prune_thr=0.8, seed=781, selection_method='cluster_degree', target_class=0, target_loss_weight=1, test_model='GAT', thrd=0.5, train_lr=0.01, trigger_size=3, trojan_epochs=2000, use_vs_number=True, vs_number=40, vs_ratio=0, weight_decay=0.0005)
/home/project-graph-backdoor/Backdoor/models/GAT.py:61: UserWarning: To copy construct from a tensor, it is recommended to use sourceTensor.clone().detach() or sourceTensor.clone().detach().requires_grad_(True), rather than torch.tensor(sourceTensor).
  self.labels = torch.tensor(labels, dtype=torch.long)
target class rate on Vs: 0.8500
accuracy on clean test nodes: 0.8442
Overall ASR: 0.8083
Flip ASR: 0.7600/1554 nodes
Namespace(cuda=True, dataset='Pubmed', debug=True, defense_mode='none', device_id=1, dis_weight=0.0, dropout=0.5, epochs=200, evaluate_mode='1by1', hidden=32, homo_boost_thrd=0.5, homo_loss_weight=200.0, inner=1, lr=0.01, model='GCN', no_cuda=False, prune_thr=0.8, seed=706, selection_method='cluster_degree', target_class=0, target_loss_weight=1, test_model='GAT', thrd=0.5, train_lr=0.01, trigger_size=3, trojan_epochs=2000, use_vs_number=True, vs_number=40, vs_ratio=0, weight_decay=0.0005)
target class rate on Vs: 0.8750
accuracy on clean test nodes: 0.8417
Overall ASR: 0.8763
Flip ASR: 0.8456/1554 nodes
Namespace(cuda=True, dataset='Pubmed', debug=True, defense_mode='none', device_id=1, dis_weight=0.0, dropout=0.5, epochs=200, evaluate_mode='1by1', hidden=32, homo_boost_thrd=0.5, homo_loss_weight=200.0, inner=1, lr=0.01, model='GCN', no_cuda=False, prune_thr=0.8, seed=778, selection_method='cluster_degree', target_class=0, target_loss_weight=1, test_model='GAT', thrd=0.5, train_lr=0.01, trigger_size=3, trojan_epochs=2000, use_vs_number=True, vs_number=40, vs_ratio=0, weight_decay=0.0005)
target class rate on Vs: 1.0000
accuracy on clean test nodes: 0.8402
Overall ASR: 0.8240
Flip ASR: 0.7793/1554 nodes
Namespace(cuda=True, dataset='Pubmed', debug=True, defense_mode='none', device_id=1, dis_weight=0.0, dropout=0.5, epochs=200, evaluate_mode='1by1', hidden=32, homo_boost_thrd=0.5, homo_loss_weight=200.0, inner=1, lr=0.01, model='GCN', no_cuda=False, prune_thr=0.8, seed=604, selection_method='cluster_degree', target_class=0, target_loss_weight=1, test_model='GAT', thrd=0.5, train_lr=0.01, trigger_size=3, trojan_epochs=2000, use_vs_number=True, vs_number=40, vs_ratio=0, weight_decay=0.0005)
target class rate on Vs: 0.8750
accuracy on clean test nodes: 0.8392
Overall ASR: 0.8463
Flip ASR: 0.8069/1554 nodes
Namespace(cuda=True, dataset='Pubmed', debug=True, defense_mode='none', device_id=1, dis_weight=0.0, dropout=0.5, epochs=200, evaluate_mode='1by1', hidden=32, homo_boost_thrd=0.5, homo_loss_weight=200.0, inner=1, lr=0.01, model='GCN', no_cuda=False, prune_thr=0.8, seed=133, selection_method='cluster_degree', target_class=0, target_loss_weight=1, test_model='GAT', thrd=0.5, train_lr=0.01, trigger_size=3, trojan_epochs=2000, use_vs_number=True, vs_number=40, vs_ratio=0, weight_decay=0.0005)
target class rate on Vs: 0.9750
accuracy on clean test nodes: 0.8382
Overall ASR: 0.8727
Flip ASR: 0.8411/1554 nodes
Overall ASR: 0.8455 (GAT model, Seed: 133)
Overall Clean Accuracy: 0.8407
Namespace(cuda=True, dataset='Pubmed', debug=True, defense_mode='none', device_id=1, dis_weight=0.0, dropout=0.5, epochs=200, evaluate_mode='1by1', hidden=32, homo_boost_thrd=0.5, homo_loss_weight=200.0, inner=1, lr=0.01, model='GCN', no_cuda=False, prune_thr=0.8, seed=673, selection_method='cluster_degree', target_class=0, target_loss_weight=1, test_model='GraphSage', thrd=0.5, train_lr=0.01, trigger_size=3, trojan_epochs=2000, use_vs_number=True, vs_number=40, vs_ratio=0, weight_decay=0.0005)
target class rate on Vs: 0.9750
accuracy on clean test nodes: 0.8620
Overall ASR: 0.9168
Flip ASR: 0.8990/1554 nodes
Namespace(cuda=True, dataset='Pubmed', debug=True, defense_mode='none', device_id=1, dis_weight=0.0, dropout=0.5, epochs=200, evaluate_mode='1by1', hidden=32, homo_boost_thrd=0.5, homo_loss_weight=200.0, inner=1, lr=0.01, model='GCN', no_cuda=False, prune_thr=0.8, seed=904, selection_method='cluster_degree', target_class=0, target_loss_weight=1, test_model='GraphSage', thrd=0.5, train_lr=0.01, trigger_size=3, trojan_epochs=2000, use_vs_number=True, vs_number=40, vs_ratio=0, weight_decay=0.0005)
target class rate on Vs: 0.9750
accuracy on clean test nodes: 0.8625
Overall ASR: 0.9189
Flip ASR: 0.9009/1554 nodes
Namespace(cuda=True, dataset='Pubmed', debug=True, defense_mode='none', device_id=1, dis_weight=0.0, dropout=0.5, epochs=200, evaluate_mode='1by1', hidden=32, homo_boost_thrd=0.5, homo_loss_weight=200.0, inner=1, lr=0.01, model='GCN', no_cuda=False, prune_thr=0.8, seed=56, selection_method='cluster_degree', target_class=0, target_loss_weight=1, test_model='GraphSage', thrd=0.5, train_lr=0.01, trigger_size=3, trojan_epochs=2000, use_vs_number=True, vs_number=40, vs_ratio=0, weight_decay=0.0005)
target class rate on Vs: 0.9750
accuracy on clean test nodes: 0.8630
Overall ASR: 0.9087
Flip ASR: 0.8887/1554 nodes
Namespace(cuda=True, dataset='Pubmed', debug=True, defense_mode='none', device_id=1, dis_weight=0.0, dropout=0.5, epochs=200, evaluate_mode='1by1', hidden=32, homo_boost_thrd=0.5, homo_loss_weight=200.0, inner=1, lr=0.01, model='GCN', no_cuda=False, prune_thr=0.8, seed=1, selection_method='cluster_degree', target_class=0, target_loss_weight=1, test_model='GraphSage', thrd=0.5, train_lr=0.01, trigger_size=3, trojan_epochs=2000, use_vs_number=True, vs_number=40, vs_ratio=0, weight_decay=0.0005)
target class rate on Vs: 0.9000
accuracy on clean test nodes: 0.8610
Overall ASR: 0.9016
Flip ASR: 0.8803/1554 nodes
Namespace(cuda=True, dataset='Pubmed', debug=True, defense_mode='none', device_id=1, dis_weight=0.0, dropout=0.5, epochs=200, evaluate_mode='1by1', hidden=32, homo_boost_thrd=0.5, homo_loss_weight=200.0, inner=1, lr=0.01, model='GCN', no_cuda=False, prune_thr=0.8, seed=694, selection_method='cluster_degree', target_class=0, target_loss_weight=1, test_model='GraphSage', thrd=0.5, train_lr=0.01, trigger_size=3, trojan_epochs=2000, use_vs_number=True, vs_number=40, vs_ratio=0, weight_decay=0.0005)
target class rate on Vs: 0.9750
accuracy on clean test nodes: 0.8625
Overall ASR: 0.9163
Flip ASR: 0.8983/1554 nodes
Overall ASR: 0.9125 (GraphSage model, Seed: 694)
Overall Clean Accuracy: 0.8622
Total Overall ASR: 0.8975 
Total Clean Accuracy: 0.8520
