nohup: ignoring input
Namespace(cuda=True, dataset='Pubmed', debug=True, defense_mode='none', device_id=2, dis_weight=1.0, dropout=0.5, epochs=200, evaluate_mode='1by1', hidden=32, homo_boost_thrd=0.5, homo_loss_weight=3.0, inner=1, lr=0.01, model='GCN', no_cuda=False, prune_thr=0.15, seed=11, selection_method='none', target_class=0, target_loss_weight=1, test_model='GCN', thrd=0.5, train_lr=0.01, trigger_size=3, trojan_epochs=200, use_vs_number=True, vs_number=60, vs_ratio=0, weight_decay=0.0005)
Length of training set: 3943
Training benign model Finished!
Total time elapsed: 2.1483s
Benign CA: 0.8554
#Attach Nodes:60
idx_attach: tensor([15043, 11176, 18495, 13856,  7735, 17027, 16900, 10353, 15081,  4018,
         4065, 17271,  1025,  9514,  7970,  8997,  9593, 19110, 16170, 10267,
         4135, 12907, 17633,  1512, 15716, 16566,  9525,   378, 13898,   249,
        13238, 15191, 13783,  5275, 14931, 19011, 16362,  1484,  3456, 14990,
        10455, 10221,  5535,  6725,  5383, 19243, 14552, 13781,  2516,  8741,
        18391, 16902, 17186, 13196,  5105, 12865, 18031, 19386,  5164,  3766],
       device='cuda:2')
Epoch 0, loss_inner: 1.09894, loss_target: 1.08731, homo loss: 0.49442 
acc_train_clean: 0.3216, ASR_train_attach: 0.0167, ASR_train_outter: 0.5839
Epoch 10, loss_inner: 0.96823, loss_target: 0.86190, homo loss: 0.21789 
acc_train_clean: 0.6391, ASR_train_attach: 1.0000, ASR_train_outter: 0.9895
Epoch 20, loss_inner: 0.89856, loss_target: 0.75660, homo loss: 0.20429 
acc_train_clean: 0.6911, ASR_train_attach: 0.3333, ASR_train_outter: 0.9580
Epoch 30, loss_inner: 0.76511, loss_target: 0.70813, homo loss: 0.15310 
acc_train_clean: 0.7682, ASR_train_attach: 0.8167, ASR_train_outter: 0.8374
Epoch 40, loss_inner: 0.67276, loss_target: 0.61262, homo loss: 0.10547 
acc_train_clean: 0.8227, ASR_train_attach: 0.9333, ASR_train_outter: 0.9178
Epoch 50, loss_inner: 0.59333, loss_target: 0.54035, homo loss: 0.09727 
acc_train_clean: 0.8349, ASR_train_attach: 0.9833, ASR_train_outter: 0.9580
Epoch 60, loss_inner: 0.53463, loss_target: 0.50704, homo loss: 0.06180 
acc_train_clean: 0.8433, ASR_train_attach: 0.9167, ASR_train_outter: 0.8899
Epoch 70, loss_inner: 0.49462, loss_target: 0.48374, homo loss: 0.02198 
acc_train_clean: 0.8529, ASR_train_attach: 0.8500, ASR_train_outter: 0.8357
Epoch 80, loss_inner: 0.46703, loss_target: 0.43989, homo loss: 0.08039 
acc_train_clean: 0.8519, ASR_train_attach: 0.9833, ASR_train_outter: 0.9878
Epoch 90, loss_inner: 0.44630, loss_target: 0.41845, homo loss: 0.01158 
acc_train_clean: 0.8575, ASR_train_attach: 0.9667, ASR_train_outter: 0.9318
Epoch 100, loss_inner: 0.43038, loss_target: 0.40340, homo loss: 0.00388 
acc_train_clean: 0.8625, ASR_train_attach: 0.9667, ASR_train_outter: 0.9353
Epoch 110, loss_inner: 0.43714, loss_target: 0.53512, homo loss: 0.26991 
acc_train_clean: 0.8613, ASR_train_attach: 1.0000, ASR_train_outter: 0.9878
Epoch 120, loss_inner: 0.41278, loss_target: 0.40132, homo loss: 0.16020 
acc_train_clean: 0.8671, ASR_train_attach: 0.9667, ASR_train_outter: 0.9073
Epoch 130, loss_inner: 0.40286, loss_target: 0.38425, homo loss: 0.07602 
acc_train_clean: 0.8686, ASR_train_attach: 0.9667, ASR_train_outter: 0.9248
Epoch 140, loss_inner: 0.39467, loss_target: 0.38319, homo loss: 0.04786 
acc_train_clean: 0.8729, ASR_train_attach: 0.9500, ASR_train_outter: 0.9336
Epoch 150, loss_inner: 0.39170, loss_target: 0.40190, homo loss: 0.10212 
acc_train_clean: 0.8696, ASR_train_attach: 0.9833, ASR_train_outter: 0.9615
Epoch 160, loss_inner: 0.38346, loss_target: 0.36364, homo loss: 0.02354 
acc_train_clean: 0.8737, ASR_train_attach: 0.9667, ASR_train_outter: 0.9493
Epoch 170, loss_inner: 0.37737, loss_target: 0.35973, homo loss: 0.00451 
acc_train_clean: 0.8742, ASR_train_attach: 0.9667, ASR_train_outter: 0.9301
Epoch 180, loss_inner: 0.37141, loss_target: 0.35234, homo loss: 0.00173 
acc_train_clean: 0.8757, ASR_train_attach: 0.9667, ASR_train_outter: 0.9353
Epoch 190, loss_inner: 0.37207, loss_target: 0.36359, homo loss: 0.14246 
acc_train_clean: 0.8760, ASR_train_attach: 0.9833, ASR_train_outter: 0.9685
precent of left attach nodes: 1.000
Namespace(cuda=True, dataset='Pubmed', debug=True, defense_mode='none', device_id=2, dis_weight=1.0, dropout=0.5, epochs=200, evaluate_mode='1by1', hidden=32, homo_boost_thrd=0.5, homo_loss_weight=3.0, inner=1, lr=0.01, model='GCN', no_cuda=False, prune_thr=0.15, seed=921, selection_method='none', target_class=0, target_loss_weight=1, test_model='GCN', thrd=0.5, train_lr=0.01, trigger_size=3, trojan_epochs=200, use_vs_number=True, vs_number=60, vs_ratio=0, weight_decay=0.0005)
target class rate on Vs: 0.9667
accuracy on clean test nodes: 0.8488
Overall ASR: 0.9163
Flip ASR: 0.8964/1554 nodes
Namespace(cuda=True, dataset='Pubmed', debug=True, defense_mode='none', device_id=2, dis_weight=1.0, dropout=0.5, epochs=200, evaluate_mode='1by1', hidden=32, homo_boost_thrd=0.5, homo_loss_weight=3.0, inner=1, lr=0.01, model='GCN', no_cuda=False, prune_thr=0.15, seed=703, selection_method='none', target_class=0, target_loss_weight=1, test_model='GCN', thrd=0.5, train_lr=0.01, trigger_size=3, trojan_epochs=200, use_vs_number=True, vs_number=60, vs_ratio=0, weight_decay=0.0005)
target class rate on Vs: 0.9667
accuracy on clean test nodes: 0.8519
Overall ASR: 0.9189
Flip ASR: 0.8983/1554 nodes
Namespace(cuda=True, dataset='Pubmed', debug=True, defense_mode='none', device_id=2, dis_weight=1.0, dropout=0.5, epochs=200, evaluate_mode='1by1', hidden=32, homo_boost_thrd=0.5, homo_loss_weight=3.0, inner=1, lr=0.01, model='GCN', no_cuda=False, prune_thr=0.15, seed=80, selection_method='none', target_class=0, target_loss_weight=1, test_model='GCN', thrd=0.5, train_lr=0.01, trigger_size=3, trojan_epochs=200, use_vs_number=True, vs_number=60, vs_ratio=0, weight_decay=0.0005)
target class rate on Vs: 0.9667
accuracy on clean test nodes: 0.8503
Overall ASR: 0.9113
Flip ASR: 0.8900/1554 nodes
Namespace(cuda=True, dataset='Pubmed', debug=True, defense_mode='none', device_id=2, dis_weight=1.0, dropout=0.5, epochs=200, evaluate_mode='1by1', hidden=32, homo_boost_thrd=0.5, homo_loss_weight=3.0, inner=1, lr=0.01, model='GCN', no_cuda=False, prune_thr=0.15, seed=91, selection_method='none', target_class=0, target_loss_weight=1, test_model='GCN', thrd=0.5, train_lr=0.01, trigger_size=3, trojan_epochs=200, use_vs_number=True, vs_number=60, vs_ratio=0, weight_decay=0.0005)
target class rate on Vs: 0.9833
accuracy on clean test nodes: 0.8519
Overall ASR: 0.9386
Flip ASR: 0.9228/1554 nodes
Namespace(cuda=True, dataset='Pubmed', debug=True, defense_mode='none', device_id=2, dis_weight=1.0, dropout=0.5, epochs=200, evaluate_mode='1by1', hidden=32, homo_boost_thrd=0.5, homo_loss_weight=3.0, inner=1, lr=0.01, model='GCN', no_cuda=False, prune_thr=0.15, seed=337, selection_method='none', target_class=0, target_loss_weight=1, test_model='GCN', thrd=0.5, train_lr=0.01, trigger_size=3, trojan_epochs=200, use_vs_number=True, vs_number=60, vs_ratio=0, weight_decay=0.0005)
target class rate on Vs: 0.9667
accuracy on clean test nodes: 0.8524
Overall ASR: 0.9239
Flip ASR: 0.9048/1554 nodes
Overall ASR: 0.9218 (GCN model, Seed: 337)
Overall Clean Accuracy: 0.8510
Namespace(cuda=True, dataset='Pubmed', debug=True, defense_mode='none', device_id=2, dis_weight=1.0, dropout=0.5, epochs=200, evaluate_mode='1by1', hidden=32, homo_boost_thrd=0.5, homo_loss_weight=3.0, inner=1, lr=0.01, model='GCN', no_cuda=False, prune_thr=0.15, seed=260, selection_method='none', target_class=0, target_loss_weight=1, test_model='GAT', thrd=0.5, train_lr=0.01, trigger_size=3, trojan_epochs=200, use_vs_number=True, vs_number=60, vs_ratio=0, weight_decay=0.0005)
target class rate on Vs: 0.9333
accuracy on clean test nodes: 0.8376
Overall ASR: 0.8200
Flip ASR: 0.7780/1554 nodes
/home/mfl5681/project-backdoor/Backdoor/models/GAT.py:61: UserWarning: To copy construct from a tensor, it is recommended to use sourceTensor.clone().detach() or sourceTensor.clone().detach().requires_grad_(True), rather than torch.tensor(sourceTensor).
  self.labels = torch.tensor(labels, dtype=torch.long)
Namespace(cuda=True, dataset='Pubmed', debug=True, defense_mode='none', device_id=2, dis_weight=1.0, dropout=0.5, epochs=200, evaluate_mode='1by1', hidden=32, homo_boost_thrd=0.5, homo_loss_weight=3.0, inner=1, lr=0.01, model='GCN', no_cuda=False, prune_thr=0.15, seed=66, selection_method='none', target_class=0, target_loss_weight=1, test_model='GAT', thrd=0.5, train_lr=0.01, trigger_size=3, trojan_epochs=200, use_vs_number=True, vs_number=60, vs_ratio=0, weight_decay=0.0005)
target class rate on Vs: 0.9333
accuracy on clean test nodes: 0.8427
Overall ASR: 0.8311
Flip ASR: 0.7947/1554 nodes
Namespace(cuda=True, dataset='Pubmed', debug=True, defense_mode='none', device_id=2, dis_weight=1.0, dropout=0.5, epochs=200, evaluate_mode='1by1', hidden=32, homo_boost_thrd=0.5, homo_loss_weight=3.0, inner=1, lr=0.01, model='GCN', no_cuda=False, prune_thr=0.15, seed=441, selection_method='none', target_class=0, target_loss_weight=1, test_model='GAT', thrd=0.5, train_lr=0.01, trigger_size=3, trojan_epochs=200, use_vs_number=True, vs_number=60, vs_ratio=0, weight_decay=0.0005)
target class rate on Vs: 0.9500
accuracy on clean test nodes: 0.8376
Overall ASR: 0.8342
Flip ASR: 0.7960/1554 nodes
Namespace(cuda=True, dataset='Pubmed', debug=True, defense_mode='none', device_id=2, dis_weight=1.0, dropout=0.5, epochs=200, evaluate_mode='1by1', hidden=32, homo_boost_thrd=0.5, homo_loss_weight=3.0, inner=1, lr=0.01, model='GCN', no_cuda=False, prune_thr=0.15, seed=443, selection_method='none', target_class=0, target_loss_weight=1, test_model='GAT', thrd=0.5, train_lr=0.01, trigger_size=3, trojan_epochs=200, use_vs_number=True, vs_number=60, vs_ratio=0, weight_decay=0.0005)
target class rate on Vs: 0.9833
accuracy on clean test nodes: 0.8432
Overall ASR: 0.8595
Flip ASR: 0.8269/1554 nodes
Namespace(cuda=True, dataset='Pubmed', debug=True, defense_mode='none', device_id=2, dis_weight=1.0, dropout=0.5, epochs=200, evaluate_mode='1by1', hidden=32, homo_boost_thrd=0.5, homo_loss_weight=3.0, inner=1, lr=0.01, model='GCN', no_cuda=False, prune_thr=0.15, seed=63, selection_method='none', target_class=0, target_loss_weight=1, test_model='GAT', thrd=0.5, train_lr=0.01, trigger_size=3, trojan_epochs=200, use_vs_number=True, vs_number=60, vs_ratio=0, weight_decay=0.0005)
target class rate on Vs: 0.9500
accuracy on clean test nodes: 0.8366
Overall ASR: 0.8271
Flip ASR: 0.7889/1554 nodes
Overall ASR: 0.8344 (GAT model, Seed: 63)
Overall Clean Accuracy: 0.8396
Namespace(cuda=True, dataset='Pubmed', debug=True, defense_mode='none', device_id=2, dis_weight=1.0, dropout=0.5, epochs=200, evaluate_mode='1by1', hidden=32, homo_boost_thrd=0.5, homo_loss_weight=3.0, inner=1, lr=0.01, model='GCN', no_cuda=False, prune_thr=0.15, seed=44, selection_method='none', target_class=0, target_loss_weight=1, test_model='GraphSage', thrd=0.5, train_lr=0.01, trigger_size=3, trojan_epochs=200, use_vs_number=True, vs_number=60, vs_ratio=0, weight_decay=0.0005)
target class rate on Vs: 0.9667
accuracy on clean test nodes: 0.8590
Overall ASR: 0.8788
Flip ASR: 0.8501/1554 nodes
Namespace(cuda=True, dataset='Pubmed', debug=True, defense_mode='none', device_id=2, dis_weight=1.0, dropout=0.5, epochs=200, evaluate_mode='1by1', hidden=32, homo_boost_thrd=0.5, homo_loss_weight=3.0, inner=1, lr=0.01, model='GCN', no_cuda=False, prune_thr=0.15, seed=116, selection_method='none', target_class=0, target_loss_weight=1, test_model='GraphSage', thrd=0.5, train_lr=0.01, trigger_size=3, trojan_epochs=200, use_vs_number=True, vs_number=60, vs_ratio=0, weight_decay=0.0005)
target class rate on Vs: 0.9667
accuracy on clean test nodes: 0.8595
Overall ASR: 0.8707
Flip ASR: 0.8398/1554 nodes
Namespace(cuda=True, dataset='Pubmed', debug=True, defense_mode='none', device_id=2, dis_weight=1.0, dropout=0.5, epochs=200, evaluate_mode='1by1', hidden=32, homo_boost_thrd=0.5, homo_loss_weight=3.0, inner=1, lr=0.01, model='GCN', no_cuda=False, prune_thr=0.15, seed=139, selection_method='none', target_class=0, target_loss_weight=1, test_model='GraphSage', thrd=0.5, train_lr=0.01, trigger_size=3, trojan_epochs=200, use_vs_number=True, vs_number=60, vs_ratio=0, weight_decay=0.0005)
target class rate on Vs: 0.9667
accuracy on clean test nodes: 0.8615
Overall ASR: 0.8829
Flip ASR: 0.8546/1554 nodes
Namespace(cuda=True, dataset='Pubmed', debug=True, defense_mode='none', device_id=2, dis_weight=1.0, dropout=0.5, epochs=200, evaluate_mode='1by1', hidden=32, homo_boost_thrd=0.5, homo_loss_weight=3.0, inner=1, lr=0.01, model='GCN', no_cuda=False, prune_thr=0.15, seed=215, selection_method='none', target_class=0, target_loss_weight=1, test_model='GraphSage', thrd=0.5, train_lr=0.01, trigger_size=3, trojan_epochs=200, use_vs_number=True, vs_number=60, vs_ratio=0, weight_decay=0.0005)
target class rate on Vs: 0.9667
accuracy on clean test nodes: 0.8635
Overall ASR: 0.8824
Flip ASR: 0.8546/1554 nodes
Namespace(cuda=True, dataset='Pubmed', debug=True, defense_mode='none', device_id=2, dis_weight=1.0, dropout=0.5, epochs=200, evaluate_mode='1by1', hidden=32, homo_boost_thrd=0.5, homo_loss_weight=3.0, inner=1, lr=0.01, model='GCN', no_cuda=False, prune_thr=0.15, seed=338, selection_method='none', target_class=0, target_loss_weight=1, test_model='GraphSage', thrd=0.5, train_lr=0.01, trigger_size=3, trojan_epochs=200, use_vs_number=True, vs_number=60, vs_ratio=0, weight_decay=0.0005)
target class rate on Vs: 0.9500
accuracy on clean test nodes: 0.8584
Overall ASR: 0.8712
Flip ASR: 0.8404/1554 nodes
Overall ASR: 0.8772 (GraphSage model, Seed: 338)
Overall Clean Accuracy: 0.8604
Total Overall ASR: 0.8778 
Total Clean Accuracy: 0.8503
