nohup: ignoring input
Namespace(cuda=True, dataset='Pubmed', debug=True, defense_mode='none', device_id=2, dis_weight=0.0, dropout=0.5, epochs=200, evaluate_mode='1by1', hidden=32, homo_boost_thrd=0.5, homo_loss_weight=1.0, inner=1, lr=0.01, model='GCN', no_cuda=False, prune_thr=0.15, seed=11, selection_method='cluster_degree', target_class=0, target_loss_weight=1, test_model='GCN', thrd=0.5, train_lr=0.01, trigger_size=3, trojan_epochs=200, use_vs_number=True, vs_number=60, vs_ratio=0, weight_decay=0.0005)
Length of training set: 3943
Training benign model Finished!
Total time elapsed: 2.0146s
Benign CA: 0.8554
#Attach Nodes:60
Length of training set: 3943
=== training gcn model ===
Epoch 0, training loss: 1.1248021125793457
acc_val: 0.2035
Epoch 10, training loss: 1.035003423690796
acc_val: 0.4033
Epoch 20, training loss: 0.9271933436393738
acc_val: 0.4485
Epoch 30, training loss: 0.7763608694076538
acc_val: 0.6799
Epoch 40, training loss: 0.6315062642097473
acc_val: 0.8234
Epoch 50, training loss: 0.5373746752738953
acc_val: 0.8432
Epoch 60, training loss: 0.4778428375720978
acc_val: 0.8584
Epoch 70, training loss: 0.44524946808815
acc_val: 0.8605
Epoch 80, training loss: 0.42119717597961426
acc_val: 0.8650
Epoch 90, training loss: 0.39013704657554626
acc_val: 0.8681
Epoch 100, training loss: 0.3752492666244507
acc_val: 0.8645
Epoch 110, training loss: 0.3645612597465515
acc_val: 0.8706
Epoch 120, training loss: 0.35561615228652954
acc_val: 0.8737
Epoch 130, training loss: 0.343599796295166
acc_val: 0.8701
Epoch 140, training loss: 0.3385894000530243
acc_val: 0.8727
Epoch 150, training loss: 0.33884504437446594
acc_val: 0.8747
Epoch 160, training loss: 0.3325924575328827
acc_val: 0.8747
Epoch 170, training loss: 0.3178776502609253
acc_val: 0.8782
Epoch 180, training loss: 0.3197653889656067
acc_val: 0.8757
Epoch 190, training loss: 0.32270288467407227
acc_val: 0.8716
=== picking the best model according to the performance on validation ===
Training encoder Finished!
Total time elapsed: 1.5718s
Encoder CA on clean test nodes: 0.8579
idx_sing_class [    0     1     4 ... 19700 19702 19704]
current_class_size 30
./selected_nodes/Pubmed/Seperate/seed11/class_1.txt
[ 2622.  7012.  6767. ... 16214.   903. 11450.]
idx_sing_class [    3     5     6 ... 19712 19714 19716]
current_class_size 30
./selected_nodes/Pubmed/Seperate/seed11/class_2.txt
[ 6834. 13199.   694. ...   580. 15548.  1205.]
idx_attach: tensor([ 2622,  7012,  6767,  6293,  8622, 11151, 12196,  1176, 14578, 19257,
         3121, 15916, 12852, 14851,  4210,  8071, 14236, 14840,  9493, 17390,
         7813, 13439,   821,  8004, 16238,  4045, 19558, 13923,  7882,  1387,
         6834, 13199,   694, 11009, 10937,  9532, 17660, 11005,  7654,   688,
        13329, 11718,  5292,  7776, 16845,  1376,  9680, 10614,  7241, 13777,
         9859,  7324, 11287, 15213, 14826, 19461, 19272, 14959, 16090,  2471],
       device='cuda:2')
Epoch 0, loss_inner: 1.09881, loss_target: 1.08965, homo loss: 0.48498 
acc_train_clean: 0.3467, ASR_train_attach: 0.0000, ASR_train_outter: 0.0000
Epoch 10, loss_inner: 0.95618, loss_target: 0.85149, homo loss: 0.23126 
acc_train_clean: 0.6579, ASR_train_attach: 1.0000, ASR_train_outter: 0.9948
Epoch 20, loss_inner: 0.87061, loss_target: 0.88747, homo loss: 0.22785 
acc_train_clean: 0.7918, ASR_train_attach: 1.0000, ASR_train_outter: 1.0000
Epoch 30, loss_inner: 0.79024, loss_target: 0.71167, homo loss: 0.23484 
acc_train_clean: 0.7241, ASR_train_attach: 0.9500, ASR_train_outter: 0.9458
Epoch 40, loss_inner: 0.70353, loss_target: 0.63511, homo loss: 0.20548 
acc_train_clean: 0.8291, ASR_train_attach: 0.9500, ASR_train_outter: 0.9510
Epoch 50, loss_inner: 0.62615, loss_target: 0.56673, homo loss: 0.16425 
acc_train_clean: 0.8306, ASR_train_attach: 0.9333, ASR_train_outter: 0.9458
Epoch 60, loss_inner: 0.56215, loss_target: 0.51223, homo loss: 0.12649 
acc_train_clean: 0.8438, ASR_train_attach: 0.9333, ASR_train_outter: 0.9441
Epoch 70, loss_inner: 0.51729, loss_target: 0.47921, homo loss: 0.10933 
acc_train_clean: 0.8506, ASR_train_attach: 0.9333, ASR_train_outter: 0.9441
Epoch 80, loss_inner: 0.48471, loss_target: 0.45807, homo loss: 0.08801 
acc_train_clean: 0.8537, ASR_train_attach: 0.8833, ASR_train_outter: 0.8986
Epoch 90, loss_inner: 0.46182, loss_target: 0.45282, homo loss: 0.16092 
acc_train_clean: 0.8547, ASR_train_attach: 1.0000, ASR_train_outter: 0.9895
Epoch 100, loss_inner: 0.44947, loss_target: 0.46067, homo loss: 0.21740 
acc_train_clean: 0.8554, ASR_train_attach: 1.0000, ASR_train_outter: 0.9773
Epoch 110, loss_inner: 0.43039, loss_target: 0.40552, homo loss: 0.16205 
acc_train_clean: 0.8641, ASR_train_attach: 1.0000, ASR_train_outter: 0.9720
Epoch 120, loss_inner: 0.41816, loss_target: 0.38784, homo loss: 0.09976 
acc_train_clean: 0.8674, ASR_train_attach: 0.9167, ASR_train_outter: 0.9353
Epoch 130, loss_inner: 0.40784, loss_target: 0.37690, homo loss: 0.06750 
acc_train_clean: 0.8712, ASR_train_attach: 0.9167, ASR_train_outter: 0.9598
Epoch 140, loss_inner: 0.39855, loss_target: 0.37123, homo loss: 0.07982 
acc_train_clean: 0.8724, ASR_train_attach: 0.9167, ASR_train_outter: 0.9650
Epoch 150, loss_inner: 0.40886, loss_target: 0.47810, homo loss: 0.27306 
acc_train_clean: 0.8674, ASR_train_attach: 1.0000, ASR_train_outter: 0.9930
Epoch 160, loss_inner: 0.39089, loss_target: 0.36565, homo loss: 0.15885 
acc_train_clean: 0.8709, ASR_train_attach: 0.9667, ASR_train_outter: 0.9790
Epoch 170, loss_inner: 0.38287, loss_target: 0.35314, homo loss: 0.11207 
acc_train_clean: 0.8747, ASR_train_attach: 0.9500, ASR_train_outter: 0.9668
Epoch 180, loss_inner: 0.37681, loss_target: 0.35016, homo loss: 0.06518 
acc_train_clean: 0.8780, ASR_train_attach: 0.9167, ASR_train_outter: 0.9528
Epoch 190, loss_inner: 0.38160, loss_target: 0.39655, homo loss: 0.04347 
acc_train_clean: 0.8788, ASR_train_attach: 0.5333, ASR_train_outter: 0.7220
precent of left attach nodes: 1.000
Namespace(cuda=True, dataset='Pubmed', debug=True, defense_mode='none', device_id=2, dis_weight=0.0, dropout=0.5, epochs=200, evaluate_mode='1by1', hidden=32, homo_boost_thrd=0.5, homo_loss_weight=1.0, inner=1, lr=0.01, model='GCN', no_cuda=False, prune_thr=0.15, seed=921, selection_method='cluster_degree', target_class=0, target_loss_weight=1, test_model='GCN', thrd=0.5, train_lr=0.01, trigger_size=3, trojan_epochs=200, use_vs_number=True, vs_number=60, vs_ratio=0, weight_decay=0.0005)
target class rate on Vs: 0.9667
accuracy on clean test nodes: 0.8503
Overall ASR: 0.9062
Flip ASR: 0.8822/1554 nodes
Namespace(cuda=True, dataset='Pubmed', debug=True, defense_mode='none', device_id=2, dis_weight=0.0, dropout=0.5, epochs=200, evaluate_mode='1by1', hidden=32, homo_boost_thrd=0.5, homo_loss_weight=1.0, inner=1, lr=0.01, model='GCN', no_cuda=False, prune_thr=0.15, seed=703, selection_method='cluster_degree', target_class=0, target_loss_weight=1, test_model='GCN', thrd=0.5, train_lr=0.01, trigger_size=3, trojan_epochs=200, use_vs_number=True, vs_number=60, vs_ratio=0, weight_decay=0.0005)
target class rate on Vs: 0.9000
accuracy on clean test nodes: 0.8549
Overall ASR: 0.8712
Flip ASR: 0.8404/1554 nodes
Namespace(cuda=True, dataset='Pubmed', debug=True, defense_mode='none', device_id=2, dis_weight=0.0, dropout=0.5, epochs=200, evaluate_mode='1by1', hidden=32, homo_boost_thrd=0.5, homo_loss_weight=1.0, inner=1, lr=0.01, model='GCN', no_cuda=False, prune_thr=0.15, seed=80, selection_method='cluster_degree', target_class=0, target_loss_weight=1, test_model='GCN', thrd=0.5, train_lr=0.01, trigger_size=3, trojan_epochs=200, use_vs_number=True, vs_number=60, vs_ratio=0, weight_decay=0.0005)
target class rate on Vs: 0.9667
accuracy on clean test nodes: 0.8549
Overall ASR: 0.9148
Flip ASR: 0.8932/1554 nodes
/home/mfl5681/project-backdoor/Backdoor/models/GAT.py:61: UserWarning: To copy construct from a tensor, it is recommended to use sourceTensor.clone().detach() or sourceTensor.clone().detach().requires_grad_(True), rather than torch.tensor(sourceTensor).
  self.labels = torch.tensor(labels, dtype=torch.long)
Namespace(cuda=True, dataset='Pubmed', debug=True, defense_mode='none', device_id=2, dis_weight=0.0, dropout=0.5, epochs=200, evaluate_mode='1by1', hidden=32, homo_boost_thrd=0.5, homo_loss_weight=1.0, inner=1, lr=0.01, model='GCN', no_cuda=False, prune_thr=0.15, seed=91, selection_method='cluster_degree', target_class=0, target_loss_weight=1, test_model='GCN', thrd=0.5, train_lr=0.01, trigger_size=3, trojan_epochs=200, use_vs_number=True, vs_number=60, vs_ratio=0, weight_decay=0.0005)
target class rate on Vs: 0.9833
accuracy on clean test nodes: 0.8493
Overall ASR: 0.9219
Flip ASR: 0.9022/1554 nodes
Namespace(cuda=True, dataset='Pubmed', debug=True, defense_mode='none', device_id=2, dis_weight=0.0, dropout=0.5, epochs=200, evaluate_mode='1by1', hidden=32, homo_boost_thrd=0.5, homo_loss_weight=1.0, inner=1, lr=0.01, model='GCN', no_cuda=False, prune_thr=0.15, seed=337, selection_method='cluster_degree', target_class=0, target_loss_weight=1, test_model='GCN', thrd=0.5, train_lr=0.01, trigger_size=3, trojan_epochs=200, use_vs_number=True, vs_number=60, vs_ratio=0, weight_decay=0.0005)
target class rate on Vs: 0.9667
accuracy on clean test nodes: 0.8544
Overall ASR: 0.9057
Flip ASR: 0.8816/1554 nodes
Overall ASR: 0.9040 (GCN model, Seed: 337)
Overall Clean Accuracy: 0.8528
Namespace(cuda=True, dataset='Pubmed', debug=True, defense_mode='none', device_id=2, dis_weight=0.0, dropout=0.5, epochs=200, evaluate_mode='1by1', hidden=32, homo_boost_thrd=0.5, homo_loss_weight=1.0, inner=1, lr=0.01, model='GCN', no_cuda=False, prune_thr=0.15, seed=260, selection_method='cluster_degree', target_class=0, target_loss_weight=1, test_model='GAT', thrd=0.5, train_lr=0.01, trigger_size=3, trojan_epochs=200, use_vs_number=True, vs_number=60, vs_ratio=0, weight_decay=0.0005)
target class rate on Vs: 1.0000
accuracy on clean test nodes: 0.8412
Overall ASR: 0.8570
Flip ASR: 0.8243/1554 nodes
Namespace(cuda=True, dataset='Pubmed', debug=True, defense_mode='none', device_id=2, dis_weight=0.0, dropout=0.5, epochs=200, evaluate_mode='1by1', hidden=32, homo_boost_thrd=0.5, homo_loss_weight=1.0, inner=1, lr=0.01, model='GCN', no_cuda=False, prune_thr=0.15, seed=66, selection_method='cluster_degree', target_class=0, target_loss_weight=1, test_model='GAT', thrd=0.5, train_lr=0.01, trigger_size=3, trojan_epochs=200, use_vs_number=True, vs_number=60, vs_ratio=0, weight_decay=0.0005)
target class rate on Vs: 1.0000
accuracy on clean test nodes: 0.8371
Overall ASR: 0.8311
Flip ASR: 0.7909/1554 nodes
Namespace(cuda=True, dataset='Pubmed', debug=True, defense_mode='none', device_id=2, dis_weight=0.0, dropout=0.5, epochs=200, evaluate_mode='1by1', hidden=32, homo_boost_thrd=0.5, homo_loss_weight=1.0, inner=1, lr=0.01, model='GCN', no_cuda=False, prune_thr=0.15, seed=441, selection_method='cluster_degree', target_class=0, target_loss_weight=1, test_model='GAT', thrd=0.5, train_lr=0.01, trigger_size=3, trojan_epochs=200, use_vs_number=True, vs_number=60, vs_ratio=0, weight_decay=0.0005)
target class rate on Vs: 0.9000
accuracy on clean test nodes: 0.8402
Overall ASR: 0.8063
Flip ASR: 0.7638/1554 nodes
Namespace(cuda=True, dataset='Pubmed', debug=True, defense_mode='none', device_id=2, dis_weight=0.0, dropout=0.5, epochs=200, evaluate_mode='1by1', hidden=32, homo_boost_thrd=0.5, homo_loss_weight=1.0, inner=1, lr=0.01, model='GCN', no_cuda=False, prune_thr=0.15, seed=443, selection_method='cluster_degree', target_class=0, target_loss_weight=1, test_model='GAT', thrd=0.5, train_lr=0.01, trigger_size=3, trojan_epochs=200, use_vs_number=True, vs_number=60, vs_ratio=0, weight_decay=0.0005)
target class rate on Vs: 1.0000
accuracy on clean test nodes: 0.8402
Overall ASR: 0.8636
Flip ASR: 0.8320/1554 nodes
Namespace(cuda=True, dataset='Pubmed', debug=True, defense_mode='none', device_id=2, dis_weight=0.0, dropout=0.5, epochs=200, evaluate_mode='1by1', hidden=32, homo_boost_thrd=0.5, homo_loss_weight=1.0, inner=1, lr=0.01, model='GCN', no_cuda=False, prune_thr=0.15, seed=63, selection_method='cluster_degree', target_class=0, target_loss_weight=1, test_model='GAT', thrd=0.5, train_lr=0.01, trigger_size=3, trojan_epochs=200, use_vs_number=True, vs_number=60, vs_ratio=0, weight_decay=0.0005)
target class rate on Vs: 0.8833
accuracy on clean test nodes: 0.8397
Overall ASR: 0.8291
Flip ASR: 0.7896/1554 nodes
Overall ASR: 0.8374 (GAT model, Seed: 63)
Overall Clean Accuracy: 0.8397
Namespace(cuda=True, dataset='Pubmed', debug=True, defense_mode='none', device_id=2, dis_weight=0.0, dropout=0.5, epochs=200, evaluate_mode='1by1', hidden=32, homo_boost_thrd=0.5, homo_loss_weight=1.0, inner=1, lr=0.01, model='GCN', no_cuda=False, prune_thr=0.15, seed=44, selection_method='cluster_degree', target_class=0, target_loss_weight=1, test_model='GraphSage', thrd=0.5, train_lr=0.01, trigger_size=3, trojan_epochs=200, use_vs_number=True, vs_number=60, vs_ratio=0, weight_decay=0.0005)
target class rate on Vs: 0.9000
accuracy on clean test nodes: 0.8605
Overall ASR: 0.8590
Flip ASR: 0.8256/1554 nodes
Namespace(cuda=True, dataset='Pubmed', debug=True, defense_mode='none', device_id=2, dis_weight=0.0, dropout=0.5, epochs=200, evaluate_mode='1by1', hidden=32, homo_boost_thrd=0.5, homo_loss_weight=1.0, inner=1, lr=0.01, model='GCN', no_cuda=False, prune_thr=0.15, seed=116, selection_method='cluster_degree', target_class=0, target_loss_weight=1, test_model='GraphSage', thrd=0.5, train_lr=0.01, trigger_size=3, trojan_epochs=200, use_vs_number=True, vs_number=60, vs_ratio=0, weight_decay=0.0005)
target class rate on Vs: 0.8833
accuracy on clean test nodes: 0.8600
Overall ASR: 0.8509
Flip ASR: 0.8153/1554 nodes
Namespace(cuda=True, dataset='Pubmed', debug=True, defense_mode='none', device_id=2, dis_weight=0.0, dropout=0.5, epochs=200, evaluate_mode='1by1', hidden=32, homo_boost_thrd=0.5, homo_loss_weight=1.0, inner=1, lr=0.01, model='GCN', no_cuda=False, prune_thr=0.15, seed=139, selection_method='cluster_degree', target_class=0, target_loss_weight=1, test_model='GraphSage', thrd=0.5, train_lr=0.01, trigger_size=3, trojan_epochs=200, use_vs_number=True, vs_number=60, vs_ratio=0, weight_decay=0.0005)
target class rate on Vs: 0.9000
accuracy on clean test nodes: 0.8590
Overall ASR: 0.8717
Flip ASR: 0.8417/1554 nodes
Namespace(cuda=True, dataset='Pubmed', debug=True, defense_mode='none', device_id=2, dis_weight=0.0, dropout=0.5, epochs=200, evaluate_mode='1by1', hidden=32, homo_boost_thrd=0.5, homo_loss_weight=1.0, inner=1, lr=0.01, model='GCN', no_cuda=False, prune_thr=0.15, seed=215, selection_method='cluster_degree', target_class=0, target_loss_weight=1, test_model='GraphSage', thrd=0.5, train_lr=0.01, trigger_size=3, trojan_epochs=200, use_vs_number=True, vs_number=60, vs_ratio=0, weight_decay=0.0005)
target class rate on Vs: 0.9000
accuracy on clean test nodes: 0.8579
Overall ASR: 0.8641
Flip ASR: 0.8320/1554 nodes
Namespace(cuda=True, dataset='Pubmed', debug=True, defense_mode='none', device_id=2, dis_weight=0.0, dropout=0.5, epochs=200, evaluate_mode='1by1', hidden=32, homo_boost_thrd=0.5, homo_loss_weight=1.0, inner=1, lr=0.01, model='GCN', no_cuda=False, prune_thr=0.15, seed=338, selection_method='cluster_degree', target_class=0, target_loss_weight=1, test_model='GraphSage', thrd=0.5, train_lr=0.01, trigger_size=3, trojan_epochs=200, use_vs_number=True, vs_number=60, vs_ratio=0, weight_decay=0.0005)
target class rate on Vs: 0.9000
accuracy on clean test nodes: 0.8610
Overall ASR: 0.8626
Flip ASR: 0.8301/1554 nodes
Overall ASR: 0.8617 (GraphSage model, Seed: 338)
Overall Clean Accuracy: 0.8597
Total Overall ASR: 0.8677 
Total Clean Accuracy: 0.8507
