nohup: ignoring input
Namespace(cuda=True, dataset='Pubmed', debug=True, defense_mode='prune', device_id=3, dis_weight=1.0, dropout=0.5, epochs=200, evaluate_mode='1by1', hidden=32, homo_boost_thrd=0.5, homo_loss_weight=1.0, inner=1, lr=0.01, model='GCN', no_cuda=False, prune_thr=0.3, seed=11, selection_method='none', target_class=0, target_loss_weight=1, test_model='GCN', thrd=0.5, train_lr=0.01, trigger_size=3, trojan_epochs=200, use_vs_number=True, vs_number=100, vs_ratio=0, weight_decay=0.0005)
Length of training set: 3943
Training benign model Finished!
Total time elapsed: 2.3144s
Benign CA: 0.8554
#Attach Nodes:100
idx_attach: tensor([15043, 11176, 18495, 13856,  7735, 17027, 16900, 10353, 15081,  4018,
         4065, 17271,  1025,  9514,  7970,  8997,  9593, 19110, 16170, 10267,
         4135, 12907, 17633,  1512, 15716, 16566,  9525,   378, 13898,   249,
        13238, 15191, 13783,  5275, 14931, 19011, 16362,  1484,  3456, 14990,
        10455, 10221,  5535,  6725,  5383, 19243, 14552, 13781,  2516,  8741,
        18391, 16902, 17186, 13196,  5105, 12865, 18031, 19386,  5164,  3766,
        10049, 11912,  4776, 19265, 16292, 10825, 18858, 14313,  6118,  7308,
        13817, 17564,  3344, 19605,  9322,  5519, 14680,  6459, 13386,  8650,
         8190, 12762,   164,  2827, 13237, 16938, 13932,  3872, 19094,  9644,
         7680,  9814,  2066,  9387, 14912,  4041, 18629,  8621,   246,  1431],
       device='cuda:3')
Epoch 0, loss_inner: 1.09897, loss_target: 1.08522, homo loss: 0.49598 
acc_train_clean: 0.3229, ASR_train_attach: 0.0100, ASR_train_outter: 0.7778
Epoch 10, loss_inner: 0.96646, loss_target: 0.85981, homo loss: 0.23609 
acc_train_clean: 0.6214, ASR_train_attach: 1.0000, ASR_train_outter: 0.9967
Epoch 20, loss_inner: 0.87876, loss_target: 0.84422, homo loss: 0.29394 
acc_train_clean: 0.6485, ASR_train_attach: 1.0000, ASR_train_outter: 1.0000
Epoch 30, loss_inner: 0.75452, loss_target: 0.67754, homo loss: 0.36194 
acc_train_clean: 0.7773, ASR_train_attach: 0.9400, ASR_train_outter: 0.9755
Epoch 40, loss_inner: 0.64339, loss_target: 0.57841, homo loss: 0.29483 
acc_train_clean: 0.8169, ASR_train_attach: 0.9500, ASR_train_outter: 0.9788
Epoch 50, loss_inner: 0.63668, loss_target: 0.73494, homo loss: 0.28569 
acc_train_clean: 0.8179, ASR_train_attach: 1.0000, ASR_train_outter: 0.9967
Epoch 60, loss_inner: 0.55544, loss_target: 0.50517, homo loss: 0.25449 
acc_train_clean: 0.8293, ASR_train_attach: 0.9400, ASR_train_outter: 0.9673
Epoch 70, loss_inner: 0.52732, loss_target: 0.48430, homo loss: 0.22904 
acc_train_clean: 0.8364, ASR_train_attach: 0.9600, ASR_train_outter: 0.9771
Epoch 80, loss_inner: 0.50377, loss_target: 0.46383, homo loss: 0.20257 
acc_train_clean: 0.8463, ASR_train_attach: 0.9500, ASR_train_outter: 0.9608
Epoch 90, loss_inner: 0.48252, loss_target: 0.44364, homo loss: 0.17916 
acc_train_clean: 0.8521, ASR_train_attach: 0.9500, ASR_train_outter: 0.9575
Epoch 100, loss_inner: 0.46835, loss_target: 0.44103, homo loss: 0.21713 
acc_train_clean: 0.8516, ASR_train_attach: 0.9900, ASR_train_outter: 0.9869
Epoch 110, loss_inner: 0.45192, loss_target: 0.41952, homo loss: 0.17041 
acc_train_clean: 0.8575, ASR_train_attach: 0.9500, ASR_train_outter: 0.9641
Epoch 120, loss_inner: 0.43834, loss_target: 0.40858, homo loss: 0.15264 
acc_train_clean: 0.8580, ASR_train_attach: 0.9400, ASR_train_outter: 0.9346
Epoch 130, loss_inner: 0.42852, loss_target: 0.40433, homo loss: 0.16993 
acc_train_clean: 0.8587, ASR_train_attach: 0.9600, ASR_train_outter: 0.9592
Epoch 140, loss_inner: 0.44317, loss_target: 0.48942, homo loss: 0.29592 
acc_train_clean: 0.8575, ASR_train_attach: 1.0000, ASR_train_outter: 0.9902
Epoch 150, loss_inner: 0.41789, loss_target: 0.39257, homo loss: 0.20867 
acc_train_clean: 0.8590, ASR_train_attach: 0.9900, ASR_train_outter: 0.9788
Epoch 160, loss_inner: 0.40845, loss_target: 0.38224, homo loss: 0.17827 
acc_train_clean: 0.8630, ASR_train_attach: 0.9400, ASR_train_outter: 0.9510
Epoch 170, loss_inner: 0.39808, loss_target: 0.36986, homo loss: 0.15990 
acc_train_clean: 0.8651, ASR_train_attach: 0.9500, ASR_train_outter: 0.9542
Epoch 180, loss_inner: 0.39809, loss_target: 0.39190, homo loss: 0.14190 
acc_train_clean: 0.8691, ASR_train_attach: 0.7700, ASR_train_outter: 0.8301
Epoch 190, loss_inner: 0.38638, loss_target: 0.36020, homo loss: 0.17167 
acc_train_clean: 0.8658, ASR_train_attach: 0.9600, ASR_train_outter: 0.9739
precent of left attach nodes: 1.000
Namespace(cuda=True, dataset='Pubmed', debug=True, defense_mode='prune', device_id=3, dis_weight=1.0, dropout=0.5, epochs=200, evaluate_mode='1by1', hidden=32, homo_boost_thrd=0.5, homo_loss_weight=1.0, inner=1, lr=0.01, model='GCN', no_cuda=False, prune_thr=0.3, seed=921, selection_method='none', target_class=0, target_loss_weight=1, test_model='GCN', thrd=0.5, train_lr=0.01, trigger_size=3, trojan_epochs=200, use_vs_number=True, vs_number=100, vs_ratio=0, weight_decay=0.0005)
target class rate on Vs: 0.7500
accuracy on clean test nodes: 0.8498
Overall ASR: 0.6628
Flip ASR: 0.5837/1554 nodes
Namespace(cuda=True, dataset='Pubmed', debug=True, defense_mode='prune', device_id=3, dis_weight=1.0, dropout=0.5, epochs=200, evaluate_mode='1by1', hidden=32, homo_boost_thrd=0.5, homo_loss_weight=1.0, inner=1, lr=0.01, model='GCN', no_cuda=False, prune_thr=0.3, seed=703, selection_method='none', target_class=0, target_loss_weight=1, test_model='GCN', thrd=0.5, train_lr=0.01, trigger_size=3, trojan_epochs=200, use_vs_number=True, vs_number=100, vs_ratio=0, weight_decay=0.0005)
target class rate on Vs: 0.7500
accuracy on clean test nodes: 0.8539
Overall ASR: 0.6602
Flip ASR: 0.5824/1554 nodes
Namespace(cuda=True, dataset='Pubmed', debug=True, defense_mode='prune', device_id=3, dis_weight=1.0, dropout=0.5, epochs=200, evaluate_mode='1by1', hidden=32, homo_boost_thrd=0.5, homo_loss_weight=1.0, inner=1, lr=0.01, model='GCN', no_cuda=False, prune_thr=0.3, seed=80, selection_method='none', target_class=0, target_loss_weight=1, test_model='GCN', thrd=0.5, train_lr=0.01, trigger_size=3, trojan_epochs=200, use_vs_number=True, vs_number=100, vs_ratio=0, weight_decay=0.0005)
target class rate on Vs: 0.7500
accuracy on clean test nodes: 0.8508
Overall ASR: 0.6597
Flip ASR: 0.5817/1554 nodes
Namespace(cuda=True, dataset='Pubmed', debug=True, defense_mode='prune', device_id=3, dis_weight=1.0, dropout=0.5, epochs=200, evaluate_mode='1by1', hidden=32, homo_boost_thrd=0.5, homo_loss_weight=1.0, inner=1, lr=0.01, model='GCN', no_cuda=False, prune_thr=0.3, seed=91, selection_method='none', target_class=0, target_loss_weight=1, test_model='GCN', thrd=0.5, train_lr=0.01, trigger_size=3, trojan_epochs=200, use_vs_number=True, vs_number=100, vs_ratio=0, weight_decay=0.0005)
target class rate on Vs: 0.7700
accuracy on clean test nodes: 0.8554
Overall ASR: 0.6643
Flip ASR: 0.5888/1554 nodes
Namespace(cuda=True, dataset='Pubmed', debug=True, defense_mode='prune', device_id=3, dis_weight=1.0, dropout=0.5, epochs=200, evaluate_mode='1by1', hidden=32, homo_boost_thrd=0.5, homo_loss_weight=1.0, inner=1, lr=0.01, model='GCN', no_cuda=False, prune_thr=0.3, seed=337, selection_method='none', target_class=0, target_loss_weight=1, test_model='GCN', thrd=0.5, train_lr=0.01, trigger_size=3, trojan_epochs=200, use_vs_number=True, vs_number=100, vs_ratio=0, weight_decay=0.0005)
target class rate on Vs: 0.7500
accuracy on clean test nodes: 0.8554
Overall ASR: 0.6602
Flip ASR: 0.5830/1554 nodes
Overall ASR: 0.6615 (GCN model, Seed: 337)
Overall Clean Accuracy: 0.8531
Namespace(cuda=True, dataset='Pubmed', debug=True, defense_mode='prune', device_id=3, dis_weight=1.0, dropout=0.5, epochs=200, evaluate_mode='1by1', hidden=32, homo_boost_thrd=0.5, homo_loss_weight=1.0, inner=1, lr=0.01, model='GCN', no_cuda=False, prune_thr=0.3, seed=260, selection_method='none', target_class=0, target_loss_weight=1, test_model='GAT', thrd=0.5, train_lr=0.01, trigger_size=3, trojan_epochs=200, use_vs_number=True, vs_number=100, vs_ratio=0, weight_decay=0.0005)
target class rate on Vs: 0.7100
accuracy on clean test nodes: 0.8280
Overall ASR: 0.6359
Flip ASR: 0.5541/1554 nodes
/home/mfl5681/project-backdoor/Backdoor/models/GAT.py:61: UserWarning: To copy construct from a tensor, it is recommended to use sourceTensor.clone().detach() or sourceTensor.clone().detach().requires_grad_(True), rather than torch.tensor(sourceTensor).
  self.labels = torch.tensor(labels, dtype=torch.long)
Namespace(cuda=True, dataset='Pubmed', debug=True, defense_mode='prune', device_id=3, dis_weight=1.0, dropout=0.5, epochs=200, evaluate_mode='1by1', hidden=32, homo_boost_thrd=0.5, homo_loss_weight=1.0, inner=1, lr=0.01, model='GCN', no_cuda=False, prune_thr=0.3, seed=66, selection_method='none', target_class=0, target_loss_weight=1, test_model='GAT', thrd=0.5, train_lr=0.01, trigger_size=3, trojan_epochs=200, use_vs_number=True, vs_number=100, vs_ratio=0, weight_decay=0.0005)
target class rate on Vs: 0.7300
accuracy on clean test nodes: 0.8290
Overall ASR: 0.6460
Flip ASR: 0.5663/1554 nodes
Namespace(cuda=True, dataset='Pubmed', debug=True, defense_mode='prune', device_id=3, dis_weight=1.0, dropout=0.5, epochs=200, evaluate_mode='1by1', hidden=32, homo_boost_thrd=0.5, homo_loss_weight=1.0, inner=1, lr=0.01, model='GCN', no_cuda=False, prune_thr=0.3, seed=441, selection_method='none', target_class=0, target_loss_weight=1, test_model='GAT', thrd=0.5, train_lr=0.01, trigger_size=3, trojan_epochs=200, use_vs_number=True, vs_number=100, vs_ratio=0, weight_decay=0.0005)
target class rate on Vs: 0.7200
accuracy on clean test nodes: 0.8356
Overall ASR: 0.6420
Flip ASR: 0.5618/1554 nodes
Namespace(cuda=True, dataset='Pubmed', debug=True, defense_mode='prune', device_id=3, dis_weight=1.0, dropout=0.5, epochs=200, evaluate_mode='1by1', hidden=32, homo_boost_thrd=0.5, homo_loss_weight=1.0, inner=1, lr=0.01, model='GCN', no_cuda=False, prune_thr=0.3, seed=443, selection_method='none', target_class=0, target_loss_weight=1, test_model='GAT', thrd=0.5, train_lr=0.01, trigger_size=3, trojan_epochs=200, use_vs_number=True, vs_number=100, vs_ratio=0, weight_decay=0.0005)
target class rate on Vs: 0.7700
accuracy on clean test nodes: 0.8316
Overall ASR: 0.6709
Flip ASR: 0.5985/1554 nodes
Namespace(cuda=True, dataset='Pubmed', debug=True, defense_mode='prune', device_id=3, dis_weight=1.0, dropout=0.5, epochs=200, evaluate_mode='1by1', hidden=32, homo_boost_thrd=0.5, homo_loss_weight=1.0, inner=1, lr=0.01, model='GCN', no_cuda=False, prune_thr=0.3, seed=63, selection_method='none', target_class=0, target_loss_weight=1, test_model='GAT', thrd=0.5, train_lr=0.01, trigger_size=3, trojan_epochs=200, use_vs_number=True, vs_number=100, vs_ratio=0, weight_decay=0.0005)
target class rate on Vs: 0.7500
accuracy on clean test nodes: 0.8311
Overall ASR: 0.6430
Flip ASR: 0.5624/1554 nodes
Overall ASR: 0.6476 (GAT model, Seed: 63)
Overall Clean Accuracy: 0.8311
Namespace(cuda=True, dataset='Pubmed', debug=True, defense_mode='prune', device_id=3, dis_weight=1.0, dropout=0.5, epochs=200, evaluate_mode='1by1', hidden=32, homo_boost_thrd=0.5, homo_loss_weight=1.0, inner=1, lr=0.01, model='GCN', no_cuda=False, prune_thr=0.3, seed=44, selection_method='none', target_class=0, target_loss_weight=1, test_model='GraphSage', thrd=0.5, train_lr=0.01, trigger_size=3, trojan_epochs=200, use_vs_number=True, vs_number=100, vs_ratio=0, weight_decay=0.0005)
target class rate on Vs: 0.7600
accuracy on clean test nodes: 0.8656
Overall ASR: 0.6531
Flip ASR: 0.5740/1554 nodes
Namespace(cuda=True, dataset='Pubmed', debug=True, defense_mode='prune', device_id=3, dis_weight=1.0, dropout=0.5, epochs=200, evaluate_mode='1by1', hidden=32, homo_boost_thrd=0.5, homo_loss_weight=1.0, inner=1, lr=0.01, model='GCN', no_cuda=False, prune_thr=0.3, seed=116, selection_method='none', target_class=0, target_loss_weight=1, test_model='GraphSage', thrd=0.5, train_lr=0.01, trigger_size=3, trojan_epochs=200, use_vs_number=True, vs_number=100, vs_ratio=0, weight_decay=0.0005)
target class rate on Vs: 0.7600
accuracy on clean test nodes: 0.8620
Overall ASR: 0.6516
Flip ASR: 0.5727/1554 nodes
Namespace(cuda=True, dataset='Pubmed', debug=True, defense_mode='prune', device_id=3, dis_weight=1.0, dropout=0.5, epochs=200, evaluate_mode='1by1', hidden=32, homo_boost_thrd=0.5, homo_loss_weight=1.0, inner=1, lr=0.01, model='GCN', no_cuda=False, prune_thr=0.3, seed=139, selection_method='none', target_class=0, target_loss_weight=1, test_model='GraphSage', thrd=0.5, train_lr=0.01, trigger_size=3, trojan_epochs=200, use_vs_number=True, vs_number=100, vs_ratio=0, weight_decay=0.0005)
target class rate on Vs: 0.7700
accuracy on clean test nodes: 0.8640
Overall ASR: 0.6562
Flip ASR: 0.5779/1554 nodes
Namespace(cuda=True, dataset='Pubmed', debug=True, defense_mode='prune', device_id=3, dis_weight=1.0, dropout=0.5, epochs=200, evaluate_mode='1by1', hidden=32, homo_boost_thrd=0.5, homo_loss_weight=1.0, inner=1, lr=0.01, model='GCN', no_cuda=False, prune_thr=0.3, seed=215, selection_method='none', target_class=0, target_loss_weight=1, test_model='GraphSage', thrd=0.5, train_lr=0.01, trigger_size=3, trojan_epochs=200, use_vs_number=True, vs_number=100, vs_ratio=0, weight_decay=0.0005)
target class rate on Vs: 0.7600
accuracy on clean test nodes: 0.8625
Overall ASR: 0.6557
Flip ASR: 0.5779/1554 nodes
Namespace(cuda=True, dataset='Pubmed', debug=True, defense_mode='prune', device_id=3, dis_weight=1.0, dropout=0.5, epochs=200, evaluate_mode='1by1', hidden=32, homo_boost_thrd=0.5, homo_loss_weight=1.0, inner=1, lr=0.01, model='GCN', no_cuda=False, prune_thr=0.3, seed=338, selection_method='none', target_class=0, target_loss_weight=1, test_model='GraphSage', thrd=0.5, train_lr=0.01, trigger_size=3, trojan_epochs=200, use_vs_number=True, vs_number=100, vs_ratio=0, weight_decay=0.0005)
target class rate on Vs: 0.7700
accuracy on clean test nodes: 0.8590
Overall ASR: 0.6572
Flip ASR: 0.5792/1554 nodes
Overall ASR: 0.6548 (GraphSage model, Seed: 338)
Overall Clean Accuracy: 0.8626
Total Overall ASR: 0.6546 
Total Clean Accuracy: 0.8489
