nohup: ignoring input
Namespace(cuda=True, dataset='Pubmed', debug=True, defense_mode='none', device_id=1, dis_weight=1.0, dropout=0.5, epochs=200, evaluate_mode='1by1', hidden=32, homo_boost_thrd=0.5, homo_loss_weight=3.0, inner=1, lr=0.01, model='GCN', no_cuda=False, prune_thr=0.15, seed=11, selection_method='none', target_class=0, target_loss_weight=1, test_model='GCN', thrd=0.5, train_lr=0.01, trigger_size=3, trojan_epochs=200, use_vs_number=True, vs_number=20, vs_ratio=0, weight_decay=0.0005)
Length of training set: 3943
Training benign model Finished!
Total time elapsed: 10.1174s
Benign CA: 0.8554
#Attach Nodes:20
idx_attach: tensor([15043, 11176, 18495, 13856,  7735, 17027, 16900, 10353, 15081,  4018,
         4065, 17271,  1025,  9514,  7970,  8997,  9593, 19110, 16170, 10267],
       device='cuda:1')
Epoch 0, loss_inner: 1.09890, loss_target: 1.09172, homo loss: 0.49232 
acc_train_clean: 0.3226, ASR_train_attach: 0.0000, ASR_train_outter: 0.0000
Epoch 10, loss_inner: 0.96767, loss_target: 0.87850, homo loss: 0.21754 
acc_train_clean: 0.6538, ASR_train_attach: 1.0000, ASR_train_outter: 0.9267
Epoch 20, loss_inner: 0.83231, loss_target: 0.74992, homo loss: 0.15098 
acc_train_clean: 0.7192, ASR_train_attach: 1.0000, ASR_train_outter: 0.9267
Epoch 30, loss_inner: 0.69092, loss_target: 0.62471, homo loss: 0.13005 
acc_train_clean: 0.8199, ASR_train_attach: 1.0000, ASR_train_outter: 0.9680
Epoch 40, loss_inner: 0.58587, loss_target: 0.53628, homo loss: 0.07472 
acc_train_clean: 0.8395, ASR_train_attach: 1.0000, ASR_train_outter: 0.9549
Epoch 50, loss_inner: 0.52052, loss_target: 0.49345, homo loss: 0.02425 
acc_train_clean: 0.8488, ASR_train_attach: 1.0000, ASR_train_outter: 0.9173
Epoch 60, loss_inner: 0.48101, loss_target: 0.45541, homo loss: 0.01190 
acc_train_clean: 0.8552, ASR_train_attach: 1.0000, ASR_train_outter: 0.9305
Epoch 70, loss_inner: 0.45746, loss_target: 0.43528, homo loss: 0.07996 
acc_train_clean: 0.8565, ASR_train_attach: 1.0000, ASR_train_outter: 0.9680
Epoch 80, loss_inner: 0.43823, loss_target: 0.42164, homo loss: 0.00586 
acc_train_clean: 0.8625, ASR_train_attach: 1.0000, ASR_train_outter: 0.9135
Epoch 90, loss_inner: 0.41990, loss_target: 0.40237, homo loss: 0.00323 
acc_train_clean: 0.8676, ASR_train_attach: 1.0000, ASR_train_outter: 0.9380
Epoch 100, loss_inner: 0.42300, loss_target: 0.67336, homo loss: 0.31521 
acc_train_clean: 0.8676, ASR_train_attach: 1.0000, ASR_train_outter: 0.9868
Epoch 110, loss_inner: 0.40226, loss_target: 0.38766, homo loss: 0.16762 
acc_train_clean: 0.8712, ASR_train_attach: 1.0000, ASR_train_outter: 0.9549
Epoch 120, loss_inner: 0.39159, loss_target: 0.38133, homo loss: 0.06038 
acc_train_clean: 0.8727, ASR_train_attach: 1.0000, ASR_train_outter: 0.9417
Epoch 130, loss_inner: 0.38388, loss_target: 0.37746, homo loss: 0.00322 
acc_train_clean: 0.8755, ASR_train_attach: 1.0000, ASR_train_outter: 0.9211
Epoch 140, loss_inner: 0.37840, loss_target: 0.36624, homo loss: 0.00872 
acc_train_clean: 0.8778, ASR_train_attach: 1.0000, ASR_train_outter: 0.9549
Epoch 150, loss_inner: 0.37641, loss_target: 0.38766, homo loss: 0.09569 
acc_train_clean: 0.8773, ASR_train_attach: 1.0000, ASR_train_outter: 0.9680
Epoch 160, loss_inner: 0.37168, loss_target: 0.36386, homo loss: 0.02489 
acc_train_clean: 0.8795, ASR_train_attach: 1.0000, ASR_train_outter: 0.9699
Epoch 170, loss_inner: 0.36491, loss_target: 0.35227, homo loss: 0.00402 
acc_train_clean: 0.8805, ASR_train_attach: 1.0000, ASR_train_outter: 0.9680
Epoch 180, loss_inner: 0.36032, loss_target: 0.34381, homo loss: 0.00021 
acc_train_clean: 0.8831, ASR_train_attach: 1.0000, ASR_train_outter: 0.9530
Epoch 190, loss_inner: 0.35884, loss_target: 0.36493, homo loss: 0.00003 
acc_train_clean: 0.8846, ASR_train_attach: 0.9000, ASR_train_outter: 0.8515
precent of left attach nodes: 1.000
Namespace(cuda=True, dataset='Pubmed', debug=True, defense_mode='none', device_id=1, dis_weight=1.0, dropout=0.5, epochs=200, evaluate_mode='1by1', hidden=32, homo_boost_thrd=0.5, homo_loss_weight=3.0, inner=1, lr=0.01, model='GCN', no_cuda=False, prune_thr=0.15, seed=921, selection_method='none', target_class=0, target_loss_weight=1, test_model='GCN', thrd=0.5, train_lr=0.01, trigger_size=3, trojan_epochs=200, use_vs_number=True, vs_number=20, vs_ratio=0, weight_decay=0.0005)
target class rate on Vs: 1.0000
accuracy on clean test nodes: 0.8503
Overall ASR: 0.9741
Flip ASR: 0.9678/1554 nodes
Namespace(cuda=True, dataset='Pubmed', debug=True, defense_mode='none', device_id=1, dis_weight=1.0, dropout=0.5, epochs=200, evaluate_mode='1by1', hidden=32, homo_boost_thrd=0.5, homo_loss_weight=3.0, inner=1, lr=0.01, model='GCN', no_cuda=False, prune_thr=0.15, seed=703, selection_method='none', target_class=0, target_loss_weight=1, test_model='GCN', thrd=0.5, train_lr=0.01, trigger_size=3, trojan_epochs=200, use_vs_number=True, vs_number=20, vs_ratio=0, weight_decay=0.0005)
target class rate on Vs: 1.0000
accuracy on clean test nodes: 0.8508
Overall ASR: 0.9777
Flip ASR: 0.9723/1554 nodes
Namespace(cuda=True, dataset='Pubmed', debug=True, defense_mode='none', device_id=1, dis_weight=1.0, dropout=0.5, epochs=200, evaluate_mode='1by1', hidden=32, homo_boost_thrd=0.5, homo_loss_weight=3.0, inner=1, lr=0.01, model='GCN', no_cuda=False, prune_thr=0.15, seed=80, selection_method='none', target_class=0, target_loss_weight=1, test_model='GCN', thrd=0.5, train_lr=0.01, trigger_size=3, trojan_epochs=200, use_vs_number=True, vs_number=20, vs_ratio=0, weight_decay=0.0005)
target class rate on Vs: 1.0000
accuracy on clean test nodes: 0.8508
Overall ASR: 0.9838
Flip ASR: 0.9801/1554 nodes
Namespace(cuda=True, dataset='Pubmed', debug=True, defense_mode='none', device_id=1, dis_weight=1.0, dropout=0.5, epochs=200, evaluate_mode='1by1', hidden=32, homo_boost_thrd=0.5, homo_loss_weight=3.0, inner=1, lr=0.01, model='GCN', no_cuda=False, prune_thr=0.15, seed=91, selection_method='none', target_class=0, target_loss_weight=1, test_model='GCN', thrd=0.5, train_lr=0.01, trigger_size=3, trojan_epochs=200, use_vs_number=True, vs_number=20, vs_ratio=0, weight_decay=0.0005)
target class rate on Vs: 1.0000
accuracy on clean test nodes: 0.8513
Overall ASR: 0.9914
Flip ASR: 0.9891/1554 nodes
Namespace(cuda=True, dataset='Pubmed', debug=True, defense_mode='none', device_id=1, dis_weight=1.0, dropout=0.5, epochs=200, evaluate_mode='1by1', hidden=32, homo_boost_thrd=0.5, homo_loss_weight=3.0, inner=1, lr=0.01, model='GCN', no_cuda=False, prune_thr=0.15, seed=337, selection_method='none', target_class=0, target_loss_weight=1, test_model='GCN', thrd=0.5, train_lr=0.01, trigger_size=3, trojan_epochs=200, use_vs_number=True, vs_number=20, vs_ratio=0, weight_decay=0.0005)
target class rate on Vs: 1.0000
accuracy on clean test nodes: 0.8544
Overall ASR: 0.9833
Flip ASR: 0.9794/1554 nodes
Overall ASR: 0.9820 (GCN model, Seed: 337)
Overall Clean Accuracy: 0.8515
Namespace(cuda=True, dataset='Pubmed', debug=True, defense_mode='none', device_id=1, dis_weight=1.0, dropout=0.5, epochs=200, evaluate_mode='1by1', hidden=32, homo_boost_thrd=0.5, homo_loss_weight=3.0, inner=1, lr=0.01, model='GCN', no_cuda=False, prune_thr=0.15, seed=260, selection_method='none', target_class=0, target_loss_weight=1, test_model='GAT', thrd=0.5, train_lr=0.01, trigger_size=3, trojan_epochs=200, use_vs_number=True, vs_number=20, vs_ratio=0, weight_decay=0.0005)
target class rate on Vs: 0.9500
accuracy on clean test nodes: 0.8356
Overall ASR: 0.9016
Flip ASR: 0.8777/1554 nodes
Namespace(cuda=True, dataset='Pubmed', debug=True, defense_mode='none', device_id=1, dis_weight=1.0, dropout=0.5, epochs=200, evaluate_mode='1by1', hidden=32, homo_boost_thrd=0.5, homo_loss_weight=3.0, inner=1, lr=0.01, model='GCN', no_cuda=False, prune_thr=0.15, seed=66, selection_method='none', target_class=0, target_loss_weight=1, test_model='GAT', thrd=0.5, train_lr=0.01, trigger_size=3, trojan_epochs=200, use_vs_number=True, vs_number=20, vs_ratio=0, weight_decay=0.0005)
target class rate on Vs: 1.0000
accuracy on clean test nodes: 0.8356
Overall ASR: 0.9118
Flip ASR: 0.8900/1554 nodes
/home/mfl5681/project-backdoor/Backdoor/models/GAT.py:61: UserWarning: To copy construct from a tensor, it is recommended to use sourceTensor.clone().detach() or sourceTensor.clone().detach().requires_grad_(True), rather than torch.tensor(sourceTensor).
  self.labels = torch.tensor(labels, dtype=torch.long)
Namespace(cuda=True, dataset='Pubmed', debug=True, defense_mode='none', device_id=1, dis_weight=1.0, dropout=0.5, epochs=200, evaluate_mode='1by1', hidden=32, homo_boost_thrd=0.5, homo_loss_weight=3.0, inner=1, lr=0.01, model='GCN', no_cuda=False, prune_thr=0.15, seed=441, selection_method='none', target_class=0, target_loss_weight=1, test_model='GAT', thrd=0.5, train_lr=0.01, trigger_size=3, trojan_epochs=200, use_vs_number=True, vs_number=20, vs_ratio=0, weight_decay=0.0005)
target class rate on Vs: 0.9500
accuracy on clean test nodes: 0.8387
Overall ASR: 0.8930
Flip ASR: 0.8674/1554 nodes
Namespace(cuda=True, dataset='Pubmed', debug=True, defense_mode='none', device_id=1, dis_weight=1.0, dropout=0.5, epochs=200, evaluate_mode='1by1', hidden=32, homo_boost_thrd=0.5, homo_loss_weight=3.0, inner=1, lr=0.01, model='GCN', no_cuda=False, prune_thr=0.15, seed=443, selection_method='none', target_class=0, target_loss_weight=1, test_model='GAT', thrd=0.5, train_lr=0.01, trigger_size=3, trojan_epochs=200, use_vs_number=True, vs_number=20, vs_ratio=0, weight_decay=0.0005)
target class rate on Vs: 1.0000
accuracy on clean test nodes: 0.8422
Overall ASR: 0.8884
Flip ASR: 0.8610/1554 nodes
Namespace(cuda=True, dataset='Pubmed', debug=True, defense_mode='none', device_id=1, dis_weight=1.0, dropout=0.5, epochs=200, evaluate_mode='1by1', hidden=32, homo_boost_thrd=0.5, homo_loss_weight=3.0, inner=1, lr=0.01, model='GCN', no_cuda=False, prune_thr=0.15, seed=63, selection_method='none', target_class=0, target_loss_weight=1, test_model='GAT', thrd=0.5, train_lr=0.01, trigger_size=3, trojan_epochs=200, use_vs_number=True, vs_number=20, vs_ratio=0, weight_decay=0.0005)
target class rate on Vs: 0.9500
accuracy on clean test nodes: 0.8412
Overall ASR: 0.9037
Flip ASR: 0.8797/1554 nodes
Overall ASR: 0.8997 (GAT model, Seed: 63)
Overall Clean Accuracy: 0.8387
Namespace(cuda=True, dataset='Pubmed', debug=True, defense_mode='none', device_id=1, dis_weight=1.0, dropout=0.5, epochs=200, evaluate_mode='1by1', hidden=32, homo_boost_thrd=0.5, homo_loss_weight=3.0, inner=1, lr=0.01, model='GCN', no_cuda=False, prune_thr=0.15, seed=44, selection_method='none', target_class=0, target_loss_weight=1, test_model='GraphSage', thrd=0.5, train_lr=0.01, trigger_size=3, trojan_epochs=200, use_vs_number=True, vs_number=20, vs_ratio=0, weight_decay=0.0005)
target class rate on Vs: 1.0000
accuracy on clean test nodes: 0.8615
Overall ASR: 0.9701
Flip ASR: 0.9633/1554 nodes
Namespace(cuda=True, dataset='Pubmed', debug=True, defense_mode='none', device_id=1, dis_weight=1.0, dropout=0.5, epochs=200, evaluate_mode='1by1', hidden=32, homo_boost_thrd=0.5, homo_loss_weight=3.0, inner=1, lr=0.01, model='GCN', no_cuda=False, prune_thr=0.15, seed=116, selection_method='none', target_class=0, target_loss_weight=1, test_model='GraphSage', thrd=0.5, train_lr=0.01, trigger_size=3, trojan_epochs=200, use_vs_number=True, vs_number=20, vs_ratio=0, weight_decay=0.0005)
target class rate on Vs: 1.0000
accuracy on clean test nodes: 0.8610
Overall ASR: 0.9716
Flip ASR: 0.9653/1554 nodes
Namespace(cuda=True, dataset='Pubmed', debug=True, defense_mode='none', device_id=1, dis_weight=1.0, dropout=0.5, epochs=200, evaluate_mode='1by1', hidden=32, homo_boost_thrd=0.5, homo_loss_weight=3.0, inner=1, lr=0.01, model='GCN', no_cuda=False, prune_thr=0.15, seed=139, selection_method='none', target_class=0, target_loss_weight=1, test_model='GraphSage', thrd=0.5, train_lr=0.01, trigger_size=3, trojan_epochs=200, use_vs_number=True, vs_number=20, vs_ratio=0, weight_decay=0.0005)
target class rate on Vs: 1.0000
accuracy on clean test nodes: 0.8579
Overall ASR: 0.9691
Flip ASR: 0.9620/1554 nodes
Namespace(cuda=True, dataset='Pubmed', debug=True, defense_mode='none', device_id=1, dis_weight=1.0, dropout=0.5, epochs=200, evaluate_mode='1by1', hidden=32, homo_boost_thrd=0.5, homo_loss_weight=3.0, inner=1, lr=0.01, model='GCN', no_cuda=False, prune_thr=0.15, seed=215, selection_method='none', target_class=0, target_loss_weight=1, test_model='GraphSage', thrd=0.5, train_lr=0.01, trigger_size=3, trojan_epochs=200, use_vs_number=True, vs_number=20, vs_ratio=0, weight_decay=0.0005)
target class rate on Vs: 1.0000
accuracy on clean test nodes: 0.8584
Overall ASR: 0.9675
Flip ASR: 0.9601/1554 nodes
Namespace(cuda=True, dataset='Pubmed', debug=True, defense_mode='none', device_id=1, dis_weight=1.0, dropout=0.5, epochs=200, evaluate_mode='1by1', hidden=32, homo_boost_thrd=0.5, homo_loss_weight=3.0, inner=1, lr=0.01, model='GCN', no_cuda=False, prune_thr=0.15, seed=338, selection_method='none', target_class=0, target_loss_weight=1, test_model='GraphSage', thrd=0.5, train_lr=0.01, trigger_size=3, trojan_epochs=200, use_vs_number=True, vs_number=20, vs_ratio=0, weight_decay=0.0005)
target class rate on Vs: 1.0000
accuracy on clean test nodes: 0.8584
Overall ASR: 0.9701
Flip ASR: 0.9633/1554 nodes
Overall ASR: 0.9697 (GraphSage model, Seed: 338)
Overall Clean Accuracy: 0.8595
Total Overall ASR: 0.9505 
Total Clean Accuracy: 0.8499
