nohup: ignoring input
run_adaptive.py:8: DeprecationWarning: the imp module is deprecated in favour of importlib; see the module's documentation for alternative uses
  import imp
Namespace(cuda=True, dataset='Pubmed', debug=True, defense_mode='none', device_id=1, dis_weight=0.0, dropout=0.5, epochs=200, evaluate_mode='1by1', hidden=32, homo_boost_thrd=0.5, homo_loss_weight=50.0, inner=1, lr=0.01, model='GCN', no_cuda=False, prune_thr=0.8, seed=10, selection_method='cluster_degree', target_class=0, target_loss_weight=1, test_model='GCN', thrd=0.5, train_lr=0.01, trigger_size=3, trojan_epochs=2000, use_vs_number=True, vs_number=40, vs_ratio=0, weight_decay=0.0005)
#Attach Nodes:40
Length of training set: 3943
=== training gcn model ===
Epoch 0, training loss: 1.0969727039337158
acc_val: 0.4039
Epoch 10, training loss: 1.0288714170455933
acc_val: 0.6398
Epoch 20, training loss: 0.8768908977508545
acc_val: 0.6768
Epoch 30, training loss: 0.6742266416549683
acc_val: 0.7012
Epoch 40, training loss: 0.5647513270378113
acc_val: 0.8376
Epoch 50, training loss: 0.4839990735054016
acc_val: 0.8534
Epoch 60, training loss: 0.46587100625038147
acc_val: 0.8590
Epoch 70, training loss: 0.41182735562324524
acc_val: 0.8666
Epoch 80, training loss: 0.3886098265647888
acc_val: 0.8671
Epoch 90, training loss: 0.37621209025382996
acc_val: 0.8711
Epoch 100, training loss: 0.3614242374897003
acc_val: 0.8676
Epoch 110, training loss: 0.34778472781181335
acc_val: 0.8732
Epoch 120, training loss: 0.3448871076107025
acc_val: 0.8737
Epoch 130, training loss: 0.3360308110713959
acc_val: 0.8747
Epoch 140, training loss: 0.3327959477901459
acc_val: 0.8742
Epoch 150, training loss: 0.3276512622833252
acc_val: 0.8777
Epoch 160, training loss: 0.3284175395965576
acc_val: 0.8757
Epoch 170, training loss: 0.30837398767471313
acc_val: 0.8737
Epoch 180, training loss: 0.2989423871040344
acc_val: 0.8747
Epoch 190, training loss: 0.3014501929283142
acc_val: 0.8772
=== picking the best model according to the performance on validation ===
Training encoder Finished!
Total time elapsed: 2.3575s
Encoder CA on clean test nodes: 0.8569
[2 2 0 ... 1 0 1]
idx_attach: tensor([10804,  6470,  8892,   226,  9476,  3111,  5060, 11464, 10293, 19530,
        17159,  6109,  3359,  6191,  7668,  2817, 11389, 17191,  3278,  5745,
        13334, 11048,  6479,  6825,  4074,  2746,   457,  6236,  6486, 11455,
         4571,  6429,  2249, 13099, 15158, 10972, 18422,  5916, 17327,  4675],
       device='cuda:1')
tensor([    1,     2,     3,  ..., 19712, 19714, 19716], device='cuda:1')
Epoch 0, loss_inner: 1.09869, loss_target: 1.09191, homo loss: 0.48627 
acc_train_clean: 0.3190, ASR_train_attach: 0.9500, ASR_train_outter: 0.1062
Epoch 10, loss_inner: 0.97921, loss_target: 0.79797, homo loss: 0.20184 
acc_train_clean: 0.6579, ASR_train_attach: 1.0000, ASR_train_outter: 0.9887
Epoch 20, loss_inner: 0.87591, loss_target: 0.82296, homo loss: 0.07741 
acc_train_clean: 0.7418, ASR_train_attach: 0.4250, ASR_train_outter: 0.7303
Epoch 30, loss_inner: 0.73745, loss_target: 0.61681, homo loss: 0.00465 
acc_train_clean: 0.7948, ASR_train_attach: 1.0000, ASR_train_outter: 0.9126
Epoch 40, loss_inner: 0.61127, loss_target: 0.51901, homo loss: 0.00014 
acc_train_clean: 0.8362, ASR_train_attach: 1.0000, ASR_train_outter: 0.9352
Epoch 50, loss_inner: 0.52817, loss_target: 0.45232, homo loss: 0.00000 
acc_train_clean: 0.8455, ASR_train_attach: 1.0000, ASR_train_outter: 0.9492
Epoch 60, loss_inner: 0.48328, loss_target: 0.41467, homo loss: 0.00000 
acc_train_clean: 0.8544, ASR_train_attach: 0.9750, ASR_train_outter: 0.9474
Epoch 70, loss_inner: 0.46159, loss_target: 0.41138, homo loss: 0.00050 
acc_train_clean: 0.8554, ASR_train_attach: 0.9000, ASR_train_outter: 0.9305
Epoch 80, loss_inner: 0.44163, loss_target: 0.38641, homo loss: 0.00002 
acc_train_clean: 0.8628, ASR_train_attach: 1.0000, ASR_train_outter: 0.9474
Epoch 90, loss_inner: 0.42292, loss_target: 0.36602, homo loss: 0.00007 
acc_train_clean: 0.8658, ASR_train_attach: 1.0000, ASR_train_outter: 0.9633
Epoch 100, loss_inner: 0.40832, loss_target: 0.35179, homo loss: 0.00009 
acc_train_clean: 0.8686, ASR_train_attach: 1.0000, ASR_train_outter: 0.9615
Epoch 110, loss_inner: 0.39781, loss_target: 0.34893, homo loss: 0.00000 
acc_train_clean: 0.8707, ASR_train_attach: 1.0000, ASR_train_outter: 0.9408
Epoch 120, loss_inner: 0.43020, loss_target: 0.60864, homo loss: 0.00582 
acc_train_clean: 0.8724, ASR_train_attach: 0.1250, ASR_train_outter: 0.5385
Epoch 130, loss_inner: 0.39302, loss_target: 0.35764, homo loss: 0.00000 
acc_train_clean: 0.8745, ASR_train_attach: 1.0000, ASR_train_outter: 0.9370
Epoch 140, loss_inner: 0.37959, loss_target: 0.33933, homo loss: 0.00000 
acc_train_clean: 0.8762, ASR_train_attach: 1.0000, ASR_train_outter: 0.9539
Epoch 150, loss_inner: 0.37159, loss_target: 0.32713, homo loss: 0.00003 
acc_train_clean: 0.8788, ASR_train_attach: 1.0000, ASR_train_outter: 0.9586
Epoch 160, loss_inner: 0.36786, loss_target: 0.31957, homo loss: 0.00009 
acc_train_clean: 0.8785, ASR_train_attach: 1.0000, ASR_train_outter: 0.9680
Epoch 170, loss_inner: 0.36380, loss_target: 0.31678, homo loss: 0.00111 
acc_train_clean: 0.8813, ASR_train_attach: 1.0000, ASR_train_outter: 0.9737
Epoch 180, loss_inner: 0.38454, loss_target: 0.37499, homo loss: 0.00136 
acc_train_clean: 0.8694, ASR_train_attach: 0.4000, ASR_train_outter: 0.9436
Epoch 190, loss_inner: 0.37322, loss_target: 0.34046, homo loss: 0.00000 
acc_train_clean: 0.8767, ASR_train_attach: 1.0000, ASR_train_outter: 0.9699
Epoch 200, loss_inner: 0.35636, loss_target: 0.32201, homo loss: 0.00001 
acc_train_clean: 0.8808, ASR_train_attach: 1.0000, ASR_train_outter: 0.9464
Epoch 210, loss_inner: 0.35125, loss_target: 0.30880, homo loss: 0.00000 
acc_train_clean: 0.8831, ASR_train_attach: 1.0000, ASR_train_outter: 0.9624
Epoch 220, loss_inner: 0.35004, loss_target: 0.30353, homo loss: 0.00004 
acc_train_clean: 0.8833, ASR_train_attach: 1.0000, ASR_train_outter: 0.9746
Epoch 230, loss_inner: 0.35071, loss_target: 0.32514, homo loss: 0.00000 
acc_train_clean: 0.8851, ASR_train_attach: 0.8250, ASR_train_outter: 0.9098
Epoch 240, loss_inner: 0.34550, loss_target: 0.30232, homo loss: 0.00000 
acc_train_clean: 0.8861, ASR_train_attach: 1.0000, ASR_train_outter: 0.9568
Epoch 250, loss_inner: 0.36168, loss_target: 0.31766, homo loss: 0.07689 
acc_train_clean: 0.8833, ASR_train_attach: 0.3500, ASR_train_outter: 0.9314
Epoch 260, loss_inner: 0.35752, loss_target: 0.33830, homo loss: 0.00022 
acc_train_clean: 0.8788, ASR_train_attach: 1.0000, ASR_train_outter: 0.9455
Epoch 270, loss_inner: 0.34878, loss_target: 0.32828, homo loss: 0.00000 
acc_train_clean: 0.8841, ASR_train_attach: 1.0000, ASR_train_outter: 0.9530
Epoch 280, loss_inner: 0.34107, loss_target: 0.30607, homo loss: 0.00001 
acc_train_clean: 0.8856, ASR_train_attach: 1.0000, ASR_train_outter: 0.9624
Epoch 290, loss_inner: 0.33884, loss_target: 0.29769, homo loss: 0.00000 
acc_train_clean: 0.8871, ASR_train_attach: 1.0000, ASR_train_outter: 0.9624
Epoch 300, loss_inner: 0.33762, loss_target: 0.29967, homo loss: 0.00000 
acc_train_clean: 0.8866, ASR_train_attach: 1.0000, ASR_train_outter: 0.9474
Epoch 310, loss_inner: 0.33574, loss_target: 0.28841, homo loss: 0.00001 
acc_train_clean: 0.8882, ASR_train_attach: 1.0000, ASR_train_outter: 0.9765
Epoch 320, loss_inner: 0.33431, loss_target: 0.32223, homo loss: 0.00861 
acc_train_clean: 0.8874, ASR_train_attach: 1.0000, ASR_train_outter: 0.9944
Epoch 330, loss_inner: 0.33823, loss_target: 0.29930, homo loss: 0.00000 
acc_train_clean: 0.8859, ASR_train_attach: 1.0000, ASR_train_outter: 0.9812
Epoch 340, loss_inner: 0.33393, loss_target: 0.29100, homo loss: 0.00000 
acc_train_clean: 0.8882, ASR_train_attach: 1.0000, ASR_train_outter: 0.9680
Epoch 350, loss_inner: 0.33159, loss_target: 0.28767, homo loss: 0.00001 
acc_train_clean: 0.8879, ASR_train_attach: 1.0000, ASR_train_outter: 0.9793
Epoch 360, loss_inner: 0.33014, loss_target: 0.28358, homo loss: 0.00000 
acc_train_clean: 0.8894, ASR_train_attach: 1.0000, ASR_train_outter: 0.9803
Epoch 370, loss_inner: 0.32938, loss_target: 0.28199, homo loss: 0.00000 
acc_train_clean: 0.8887, ASR_train_attach: 1.0000, ASR_train_outter: 0.9746
Epoch 380, loss_inner: 0.34550, loss_target: 0.83363, homo loss: 0.15415 
acc_train_clean: 0.8816, ASR_train_attach: 1.0000, ASR_train_outter: 1.0000
Epoch 390, loss_inner: 0.35194, loss_target: 0.33472, homo loss: 0.00031 
acc_train_clean: 0.8861, ASR_train_attach: 0.7000, ASR_train_outter: 0.9098
Epoch 400, loss_inner: 0.34100, loss_target: 0.32027, homo loss: 0.00000 
acc_train_clean: 0.8821, ASR_train_attach: 1.0000, ASR_train_outter: 0.9436
Epoch 410, loss_inner: 0.33066, loss_target: 0.30501, homo loss: 0.00000 
acc_train_clean: 0.8871, ASR_train_attach: 1.0000, ASR_train_outter: 0.9662
Epoch 420, loss_inner: 0.32718, loss_target: 0.29254, homo loss: 0.00000 
acc_train_clean: 0.8884, ASR_train_attach: 1.0000, ASR_train_outter: 0.9662
Epoch 430, loss_inner: 0.32610, loss_target: 0.28657, homo loss: 0.00005 
acc_train_clean: 0.8879, ASR_train_attach: 1.0000, ASR_train_outter: 0.9756
Epoch 440, loss_inner: 0.32541, loss_target: 0.28160, homo loss: 0.00003 
acc_train_clean: 0.8892, ASR_train_attach: 1.0000, ASR_train_outter: 0.9652
Epoch 450, loss_inner: 0.32479, loss_target: 0.28365, homo loss: 0.00004 
acc_train_clean: 0.8892, ASR_train_attach: 1.0000, ASR_train_outter: 0.9887
Epoch 460, loss_inner: 0.32391, loss_target: 0.27777, homo loss: 0.00001 
acc_train_clean: 0.8894, ASR_train_attach: 1.0000, ASR_train_outter: 0.9784
Epoch 470, loss_inner: 0.32327, loss_target: 0.27789, homo loss: 0.00000 
acc_train_clean: 0.8904, ASR_train_attach: 1.0000, ASR_train_outter: 0.9671
Epoch 480, loss_inner: 0.32864, loss_target: 0.32200, homo loss: 0.00204 
acc_train_clean: 0.8897, ASR_train_attach: 1.0000, ASR_train_outter: 0.9248
Epoch 490, loss_inner: 0.32865, loss_target: 0.30112, homo loss: 0.00000 
acc_train_clean: 0.8927, ASR_train_attach: 1.0000, ASR_train_outter: 0.9492
Epoch 500, loss_inner: 0.32382, loss_target: 0.28754, homo loss: 0.00000 
acc_train_clean: 0.8904, ASR_train_attach: 1.0000, ASR_train_outter: 0.9633
Epoch 510, loss_inner: 0.32157, loss_target: 0.27761, homo loss: 0.00001 
acc_train_clean: 0.8887, ASR_train_attach: 1.0000, ASR_train_outter: 0.9850
Epoch 520, loss_inner: 0.32105, loss_target: 0.27356, homo loss: 0.00000 
acc_train_clean: 0.8902, ASR_train_attach: 1.0000, ASR_train_outter: 0.9859
Epoch 530, loss_inner: 0.32067, loss_target: 0.27130, homo loss: 0.00001 
acc_train_clean: 0.8915, ASR_train_attach: 1.0000, ASR_train_outter: 0.9868
Epoch 540, loss_inner: 0.32018, loss_target: 0.27331, homo loss: 0.00012 
acc_train_clean: 0.8912, ASR_train_attach: 1.0000, ASR_train_outter: 0.9906
Epoch 550, loss_inner: 0.32378, loss_target: 0.35868, homo loss: 0.00074 
acc_train_clean: 0.8907, ASR_train_attach: 0.7750, ASR_train_outter: 0.9427
Epoch 560, loss_inner: 0.32274, loss_target: 0.35216, homo loss: 0.00001 
acc_train_clean: 0.8894, ASR_train_attach: 0.9750, ASR_train_outter: 0.8412
Epoch 570, loss_inner: 0.32069, loss_target: 0.28542, homo loss: 0.00000 
acc_train_clean: 0.8899, ASR_train_attach: 1.0000, ASR_train_outter: 0.9643
Epoch 580, loss_inner: 0.31899, loss_target: 0.27679, homo loss: 0.00001 
acc_train_clean: 0.8932, ASR_train_attach: 0.9750, ASR_train_outter: 0.9586
Epoch 590, loss_inner: 0.31857, loss_target: 0.27256, homo loss: 0.00000 
acc_train_clean: 0.8917, ASR_train_attach: 1.0000, ASR_train_outter: 0.9746
Epoch 600, loss_inner: 0.31868, loss_target: 0.27353, homo loss: 0.00007 
acc_train_clean: 0.8899, ASR_train_attach: 1.0000, ASR_train_outter: 0.9840
Epoch 610, loss_inner: 0.31802, loss_target: 0.27456, homo loss: 0.00109 
acc_train_clean: 0.8915, ASR_train_attach: 1.0000, ASR_train_outter: 0.9897
Epoch 620, loss_inner: 0.34494, loss_target: 0.40914, homo loss: 0.00022 
acc_train_clean: 0.8808, ASR_train_attach: 1.0000, ASR_train_outter: 0.9991
Epoch 630, loss_inner: 0.33553, loss_target: 0.31451, homo loss: 0.00026 
acc_train_clean: 0.8882, ASR_train_attach: 1.0000, ASR_train_outter: 0.9831
Epoch 640, loss_inner: 0.32095, loss_target: 0.29547, homo loss: 0.00000 
acc_train_clean: 0.8892, ASR_train_attach: 1.0000, ASR_train_outter: 0.9474
Epoch 650, loss_inner: 0.31793, loss_target: 0.28079, homo loss: 0.00000 
acc_train_clean: 0.8925, ASR_train_attach: 1.0000, ASR_train_outter: 0.9756
Epoch 660, loss_inner: 0.31774, loss_target: 0.27513, homo loss: 0.00000 
acc_train_clean: 0.8917, ASR_train_attach: 1.0000, ASR_train_outter: 0.9605
Epoch 670, loss_inner: 0.31721, loss_target: 0.27414, homo loss: 0.00000 
acc_train_clean: 0.8925, ASR_train_attach: 1.0000, ASR_train_outter: 0.9812
Epoch 680, loss_inner: 0.31849, loss_target: 0.28691, homo loss: 0.00000 
acc_train_clean: 0.8925, ASR_train_attach: 0.9000, ASR_train_outter: 0.9333
Epoch 690, loss_inner: 0.31803, loss_target: 0.28888, homo loss: 0.00000 
acc_train_clean: 0.8902, ASR_train_attach: 1.0000, ASR_train_outter: 0.9417
Epoch 700, loss_inner: 0.33057, loss_target: 0.31699, homo loss: 0.00000 
acc_train_clean: 0.8813, ASR_train_attach: 1.0000, ASR_train_outter: 0.9840
Epoch 710, loss_inner: 0.33041, loss_target: 0.30940, homo loss: 0.00054 
acc_train_clean: 0.8861, ASR_train_attach: 1.0000, ASR_train_outter: 0.9925
Epoch 720, loss_inner: 0.32037, loss_target: 0.29603, homo loss: 0.00001 
acc_train_clean: 0.8892, ASR_train_attach: 1.0000, ASR_train_outter: 0.9596
Epoch 730, loss_inner: 0.31755, loss_target: 0.28534, homo loss: 0.00000 
acc_train_clean: 0.8899, ASR_train_attach: 1.0000, ASR_train_outter: 0.9756
Epoch 740, loss_inner: 0.31691, loss_target: 0.27989, homo loss: 0.00002 
acc_train_clean: 0.8904, ASR_train_attach: 1.0000, ASR_train_outter: 0.9746
Epoch 750, loss_inner: 0.31629, loss_target: 0.32291, homo loss: 0.00004 
acc_train_clean: 0.8917, ASR_train_attach: 1.0000, ASR_train_outter: 0.9859
Epoch 760, loss_inner: 0.34111, loss_target: 0.47190, homo loss: 0.00000 
acc_train_clean: 0.8930, ASR_train_attach: 0.2000, ASR_train_outter: 0.7378
Epoch 770, loss_inner: 0.42620, loss_target: 0.87314, homo loss: 0.01967 
acc_train_clean: 0.8915, ASR_train_attach: 0.0000, ASR_train_outter: 0.3026
Epoch 780, loss_inner: 0.33780, loss_target: 0.35329, homo loss: 0.00005 
acc_train_clean: 0.8904, ASR_train_attach: 1.0000, ASR_train_outter: 0.8750
Epoch 790, loss_inner: 0.32506, loss_target: 0.30843, homo loss: 0.00000 
acc_train_clean: 0.8904, ASR_train_attach: 1.0000, ASR_train_outter: 0.9596
Epoch 800, loss_inner: 0.31951, loss_target: 0.29668, homo loss: 0.00005 
acc_train_clean: 0.8907, ASR_train_attach: 1.0000, ASR_train_outter: 0.9436
Epoch 810, loss_inner: 0.31726, loss_target: 0.28710, homo loss: 0.00001 
acc_train_clean: 0.8927, ASR_train_attach: 1.0000, ASR_train_outter: 0.9568
Epoch 820, loss_inner: 0.31650, loss_target: 0.28240, homo loss: 0.00001 
acc_train_clean: 0.8920, ASR_train_attach: 1.0000, ASR_train_outter: 0.9690
Epoch 830, loss_inner: 0.31594, loss_target: 0.27929, homo loss: 0.00000 
acc_train_clean: 0.8927, ASR_train_attach: 1.0000, ASR_train_outter: 0.9746
Epoch 840, loss_inner: 0.31547, loss_target: 0.27570, homo loss: 0.00001 
acc_train_clean: 0.8922, ASR_train_attach: 1.0000, ASR_train_outter: 0.9756
Epoch 850, loss_inner: 0.31522, loss_target: 0.27311, homo loss: 0.00000 
acc_train_clean: 0.8925, ASR_train_attach: 1.0000, ASR_train_outter: 0.9727
Epoch 860, loss_inner: 0.31507, loss_target: 0.27116, homo loss: 0.00000 
acc_train_clean: 0.8927, ASR_train_attach: 1.0000, ASR_train_outter: 0.9774
Epoch 870, loss_inner: 0.31497, loss_target: 0.26900, homo loss: 0.00000 
acc_train_clean: 0.8927, ASR_train_attach: 1.0000, ASR_train_outter: 0.9803
Epoch 880, loss_inner: 0.31689, loss_target: 0.29633, homo loss: 0.00290 
acc_train_clean: 0.8912, ASR_train_attach: 1.0000, ASR_train_outter: 0.9831
Epoch 890, loss_inner: 0.36254, loss_target: 0.35839, homo loss: 0.10402 
acc_train_clean: 0.8745, ASR_train_attach: 0.9000, ASR_train_outter: 0.9981
Epoch 900, loss_inner: 0.33796, loss_target: 0.35415, homo loss: 0.00071 
acc_train_clean: 0.8823, ASR_train_attach: 0.8250, ASR_train_outter: 0.9314
Epoch 910, loss_inner: 0.32651, loss_target: 0.32241, homo loss: 0.00001 
acc_train_clean: 0.8831, ASR_train_attach: 1.0000, ASR_train_outter: 0.9464
Epoch 920, loss_inner: 0.31870, loss_target: 0.30084, homo loss: 0.00000 
acc_train_clean: 0.8915, ASR_train_attach: 1.0000, ASR_train_outter: 0.9558
Epoch 930, loss_inner: 0.31624, loss_target: 0.28699, homo loss: 0.00002 
acc_train_clean: 0.8922, ASR_train_attach: 1.0000, ASR_train_outter: 0.9633
Epoch 940, loss_inner: 0.31555, loss_target: 0.28153, homo loss: 0.00001 
acc_train_clean: 0.8909, ASR_train_attach: 1.0000, ASR_train_outter: 0.9699
Epoch 950, loss_inner: 0.31522, loss_target: 0.28032, homo loss: 0.00000 
acc_train_clean: 0.8915, ASR_train_attach: 1.0000, ASR_train_outter: 0.9718
Epoch 960, loss_inner: 0.31505, loss_target: 0.27604, homo loss: 0.00000 
acc_train_clean: 0.8932, ASR_train_attach: 1.0000, ASR_train_outter: 0.9737
Epoch 970, loss_inner: 0.31517, loss_target: 0.29698, homo loss: 0.00057 
acc_train_clean: 0.8920, ASR_train_attach: 1.0000, ASR_train_outter: 0.9953
Epoch 980, loss_inner: 0.31489, loss_target: 0.29453, homo loss: 0.00036 
acc_train_clean: 0.8912, ASR_train_attach: 1.0000, ASR_train_outter: 0.9267
Epoch 990, loss_inner: 0.31466, loss_target: 0.27116, homo loss: 0.00002 
acc_train_clean: 0.8907, ASR_train_attach: 1.0000, ASR_train_outter: 0.9784
Epoch 1000, loss_inner: 0.31440, loss_target: 0.26905, homo loss: 0.00001 
acc_train_clean: 0.8912, ASR_train_attach: 1.0000, ASR_train_outter: 0.9727
Epoch 1010, loss_inner: 0.31421, loss_target: 0.28235, homo loss: 0.00002 
acc_train_clean: 0.8932, ASR_train_attach: 1.0000, ASR_train_outter: 0.9276
Epoch 1020, loss_inner: 0.32469, loss_target: 0.30726, homo loss: 0.00688 
acc_train_clean: 0.8920, ASR_train_attach: 1.0000, ASR_train_outter: 0.9962
Epoch 1030, loss_inner: 0.32458, loss_target: 0.31258, homo loss: 0.00027 
acc_train_clean: 0.8915, ASR_train_attach: 0.9750, ASR_train_outter: 0.9145
Epoch 1040, loss_inner: 0.31963, loss_target: 0.29326, homo loss: 0.00000 
acc_train_clean: 0.8899, ASR_train_attach: 1.0000, ASR_train_outter: 0.9727
Epoch 1050, loss_inner: 0.31548, loss_target: 0.29064, homo loss: 0.00002 
acc_train_clean: 0.8907, ASR_train_attach: 1.0000, ASR_train_outter: 0.9436
Epoch 1060, loss_inner: 0.31455, loss_target: 0.28203, homo loss: 0.00001 
acc_train_clean: 0.8942, ASR_train_attach: 1.0000, ASR_train_outter: 0.9624
Epoch 1070, loss_inner: 0.31438, loss_target: 0.27758, homo loss: 0.00001 
acc_train_clean: 0.8932, ASR_train_attach: 1.0000, ASR_train_outter: 0.9699
Epoch 1080, loss_inner: 0.31395, loss_target: 0.27334, homo loss: 0.00000 
acc_train_clean: 0.8940, ASR_train_attach: 1.0000, ASR_train_outter: 0.9784
Epoch 1090, loss_inner: 0.31359, loss_target: 0.27035, homo loss: 0.00000 
acc_train_clean: 0.8935, ASR_train_attach: 1.0000, ASR_train_outter: 0.9774
Epoch 1100, loss_inner: 0.31335, loss_target: 0.26825, homo loss: 0.00000 
acc_train_clean: 0.8932, ASR_train_attach: 1.0000, ASR_train_outter: 0.9784
Epoch 1110, loss_inner: 0.31326, loss_target: 0.26688, homo loss: 0.00001 
acc_train_clean: 0.8935, ASR_train_attach: 1.0000, ASR_train_outter: 0.9803
Epoch 1120, loss_inner: 0.31319, loss_target: 0.26654, homo loss: 0.00000 
acc_train_clean: 0.8935, ASR_train_attach: 1.0000, ASR_train_outter: 0.9812
Epoch 1130, loss_inner: 0.31314, loss_target: 0.26860, homo loss: 0.00001 
acc_train_clean: 0.8935, ASR_train_attach: 1.0000, ASR_train_outter: 0.9831
Epoch 1140, loss_inner: 0.38246, loss_target: 0.83133, homo loss: 0.00145 
acc_train_clean: 0.8915, ASR_train_attach: 0.0250, ASR_train_outter: 0.3797
Epoch 1150, loss_inner: 0.32049, loss_target: 0.28383, homo loss: 0.00162 
acc_train_clean: 0.8927, ASR_train_attach: 1.0000, ASR_train_outter: 0.9765
Epoch 1160, loss_inner: 0.31943, loss_target: 0.29754, homo loss: 0.00000 
acc_train_clean: 0.8925, ASR_train_attach: 1.0000, ASR_train_outter: 0.9361
Epoch 1170, loss_inner: 0.31551, loss_target: 0.28557, homo loss: 0.00000 
acc_train_clean: 0.8925, ASR_train_attach: 1.0000, ASR_train_outter: 0.9643
Epoch 1180, loss_inner: 0.31381, loss_target: 0.28517, homo loss: 0.00002 
acc_train_clean: 0.8927, ASR_train_attach: 1.0000, ASR_train_outter: 0.9530
Epoch 1190, loss_inner: 0.31356, loss_target: 0.27659, homo loss: 0.00001 
acc_train_clean: 0.8932, ASR_train_attach: 1.0000, ASR_train_outter: 0.9699
Epoch 1200, loss_inner: 0.31331, loss_target: 0.27265, homo loss: 0.00000 
acc_train_clean: 0.8937, ASR_train_attach: 1.0000, ASR_train_outter: 0.9680
Epoch 1210, loss_inner: 0.31294, loss_target: 0.26869, homo loss: 0.00000 
acc_train_clean: 0.8942, ASR_train_attach: 1.0000, ASR_train_outter: 0.9746
Epoch 1220, loss_inner: 0.33079, loss_target: 0.38509, homo loss: 0.00000 
acc_train_clean: 0.8932, ASR_train_attach: 0.2750, ASR_train_outter: 0.7707
Epoch 1230, loss_inner: 0.33660, loss_target: 0.30631, homo loss: 0.17395 
acc_train_clean: 0.8884, ASR_train_attach: 1.0000, ASR_train_outter: 0.9671
Epoch 1240, loss_inner: 0.33171, loss_target: 0.31976, homo loss: 0.06407 
acc_train_clean: 0.8925, ASR_train_attach: 0.9500, ASR_train_outter: 0.9643
Epoch 1250, loss_inner: 0.32305, loss_target: 0.32610, homo loss: 0.00122 
acc_train_clean: 0.8884, ASR_train_attach: 0.9500, ASR_train_outter: 0.9436
Epoch 1260, loss_inner: 0.31726, loss_target: 0.28775, homo loss: 0.00000 
acc_train_clean: 0.8922, ASR_train_attach: 1.0000, ASR_train_outter: 0.9737
Epoch 1270, loss_inner: 0.31477, loss_target: 0.28998, homo loss: 0.00001 
acc_train_clean: 0.8920, ASR_train_attach: 1.0000, ASR_train_outter: 0.9464
Epoch 1280, loss_inner: 0.31357, loss_target: 0.27927, homo loss: 0.00002 
acc_train_clean: 0.8927, ASR_train_attach: 1.0000, ASR_train_outter: 0.9586
Epoch 1290, loss_inner: 0.31320, loss_target: 0.27556, homo loss: 0.00002 
acc_train_clean: 0.8927, ASR_train_attach: 1.0000, ASR_train_outter: 0.9690
Epoch 1300, loss_inner: 0.31343, loss_target: 0.27570, homo loss: 0.00000 
acc_train_clean: 0.8932, ASR_train_attach: 1.0000, ASR_train_outter: 0.9746
Epoch 1310, loss_inner: 0.31364, loss_target: 0.27592, homo loss: 0.00000 
acc_train_clean: 0.8935, ASR_train_attach: 1.0000, ASR_train_outter: 0.9737
Epoch 1320, loss_inner: 0.31337, loss_target: 0.32220, homo loss: 0.00017 
acc_train_clean: 0.8932, ASR_train_attach: 1.0000, ASR_train_outter: 0.9850
Epoch 1330, loss_inner: 0.32138, loss_target: 0.37585, homo loss: 0.00002 
acc_train_clean: 0.8874, ASR_train_attach: 0.8500, ASR_train_outter: 0.9596
Epoch 1340, loss_inner: 0.32291, loss_target: 0.32485, homo loss: 0.00007 
acc_train_clean: 0.8894, ASR_train_attach: 0.8750, ASR_train_outter: 0.8863
Epoch 1350, loss_inner: 0.31781, loss_target: 0.29530, homo loss: 0.00000 
acc_train_clean: 0.8907, ASR_train_attach: 1.0000, ASR_train_outter: 0.9746
Epoch 1360, loss_inner: 0.31436, loss_target: 0.28008, homo loss: 0.00000 
acc_train_clean: 0.8937, ASR_train_attach: 1.0000, ASR_train_outter: 0.9624
Epoch 1370, loss_inner: 0.31400, loss_target: 0.27426, homo loss: 0.00001 
acc_train_clean: 0.8937, ASR_train_attach: 1.0000, ASR_train_outter: 0.9643
Epoch 1380, loss_inner: 0.31359, loss_target: 0.27267, homo loss: 0.00000 
acc_train_clean: 0.8935, ASR_train_attach: 0.9750, ASR_train_outter: 0.9718
Epoch 1390, loss_inner: 0.31308, loss_target: 0.27056, homo loss: 0.00000 
acc_train_clean: 0.8935, ASR_train_attach: 1.0000, ASR_train_outter: 0.9727
Epoch 1400, loss_inner: 0.31273, loss_target: 0.26866, homo loss: 0.00000 
acc_train_clean: 0.8940, ASR_train_attach: 1.0000, ASR_train_outter: 0.9746
Epoch 1410, loss_inner: 0.31254, loss_target: 0.26678, homo loss: 0.00000 
acc_train_clean: 0.8937, ASR_train_attach: 1.0000, ASR_train_outter: 0.9765
Epoch 1420, loss_inner: 0.31249, loss_target: 0.26552, homo loss: 0.00001 
acc_train_clean: 0.8932, ASR_train_attach: 1.0000, ASR_train_outter: 0.9784
Epoch 1430, loss_inner: 0.31245, loss_target: 0.26480, homo loss: 0.00003 
acc_train_clean: 0.8937, ASR_train_attach: 1.0000, ASR_train_outter: 0.9793
Epoch 1440, loss_inner: 0.34524, loss_target: 0.87615, homo loss: 0.31493 
acc_train_clean: 0.8846, ASR_train_attach: 1.0000, ASR_train_outter: 1.0000
Epoch 1450, loss_inner: 0.34100, loss_target: 0.31318, homo loss: 0.16198 
acc_train_clean: 0.8876, ASR_train_attach: 1.0000, ASR_train_outter: 0.9765
Epoch 1460, loss_inner: 0.33579, loss_target: 0.37769, homo loss: 0.08883 
acc_train_clean: 0.8904, ASR_train_attach: 0.7250, ASR_train_outter: 0.9323
Epoch 1470, loss_inner: 0.33080, loss_target: 0.33833, homo loss: 0.01141 
acc_train_clean: 0.8892, ASR_train_attach: 1.0000, ASR_train_outter: 0.9906
Epoch 1480, loss_inner: 0.32689, loss_target: 0.32421, homo loss: 0.00069 
acc_train_clean: 0.8915, ASR_train_attach: 1.0000, ASR_train_outter: 0.9756
Epoch 1490, loss_inner: 0.32040, loss_target: 0.29825, homo loss: 0.00007 
acc_train_clean: 0.8907, ASR_train_attach: 1.0000, ASR_train_outter: 0.9765
Epoch 1500, loss_inner: 0.31638, loss_target: 0.28146, homo loss: 0.00002 
acc_train_clean: 0.8912, ASR_train_attach: 1.0000, ASR_train_outter: 0.9718
Epoch 1510, loss_inner: 0.31492, loss_target: 0.27477, homo loss: 0.00003 
acc_train_clean: 0.8912, ASR_train_attach: 1.0000, ASR_train_outter: 0.9793
Epoch 1520, loss_inner: 0.31435, loss_target: 0.27203, homo loss: 0.00003 
acc_train_clean: 0.8930, ASR_train_attach: 1.0000, ASR_train_outter: 0.9821
Epoch 1530, loss_inner: 0.31391, loss_target: 0.27065, homo loss: 0.00002 
acc_train_clean: 0.8935, ASR_train_attach: 1.0000, ASR_train_outter: 0.9821
Epoch 1540, loss_inner: 0.31357, loss_target: 0.27261, homo loss: 0.00002 
acc_train_clean: 0.8937, ASR_train_attach: 1.0000, ASR_train_outter: 0.9737
Epoch 1550, loss_inner: 0.31312, loss_target: 0.26798, homo loss: 0.00001 
acc_train_clean: 0.8932, ASR_train_attach: 1.0000, ASR_train_outter: 0.9821
Epoch 1560, loss_inner: 0.31317, loss_target: 0.27037, homo loss: 0.00001 
acc_train_clean: 0.8932, ASR_train_attach: 1.0000, ASR_train_outter: 0.9709
Epoch 1570, loss_inner: 0.31408, loss_target: 0.53530, homo loss: 0.02192 
acc_train_clean: 0.8927, ASR_train_attach: 1.0000, ASR_train_outter: 1.0000
Epoch 1580, loss_inner: 0.35902, loss_target: 0.89873, homo loss: 0.08067 
acc_train_clean: 0.8871, ASR_train_attach: 1.0000, ASR_train_outter: 1.0000
Epoch 1590, loss_inner: 0.34500, loss_target: 0.45084, homo loss: 0.00057 
acc_train_clean: 0.8922, ASR_train_attach: 0.7250, ASR_train_outter: 0.9455
Epoch 1600, loss_inner: 0.32752, loss_target: 0.30354, homo loss: 0.00001 
acc_train_clean: 0.8892, ASR_train_attach: 1.0000, ASR_train_outter: 0.9793
Epoch 1610, loss_inner: 0.31923, loss_target: 0.28809, homo loss: 0.00000 
acc_train_clean: 0.8904, ASR_train_attach: 1.0000, ASR_train_outter: 0.9746
Epoch 1620, loss_inner: 0.31601, loss_target: 0.28024, homo loss: 0.00000 
acc_train_clean: 0.8902, ASR_train_attach: 1.0000, ASR_train_outter: 0.9652
Epoch 1630, loss_inner: 0.31491, loss_target: 0.27618, homo loss: 0.00000 
acc_train_clean: 0.8909, ASR_train_attach: 1.0000, ASR_train_outter: 0.9586
Epoch 1640, loss_inner: 0.31417, loss_target: 0.30657, homo loss: 0.00019 
acc_train_clean: 0.8920, ASR_train_attach: 1.0000, ASR_train_outter: 0.9934
Epoch 1650, loss_inner: 0.31369, loss_target: 0.29340, homo loss: 0.00029 
acc_train_clean: 0.8930, ASR_train_attach: 1.0000, ASR_train_outter: 0.9953
Epoch 1660, loss_inner: 0.31308, loss_target: 0.31422, homo loss: 0.00017 
acc_train_clean: 0.8927, ASR_train_attach: 1.0000, ASR_train_outter: 0.9897
Epoch 1670, loss_inner: 0.31336, loss_target: 0.29196, homo loss: 0.00034 
acc_train_clean: 0.8925, ASR_train_attach: 1.0000, ASR_train_outter: 0.9962
Epoch 1680, loss_inner: 0.31323, loss_target: 0.29876, homo loss: 0.00000 
acc_train_clean: 0.8930, ASR_train_attach: 1.0000, ASR_train_outter: 0.9793
Epoch 1690, loss_inner: 0.31297, loss_target: 0.27175, homo loss: 0.00000 
acc_train_clean: 0.8927, ASR_train_attach: 1.0000, ASR_train_outter: 0.9662
Epoch 1700, loss_inner: 0.31261, loss_target: 0.26269, homo loss: 0.00001 
acc_train_clean: 0.8935, ASR_train_attach: 1.0000, ASR_train_outter: 0.9850
Epoch 1710, loss_inner: 0.31252, loss_target: 0.26233, homo loss: 0.00000 
acc_train_clean: 0.8935, ASR_train_attach: 1.0000, ASR_train_outter: 0.9831
Epoch 1720, loss_inner: 0.31242, loss_target: 0.26168, homo loss: 0.00001 
acc_train_clean: 0.8937, ASR_train_attach: 1.0000, ASR_train_outter: 0.9850
Epoch 1730, loss_inner: 0.31297, loss_target: 0.27268, homo loss: 0.00128 
acc_train_clean: 0.8917, ASR_train_attach: 1.0000, ASR_train_outter: 0.9962
Epoch 1740, loss_inner: 0.32462, loss_target: 0.54252, homo loss: 0.00130 
acc_train_clean: 0.8940, ASR_train_attach: 0.9250, ASR_train_outter: 0.6945
Epoch 1750, loss_inner: 0.32324, loss_target: 0.31877, homo loss: 0.00048 
acc_train_clean: 0.8922, ASR_train_attach: 0.9500, ASR_train_outter: 0.8947
Epoch 1760, loss_inner: 0.31560, loss_target: 0.29153, homo loss: 0.00000 
acc_train_clean: 0.8909, ASR_train_attach: 1.0000, ASR_train_outter: 0.9596
Epoch 1770, loss_inner: 0.31383, loss_target: 0.28262, homo loss: 0.00002 
acc_train_clean: 0.8917, ASR_train_attach: 1.0000, ASR_train_outter: 0.9868
Epoch 1780, loss_inner: 0.31348, loss_target: 0.27305, homo loss: 0.00001 
acc_train_clean: 0.8932, ASR_train_attach: 1.0000, ASR_train_outter: 0.9812
Epoch 1790, loss_inner: 0.31322, loss_target: 0.26871, homo loss: 0.00000 
acc_train_clean: 0.8927, ASR_train_attach: 1.0000, ASR_train_outter: 0.9812
Epoch 1800, loss_inner: 0.31268, loss_target: 0.27147, homo loss: 0.00003 
acc_train_clean: 0.8927, ASR_train_attach: 1.0000, ASR_train_outter: 0.9915
Epoch 1810, loss_inner: 0.31245, loss_target: 0.26399, homo loss: 0.00000 
acc_train_clean: 0.8932, ASR_train_attach: 1.0000, ASR_train_outter: 0.9897
Epoch 1820, loss_inner: 0.31219, loss_target: 0.26615, homo loss: 0.00003 
acc_train_clean: 0.8932, ASR_train_attach: 1.0000, ASR_train_outter: 0.9925
Epoch 1830, loss_inner: 0.31222, loss_target: 0.26158, homo loss: 0.00004 
acc_train_clean: 0.8935, ASR_train_attach: 1.0000, ASR_train_outter: 0.9897
Epoch 1840, loss_inner: 0.31230, loss_target: 0.26727, homo loss: 0.00002 
acc_train_clean: 0.8940, ASR_train_attach: 1.0000, ASR_train_outter: 0.9680
Epoch 1850, loss_inner: 0.32401, loss_target: 0.33095, homo loss: 0.00012 
acc_train_clean: 0.8948, ASR_train_attach: 0.5250, ASR_train_outter: 0.8703
Epoch 1860, loss_inner: 0.31423, loss_target: 0.27717, homo loss: 0.00000 
acc_train_clean: 0.8927, ASR_train_attach: 0.9750, ASR_train_outter: 0.9831
Epoch 1870, loss_inner: 0.31236, loss_target: 0.27722, homo loss: 0.00001 
acc_train_clean: 0.8909, ASR_train_attach: 1.0000, ASR_train_outter: 0.9436
Epoch 1880, loss_inner: 0.31181, loss_target: 0.26457, homo loss: 0.00000 
acc_train_clean: 0.8932, ASR_train_attach: 1.0000, ASR_train_outter: 0.9793
Epoch 1890, loss_inner: 0.31212, loss_target: 0.26314, homo loss: 0.00000 
acc_train_clean: 0.8937, ASR_train_attach: 1.0000, ASR_train_outter: 0.9821
Epoch 1900, loss_inner: 0.31217, loss_target: 0.26132, homo loss: 0.00001 
acc_train_clean: 0.8932, ASR_train_attach: 1.0000, ASR_train_outter: 0.9850
Epoch 1910, loss_inner: 0.31208, loss_target: 0.26168, homo loss: 0.00002 
acc_train_clean: 0.8932, ASR_train_attach: 1.0000, ASR_train_outter: 0.9868
Epoch 1920, loss_inner: 0.31198, loss_target: 0.26487, homo loss: 0.00002 
acc_train_clean: 0.8932, ASR_train_attach: 1.0000, ASR_train_outter: 0.9727
Epoch 1930, loss_inner: 0.33444, loss_target: 0.48263, homo loss: 0.06547 
acc_train_clean: 0.8887, ASR_train_attach: 1.0000, ASR_train_outter: 1.0000
Epoch 1940, loss_inner: 0.33738, loss_target: 0.31275, homo loss: 0.00034 
acc_train_clean: 0.8871, ASR_train_attach: 1.0000, ASR_train_outter: 0.9803
Epoch 1950, loss_inner: 0.32532, loss_target: 0.31807, homo loss: 0.00014 
acc_train_clean: 0.8894, ASR_train_attach: 1.0000, ASR_train_outter: 0.9812
Epoch 1960, loss_inner: 0.31741, loss_target: 0.28898, homo loss: 0.00004 
acc_train_clean: 0.8889, ASR_train_attach: 1.0000, ASR_train_outter: 0.9699
Epoch 1970, loss_inner: 0.31479, loss_target: 0.28136, homo loss: 0.00000 
acc_train_clean: 0.8915, ASR_train_attach: 1.0000, ASR_train_outter: 0.9605
Epoch 1980, loss_inner: 0.31427, loss_target: 0.27556, homo loss: 0.00002 
acc_train_clean: 0.8925, ASR_train_attach: 1.0000, ASR_train_outter: 0.9765
Epoch 1990, loss_inner: 0.31330, loss_target: 0.27319, homo loss: 0.00000 
acc_train_clean: 0.8935, ASR_train_attach: 1.0000, ASR_train_outter: 0.9821
load best weight based on the loss outter
precent of left attach nodes: 1.000
Namespace(cuda=True, dataset='Pubmed', debug=True, defense_mode='none', device_id=1, dis_weight=0.0, dropout=0.5, epochs=200, evaluate_mode='1by1', hidden=32, homo_boost_thrd=0.5, homo_loss_weight=50.0, inner=1, lr=0.01, model='GCN', no_cuda=False, prune_thr=0.8, seed=265, selection_method='cluster_degree', target_class=0, target_loss_weight=1, test_model='GCN', thrd=0.5, train_lr=0.01, trigger_size=3, trojan_epochs=2000, use_vs_number=True, vs_number=40, vs_ratio=0, weight_decay=0.0005)
target class rate on Vs: 1.0000
accuracy on clean test nodes: 0.8493
Overall ASR: 0.9153
Flip ASR: 0.8958/1554 nodes
Namespace(cuda=True, dataset='Pubmed', debug=True, defense_mode='none', device_id=1, dis_weight=0.0, dropout=0.5, epochs=200, evaluate_mode='1by1', hidden=32, homo_boost_thrd=0.5, homo_loss_weight=50.0, inner=1, lr=0.01, model='GCN', no_cuda=False, prune_thr=0.8, seed=125, selection_method='cluster_degree', target_class=0, target_loss_weight=1, test_model='GCN', thrd=0.5, train_lr=0.01, trigger_size=3, trojan_epochs=2000, use_vs_number=True, vs_number=40, vs_ratio=0, weight_decay=0.0005)
target class rate on Vs: 1.0000
accuracy on clean test nodes: 0.8498
Overall ASR: 0.8920
Flip ASR: 0.8681/1554 nodes
Namespace(cuda=True, dataset='Pubmed', debug=True, defense_mode='none', device_id=1, dis_weight=0.0, dropout=0.5, epochs=200, evaluate_mode='1by1', hidden=32, homo_boost_thrd=0.5, homo_loss_weight=50.0, inner=1, lr=0.01, model='GCN', no_cuda=False, prune_thr=0.8, seed=996, selection_method='cluster_degree', target_class=0, target_loss_weight=1, test_model='GCN', thrd=0.5, train_lr=0.01, trigger_size=3, trojan_epochs=2000, use_vs_number=True, vs_number=40, vs_ratio=0, weight_decay=0.0005)
target class rate on Vs: 1.0000
accuracy on clean test nodes: 0.8493
Overall ASR: 0.8996
Flip ASR: 0.8771/1554 nodes
Namespace(cuda=True, dataset='Pubmed', debug=True, defense_mode='none', device_id=1, dis_weight=0.0, dropout=0.5, epochs=200, evaluate_mode='1by1', hidden=32, homo_boost_thrd=0.5, homo_loss_weight=50.0, inner=1, lr=0.01, model='GCN', no_cuda=False, prune_thr=0.8, seed=527, selection_method='cluster_degree', target_class=0, target_loss_weight=1, test_model='GCN', thrd=0.5, train_lr=0.01, trigger_size=3, trojan_epochs=2000, use_vs_number=True, vs_number=40, vs_ratio=0, weight_decay=0.0005)
target class rate on Vs: 1.0000
accuracy on clean test nodes: 0.8493
Overall ASR: 0.9138
Flip ASR: 0.8945/1554 nodes
Namespace(cuda=True, dataset='Pubmed', debug=True, defense_mode='none', device_id=1, dis_weight=0.0, dropout=0.5, epochs=200, evaluate_mode='1by1', hidden=32, homo_boost_thrd=0.5, homo_loss_weight=50.0, inner=1, lr=0.01, model='GCN', no_cuda=False, prune_thr=0.8, seed=320, selection_method='cluster_degree', target_class=0, target_loss_weight=1, test_model='GCN', thrd=0.5, train_lr=0.01, trigger_size=3, trojan_epochs=2000, use_vs_number=True, vs_number=40, vs_ratio=0, weight_decay=0.0005)
target class rate on Vs: 1.0000
accuracy on clean test nodes: 0.8473
Overall ASR: 0.8879
Flip ASR: 0.8629/1554 nodes
Overall ASR: 0.9017 (GCN model, Seed: 320)
Overall Clean Accuracy: 0.8490
Namespace(cuda=True, dataset='Pubmed', debug=True, defense_mode='none', device_id=1, dis_weight=0.0, dropout=0.5, epochs=200, evaluate_mode='1by1', hidden=32, homo_boost_thrd=0.5, homo_loss_weight=50.0, inner=1, lr=0.01, model='GCN', no_cuda=False, prune_thr=0.8, seed=781, selection_method='cluster_degree', target_class=0, target_loss_weight=1, test_model='GAT', thrd=0.5, train_lr=0.01, trigger_size=3, trojan_epochs=2000, use_vs_number=True, vs_number=40, vs_ratio=0, weight_decay=0.0005)
/home/project-graph-backdoor/Backdoor/models/GAT.py:61: UserWarning: To copy construct from a tensor, it is recommended to use sourceTensor.clone().detach() or sourceTensor.clone().detach().requires_grad_(True), rather than torch.tensor(sourceTensor).
  self.labels = torch.tensor(labels, dtype=torch.long)
target class rate on Vs: 0.9750
accuracy on clean test nodes: 0.8387
Overall ASR: 0.8316
Flip ASR: 0.7941/1554 nodes
Namespace(cuda=True, dataset='Pubmed', debug=True, defense_mode='none', device_id=1, dis_weight=0.0, dropout=0.5, epochs=200, evaluate_mode='1by1', hidden=32, homo_boost_thrd=0.5, homo_loss_weight=50.0, inner=1, lr=0.01, model='GCN', no_cuda=False, prune_thr=0.8, seed=706, selection_method='cluster_degree', target_class=0, target_loss_weight=1, test_model='GAT', thrd=0.5, train_lr=0.01, trigger_size=3, trojan_epochs=2000, use_vs_number=True, vs_number=40, vs_ratio=0, weight_decay=0.0005)
target class rate on Vs: 0.9250
accuracy on clean test nodes: 0.8453
Overall ASR: 0.7652
Flip ASR: 0.7175/1554 nodes
Namespace(cuda=True, dataset='Pubmed', debug=True, defense_mode='none', device_id=1, dis_weight=0.0, dropout=0.5, epochs=200, evaluate_mode='1by1', hidden=32, homo_boost_thrd=0.5, homo_loss_weight=50.0, inner=1, lr=0.01, model='GCN', no_cuda=False, prune_thr=0.8, seed=778, selection_method='cluster_degree', target_class=0, target_loss_weight=1, test_model='GAT', thrd=0.5, train_lr=0.01, trigger_size=3, trojan_epochs=2000, use_vs_number=True, vs_number=40, vs_ratio=0, weight_decay=0.0005)
target class rate on Vs: 1.0000
accuracy on clean test nodes: 0.8387
Overall ASR: 0.8682
Flip ASR: 0.8385/1554 nodes
Namespace(cuda=True, dataset='Pubmed', debug=True, defense_mode='none', device_id=1, dis_weight=0.0, dropout=0.5, epochs=200, evaluate_mode='1by1', hidden=32, homo_boost_thrd=0.5, homo_loss_weight=50.0, inner=1, lr=0.01, model='GCN', no_cuda=False, prune_thr=0.8, seed=604, selection_method='cluster_degree', target_class=0, target_loss_weight=1, test_model='GAT', thrd=0.5, train_lr=0.01, trigger_size=3, trojan_epochs=2000, use_vs_number=True, vs_number=40, vs_ratio=0, weight_decay=0.0005)
target class rate on Vs: 1.0000
accuracy on clean test nodes: 0.8351
Overall ASR: 0.8017
Flip ASR: 0.7638/1554 nodes
Namespace(cuda=True, dataset='Pubmed', debug=True, defense_mode='none', device_id=1, dis_weight=0.0, dropout=0.5, epochs=200, evaluate_mode='1by1', hidden=32, homo_boost_thrd=0.5, homo_loss_weight=50.0, inner=1, lr=0.01, model='GCN', no_cuda=False, prune_thr=0.8, seed=133, selection_method='cluster_degree', target_class=0, target_loss_weight=1, test_model='GAT', thrd=0.5, train_lr=0.01, trigger_size=3, trojan_epochs=2000, use_vs_number=True, vs_number=40, vs_ratio=0, weight_decay=0.0005)
target class rate on Vs: 1.0000
accuracy on clean test nodes: 0.8382
Overall ASR: 0.8190
Flip ASR: 0.7793/1554 nodes
Overall ASR: 0.8171 (GAT model, Seed: 133)
Overall Clean Accuracy: 0.8392
Namespace(cuda=True, dataset='Pubmed', debug=True, defense_mode='none', device_id=1, dis_weight=0.0, dropout=0.5, epochs=200, evaluate_mode='1by1', hidden=32, homo_boost_thrd=0.5, homo_loss_weight=50.0, inner=1, lr=0.01, model='GCN', no_cuda=False, prune_thr=0.8, seed=673, selection_method='cluster_degree', target_class=0, target_loss_weight=1, test_model='GraphSage', thrd=0.5, train_lr=0.01, trigger_size=3, trojan_epochs=2000, use_vs_number=True, vs_number=40, vs_ratio=0, weight_decay=0.0005)
target class rate on Vs: 1.0000
accuracy on clean test nodes: 0.8620
Overall ASR: 0.8327
Flip ASR: 0.8024/1554 nodes
Namespace(cuda=True, dataset='Pubmed', debug=True, defense_mode='none', device_id=1, dis_weight=0.0, dropout=0.5, epochs=200, evaluate_mode='1by1', hidden=32, homo_boost_thrd=0.5, homo_loss_weight=50.0, inner=1, lr=0.01, model='GCN', no_cuda=False, prune_thr=0.8, seed=904, selection_method='cluster_degree', target_class=0, target_loss_weight=1, test_model='GraphSage', thrd=0.5, train_lr=0.01, trigger_size=3, trojan_epochs=2000, use_vs_number=True, vs_number=40, vs_ratio=0, weight_decay=0.0005)
target class rate on Vs: 1.0000
accuracy on clean test nodes: 0.8605
Overall ASR: 0.8266
Flip ASR: 0.7979/1554 nodes
Namespace(cuda=True, dataset='Pubmed', debug=True, defense_mode='none', device_id=1, dis_weight=0.0, dropout=0.5, epochs=200, evaluate_mode='1by1', hidden=32, homo_boost_thrd=0.5, homo_loss_weight=50.0, inner=1, lr=0.01, model='GCN', no_cuda=False, prune_thr=0.8, seed=56, selection_method='cluster_degree', target_class=0, target_loss_weight=1, test_model='GraphSage', thrd=0.5, train_lr=0.01, trigger_size=3, trojan_epochs=2000, use_vs_number=True, vs_number=40, vs_ratio=0, weight_decay=0.0005)
target class rate on Vs: 1.0000
accuracy on clean test nodes: 0.8595
Overall ASR: 0.8423
Flip ASR: 0.8166/1554 nodes
Namespace(cuda=True, dataset='Pubmed', debug=True, defense_mode='none', device_id=1, dis_weight=0.0, dropout=0.5, epochs=200, evaluate_mode='1by1', hidden=32, homo_boost_thrd=0.5, homo_loss_weight=50.0, inner=1, lr=0.01, model='GCN', no_cuda=False, prune_thr=0.8, seed=1, selection_method='cluster_degree', target_class=0, target_loss_weight=1, test_model='GraphSage', thrd=0.5, train_lr=0.01, trigger_size=3, trojan_epochs=2000, use_vs_number=True, vs_number=40, vs_ratio=0, weight_decay=0.0005)
target class rate on Vs: 1.0000
accuracy on clean test nodes: 0.8625
Overall ASR: 0.8316
Flip ASR: 0.8037/1554 nodes
Namespace(cuda=True, dataset='Pubmed', debug=True, defense_mode='none', device_id=1, dis_weight=0.0, dropout=0.5, epochs=200, evaluate_mode='1by1', hidden=32, homo_boost_thrd=0.5, homo_loss_weight=50.0, inner=1, lr=0.01, model='GCN', no_cuda=False, prune_thr=0.8, seed=694, selection_method='cluster_degree', target_class=0, target_loss_weight=1, test_model='GraphSage', thrd=0.5, train_lr=0.01, trigger_size=3, trojan_epochs=2000, use_vs_number=True, vs_number=40, vs_ratio=0, weight_decay=0.0005)
target class rate on Vs: 1.0000
accuracy on clean test nodes: 0.8574
Overall ASR: 0.8316
Flip ASR: 0.8031/1554 nodes
Overall ASR: 0.8330 (GraphSage model, Seed: 694)
Overall Clean Accuracy: 0.8604
Total Overall ASR: 0.8506 
Total Clean Accuracy: 0.8495
