nohup: ignoring input
run_adaptive.py:8: DeprecationWarning: the imp module is deprecated in favour of importlib; see the module's documentation for alternative uses
  import imp
Namespace(cuda=True, dataset='Pubmed', debug=True, defense_mode='none', device_id=1, dis_weight=0.0, dropout=0.5, epochs=200, evaluate_mode='1by1', hidden=32, homo_boost_thrd=0.5, homo_loss_weight=100.0, inner=1, lr=0.01, model='GCN', no_cuda=False, prune_thr=0.8, seed=10, selection_method='cluster_degree', target_class=0, target_loss_weight=1, test_model='GCN', thrd=0.5, train_lr=0.01, trigger_size=3, trojan_epochs=2000, use_vs_number=True, vs_number=40, vs_ratio=0, weight_decay=0.0005)
#Attach Nodes:40
Length of training set: 3943
=== training gcn model ===
Epoch 0, training loss: 1.0969727039337158
acc_val: 0.4039
Epoch 10, training loss: 1.0288714170455933
acc_val: 0.6398
Epoch 20, training loss: 0.8768908977508545
acc_val: 0.6768
Epoch 30, training loss: 0.6742267608642578
acc_val: 0.7012
Epoch 40, training loss: 0.5647497177124023
acc_val: 0.8382
Epoch 50, training loss: 0.48399069905281067
acc_val: 0.8534
Epoch 60, training loss: 0.4659076929092407
acc_val: 0.8590
Epoch 70, training loss: 0.4118213355541229
acc_val: 0.8666
Epoch 80, training loss: 0.3886343240737915
acc_val: 0.8671
Epoch 90, training loss: 0.3762350082397461
acc_val: 0.8711
Epoch 100, training loss: 0.36149346828460693
acc_val: 0.8671
Epoch 110, training loss: 0.3478069305419922
acc_val: 0.8732
Epoch 120, training loss: 0.3446671962738037
acc_val: 0.8737
Epoch 130, training loss: 0.336290180683136
acc_val: 0.8737
Epoch 140, training loss: 0.3329143226146698
acc_val: 0.8742
Epoch 150, training loss: 0.3275427222251892
acc_val: 0.8782
Epoch 160, training loss: 0.32861021161079407
acc_val: 0.8762
Epoch 170, training loss: 0.30837759375572205
acc_val: 0.8732
Epoch 180, training loss: 0.29858943819999695
acc_val: 0.8752
Epoch 190, training loss: 0.3012901842594147
acc_val: 0.8777
=== picking the best model according to the performance on validation ===
Training encoder Finished!
Total time elapsed: 2.6246s
Encoder CA on clean test nodes: 0.8549
idx_sing_class [    0     1     4 ... 19700 19702 19704]
current_class_size 20
./selected_nodes/Pubmed/Seperate/seed10/class_1.txt
[ 5104. 15916. 14578. ...  4058.   903. 11450.]
idx_sing_class [    3     5     6 ... 19712 19714 19716]
current_class_size 20
./selected_nodes/Pubmed/Seperate/seed10/class_2.txt
[11009.  2782. 11343. ...  8626. 15548.  1205.]
idx_attach: tensor([ 5104, 15916, 14578,  9040, 14315, 14910,  7647,  7098, 11534,  7803,
        10837, 18637, 19544,   821,  4899, 18597, 14851,  9145, 13907, 10814,
        11009,  2782, 11343, 14528, 19272,  6196, 16600, 17595, 17660,  9488,
         2471,  3489,  7324, 19307,  7825,   688,  2799,  6114,  4498, 13749],
       device='cuda:1')
tensor([    1,     2,     3,  ..., 19712, 19714, 19716], device='cuda:1')
Epoch 0, loss_inner: 1.09870, loss_target: 1.08898, homo loss: 0.48479 
acc_train_clean: 0.3190, ASR_train_attach: 0.9000, ASR_train_outter: 0.1268
Epoch 10, loss_inner: 0.97819, loss_target: 0.87177, homo loss: 0.19416 
acc_train_clean: 0.6635, ASR_train_attach: 1.0000, ASR_train_outter: 0.9873
Epoch 20, loss_inner: 0.87688, loss_target: 0.86135, homo loss: 0.03482 
acc_train_clean: 0.7550, ASR_train_attach: 0.4500, ASR_train_outter: 0.6757
Epoch 30, loss_inner: 0.73688, loss_target: 0.68144, homo loss: 0.00007 
acc_train_clean: 0.8007, ASR_train_attach: 0.8750, ASR_train_outter: 0.8315
Epoch 40, loss_inner: 0.60793, loss_target: 0.55415, homo loss: 0.00001 
acc_train_clean: 0.8379, ASR_train_attach: 0.9000, ASR_train_outter: 0.9348
Epoch 50, loss_inner: 0.52666, loss_target: 0.48967, homo loss: 0.00000 
acc_train_clean: 0.8466, ASR_train_attach: 0.9000, ASR_train_outter: 0.9511
Epoch 60, loss_inner: 0.48266, loss_target: 0.45081, homo loss: 0.00000 
acc_train_clean: 0.8537, ASR_train_attach: 0.9000, ASR_train_outter: 0.9511
Epoch 70, loss_inner: 0.45623, loss_target: 0.42435, homo loss: 0.00000 
acc_train_clean: 0.8620, ASR_train_attach: 0.9000, ASR_train_outter: 0.9529
Epoch 80, loss_inner: 0.43740, loss_target: 0.41220, homo loss: 0.00000 
acc_train_clean: 0.8671, ASR_train_attach: 0.8500, ASR_train_outter: 0.9167
Epoch 90, loss_inner: 0.42024, loss_target: 0.39083, homo loss: 0.00003 
acc_train_clean: 0.8694, ASR_train_attach: 0.9000, ASR_train_outter: 0.9438
Epoch 100, loss_inner: 0.47375, loss_target: 0.91016, homo loss: 0.02527 
acc_train_clean: 0.8707, ASR_train_attach: 0.1000, ASR_train_outter: 0.3062
Epoch 110, loss_inner: 0.40915, loss_target: 0.42392, homo loss: 0.00000 
acc_train_clean: 0.8714, ASR_train_attach: 0.7750, ASR_train_outter: 0.8678
Epoch 120, loss_inner: 0.39313, loss_target: 0.38404, homo loss: 0.00001 
acc_train_clean: 0.8752, ASR_train_attach: 0.8750, ASR_train_outter: 0.9384
Epoch 130, loss_inner: 0.38345, loss_target: 0.36733, homo loss: 0.00000 
acc_train_clean: 0.8773, ASR_train_attach: 0.9000, ASR_train_outter: 0.9638
Epoch 140, loss_inner: 0.37751, loss_target: 0.35016, homo loss: 0.00000 
acc_train_clean: 0.8780, ASR_train_attach: 0.9750, ASR_train_outter: 0.9692
Epoch 150, loss_inner: 0.37118, loss_target: 0.34012, homo loss: 0.00000 
acc_train_clean: 0.8800, ASR_train_attach: 0.9750, ASR_train_outter: 0.9746
Epoch 160, loss_inner: 0.36563, loss_target: 0.33523, homo loss: 0.00002 
acc_train_clean: 0.8813, ASR_train_attach: 0.9750, ASR_train_outter: 0.9837
Epoch 170, loss_inner: 0.36208, loss_target: 0.33091, homo loss: 0.00003 
acc_train_clean: 0.8838, ASR_train_attach: 0.9250, ASR_train_outter: 0.9692
Epoch 180, loss_inner: 0.35857, loss_target: 0.32936, homo loss: 0.00002 
acc_train_clean: 0.8846, ASR_train_attach: 0.9750, ASR_train_outter: 0.9656
Epoch 190, loss_inner: 0.35523, loss_target: 0.32488, homo loss: 0.00000 
acc_train_clean: 0.8846, ASR_train_attach: 0.9250, ASR_train_outter: 0.9674
Epoch 200, loss_inner: 0.35450, loss_target: 0.35651, homo loss: 0.00054 
acc_train_clean: 0.8846, ASR_train_attach: 0.9750, ASR_train_outter: 0.9855
Epoch 210, loss_inner: 0.35390, loss_target: 0.34365, homo loss: 0.00000 
acc_train_clean: 0.8826, ASR_train_attach: 1.0000, ASR_train_outter: 0.9928
Epoch 220, loss_inner: 0.35499, loss_target: 0.34460, homo loss: 0.00000 
acc_train_clean: 0.8811, ASR_train_attach: 1.0000, ASR_train_outter: 0.9873
Epoch 230, loss_inner: 0.34635, loss_target: 0.32354, homo loss: 0.00000 
acc_train_clean: 0.8861, ASR_train_attach: 0.9250, ASR_train_outter: 0.9710
Epoch 240, loss_inner: 0.34247, loss_target: 0.31451, homo loss: 0.00000 
acc_train_clean: 0.8871, ASR_train_attach: 1.0000, ASR_train_outter: 0.9764
Epoch 250, loss_inner: 0.34111, loss_target: 0.31108, homo loss: 0.00000 
acc_train_clean: 0.8869, ASR_train_attach: 1.0000, ASR_train_outter: 0.9819
Epoch 260, loss_inner: 0.33909, loss_target: 0.30928, homo loss: 0.00001 
acc_train_clean: 0.8879, ASR_train_attach: 1.0000, ASR_train_outter: 0.9891
Epoch 270, loss_inner: 0.33850, loss_target: 0.31201, homo loss: 0.00000 
acc_train_clean: 0.8879, ASR_train_attach: 0.9000, ASR_train_outter: 0.9565
Epoch 280, loss_inner: 0.35983, loss_target: 0.35648, homo loss: 0.00250 
acc_train_clean: 0.8871, ASR_train_attach: 0.7750, ASR_train_outter: 0.8623
Epoch 290, loss_inner: 0.35280, loss_target: 0.34327, homo loss: 0.00000 
acc_train_clean: 0.8856, ASR_train_attach: 0.9000, ASR_train_outter: 0.9438
Epoch 300, loss_inner: 0.33946, loss_target: 0.32988, homo loss: 0.00000 
acc_train_clean: 0.8889, ASR_train_attach: 0.8750, ASR_train_outter: 0.9384
Epoch 310, loss_inner: 0.33591, loss_target: 0.31761, homo loss: 0.00000 
acc_train_clean: 0.8897, ASR_train_attach: 0.9250, ASR_train_outter: 0.9746
Epoch 320, loss_inner: 0.33422, loss_target: 0.30843, homo loss: 0.00000 
acc_train_clean: 0.8879, ASR_train_attach: 0.9500, ASR_train_outter: 0.9855
Epoch 330, loss_inner: 0.33184, loss_target: 0.30550, homo loss: 0.00000 
acc_train_clean: 0.8887, ASR_train_attach: 1.0000, ASR_train_outter: 0.9891
Epoch 340, loss_inner: 0.33023, loss_target: 0.30399, homo loss: 0.00000 
acc_train_clean: 0.8884, ASR_train_attach: 0.9500, ASR_train_outter: 0.9909
Epoch 350, loss_inner: 0.32939, loss_target: 0.30095, homo loss: 0.00000 
acc_train_clean: 0.8894, ASR_train_attach: 0.9250, ASR_train_outter: 0.9801
Epoch 360, loss_inner: 0.32808, loss_target: 0.29878, homo loss: 0.00000 
acc_train_clean: 0.8889, ASR_train_attach: 0.9750, ASR_train_outter: 0.9873
Epoch 370, loss_inner: 0.32704, loss_target: 0.29813, homo loss: 0.00002 
acc_train_clean: 0.8904, ASR_train_attach: 0.9500, ASR_train_outter: 0.9873
Epoch 380, loss_inner: 0.32666, loss_target: 0.30109, homo loss: 0.00000 
acc_train_clean: 0.8907, ASR_train_attach: 0.9500, ASR_train_outter: 0.9764
Epoch 390, loss_inner: 0.39941, loss_target: 0.79645, homo loss: 0.00000 
acc_train_clean: 0.8904, ASR_train_attach: 0.1250, ASR_train_outter: 0.3877
Epoch 400, loss_inner: 0.32870, loss_target: 0.32224, homo loss: 0.00001 
acc_train_clean: 0.8876, ASR_train_attach: 0.9500, ASR_train_outter: 0.9457
Epoch 410, loss_inner: 0.32568, loss_target: 0.30781, homo loss: 0.00000 
acc_train_clean: 0.8882, ASR_train_attach: 0.9250, ASR_train_outter: 0.9710
Epoch 420, loss_inner: 0.32403, loss_target: 0.29853, homo loss: 0.00000 
acc_train_clean: 0.8920, ASR_train_attach: 0.9750, ASR_train_outter: 0.9855
Epoch 430, loss_inner: 0.32327, loss_target: 0.29484, homo loss: 0.00000 
acc_train_clean: 0.8912, ASR_train_attach: 1.0000, ASR_train_outter: 0.9928
Epoch 440, loss_inner: 0.32221, loss_target: 0.29316, homo loss: 0.00000 
acc_train_clean: 0.8902, ASR_train_attach: 1.0000, ASR_train_outter: 0.9873
Epoch 450, loss_inner: 0.32157, loss_target: 0.29299, homo loss: 0.00000 
acc_train_clean: 0.8912, ASR_train_attach: 1.0000, ASR_train_outter: 0.9855
Epoch 460, loss_inner: 0.32113, loss_target: 0.29242, homo loss: 0.00001 
acc_train_clean: 0.8907, ASR_train_attach: 1.0000, ASR_train_outter: 0.9873
Epoch 470, loss_inner: 0.32089, loss_target: 0.29304, homo loss: 0.00003 
acc_train_clean: 0.8902, ASR_train_attach: 1.0000, ASR_train_outter: 0.9819
Epoch 480, loss_inner: 0.33674, loss_target: 0.31088, homo loss: 0.02912 
acc_train_clean: 0.8892, ASR_train_attach: 0.5250, ASR_train_outter: 0.9185
Epoch 490, loss_inner: 0.34043, loss_target: 0.33909, homo loss: 0.00004 
acc_train_clean: 0.8889, ASR_train_attach: 1.0000, ASR_train_outter: 0.9873
Epoch 500, loss_inner: 0.32745, loss_target: 0.32390, homo loss: 0.00000 
acc_train_clean: 0.8882, ASR_train_attach: 0.8500, ASR_train_outter: 0.9402
Epoch 510, loss_inner: 0.32117, loss_target: 0.30725, homo loss: 0.00000 
acc_train_clean: 0.8904, ASR_train_attach: 1.0000, ASR_train_outter: 0.9764
Epoch 520, loss_inner: 0.32065, loss_target: 0.29618, homo loss: 0.00000 
acc_train_clean: 0.8920, ASR_train_attach: 1.0000, ASR_train_outter: 0.9783
Epoch 530, loss_inner: 0.31977, loss_target: 0.29359, homo loss: 0.00000 
acc_train_clean: 0.8917, ASR_train_attach: 0.9500, ASR_train_outter: 0.9819
Epoch 540, loss_inner: 0.31853, loss_target: 0.29150, homo loss: 0.00000 
acc_train_clean: 0.8932, ASR_train_attach: 1.0000, ASR_train_outter: 0.9873
Epoch 550, loss_inner: 0.31772, loss_target: 0.29035, homo loss: 0.00000 
acc_train_clean: 0.8930, ASR_train_attach: 1.0000, ASR_train_outter: 0.9837
Epoch 560, loss_inner: 0.31748, loss_target: 0.28956, homo loss: 0.00000 
acc_train_clean: 0.8927, ASR_train_attach: 1.0000, ASR_train_outter: 0.9909
Epoch 570, loss_inner: 0.31750, loss_target: 0.29067, homo loss: 0.00000 
acc_train_clean: 0.8937, ASR_train_attach: 0.9750, ASR_train_outter: 0.9801
Epoch 580, loss_inner: 0.31682, loss_target: 0.28881, homo loss: 0.00001 
acc_train_clean: 0.8925, ASR_train_attach: 1.0000, ASR_train_outter: 0.9873
Epoch 590, loss_inner: 0.31645, loss_target: 0.28872, homo loss: 0.00006 
acc_train_clean: 0.8927, ASR_train_attach: 1.0000, ASR_train_outter: 0.9891
Epoch 600, loss_inner: 0.34329, loss_target: 0.37271, homo loss: 0.00001 
acc_train_clean: 0.8892, ASR_train_attach: 0.3750, ASR_train_outter: 0.7663
Epoch 610, loss_inner: 0.32845, loss_target: 0.33673, homo loss: 0.00003 
acc_train_clean: 0.8899, ASR_train_attach: 0.8500, ASR_train_outter: 0.9167
Epoch 620, loss_inner: 0.32309, loss_target: 0.30688, homo loss: 0.00001 
acc_train_clean: 0.8920, ASR_train_attach: 0.8250, ASR_train_outter: 0.9348
Epoch 630, loss_inner: 0.31733, loss_target: 0.29646, homo loss: 0.00000 
acc_train_clean: 0.8904, ASR_train_attach: 0.9750, ASR_train_outter: 0.9783
Epoch 640, loss_inner: 0.31690, loss_target: 0.29211, homo loss: 0.00000 
acc_train_clean: 0.8915, ASR_train_attach: 1.0000, ASR_train_outter: 0.9837
Epoch 650, loss_inner: 0.31611, loss_target: 0.28901, homo loss: 0.00000 
acc_train_clean: 0.8940, ASR_train_attach: 0.9750, ASR_train_outter: 0.9837
Epoch 660, loss_inner: 0.31511, loss_target: 0.28666, homo loss: 0.00000 
acc_train_clean: 0.8937, ASR_train_attach: 1.0000, ASR_train_outter: 0.9819
Epoch 670, loss_inner: 0.31475, loss_target: 0.28725, homo loss: 0.00000 
acc_train_clean: 0.8930, ASR_train_attach: 1.0000, ASR_train_outter: 0.9855
Epoch 680, loss_inner: 0.35875, loss_target: 0.35475, homo loss: 0.00633 
acc_train_clean: 0.8894, ASR_train_attach: 0.3750, ASR_train_outter: 0.8098
Epoch 690, loss_inner: 0.33800, loss_target: 0.33361, homo loss: 0.00020 
acc_train_clean: 0.8894, ASR_train_attach: 0.9500, ASR_train_outter: 0.9783
Epoch 700, loss_inner: 0.32354, loss_target: 0.32074, homo loss: 0.00000 
acc_train_clean: 0.8920, ASR_train_attach: 0.9000, ASR_train_outter: 0.9493
Epoch 710, loss_inner: 0.31904, loss_target: 0.31108, homo loss: 0.00000 
acc_train_clean: 0.8917, ASR_train_attach: 0.9000, ASR_train_outter: 0.9583
Epoch 720, loss_inner: 0.31852, loss_target: 0.30174, homo loss: 0.00000 
acc_train_clean: 0.8925, ASR_train_attach: 0.9000, ASR_train_outter: 0.9674
Epoch 730, loss_inner: 0.31719, loss_target: 0.29330, homo loss: 0.00000 
acc_train_clean: 0.8907, ASR_train_attach: 0.9500, ASR_train_outter: 0.9764
Epoch 740, loss_inner: 0.31575, loss_target: 0.28930, homo loss: 0.00000 
acc_train_clean: 0.8942, ASR_train_attach: 0.9500, ASR_train_outter: 0.9855
Epoch 750, loss_inner: 0.31607, loss_target: 0.29381, homo loss: 0.00001 
acc_train_clean: 0.8935, ASR_train_attach: 0.9250, ASR_train_outter: 0.9457
Epoch 760, loss_inner: 0.31480, loss_target: 0.28871, homo loss: 0.00000 
acc_train_clean: 0.8930, ASR_train_attach: 1.0000, ASR_train_outter: 0.9855
Epoch 770, loss_inner: 0.31450, loss_target: 0.28780, homo loss: 0.00001 
acc_train_clean: 0.8925, ASR_train_attach: 1.0000, ASR_train_outter: 0.9909
Epoch 780, loss_inner: 0.31452, loss_target: 0.28494, homo loss: 0.00001 
acc_train_clean: 0.8920, ASR_train_attach: 0.9750, ASR_train_outter: 0.9909
Epoch 790, loss_inner: 0.31396, loss_target: 0.28518, homo loss: 0.00000 
acc_train_clean: 0.8937, ASR_train_attach: 1.0000, ASR_train_outter: 0.9946
Epoch 800, loss_inner: 0.31597, loss_target: 0.29233, homo loss: 0.00948 
acc_train_clean: 0.8945, ASR_train_attach: 0.9750, ASR_train_outter: 0.9873
Epoch 810, loss_inner: 0.31939, loss_target: 0.30769, homo loss: 0.00070 
acc_train_clean: 0.8932, ASR_train_attach: 1.0000, ASR_train_outter: 0.9855
Epoch 820, loss_inner: 0.31677, loss_target: 0.29560, homo loss: 0.00001 
acc_train_clean: 0.8922, ASR_train_attach: 1.0000, ASR_train_outter: 0.9801
Epoch 830, loss_inner: 0.31466, loss_target: 0.28956, homo loss: 0.00000 
acc_train_clean: 0.8932, ASR_train_attach: 1.0000, ASR_train_outter: 0.9819
Epoch 840, loss_inner: 0.31450, loss_target: 0.28770, homo loss: 0.00000 
acc_train_clean: 0.8940, ASR_train_attach: 0.9750, ASR_train_outter: 0.9783
Epoch 850, loss_inner: 0.31543, loss_target: 0.29969, homo loss: 0.00000 
acc_train_clean: 0.8942, ASR_train_attach: 0.8250, ASR_train_outter: 0.9112
Epoch 860, loss_inner: 0.31377, loss_target: 0.29078, homo loss: 0.00000 
acc_train_clean: 0.8945, ASR_train_attach: 1.0000, ASR_train_outter: 0.9891
Epoch 870, loss_inner: 0.31345, loss_target: 0.28648, homo loss: 0.00000 
acc_train_clean: 0.8942, ASR_train_attach: 1.0000, ASR_train_outter: 0.9909
Epoch 880, loss_inner: 0.31307, loss_target: 0.28402, homo loss: 0.00000 
acc_train_clean: 0.8945, ASR_train_attach: 1.0000, ASR_train_outter: 0.9891
Epoch 890, loss_inner: 0.32122, loss_target: 0.35122, homo loss: 0.05258 
acc_train_clean: 0.8899, ASR_train_attach: 1.0000, ASR_train_outter: 1.0000
Epoch 900, loss_inner: 0.32669, loss_target: 0.31890, homo loss: 0.00474 
acc_train_clean: 0.8915, ASR_train_attach: 0.9750, ASR_train_outter: 0.9746
Epoch 910, loss_inner: 0.31539, loss_target: 0.31879, homo loss: 0.00000 
acc_train_clean: 0.8917, ASR_train_attach: 0.9750, ASR_train_outter: 0.9855
Epoch 920, loss_inner: 0.31454, loss_target: 0.30052, homo loss: 0.00000 
acc_train_clean: 0.8925, ASR_train_attach: 0.9750, ASR_train_outter: 0.9710
Epoch 930, loss_inner: 0.31520, loss_target: 0.29112, homo loss: 0.00000 
acc_train_clean: 0.8935, ASR_train_attach: 1.0000, ASR_train_outter: 0.9909
Epoch 940, loss_inner: 0.31350, loss_target: 0.29057, homo loss: 0.00000 
acc_train_clean: 0.8932, ASR_train_attach: 0.9750, ASR_train_outter: 0.9873
Epoch 950, loss_inner: 0.31323, loss_target: 0.28701, homo loss: 0.00000 
acc_train_clean: 0.8940, ASR_train_attach: 1.0000, ASR_train_outter: 0.9801
Epoch 960, loss_inner: 0.31288, loss_target: 0.28555, homo loss: 0.00000 
acc_train_clean: 0.8935, ASR_train_attach: 1.0000, ASR_train_outter: 0.9855
Epoch 970, loss_inner: 0.31273, loss_target: 0.28477, homo loss: 0.00000 
acc_train_clean: 0.8935, ASR_train_attach: 1.0000, ASR_train_outter: 0.9891
Epoch 980, loss_inner: 0.31300, loss_target: 0.29619, homo loss: 0.00000 
acc_train_clean: 0.8953, ASR_train_attach: 1.0000, ASR_train_outter: 1.0000
Epoch 990, loss_inner: 0.31282, loss_target: 0.28643, homo loss: 0.00001 
acc_train_clean: 0.8927, ASR_train_attach: 1.0000, ASR_train_outter: 0.9946
Epoch 1000, loss_inner: 0.31254, loss_target: 0.28430, homo loss: 0.00000 
acc_train_clean: 0.8935, ASR_train_attach: 1.0000, ASR_train_outter: 0.9873
Epoch 1010, loss_inner: 0.31307, loss_target: 0.30069, homo loss: 0.00000 
acc_train_clean: 0.8937, ASR_train_attach: 1.0000, ASR_train_outter: 0.9909
Epoch 1020, loss_inner: 0.31433, loss_target: 0.31465, homo loss: 0.00000 
acc_train_clean: 0.8942, ASR_train_attach: 1.0000, ASR_train_outter: 0.9819
Epoch 1030, loss_inner: 0.31434, loss_target: 0.29310, homo loss: 0.00000 
acc_train_clean: 0.8930, ASR_train_attach: 0.9750, ASR_train_outter: 0.9674
Epoch 1040, loss_inner: 0.31970, loss_target: 0.34701, homo loss: 0.00010 
acc_train_clean: 0.8907, ASR_train_attach: 1.0000, ASR_train_outter: 1.0000
Epoch 1050, loss_inner: 0.32018, loss_target: 0.31098, homo loss: 0.00049 
acc_train_clean: 0.8935, ASR_train_attach: 0.8750, ASR_train_outter: 0.9420
Epoch 1060, loss_inner: 0.31841, loss_target: 0.30014, homo loss: 0.00000 
acc_train_clean: 0.8920, ASR_train_attach: 0.8500, ASR_train_outter: 0.9475
Epoch 1070, loss_inner: 0.31471, loss_target: 0.29497, homo loss: 0.00000 
acc_train_clean: 0.8925, ASR_train_attach: 0.9000, ASR_train_outter: 0.9275
Epoch 1080, loss_inner: 0.31311, loss_target: 0.28648, homo loss: 0.00000 
acc_train_clean: 0.8940, ASR_train_attach: 0.9250, ASR_train_outter: 0.9728
Epoch 1090, loss_inner: 0.31237, loss_target: 0.28424, homo loss: 0.00004 
acc_train_clean: 0.8953, ASR_train_attach: 1.0000, ASR_train_outter: 0.9873
Epoch 1100, loss_inner: 0.31196, loss_target: 0.28343, homo loss: 0.00000 
acc_train_clean: 0.8950, ASR_train_attach: 1.0000, ASR_train_outter: 0.9909
Epoch 1110, loss_inner: 0.32124, loss_target: 0.34989, homo loss: 0.07244 
acc_train_clean: 0.8866, ASR_train_attach: 1.0000, ASR_train_outter: 1.0000
Epoch 1120, loss_inner: 0.34392, loss_target: 0.38288, homo loss: 0.00058 
acc_train_clean: 0.8838, ASR_train_attach: 1.0000, ASR_train_outter: 1.0000
Epoch 1130, loss_inner: 0.32760, loss_target: 0.32535, homo loss: 0.00000 
acc_train_clean: 0.8904, ASR_train_attach: 0.8750, ASR_train_outter: 0.9330
Epoch 1140, loss_inner: 0.32002, loss_target: 0.30748, homo loss: 0.00000 
acc_train_clean: 0.8932, ASR_train_attach: 0.8750, ASR_train_outter: 0.9402
Epoch 1150, loss_inner: 0.31723, loss_target: 0.30416, homo loss: 0.00000 
acc_train_clean: 0.8922, ASR_train_attach: 1.0000, ASR_train_outter: 0.9819
Epoch 1160, loss_inner: 0.31635, loss_target: 0.30388, homo loss: 0.00000 
acc_train_clean: 0.8917, ASR_train_attach: 0.9250, ASR_train_outter: 0.9438
Epoch 1170, loss_inner: 0.31583, loss_target: 0.30169, homo loss: 0.00001 
acc_train_clean: 0.8927, ASR_train_attach: 0.9250, ASR_train_outter: 0.9547
Epoch 1180, loss_inner: 0.31495, loss_target: 0.29646, homo loss: 0.00003 
acc_train_clean: 0.8930, ASR_train_attach: 0.9750, ASR_train_outter: 0.9783
Epoch 1190, loss_inner: 0.31512, loss_target: 0.29831, homo loss: 0.00000 
acc_train_clean: 0.8935, ASR_train_attach: 0.8750, ASR_train_outter: 0.9511
Epoch 1200, loss_inner: 0.31425, loss_target: 0.29300, homo loss: 0.00001 
acc_train_clean: 0.8942, ASR_train_attach: 1.0000, ASR_train_outter: 0.9837
Epoch 1210, loss_inner: 0.31395, loss_target: 0.29846, homo loss: 0.00004 
acc_train_clean: 0.8932, ASR_train_attach: 1.0000, ASR_train_outter: 0.9837
Epoch 1220, loss_inner: 0.31559, loss_target: 0.30571, homo loss: 0.00004 
acc_train_clean: 0.8932, ASR_train_attach: 0.8500, ASR_train_outter: 0.9475
Epoch 1230, loss_inner: 0.31579, loss_target: 0.30945, homo loss: 0.00029 
acc_train_clean: 0.8937, ASR_train_attach: 1.0000, ASR_train_outter: 0.9909
Epoch 1240, loss_inner: 0.31511, loss_target: 0.32335, homo loss: 0.00340 
acc_train_clean: 0.8925, ASR_train_attach: 0.9250, ASR_train_outter: 0.9837
Epoch 1250, loss_inner: 0.31510, loss_target: 0.30195, homo loss: 0.00017 
acc_train_clean: 0.8927, ASR_train_attach: 0.9750, ASR_train_outter: 0.9764
Epoch 1260, loss_inner: 0.31433, loss_target: 0.29482, homo loss: 0.00000 
acc_train_clean: 0.8942, ASR_train_attach: 0.9750, ASR_train_outter: 0.9656
Epoch 1270, loss_inner: 0.31372, loss_target: 0.29251, homo loss: 0.00000 
acc_train_clean: 0.8940, ASR_train_attach: 0.9750, ASR_train_outter: 0.9692
Epoch 1280, loss_inner: 0.31341, loss_target: 0.28863, homo loss: 0.00001 
acc_train_clean: 0.8940, ASR_train_attach: 1.0000, ASR_train_outter: 0.9801
Epoch 1290, loss_inner: 0.31327, loss_target: 0.28853, homo loss: 0.00000 
acc_train_clean: 0.8942, ASR_train_attach: 1.0000, ASR_train_outter: 0.9873
Epoch 1300, loss_inner: 0.31356, loss_target: 0.29265, homo loss: 0.00000 
acc_train_clean: 0.8937, ASR_train_attach: 0.9500, ASR_train_outter: 0.9873
Epoch 1310, loss_inner: 0.31328, loss_target: 0.28905, homo loss: 0.00024 
acc_train_clean: 0.8950, ASR_train_attach: 1.0000, ASR_train_outter: 0.9855
Epoch 1320, loss_inner: 0.31347, loss_target: 0.29015, homo loss: 0.00048 
acc_train_clean: 0.8932, ASR_train_attach: 0.9500, ASR_train_outter: 0.9764
Epoch 1330, loss_inner: 0.32196, loss_target: 0.31531, homo loss: 0.00014 
acc_train_clean: 0.8932, ASR_train_attach: 1.0000, ASR_train_outter: 0.9946
Epoch 1340, loss_inner: 0.32182, loss_target: 0.32857, homo loss: 0.00000 
acc_train_clean: 0.8922, ASR_train_attach: 1.0000, ASR_train_outter: 0.9728
Epoch 1350, loss_inner: 0.31630, loss_target: 0.30537, homo loss: 0.00000 
acc_train_clean: 0.8922, ASR_train_attach: 0.9750, ASR_train_outter: 0.9692
Epoch 1360, loss_inner: 0.31546, loss_target: 0.29784, homo loss: 0.00000 
acc_train_clean: 0.8942, ASR_train_attach: 1.0000, ASR_train_outter: 0.9710
Epoch 1370, loss_inner: 0.31411, loss_target: 0.29413, homo loss: 0.00000 
acc_train_clean: 0.8937, ASR_train_attach: 1.0000, ASR_train_outter: 0.9783
Epoch 1380, loss_inner: 0.31361, loss_target: 0.29308, homo loss: 0.00000 
acc_train_clean: 0.8953, ASR_train_attach: 0.9750, ASR_train_outter: 0.9783
Epoch 1390, loss_inner: 0.31356, loss_target: 0.29564, homo loss: 0.00000 
acc_train_clean: 0.8940, ASR_train_attach: 1.0000, ASR_train_outter: 0.9855
Epoch 1400, loss_inner: 0.31301, loss_target: 0.29220, homo loss: 0.00001 
acc_train_clean: 0.8935, ASR_train_attach: 1.0000, ASR_train_outter: 0.9855
Epoch 1410, loss_inner: 0.31363, loss_target: 0.29102, homo loss: 0.00001 
acc_train_clean: 0.8937, ASR_train_attach: 1.0000, ASR_train_outter: 0.9855
Epoch 1420, loss_inner: 0.31406, loss_target: 0.29738, homo loss: 0.00000 
acc_train_clean: 0.8945, ASR_train_attach: 1.0000, ASR_train_outter: 0.9928
Epoch 1430, loss_inner: 0.31384, loss_target: 0.29790, homo loss: 0.00003 
acc_train_clean: 0.8942, ASR_train_attach: 0.9750, ASR_train_outter: 0.9620
Epoch 1440, loss_inner: 0.31389, loss_target: 0.29193, homo loss: 0.00000 
acc_train_clean: 0.8948, ASR_train_attach: 0.9250, ASR_train_outter: 0.9764
Epoch 1450, loss_inner: 0.31375, loss_target: 0.29035, homo loss: 0.00000 
acc_train_clean: 0.8940, ASR_train_attach: 0.9750, ASR_train_outter: 0.9764
Epoch 1460, loss_inner: 0.31395, loss_target: 0.30155, homo loss: 0.00233 
acc_train_clean: 0.8935, ASR_train_attach: 0.9250, ASR_train_outter: 0.9783
Epoch 1470, loss_inner: 0.31653, loss_target: 0.36452, homo loss: 0.02901 
acc_train_clean: 0.8894, ASR_train_attach: 1.0000, ASR_train_outter: 1.0000
Epoch 1480, loss_inner: 0.31360, loss_target: 0.34415, homo loss: 0.00005 
acc_train_clean: 0.8960, ASR_train_attach: 0.9500, ASR_train_outter: 0.9366
Epoch 1490, loss_inner: 0.31317, loss_target: 0.30241, homo loss: 0.00001 
acc_train_clean: 0.8925, ASR_train_attach: 1.0000, ASR_train_outter: 0.9638
Epoch 1500, loss_inner: 0.31214, loss_target: 0.29391, homo loss: 0.00000 
acc_train_clean: 0.8948, ASR_train_attach: 1.0000, ASR_train_outter: 0.9710
Epoch 1510, loss_inner: 0.31210, loss_target: 0.29065, homo loss: 0.00000 
acc_train_clean: 0.8935, ASR_train_attach: 1.0000, ASR_train_outter: 0.9837
Epoch 1520, loss_inner: 0.31265, loss_target: 0.28840, homo loss: 0.00000 
acc_train_clean: 0.8948, ASR_train_attach: 1.0000, ASR_train_outter: 0.9855
Epoch 1530, loss_inner: 0.31325, loss_target: 0.28903, homo loss: 0.00000 
acc_train_clean: 0.8945, ASR_train_attach: 1.0000, ASR_train_outter: 0.9855
Epoch 1540, loss_inner: 0.31355, loss_target: 0.29782, homo loss: 0.00001 
acc_train_clean: 0.8930, ASR_train_attach: 1.0000, ASR_train_outter: 0.9964
Epoch 1550, loss_inner: 0.31466, loss_target: 0.30075, homo loss: 0.00000 
acc_train_clean: 0.8942, ASR_train_attach: 0.9250, ASR_train_outter: 0.9620
Epoch 1560, loss_inner: 0.31361, loss_target: 0.28897, homo loss: 0.00001 
acc_train_clean: 0.8930, ASR_train_attach: 1.0000, ASR_train_outter: 0.9946
Epoch 1570, loss_inner: 0.31373, loss_target: 0.29186, homo loss: 0.00000 
acc_train_clean: 0.8945, ASR_train_attach: 1.0000, ASR_train_outter: 0.9909
Epoch 1580, loss_inner: 0.31356, loss_target: 0.29183, homo loss: 0.00020 
acc_train_clean: 0.8925, ASR_train_attach: 1.0000, ASR_train_outter: 0.9928
Epoch 1590, loss_inner: 0.31448, loss_target: 0.29883, homo loss: 0.00006 
acc_train_clean: 0.8940, ASR_train_attach: 0.9750, ASR_train_outter: 0.9638
Epoch 1600, loss_inner: 0.31461, loss_target: 0.33113, homo loss: 0.07392 
acc_train_clean: 0.8920, ASR_train_attach: 0.9750, ASR_train_outter: 0.9656
Epoch 1610, loss_inner: 0.31722, loss_target: 0.32390, homo loss: 0.02530 
acc_train_clean: 0.8894, ASR_train_attach: 1.0000, ASR_train_outter: 0.9293
Epoch 1620, loss_inner: 0.31997, loss_target: 0.35224, homo loss: 0.00063 
acc_train_clean: 0.8925, ASR_train_attach: 0.8000, ASR_train_outter: 0.8859
Epoch 1630, loss_inner: 0.31471, loss_target: 0.31122, homo loss: 0.00000 
acc_train_clean: 0.8925, ASR_train_attach: 1.0000, ASR_train_outter: 0.9710
Epoch 1640, loss_inner: 0.31310, loss_target: 0.30110, homo loss: 0.00000 
acc_train_clean: 0.8930, ASR_train_attach: 1.0000, ASR_train_outter: 0.9891
Epoch 1650, loss_inner: 0.31269, loss_target: 0.29483, homo loss: 0.00000 
acc_train_clean: 0.8940, ASR_train_attach: 0.9750, ASR_train_outter: 0.9783
Epoch 1660, loss_inner: 0.31236, loss_target: 0.29366, homo loss: 0.00000 
acc_train_clean: 0.8945, ASR_train_attach: 1.0000, ASR_train_outter: 0.9746
Epoch 1670, loss_inner: 0.31200, loss_target: 0.28969, homo loss: 0.00000 
acc_train_clean: 0.8935, ASR_train_attach: 1.0000, ASR_train_outter: 0.9837
Epoch 1680, loss_inner: 0.31211, loss_target: 0.28791, homo loss: 0.00000 
acc_train_clean: 0.8942, ASR_train_attach: 1.0000, ASR_train_outter: 0.9873
Epoch 1690, loss_inner: 0.31239, loss_target: 0.28636, homo loss: 0.00000 
acc_train_clean: 0.8945, ASR_train_attach: 1.0000, ASR_train_outter: 0.9909
Epoch 1700, loss_inner: 0.31257, loss_target: 0.28605, homo loss: 0.00000 
acc_train_clean: 0.8948, ASR_train_attach: 1.0000, ASR_train_outter: 0.9909
Epoch 1710, loss_inner: 0.31258, loss_target: 0.28720, homo loss: 0.00001 
acc_train_clean: 0.8945, ASR_train_attach: 1.0000, ASR_train_outter: 0.9928
Epoch 1720, loss_inner: 0.31300, loss_target: 0.29024, homo loss: 0.00001 
acc_train_clean: 0.8948, ASR_train_attach: 1.0000, ASR_train_outter: 0.9855
Epoch 1730, loss_inner: 0.31290, loss_target: 0.29702, homo loss: 0.00000 
acc_train_clean: 0.8942, ASR_train_attach: 1.0000, ASR_train_outter: 0.9891
Epoch 1740, loss_inner: 0.31382, loss_target: 0.31056, homo loss: 0.00000 
acc_train_clean: 0.8912, ASR_train_attach: 1.0000, ASR_train_outter: 0.9891
Epoch 1750, loss_inner: 0.32226, loss_target: 0.30391, homo loss: 0.01786 
acc_train_clean: 0.8922, ASR_train_attach: 1.0000, ASR_train_outter: 0.9873
Epoch 1760, loss_inner: 0.31616, loss_target: 0.33153, homo loss: 0.00700 
acc_train_clean: 0.8879, ASR_train_attach: 1.0000, ASR_train_outter: 0.9928
Epoch 1770, loss_inner: 0.31399, loss_target: 0.32191, homo loss: 0.00000 
acc_train_clean: 0.8963, ASR_train_attach: 0.9750, ASR_train_outter: 0.9801
Epoch 1780, loss_inner: 0.31388, loss_target: 0.30471, homo loss: 0.00002 
acc_train_clean: 0.8917, ASR_train_attach: 0.9250, ASR_train_outter: 0.9475
Epoch 1790, loss_inner: 0.31226, loss_target: 0.29409, homo loss: 0.00000 
acc_train_clean: 0.8937, ASR_train_attach: 0.9750, ASR_train_outter: 0.9783
Epoch 1800, loss_inner: 0.31206, loss_target: 0.28962, homo loss: 0.00000 
acc_train_clean: 0.8940, ASR_train_attach: 1.0000, ASR_train_outter: 0.9819
Epoch 1810, loss_inner: 0.31192, loss_target: 0.28766, homo loss: 0.00000 
acc_train_clean: 0.8945, ASR_train_attach: 1.0000, ASR_train_outter: 0.9873
Epoch 1820, loss_inner: 0.31213, loss_target: 0.28718, homo loss: 0.00002 
acc_train_clean: 0.8942, ASR_train_attach: 1.0000, ASR_train_outter: 0.9909
Epoch 1830, loss_inner: 0.31247, loss_target: 0.29015, homo loss: 0.00000 
acc_train_clean: 0.8942, ASR_train_attach: 0.9750, ASR_train_outter: 0.9928
Epoch 1840, loss_inner: 0.31321, loss_target: 0.30359, homo loss: 0.00008 
acc_train_clean: 0.8927, ASR_train_attach: 0.9750, ASR_train_outter: 0.9909
Epoch 1850, loss_inner: 0.31386, loss_target: 0.32302, homo loss: 0.00000 
acc_train_clean: 0.8942, ASR_train_attach: 0.9750, ASR_train_outter: 0.9909
Epoch 1860, loss_inner: 0.31292, loss_target: 0.29022, homo loss: 0.00012 
acc_train_clean: 0.8922, ASR_train_attach: 1.0000, ASR_train_outter: 0.9855
Epoch 1870, loss_inner: 0.31331, loss_target: 0.30947, homo loss: 0.00047 
acc_train_clean: 0.8948, ASR_train_attach: 1.0000, ASR_train_outter: 0.9946
Epoch 1880, loss_inner: 0.42846, loss_target: 4.44272, homo loss: 0.22490 
acc_train_clean: 0.8745, ASR_train_attach: 1.0000, ASR_train_outter: 0.0507
Epoch 1890, loss_inner: 0.47168, loss_target: 0.50949, homo loss: 0.30181 
acc_train_clean: 0.8377, ASR_train_attach: 0.5500, ASR_train_outter: 1.0000
Epoch 1900, loss_inner: 0.37357, loss_target: 0.53703, homo loss: 0.25199 
acc_train_clean: 0.8701, ASR_train_attach: 0.9750, ASR_train_outter: 1.0000
Epoch 1910, loss_inner: 0.33625, loss_target: 0.34722, homo loss: 0.22687 
acc_train_clean: 0.8811, ASR_train_attach: 0.7500, ASR_train_outter: 0.9982
Epoch 1920, loss_inner: 0.32735, loss_target: 0.34501, homo loss: 0.22617 
acc_train_clean: 0.8828, ASR_train_attach: 1.0000, ASR_train_outter: 1.0000
Epoch 1930, loss_inner: 0.32388, loss_target: 0.33107, homo loss: 0.21705 
acc_train_clean: 0.8889, ASR_train_attach: 1.0000, ASR_train_outter: 1.0000
Epoch 1940, loss_inner: 0.31958, loss_target: 0.32049, homo loss: 0.20766 
acc_train_clean: 0.8909, ASR_train_attach: 0.9750, ASR_train_outter: 0.9855
Epoch 1950, loss_inner: 0.31734, loss_target: 0.33547, homo loss: 0.19592 
acc_train_clean: 0.8920, ASR_train_attach: 0.9500, ASR_train_outter: 0.9891
Epoch 1960, loss_inner: 0.31593, loss_target: 0.34280, homo loss: 0.17898 
acc_train_clean: 0.8917, ASR_train_attach: 0.9750, ASR_train_outter: 0.9891
Epoch 1970, loss_inner: 0.31650, loss_target: 0.42765, homo loss: 0.14907 
acc_train_clean: 0.8922, ASR_train_attach: 0.9500, ASR_train_outter: 0.9946
Epoch 1980, loss_inner: 0.31756, loss_target: 0.42228, homo loss: 0.12351 
acc_train_clean: 0.8917, ASR_train_attach: 1.0000, ASR_train_outter: 0.9565
Epoch 1990, loss_inner: 0.31744, loss_target: 0.39417, homo loss: 0.10538 
acc_train_clean: 0.8925, ASR_train_attach: 0.9500, ASR_train_outter: 0.9638
load best weight based on the loss outter
precent of left attach nodes: 1.000
Namespace(cuda=True, dataset='Pubmed', debug=True, defense_mode='none', device_id=1, dis_weight=0.0, dropout=0.5, epochs=200, evaluate_mode='1by1', hidden=32, homo_boost_thrd=0.5, homo_loss_weight=100.0, inner=1, lr=0.01, model='GCN', no_cuda=False, prune_thr=0.8, seed=265, selection_method='cluster_degree', target_class=0, target_loss_weight=1, test_model='GCN', thrd=0.5, train_lr=0.01, trigger_size=3, trojan_epochs=2000, use_vs_number=True, vs_number=40, vs_ratio=0, weight_decay=0.0005)
target class rate on Vs: 0.9750
accuracy on clean test nodes: 0.8519
Overall ASR: 0.9011
Flip ASR: 0.8790/1554 nodes
Namespace(cuda=True, dataset='Pubmed', debug=True, defense_mode='none', device_id=1, dis_weight=0.0, dropout=0.5, epochs=200, evaluate_mode='1by1', hidden=32, homo_boost_thrd=0.5, homo_loss_weight=100.0, inner=1, lr=0.01, model='GCN', no_cuda=False, prune_thr=0.8, seed=125, selection_method='cluster_degree', target_class=0, target_loss_weight=1, test_model='GCN', thrd=0.5, train_lr=0.01, trigger_size=3, trojan_epochs=2000, use_vs_number=True, vs_number=40, vs_ratio=0, weight_decay=0.0005)
target class rate on Vs: 0.9750
accuracy on clean test nodes: 0.8488
Overall ASR: 0.8798
Flip ASR: 0.8520/1554 nodes
Namespace(cuda=True, dataset='Pubmed', debug=True, defense_mode='none', device_id=1, dis_weight=0.0, dropout=0.5, epochs=200, evaluate_mode='1by1', hidden=32, homo_boost_thrd=0.5, homo_loss_weight=100.0, inner=1, lr=0.01, model='GCN', no_cuda=False, prune_thr=0.8, seed=996, selection_method='cluster_degree', target_class=0, target_loss_weight=1, test_model='GCN', thrd=0.5, train_lr=0.01, trigger_size=3, trojan_epochs=2000, use_vs_number=True, vs_number=40, vs_ratio=0, weight_decay=0.0005)
target class rate on Vs: 0.9500
accuracy on clean test nodes: 0.8488
Overall ASR: 0.8889
Flip ASR: 0.8616/1554 nodes
Namespace(cuda=True, dataset='Pubmed', debug=True, defense_mode='none', device_id=1, dis_weight=0.0, dropout=0.5, epochs=200, evaluate_mode='1by1', hidden=32, homo_boost_thrd=0.5, homo_loss_weight=100.0, inner=1, lr=0.01, model='GCN', no_cuda=False, prune_thr=0.8, seed=527, selection_method='cluster_degree', target_class=0, target_loss_weight=1, test_model='GCN', thrd=0.5, train_lr=0.01, trigger_size=3, trojan_epochs=2000, use_vs_number=True, vs_number=40, vs_ratio=0, weight_decay=0.0005)
target class rate on Vs: 0.9500
accuracy on clean test nodes: 0.8524
Overall ASR: 0.8900
Flip ASR: 0.8662/1554 nodes
Namespace(cuda=True, dataset='Pubmed', debug=True, defense_mode='none', device_id=1, dis_weight=0.0, dropout=0.5, epochs=200, evaluate_mode='1by1', hidden=32, homo_boost_thrd=0.5, homo_loss_weight=100.0, inner=1, lr=0.01, model='GCN', no_cuda=False, prune_thr=0.8, seed=320, selection_method='cluster_degree', target_class=0, target_loss_weight=1, test_model='GCN', thrd=0.5, train_lr=0.01, trigger_size=3, trojan_epochs=2000, use_vs_number=True, vs_number=40, vs_ratio=0, weight_decay=0.0005)
target class rate on Vs: 0.9750
accuracy on clean test nodes: 0.8513
Overall ASR: 0.8950
Flip ASR: 0.8700/1554 nodes
Overall ASR: 0.8910 (GCN model, Seed: 320)
Overall Clean Accuracy: 0.8506
Namespace(cuda=True, dataset='Pubmed', debug=True, defense_mode='none', device_id=1, dis_weight=0.0, dropout=0.5, epochs=200, evaluate_mode='1by1', hidden=32, homo_boost_thrd=0.5, homo_loss_weight=100.0, inner=1, lr=0.01, model='GCN', no_cuda=False, prune_thr=0.8, seed=781, selection_method='cluster_degree', target_class=0, target_loss_weight=1, test_model='GAT', thrd=0.5, train_lr=0.01, trigger_size=3, trojan_epochs=2000, use_vs_number=True, vs_number=40, vs_ratio=0, weight_decay=0.0005)
/home/project-graph-backdoor/Backdoor/models/GAT.py:61: UserWarning: To copy construct from a tensor, it is recommended to use sourceTensor.clone().detach() or sourceTensor.clone().detach().requires_grad_(True), rather than torch.tensor(sourceTensor).
  self.labels = torch.tensor(labels, dtype=torch.long)
target class rate on Vs: 1.0000
accuracy on clean test nodes: 0.8356
Overall ASR: 0.8088
Flip ASR: 0.7613/1554 nodes
Namespace(cuda=True, dataset='Pubmed', debug=True, defense_mode='none', device_id=1, dis_weight=0.0, dropout=0.5, epochs=200, evaluate_mode='1by1', hidden=32, homo_boost_thrd=0.5, homo_loss_weight=100.0, inner=1, lr=0.01, model='GCN', no_cuda=False, prune_thr=0.8, seed=706, selection_method='cluster_degree', target_class=0, target_loss_weight=1, test_model='GAT', thrd=0.5, train_lr=0.01, trigger_size=3, trojan_epochs=2000, use_vs_number=True, vs_number=40, vs_ratio=0, weight_decay=0.0005)
target class rate on Vs: 0.8250
accuracy on clean test nodes: 0.8402
Overall ASR: 0.8109
Flip ASR: 0.7651/1554 nodes
Namespace(cuda=True, dataset='Pubmed', debug=True, defense_mode='none', device_id=1, dis_weight=0.0, dropout=0.5, epochs=200, evaluate_mode='1by1', hidden=32, homo_boost_thrd=0.5, homo_loss_weight=100.0, inner=1, lr=0.01, model='GCN', no_cuda=False, prune_thr=0.8, seed=778, selection_method='cluster_degree', target_class=0, target_loss_weight=1, test_model='GAT', thrd=0.5, train_lr=0.01, trigger_size=3, trojan_epochs=2000, use_vs_number=True, vs_number=40, vs_ratio=0, weight_decay=0.0005)
target class rate on Vs: 1.0000
accuracy on clean test nodes: 0.8422
Overall ASR: 0.8316
Flip ASR: 0.7896/1554 nodes
Namespace(cuda=True, dataset='Pubmed', debug=True, defense_mode='none', device_id=1, dis_weight=0.0, dropout=0.5, epochs=200, evaluate_mode='1by1', hidden=32, homo_boost_thrd=0.5, homo_loss_weight=100.0, inner=1, lr=0.01, model='GCN', no_cuda=False, prune_thr=0.8, seed=604, selection_method='cluster_degree', target_class=0, target_loss_weight=1, test_model='GAT', thrd=0.5, train_lr=0.01, trigger_size=3, trojan_epochs=2000, use_vs_number=True, vs_number=40, vs_ratio=0, weight_decay=0.0005)
target class rate on Vs: 0.9750
accuracy on clean test nodes: 0.8397
Overall ASR: 0.8271
Flip ASR: 0.7864/1554 nodes
Namespace(cuda=True, dataset='Pubmed', debug=True, defense_mode='none', device_id=1, dis_weight=0.0, dropout=0.5, epochs=200, evaluate_mode='1by1', hidden=32, homo_boost_thrd=0.5, homo_loss_weight=100.0, inner=1, lr=0.01, model='GCN', no_cuda=False, prune_thr=0.8, seed=133, selection_method='cluster_degree', target_class=0, target_loss_weight=1, test_model='GAT', thrd=0.5, train_lr=0.01, trigger_size=3, trojan_epochs=2000, use_vs_number=True, vs_number=40, vs_ratio=0, weight_decay=0.0005)
target class rate on Vs: 0.9250
accuracy on clean test nodes: 0.8463
Overall ASR: 0.8306
Flip ASR: 0.7896/1554 nodes
Overall ASR: 0.8218 (GAT model, Seed: 133)
Overall Clean Accuracy: 0.8408
Namespace(cuda=True, dataset='Pubmed', debug=True, defense_mode='none', device_id=1, dis_weight=0.0, dropout=0.5, epochs=200, evaluate_mode='1by1', hidden=32, homo_boost_thrd=0.5, homo_loss_weight=100.0, inner=1, lr=0.01, model='GCN', no_cuda=False, prune_thr=0.8, seed=673, selection_method='cluster_degree', target_class=0, target_loss_weight=1, test_model='GraphSage', thrd=0.5, train_lr=0.01, trigger_size=3, trojan_epochs=2000, use_vs_number=True, vs_number=40, vs_ratio=0, weight_decay=0.0005)
target class rate on Vs: 0.8250
accuracy on clean test nodes: 0.8579
Overall ASR: 0.8357
Flip ASR: 0.8018/1554 nodes
Namespace(cuda=True, dataset='Pubmed', debug=True, defense_mode='none', device_id=1, dis_weight=0.0, dropout=0.5, epochs=200, evaluate_mode='1by1', hidden=32, homo_boost_thrd=0.5, homo_loss_weight=100.0, inner=1, lr=0.01, model='GCN', no_cuda=False, prune_thr=0.8, seed=904, selection_method='cluster_degree', target_class=0, target_loss_weight=1, test_model='GraphSage', thrd=0.5, train_lr=0.01, trigger_size=3, trojan_epochs=2000, use_vs_number=True, vs_number=40, vs_ratio=0, weight_decay=0.0005)
target class rate on Vs: 0.8750
accuracy on clean test nodes: 0.8590
Overall ASR: 0.8550
Flip ASR: 0.8237/1554 nodes
Namespace(cuda=True, dataset='Pubmed', debug=True, defense_mode='none', device_id=1, dis_weight=0.0, dropout=0.5, epochs=200, evaluate_mode='1by1', hidden=32, homo_boost_thrd=0.5, homo_loss_weight=100.0, inner=1, lr=0.01, model='GCN', no_cuda=False, prune_thr=0.8, seed=56, selection_method='cluster_degree', target_class=0, target_loss_weight=1, test_model='GraphSage', thrd=0.5, train_lr=0.01, trigger_size=3, trojan_epochs=2000, use_vs_number=True, vs_number=40, vs_ratio=0, weight_decay=0.0005)
target class rate on Vs: 0.8750
accuracy on clean test nodes: 0.8605
Overall ASR: 0.8565
Flip ASR: 0.8263/1554 nodes
Namespace(cuda=True, dataset='Pubmed', debug=True, defense_mode='none', device_id=1, dis_weight=0.0, dropout=0.5, epochs=200, evaluate_mode='1by1', hidden=32, homo_boost_thrd=0.5, homo_loss_weight=100.0, inner=1, lr=0.01, model='GCN', no_cuda=False, prune_thr=0.8, seed=1, selection_method='cluster_degree', target_class=0, target_loss_weight=1, test_model='GraphSage', thrd=0.5, train_lr=0.01, trigger_size=3, trojan_epochs=2000, use_vs_number=True, vs_number=40, vs_ratio=0, weight_decay=0.0005)
target class rate on Vs: 0.8750
accuracy on clean test nodes: 0.8590
Overall ASR: 0.8626
Flip ASR: 0.8327/1554 nodes
Namespace(cuda=True, dataset='Pubmed', debug=True, defense_mode='none', device_id=1, dis_weight=0.0, dropout=0.5, epochs=200, evaluate_mode='1by1', hidden=32, homo_boost_thrd=0.5, homo_loss_weight=100.0, inner=1, lr=0.01, model='GCN', no_cuda=False, prune_thr=0.8, seed=694, selection_method='cluster_degree', target_class=0, target_loss_weight=1, test_model='GraphSage', thrd=0.5, train_lr=0.01, trigger_size=3, trojan_epochs=2000, use_vs_number=True, vs_number=40, vs_ratio=0, weight_decay=0.0005)
target class rate on Vs: 0.8750
accuracy on clean test nodes: 0.8569
Overall ASR: 0.8560
Flip ASR: 0.8243/1554 nodes
Overall ASR: 0.8531 (GraphSage model, Seed: 694)
Overall Clean Accuracy: 0.8587
Total Overall ASR: 0.8553 
Total Clean Accuracy: 0.8500
