nohup: ignoring input
Namespace(cuda=True, dataset='Pubmed', debug=True, defense_mode='prune', device_id=3, dis_weight=0.0, dropout=0.5, epochs=200, evaluate_mode='1by1', hidden=32, homo_boost_thrd=0.5, homo_loss_weight=3.0, inner=1, lr=0.01, model='GCN', no_cuda=False, prune_thr=0.2, seed=11, selection_method='cluster_degree', target_class=0, target_loss_weight=1, test_model='GCN', thrd=0.5, train_lr=0.01, trigger_size=3, trojan_epochs=200, use_vs_number=True, vs_number=80, vs_ratio=0, weight_decay=0.0005)
Length of training set: 3943
Training benign model Finished!
Total time elapsed: 8.1206s
Benign CA: 0.8554
#Attach Nodes:80
Length of training set: 3943
=== training gcn model ===
Epoch 0, training loss: 1.1248021125793457
acc_val: 0.2035
Epoch 10, training loss: 1.035003423690796
acc_val: 0.4033
Epoch 20, training loss: 0.927193284034729
acc_val: 0.4485
Epoch 30, training loss: 0.7763608694076538
acc_val: 0.6799
Epoch 40, training loss: 0.6315062642097473
acc_val: 0.8234
Epoch 50, training loss: 0.5373746156692505
acc_val: 0.8432
Epoch 60, training loss: 0.4778428375720978
acc_val: 0.8584
Epoch 70, training loss: 0.44524946808815
acc_val: 0.8605
Epoch 80, training loss: 0.42119720578193665
acc_val: 0.8650
Epoch 90, training loss: 0.39013704657554626
acc_val: 0.8681
Epoch 100, training loss: 0.3752492070198059
acc_val: 0.8645
Epoch 110, training loss: 0.3645612895488739
acc_val: 0.8706
Epoch 120, training loss: 0.35561296343803406
acc_val: 0.8737
Epoch 130, training loss: 0.34361687302589417
acc_val: 0.8701
Epoch 140, training loss: 0.3386192321777344
acc_val: 0.8737
Epoch 150, training loss: 0.33886921405792236
acc_val: 0.8752
Epoch 160, training loss: 0.3325467109680176
acc_val: 0.8752
Epoch 170, training loss: 0.3179982304573059
acc_val: 0.8782
Epoch 180, training loss: 0.3197542130947113
acc_val: 0.8752
Epoch 190, training loss: 0.32269975543022156
acc_val: 0.8727
=== picking the best model according to the performance on validation ===
Training encoder Finished!
Total time elapsed: 3.3622s
Encoder CA on clean test nodes: 0.8574
idx_sing_class [    0     1     4 ... 19700 19702 19704]
current_class_size 40
./selected_nodes/Pubmed/Seperate/seed11/class_1.txt
[ 2622.  7012.  6767. ... 16214.   903. 11450.]
idx_sing_class [    3     5     6 ... 19712 19714 19716]
current_class_size 40
./selected_nodes/Pubmed/Seperate/seed11/class_2.txt
[ 6834. 13199.   694. ...   580. 15548.  1205.]
idx_attach: tensor([ 2622,  7012,  6767,  6293,  8622, 11151, 12196,  1176, 14578, 19257,
         3121, 15916, 12852, 14851,  4210,  8071, 14236, 14840,  9493, 17390,
         7813, 13439,   821,  8004, 16238,  4045, 19558, 13923,  7882,  1387,
        12315, 10536, 13771,  5719,  4805, 13514,  6550,  2934,  1179, 17817,
         6834, 13199,   694, 11009, 10937,  9532, 17660, 11005,  7654,   688,
        13329, 11718,  5292,  7776, 16845,  1376,  9680, 10614,  7241, 13777,
         9859,  7324, 11287, 15213, 14826, 19461, 19272, 14959, 16090,  2471,
        16713, 19611,  1605,  2221,   198, 18061, 19459,  2313, 10567, 19026],
       device='cuda:3')
Epoch 0, loss_inner: 1.09889, loss_target: 1.08824, homo loss: 0.48313 
acc_train_clean: 0.3469, ASR_train_attach: 0.0000, ASR_train_outter: 0.0034
Epoch 10, loss_inner: 0.96264, loss_target: 0.86175, homo loss: 0.21628 
acc_train_clean: 0.6579, ASR_train_attach: 1.0000, ASR_train_outter: 0.9814
Epoch 20, loss_inner: 0.83717, loss_target: 0.75819, homo loss: 0.18093 
acc_train_clean: 0.7542, ASR_train_attach: 1.0000, ASR_train_outter: 0.9916
Epoch 30, loss_inner: 0.71732, loss_target: 0.64906, homo loss: 0.13757 
acc_train_clean: 0.8067, ASR_train_attach: 0.9375, ASR_train_outter: 0.9274
Epoch 40, loss_inner: 0.60926, loss_target: 0.55433, homo loss: 0.08432 
acc_train_clean: 0.8359, ASR_train_attach: 0.9750, ASR_train_outter: 0.9611
Epoch 50, loss_inner: 0.53266, loss_target: 0.49303, homo loss: 0.03573 
acc_train_clean: 0.8468, ASR_train_attach: 0.9500, ASR_train_outter: 0.9561
Epoch 60, loss_inner: 0.49557, loss_target: 0.51932, homo loss: 0.14043 
acc_train_clean: 0.8478, ASR_train_attach: 1.0000, ASR_train_outter: 0.9932
Epoch 70, loss_inner: 0.46510, loss_target: 0.44482, homo loss: 0.03322 
acc_train_clean: 0.8580, ASR_train_attach: 0.9000, ASR_train_outter: 0.9223
Epoch 80, loss_inner: 0.44155, loss_target: 0.41345, homo loss: 0.00780 
acc_train_clean: 0.8636, ASR_train_attach: 0.9500, ASR_train_outter: 0.9561
Epoch 90, loss_inner: 0.42463, loss_target: 0.41037, homo loss: 0.02461 
acc_train_clean: 0.8653, ASR_train_attach: 1.0000, ASR_train_outter: 0.9814
Epoch 100, loss_inner: 0.41627, loss_target: 0.39735, homo loss: 0.00839 
acc_train_clean: 0.8684, ASR_train_attach: 0.9875, ASR_train_outter: 0.9662
Epoch 110, loss_inner: 0.40907, loss_target: 0.38565, homo loss: 0.00064 
acc_train_clean: 0.8679, ASR_train_attach: 0.9250, ASR_train_outter: 0.9493
Epoch 120, loss_inner: 0.39387, loss_target: 0.36814, homo loss: 0.00132 
acc_train_clean: 0.8707, ASR_train_attach: 0.9375, ASR_train_outter: 0.9527
Epoch 130, loss_inner: 0.40647, loss_target: 0.56343, homo loss: 0.29888 
acc_train_clean: 0.8620, ASR_train_attach: 1.0000, ASR_train_outter: 0.9983
Epoch 140, loss_inner: 0.39826, loss_target: 0.39315, homo loss: 0.17578 
acc_train_clean: 0.8727, ASR_train_attach: 0.7375, ASR_train_outter: 0.8632
Epoch 150, loss_inner: 0.38782, loss_target: 0.40537, homo loss: 0.06964 
acc_train_clean: 0.8752, ASR_train_attach: 0.8250, ASR_train_outter: 0.8378
Epoch 160, loss_inner: 0.37644, loss_target: 0.36382, homo loss: 0.00735 
acc_train_clean: 0.8780, ASR_train_attach: 0.8875, ASR_train_outter: 0.9189
Epoch 170, loss_inner: 0.36689, loss_target: 0.34450, homo loss: 0.00121 
acc_train_clean: 0.8803, ASR_train_attach: 0.9750, ASR_train_outter: 0.9645
Epoch 180, loss_inner: 0.38220, loss_target: 0.43051, homo loss: 0.00124 
acc_train_clean: 0.8813, ASR_train_attach: 0.3875, ASR_train_outter: 0.6318
Epoch 190, loss_inner: 0.36676, loss_target: 0.35485, homo loss: 0.09706 
acc_train_clean: 0.8775, ASR_train_attach: 0.9500, ASR_train_outter: 0.9493
precent of left attach nodes: 1.000
Namespace(cuda=True, dataset='Pubmed', debug=True, defense_mode='prune', device_id=3, dis_weight=0.0, dropout=0.5, epochs=200, evaluate_mode='1by1', hidden=32, homo_boost_thrd=0.5, homo_loss_weight=3.0, inner=1, lr=0.01, model='GCN', no_cuda=False, prune_thr=0.2, seed=921, selection_method='cluster_degree', target_class=0, target_loss_weight=1, test_model='GCN', thrd=0.5, train_lr=0.01, trigger_size=3, trojan_epochs=200, use_vs_number=True, vs_number=80, vs_ratio=0, weight_decay=0.0005)
target class rate on Vs: 0.9875
accuracy on clean test nodes: 0.8524
Overall ASR: 0.8950
Flip ASR: 0.8681/1554 nodes
Namespace(cuda=True, dataset='Pubmed', debug=True, defense_mode='prune', device_id=3, dis_weight=0.0, dropout=0.5, epochs=200, evaluate_mode='1by1', hidden=32, homo_boost_thrd=0.5, homo_loss_weight=3.0, inner=1, lr=0.01, model='GCN', no_cuda=False, prune_thr=0.2, seed=703, selection_method='cluster_degree', target_class=0, target_loss_weight=1, test_model='GCN', thrd=0.5, train_lr=0.01, trigger_size=3, trojan_epochs=200, use_vs_number=True, vs_number=80, vs_ratio=0, weight_decay=0.0005)
target class rate on Vs: 0.9750
accuracy on clean test nodes: 0.8524
Overall ASR: 0.8783
Flip ASR: 0.8481/1554 nodes
Namespace(cuda=True, dataset='Pubmed', debug=True, defense_mode='prune', device_id=3, dis_weight=0.0, dropout=0.5, epochs=200, evaluate_mode='1by1', hidden=32, homo_boost_thrd=0.5, homo_loss_weight=3.0, inner=1, lr=0.01, model='GCN', no_cuda=False, prune_thr=0.2, seed=80, selection_method='cluster_degree', target_class=0, target_loss_weight=1, test_model='GCN', thrd=0.5, train_lr=0.01, trigger_size=3, trojan_epochs=200, use_vs_number=True, vs_number=80, vs_ratio=0, weight_decay=0.0005)
target class rate on Vs: 0.9875
accuracy on clean test nodes: 0.8544
Overall ASR: 0.8981
Flip ASR: 0.8719/1554 nodes
