nohup: ignoring input
Namespace(cuda=True, dataset='Pubmed', debug=True, defense_mode='prune', device_id=1, dis_weight=0.0, dropout=0.5, epochs=200, evaluate_mode='1by1', hidden=32, homo_boost_thrd=0.5, homo_loss_weight=3.0, inner=1, lr=0.01, model='GCN', no_cuda=False, prune_thr=0.2, seed=11, selection_method='cluster_degree', target_class=0, target_loss_weight=1, test_model='GCN', thrd=0.5, train_lr=0.01, trigger_size=3, trojan_epochs=200, use_vs_number=True, vs_number=10, vs_ratio=0, weight_decay=0.0005)
Length of training set: 3943
Training benign model Finished!
Total time elapsed: 6.5650s
Benign CA: 0.8554
#Attach Nodes:10
Length of training set: 3943
=== training gcn model ===
Epoch 0, training loss: 1.1248021125793457
acc_val: 0.2035
Epoch 10, training loss: 1.035003423690796
acc_val: 0.4033
Epoch 20, training loss: 0.9271933436393738
acc_val: 0.4485
Epoch 30, training loss: 0.7763608694076538
acc_val: 0.6799
Epoch 40, training loss: 0.6315062642097473
acc_val: 0.8234
Epoch 50, training loss: 0.5373746752738953
acc_val: 0.8432
Epoch 60, training loss: 0.4778428375720978
acc_val: 0.8584
Epoch 70, training loss: 0.4452494978904724
acc_val: 0.8605
Epoch 80, training loss: 0.42119717597961426
acc_val: 0.8650
Epoch 90, training loss: 0.3901370167732239
acc_val: 0.8681
Epoch 100, training loss: 0.3752492666244507
acc_val: 0.8645
Epoch 110, training loss: 0.3645612597465515
acc_val: 0.8706
Epoch 120, training loss: 0.35561615228652954
acc_val: 0.8737
Epoch 130, training loss: 0.343599796295166
acc_val: 0.8701
Epoch 140, training loss: 0.3385893702507019
acc_val: 0.8727
Epoch 150, training loss: 0.33884504437446594
acc_val: 0.8747
Epoch 160, training loss: 0.3325924277305603
acc_val: 0.8747
Epoch 170, training loss: 0.31787753105163574
acc_val: 0.8782
Epoch 180, training loss: 0.31975167989730835
acc_val: 0.8757
Epoch 190, training loss: 0.32301899790763855
acc_val: 0.8716
=== picking the best model according to the performance on validation ===
Training encoder Finished!
Total time elapsed: 3.7993s
Encoder CA on clean test nodes: 0.8579
idx_sing_class [    0     1     4 ... 19700 19702 19704]
current_class_size 5
./selected_nodes/Pubmed/Seperate/seed11/class_1.txt
[ 2622.  7012.  6767. ... 16214.   903. 11450.]
idx_sing_class [    3     5     6 ... 19712 19714 19716]
current_class_size 5
./selected_nodes/Pubmed/Seperate/seed11/class_2.txt
[ 6834. 13199.   694. ...   580. 15548.  1205.]
idx_attach: tensor([ 2622,  7012,  6767,  6293,  8622,  6834, 13199,   694, 11009, 10937],
       device='cuda:1')
Epoch 0, loss_inner: 1.09863, loss_target: 1.09290, homo loss: 0.48385 
acc_train_clean: 0.3464, ASR_train_attach: 0.0000, ASR_train_outter: 0.0000
Epoch 10, loss_inner: 0.96164, loss_target: 0.86768, homo loss: 0.22520 
acc_train_clean: 0.6561, ASR_train_attach: 0.8000, ASR_train_outter: 0.9540
Epoch 20, loss_inner: 0.82008, loss_target: 0.73240, homo loss: 0.14996 
acc_train_clean: 0.7976, ASR_train_attach: 1.0000, ASR_train_outter: 0.9464
Epoch 30, loss_inner: 0.68292, loss_target: 0.61270, homo loss: 0.08424 
acc_train_clean: 0.8283, ASR_train_attach: 1.0000, ASR_train_outter: 0.9636
Epoch 40, loss_inner: 0.58624, loss_target: 0.55810, homo loss: 0.03852 
acc_train_clean: 0.8407, ASR_train_attach: 0.8000, ASR_train_outter: 0.8544
Epoch 50, loss_inner: 0.52722, loss_target: 0.55596, homo loss: 0.00619 
acc_train_clean: 0.8478, ASR_train_attach: 0.4000, ASR_train_outter: 0.6264
Epoch 60, loss_inner: 0.48659, loss_target: 0.45284, homo loss: 0.05276 
acc_train_clean: 0.8544, ASR_train_attach: 1.0000, ASR_train_outter: 0.9655
Epoch 70, loss_inner: 0.46026, loss_target: 0.43629, homo loss: 0.00424 
acc_train_clean: 0.8600, ASR_train_attach: 0.8000, ASR_train_outter: 0.9176
Epoch 80, loss_inner: 0.43922, loss_target: 0.40808, homo loss: 0.00137 
acc_train_clean: 0.8661, ASR_train_attach: 0.9000, ASR_train_outter: 0.9425
Epoch 90, loss_inner: 0.42382, loss_target: 0.40097, homo loss: 0.16290 
acc_train_clean: 0.8674, ASR_train_attach: 1.0000, ASR_train_outter: 0.9847
Epoch 100, loss_inner: 0.41434, loss_target: 0.40757, homo loss: 0.07297 
acc_train_clean: 0.8686, ASR_train_attach: 0.9000, ASR_train_outter: 0.9387
Epoch 110, loss_inner: 0.40255, loss_target: 0.38649, homo loss: 0.00181 
acc_train_clean: 0.8724, ASR_train_attach: 0.9000, ASR_train_outter: 0.9195
Epoch 120, loss_inner: 0.39276, loss_target: 0.36530, homo loss: 0.00097 
acc_train_clean: 0.8737, ASR_train_attach: 1.0000, ASR_train_outter: 0.9674
Epoch 130, loss_inner: 0.38609, loss_target: 0.35790, homo loss: 0.00200 
acc_train_clean: 0.8747, ASR_train_attach: 0.9000, ASR_train_outter: 0.9540
Epoch 140, loss_inner: 0.38012, loss_target: 0.37563, homo loss: 0.11875 
acc_train_clean: 0.8762, ASR_train_attach: 1.0000, ASR_train_outter: 0.9789
Epoch 150, loss_inner: 0.38116, loss_target: 0.40312, homo loss: 0.05364 
acc_train_clean: 0.8773, ASR_train_attach: 1.0000, ASR_train_outter: 0.9598
Epoch 160, loss_inner: 0.37362, loss_target: 0.40615, homo loss: 0.01834 
acc_train_clean: 0.8788, ASR_train_attach: 0.6000, ASR_train_outter: 0.7452
Epoch 170, loss_inner: 0.36631, loss_target: 0.34520, homo loss: 0.00064 
acc_train_clean: 0.8798, ASR_train_attach: 0.9000, ASR_train_outter: 0.9483
Epoch 180, loss_inner: 0.36292, loss_target: 0.33843, homo loss: 0.00043 
acc_train_clean: 0.8816, ASR_train_attach: 0.9000, ASR_train_outter: 0.9559
Epoch 190, loss_inner: 0.35941, loss_target: 0.33236, homo loss: 0.00614 
acc_train_clean: 0.8836, ASR_train_attach: 0.9000, ASR_train_outter: 0.9636
precent of left attach nodes: 1.000
Namespace(cuda=True, dataset='Pubmed', debug=True, defense_mode='prune', device_id=1, dis_weight=0.0, dropout=0.5, epochs=200, evaluate_mode='1by1', hidden=32, homo_boost_thrd=0.5, homo_loss_weight=3.0, inner=1, lr=0.01, model='GCN', no_cuda=False, prune_thr=0.2, seed=921, selection_method='cluster_degree', target_class=0, target_loss_weight=1, test_model='GCN', thrd=0.5, train_lr=0.01, trigger_size=3, trojan_epochs=200, use_vs_number=True, vs_number=10, vs_ratio=0, weight_decay=0.0005)
target class rate on Vs: 1.0000
accuracy on clean test nodes: 0.8493
Overall ASR: 0.8240
Flip ASR: 0.7793/1554 nodes
Namespace(cuda=True, dataset='Pubmed', debug=True, defense_mode='prune', device_id=1, dis_weight=0.0, dropout=0.5, epochs=200, evaluate_mode='1by1', hidden=32, homo_boost_thrd=0.5, homo_loss_weight=3.0, inner=1, lr=0.01, model='GCN', no_cuda=False, prune_thr=0.2, seed=703, selection_method='cluster_degree', target_class=0, target_loss_weight=1, test_model='GCN', thrd=0.5, train_lr=0.01, trigger_size=3, trojan_epochs=200, use_vs_number=True, vs_number=10, vs_ratio=0, weight_decay=0.0005)
target class rate on Vs: 1.0000
accuracy on clean test nodes: 0.8529
Overall ASR: 0.8129
Flip ASR: 0.7651/1554 nodes
Namespace(cuda=True, dataset='Pubmed', debug=True, defense_mode='prune', device_id=1, dis_weight=0.0, dropout=0.5, epochs=200, evaluate_mode='1by1', hidden=32, homo_boost_thrd=0.5, homo_loss_weight=3.0, inner=1, lr=0.01, model='GCN', no_cuda=False, prune_thr=0.2, seed=80, selection_method='cluster_degree', target_class=0, target_loss_weight=1, test_model='GCN', thrd=0.5, train_lr=0.01, trigger_size=3, trojan_epochs=200, use_vs_number=True, vs_number=10, vs_ratio=0, weight_decay=0.0005)
target class rate on Vs: 1.0000
accuracy on clean test nodes: 0.8524
Overall ASR: 0.8311
Flip ASR: 0.7876/1554 nodes
Namespace(cuda=True, dataset='Pubmed', debug=True, defense_mode='prune', device_id=1, dis_weight=0.0, dropout=0.5, epochs=200, evaluate_mode='1by1', hidden=32, homo_boost_thrd=0.5, homo_loss_weight=3.0, inner=1, lr=0.01, model='GCN', no_cuda=False, prune_thr=0.2, seed=91, selection_method='cluster_degree', target_class=0, target_loss_weight=1, test_model='GCN', thrd=0.5, train_lr=0.01, trigger_size=3, trojan_epochs=200, use_vs_number=True, vs_number=10, vs_ratio=0, weight_decay=0.0005)
target class rate on Vs: 1.0000
accuracy on clean test nodes: 0.8539
Overall ASR: 0.8499
Flip ASR: 0.8115/1554 nodes
