nohup: ignoring input
run_adaptive.py:8: DeprecationWarning: the imp module is deprecated in favour of importlib; see the module's documentation for alternative uses
  import imp
Namespace(cuda=True, dataset='Pubmed', debug=True, defense_mode='prune', device_id=1, dis_weight=0.0, dropout=0.5, epochs=200, evaluate_mode='1by1', hidden=32, homo_boost_thrd=0.5, homo_loss_weight=0.0, inner=1, lr=0.01, model='GCN', no_cuda=False, prune_thr=0.2, seed=10, selection_method='cluster_degree', target_class=0, target_loss_weight=1, test_model='GCN', thrd=0.5, train_lr=0.01, trigger_size=3, trojan_epochs=2000, use_vs_number=True, vs_number=40, vs_ratio=0, weight_decay=0.0005)
#Attach Nodes:40
Length of training set: 3943
=== training gcn model ===
Epoch 0, training loss: 1.0969727039337158
acc_val: 0.4039
Epoch 10, training loss: 1.0288712978363037
acc_val: 0.6398
Epoch 20, training loss: 0.8768908977508545
acc_val: 0.6768
Epoch 30, training loss: 0.6742268204689026
acc_val: 0.7012
Epoch 40, training loss: 0.5647494196891785
acc_val: 0.8382
Epoch 50, training loss: 0.48397085070610046
acc_val: 0.8534
Epoch 60, training loss: 0.4659566879272461
acc_val: 0.8590
Epoch 70, training loss: 0.4117351770401001
acc_val: 0.8676
Epoch 80, training loss: 0.38856974244117737
acc_val: 0.8676
Epoch 90, training loss: 0.3763745427131653
acc_val: 0.8711
Epoch 100, training loss: 0.3615015149116516
acc_val: 0.8676
Epoch 110, training loss: 0.34796956181526184
acc_val: 0.8727
Epoch 120, training loss: 0.3445867598056793
acc_val: 0.8727
Epoch 130, training loss: 0.33608773350715637
acc_val: 0.8742
Epoch 140, training loss: 0.3326227366924286
acc_val: 0.8737
Epoch 150, training loss: 0.32766711711883545
acc_val: 0.8782
Epoch 160, training loss: 0.3286442756652832
acc_val: 0.8757
Epoch 170, training loss: 0.30824851989746094
acc_val: 0.8742
Epoch 180, training loss: 0.2986564338207245
acc_val: 0.8747
Epoch 190, training loss: 0.30113789439201355
acc_val: 0.8772
=== picking the best model according to the performance on validation ===
Training encoder Finished!
Total time elapsed: 3.3059s
Encoder CA on clean test nodes: 0.8544
idx_sing_class [    0     1     4 ... 19700 19702 19704]
current_class_size 20
./selected_nodes/Pubmed/Seperate/seed10/class_1.txt
[ 5104. 15916. 14578. ...  4058.   903. 11450.]
idx_sing_class [    3     5     6 ... 19712 19714 19716]
current_class_size 20
./selected_nodes/Pubmed/Seperate/seed10/class_2.txt
[11009.  2782. 11343. ...  8626. 15548.  1205.]
idx_attach: tensor([ 5104, 15916, 14578,  9040, 14315, 14910,  7647,  7098, 11534,  7803,
        10837, 18637, 19544,   821,  4899, 18597, 14851,  9145, 13907, 10814,
        11009,  2782, 11343, 14528, 19272,  6196, 16600, 17595, 17660,  9488,
         2471,  3489,  7324, 19307,  7825,   688,  2799,  6114,  4498, 13749],
       device='cuda:1')
tensor([    1,     2,     3,  ..., 19712, 19714, 19716], device='cuda:1')
Epoch 0, loss_inner: 1.09870, loss_target: 1.08898, homo loss: 0.00000 
acc_train_clean: 0.3190, ASR_train_attach: 0.9000, ASR_train_outter: 0.1268
Epoch 10, loss_inner: 0.96888, loss_target: 0.86375, homo loss: 0.00000 
acc_train_clean: 0.6566, ASR_train_attach: 1.0000, ASR_train_outter: 0.9891
Epoch 20, loss_inner: 0.83616, loss_target: 0.74669, homo loss: 0.00000 
acc_train_clean: 0.7705, ASR_train_attach: 0.9750, ASR_train_outter: 0.9909
Epoch 30, loss_inner: 0.70261, loss_target: 0.64919, homo loss: 0.00000 
acc_train_clean: 0.8212, ASR_train_attach: 0.9750, ASR_train_outter: 0.9891
Epoch 40, loss_inner: 0.59849, loss_target: 0.54818, homo loss: 0.00000 
acc_train_clean: 0.8395, ASR_train_attach: 0.9250, ASR_train_outter: 0.9728
Epoch 50, loss_inner: 0.53334, loss_target: 0.54513, homo loss: 0.00000 
acc_train_clean: 0.8455, ASR_train_attach: 1.0000, ASR_train_outter: 1.0000
Epoch 60, loss_inner: 0.50018, loss_target: 0.47403, homo loss: 0.00000 
acc_train_clean: 0.8547, ASR_train_attach: 0.8250, ASR_train_outter: 0.9076
Epoch 70, loss_inner: 0.47029, loss_target: 0.44386, homo loss: 0.00000 
acc_train_clean: 0.8567, ASR_train_attach: 0.9250, ASR_train_outter: 0.9692
Epoch 80, loss_inner: 0.44545, loss_target: 0.41277, homo loss: 0.00000 
acc_train_clean: 0.8625, ASR_train_attach: 0.9000, ASR_train_outter: 0.9620
Epoch 90, loss_inner: 0.42709, loss_target: 0.39371, homo loss: 0.00000 
acc_train_clean: 0.8671, ASR_train_attach: 0.9750, ASR_train_outter: 0.9728
Epoch 100, loss_inner: 0.41563, loss_target: 0.39114, homo loss: 0.00000 
acc_train_clean: 0.8694, ASR_train_attach: 0.8500, ASR_train_outter: 0.9203
Epoch 110, loss_inner: 0.40285, loss_target: 0.37248, homo loss: 0.00000 
acc_train_clean: 0.8712, ASR_train_attach: 0.9000, ASR_train_outter: 0.9565
Epoch 120, loss_inner: 0.39333, loss_target: 0.36060, homo loss: 0.00000 
acc_train_clean: 0.8727, ASR_train_attach: 0.9500, ASR_train_outter: 0.9656
Epoch 130, loss_inner: 0.38607, loss_target: 0.37360, homo loss: 0.00000 
acc_train_clean: 0.8745, ASR_train_attach: 0.9750, ASR_train_outter: 0.9891
Epoch 140, loss_inner: 0.38195, loss_target: 0.39411, homo loss: 0.00000 
acc_train_clean: 0.8742, ASR_train_attach: 0.9250, ASR_train_outter: 0.9819
Epoch 150, loss_inner: 0.37552, loss_target: 0.35853, homo loss: 0.00000 
acc_train_clean: 0.8775, ASR_train_attach: 0.8750, ASR_train_outter: 0.9366
Epoch 160, loss_inner: 0.36939, loss_target: 0.33873, homo loss: 0.00000 
acc_train_clean: 0.8785, ASR_train_attach: 0.9750, ASR_train_outter: 0.9783
Epoch 170, loss_inner: 0.37021, loss_target: 0.43587, homo loss: 0.00000 
acc_train_clean: 0.8775, ASR_train_attach: 1.0000, ASR_train_outter: 1.0000
Epoch 180, loss_inner: 0.37583, loss_target: 0.54987, homo loss: 0.00000 
acc_train_clean: 0.8752, ASR_train_attach: 1.0000, ASR_train_outter: 1.0000
Epoch 190, loss_inner: 0.36700, loss_target: 0.40786, homo loss: 0.00000 
acc_train_clean: 0.8780, ASR_train_attach: 1.0000, ASR_train_outter: 1.0000
Epoch 200, loss_inner: 0.36062, loss_target: 0.34631, homo loss: 0.00000 
acc_train_clean: 0.8818, ASR_train_attach: 0.8500, ASR_train_outter: 0.9420
Epoch 210, loss_inner: 0.35283, loss_target: 0.32875, homo loss: 0.00000 
acc_train_clean: 0.8831, ASR_train_attach: 0.9750, ASR_train_outter: 0.9764
Epoch 220, loss_inner: 0.34903, loss_target: 0.31791, homo loss: 0.00000 
acc_train_clean: 0.8856, ASR_train_attach: 0.9750, ASR_train_outter: 0.9620
Epoch 230, loss_inner: 0.34740, loss_target: 0.32099, homo loss: 0.00000 
acc_train_clean: 0.8851, ASR_train_attach: 1.0000, ASR_train_outter: 0.9891
Epoch 240, loss_inner: 0.34524, loss_target: 0.31267, homo loss: 0.00000 
acc_train_clean: 0.8864, ASR_train_attach: 1.0000, ASR_train_outter: 0.9746
Epoch 250, loss_inner: 0.34278, loss_target: 0.30946, homo loss: 0.00000 
acc_train_clean: 0.8864, ASR_train_attach: 1.0000, ASR_train_outter: 0.9928
Epoch 260, loss_inner: 0.34131, loss_target: 0.31905, homo loss: 0.00000 
acc_train_clean: 0.8871, ASR_train_attach: 1.0000, ASR_train_outter: 0.9837
Epoch 270, loss_inner: 0.35250, loss_target: 0.31799, homo loss: 0.00000 
acc_train_clean: 0.8821, ASR_train_attach: 0.7250, ASR_train_outter: 0.9764
Epoch 280, loss_inner: 0.40807, loss_target: 0.50358, homo loss: 0.00000 
acc_train_clean: 0.8623, ASR_train_attach: 0.8500, ASR_train_outter: 0.8623
Epoch 290, loss_inner: 0.37656, loss_target: 0.36348, homo loss: 0.00000 
acc_train_clean: 0.8696, ASR_train_attach: 1.0000, ASR_train_outter: 0.9928
Epoch 300, loss_inner: 0.35221, loss_target: 0.32190, homo loss: 0.00000 
acc_train_clean: 0.8780, ASR_train_attach: 1.0000, ASR_train_outter: 0.9728
Epoch 310, loss_inner: 0.34199, loss_target: 0.31150, homo loss: 0.00000 
acc_train_clean: 0.8841, ASR_train_attach: 1.0000, ASR_train_outter: 0.9801
Epoch 320, loss_inner: 0.33644, loss_target: 0.30608, homo loss: 0.00000 
acc_train_clean: 0.8861, ASR_train_attach: 0.9750, ASR_train_outter: 0.9783
Epoch 330, loss_inner: 0.33297, loss_target: 0.30566, homo loss: 0.00000 
acc_train_clean: 0.8882, ASR_train_attach: 1.0000, ASR_train_outter: 0.9909
Epoch 340, loss_inner: 0.33169, loss_target: 0.30349, homo loss: 0.00000 
acc_train_clean: 0.8876, ASR_train_attach: 0.9250, ASR_train_outter: 0.9493
Epoch 350, loss_inner: 0.33045, loss_target: 0.30184, homo loss: 0.00000 
acc_train_clean: 0.8894, ASR_train_attach: 0.9250, ASR_train_outter: 0.9601
Epoch 360, loss_inner: 0.32930, loss_target: 0.30624, homo loss: 0.00000 
acc_train_clean: 0.8882, ASR_train_attach: 0.9250, ASR_train_outter: 0.9837
Epoch 370, loss_inner: 0.34341, loss_target: 0.53897, homo loss: 0.00000 
acc_train_clean: 0.8861, ASR_train_attach: 1.0000, ASR_train_outter: 1.0000
Epoch 380, loss_inner: 0.33104, loss_target: 0.32493, homo loss: 0.00000 
acc_train_clean: 0.8851, ASR_train_attach: 1.0000, ASR_train_outter: 0.9801
Epoch 390, loss_inner: 0.32934, loss_target: 0.31200, homo loss: 0.00000 
acc_train_clean: 0.8882, ASR_train_attach: 0.8750, ASR_train_outter: 0.9620
Epoch 400, loss_inner: 0.32719, loss_target: 0.30358, homo loss: 0.00000 
acc_train_clean: 0.8894, ASR_train_attach: 0.8750, ASR_train_outter: 0.9493
Epoch 410, loss_inner: 0.32474, loss_target: 0.29602, homo loss: 0.00000 
acc_train_clean: 0.8897, ASR_train_attach: 1.0000, ASR_train_outter: 0.9783
Epoch 420, loss_inner: 0.32403, loss_target: 0.29367, homo loss: 0.00000 
acc_train_clean: 0.8902, ASR_train_attach: 1.0000, ASR_train_outter: 0.9873
Epoch 430, loss_inner: 0.32336, loss_target: 0.29275, homo loss: 0.00000 
acc_train_clean: 0.8907, ASR_train_attach: 1.0000, ASR_train_outter: 0.9891
Epoch 440, loss_inner: 0.32276, loss_target: 0.29907, homo loss: 0.00000 
acc_train_clean: 0.8899, ASR_train_attach: 1.0000, ASR_train_outter: 0.9946
Epoch 450, loss_inner: 0.32249, loss_target: 0.29699, homo loss: 0.00000 
acc_train_clean: 0.8892, ASR_train_attach: 1.0000, ASR_train_outter: 0.9891
Epoch 460, loss_inner: 0.32201, loss_target: 0.29356, homo loss: 0.00000 
acc_train_clean: 0.8902, ASR_train_attach: 1.0000, ASR_train_outter: 0.9837
Epoch 470, loss_inner: 0.32133, loss_target: 0.29309, homo loss: 0.00000 
acc_train_clean: 0.8907, ASR_train_attach: 1.0000, ASR_train_outter: 0.9909
Epoch 480, loss_inner: 0.32101, loss_target: 0.29072, homo loss: 0.00000 
acc_train_clean: 0.8915, ASR_train_attach: 0.9750, ASR_train_outter: 0.9801
Epoch 490, loss_inner: 0.32022, loss_target: 0.29016, homo loss: 0.00000 
acc_train_clean: 0.8907, ASR_train_attach: 1.0000, ASR_train_outter: 0.9928
Epoch 500, loss_inner: 0.31950, loss_target: 0.28969, homo loss: 0.00000 
acc_train_clean: 0.8907, ASR_train_attach: 1.0000, ASR_train_outter: 0.9909
Epoch 510, loss_inner: 0.34323, loss_target: 0.65087, homo loss: 0.00000 
acc_train_clean: 0.8813, ASR_train_attach: 1.0000, ASR_train_outter: 1.0000
Epoch 520, loss_inner: 0.36723, loss_target: 0.64255, homo loss: 0.00000 
acc_train_clean: 0.8816, ASR_train_attach: 0.9500, ASR_train_outter: 0.9692
Epoch 530, loss_inner: 0.34583, loss_target: 0.33815, homo loss: 0.00000 
acc_train_clean: 0.8833, ASR_train_attach: 0.8250, ASR_train_outter: 0.9457
Epoch 540, loss_inner: 0.32590, loss_target: 0.31633, homo loss: 0.00000 
acc_train_clean: 0.8861, ASR_train_attach: 0.9250, ASR_train_outter: 0.9801
Epoch 550, loss_inner: 0.32044, loss_target: 0.32182, homo loss: 0.00000 
acc_train_clean: 0.8884, ASR_train_attach: 1.0000, ASR_train_outter: 0.9964
Epoch 560, loss_inner: 0.32000, loss_target: 0.29637, homo loss: 0.00000 
acc_train_clean: 0.8904, ASR_train_attach: 0.9500, ASR_train_outter: 0.9764
Epoch 570, loss_inner: 0.31994, loss_target: 0.29412, homo loss: 0.00000 
acc_train_clean: 0.8932, ASR_train_attach: 1.0000, ASR_train_outter: 0.9710
Epoch 580, loss_inner: 0.31918, loss_target: 0.29232, homo loss: 0.00000 
acc_train_clean: 0.8920, ASR_train_attach: 1.0000, ASR_train_outter: 0.9837
Epoch 590, loss_inner: 0.31873, loss_target: 0.28745, homo loss: 0.00000 
acc_train_clean: 0.8920, ASR_train_attach: 0.9500, ASR_train_outter: 0.9891
Epoch 600, loss_inner: 0.33019, loss_target: 0.38502, homo loss: 0.00000 
acc_train_clean: 0.8841, ASR_train_attach: 0.9500, ASR_train_outter: 1.0000
Epoch 610, loss_inner: 0.47792, loss_target: 1.64726, homo loss: 0.00000 
acc_train_clean: 0.8595, ASR_train_attach: 1.0000, ASR_train_outter: 1.0000
Epoch 620, loss_inner: 0.36431, loss_target: 0.47469, homo loss: 0.00000 
acc_train_clean: 0.8707, ASR_train_attach: 1.0000, ASR_train_outter: 0.9982
Epoch 630, loss_inner: 0.33777, loss_target: 0.31120, homo loss: 0.00000 
acc_train_clean: 0.8813, ASR_train_attach: 1.0000, ASR_train_outter: 0.9982
Epoch 640, loss_inner: 0.33003, loss_target: 0.29295, homo loss: 0.00000 
acc_train_clean: 0.8856, ASR_train_attach: 1.0000, ASR_train_outter: 0.9982
Epoch 650, loss_inner: 0.32569, loss_target: 0.28645, homo loss: 0.00000 
acc_train_clean: 0.8874, ASR_train_attach: 1.0000, ASR_train_outter: 0.9982
Epoch 660, loss_inner: 0.32300, loss_target: 0.28211, homo loss: 0.00000 
acc_train_clean: 0.8889, ASR_train_attach: 1.0000, ASR_train_outter: 0.9982
Epoch 670, loss_inner: 0.32096, loss_target: 0.27866, homo loss: 0.00000 
acc_train_clean: 0.8902, ASR_train_attach: 1.0000, ASR_train_outter: 0.9982
Epoch 680, loss_inner: 0.31972, loss_target: 0.27741, homo loss: 0.00000 
acc_train_clean: 0.8920, ASR_train_attach: 1.0000, ASR_train_outter: 1.0000
Epoch 690, loss_inner: 0.31870, loss_target: 0.27791, homo loss: 0.00000 
acc_train_clean: 0.8915, ASR_train_attach: 1.0000, ASR_train_outter: 0.9964
Epoch 700, loss_inner: 0.31788, loss_target: 0.27560, homo loss: 0.00000 
acc_train_clean: 0.8922, ASR_train_attach: 1.0000, ASR_train_outter: 1.0000
Epoch 710, loss_inner: 0.31715, loss_target: 0.27491, homo loss: 0.00000 
acc_train_clean: 0.8922, ASR_train_attach: 1.0000, ASR_train_outter: 1.0000
Epoch 720, loss_inner: 0.31653, loss_target: 0.27422, homo loss: 0.00000 
acc_train_clean: 0.8927, ASR_train_attach: 1.0000, ASR_train_outter: 1.0000
Epoch 730, loss_inner: 0.31601, loss_target: 0.27371, homo loss: 0.00000 
acc_train_clean: 0.8925, ASR_train_attach: 1.0000, ASR_train_outter: 0.9982
Epoch 740, loss_inner: 0.31570, loss_target: 0.27610, homo loss: 0.00000 
acc_train_clean: 0.8920, ASR_train_attach: 1.0000, ASR_train_outter: 0.9982
Epoch 750, loss_inner: 0.31521, loss_target: 0.27309, homo loss: 0.00000 
acc_train_clean: 0.8925, ASR_train_attach: 1.0000, ASR_train_outter: 1.0000
Epoch 760, loss_inner: 0.31487, loss_target: 0.27209, homo loss: 0.00000 
acc_train_clean: 0.8930, ASR_train_attach: 1.0000, ASR_train_outter: 1.0000
Epoch 770, loss_inner: 0.31457, loss_target: 0.27158, homo loss: 0.00000 
acc_train_clean: 0.8927, ASR_train_attach: 1.0000, ASR_train_outter: 1.0000
Epoch 780, loss_inner: 0.31430, loss_target: 0.27117, homo loss: 0.00000 
acc_train_clean: 0.8930, ASR_train_attach: 1.0000, ASR_train_outter: 1.0000
Epoch 790, loss_inner: 0.31407, loss_target: 0.27095, homo loss: 0.00000 
acc_train_clean: 0.8932, ASR_train_attach: 1.0000, ASR_train_outter: 1.0000
Epoch 800, loss_inner: 0.31384, loss_target: 0.27090, homo loss: 0.00000 
acc_train_clean: 0.8932, ASR_train_attach: 1.0000, ASR_train_outter: 1.0000
Epoch 810, loss_inner: 0.31366, loss_target: 0.27063, homo loss: 0.00000 
acc_train_clean: 0.8932, ASR_train_attach: 1.0000, ASR_train_outter: 1.0000
Epoch 820, loss_inner: 0.31347, loss_target: 0.27042, homo loss: 0.00000 
acc_train_clean: 0.8932, ASR_train_attach: 1.0000, ASR_train_outter: 1.0000
Epoch 830, loss_inner: 0.31332, loss_target: 0.27059, homo loss: 0.00000 
acc_train_clean: 0.8932, ASR_train_attach: 1.0000, ASR_train_outter: 1.0000
Epoch 840, loss_inner: 0.31315, loss_target: 0.27009, homo loss: 0.00000 
acc_train_clean: 0.8932, ASR_train_attach: 1.0000, ASR_train_outter: 1.0000
Epoch 850, loss_inner: 0.31302, loss_target: 0.27002, homo loss: 0.00000 
acc_train_clean: 0.8927, ASR_train_attach: 1.0000, ASR_train_outter: 1.0000
Epoch 860, loss_inner: 0.31292, loss_target: 0.27079, homo loss: 0.00000 
acc_train_clean: 0.8932, ASR_train_attach: 1.0000, ASR_train_outter: 1.0000
Epoch 870, loss_inner: 0.31276, loss_target: 0.26984, homo loss: 0.00000 
acc_train_clean: 0.8932, ASR_train_attach: 1.0000, ASR_train_outter: 1.0000
Epoch 880, loss_inner: 0.31265, loss_target: 0.26969, homo loss: 0.00000 
acc_train_clean: 0.8932, ASR_train_attach: 1.0000, ASR_train_outter: 1.0000
Epoch 890, loss_inner: 0.31255, loss_target: 0.26968, homo loss: 0.00000 
acc_train_clean: 0.8932, ASR_train_attach: 1.0000, ASR_train_outter: 1.0000
Epoch 900, loss_inner: 0.31245, loss_target: 0.26963, homo loss: 0.00000 
acc_train_clean: 0.8932, ASR_train_attach: 1.0000, ASR_train_outter: 1.0000
Epoch 910, loss_inner: 0.31239, loss_target: 0.27034, homo loss: 0.00000 
acc_train_clean: 0.8927, ASR_train_attach: 1.0000, ASR_train_outter: 1.0000
Epoch 920, loss_inner: 0.31232, loss_target: 0.26954, homo loss: 0.00000 
acc_train_clean: 0.8937, ASR_train_attach: 1.0000, ASR_train_outter: 1.0000
Epoch 930, loss_inner: 0.31239, loss_target: 0.27166, homo loss: 0.00000 
acc_train_clean: 0.8907, ASR_train_attach: 1.0000, ASR_train_outter: 1.0000
Epoch 940, loss_inner: 0.31222, loss_target: 0.27136, homo loss: 0.00000 
acc_train_clean: 0.8932, ASR_train_attach: 1.0000, ASR_train_outter: 1.0000
Epoch 950, loss_inner: 0.31207, loss_target: 0.26972, homo loss: 0.00000 
acc_train_clean: 0.8932, ASR_train_attach: 1.0000, ASR_train_outter: 1.0000
Epoch 960, loss_inner: 0.31199, loss_target: 0.26912, homo loss: 0.00000 
acc_train_clean: 0.8925, ASR_train_attach: 1.0000, ASR_train_outter: 1.0000
Epoch 970, loss_inner: 0.31191, loss_target: 0.26909, homo loss: 0.00000 
acc_train_clean: 0.8932, ASR_train_attach: 1.0000, ASR_train_outter: 1.0000
Epoch 980, loss_inner: 0.31185, loss_target: 0.26899, homo loss: 0.00000 
acc_train_clean: 0.8932, ASR_train_attach: 1.0000, ASR_train_outter: 1.0000
Epoch 990, loss_inner: 0.31180, loss_target: 0.26898, homo loss: 0.00000 
acc_train_clean: 0.8932, ASR_train_attach: 1.0000, ASR_train_outter: 1.0000
Epoch 1000, loss_inner: 0.31175, loss_target: 0.26895, homo loss: 0.00000 
acc_train_clean: 0.8932, ASR_train_attach: 1.0000, ASR_train_outter: 1.0000
Epoch 1010, loss_inner: 0.31169, loss_target: 0.26890, homo loss: 0.00000 
acc_train_clean: 0.8932, ASR_train_attach: 1.0000, ASR_train_outter: 1.0000
Epoch 1020, loss_inner: 0.31164, loss_target: 0.26893, homo loss: 0.00000 
acc_train_clean: 0.8932, ASR_train_attach: 1.0000, ASR_train_outter: 1.0000
Epoch 1030, loss_inner: 0.31160, loss_target: 0.26891, homo loss: 0.00000 
acc_train_clean: 0.8932, ASR_train_attach: 1.0000, ASR_train_outter: 1.0000
Epoch 1040, loss_inner: 0.31157, loss_target: 0.26926, homo loss: 0.00000 
acc_train_clean: 0.8932, ASR_train_attach: 1.0000, ASR_train_outter: 1.0000
Epoch 1050, loss_inner: 0.31152, loss_target: 0.26910, homo loss: 0.00000 
acc_train_clean: 0.8932, ASR_train_attach: 1.0000, ASR_train_outter: 1.0000
Epoch 1060, loss_inner: 0.31151, loss_target: 0.26890, homo loss: 0.00000 
acc_train_clean: 0.8925, ASR_train_attach: 1.0000, ASR_train_outter: 1.0000
Epoch 1070, loss_inner: 0.31151, loss_target: 0.26973, homo loss: 0.00000 
acc_train_clean: 0.8925, ASR_train_attach: 1.0000, ASR_train_outter: 1.0000
Epoch 1080, loss_inner: 0.31147, loss_target: 0.26973, homo loss: 0.00000 
acc_train_clean: 0.8925, ASR_train_attach: 1.0000, ASR_train_outter: 1.0000
Epoch 1090, loss_inner: 0.31138, loss_target: 0.26889, homo loss: 0.00000 
acc_train_clean: 0.8932, ASR_train_attach: 1.0000, ASR_train_outter: 1.0000
Epoch 1100, loss_inner: 0.31134, loss_target: 0.26877, homo loss: 0.00000 
acc_train_clean: 0.8932, ASR_train_attach: 1.0000, ASR_train_outter: 1.0000
Epoch 1110, loss_inner: 0.31138, loss_target: 0.27003, homo loss: 0.00000 
acc_train_clean: 0.8925, ASR_train_attach: 1.0000, ASR_train_outter: 1.0000
Epoch 1120, loss_inner: 0.31124, loss_target: 0.26886, homo loss: 0.00000 
acc_train_clean: 0.8932, ASR_train_attach: 1.0000, ASR_train_outter: 1.0000
Epoch 1130, loss_inner: 0.31126, loss_target: 0.26869, homo loss: 0.00000 
acc_train_clean: 0.8932, ASR_train_attach: 1.0000, ASR_train_outter: 1.0000
Epoch 1140, loss_inner: 0.31126, loss_target: 0.26868, homo loss: 0.00000 
acc_train_clean: 0.8932, ASR_train_attach: 1.0000, ASR_train_outter: 1.0000
Epoch 1150, loss_inner: 0.31122, loss_target: 0.26868, homo loss: 0.00000 
acc_train_clean: 0.8932, ASR_train_attach: 1.0000, ASR_train_outter: 1.0000
Epoch 1160, loss_inner: 0.31120, loss_target: 0.26871, homo loss: 0.00000 
acc_train_clean: 0.8932, ASR_train_attach: 1.0000, ASR_train_outter: 1.0000
Epoch 1170, loss_inner: 0.31125, loss_target: 0.27193, homo loss: 0.00000 
acc_train_clean: 0.8932, ASR_train_attach: 1.0000, ASR_train_outter: 1.0000
Epoch 1180, loss_inner: 0.31137, loss_target: 0.27125, homo loss: 0.00000 
acc_train_clean: 0.8907, ASR_train_attach: 1.0000, ASR_train_outter: 1.0000
Epoch 1190, loss_inner: 0.31115, loss_target: 0.26858, homo loss: 0.00000 
acc_train_clean: 0.8932, ASR_train_attach: 1.0000, ASR_train_outter: 1.0000
Epoch 1200, loss_inner: 0.31111, loss_target: 0.26865, homo loss: 0.00000 
acc_train_clean: 0.8932, ASR_train_attach: 1.0000, ASR_train_outter: 1.0000
Epoch 1210, loss_inner: 0.31108, loss_target: 0.26852, homo loss: 0.00000 
acc_train_clean: 0.8932, ASR_train_attach: 1.0000, ASR_train_outter: 1.0000
Epoch 1220, loss_inner: 0.31107, loss_target: 0.26858, homo loss: 0.00000 
acc_train_clean: 0.8932, ASR_train_attach: 1.0000, ASR_train_outter: 1.0000
Epoch 1230, loss_inner: 0.31105, loss_target: 0.26859, homo loss: 0.00000 
acc_train_clean: 0.8932, ASR_train_attach: 1.0000, ASR_train_outter: 1.0000
Epoch 1240, loss_inner: 0.31107, loss_target: 0.26971, homo loss: 0.00000 
acc_train_clean: 0.8932, ASR_train_attach: 1.0000, ASR_train_outter: 1.0000
Epoch 1250, loss_inner: 0.31142, loss_target: 0.27045, homo loss: 0.00000 
acc_train_clean: 0.8897, ASR_train_attach: 1.0000, ASR_train_outter: 1.0000
Epoch 1260, loss_inner: 0.31136, loss_target: 0.27125, homo loss: 0.00000 
acc_train_clean: 0.8937, ASR_train_attach: 1.0000, ASR_train_outter: 1.0000
Epoch 1270, loss_inner: 0.31103, loss_target: 0.26908, homo loss: 0.00000 
acc_train_clean: 0.8930, ASR_train_attach: 1.0000, ASR_train_outter: 1.0000
Epoch 1280, loss_inner: 0.31099, loss_target: 0.26832, homo loss: 0.00000 
acc_train_clean: 0.8925, ASR_train_attach: 1.0000, ASR_train_outter: 1.0000
Epoch 1290, loss_inner: 0.31097, loss_target: 0.26841, homo loss: 0.00000 
acc_train_clean: 0.8932, ASR_train_attach: 1.0000, ASR_train_outter: 1.0000
Epoch 1300, loss_inner: 0.31097, loss_target: 0.26845, homo loss: 0.00000 
acc_train_clean: 0.8930, ASR_train_attach: 1.0000, ASR_train_outter: 1.0000
Epoch 1310, loss_inner: 0.31095, loss_target: 0.26847, homo loss: 0.00000 
acc_train_clean: 0.8932, ASR_train_attach: 1.0000, ASR_train_outter: 1.0000
Epoch 1320, loss_inner: 0.31094, loss_target: 0.26851, homo loss: 0.00000 
acc_train_clean: 0.8932, ASR_train_attach: 1.0000, ASR_train_outter: 1.0000
Epoch 1330, loss_inner: 0.31093, loss_target: 0.26853, homo loss: 0.00000 
acc_train_clean: 0.8932, ASR_train_attach: 1.0000, ASR_train_outter: 1.0000
Epoch 1340, loss_inner: 0.31091, loss_target: 0.26855, homo loss: 0.00000 
acc_train_clean: 0.8932, ASR_train_attach: 1.0000, ASR_train_outter: 1.0000
Epoch 1350, loss_inner: 0.31090, loss_target: 0.26858, homo loss: 0.00000 
acc_train_clean: 0.8932, ASR_train_attach: 1.0000, ASR_train_outter: 1.0000
Epoch 1360, loss_inner: 0.31089, loss_target: 0.26859, homo loss: 0.00000 
acc_train_clean: 0.8932, ASR_train_attach: 1.0000, ASR_train_outter: 1.0000
Epoch 1370, loss_inner: 0.31088, loss_target: 0.26859, homo loss: 0.00000 
acc_train_clean: 0.8932, ASR_train_attach: 1.0000, ASR_train_outter: 1.0000
Epoch 1380, loss_inner: 0.31089, loss_target: 0.26860, homo loss: 0.00000 
acc_train_clean: 0.8925, ASR_train_attach: 1.0000, ASR_train_outter: 1.0000
Epoch 1390, loss_inner: 0.31092, loss_target: 0.26865, homo loss: 0.00000 
acc_train_clean: 0.8927, ASR_train_attach: 1.0000, ASR_train_outter: 1.0000
Epoch 1400, loss_inner: 0.31090, loss_target: 0.26862, homo loss: 0.00000 
acc_train_clean: 0.8927, ASR_train_attach: 1.0000, ASR_train_outter: 1.0000
Epoch 1410, loss_inner: 0.31085, loss_target: 0.26866, homo loss: 0.00000 
acc_train_clean: 0.8930, ASR_train_attach: 1.0000, ASR_train_outter: 1.0000
Epoch 1420, loss_inner: 0.31089, loss_target: 0.27073, homo loss: 0.00000 
acc_train_clean: 0.8930, ASR_train_attach: 1.0000, ASR_train_outter: 1.0000
Epoch 1430, loss_inner: 0.31079, loss_target: 0.26915, homo loss: 0.00000 
acc_train_clean: 0.8932, ASR_train_attach: 1.0000, ASR_train_outter: 1.0000
Epoch 1440, loss_inner: 0.31083, loss_target: 0.26870, homo loss: 0.00000 
acc_train_clean: 0.8932, ASR_train_attach: 1.0000, ASR_train_outter: 1.0000
Epoch 1450, loss_inner: 0.31095, loss_target: 0.26915, homo loss: 0.00000 
acc_train_clean: 0.8937, ASR_train_attach: 1.0000, ASR_train_outter: 1.0000
Epoch 1460, loss_inner: 0.31091, loss_target: 0.26870, homo loss: 0.00000 
acc_train_clean: 0.8942, ASR_train_attach: 1.0000, ASR_train_outter: 1.0000
Epoch 1470, loss_inner: 0.31081, loss_target: 0.26866, homo loss: 0.00000 
acc_train_clean: 0.8932, ASR_train_attach: 1.0000, ASR_train_outter: 1.0000
Epoch 1480, loss_inner: 0.31084, loss_target: 0.26863, homo loss: 0.00000 
acc_train_clean: 0.8925, ASR_train_attach: 1.0000, ASR_train_outter: 1.0000
Epoch 1490, loss_inner: 0.31082, loss_target: 0.26866, homo loss: 0.00000 
acc_train_clean: 0.8930, ASR_train_attach: 1.0000, ASR_train_outter: 1.0000
Epoch 1500, loss_inner: 0.31081, loss_target: 0.26865, homo loss: 0.00000 
acc_train_clean: 0.8932, ASR_train_attach: 1.0000, ASR_train_outter: 1.0000
Epoch 1510, loss_inner: 0.31080, loss_target: 0.26866, homo loss: 0.00000 
acc_train_clean: 0.8932, ASR_train_attach: 1.0000, ASR_train_outter: 1.0000
Epoch 1520, loss_inner: 0.31079, loss_target: 0.26865, homo loss: 0.00000 
acc_train_clean: 0.8932, ASR_train_attach: 1.0000, ASR_train_outter: 1.0000
Epoch 1530, loss_inner: 0.31151, loss_target: 0.28810, homo loss: 0.00000 
acc_train_clean: 0.8930, ASR_train_attach: 1.0000, ASR_train_outter: 1.0000
Epoch 1540, loss_inner: 0.31119, loss_target: 0.27959, homo loss: 0.00000 
acc_train_clean: 0.8935, ASR_train_attach: 1.0000, ASR_train_outter: 1.0000
Epoch 1550, loss_inner: 0.31086, loss_target: 0.27052, homo loss: 0.00000 
acc_train_clean: 0.8940, ASR_train_attach: 1.0000, ASR_train_outter: 1.0000
Epoch 1560, loss_inner: 0.31076, loss_target: 0.26958, homo loss: 0.00000 
acc_train_clean: 0.8930, ASR_train_attach: 1.0000, ASR_train_outter: 0.9982
Epoch 1570, loss_inner: 0.31077, loss_target: 0.26835, homo loss: 0.00000 
acc_train_clean: 0.8925, ASR_train_attach: 1.0000, ASR_train_outter: 1.0000
Epoch 1580, loss_inner: 0.31078, loss_target: 0.26844, homo loss: 0.00000 
acc_train_clean: 0.8930, ASR_train_attach: 1.0000, ASR_train_outter: 1.0000
Epoch 1590, loss_inner: 0.31076, loss_target: 0.26848, homo loss: 0.00000 
acc_train_clean: 0.8932, ASR_train_attach: 1.0000, ASR_train_outter: 1.0000
Epoch 1600, loss_inner: 0.31076, loss_target: 0.26854, homo loss: 0.00000 
acc_train_clean: 0.8932, ASR_train_attach: 1.0000, ASR_train_outter: 1.0000
Epoch 1610, loss_inner: 0.31076, loss_target: 0.26858, homo loss: 0.00000 
acc_train_clean: 0.8932, ASR_train_attach: 1.0000, ASR_train_outter: 1.0000
Epoch 1620, loss_inner: 0.31075, loss_target: 0.26860, homo loss: 0.00000 
acc_train_clean: 0.8932, ASR_train_attach: 1.0000, ASR_train_outter: 1.0000
Epoch 1630, loss_inner: 0.31076, loss_target: 0.26866, homo loss: 0.00000 
acc_train_clean: 0.8930, ASR_train_attach: 1.0000, ASR_train_outter: 1.0000
Epoch 1640, loss_inner: 0.31077, loss_target: 0.26873, homo loss: 0.00000 
acc_train_clean: 0.8932, ASR_train_attach: 1.0000, ASR_train_outter: 1.0000
Epoch 1650, loss_inner: 0.31082, loss_target: 0.26883, homo loss: 0.00000 
acc_train_clean: 0.8937, ASR_train_attach: 1.0000, ASR_train_outter: 1.0000
Epoch 1660, loss_inner: 0.31073, loss_target: 0.26868, homo loss: 0.00000 
acc_train_clean: 0.8932, ASR_train_attach: 1.0000, ASR_train_outter: 1.0000
Epoch 1670, loss_inner: 0.31075, loss_target: 0.26869, homo loss: 0.00000 
acc_train_clean: 0.8925, ASR_train_attach: 1.0000, ASR_train_outter: 1.0000
Epoch 1680, loss_inner: 0.31080, loss_target: 0.26873, homo loss: 0.00000 
acc_train_clean: 0.8927, ASR_train_attach: 1.0000, ASR_train_outter: 1.0000
Epoch 1690, loss_inner: 0.31073, loss_target: 0.26868, homo loss: 0.00000 
acc_train_clean: 0.8925, ASR_train_attach: 1.0000, ASR_train_outter: 1.0000
Epoch 1700, loss_inner: 0.31073, loss_target: 0.26872, homo loss: 0.00000 
acc_train_clean: 0.8932, ASR_train_attach: 1.0000, ASR_train_outter: 1.0000
Epoch 1710, loss_inner: 0.31076, loss_target: 0.26883, homo loss: 0.00000 
acc_train_clean: 0.8932, ASR_train_attach: 1.0000, ASR_train_outter: 1.0000
Epoch 1720, loss_inner: 0.31123, loss_target: 0.27603, homo loss: 0.00000 
acc_train_clean: 0.8942, ASR_train_attach: 1.0000, ASR_train_outter: 0.9982
Epoch 1730, loss_inner: 0.31072, loss_target: 0.26946, homo loss: 0.00000 
acc_train_clean: 0.8917, ASR_train_attach: 1.0000, ASR_train_outter: 1.0000
Epoch 1740, loss_inner: 0.31078, loss_target: 0.26896, homo loss: 0.00000 
acc_train_clean: 0.8932, ASR_train_attach: 1.0000, ASR_train_outter: 1.0000
Epoch 1750, loss_inner: 0.31076, loss_target: 0.26878, homo loss: 0.00000 
acc_train_clean: 0.8932, ASR_train_attach: 1.0000, ASR_train_outter: 1.0000
Epoch 1760, loss_inner: 0.31074, loss_target: 0.26869, homo loss: 0.00000 
acc_train_clean: 0.8930, ASR_train_attach: 1.0000, ASR_train_outter: 1.0000
Epoch 1770, loss_inner: 0.31073, loss_target: 0.26874, homo loss: 0.00000 
acc_train_clean: 0.8932, ASR_train_attach: 1.0000, ASR_train_outter: 1.0000
Epoch 1780, loss_inner: 0.31073, loss_target: 0.26878, homo loss: 0.00000 
acc_train_clean: 0.8930, ASR_train_attach: 1.0000, ASR_train_outter: 1.0000
Epoch 1790, loss_inner: 0.31073, loss_target: 0.26879, homo loss: 0.00000 
acc_train_clean: 0.8935, ASR_train_attach: 1.0000, ASR_train_outter: 1.0000
Epoch 1800, loss_inner: 0.31076, loss_target: 0.26893, homo loss: 0.00000 
acc_train_clean: 0.8935, ASR_train_attach: 1.0000, ASR_train_outter: 1.0000
Epoch 1810, loss_inner: 0.31079, loss_target: 0.26899, homo loss: 0.00000 
acc_train_clean: 0.8937, ASR_train_attach: 1.0000, ASR_train_outter: 1.0000
Epoch 1820, loss_inner: 0.31070, loss_target: 0.26875, homo loss: 0.00000 
acc_train_clean: 0.8932, ASR_train_attach: 1.0000, ASR_train_outter: 1.0000
Epoch 1830, loss_inner: 0.31073, loss_target: 0.26879, homo loss: 0.00000 
acc_train_clean: 0.8927, ASR_train_attach: 1.0000, ASR_train_outter: 1.0000
Epoch 1840, loss_inner: 0.31130, loss_target: 0.28110, homo loss: 0.00000 
acc_train_clean: 0.8894, ASR_train_attach: 1.0000, ASR_train_outter: 1.0000
Epoch 1850, loss_inner: 0.31074, loss_target: 0.26898, homo loss: 0.00000 
acc_train_clean: 0.8927, ASR_train_attach: 1.0000, ASR_train_outter: 1.0000
Epoch 1860, loss_inner: 0.31093, loss_target: 0.27122, homo loss: 0.00000 
acc_train_clean: 0.8917, ASR_train_attach: 1.0000, ASR_train_outter: 1.0000
Epoch 1870, loss_inner: 0.31070, loss_target: 0.26828, homo loss: 0.00000 
acc_train_clean: 0.8935, ASR_train_attach: 1.0000, ASR_train_outter: 1.0000
Epoch 1880, loss_inner: 0.31072, loss_target: 0.26870, homo loss: 0.00000 
acc_train_clean: 0.8930, ASR_train_attach: 1.0000, ASR_train_outter: 1.0000
Epoch 1890, loss_inner: 0.31073, loss_target: 0.26857, homo loss: 0.00000 
acc_train_clean: 0.8930, ASR_train_attach: 1.0000, ASR_train_outter: 1.0000
Epoch 1900, loss_inner: 0.31073, loss_target: 0.26870, homo loss: 0.00000 
acc_train_clean: 0.8932, ASR_train_attach: 1.0000, ASR_train_outter: 1.0000
Epoch 1910, loss_inner: 0.31072, loss_target: 0.26869, homo loss: 0.00000 
acc_train_clean: 0.8932, ASR_train_attach: 1.0000, ASR_train_outter: 1.0000
Epoch 1920, loss_inner: 0.31071, loss_target: 0.26873, homo loss: 0.00000 
acc_train_clean: 0.8932, ASR_train_attach: 1.0000, ASR_train_outter: 1.0000
Epoch 1930, loss_inner: 0.31071, loss_target: 0.26876, homo loss: 0.00000 
acc_train_clean: 0.8932, ASR_train_attach: 1.0000, ASR_train_outter: 1.0000
Epoch 1940, loss_inner: 0.31071, loss_target: 0.26878, homo loss: 0.00000 
acc_train_clean: 0.8932, ASR_train_attach: 1.0000, ASR_train_outter: 1.0000
Epoch 1950, loss_inner: 0.31070, loss_target: 0.26878, homo loss: 0.00000 
acc_train_clean: 0.8932, ASR_train_attach: 1.0000, ASR_train_outter: 1.0000
Epoch 1960, loss_inner: 0.31070, loss_target: 0.26879, homo loss: 0.00000 
acc_train_clean: 0.8932, ASR_train_attach: 1.0000, ASR_train_outter: 1.0000
Epoch 1970, loss_inner: 0.31070, loss_target: 0.26881, homo loss: 0.00000 
acc_train_clean: 0.8932, ASR_train_attach: 1.0000, ASR_train_outter: 1.0000
Epoch 1980, loss_inner: 0.31073, loss_target: 0.26884, homo loss: 0.00000 
acc_train_clean: 0.8925, ASR_train_attach: 1.0000, ASR_train_outter: 1.0000
Epoch 1990, loss_inner: 0.31081, loss_target: 0.26896, homo loss: 0.00000 
acc_train_clean: 0.8909, ASR_train_attach: 1.0000, ASR_train_outter: 1.0000
load best weight based on the loss outter
precent of left attach nodes: 1.000
Namespace(cuda=True, dataset='Pubmed', debug=True, defense_mode='prune', device_id=1, dis_weight=0.0, dropout=0.5, epochs=200, evaluate_mode='1by1', hidden=32, homo_boost_thrd=0.5, homo_loss_weight=0.0, inner=1, lr=0.01, model='GCN', no_cuda=False, prune_thr=0.2, seed=265, selection_method='cluster_degree', target_class=0, target_loss_weight=1, test_model='GCN', thrd=0.5, train_lr=0.01, trigger_size=3, trojan_epochs=2000, use_vs_number=True, vs_number=40, vs_ratio=0, weight_decay=0.0005)
target class rate on Vs: 0.0000
accuracy on clean test nodes: 0.8539
Overall ASR: 0.2110
Flip ASR: 0.0399/1554 nodes
Namespace(cuda=True, dataset='Pubmed', debug=True, defense_mode='prune', device_id=1, dis_weight=0.0, dropout=0.5, epochs=200, evaluate_mode='1by1', hidden=32, homo_boost_thrd=0.5, homo_loss_weight=0.0, inner=1, lr=0.01, model='GCN', no_cuda=False, prune_thr=0.2, seed=125, selection_method='cluster_degree', target_class=0, target_loss_weight=1, test_model='GCN', thrd=0.5, train_lr=0.01, trigger_size=3, trojan_epochs=2000, use_vs_number=True, vs_number=40, vs_ratio=0, weight_decay=0.0005)
target class rate on Vs: 0.0000
accuracy on clean test nodes: 0.8513
Overall ASR: 0.2099
Flip ASR: 0.0393/1554 nodes
Namespace(cuda=True, dataset='Pubmed', debug=True, defense_mode='prune', device_id=1, dis_weight=0.0, dropout=0.5, epochs=200, evaluate_mode='1by1', hidden=32, homo_boost_thrd=0.5, homo_loss_weight=0.0, inner=1, lr=0.01, model='GCN', no_cuda=False, prune_thr=0.2, seed=996, selection_method='cluster_degree', target_class=0, target_loss_weight=1, test_model='GCN', thrd=0.5, train_lr=0.01, trigger_size=3, trojan_epochs=2000, use_vs_number=True, vs_number=40, vs_ratio=0, weight_decay=0.0005)
target class rate on Vs: 0.0000
accuracy on clean test nodes: 0.8519
Overall ASR: 0.2089
Flip ASR: 0.0393/1554 nodes
Namespace(cuda=True, dataset='Pubmed', debug=True, defense_mode='prune', device_id=1, dis_weight=0.0, dropout=0.5, epochs=200, evaluate_mode='1by1', hidden=32, homo_boost_thrd=0.5, homo_loss_weight=0.0, inner=1, lr=0.01, model='GCN', no_cuda=False, prune_thr=0.2, seed=527, selection_method='cluster_degree', target_class=0, target_loss_weight=1, test_model='GCN', thrd=0.5, train_lr=0.01, trigger_size=3, trojan_epochs=2000, use_vs_number=True, vs_number=40, vs_ratio=0, weight_decay=0.0005)
target class rate on Vs: 0.0000
accuracy on clean test nodes: 0.8519
Overall ASR: 0.2110
Flip ASR: 0.0393/1554 nodes
Namespace(cuda=True, dataset='Pubmed', debug=True, defense_mode='prune', device_id=1, dis_weight=0.0, dropout=0.5, epochs=200, evaluate_mode='1by1', hidden=32, homo_boost_thrd=0.5, homo_loss_weight=0.0, inner=1, lr=0.01, model='GCN', no_cuda=False, prune_thr=0.2, seed=320, selection_method='cluster_degree', target_class=0, target_loss_weight=1, test_model='GCN', thrd=0.5, train_lr=0.01, trigger_size=3, trojan_epochs=2000, use_vs_number=True, vs_number=40, vs_ratio=0, weight_decay=0.0005)
target class rate on Vs: 0.0000
accuracy on clean test nodes: 0.8519
Overall ASR: 0.2099
Flip ASR: 0.0399/1554 nodes
Overall ASR: 0.2101 (GCN model, Seed: 320)
Overall Clean Accuracy: 0.8522
Namespace(cuda=True, dataset='Pubmed', debug=True, defense_mode='prune', device_id=1, dis_weight=0.0, dropout=0.5, epochs=200, evaluate_mode='1by1', hidden=32, homo_boost_thrd=0.5, homo_loss_weight=0.0, inner=1, lr=0.01, model='GCN', no_cuda=False, prune_thr=0.2, seed=781, selection_method='cluster_degree', target_class=0, target_loss_weight=1, test_model='GAT', thrd=0.5, train_lr=0.01, trigger_size=3, trojan_epochs=2000, use_vs_number=True, vs_number=40, vs_ratio=0, weight_decay=0.0005)
/home/project-graph-backdoor/Backdoor/models/GAT.py:61: UserWarning: To copy construct from a tensor, it is recommended to use sourceTensor.clone().detach() or sourceTensor.clone().detach().requires_grad_(True), rather than torch.tensor(sourceTensor).
  self.labels = torch.tensor(labels, dtype=torch.long)
target class rate on Vs: 0.0000
accuracy on clean test nodes: 0.8382
Overall ASR: 0.2018
Flip ASR: 0.0347/1554 nodes
Namespace(cuda=True, dataset='Pubmed', debug=True, defense_mode='prune', device_id=1, dis_weight=0.0, dropout=0.5, epochs=200, evaluate_mode='1by1', hidden=32, homo_boost_thrd=0.5, homo_loss_weight=0.0, inner=1, lr=0.01, model='GCN', no_cuda=False, prune_thr=0.2, seed=706, selection_method='cluster_degree', target_class=0, target_loss_weight=1, test_model='GAT', thrd=0.5, train_lr=0.01, trigger_size=3, trojan_epochs=2000, use_vs_number=True, vs_number=40, vs_ratio=0, weight_decay=0.0005)
target class rate on Vs: 0.0000
accuracy on clean test nodes: 0.8326
Overall ASR: 0.2033
Flip ASR: 0.0354/1554 nodes
Namespace(cuda=True, dataset='Pubmed', debug=True, defense_mode='prune', device_id=1, dis_weight=0.0, dropout=0.5, epochs=200, evaluate_mode='1by1', hidden=32, homo_boost_thrd=0.5, homo_loss_weight=0.0, inner=1, lr=0.01, model='GCN', no_cuda=False, prune_thr=0.2, seed=778, selection_method='cluster_degree', target_class=0, target_loss_weight=1, test_model='GAT', thrd=0.5, train_lr=0.01, trigger_size=3, trojan_epochs=2000, use_vs_number=True, vs_number=40, vs_ratio=0, weight_decay=0.0005)
target class rate on Vs: 0.0000
accuracy on clean test nodes: 0.8397
Overall ASR: 0.2013
Flip ASR: 0.0341/1554 nodes
Namespace(cuda=True, dataset='Pubmed', debug=True, defense_mode='prune', device_id=1, dis_weight=0.0, dropout=0.5, epochs=200, evaluate_mode='1by1', hidden=32, homo_boost_thrd=0.5, homo_loss_weight=0.0, inner=1, lr=0.01, model='GCN', no_cuda=False, prune_thr=0.2, seed=604, selection_method='cluster_degree', target_class=0, target_loss_weight=1, test_model='GAT', thrd=0.5, train_lr=0.01, trigger_size=3, trojan_epochs=2000, use_vs_number=True, vs_number=40, vs_ratio=0, weight_decay=0.0005)
target class rate on Vs: 0.0000
accuracy on clean test nodes: 0.8346
Overall ASR: 0.2099
Flip ASR: 0.0393/1554 nodes
Namespace(cuda=True, dataset='Pubmed', debug=True, defense_mode='prune', device_id=1, dis_weight=0.0, dropout=0.5, epochs=200, evaluate_mode='1by1', hidden=32, homo_boost_thrd=0.5, homo_loss_weight=0.0, inner=1, lr=0.01, model='GCN', no_cuda=False, prune_thr=0.2, seed=133, selection_method='cluster_degree', target_class=0, target_loss_weight=1, test_model='GAT', thrd=0.5, train_lr=0.01, trigger_size=3, trojan_epochs=2000, use_vs_number=True, vs_number=40, vs_ratio=0, weight_decay=0.0005)
target class rate on Vs: 0.0000
accuracy on clean test nodes: 0.8387
Overall ASR: 0.2039
Flip ASR: 0.0360/1554 nodes
Overall ASR: 0.2041 (GAT model, Seed: 133)
Overall Clean Accuracy: 0.8367
Namespace(cuda=True, dataset='Pubmed', debug=True, defense_mode='prune', device_id=1, dis_weight=0.0, dropout=0.5, epochs=200, evaluate_mode='1by1', hidden=32, homo_boost_thrd=0.5, homo_loss_weight=0.0, inner=1, lr=0.01, model='GCN', no_cuda=False, prune_thr=0.2, seed=673, selection_method='cluster_degree', target_class=0, target_loss_weight=1, test_model='GraphSage', thrd=0.5, train_lr=0.01, trigger_size=3, trojan_epochs=2000, use_vs_number=True, vs_number=40, vs_ratio=0, weight_decay=0.0005)
target class rate on Vs: 0.0000
accuracy on clean test nodes: 0.8610
Overall ASR: 0.2135
Flip ASR: 0.0354/1554 nodes
Namespace(cuda=True, dataset='Pubmed', debug=True, defense_mode='prune', device_id=1, dis_weight=0.0, dropout=0.5, epochs=200, evaluate_mode='1by1', hidden=32, homo_boost_thrd=0.5, homo_loss_weight=0.0, inner=1, lr=0.01, model='GCN', no_cuda=False, prune_thr=0.2, seed=904, selection_method='cluster_degree', target_class=0, target_loss_weight=1, test_model='GraphSage', thrd=0.5, train_lr=0.01, trigger_size=3, trojan_epochs=2000, use_vs_number=True, vs_number=40, vs_ratio=0, weight_decay=0.0005)
target class rate on Vs: 0.0000
accuracy on clean test nodes: 0.8640
Overall ASR: 0.2175
Flip ASR: 0.0399/1554 nodes
Namespace(cuda=True, dataset='Pubmed', debug=True, defense_mode='prune', device_id=1, dis_weight=0.0, dropout=0.5, epochs=200, evaluate_mode='1by1', hidden=32, homo_boost_thrd=0.5, homo_loss_weight=0.0, inner=1, lr=0.01, model='GCN', no_cuda=False, prune_thr=0.2, seed=56, selection_method='cluster_degree', target_class=0, target_loss_weight=1, test_model='GraphSage', thrd=0.5, train_lr=0.01, trigger_size=3, trojan_epochs=2000, use_vs_number=True, vs_number=40, vs_ratio=0, weight_decay=0.0005)
target class rate on Vs: 0.0000
accuracy on clean test nodes: 0.8645
Overall ASR: 0.2140
Flip ASR: 0.0373/1554 nodes
Namespace(cuda=True, dataset='Pubmed', debug=True, defense_mode='prune', device_id=1, dis_weight=0.0, dropout=0.5, epochs=200, evaluate_mode='1by1', hidden=32, homo_boost_thrd=0.5, homo_loss_weight=0.0, inner=1, lr=0.01, model='GCN', no_cuda=False, prune_thr=0.2, seed=1, selection_method='cluster_degree', target_class=0, target_loss_weight=1, test_model='GraphSage', thrd=0.5, train_lr=0.01, trigger_size=3, trojan_epochs=2000, use_vs_number=True, vs_number=40, vs_ratio=0, weight_decay=0.0005)
target class rate on Vs: 0.0000
accuracy on clean test nodes: 0.8635
Overall ASR: 0.2165
Flip ASR: 0.0399/1554 nodes
Namespace(cuda=True, dataset='Pubmed', debug=True, defense_mode='prune', device_id=1, dis_weight=0.0, dropout=0.5, epochs=200, evaluate_mode='1by1', hidden=32, homo_boost_thrd=0.5, homo_loss_weight=0.0, inner=1, lr=0.01, model='GCN', no_cuda=False, prune_thr=0.2, seed=694, selection_method='cluster_degree', target_class=0, target_loss_weight=1, test_model='GraphSage', thrd=0.5, train_lr=0.01, trigger_size=3, trojan_epochs=2000, use_vs_number=True, vs_number=40, vs_ratio=0, weight_decay=0.0005)
target class rate on Vs: 0.0000
accuracy on clean test nodes: 0.8635
Overall ASR: 0.2135
Flip ASR: 0.0386/1554 nodes
Overall ASR: 0.2150 (GraphSage model, Seed: 694)
Overall Clean Accuracy: 0.8633
Total Overall ASR: 0.2097 
Total Clean Accuracy: 0.8507
