nohup: ignoring input
Namespace(cuda=True, dataset='Pubmed', debug=True, defense_mode='none', device_id=3, dis_weight=1.0, dropout=0.5, epochs=200, evaluate_mode='1by1', hidden=32, homo_boost_thrd=0.5, homo_loss_weight=3.0, inner=1, lr=0.01, model='GCN', no_cuda=False, prune_thr=0.15, seed=11, selection_method='none', target_class=0, target_loss_weight=1, test_model='GCN', thrd=0.5, train_lr=0.01, trigger_size=3, trojan_epochs=200, use_vs_number=True, vs_number=80, vs_ratio=0, weight_decay=0.0005)
Length of training set: 3943
Training benign model Finished!
Total time elapsed: 4.2777s
Benign CA: 0.8554
#Attach Nodes:80
idx_attach: tensor([15043, 11176, 18495, 13856,  7735, 17027, 16900, 10353, 15081,  4018,
         4065, 17271,  1025,  9514,  7970,  8997,  9593, 19110, 16170, 10267,
         4135, 12907, 17633,  1512, 15716, 16566,  9525,   378, 13898,   249,
        13238, 15191, 13783,  5275, 14931, 19011, 16362,  1484,  3456, 14990,
        10455, 10221,  5535,  6725,  5383, 19243, 14552, 13781,  2516,  8741,
        18391, 16902, 17186, 13196,  5105, 12865, 18031, 19386,  5164,  3766,
        10049, 11912,  4776, 19265, 16292, 10825, 18858, 14313,  6118,  7308,
        13817, 17564,  3344, 19605,  9322,  5519, 14680,  6459, 13386,  8650],
       device='cuda:3')
Epoch 0, loss_inner: 1.09896, loss_target: 1.08621, homo loss: 0.49731 
acc_train_clean: 0.3226, ASR_train_attach: 0.0125, ASR_train_outter: 0.7179
Epoch 10, loss_inner: 0.96914, loss_target: 0.86268, homo loss: 0.21833 
acc_train_clean: 0.6340, ASR_train_attach: 1.0000, ASR_train_outter: 0.9882
Epoch 20, loss_inner: 0.84172, loss_target: 0.74730, homo loss: 0.21115 
acc_train_clean: 0.6774, ASR_train_attach: 0.9375, ASR_train_outter: 0.9932
Epoch 30, loss_inner: 0.80731, loss_target: 0.86482, homo loss: 0.21665 
acc_train_clean: 0.7837, ASR_train_attach: 1.0000, ASR_train_outter: 1.0000
Epoch 40, loss_inner: 0.72242, loss_target: 0.65194, homo loss: 0.16667 
acc_train_clean: 0.7593, ASR_train_attach: 0.9750, ASR_train_outter: 0.9611
Epoch 50, loss_inner: 0.65105, loss_target: 0.59191, homo loss: 0.11790 
acc_train_clean: 0.8352, ASR_train_attach: 0.9750, ASR_train_outter: 0.9527
Epoch 60, loss_inner: 0.58830, loss_target: 0.54951, homo loss: 0.05605 
acc_train_clean: 0.8377, ASR_train_attach: 0.9250, ASR_train_outter: 0.9105
Epoch 70, loss_inner: 0.53556, loss_target: 0.49536, homo loss: 0.07400 
acc_train_clean: 0.8420, ASR_train_attach: 0.9875, ASR_train_outter: 0.9696
Epoch 80, loss_inner: 0.50025, loss_target: 0.48873, homo loss: 0.01479 
acc_train_clean: 0.8506, ASR_train_attach: 0.9000, ASR_train_outter: 0.8632
Epoch 90, loss_inner: 0.47008, loss_target: 0.44170, homo loss: 0.00505 
acc_train_clean: 0.8544, ASR_train_attach: 0.9625, ASR_train_outter: 0.9375
Epoch 100, loss_inner: 0.45535, loss_target: 0.44732, homo loss: 0.21323 
acc_train_clean: 0.8552, ASR_train_attach: 0.9875, ASR_train_outter: 0.9814
Epoch 110, loss_inner: 0.43615, loss_target: 0.40860, homo loss: 0.07410 
acc_train_clean: 0.8585, ASR_train_attach: 0.9750, ASR_train_outter: 0.9662
Epoch 120, loss_inner: 0.42374, loss_target: 0.40156, homo loss: 0.00637 
acc_train_clean: 0.8638, ASR_train_attach: 0.9625, ASR_train_outter: 0.9426
Epoch 130, loss_inner: 0.41245, loss_target: 0.39055, homo loss: 0.00051 
acc_train_clean: 0.8663, ASR_train_attach: 0.9625, ASR_train_outter: 0.9409
Epoch 140, loss_inner: 0.44216, loss_target: 0.62136, homo loss: 0.28091 
acc_train_clean: 0.8605, ASR_train_attach: 1.0000, ASR_train_outter: 0.9966
Epoch 150, loss_inner: 0.40457, loss_target: 0.38851, homo loss: 0.11655 
acc_train_clean: 0.8712, ASR_train_attach: 0.9750, ASR_train_outter: 0.9493
Epoch 160, loss_inner: 0.39714, loss_target: 0.38274, homo loss: 0.05571 
acc_train_clean: 0.8691, ASR_train_attach: 0.9750, ASR_train_outter: 0.9611
Epoch 170, loss_inner: 0.38903, loss_target: 0.37307, homo loss: 0.01808 
acc_train_clean: 0.8717, ASR_train_attach: 0.9750, ASR_train_outter: 0.9645
Epoch 180, loss_inner: 0.38201, loss_target: 0.36396, homo loss: 0.00392 
acc_train_clean: 0.8729, ASR_train_attach: 0.9750, ASR_train_outter: 0.9510
Epoch 190, loss_inner: 0.37603, loss_target: 0.35908, homo loss: 0.00068 
acc_train_clean: 0.8755, ASR_train_attach: 0.9625, ASR_train_outter: 0.9409
precent of left attach nodes: 1.000
Namespace(cuda=True, dataset='Pubmed', debug=True, defense_mode='none', device_id=3, dis_weight=1.0, dropout=0.5, epochs=200, evaluate_mode='1by1', hidden=32, homo_boost_thrd=0.5, homo_loss_weight=3.0, inner=1, lr=0.01, model='GCN', no_cuda=False, prune_thr=0.15, seed=921, selection_method='none', target_class=0, target_loss_weight=1, test_model='GCN', thrd=0.5, train_lr=0.01, trigger_size=3, trojan_epochs=200, use_vs_number=True, vs_number=80, vs_ratio=0, weight_decay=0.0005)
target class rate on Vs: 0.9750
accuracy on clean test nodes: 0.8508
Overall ASR: 0.8889
Flip ASR: 0.8616/1554 nodes
Namespace(cuda=True, dataset='Pubmed', debug=True, defense_mode='none', device_id=3, dis_weight=1.0, dropout=0.5, epochs=200, evaluate_mode='1by1', hidden=32, homo_boost_thrd=0.5, homo_loss_weight=3.0, inner=1, lr=0.01, model='GCN', no_cuda=False, prune_thr=0.15, seed=703, selection_method='none', target_class=0, target_loss_weight=1, test_model='GCN', thrd=0.5, train_lr=0.01, trigger_size=3, trojan_epochs=200, use_vs_number=True, vs_number=80, vs_ratio=0, weight_decay=0.0005)
target class rate on Vs: 0.9625
accuracy on clean test nodes: 0.8524
Overall ASR: 0.8550
Flip ASR: 0.8218/1554 nodes
Namespace(cuda=True, dataset='Pubmed', debug=True, defense_mode='none', device_id=3, dis_weight=1.0, dropout=0.5, epochs=200, evaluate_mode='1by1', hidden=32, homo_boost_thrd=0.5, homo_loss_weight=3.0, inner=1, lr=0.01, model='GCN', no_cuda=False, prune_thr=0.15, seed=80, selection_method='none', target_class=0, target_loss_weight=1, test_model='GCN', thrd=0.5, train_lr=0.01, trigger_size=3, trojan_epochs=200, use_vs_number=True, vs_number=80, vs_ratio=0, weight_decay=0.0005)
target class rate on Vs: 0.9750
accuracy on clean test nodes: 0.8519
Overall ASR: 0.8895
Flip ASR: 0.8623/1554 nodes
Namespace(cuda=True, dataset='Pubmed', debug=True, defense_mode='none', device_id=3, dis_weight=1.0, dropout=0.5, epochs=200, evaluate_mode='1by1', hidden=32, homo_boost_thrd=0.5, homo_loss_weight=3.0, inner=1, lr=0.01, model='GCN', no_cuda=False, prune_thr=0.15, seed=91, selection_method='none', target_class=0, target_loss_weight=1, test_model='GCN', thrd=0.5, train_lr=0.01, trigger_size=3, trojan_epochs=200, use_vs_number=True, vs_number=80, vs_ratio=0, weight_decay=0.0005)
target class rate on Vs: 0.9875
accuracy on clean test nodes: 0.8524
Overall ASR: 0.8986
Flip ASR: 0.8726/1554 nodes
Namespace(cuda=True, dataset='Pubmed', debug=True, defense_mode='none', device_id=3, dis_weight=1.0, dropout=0.5, epochs=200, evaluate_mode='1by1', hidden=32, homo_boost_thrd=0.5, homo_loss_weight=3.0, inner=1, lr=0.01, model='GCN', no_cuda=False, prune_thr=0.15, seed=337, selection_method='none', target_class=0, target_loss_weight=1, test_model='GCN', thrd=0.5, train_lr=0.01, trigger_size=3, trojan_epochs=200, use_vs_number=True, vs_number=80, vs_ratio=0, weight_decay=0.0005)
target class rate on Vs: 0.9625
accuracy on clean test nodes: 0.8508
Overall ASR: 0.8839
Flip ASR: 0.8546/1554 nodes
Overall ASR: 0.8832 (GCN model, Seed: 337)
Overall Clean Accuracy: 0.8516
Namespace(cuda=True, dataset='Pubmed', debug=True, defense_mode='none', device_id=3, dis_weight=1.0, dropout=0.5, epochs=200, evaluate_mode='1by1', hidden=32, homo_boost_thrd=0.5, homo_loss_weight=3.0, inner=1, lr=0.01, model='GCN', no_cuda=False, prune_thr=0.15, seed=260, selection_method='none', target_class=0, target_loss_weight=1, test_model='GAT', thrd=0.5, train_lr=0.01, trigger_size=3, trojan_epochs=200, use_vs_number=True, vs_number=80, vs_ratio=0, weight_decay=0.0005)
target class rate on Vs: 0.9875
accuracy on clean test nodes: 0.8417
Overall ASR: 0.7951
Flip ASR: 0.7490/1554 nodes
/home/mfl5681/project-backdoor/Backdoor/models/GAT.py:61: UserWarning: To copy construct from a tensor, it is recommended to use sourceTensor.clone().detach() or sourceTensor.clone().detach().requires_grad_(True), rather than torch.tensor(sourceTensor).
  self.labels = torch.tensor(labels, dtype=torch.long)
Namespace(cuda=True, dataset='Pubmed', debug=True, defense_mode='none', device_id=3, dis_weight=1.0, dropout=0.5, epochs=200, evaluate_mode='1by1', hidden=32, homo_boost_thrd=0.5, homo_loss_weight=3.0, inner=1, lr=0.01, model='GCN', no_cuda=False, prune_thr=0.15, seed=66, selection_method='none', target_class=0, target_loss_weight=1, test_model='GAT', thrd=0.5, train_lr=0.01, trigger_size=3, trojan_epochs=200, use_vs_number=True, vs_number=80, vs_ratio=0, weight_decay=0.0005)
target class rate on Vs: 0.9000
accuracy on clean test nodes: 0.8402
Overall ASR: 0.7627
Flip ASR: 0.7085/1554 nodes
Namespace(cuda=True, dataset='Pubmed', debug=True, defense_mode='none', device_id=3, dis_weight=1.0, dropout=0.5, epochs=200, evaluate_mode='1by1', hidden=32, homo_boost_thrd=0.5, homo_loss_weight=3.0, inner=1, lr=0.01, model='GCN', no_cuda=False, prune_thr=0.15, seed=441, selection_method='none', target_class=0, target_loss_weight=1, test_model='GAT', thrd=0.5, train_lr=0.01, trigger_size=3, trojan_epochs=200, use_vs_number=True, vs_number=80, vs_ratio=0, weight_decay=0.0005)
target class rate on Vs: 0.9000
accuracy on clean test nodes: 0.8422
Overall ASR: 0.7627
Flip ASR: 0.7091/1554 nodes
Namespace(cuda=True, dataset='Pubmed', debug=True, defense_mode='none', device_id=3, dis_weight=1.0, dropout=0.5, epochs=200, evaluate_mode='1by1', hidden=32, homo_boost_thrd=0.5, homo_loss_weight=3.0, inner=1, lr=0.01, model='GCN', no_cuda=False, prune_thr=0.15, seed=443, selection_method='none', target_class=0, target_loss_weight=1, test_model='GAT', thrd=0.5, train_lr=0.01, trigger_size=3, trojan_epochs=200, use_vs_number=True, vs_number=80, vs_ratio=0, weight_decay=0.0005)
target class rate on Vs: 1.0000
accuracy on clean test nodes: 0.8371
Overall ASR: 0.8159
Flip ASR: 0.7748/1554 nodes
Namespace(cuda=True, dataset='Pubmed', debug=True, defense_mode='none', device_id=3, dis_weight=1.0, dropout=0.5, epochs=200, evaluate_mode='1by1', hidden=32, homo_boost_thrd=0.5, homo_loss_weight=3.0, inner=1, lr=0.01, model='GCN', no_cuda=False, prune_thr=0.15, seed=63, selection_method='none', target_class=0, target_loss_weight=1, test_model='GAT', thrd=0.5, train_lr=0.01, trigger_size=3, trojan_epochs=200, use_vs_number=True, vs_number=80, vs_ratio=0, weight_decay=0.0005)
target class rate on Vs: 0.9000
accuracy on clean test nodes: 0.8412
Overall ASR: 0.7794
Flip ASR: 0.7304/1554 nodes
Overall ASR: 0.7832 (GAT model, Seed: 63)
Overall Clean Accuracy: 0.8405
Namespace(cuda=True, dataset='Pubmed', debug=True, defense_mode='none', device_id=3, dis_weight=1.0, dropout=0.5, epochs=200, evaluate_mode='1by1', hidden=32, homo_boost_thrd=0.5, homo_loss_weight=3.0, inner=1, lr=0.01, model='GCN', no_cuda=False, prune_thr=0.15, seed=44, selection_method='none', target_class=0, target_loss_weight=1, test_model='GraphSage', thrd=0.5, train_lr=0.01, trigger_size=3, trojan_epochs=200, use_vs_number=True, vs_number=80, vs_ratio=0, weight_decay=0.0005)
target class rate on Vs: 0.9250
accuracy on clean test nodes: 0.8620
Overall ASR: 0.8398
Flip ASR: 0.8012/1554 nodes
Namespace(cuda=True, dataset='Pubmed', debug=True, defense_mode='none', device_id=3, dis_weight=1.0, dropout=0.5, epochs=200, evaluate_mode='1by1', hidden=32, homo_boost_thrd=0.5, homo_loss_weight=3.0, inner=1, lr=0.01, model='GCN', no_cuda=False, prune_thr=0.15, seed=116, selection_method='none', target_class=0, target_loss_weight=1, test_model='GraphSage', thrd=0.5, train_lr=0.01, trigger_size=3, trojan_epochs=200, use_vs_number=True, vs_number=80, vs_ratio=0, weight_decay=0.0005)
target class rate on Vs: 0.9375
accuracy on clean test nodes: 0.8600
Overall ASR: 0.8387
Flip ASR: 0.7999/1554 nodes
Namespace(cuda=True, dataset='Pubmed', debug=True, defense_mode='none', device_id=3, dis_weight=1.0, dropout=0.5, epochs=200, evaluate_mode='1by1', hidden=32, homo_boost_thrd=0.5, homo_loss_weight=3.0, inner=1, lr=0.01, model='GCN', no_cuda=False, prune_thr=0.15, seed=139, selection_method='none', target_class=0, target_loss_weight=1, test_model='GraphSage', thrd=0.5, train_lr=0.01, trigger_size=3, trojan_epochs=200, use_vs_number=True, vs_number=80, vs_ratio=0, weight_decay=0.0005)
target class rate on Vs: 0.9125
accuracy on clean test nodes: 0.8610
Overall ASR: 0.8367
Flip ASR: 0.7973/1554 nodes
Namespace(cuda=True, dataset='Pubmed', debug=True, defense_mode='none', device_id=3, dis_weight=1.0, dropout=0.5, epochs=200, evaluate_mode='1by1', hidden=32, homo_boost_thrd=0.5, homo_loss_weight=3.0, inner=1, lr=0.01, model='GCN', no_cuda=False, prune_thr=0.15, seed=215, selection_method='none', target_class=0, target_loss_weight=1, test_model='GraphSage', thrd=0.5, train_lr=0.01, trigger_size=3, trojan_epochs=200, use_vs_number=True, vs_number=80, vs_ratio=0, weight_decay=0.0005)
target class rate on Vs: 0.9500
accuracy on clean test nodes: 0.8579
Overall ASR: 0.8408
Flip ASR: 0.8024/1554 nodes
Namespace(cuda=True, dataset='Pubmed', debug=True, defense_mode='none', device_id=3, dis_weight=1.0, dropout=0.5, epochs=200, evaluate_mode='1by1', hidden=32, homo_boost_thrd=0.5, homo_loss_weight=3.0, inner=1, lr=0.01, model='GCN', no_cuda=False, prune_thr=0.15, seed=338, selection_method='none', target_class=0, target_loss_weight=1, test_model='GraphSage', thrd=0.5, train_lr=0.01, trigger_size=3, trojan_epochs=200, use_vs_number=True, vs_number=80, vs_ratio=0, weight_decay=0.0005)
target class rate on Vs: 0.9375
accuracy on clean test nodes: 0.8620
Overall ASR: 0.8433
Flip ASR: 0.8057/1554 nodes
Overall ASR: 0.8399 (GraphSage model, Seed: 338)
Overall Clean Accuracy: 0.8606
Total Overall ASR: 0.8354 
Total Clean Accuracy: 0.8509
