nohup: ignoring input
Namespace(cuda=True, dataset='Pubmed', debug=True, defense_mode='prune', device_id=3, dis_weight=0.0, dropout=0.5, epochs=200, evaluate_mode='1by1', hidden=32, homo_boost_thrd=0.5, homo_loss_weight=2.0, inner=1, lr=0.01, model='GCN', no_cuda=False, prune_thr=0.2, seed=11, selection_method='cluster_degree', target_class=0, target_loss_weight=1, test_model='GCN', thrd=0.5, train_lr=0.01, trigger_size=3, trojan_epochs=200, use_vs_number=True, vs_number=120, vs_ratio=0, weight_decay=0.0005)
Length of training set: 3943
Training benign model Finished!
Total time elapsed: 7.6791s
Benign CA: 0.8554
#Attach Nodes:120
Length of training set: 3943
=== training gcn model ===
Epoch 0, training loss: 1.1248021125793457
acc_val: 0.2035
Epoch 10, training loss: 1.035003423690796
acc_val: 0.4033
Epoch 20, training loss: 0.927193284034729
acc_val: 0.4485
Epoch 30, training loss: 0.7763608694076538
acc_val: 0.6799
Epoch 40, training loss: 0.6315062642097473
acc_val: 0.8234
Epoch 50, training loss: 0.5373746156692505
acc_val: 0.8432
Epoch 60, training loss: 0.4778428375720978
acc_val: 0.8584
Epoch 70, training loss: 0.4452494978904724
acc_val: 0.8605
Epoch 80, training loss: 0.42119717597961426
acc_val: 0.8650
Epoch 90, training loss: 0.39013707637786865
acc_val: 0.8681
Epoch 100, training loss: 0.3752491772174835
acc_val: 0.8645
Epoch 110, training loss: 0.3645612299442291
acc_val: 0.8706
Epoch 120, training loss: 0.35561293363571167
acc_val: 0.8737
Epoch 130, training loss: 0.343610018491745
acc_val: 0.8701
Epoch 140, training loss: 0.3386012315750122
acc_val: 0.8737
Epoch 150, training loss: 0.33879876136779785
acc_val: 0.8747
Epoch 160, training loss: 0.3325311839580536
acc_val: 0.8757
Epoch 170, training loss: 0.3179633915424347
acc_val: 0.8772
Epoch 180, training loss: 0.3197590708732605
acc_val: 0.8752
Epoch 190, training loss: 0.3232661485671997
acc_val: 0.8721
=== picking the best model according to the performance on validation ===
Training encoder Finished!
Total time elapsed: 4.2327s
Encoder CA on clean test nodes: 0.8539
idx_sing_class [    0     1     4 ... 19700 19702 19704]
current_class_size 60
./selected_nodes/Pubmed/Seperate/seed11/class_1.txt
[ 2622.  7012.  6767. ... 16214.   903. 11450.]
idx_sing_class [    3     5     6 ... 19712 19714 19716]
current_class_size 60
./selected_nodes/Pubmed/Seperate/seed11/class_2.txt
[ 6834. 13199.   694. ...   580. 15548.  1205.]
idx_attach: tensor([ 2622,  7012,  6767,  6293,  8622, 11151, 12196,  1176, 14578, 19257,
         3121, 15916, 12852, 14851,  4210,  8071, 14236, 14840,  9493, 17390,
         7813, 13439,   821,  8004, 16238,  4045, 19558, 13923,  7882,  1387,
        12315, 10536, 13771,  5719,  4805, 13514,  6550,  2934,  1179, 17817,
         8118, 14852,  3001,  7614, 14102, 11837,  1558, 17589,  8452, 19534,
         2644, 16296,  6257,  7647, 10700,   481,  1975,  6959, 14323,   562,
         6834, 13199,   694, 11009, 10937,  9532, 17660, 11005,  7654,   688,
        13329, 11718,  5292,  7776, 16845,  1376,  9680, 10614,  7241, 13777,
         9859,  7324, 11287, 15213, 14826, 19461, 19272, 14959, 16090,  2471,
        16713, 19611,  1605,  2221,   198, 18061, 19459,  2313, 10567, 19026,
        14505, 14001, 14363, 13433, 18583,  7434,  3458, 17134, 18056,  4498,
        15214,  2056,  7502, 13587,  7582, 14050,  1458,  4244,   303, 19110],
       device='cuda:3')
Epoch 0, loss_inner: 1.09906, loss_target: 1.08541, homo loss: 0.48604 
acc_train_clean: 0.3475, ASR_train_attach: 0.0000, ASR_train_outter: 0.3133
Epoch 10, loss_inner: 0.95553, loss_target: 0.85273, homo loss: 0.22211 
acc_train_clean: 0.6520, ASR_train_attach: 1.0000, ASR_train_outter: 0.9937
Epoch 20, loss_inner: 0.96157, loss_target: 0.74320, homo loss: 0.22269 
acc_train_clean: 0.7456, ASR_train_attach: 0.0000, ASR_train_outter: 0.9905
Epoch 30, loss_inner: 0.87735, loss_target: 1.10524, homo loss: 0.26169 
acc_train_clean: 0.7702, ASR_train_attach: 1.0000, ASR_train_outter: 1.0000
Epoch 40, loss_inner: 0.77365, loss_target: 0.72234, homo loss: 0.22801 
acc_train_clean: 0.7040, ASR_train_attach: 1.0000, ASR_train_outter: 0.9953
Epoch 50, loss_inner: 0.71320, loss_target: 0.64839, homo loss: 0.20132 
acc_train_clean: 0.8075, ASR_train_attach: 0.9833, ASR_train_outter: 0.9778
Epoch 60, loss_inner: 0.66770, loss_target: 0.60351, homo loss: 0.17079 
acc_train_clean: 0.8248, ASR_train_attach: 0.9750, ASR_train_outter: 0.9684
Epoch 70, loss_inner: 0.62724, loss_target: 0.56885, homo loss: 0.11860 
acc_train_clean: 0.8288, ASR_train_attach: 0.9583, ASR_train_outter: 0.9541
Epoch 80, loss_inner: 0.59046, loss_target: 0.53949, homo loss: 0.09650 
acc_train_clean: 0.8425, ASR_train_attach: 0.9917, ASR_train_outter: 0.9794
Epoch 90, loss_inner: 0.56077, loss_target: 0.51711, homo loss: 0.05291 
acc_train_clean: 0.8435, ASR_train_attach: 0.9500, ASR_train_outter: 0.9320
Epoch 100, loss_inner: 0.53300, loss_target: 0.49177, homo loss: 0.02819 
acc_train_clean: 0.8509, ASR_train_attach: 0.9583, ASR_train_outter: 0.9430
Epoch 110, loss_inner: 0.50876, loss_target: 0.47126, homo loss: 0.01653 
acc_train_clean: 0.8537, ASR_train_attach: 0.9417, ASR_train_outter: 0.9367
Epoch 120, loss_inner: 0.52042, loss_target: 0.65576, homo loss: 0.21241 
acc_train_clean: 0.8461, ASR_train_attach: 1.0000, ASR_train_outter: 0.9984
Epoch 130, loss_inner: 0.47277, loss_target: 0.44778, homo loss: 0.18229 
acc_train_clean: 0.8595, ASR_train_attach: 1.0000, ASR_train_outter: 0.9794
Epoch 140, loss_inner: 0.45844, loss_target: 0.43243, homo loss: 0.11955 
acc_train_clean: 0.8605, ASR_train_attach: 0.9500, ASR_train_outter: 0.9494
Epoch 150, loss_inner: 0.44663, loss_target: 0.42486, homo loss: 0.04673 
acc_train_clean: 0.8628, ASR_train_attach: 0.9250, ASR_train_outter: 0.9146
Epoch 160, loss_inner: 0.43574, loss_target: 0.41294, homo loss: 0.01108 
acc_train_clean: 0.8653, ASR_train_attach: 0.9333, ASR_train_outter: 0.9272
Epoch 170, loss_inner: 0.42277, loss_target: 0.39740, homo loss: 0.07210 
acc_train_clean: 0.8669, ASR_train_attach: 0.9917, ASR_train_outter: 0.9778
Epoch 180, loss_inner: 0.41516, loss_target: 0.39555, homo loss: 0.02817 
acc_train_clean: 0.8686, ASR_train_attach: 0.9917, ASR_train_outter: 0.9763
Epoch 190, loss_inner: 0.41049, loss_target: 0.39268, homo loss: 0.02131 
acc_train_clean: 0.8684, ASR_train_attach: 0.9333, ASR_train_outter: 0.9130
precent of left attach nodes: 1.000
Namespace(cuda=True, dataset='Pubmed', debug=True, defense_mode='prune', device_id=3, dis_weight=0.0, dropout=0.5, epochs=200, evaluate_mode='1by1', hidden=32, homo_boost_thrd=0.5, homo_loss_weight=2.0, inner=1, lr=0.01, model='GCN', no_cuda=False, prune_thr=0.2, seed=921, selection_method='cluster_degree', target_class=0, target_loss_weight=1, test_model='GCN', thrd=0.5, train_lr=0.01, trigger_size=3, trojan_epochs=200, use_vs_number=True, vs_number=120, vs_ratio=0, weight_decay=0.0005)
target class rate on Vs: 0.9667
accuracy on clean test nodes: 0.8503
Overall ASR: 0.9062
Flip ASR: 0.8829/1554 nodes
Namespace(cuda=True, dataset='Pubmed', debug=True, defense_mode='prune', device_id=3, dis_weight=0.0, dropout=0.5, epochs=200, evaluate_mode='1by1', hidden=32, homo_boost_thrd=0.5, homo_loss_weight=2.0, inner=1, lr=0.01, model='GCN', no_cuda=False, prune_thr=0.2, seed=703, selection_method='cluster_degree', target_class=0, target_loss_weight=1, test_model='GCN', thrd=0.5, train_lr=0.01, trigger_size=3, trojan_epochs=200, use_vs_number=True, vs_number=120, vs_ratio=0, weight_decay=0.0005)
target class rate on Vs: 0.9667
accuracy on clean test nodes: 0.8534
Overall ASR: 0.8930
Flip ASR: 0.8674/1554 nodes
Namespace(cuda=True, dataset='Pubmed', debug=True, defense_mode='prune', device_id=3, dis_weight=0.0, dropout=0.5, epochs=200, evaluate_mode='1by1', hidden=32, homo_boost_thrd=0.5, homo_loss_weight=2.0, inner=1, lr=0.01, model='GCN', no_cuda=False, prune_thr=0.2, seed=80, selection_method='cluster_degree', target_class=0, target_loss_weight=1, test_model='GCN', thrd=0.5, train_lr=0.01, trigger_size=3, trojan_epochs=200, use_vs_number=True, vs_number=120, vs_ratio=0, weight_decay=0.0005)
target class rate on Vs: 0.9750
accuracy on clean test nodes: 0.8564
/home/mfl5681/project-backdoor/Backdoor/models/GAT.py:61: UserWarning: To copy construct from a tensor, it is recommended to use sourceTensor.clone().detach() or sourceTensor.clone().detach().requires_grad_(True), rather than torch.tensor(sourceTensor).
  self.labels = torch.tensor(labels, dtype=torch.long)
Overall ASR: 0.9138
Flip ASR: 0.8919/1554 nodes
Namespace(cuda=True, dataset='Pubmed', debug=True, defense_mode='prune', device_id=3, dis_weight=0.0, dropout=0.5, epochs=200, evaluate_mode='1by1', hidden=32, homo_boost_thrd=0.5, homo_loss_weight=2.0, inner=1, lr=0.01, model='GCN', no_cuda=False, prune_thr=0.2, seed=91, selection_method='cluster_degree', target_class=0, target_loss_weight=1, test_model='GCN', thrd=0.5, train_lr=0.01, trigger_size=3, trojan_epochs=200, use_vs_number=True, vs_number=120, vs_ratio=0, weight_decay=0.0005)
target class rate on Vs: 0.9750
accuracy on clean test nodes: 0.8524
Overall ASR: 0.9204
Flip ASR: 0.9003/1554 nodes
Namespace(cuda=True, dataset='Pubmed', debug=True, defense_mode='prune', device_id=3, dis_weight=0.0, dropout=0.5, epochs=200, evaluate_mode='1by1', hidden=32, homo_boost_thrd=0.5, homo_loss_weight=2.0, inner=1, lr=0.01, model='GCN', no_cuda=False, prune_thr=0.2, seed=337, selection_method='cluster_degree', target_class=0, target_loss_weight=1, test_model='GCN', thrd=0.5, train_lr=0.01, trigger_size=3, trojan_epochs=200, use_vs_number=True, vs_number=120, vs_ratio=0, weight_decay=0.0005)
target class rate on Vs: 0.9667
accuracy on clean test nodes: 0.8554
Overall ASR: 0.9031
Flip ASR: 0.8790/1554 nodes
Overall ASR: 0.9073 (GCN model, Seed: 337)
Overall Clean Accuracy: 0.8536
Namespace(cuda=True, dataset='Pubmed', debug=True, defense_mode='prune', device_id=3, dis_weight=0.0, dropout=0.5, epochs=200, evaluate_mode='1by1', hidden=32, homo_boost_thrd=0.5, homo_loss_weight=2.0, inner=1, lr=0.01, model='GCN', no_cuda=False, prune_thr=0.2, seed=260, selection_method='cluster_degree', target_class=0, target_loss_weight=1, test_model='GAT', thrd=0.5, train_lr=0.01, trigger_size=3, trojan_epochs=200, use_vs_number=True, vs_number=120, vs_ratio=0, weight_decay=0.0005)
target class rate on Vs: 0.9667
accuracy on clean test nodes: 0.8311
Overall ASR: 0.8950
Flip ASR: 0.8713/1554 nodes
Namespace(cuda=True, dataset='Pubmed', debug=True, defense_mode='prune', device_id=3, dis_weight=0.0, dropout=0.5, epochs=200, evaluate_mode='1by1', hidden=32, homo_boost_thrd=0.5, homo_loss_weight=2.0, inner=1, lr=0.01, model='GCN', no_cuda=False, prune_thr=0.2, seed=66, selection_method='cluster_degree', target_class=0, target_loss_weight=1, test_model='GAT', thrd=0.5, train_lr=0.01, trigger_size=3, trojan_epochs=200, use_vs_number=True, vs_number=120, vs_ratio=0, weight_decay=0.0005)
target class rate on Vs: 0.9500
accuracy on clean test nodes: 0.8326
Overall ASR: 0.8707
Flip ASR: 0.8404/1554 nodes
Namespace(cuda=True, dataset='Pubmed', debug=True, defense_mode='prune', device_id=3, dis_weight=0.0, dropout=0.5, epochs=200, evaluate_mode='1by1', hidden=32, homo_boost_thrd=0.5, homo_loss_weight=2.0, inner=1, lr=0.01, model='GCN', no_cuda=False, prune_thr=0.2, seed=441, selection_method='cluster_degree', target_class=0, target_loss_weight=1, test_model='GAT', thrd=0.5, train_lr=0.01, trigger_size=3, trojan_epochs=200, use_vs_number=True, vs_number=120, vs_ratio=0, weight_decay=0.0005)
target class rate on Vs: 0.9583
accuracy on clean test nodes: 0.8321
Overall ASR: 0.8783
Flip ASR: 0.8501/1554 nodes
Namespace(cuda=True, dataset='Pubmed', debug=True, defense_mode='prune', device_id=3, dis_weight=0.0, dropout=0.5, epochs=200, evaluate_mode='1by1', hidden=32, homo_boost_thrd=0.5, homo_loss_weight=2.0, inner=1, lr=0.01, model='GCN', no_cuda=False, prune_thr=0.2, seed=443, selection_method='cluster_degree', target_class=0, target_loss_weight=1, test_model='GAT', thrd=0.5, train_lr=0.01, trigger_size=3, trojan_epochs=200, use_vs_number=True, vs_number=120, vs_ratio=0, weight_decay=0.0005)
target class rate on Vs: 1.0000
accuracy on clean test nodes: 0.8285
Overall ASR: 0.9655
Flip ASR: 0.9569/1554 nodes
Namespace(cuda=True, dataset='Pubmed', debug=True, defense_mode='prune', device_id=3, dis_weight=0.0, dropout=0.5, epochs=200, evaluate_mode='1by1', hidden=32, homo_boost_thrd=0.5, homo_loss_weight=2.0, inner=1, lr=0.01, model='GCN', no_cuda=False, prune_thr=0.2, seed=63, selection_method='cluster_degree', target_class=0, target_loss_weight=1, test_model='GAT', thrd=0.5, train_lr=0.01, trigger_size=3, trojan_epochs=200, use_vs_number=True, vs_number=120, vs_ratio=0, weight_decay=0.0005)
target class rate on Vs: 0.9250
accuracy on clean test nodes: 0.8295
Overall ASR: 0.7880
Flip ASR: 0.7413/1554 nodes
Overall ASR: 0.8795 (GAT model, Seed: 63)
Overall Clean Accuracy: 0.8307
Namespace(cuda=True, dataset='Pubmed', debug=True, defense_mode='prune', device_id=3, dis_weight=0.0, dropout=0.5, epochs=200, evaluate_mode='1by1', hidden=32, homo_boost_thrd=0.5, homo_loss_weight=2.0, inner=1, lr=0.01, model='GCN', no_cuda=False, prune_thr=0.2, seed=44, selection_method='cluster_degree', target_class=0, target_loss_weight=1, test_model='GraphSage', thrd=0.5, train_lr=0.01, trigger_size=3, trojan_epochs=200, use_vs_number=True, vs_number=120, vs_ratio=0, weight_decay=0.0005)
target class rate on Vs: 0.9417
accuracy on clean test nodes: 0.8610
Overall ASR: 0.8631
Flip ASR: 0.8301/1554 nodes
Namespace(cuda=True, dataset='Pubmed', debug=True, defense_mode='prune', device_id=3, dis_weight=0.0, dropout=0.5, epochs=200, evaluate_mode='1by1', hidden=32, homo_boost_thrd=0.5, homo_loss_weight=2.0, inner=1, lr=0.01, model='GCN', no_cuda=False, prune_thr=0.2, seed=116, selection_method='cluster_degree', target_class=0, target_loss_weight=1, test_model='GraphSage', thrd=0.5, train_lr=0.01, trigger_size=3, trojan_epochs=200, use_vs_number=True, vs_number=120, vs_ratio=0, weight_decay=0.0005)
target class rate on Vs: 0.9500
accuracy on clean test nodes: 0.8625
Overall ASR: 0.8717
Flip ASR: 0.8404/1554 nodes
Namespace(cuda=True, dataset='Pubmed', debug=True, defense_mode='prune', device_id=3, dis_weight=0.0, dropout=0.5, epochs=200, evaluate_mode='1by1', hidden=32, homo_boost_thrd=0.5, homo_loss_weight=2.0, inner=1, lr=0.01, model='GCN', no_cuda=False, prune_thr=0.2, seed=139, selection_method='cluster_degree', target_class=0, target_loss_weight=1, test_model='GraphSage', thrd=0.5, train_lr=0.01, trigger_size=3, trojan_epochs=200, use_vs_number=True, vs_number=120, vs_ratio=0, weight_decay=0.0005)
target class rate on Vs: 0.9417
accuracy on clean test nodes: 0.8600
Overall ASR: 0.8616
Flip ASR: 0.8282/1554 nodes
Namespace(cuda=True, dataset='Pubmed', debug=True, defense_mode='prune', device_id=3, dis_weight=0.0, dropout=0.5, epochs=200, evaluate_mode='1by1', hidden=32, homo_boost_thrd=0.5, homo_loss_weight=2.0, inner=1, lr=0.01, model='GCN', no_cuda=False, prune_thr=0.2, seed=215, selection_method='cluster_degree', target_class=0, target_loss_weight=1, test_model='GraphSage', thrd=0.5, train_lr=0.01, trigger_size=3, trojan_epochs=200, use_vs_number=True, vs_number=120, vs_ratio=0, weight_decay=0.0005)
target class rate on Vs: 0.9417
accuracy on clean test nodes: 0.8605
Overall ASR: 0.8707
Flip ASR: 0.8398/1554 nodes
Namespace(cuda=True, dataset='Pubmed', debug=True, defense_mode='prune', device_id=3, dis_weight=0.0, dropout=0.5, epochs=200, evaluate_mode='1by1', hidden=32, homo_boost_thrd=0.5, homo_loss_weight=2.0, inner=1, lr=0.01, model='GCN', no_cuda=False, prune_thr=0.2, seed=338, selection_method='cluster_degree', target_class=0, target_loss_weight=1, test_model='GraphSage', thrd=0.5, train_lr=0.01, trigger_size=3, trojan_epochs=200, use_vs_number=True, vs_number=120, vs_ratio=0, weight_decay=0.0005)
target class rate on Vs: 0.9417
accuracy on clean test nodes: 0.8640
Overall ASR: 0.8697
Flip ASR: 0.8385/1554 nodes
Overall ASR: 0.8673 (GraphSage model, Seed: 338)
Overall Clean Accuracy: 0.8616
Total Overall ASR: 0.8847 
Total Clean Accuracy: 0.8486
