nohup: ignoring input
run_adaptive.py:8: DeprecationWarning: the imp module is deprecated in favour of importlib; see the module's documentation for alternative uses
  import imp
Namespace(cuda=True, dataset='Pubmed', debug=True, defense_mode='none', device_id=1, dis_weight=0.0, dropout=0.5, epochs=200, evaluate_mode='1by1', hidden=32, homo_boost_thrd=0.5, homo_loss_weight=0.0, inner=1, lr=0.01, model='GCN', no_cuda=False, prune_thr=0.8, seed=10, selection_method='cluster_degree', target_class=0, target_loss_weight=1, test_model='GCN', thrd=0.5, train_lr=0.01, trigger_size=3, trojan_epochs=500, use_vs_number=True, vs_number=40, vs_ratio=0, weight_decay=0.0005)
#Attach Nodes:40
Length of training set: 3943
=== training gcn model ===
Epoch 0, training loss: 1.0969727039337158
acc_val: 0.4039
Epoch 10, training loss: 1.0288714170455933
acc_val: 0.6398
Epoch 20, training loss: 0.8768908977508545
acc_val: 0.6768
Epoch 30, training loss: 0.6742265820503235
acc_val: 0.7012
Epoch 40, training loss: 0.5647508502006531
acc_val: 0.8376
Epoch 50, training loss: 0.4839770495891571
acc_val: 0.8534
Epoch 60, training loss: 0.4659801721572876
acc_val: 0.8590
Epoch 70, training loss: 0.41184499859809875
acc_val: 0.8666
Epoch 80, training loss: 0.38867178559303284
acc_val: 0.8676
Epoch 90, training loss: 0.3762264847755432
acc_val: 0.8711
Epoch 100, training loss: 0.36153069138526917
acc_val: 0.8676
Epoch 110, training loss: 0.34779059886932373
acc_val: 0.8732
Epoch 120, training loss: 0.34491586685180664
acc_val: 0.8737
Epoch 130, training loss: 0.3362544775009155
acc_val: 0.8737
Epoch 140, training loss: 0.3328704535961151
acc_val: 0.8752
Epoch 150, training loss: 0.3277846574783325
acc_val: 0.8782
Epoch 160, training loss: 0.3288706839084625
acc_val: 0.8762
Epoch 170, training loss: 0.3083057105541229
acc_val: 0.8737
Epoch 180, training loss: 0.29888275265693665
acc_val: 0.8747
Epoch 190, training loss: 0.301488995552063
acc_val: 0.8772
=== picking the best model according to the performance on validation ===
Training encoder Finished!
Total time elapsed: 2.0658s
Encoder CA on clean test nodes: 0.8539
idx_sing_class [    0     1     4 ... 19700 19702 19704]
current_class_size 20
./selected_nodes/Pubmed/Seperate/seed10/class_1.txt
[ 5104. 15916. 14578. ...  4058.   903. 11450.]
idx_sing_class [    3     5     6 ... 19712 19714 19716]
current_class_size 20
./selected_nodes/Pubmed/Seperate/seed10/class_2.txt
[11009.  2782. 11343. ...  8626. 15548.  1205.]
idx_attach: tensor([ 5104, 15916, 14578,  9040, 14315, 14910,  7647,  7098, 11534,  7803,
        10837, 18637, 19544,   821,  4899, 18597, 14851,  9145, 13907, 10814,
        11009,  2782, 11343, 14528, 19272,  6196, 16600, 17595, 17660,  9488,
         2471,  3489,  7324, 19307,  7825,   688,  2799,  6114,  4498, 13749],
       device='cuda:1')
tensor([    1,     2,     3,  ..., 19712, 19714, 19716], device='cuda:1')
Epoch 0, loss_inner: 1.09870, loss_target: 1.08898, homo loss: 0.00000 
acc_train_clean: 0.3190, ASR_train_attach: 0.9000, ASR_train_outter: 0.1268
Epoch 10, loss_inner: 0.96888, loss_target: 0.86375, homo loss: 0.00000 
acc_train_clean: 0.6566, ASR_train_attach: 1.0000, ASR_train_outter: 0.9891
Epoch 20, loss_inner: 0.83616, loss_target: 0.74669, homo loss: 0.00000 
acc_train_clean: 0.7705, ASR_train_attach: 0.9750, ASR_train_outter: 0.9909
Epoch 30, loss_inner: 0.70261, loss_target: 0.64919, homo loss: 0.00000 
acc_train_clean: 0.8212, ASR_train_attach: 0.9750, ASR_train_outter: 0.9891
Epoch 40, loss_inner: 0.59849, loss_target: 0.54818, homo loss: 0.00000 
acc_train_clean: 0.8395, ASR_train_attach: 0.9250, ASR_train_outter: 0.9728
Epoch 50, loss_inner: 0.53334, loss_target: 0.54513, homo loss: 0.00000 
acc_train_clean: 0.8455, ASR_train_attach: 1.0000, ASR_train_outter: 1.0000
Epoch 60, loss_inner: 0.50019, loss_target: 0.47403, homo loss: 0.00000 
acc_train_clean: 0.8547, ASR_train_attach: 0.8250, ASR_train_outter: 0.9076
Epoch 70, loss_inner: 0.47029, loss_target: 0.44387, homo loss: 0.00000 
acc_train_clean: 0.8567, ASR_train_attach: 0.9250, ASR_train_outter: 0.9692
Epoch 80, loss_inner: 0.44546, loss_target: 0.41279, homo loss: 0.00000 
acc_train_clean: 0.8625, ASR_train_attach: 0.9000, ASR_train_outter: 0.9620
Epoch 90, loss_inner: 0.42745, loss_target: 0.39332, homo loss: 0.00000 
acc_train_clean: 0.8671, ASR_train_attach: 0.8750, ASR_train_outter: 0.9583
Epoch 100, loss_inner: 0.41667, loss_target: 0.44334, homo loss: 0.00000 
acc_train_clean: 0.8663, ASR_train_attach: 1.0000, ASR_train_outter: 1.0000
Epoch 110, loss_inner: 0.40340, loss_target: 0.38043, homo loss: 0.00000 
acc_train_clean: 0.8709, ASR_train_attach: 0.9250, ASR_train_outter: 0.9692
Epoch 120, loss_inner: 0.39341, loss_target: 0.36153, homo loss: 0.00000 
acc_train_clean: 0.8727, ASR_train_attach: 0.9000, ASR_train_outter: 0.9638
Epoch 130, loss_inner: 0.38571, loss_target: 0.35386, homo loss: 0.00000 
acc_train_clean: 0.8747, ASR_train_attach: 0.9750, ASR_train_outter: 0.9783
Epoch 140, loss_inner: 0.37933, loss_target: 0.35163, homo loss: 0.00000 
acc_train_clean: 0.8765, ASR_train_attach: 1.0000, ASR_train_outter: 0.9601
Epoch 150, loss_inner: 0.37437, loss_target: 0.36687, homo loss: 0.00000 
acc_train_clean: 0.8773, ASR_train_attach: 1.0000, ASR_train_outter: 0.9801
Epoch 160, loss_inner: 0.36887, loss_target: 0.34724, homo loss: 0.00000 
acc_train_clean: 0.8800, ASR_train_attach: 1.0000, ASR_train_outter: 0.9855
Epoch 170, loss_inner: 0.36426, loss_target: 0.33507, homo loss: 0.00000 
acc_train_clean: 0.8823, ASR_train_attach: 1.0000, ASR_train_outter: 0.9819
Epoch 180, loss_inner: 0.36628, loss_target: 0.42366, homo loss: 0.00000 
acc_train_clean: 0.8790, ASR_train_attach: 1.0000, ASR_train_outter: 0.9946
Epoch 190, loss_inner: 0.35934, loss_target: 0.33350, homo loss: 0.00000 
acc_train_clean: 0.8821, ASR_train_attach: 0.9000, ASR_train_outter: 0.9601
Epoch 200, loss_inner: 0.35509, loss_target: 0.32555, homo loss: 0.00000 
acc_train_clean: 0.8836, ASR_train_attach: 0.9000, ASR_train_outter: 0.9656
Epoch 210, loss_inner: 0.35121, loss_target: 0.31964, homo loss: 0.00000 
acc_train_clean: 0.8849, ASR_train_attach: 1.0000, ASR_train_outter: 0.9801
Epoch 220, loss_inner: 0.34863, loss_target: 0.31576, homo loss: 0.00000 
acc_train_clean: 0.8854, ASR_train_attach: 1.0000, ASR_train_outter: 0.9909
Epoch 230, loss_inner: 0.38719, loss_target: 0.94649, homo loss: 0.00000 
acc_train_clean: 0.8770, ASR_train_attach: 1.0000, ASR_train_outter: 1.0000
Epoch 240, loss_inner: 0.39972, loss_target: 0.64944, homo loss: 0.00000 
acc_train_clean: 0.8800, ASR_train_attach: 0.2250, ASR_train_outter: 0.3623
Epoch 250, loss_inner: 0.35293, loss_target: 0.33868, homo loss: 0.00000 
acc_train_clean: 0.8811, ASR_train_attach: 0.9250, ASR_train_outter: 0.9801
Epoch 260, loss_inner: 0.34361, loss_target: 0.32369, homo loss: 0.00000 
acc_train_clean: 0.8854, ASR_train_attach: 1.0000, ASR_train_outter: 0.9601
Epoch 270, loss_inner: 0.34011, loss_target: 0.31773, homo loss: 0.00000 
acc_train_clean: 0.8861, ASR_train_attach: 1.0000, ASR_train_outter: 0.9891
Epoch 280, loss_inner: 0.33830, loss_target: 0.30874, homo loss: 0.00000 
acc_train_clean: 0.8864, ASR_train_attach: 0.9500, ASR_train_outter: 0.9837
Epoch 290, loss_inner: 0.33665, loss_target: 0.30858, homo loss: 0.00000 
acc_train_clean: 0.8879, ASR_train_attach: 1.0000, ASR_train_outter: 0.9964
Epoch 300, loss_inner: 0.33515, loss_target: 0.30610, homo loss: 0.00000 
acc_train_clean: 0.8871, ASR_train_attach: 1.0000, ASR_train_outter: 0.9964
Epoch 310, loss_inner: 0.33417, loss_target: 0.30318, homo loss: 0.00000 
acc_train_clean: 0.8871, ASR_train_attach: 0.9500, ASR_train_outter: 0.9692
Epoch 320, loss_inner: 0.33311, loss_target: 0.31723, homo loss: 0.00000 
acc_train_clean: 0.8869, ASR_train_attach: 1.0000, ASR_train_outter: 0.9982
Epoch 330, loss_inner: 0.33153, loss_target: 0.30384, homo loss: 0.00000 
acc_train_clean: 0.8874, ASR_train_attach: 1.0000, ASR_train_outter: 0.9928
Epoch 340, loss_inner: 0.33026, loss_target: 0.29829, homo loss: 0.00000 
acc_train_clean: 0.8879, ASR_train_attach: 1.0000, ASR_train_outter: 0.9909
Epoch 350, loss_inner: 0.32914, loss_target: 0.29660, homo loss: 0.00000 
acc_train_clean: 0.8879, ASR_train_attach: 1.0000, ASR_train_outter: 0.9909
Epoch 360, loss_inner: 0.32815, loss_target: 0.29544, homo loss: 0.00000 
acc_train_clean: 0.8884, ASR_train_attach: 1.0000, ASR_train_outter: 0.9909
Epoch 370, loss_inner: 0.33334, loss_target: 0.40712, homo loss: 0.00000 
acc_train_clean: 0.8864, ASR_train_attach: 1.0000, ASR_train_outter: 1.0000
Epoch 380, loss_inner: 0.32890, loss_target: 0.32331, homo loss: 0.00000 
acc_train_clean: 0.8869, ASR_train_attach: 1.0000, ASR_train_outter: 0.9837
Epoch 390, loss_inner: 0.32896, loss_target: 0.30787, homo loss: 0.00000 
acc_train_clean: 0.8894, ASR_train_attach: 0.8750, ASR_train_outter: 0.9565
Epoch 400, loss_inner: 0.32661, loss_target: 0.29826, homo loss: 0.00000 
acc_train_clean: 0.8899, ASR_train_attach: 0.9750, ASR_train_outter: 0.9692
Epoch 410, loss_inner: 0.32465, loss_target: 0.29420, homo loss: 0.00000 
acc_train_clean: 0.8897, ASR_train_attach: 1.0000, ASR_train_outter: 0.9819
Epoch 420, loss_inner: 0.32363, loss_target: 0.29195, homo loss: 0.00000 
acc_train_clean: 0.8902, ASR_train_attach: 1.0000, ASR_train_outter: 0.9909
Epoch 430, loss_inner: 0.32280, loss_target: 0.29092, homo loss: 0.00000 
acc_train_clean: 0.8909, ASR_train_attach: 1.0000, ASR_train_outter: 0.9909
Epoch 440, loss_inner: 0.32249, loss_target: 0.29192, homo loss: 0.00000 
acc_train_clean: 0.8909, ASR_train_attach: 0.9500, ASR_train_outter: 0.9783
Epoch 450, loss_inner: 0.32226, loss_target: 0.29190, homo loss: 0.00000 
acc_train_clean: 0.8922, ASR_train_attach: 1.0000, ASR_train_outter: 0.9764
Epoch 460, loss_inner: 0.34868, loss_target: 0.31721, homo loss: 0.00000 
acc_train_clean: 0.8866, ASR_train_attach: 0.3750, ASR_train_outter: 0.9511
Epoch 470, loss_inner: 0.40255, loss_target: 0.84645, homo loss: 0.00000 
acc_train_clean: 0.8691, ASR_train_attach: 1.0000, ASR_train_outter: 1.0000
Epoch 480, loss_inner: 0.39380, loss_target: 0.66341, homo loss: 0.00000 
acc_train_clean: 0.8704, ASR_train_attach: 1.0000, ASR_train_outter: 1.0000
Epoch 490, loss_inner: 0.34967, loss_target: 0.34022, homo loss: 0.00000 
acc_train_clean: 0.8788, ASR_train_attach: 0.8500, ASR_train_outter: 0.9475
load best weight based on the loss outter
precent of left attach nodes: 1.000
Namespace(cuda=True, dataset='Pubmed', debug=True, defense_mode='none', device_id=1, dis_weight=0.0, dropout=0.5, epochs=200, evaluate_mode='1by1', hidden=32, homo_boost_thrd=0.5, homo_loss_weight=0.0, inner=1, lr=0.01, model='GCN', no_cuda=False, prune_thr=0.8, seed=265, selection_method='cluster_degree', target_class=0, target_loss_weight=1, test_model='GCN', thrd=0.5, train_lr=0.01, trigger_size=3, trojan_epochs=500, use_vs_number=True, vs_number=40, vs_ratio=0, weight_decay=0.0005)
target class rate on Vs: 0.9750
accuracy on clean test nodes: 0.8447
Overall ASR: 0.9320
Flip ASR: 0.9144/1554 nodes
Namespace(cuda=True, dataset='Pubmed', debug=True, defense_mode='none', device_id=1, dis_weight=0.0, dropout=0.5, epochs=200, evaluate_mode='1by1', hidden=32, homo_boost_thrd=0.5, homo_loss_weight=0.0, inner=1, lr=0.01, model='GCN', no_cuda=False, prune_thr=0.8, seed=125, selection_method='cluster_degree', target_class=0, target_loss_weight=1, test_model='GCN', thrd=0.5, train_lr=0.01, trigger_size=3, trojan_epochs=500, use_vs_number=True, vs_number=40, vs_ratio=0, weight_decay=0.0005)
target class rate on Vs: 0.9750
accuracy on clean test nodes: 0.8503
Overall ASR: 0.9184
Flip ASR: 0.8990/1554 nodes
Namespace(cuda=True, dataset='Pubmed', debug=True, defense_mode='none', device_id=1, dis_weight=0.0, dropout=0.5, epochs=200, evaluate_mode='1by1', hidden=32, homo_boost_thrd=0.5, homo_loss_weight=0.0, inner=1, lr=0.01, model='GCN', no_cuda=False, prune_thr=0.8, seed=996, selection_method='cluster_degree', target_class=0, target_loss_weight=1, test_model='GCN', thrd=0.5, train_lr=0.01, trigger_size=3, trojan_epochs=500, use_vs_number=True, vs_number=40, vs_ratio=0, weight_decay=0.0005)
target class rate on Vs: 0.9250
accuracy on clean test nodes: 0.8498
Overall ASR: 0.9209
Flip ASR: 0.9015/1554 nodes
Namespace(cuda=True, dataset='Pubmed', debug=True, defense_mode='none', device_id=1, dis_weight=0.0, dropout=0.5, epochs=200, evaluate_mode='1by1', hidden=32, homo_boost_thrd=0.5, homo_loss_weight=0.0, inner=1, lr=0.01, model='GCN', no_cuda=False, prune_thr=0.8, seed=527, selection_method='cluster_degree', target_class=0, target_loss_weight=1, test_model='GCN', thrd=0.5, train_lr=0.01, trigger_size=3, trojan_epochs=500, use_vs_number=True, vs_number=40, vs_ratio=0, weight_decay=0.0005)
target class rate on Vs: 0.9750
accuracy on clean test nodes: 0.8498
Overall ASR: 0.9270
Flip ASR: 0.9080/1554 nodes
Namespace(cuda=True, dataset='Pubmed', debug=True, defense_mode='none', device_id=1, dis_weight=0.0, dropout=0.5, epochs=200, evaluate_mode='1by1', hidden=32, homo_boost_thrd=0.5, homo_loss_weight=0.0, inner=1, lr=0.01, model='GCN', no_cuda=False, prune_thr=0.8, seed=320, selection_method='cluster_degree', target_class=0, target_loss_weight=1, test_model='GCN', thrd=0.5, train_lr=0.01, trigger_size=3, trojan_epochs=500, use_vs_number=True, vs_number=40, vs_ratio=0, weight_decay=0.0005)
target class rate on Vs: 0.9500
accuracy on clean test nodes: 0.8498
Overall ASR: 0.9219
Flip ASR: 0.9035/1554 nodes
Overall ASR: 0.9240 (GCN model, Seed: 320)
Overall Clean Accuracy: 0.8489
Namespace(cuda=True, dataset='Pubmed', debug=True, defense_mode='none', device_id=1, dis_weight=0.0, dropout=0.5, epochs=200, evaluate_mode='1by1', hidden=32, homo_boost_thrd=0.5, homo_loss_weight=0.0, inner=1, lr=0.01, model='GCN', no_cuda=False, prune_thr=0.8, seed=781, selection_method='cluster_degree', target_class=0, target_loss_weight=1, test_model='GAT', thrd=0.5, train_lr=0.01, trigger_size=3, trojan_epochs=500, use_vs_number=True, vs_number=40, vs_ratio=0, weight_decay=0.0005)
/home/project-graph-backdoor/Backdoor/models/GAT.py:61: UserWarning: To copy construct from a tensor, it is recommended to use sourceTensor.clone().detach() or sourceTensor.clone().detach().requires_grad_(True), rather than torch.tensor(sourceTensor).
  self.labels = torch.tensor(labels, dtype=torch.long)
target class rate on Vs: 0.8250
accuracy on clean test nodes: 0.8412
Overall ASR: 0.8347
Flip ASR: 0.7954/1554 nodes
Namespace(cuda=True, dataset='Pubmed', debug=True, defense_mode='none', device_id=1, dis_weight=0.0, dropout=0.5, epochs=200, evaluate_mode='1by1', hidden=32, homo_boost_thrd=0.5, homo_loss_weight=0.0, inner=1, lr=0.01, model='GCN', no_cuda=False, prune_thr=0.8, seed=706, selection_method='cluster_degree', target_class=0, target_loss_weight=1, test_model='GAT', thrd=0.5, train_lr=0.01, trigger_size=3, trojan_epochs=500, use_vs_number=True, vs_number=40, vs_ratio=0, weight_decay=0.0005)
target class rate on Vs: 0.8750
accuracy on clean test nodes: 0.8392
Overall ASR: 0.8707
Flip ASR: 0.8411/1554 nodes
Namespace(cuda=True, dataset='Pubmed', debug=True, defense_mode='none', device_id=1, dis_weight=0.0, dropout=0.5, epochs=200, evaluate_mode='1by1', hidden=32, homo_boost_thrd=0.5, homo_loss_weight=0.0, inner=1, lr=0.01, model='GCN', no_cuda=False, prune_thr=0.8, seed=778, selection_method='cluster_degree', target_class=0, target_loss_weight=1, test_model='GAT', thrd=0.5, train_lr=0.01, trigger_size=3, trojan_epochs=500, use_vs_number=True, vs_number=40, vs_ratio=0, weight_decay=0.0005)
target class rate on Vs: 1.0000
accuracy on clean test nodes: 0.8458
Overall ASR: 0.9346
Flip ASR: 0.9176/1554 nodes
Namespace(cuda=True, dataset='Pubmed', debug=True, defense_mode='none', device_id=1, dis_weight=0.0, dropout=0.5, epochs=200, evaluate_mode='1by1', hidden=32, homo_boost_thrd=0.5, homo_loss_weight=0.0, inner=1, lr=0.01, model='GCN', no_cuda=False, prune_thr=0.8, seed=604, selection_method='cluster_degree', target_class=0, target_loss_weight=1, test_model='GAT', thrd=0.5, train_lr=0.01, trigger_size=3, trojan_epochs=500, use_vs_number=True, vs_number=40, vs_ratio=0, weight_decay=0.0005)
target class rate on Vs: 1.0000
accuracy on clean test nodes: 0.8427
Overall ASR: 0.8971
Flip ASR: 0.8726/1554 nodes
Namespace(cuda=True, dataset='Pubmed', debug=True, defense_mode='none', device_id=1, dis_weight=0.0, dropout=0.5, epochs=200, evaluate_mode='1by1', hidden=32, homo_boost_thrd=0.5, homo_loss_weight=0.0, inner=1, lr=0.01, model='GCN', no_cuda=False, prune_thr=0.8, seed=133, selection_method='cluster_degree', target_class=0, target_loss_weight=1, test_model='GAT', thrd=0.5, train_lr=0.01, trigger_size=3, trojan_epochs=500, use_vs_number=True, vs_number=40, vs_ratio=0, weight_decay=0.0005)
target class rate on Vs: 1.0000
accuracy on clean test nodes: 0.8432
Overall ASR: 0.9782
Flip ASR: 0.9730/1554 nodes
Overall ASR: 0.9030 (GAT model, Seed: 133)
Overall Clean Accuracy: 0.8424
Namespace(cuda=True, dataset='Pubmed', debug=True, defense_mode='none', device_id=1, dis_weight=0.0, dropout=0.5, epochs=200, evaluate_mode='1by1', hidden=32, homo_boost_thrd=0.5, homo_loss_weight=0.0, inner=1, lr=0.01, model='GCN', no_cuda=False, prune_thr=0.8, seed=673, selection_method='cluster_degree', target_class=0, target_loss_weight=1, test_model='GraphSage', thrd=0.5, train_lr=0.01, trigger_size=3, trojan_epochs=500, use_vs_number=True, vs_number=40, vs_ratio=0, weight_decay=0.0005)
target class rate on Vs: 0.9500
accuracy on clean test nodes: 0.8605
Overall ASR: 0.9412
Flip ASR: 0.9273/1554 nodes
Namespace(cuda=True, dataset='Pubmed', debug=True, defense_mode='none', device_id=1, dis_weight=0.0, dropout=0.5, epochs=200, evaluate_mode='1by1', hidden=32, homo_boost_thrd=0.5, homo_loss_weight=0.0, inner=1, lr=0.01, model='GCN', no_cuda=False, prune_thr=0.8, seed=904, selection_method='cluster_degree', target_class=0, target_loss_weight=1, test_model='GraphSage', thrd=0.5, train_lr=0.01, trigger_size=3, trojan_epochs=500, use_vs_number=True, vs_number=40, vs_ratio=0, weight_decay=0.0005)
target class rate on Vs: 0.9250
accuracy on clean test nodes: 0.8595
Overall ASR: 0.9397
Flip ASR: 0.9247/1554 nodes
Namespace(cuda=True, dataset='Pubmed', debug=True, defense_mode='none', device_id=1, dis_weight=0.0, dropout=0.5, epochs=200, evaluate_mode='1by1', hidden=32, homo_boost_thrd=0.5, homo_loss_weight=0.0, inner=1, lr=0.01, model='GCN', no_cuda=False, prune_thr=0.8, seed=56, selection_method='cluster_degree', target_class=0, target_loss_weight=1, test_model='GraphSage', thrd=0.5, train_lr=0.01, trigger_size=3, trojan_epochs=500, use_vs_number=True, vs_number=40, vs_ratio=0, weight_decay=0.0005)
target class rate on Vs: 0.9250
accuracy on clean test nodes: 0.8574
Overall ASR: 0.9397
Flip ASR: 0.9254/1554 nodes
Namespace(cuda=True, dataset='Pubmed', debug=True, defense_mode='none', device_id=1, dis_weight=0.0, dropout=0.5, epochs=200, evaluate_mode='1by1', hidden=32, homo_boost_thrd=0.5, homo_loss_weight=0.0, inner=1, lr=0.01, model='GCN', no_cuda=False, prune_thr=0.8, seed=1, selection_method='cluster_degree', target_class=0, target_loss_weight=1, test_model='GraphSage', thrd=0.5, train_lr=0.01, trigger_size=3, trojan_epochs=500, use_vs_number=True, vs_number=40, vs_ratio=0, weight_decay=0.0005)
target class rate on Vs: 0.9250
accuracy on clean test nodes: 0.8579
Overall ASR: 0.9402
Flip ASR: 0.9254/1554 nodes
Namespace(cuda=True, dataset='Pubmed', debug=True, defense_mode='none', device_id=1, dis_weight=0.0, dropout=0.5, epochs=200, evaluate_mode='1by1', hidden=32, homo_boost_thrd=0.5, homo_loss_weight=0.0, inner=1, lr=0.01, model='GCN', no_cuda=False, prune_thr=0.8, seed=694, selection_method='cluster_degree', target_class=0, target_loss_weight=1, test_model='GraphSage', thrd=0.5, train_lr=0.01, trigger_size=3, trojan_epochs=500, use_vs_number=True, vs_number=40, vs_ratio=0, weight_decay=0.0005)
target class rate on Vs: 0.9500
accuracy on clean test nodes: 0.8600
Overall ASR: 0.9452
Flip ASR: 0.9318/1554 nodes
Overall ASR: 0.9412 (GraphSage model, Seed: 694)
Overall Clean Accuracy: 0.8591
Total Overall ASR: 0.9228 
Total Clean Accuracy: 0.8501
