nohup: ignoring input
Namespace(cuda=True, dataset='Pubmed', debug=True, defense_mode='prune', device_id=2, dis_weight=0.0, dropout=0.5, epochs=200, evaluate_mode='1by1', hidden=32, homo_boost_thrd=0.5, homo_loss_weight=2.0, inner=1, lr=0.01, model='GCN', no_cuda=False, prune_thr=0.2, seed=11, selection_method='cluster_degree', target_class=0, target_loss_weight=1, test_model='GCN', thrd=0.5, train_lr=0.01, trigger_size=3, trojan_epochs=200, use_vs_number=True, vs_number=60, vs_ratio=0, weight_decay=0.0005)
Length of training set: 3943
Training benign model Finished!
Total time elapsed: 16.4938s
Benign CA: 0.8554
#Attach Nodes:60
Length of training set: 3943
=== training gcn model ===
Epoch 0, training loss: 1.1248021125793457
acc_val: 0.2035
Epoch 10, training loss: 1.035003423690796
acc_val: 0.4033
Epoch 20, training loss: 0.927193284034729
acc_val: 0.4485
Epoch 30, training loss: 0.7763608694076538
acc_val: 0.6799
Epoch 40, training loss: 0.6315062642097473
acc_val: 0.8234
Epoch 50, training loss: 0.5373746156692505
acc_val: 0.8432
Epoch 60, training loss: 0.4778428375720978
acc_val: 0.8584
Epoch 70, training loss: 0.44525212049484253
acc_val: 0.8605
Epoch 80, training loss: 0.4211500883102417
acc_val: 0.8650
Epoch 90, training loss: 0.39013272523880005
acc_val: 0.8681
Epoch 100, training loss: 0.3755359649658203
acc_val: 0.8661
Epoch 110, training loss: 0.3646012544631958
acc_val: 0.8711
Epoch 120, training loss: 0.355474054813385
acc_val: 0.8732
Epoch 130, training loss: 0.34404683113098145
acc_val: 0.8701
Epoch 140, training loss: 0.33857715129852295
acc_val: 0.8727
Epoch 150, training loss: 0.33876651525497437
acc_val: 0.8747
Epoch 160, training loss: 0.33268702030181885
acc_val: 0.8757
Epoch 170, training loss: 0.3179668188095093
acc_val: 0.8782
Epoch 180, training loss: 0.3196134567260742
acc_val: 0.8752
Epoch 190, training loss: 0.3225378692150116
acc_val: 0.8721
=== picking the best model according to the performance on validation ===
Training encoder Finished!
Total time elapsed: 17.6889s
Encoder CA on clean test nodes: 0.8569
idx_sing_class [    0     1     4 ... 19700 19702 19704]
current_class_size 30
./selected_nodes/Pubmed/Seperate/seed11/class_1.txt
[ 2622.  7012.  6767. ... 16214.   903. 11450.]
idx_sing_class [    3     5     6 ... 19712 19714 19716]
current_class_size 30
./selected_nodes/Pubmed/Seperate/seed11/class_2.txt
[ 6834. 13199.   694. ...   580. 15548.  1205.]
idx_attach: tensor([ 2622,  7012,  6767,  6293,  8622, 11151, 12196,  1176, 14578, 19257,
         3121, 15916, 12852, 14851,  4210,  8071, 14236, 14840,  9493, 17390,
         7813, 13439,   821,  8004, 16238,  4045, 19558, 13923,  7882,  1387,
         6834, 13199,   694, 11009, 10937,  9532, 17660, 11005,  7654,   688,
        13329, 11718,  5292,  7776, 16845,  1376,  9680, 10614,  7241, 13777,
         9859,  7324, 11287, 15213, 14826, 19461, 19272, 14959, 16090,  2471],
       device='cuda:2')
Epoch 0, loss_inner: 1.09881, loss_target: 1.08965, homo loss: 0.48498 
acc_train_clean: 0.3467, ASR_train_attach: 0.0000, ASR_train_outter: 0.0000
Epoch 10, loss_inner: 0.96008, loss_target: 0.85560, homo loss: 0.22175 
acc_train_clean: 0.6574, ASR_train_attach: 1.0000, ASR_train_outter: 0.9948
Epoch 20, loss_inner: 0.85118, loss_target: 0.86890, homo loss: 0.21411 
acc_train_clean: 0.7811, ASR_train_attach: 1.0000, ASR_train_outter: 1.0000
Epoch 30, loss_inner: 0.75604, loss_target: 0.68248, homo loss: 0.17834 
acc_train_clean: 0.7687, ASR_train_attach: 0.9167, ASR_train_outter: 0.9301
Epoch 40, loss_inner: 0.66075, loss_target: 0.59788, homo loss: 0.12045 
acc_train_clean: 0.8339, ASR_train_attach: 0.9667, ASR_train_outter: 0.9563
Epoch 50, loss_inner: 0.58166, loss_target: 0.53389, homo loss: 0.05668 
acc_train_clean: 0.8387, ASR_train_attach: 0.8833, ASR_train_outter: 0.9161
Epoch 60, loss_inner: 0.52702, loss_target: 0.53367, homo loss: 0.18051 
acc_train_clean: 0.8430, ASR_train_attach: 1.0000, ASR_train_outter: 0.9965
Epoch 70, loss_inner: 0.48722, loss_target: 0.45077, homo loss: 0.06639 
acc_train_clean: 0.8521, ASR_train_attach: 0.9667, ASR_train_outter: 0.9738
Epoch 80, loss_inner: 0.45913, loss_target: 0.42266, homo loss: 0.02390 
acc_train_clean: 0.8595, ASR_train_attach: 0.9500, ASR_train_outter: 0.9720
Epoch 90, loss_inner: 0.44065, loss_target: 0.41165, homo loss: 0.03425 
acc_train_clean: 0.8636, ASR_train_attach: 0.8833, ASR_train_outter: 0.9248
Epoch 100, loss_inner: 0.42747, loss_target: 0.39570, homo loss: 0.04964 
acc_train_clean: 0.8610, ASR_train_attach: 0.9167, ASR_train_outter: 0.9738
Epoch 110, loss_inner: 0.41807, loss_target: 0.39736, homo loss: 0.01016 
acc_train_clean: 0.8669, ASR_train_attach: 0.8500, ASR_train_outter: 0.9108
Epoch 120, loss_inner: 0.40462, loss_target: 0.37405, homo loss: 0.00478 
acc_train_clean: 0.8699, ASR_train_attach: 0.9167, ASR_train_outter: 0.9615
Epoch 130, loss_inner: 0.40901, loss_target: 0.48244, homo loss: 0.25089 
acc_train_clean: 0.8671, ASR_train_attach: 1.0000, ASR_train_outter: 0.9965
Epoch 140, loss_inner: 0.39902, loss_target: 0.37088, homo loss: 0.06852 
acc_train_clean: 0.8666, ASR_train_attach: 1.0000, ASR_train_outter: 0.9843
Epoch 150, loss_inner: 0.39032, loss_target: 0.36468, homo loss: 0.00869 
acc_train_clean: 0.8691, ASR_train_attach: 0.9333, ASR_train_outter: 0.9476
Epoch 160, loss_inner: 0.38039, loss_target: 0.35219, homo loss: 0.00174 
acc_train_clean: 0.8757, ASR_train_attach: 0.9167, ASR_train_outter: 0.9580
Epoch 170, loss_inner: 0.37536, loss_target: 0.36080, homo loss: 0.00273 
acc_train_clean: 0.8770, ASR_train_attach: 0.8667, ASR_train_outter: 0.8864
Epoch 180, loss_inner: 0.37555, loss_target: 0.38364, homo loss: 0.16223 
acc_train_clean: 0.8750, ASR_train_attach: 1.0000, ASR_train_outter: 0.9948
Epoch 190, loss_inner: 0.38100, loss_target: 0.35769, homo loss: 0.01242 
acc_train_clean: 0.8745, ASR_train_attach: 0.9167, ASR_train_outter: 0.9248
precent of left attach nodes: 1.000
Namespace(cuda=True, dataset='Pubmed', debug=True, defense_mode='prune', device_id=2, dis_weight=0.0, dropout=0.5, epochs=200, evaluate_mode='1by1', hidden=32, homo_boost_thrd=0.5, homo_loss_weight=2.0, inner=1, lr=0.01, model='GCN', no_cuda=False, prune_thr=0.2, seed=921, selection_method='cluster_degree', target_class=0, target_loss_weight=1, test_model='GCN', thrd=0.5, train_lr=0.01, trigger_size=3, trojan_epochs=200, use_vs_number=True, vs_number=60, vs_ratio=0, weight_decay=0.0005)
target class rate on Vs: 0.9667
accuracy on clean test nodes: 0.8524
Overall ASR: 0.8920
Flip ASR: 0.8655/1554 nodes
Namespace(cuda=True, dataset='Pubmed', debug=True, defense_mode='prune', device_id=2, dis_weight=0.0, dropout=0.5, epochs=200, evaluate_mode='1by1', hidden=32, homo_boost_thrd=0.5, homo_loss_weight=2.0, inner=1, lr=0.01, model='GCN', no_cuda=False, prune_thr=0.2, seed=703, selection_method='cluster_degree', target_class=0, target_loss_weight=1, test_model='GCN', thrd=0.5, train_lr=0.01, trigger_size=3, trojan_epochs=200, use_vs_number=True, vs_number=60, vs_ratio=0, weight_decay=0.0005)
target class rate on Vs: 0.9667
accuracy on clean test nodes: 0.8529
Overall ASR: 0.8824
Flip ASR: 0.8539/1554 nodes
Namespace(cuda=True, dataset='Pubmed', debug=True, defense_mode='prune', device_id=2, dis_weight=0.0, dropout=0.5, epochs=200, evaluate_mode='1by1', hidden=32, homo_boost_thrd=0.5, homo_loss_weight=2.0, inner=1, lr=0.01, model='GCN', no_cuda=False, prune_thr=0.2, seed=80, selection_method='cluster_degree', target_class=0, target_loss_weight=1, test_model='GCN', thrd=0.5, train_lr=0.01, trigger_size=3, trojan_epochs=200, use_vs_number=True, vs_number=60, vs_ratio=0, weight_decay=0.0005)
target class rate on Vs: 0.9833
accuracy on clean test nodes: 0.8564
Overall ASR: 0.9021
Flip ASR: 0.8777/1554 nodes
