nohup: ignoring input
Namespace(cuda=True, dataset='Pubmed', debug=True, defense_mode='none', device_id=1, dis_weight=0.0, dropout=0.5, epochs=200, evaluate_mode='1by1', hidden=32, homo_boost_thrd=0.5, homo_loss_weight=1.0, inner=1, lr=0.01, model='GCN', no_cuda=False, prune_thr=0.15, seed=11, selection_method='cluster_degree', target_class=0, target_loss_weight=1, test_model='GCN', thrd=0.5, train_lr=0.01, trigger_size=3, trojan_epochs=200, use_vs_number=True, vs_number=10, vs_ratio=0, weight_decay=0.0005)
Length of training set: 3943
Training benign model Finished!
Total time elapsed: 10.6465s
Benign CA: 0.8554
#Attach Nodes:10
Length of training set: 3943
=== training gcn model ===
Epoch 0, training loss: 1.1248021125793457
acc_val: 0.2035
Epoch 10, training loss: 1.035003423690796
acc_val: 0.4033
Epoch 20, training loss: 0.9271933436393738
acc_val: 0.4485
Epoch 30, training loss: 0.7763608694076538
acc_val: 0.6799
Epoch 40, training loss: 0.6315062642097473
acc_val: 0.8234
Epoch 50, training loss: 0.5373746752738953
acc_val: 0.8432
Epoch 60, training loss: 0.4778428375720978
acc_val: 0.8584
Epoch 70, training loss: 0.44524946808815
acc_val: 0.8605
Epoch 80, training loss: 0.42119717597961426
acc_val: 0.8650
Epoch 90, training loss: 0.39013704657554626
acc_val: 0.8681
Epoch 100, training loss: 0.3752492666244507
acc_val: 0.8645
Epoch 110, training loss: 0.3645612895488739
acc_val: 0.8706
Epoch 120, training loss: 0.35561615228652954
acc_val: 0.8737
Epoch 130, training loss: 0.343599796295166
acc_val: 0.8701
Epoch 140, training loss: 0.3385893702507019
acc_val: 0.8727
Epoch 150, training loss: 0.33884504437446594
acc_val: 0.8747
Epoch 160, training loss: 0.3325934410095215
acc_val: 0.8747
Epoch 170, training loss: 0.3178918957710266
acc_val: 0.8782
Epoch 180, training loss: 0.3197687864303589
acc_val: 0.8757
Epoch 190, training loss: 0.32262587547302246
acc_val: 0.8716
=== picking the best model according to the performance on validation ===
Training encoder Finished!
Total time elapsed: 9.5496s
Encoder CA on clean test nodes: 0.8579
idx_sing_class [    0     1     4 ... 19700 19702 19704]
current_class_size 5
./selected_nodes/Pubmed/Seperate/seed11/class_1.txt
[ 2622.  7012.  6767. ... 16214.   903. 11450.]
idx_sing_class [    3     5     6 ... 19712 19714 19716]
current_class_size 5
./selected_nodes/Pubmed/Seperate/seed11/class_2.txt
[ 6834. 13199.   694. ...   580. 15548.  1205.]
idx_attach: tensor([ 2622,  7012,  6767,  6293,  8622,  6834, 13199,   694, 11009, 10937],
       device='cuda:1')
Epoch 0, loss_inner: 1.09863, loss_target: 1.09290, homo loss: 0.48385 
acc_train_clean: 0.3464, ASR_train_attach: 0.0000, ASR_train_outter: 0.0000
Epoch 10, loss_inner: 0.96084, loss_target: 0.85542, homo loss: 0.24748 
acc_train_clean: 0.6564, ASR_train_attach: 1.0000, ASR_train_outter: 0.9789
Epoch 20, loss_inner: 0.82191, loss_target: 0.74251, homo loss: 0.22436 
acc_train_clean: 0.7999, ASR_train_attach: 0.7000, ASR_train_outter: 0.9215
Epoch 30, loss_inner: 0.68966, loss_target: 0.76553, homo loss: 0.26605 
acc_train_clean: 0.8253, ASR_train_attach: 1.0000, ASR_train_outter: 1.0000
Epoch 40, loss_inner: 0.58950, loss_target: 0.56640, homo loss: 0.25476 
acc_train_clean: 0.8400, ASR_train_attach: 1.0000, ASR_train_outter: 0.9962
Epoch 50, loss_inner: 0.52609, loss_target: 0.46159, homo loss: 0.07011 
acc_train_clean: 0.8481, ASR_train_attach: 1.0000, ASR_train_outter: 1.0000
Epoch 60, loss_inner: 0.48631, loss_target: 0.42419, homo loss: 0.06728 
acc_train_clean: 0.8537, ASR_train_attach: 1.0000, ASR_train_outter: 0.9962
Epoch 70, loss_inner: 0.45894, loss_target: 0.40217, homo loss: 0.06640 
acc_train_clean: 0.8592, ASR_train_attach: 1.0000, ASR_train_outter: 0.9943
Epoch 80, loss_inner: 0.43857, loss_target: 0.38572, homo loss: 0.06341 
acc_train_clean: 0.8648, ASR_train_attach: 1.0000, ASR_train_outter: 0.9866
Epoch 90, loss_inner: 0.42277, loss_target: 0.36974, homo loss: 0.05338 
acc_train_clean: 0.8661, ASR_train_attach: 1.0000, ASR_train_outter: 0.9943
Epoch 100, loss_inner: 0.41046, loss_target: 0.36702, homo loss: 0.07563 
acc_train_clean: 0.8686, ASR_train_attach: 1.0000, ASR_train_outter: 0.9885
Epoch 110, loss_inner: 0.40008, loss_target: 0.35061, homo loss: 0.07112 
acc_train_clean: 0.8717, ASR_train_attach: 1.0000, ASR_train_outter: 0.9962
Epoch 120, loss_inner: 0.39156, loss_target: 0.34194, homo loss: 0.06980 
acc_train_clean: 0.8729, ASR_train_attach: 1.0000, ASR_train_outter: 0.9981
Epoch 130, loss_inner: 0.38438, loss_target: 0.33534, homo loss: 0.06516 
acc_train_clean: 0.8755, ASR_train_attach: 1.0000, ASR_train_outter: 0.9962
Epoch 140, loss_inner: 0.37827, loss_target: 0.32996, homo loss: 0.05488 
acc_train_clean: 0.8773, ASR_train_attach: 1.0000, ASR_train_outter: 0.9962
Epoch 150, loss_inner: 0.37328, loss_target: 0.33647, homo loss: 0.07238 
acc_train_clean: 0.8785, ASR_train_attach: 1.0000, ASR_train_outter: 0.9828
Epoch 160, loss_inner: 0.36845, loss_target: 0.32157, homo loss: 0.06910 
acc_train_clean: 0.8798, ASR_train_attach: 1.0000, ASR_train_outter: 1.0000
Epoch 170, loss_inner: 0.36417, loss_target: 0.31782, homo loss: 0.06728 
acc_train_clean: 0.8816, ASR_train_attach: 1.0000, ASR_train_outter: 0.9962
Epoch 180, loss_inner: 0.36049, loss_target: 0.31411, homo loss: 0.06160 
acc_train_clean: 0.8826, ASR_train_attach: 1.0000, ASR_train_outter: 0.9962
Epoch 190, loss_inner: 0.35727, loss_target: 0.31397, homo loss: 0.05646 
acc_train_clean: 0.8838, ASR_train_attach: 1.0000, ASR_train_outter: 0.9885
precent of left attach nodes: 1.000
Namespace(cuda=True, dataset='Pubmed', debug=True, defense_mode='none', device_id=1, dis_weight=0.0, dropout=0.5, epochs=200, evaluate_mode='1by1', hidden=32, homo_boost_thrd=0.5, homo_loss_weight=1.0, inner=1, lr=0.01, model='GCN', no_cuda=False, prune_thr=0.15, seed=921, selection_method='cluster_degree', target_class=0, target_loss_weight=1, test_model='GCN', thrd=0.5, train_lr=0.01, trigger_size=3, trojan_epochs=200, use_vs_number=True, vs_number=10, vs_ratio=0, weight_decay=0.0005)
target class rate on Vs: 1.0000
accuracy on clean test nodes: 0.8503
Overall ASR: 0.9904
Flip ASR: 0.9878/1554 nodes
Namespace(cuda=True, dataset='Pubmed', debug=True, defense_mode='none', device_id=1, dis_weight=0.0, dropout=0.5, epochs=200, evaluate_mode='1by1', hidden=32, homo_boost_thrd=0.5, homo_loss_weight=1.0, inner=1, lr=0.01, model='GCN', no_cuda=False, prune_thr=0.15, seed=703, selection_method='cluster_degree', target_class=0, target_loss_weight=1, test_model='GCN', thrd=0.5, train_lr=0.01, trigger_size=3, trojan_epochs=200, use_vs_number=True, vs_number=10, vs_ratio=0, weight_decay=0.0005)
target class rate on Vs: 1.0000
accuracy on clean test nodes: 0.8524
Overall ASR: 0.9883
Flip ASR: 0.9852/1554 nodes
Namespace(cuda=True, dataset='Pubmed', debug=True, defense_mode='none', device_id=1, dis_weight=0.0, dropout=0.5, epochs=200, evaluate_mode='1by1', hidden=32, homo_boost_thrd=0.5, homo_loss_weight=1.0, inner=1, lr=0.01, model='GCN', no_cuda=False, prune_thr=0.15, seed=80, selection_method='cluster_degree', target_class=0, target_loss_weight=1, test_model='GCN', thrd=0.5, train_lr=0.01, trigger_size=3, trojan_epochs=200, use_vs_number=True, vs_number=10, vs_ratio=0, weight_decay=0.0005)
target class rate on Vs: 1.0000
accuracy on clean test nodes: 0.8483
Overall ASR: 0.9965
Flip ASR: 0.9955/1554 nodes
Namespace(cuda=True, dataset='Pubmed', debug=True, defense_mode='none', device_id=1, dis_weight=0.0, dropout=0.5, epochs=200, evaluate_mode='1by1', hidden=32, homo_boost_thrd=0.5, homo_loss_weight=1.0, inner=1, lr=0.01, model='GCN', no_cuda=False, prune_thr=0.15, seed=91, selection_method='cluster_degree', target_class=0, target_loss_weight=1, test_model='GCN', thrd=0.5, train_lr=0.01, trigger_size=3, trojan_epochs=200, use_vs_number=True, vs_number=10, vs_ratio=0, weight_decay=0.0005)
target class rate on Vs: 1.0000
accuracy on clean test nodes: 0.8503
Overall ASR: 0.9990
Flip ASR: 0.9987/1554 nodes
/home/mfl5681/project-backdoor/Backdoor/models/GAT.py:61: UserWarning: To copy construct from a tensor, it is recommended to use sourceTensor.clone().detach() or sourceTensor.clone().detach().requires_grad_(True), rather than torch.tensor(sourceTensor).
  self.labels = torch.tensor(labels, dtype=torch.long)
Namespace(cuda=True, dataset='Pubmed', debug=True, defense_mode='none', device_id=1, dis_weight=0.0, dropout=0.5, epochs=200, evaluate_mode='1by1', hidden=32, homo_boost_thrd=0.5, homo_loss_weight=1.0, inner=1, lr=0.01, model='GCN', no_cuda=False, prune_thr=0.15, seed=337, selection_method='cluster_degree', target_class=0, target_loss_weight=1, test_model='GCN', thrd=0.5, train_lr=0.01, trigger_size=3, trojan_epochs=200, use_vs_number=True, vs_number=10, vs_ratio=0, weight_decay=0.0005)
target class rate on Vs: 1.0000
accuracy on clean test nodes: 0.8519
Overall ASR: 0.9965
Flip ASR: 0.9955/1554 nodes
Overall ASR: 0.9941 (GCN model, Seed: 337)
Overall Clean Accuracy: 0.8506
Namespace(cuda=True, dataset='Pubmed', debug=True, defense_mode='none', device_id=1, dis_weight=0.0, dropout=0.5, epochs=200, evaluate_mode='1by1', hidden=32, homo_boost_thrd=0.5, homo_loss_weight=1.0, inner=1, lr=0.01, model='GCN', no_cuda=False, prune_thr=0.15, seed=260, selection_method='cluster_degree', target_class=0, target_loss_weight=1, test_model='GAT', thrd=0.5, train_lr=0.01, trigger_size=3, trojan_epochs=200, use_vs_number=True, vs_number=10, vs_ratio=0, weight_decay=0.0005)
target class rate on Vs: 1.0000
accuracy on clean test nodes: 0.8376
Overall ASR: 1.0000
Flip ASR: 1.0000/1554 nodes
Namespace(cuda=True, dataset='Pubmed', debug=True, defense_mode='none', device_id=1, dis_weight=0.0, dropout=0.5, epochs=200, evaluate_mode='1by1', hidden=32, homo_boost_thrd=0.5, homo_loss_weight=1.0, inner=1, lr=0.01, model='GCN', no_cuda=False, prune_thr=0.15, seed=66, selection_method='cluster_degree', target_class=0, target_loss_weight=1, test_model='GAT', thrd=0.5, train_lr=0.01, trigger_size=3, trojan_epochs=200, use_vs_number=True, vs_number=10, vs_ratio=0, weight_decay=0.0005)
target class rate on Vs: 1.0000
accuracy on clean test nodes: 0.8407
Overall ASR: 1.0000
Flip ASR: 1.0000/1554 nodes
Namespace(cuda=True, dataset='Pubmed', debug=True, defense_mode='none', device_id=1, dis_weight=0.0, dropout=0.5, epochs=200, evaluate_mode='1by1', hidden=32, homo_boost_thrd=0.5, homo_loss_weight=1.0, inner=1, lr=0.01, model='GCN', no_cuda=False, prune_thr=0.15, seed=441, selection_method='cluster_degree', target_class=0, target_loss_weight=1, test_model='GAT', thrd=0.5, train_lr=0.01, trigger_size=3, trojan_epochs=200, use_vs_number=True, vs_number=10, vs_ratio=0, weight_decay=0.0005)
target class rate on Vs: 1.0000
accuracy on clean test nodes: 0.8412
Overall ASR: 1.0000
Flip ASR: 1.0000/1554 nodes
Namespace(cuda=True, dataset='Pubmed', debug=True, defense_mode='none', device_id=1, dis_weight=0.0, dropout=0.5, epochs=200, evaluate_mode='1by1', hidden=32, homo_boost_thrd=0.5, homo_loss_weight=1.0, inner=1, lr=0.01, model='GCN', no_cuda=False, prune_thr=0.15, seed=443, selection_method='cluster_degree', target_class=0, target_loss_weight=1, test_model='GAT', thrd=0.5, train_lr=0.01, trigger_size=3, trojan_epochs=200, use_vs_number=True, vs_number=10, vs_ratio=0, weight_decay=0.0005)
target class rate on Vs: 1.0000
accuracy on clean test nodes: 0.8392
Overall ASR: 1.0000
Flip ASR: 1.0000/1554 nodes
Namespace(cuda=True, dataset='Pubmed', debug=True, defense_mode='none', device_id=1, dis_weight=0.0, dropout=0.5, epochs=200, evaluate_mode='1by1', hidden=32, homo_boost_thrd=0.5, homo_loss_weight=1.0, inner=1, lr=0.01, model='GCN', no_cuda=False, prune_thr=0.15, seed=63, selection_method='cluster_degree', target_class=0, target_loss_weight=1, test_model='GAT', thrd=0.5, train_lr=0.01, trigger_size=3, trojan_epochs=200, use_vs_number=True, vs_number=10, vs_ratio=0, weight_decay=0.0005)
target class rate on Vs: 1.0000
accuracy on clean test nodes: 0.8397
Overall ASR: 1.0000
Flip ASR: 1.0000/1554 nodes
Overall ASR: 1.0000 (GAT model, Seed: 63)
Overall Clean Accuracy: 0.8397
Namespace(cuda=True, dataset='Pubmed', debug=True, defense_mode='none', device_id=1, dis_weight=0.0, dropout=0.5, epochs=200, evaluate_mode='1by1', hidden=32, homo_boost_thrd=0.5, homo_loss_weight=1.0, inner=1, lr=0.01, model='GCN', no_cuda=False, prune_thr=0.15, seed=44, selection_method='cluster_degree', target_class=0, target_loss_weight=1, test_model='GraphSage', thrd=0.5, train_lr=0.01, trigger_size=3, trojan_epochs=200, use_vs_number=True, vs_number=10, vs_ratio=0, weight_decay=0.0005)
target class rate on Vs: 0.8000
accuracy on clean test nodes: 0.8590
Overall ASR: 0.8002
Flip ASR: 0.7497/1554 nodes
Namespace(cuda=True, dataset='Pubmed', debug=True, defense_mode='none', device_id=1, dis_weight=0.0, dropout=0.5, epochs=200, evaluate_mode='1by1', hidden=32, homo_boost_thrd=0.5, homo_loss_weight=1.0, inner=1, lr=0.01, model='GCN', no_cuda=False, prune_thr=0.15, seed=116, selection_method='cluster_degree', target_class=0, target_loss_weight=1, test_model='GraphSage', thrd=0.5, train_lr=0.01, trigger_size=3, trojan_epochs=200, use_vs_number=True, vs_number=10, vs_ratio=0, weight_decay=0.0005)
target class rate on Vs: 0.8000
accuracy on clean test nodes: 0.8579
Overall ASR: 0.7916
Flip ASR: 0.7394/1554 nodes
Namespace(cuda=True, dataset='Pubmed', debug=True, defense_mode='none', device_id=1, dis_weight=0.0, dropout=0.5, epochs=200, evaluate_mode='1by1', hidden=32, homo_boost_thrd=0.5, homo_loss_weight=1.0, inner=1, lr=0.01, model='GCN', no_cuda=False, prune_thr=0.15, seed=139, selection_method='cluster_degree', target_class=0, target_loss_weight=1, test_model='GraphSage', thrd=0.5, train_lr=0.01, trigger_size=3, trojan_epochs=200, use_vs_number=True, vs_number=10, vs_ratio=0, weight_decay=0.0005)
target class rate on Vs: 0.8000
accuracy on clean test nodes: 0.8605
Overall ASR: 0.7936
Flip ASR: 0.7420/1554 nodes
Namespace(cuda=True, dataset='Pubmed', debug=True, defense_mode='none', device_id=1, dis_weight=0.0, dropout=0.5, epochs=200, evaluate_mode='1by1', hidden=32, homo_boost_thrd=0.5, homo_loss_weight=1.0, inner=1, lr=0.01, model='GCN', no_cuda=False, prune_thr=0.15, seed=215, selection_method='cluster_degree', target_class=0, target_loss_weight=1, test_model='GraphSage', thrd=0.5, train_lr=0.01, trigger_size=3, trojan_epochs=200, use_vs_number=True, vs_number=10, vs_ratio=0, weight_decay=0.0005)
target class rate on Vs: 0.8000
accuracy on clean test nodes: 0.8584
Overall ASR: 0.7743
Flip ASR: 0.7175/1554 nodes
Namespace(cuda=True, dataset='Pubmed', debug=True, defense_mode='none', device_id=1, dis_weight=0.0, dropout=0.5, epochs=200, evaluate_mode='1by1', hidden=32, homo_boost_thrd=0.5, homo_loss_weight=1.0, inner=1, lr=0.01, model='GCN', no_cuda=False, prune_thr=0.15, seed=338, selection_method='cluster_degree', target_class=0, target_loss_weight=1, test_model='GraphSage', thrd=0.5, train_lr=0.01, trigger_size=3, trojan_epochs=200, use_vs_number=True, vs_number=10, vs_ratio=0, weight_decay=0.0005)
target class rate on Vs: 0.8000
accuracy on clean test nodes: 0.8595
Overall ASR: 0.8002
Flip ASR: 0.7503/1554 nodes
Overall ASR: 0.7920 (GraphSage model, Seed: 338)
Overall Clean Accuracy: 0.8591
Total Overall ASR: 0.9287 
Total Clean Accuracy: 0.8498
