nohup: ignoring input
Namespace(cuda=True, dataset='Pubmed', debug=True, defense_mode='prune', device_id=0, dis_weight=0.0, dropout=0.5, epochs=200, evaluate_mode='1by1', hidden=32, homo_boost_thrd=0.5, homo_loss_weight=3.0, inner=1, lr=0.01, model='GCN', no_cuda=False, prune_thr=0.15, seed=11, selection_method='cluster_degree', target_class=0, target_loss_weight=1, test_model='GCN', thrd=0.5, train_lr=0.01, trigger_size=3, trojan_epochs=1000, use_vs_number=True, vs_number=60, vs_ratio=0, weight_decay=0.0005)
Length of training set: 3943
Training benign model Finished!
Total time elapsed: 2.5397s
Benign CA: 0.8554
#Attach Nodes:60
Length of training set: 3943
=== training gcn model ===
Epoch 0, training loss: 1.1248021125793457
acc_val: 0.2035
Epoch 10, training loss: 1.035003423690796
acc_val: 0.4033
Epoch 20, training loss: 0.9271933436393738
acc_val: 0.4485
Epoch 30, training loss: 0.7763608694076538
acc_val: 0.6799
Epoch 40, training loss: 0.6315062642097473
acc_val: 0.8234
Epoch 50, training loss: 0.5373746752738953
acc_val: 0.8432
Epoch 60, training loss: 0.4778428375720978
acc_val: 0.8584
Epoch 70, training loss: 0.4452494978904724
acc_val: 0.8605
Epoch 80, training loss: 0.42119717597961426
acc_val: 0.8650
Epoch 90, training loss: 0.39013704657554626
acc_val: 0.8681
Epoch 100, training loss: 0.3752492666244507
acc_val: 0.8645
Epoch 110, training loss: 0.3645612597465515
acc_val: 0.8706
Epoch 120, training loss: 0.35561615228652954
acc_val: 0.8737
Epoch 130, training loss: 0.343599796295166
acc_val: 0.8701
Epoch 140, training loss: 0.3385893702507019
acc_val: 0.8727
Epoch 150, training loss: 0.33884504437446594
acc_val: 0.8747
Epoch 160, training loss: 0.3325923979282379
acc_val: 0.8747
Epoch 170, training loss: 0.3178776502609253
acc_val: 0.8782
Epoch 180, training loss: 0.3197651505470276
acc_val: 0.8757
Epoch 190, training loss: 0.3227226138114929
acc_val: 0.8721
=== picking the best model according to the performance on validation ===
Training encoder Finished!
Total time elapsed: 2.1435s
Encoder CA on clean test nodes: 0.8579
idx_sing_class [    0     1     4 ... 19700 19702 19704]
current_class_size 30
./selected_nodes/Pubmed/Seperate/seed11/class_1.txt
[ 2622.  7012.  6767. ... 16214.   903. 11450.]
idx_sing_class [    3     5     6 ... 19712 19714 19716]
current_class_size 30
./selected_nodes/Pubmed/Seperate/seed11/class_2.txt
[ 6834. 13199.   694. ...   580. 15548.  1205.]
idx_attach: tensor([ 2622,  7012,  6767,  6293,  8622, 11151, 12196,  1176, 14578, 19257,
         3121, 15916, 12852, 14851,  4210,  8071, 14236, 14840,  9493, 17390,
         7813, 13439,   821,  8004, 16238,  4045, 19558, 13923,  7882,  1387,
         6834, 13199,   694, 11009, 10937,  9532, 17660, 11005,  7654,   688,
        13329, 11718,  5292,  7776, 16845,  1376,  9680, 10614,  7241, 13777,
         9859,  7324, 11287, 15213, 14826, 19461, 19272, 14959, 16090,  2471],
       device='cuda:0')
Epoch 0, loss_inner: 1.09881, loss_target: 1.08965, homo loss: 0.48498 
acc_train_clean: 0.3467, ASR_train_attach: 0.0000, ASR_train_outter: 0.0000
Epoch 10, loss_inner: 0.96187, loss_target: 0.85745, homo loss: 0.21621 
acc_train_clean: 0.6586, ASR_train_attach: 1.0000, ASR_train_outter: 0.9948
Epoch 20, loss_inner: 0.82879, loss_target: 0.73887, homo loss: 0.16547 
acc_train_clean: 0.7712, ASR_train_attach: 1.0000, ASR_train_outter: 0.9808
Epoch 30, loss_inner: 0.71277, loss_target: 0.66390, homo loss: 0.15165 
acc_train_clean: 0.8075, ASR_train_attach: 0.8667, ASR_train_outter: 0.8304
Epoch 40, loss_inner: 0.60552, loss_target: 0.54715, homo loss: 0.10587 
acc_train_clean: 0.8374, ASR_train_attach: 0.9667, ASR_train_outter: 0.9685
Epoch 50, loss_inner: 0.53468, loss_target: 0.49581, homo loss: 0.04635 
acc_train_clean: 0.8450, ASR_train_attach: 0.8667, ASR_train_outter: 0.9073
Epoch 60, loss_inner: 0.49207, loss_target: 0.46597, homo loss: 0.01624 
acc_train_clean: 0.8529, ASR_train_attach: 0.8833, ASR_train_outter: 0.8881
Epoch 70, loss_inner: 0.46172, loss_target: 0.42838, homo loss: 0.00559 
acc_train_clean: 0.8580, ASR_train_attach: 0.9167, ASR_train_outter: 0.9423
Epoch 80, loss_inner: 0.44602, loss_target: 0.42345, homo loss: 0.14415 
acc_train_clean: 0.8605, ASR_train_attach: 0.9167, ASR_train_outter: 0.9476
Epoch 90, loss_inner: 0.43350, loss_target: 0.40521, homo loss: 0.01553 
acc_train_clean: 0.8628, ASR_train_attach: 0.9000, ASR_train_outter: 0.9248
Epoch 100, loss_inner: 0.41738, loss_target: 0.38613, homo loss: 0.00062 
acc_train_clean: 0.8656, ASR_train_attach: 0.9333, ASR_train_outter: 0.9633
Epoch 110, loss_inner: 0.43106, loss_target: 0.59878, homo loss: 0.30989 
acc_train_clean: 0.8648, ASR_train_attach: 1.0000, ASR_train_outter: 1.0000
Epoch 120, loss_inner: 0.41003, loss_target: 0.38495, homo loss: 0.15227 
acc_train_clean: 0.8656, ASR_train_attach: 0.9000, ASR_train_outter: 0.9598
Epoch 130, loss_inner: 0.40161, loss_target: 0.37932, homo loss: 0.04498 
acc_train_clean: 0.8674, ASR_train_attach: 0.9000, ASR_train_outter: 0.9388
Epoch 140, loss_inner: 0.38808, loss_target: 0.36419, homo loss: 0.00266 
acc_train_clean: 0.8737, ASR_train_attach: 0.8833, ASR_train_outter: 0.9406
Epoch 150, loss_inner: 0.37752, loss_target: 0.34864, homo loss: 0.00041 
acc_train_clean: 0.8765, ASR_train_attach: 0.9167, ASR_train_outter: 0.9703
Epoch 160, loss_inner: 0.41862, loss_target: 0.63911, homo loss: 0.27089 
acc_train_clean: 0.8694, ASR_train_attach: 1.0000, ASR_train_outter: 0.9965
Epoch 170, loss_inner: 0.38582, loss_target: 0.37487, homo loss: 0.19297 
acc_train_clean: 0.8757, ASR_train_attach: 0.8833, ASR_train_outter: 0.9143
Epoch 180, loss_inner: 0.37584, loss_target: 0.35732, homo loss: 0.11508 
acc_train_clean: 0.8773, ASR_train_attach: 0.9167, ASR_train_outter: 0.9476
Epoch 190, loss_inner: 0.36684, loss_target: 0.35051, homo loss: 0.04902 
acc_train_clean: 0.8821, ASR_train_attach: 1.0000, ASR_train_outter: 0.9790
Epoch 200, loss_inner: 0.36311, loss_target: 0.34254, homo loss: 0.01538 
acc_train_clean: 0.8795, ASR_train_attach: 0.9667, ASR_train_outter: 0.9738
Epoch 210, loss_inner: 0.35787, loss_target: 0.33391, homo loss: 0.00143 
acc_train_clean: 0.8831, ASR_train_attach: 0.9167, ASR_train_outter: 0.9528
Epoch 220, loss_inner: 0.35472, loss_target: 0.32957, homo loss: 0.00019 
acc_train_clean: 0.8838, ASR_train_attach: 0.9167, ASR_train_outter: 0.9528
Epoch 230, loss_inner: 0.35822, loss_target: 0.35898, homo loss: 0.00002 
acc_train_clean: 0.8859, ASR_train_attach: 0.7000, ASR_train_outter: 0.8059
Epoch 240, loss_inner: 0.35711, loss_target: 0.33213, homo loss: 0.00308 
acc_train_clean: 0.8783, ASR_train_attach: 0.9000, ASR_train_outter: 0.9580
Epoch 250, loss_inner: 0.35224, loss_target: 0.32795, homo loss: 0.00083 
acc_train_clean: 0.8816, ASR_train_attach: 0.9667, ASR_train_outter: 0.9668
Epoch 260, loss_inner: 0.34535, loss_target: 0.31998, homo loss: 0.00165 
acc_train_clean: 0.8856, ASR_train_attach: 0.9333, ASR_train_outter: 0.9633
Epoch 270, loss_inner: 0.35788, loss_target: 0.42714, homo loss: 0.20218 
acc_train_clean: 0.8798, ASR_train_attach: 1.0000, ASR_train_outter: 0.9965
Epoch 280, loss_inner: 0.37951, loss_target: 0.35924, homo loss: 0.06865 
acc_train_clean: 0.8747, ASR_train_attach: 0.8500, ASR_train_outter: 0.8671
Epoch 290, loss_inner: 0.36500, loss_target: 0.34136, homo loss: 0.00074 
acc_train_clean: 0.8811, ASR_train_attach: 0.9500, ASR_train_outter: 0.9476
Epoch 300, loss_inner: 0.34740, loss_target: 0.32960, homo loss: 0.00047 
acc_train_clean: 0.8836, ASR_train_attach: 0.9000, ASR_train_outter: 0.9231
Epoch 310, loss_inner: 0.33870, loss_target: 0.31577, homo loss: 0.00103 
acc_train_clean: 0.8849, ASR_train_attach: 0.9167, ASR_train_outter: 0.9545
Epoch 320, loss_inner: 0.33721, loss_target: 0.31178, homo loss: 0.00049 
acc_train_clean: 0.8866, ASR_train_attach: 0.9333, ASR_train_outter: 0.9668
Epoch 330, loss_inner: 0.34065, loss_target: 0.32486, homo loss: 0.08113 
acc_train_clean: 0.8838, ASR_train_attach: 1.0000, ASR_train_outter: 0.9913
Epoch 340, loss_inner: 0.41688, loss_target: 0.77624, homo loss: 0.27572 
acc_train_clean: 0.8691, ASR_train_attach: 1.0000, ASR_train_outter: 1.0000
Epoch 350, loss_inner: 0.35528, loss_target: 0.34649, homo loss: 0.16627 
acc_train_clean: 0.8803, ASR_train_attach: 0.8833, ASR_train_outter: 0.9248
Epoch 360, loss_inner: 0.34679, loss_target: 0.34739, homo loss: 0.05411 
acc_train_clean: 0.8838, ASR_train_attach: 0.8833, ASR_train_outter: 0.9003
Epoch 370, loss_inner: 0.33814, loss_target: 0.31984, homo loss: 0.00621 
acc_train_clean: 0.8866, ASR_train_attach: 0.9000, ASR_train_outter: 0.9353
Epoch 380, loss_inner: 0.33466, loss_target: 0.30959, homo loss: 0.00040 
acc_train_clean: 0.8876, ASR_train_attach: 0.9167, ASR_train_outter: 0.9685
Epoch 390, loss_inner: 0.33208, loss_target: 0.30528, homo loss: 0.00021 
acc_train_clean: 0.8884, ASR_train_attach: 0.9333, ASR_train_outter: 0.9703
Epoch 400, loss_inner: 0.33032, loss_target: 0.30472, homo loss: 0.00317 
acc_train_clean: 0.8887, ASR_train_attach: 0.9500, ASR_train_outter: 0.9703
Epoch 410, loss_inner: 0.34657, loss_target: 0.35836, homo loss: 0.02901 
acc_train_clean: 0.8897, ASR_train_attach: 0.3500, ASR_train_outter: 0.7500
Epoch 420, loss_inner: 0.33408, loss_target: 0.31297, homo loss: 0.00286 
acc_train_clean: 0.8904, ASR_train_attach: 0.9667, ASR_train_outter: 0.9790
Epoch 430, loss_inner: 0.33050, loss_target: 0.30692, homo loss: 0.00000 
acc_train_clean: 0.8892, ASR_train_attach: 0.9167, ASR_train_outter: 0.9720
Epoch 440, loss_inner: 0.32797, loss_target: 0.30177, homo loss: 0.00002 
acc_train_clean: 0.8882, ASR_train_attach: 0.9500, ASR_train_outter: 0.9738
Epoch 450, loss_inner: 0.32746, loss_target: 0.30388, homo loss: 0.00569 
acc_train_clean: 0.8892, ASR_train_attach: 0.9167, ASR_train_outter: 0.9528
Epoch 460, loss_inner: 0.38257, loss_target: 0.58137, homo loss: 0.30463 
acc_train_clean: 0.8811, ASR_train_attach: 1.0000, ASR_train_outter: 1.0000
Epoch 470, loss_inner: 0.34980, loss_target: 0.34258, homo loss: 0.19419 
acc_train_clean: 0.8793, ASR_train_attach: 0.9167, ASR_train_outter: 0.9668
Epoch 480, loss_inner: 0.33826, loss_target: 0.32148, homo loss: 0.13380 
acc_train_clean: 0.8836, ASR_train_attach: 0.9167, ASR_train_outter: 0.9545
Epoch 490, loss_inner: 0.33068, loss_target: 0.31505, homo loss: 0.04293 
acc_train_clean: 0.8897, ASR_train_attach: 0.9167, ASR_train_outter: 0.9318
Epoch 500, loss_inner: 0.32824, loss_target: 0.30766, homo loss: 0.00443 
acc_train_clean: 0.8902, ASR_train_attach: 0.9000, ASR_train_outter: 0.9528
Epoch 510, loss_inner: 0.32509, loss_target: 0.29982, homo loss: 0.00045 
acc_train_clean: 0.8909, ASR_train_attach: 0.9167, ASR_train_outter: 0.9685
Epoch 520, loss_inner: 0.32317, loss_target: 0.29546, homo loss: 0.00008 
acc_train_clean: 0.8904, ASR_train_attach: 0.9333, ASR_train_outter: 0.9790
Epoch 530, loss_inner: 0.32227, loss_target: 0.29433, homo loss: 0.00144 
acc_train_clean: 0.8909, ASR_train_attach: 0.9500, ASR_train_outter: 0.9843
Epoch 540, loss_inner: 0.34173, loss_target: 0.43200, homo loss: 0.18837 
acc_train_clean: 0.8833, ASR_train_attach: 1.0000, ASR_train_outter: 0.9965
Epoch 550, loss_inner: 0.32512, loss_target: 0.30663, homo loss: 0.03147 
acc_train_clean: 0.8871, ASR_train_attach: 0.9500, ASR_train_outter: 0.9633
Epoch 560, loss_inner: 0.32516, loss_target: 0.30680, homo loss: 0.00260 
acc_train_clean: 0.8887, ASR_train_attach: 0.9000, ASR_train_outter: 0.9510
Epoch 570, loss_inner: 0.32306, loss_target: 0.29921, homo loss: 0.00043 
acc_train_clean: 0.8925, ASR_train_attach: 0.9167, ASR_train_outter: 0.9703
Epoch 580, loss_inner: 0.32078, loss_target: 0.29496, homo loss: 0.00008 
acc_train_clean: 0.8922, ASR_train_attach: 0.9167, ASR_train_outter: 0.9738
Epoch 590, loss_inner: 0.31986, loss_target: 0.29306, homo loss: 0.00008 
acc_train_clean: 0.8920, ASR_train_attach: 0.9333, ASR_train_outter: 0.9790
Epoch 600, loss_inner: 0.32004, loss_target: 0.29442, homo loss: 0.00010 
acc_train_clean: 0.8935, ASR_train_attach: 0.9167, ASR_train_outter: 0.9685
Epoch 610, loss_inner: 0.32024, loss_target: 0.29666, homo loss: 0.00001 
acc_train_clean: 0.8927, ASR_train_attach: 0.9167, ASR_train_outter: 0.9650
Epoch 620, loss_inner: 0.31989, loss_target: 0.29755, homo loss: 0.00066 
acc_train_clean: 0.8922, ASR_train_attach: 0.9167, ASR_train_outter: 0.9598
Epoch 630, loss_inner: 0.32856, loss_target: 0.34755, homo loss: 0.10512 
acc_train_clean: 0.8925, ASR_train_attach: 1.0000, ASR_train_outter: 0.9860
Epoch 640, loss_inner: 0.32934, loss_target: 0.30574, homo loss: 0.00026 
acc_train_clean: 0.8884, ASR_train_attach: 0.9333, ASR_train_outter: 0.9598
Epoch 650, loss_inner: 0.32086, loss_target: 0.29684, homo loss: 0.00024 
acc_train_clean: 0.8920, ASR_train_attach: 0.9667, ASR_train_outter: 0.9808
Epoch 660, loss_inner: 0.31799, loss_target: 0.29145, homo loss: 0.00002 
acc_train_clean: 0.8897, ASR_train_attach: 0.9500, ASR_train_outter: 0.9773
Epoch 670, loss_inner: 0.31711, loss_target: 0.29243, homo loss: 0.00527 
acc_train_clean: 0.8927, ASR_train_attach: 1.0000, ASR_train_outter: 0.9895
Epoch 680, loss_inner: 0.34215, loss_target: 0.39907, homo loss: 0.15756 
acc_train_clean: 0.8773, ASR_train_attach: 1.0000, ASR_train_outter: 0.9825
Epoch 690, loss_inner: 0.34840, loss_target: 0.37664, homo loss: 0.09017 
acc_train_clean: 0.8729, ASR_train_attach: 1.0000, ASR_train_outter: 0.9825
Epoch 700, loss_inner: 0.32695, loss_target: 0.32631, homo loss: 0.01598 
acc_train_clean: 0.8861, ASR_train_attach: 1.0000, ASR_train_outter: 0.9895
Epoch 710, loss_inner: 0.32503, loss_target: 0.31406, homo loss: 0.00116 
acc_train_clean: 0.8907, ASR_train_attach: 0.8833, ASR_train_outter: 0.9108
Epoch 720, loss_inner: 0.31890, loss_target: 0.30155, homo loss: 0.00054 
acc_train_clean: 0.8925, ASR_train_attach: 0.9667, ASR_train_outter: 0.9808
Epoch 730, loss_inner: 0.31735, loss_target: 0.29442, homo loss: 0.00008 
acc_train_clean: 0.8907, ASR_train_attach: 0.9333, ASR_train_outter: 0.9633
Epoch 740, loss_inner: 0.31662, loss_target: 0.29017, homo loss: 0.00016 
acc_train_clean: 0.8930, ASR_train_attach: 0.9500, ASR_train_outter: 0.9790
Epoch 750, loss_inner: 0.31641, loss_target: 0.28953, homo loss: 0.00006 
acc_train_clean: 0.8937, ASR_train_attach: 0.9167, ASR_train_outter: 0.9755
Epoch 760, loss_inner: 0.32039, loss_target: 0.34196, homo loss: 0.10028 
acc_train_clean: 0.8909, ASR_train_attach: 1.0000, ASR_train_outter: 0.9965
Epoch 770, loss_inner: 0.32305, loss_target: 0.30134, homo loss: 0.00430 
acc_train_clean: 0.8912, ASR_train_attach: 0.8833, ASR_train_outter: 0.9388
Epoch 780, loss_inner: 0.31796, loss_target: 0.29570, homo loss: 0.00050 
acc_train_clean: 0.8927, ASR_train_attach: 0.9667, ASR_train_outter: 0.9773
Epoch 790, loss_inner: 0.31584, loss_target: 0.29129, homo loss: 0.00004 
acc_train_clean: 0.8917, ASR_train_attach: 0.9500, ASR_train_outter: 0.9773
Epoch 800, loss_inner: 0.31528, loss_target: 0.28970, homo loss: 0.00006 
acc_train_clean: 0.8937, ASR_train_attach: 0.9333, ASR_train_outter: 0.9738
Epoch 810, loss_inner: 0.31756, loss_target: 0.30409, homo loss: 0.00005 
acc_train_clean: 0.8935, ASR_train_attach: 0.8833, ASR_train_outter: 0.8934
Epoch 820, loss_inner: 0.32008, loss_target: 0.35361, homo loss: 0.16996 
acc_train_clean: 0.8909, ASR_train_attach: 1.0000, ASR_train_outter: 0.9948
Epoch 830, loss_inner: 0.33249, loss_target: 0.31448, homo loss: 0.11840 
acc_train_clean: 0.8871, ASR_train_attach: 0.9167, ASR_train_outter: 0.9703
Epoch 840, loss_inner: 0.32636, loss_target: 0.30695, homo loss: 0.01217 
acc_train_clean: 0.8879, ASR_train_attach: 0.9500, ASR_train_outter: 0.9738
Epoch 850, loss_inner: 0.31970, loss_target: 0.30058, homo loss: 0.00128 
acc_train_clean: 0.8909, ASR_train_attach: 0.9333, ASR_train_outter: 0.9720
Epoch 860, loss_inner: 0.31593, loss_target: 0.29141, homo loss: 0.00011 
acc_train_clean: 0.8904, ASR_train_attach: 0.9833, ASR_train_outter: 0.9825
Epoch 870, loss_inner: 0.31483, loss_target: 0.28907, homo loss: 0.00020 
acc_train_clean: 0.8945, ASR_train_attach: 0.9500, ASR_train_outter: 0.9773
Epoch 880, loss_inner: 0.31471, loss_target: 0.28819, homo loss: 0.00015 
acc_train_clean: 0.8932, ASR_train_attach: 0.9333, ASR_train_outter: 0.9790
Epoch 890, loss_inner: 0.33860, loss_target: 0.47582, homo loss: 0.22295 
acc_train_clean: 0.8846, ASR_train_attach: 1.0000, ASR_train_outter: 1.0000
Epoch 900, loss_inner: 0.34049, loss_target: 0.31742, homo loss: 0.14767 
acc_train_clean: 0.8811, ASR_train_attach: 0.9000, ASR_train_outter: 0.9545
Epoch 910, loss_inner: 0.34646, loss_target: 0.32779, homo loss: 0.01689 
acc_train_clean: 0.8846, ASR_train_attach: 0.9833, ASR_train_outter: 0.9563
Epoch 920, loss_inner: 0.32623, loss_target: 0.31292, homo loss: 0.00095 
acc_train_clean: 0.8854, ASR_train_attach: 0.9667, ASR_train_outter: 0.9685
Epoch 930, loss_inner: 0.31789, loss_target: 0.29608, homo loss: 0.00049 
acc_train_clean: 0.8909, ASR_train_attach: 0.9167, ASR_train_outter: 0.9633
Epoch 940, loss_inner: 0.31618, loss_target: 0.29136, homo loss: 0.00016 
acc_train_clean: 0.8920, ASR_train_attach: 0.9167, ASR_train_outter: 0.9668
Epoch 950, loss_inner: 0.31566, loss_target: 0.28943, homo loss: 0.00612 
acc_train_clean: 0.8920, ASR_train_attach: 0.9833, ASR_train_outter: 0.9895
Epoch 960, loss_inner: 0.39952, loss_target: 0.82240, homo loss: 0.34643 
acc_train_clean: 0.8798, ASR_train_attach: 1.0000, ASR_train_outter: 1.0000
Epoch 970, loss_inner: 0.33826, loss_target: 0.32727, homo loss: 0.28253 
acc_train_clean: 0.8838, ASR_train_attach: 0.9333, ASR_train_outter: 0.9283
Epoch 980, loss_inner: 0.33138, loss_target: 0.31992, homo loss: 0.19481 
acc_train_clean: 0.8849, ASR_train_attach: 0.9000, ASR_train_outter: 0.9476
Epoch 990, loss_inner: 0.32210, loss_target: 0.31527, homo loss: 0.16017 
acc_train_clean: 0.8892, ASR_train_attach: 0.9167, ASR_train_outter: 0.9493
precent of left attach nodes: 1.000
Namespace(cuda=True, dataset='Pubmed', debug=True, defense_mode='prune', device_id=0, dis_weight=0.0, dropout=0.5, epochs=200, evaluate_mode='1by1', hidden=32, homo_boost_thrd=0.5, homo_loss_weight=3.0, inner=1, lr=0.01, model='GCN', no_cuda=False, prune_thr=0.15, seed=921, selection_method='cluster_degree', target_class=0, target_loss_weight=1, test_model='GCN', thrd=0.5, train_lr=0.01, trigger_size=3, trojan_epochs=1000, use_vs_number=True, vs_number=60, vs_ratio=0, weight_decay=0.0005)
target class rate on Vs: 0.9833
accuracy on clean test nodes: 0.8508
Overall ASR: 0.9549
Flip ASR: 0.9427/1554 nodes
Namespace(cuda=True, dataset='Pubmed', debug=True, defense_mode='prune', device_id=0, dis_weight=0.0, dropout=0.5, epochs=200, evaluate_mode='1by1', hidden=32, homo_boost_thrd=0.5, homo_loss_weight=3.0, inner=1, lr=0.01, model='GCN', no_cuda=False, prune_thr=0.15, seed=703, selection_method='cluster_degree', target_class=0, target_loss_weight=1, test_model='GCN', thrd=0.5, train_lr=0.01, trigger_size=3, trojan_epochs=1000, use_vs_number=True, vs_number=60, vs_ratio=0, weight_decay=0.0005)
target class rate on Vs: 0.9667
accuracy on clean test nodes: 0.8554
Overall ASR: 0.9275
Flip ASR: 0.9080/1554 nodes
Namespace(cuda=True, dataset='Pubmed', debug=True, defense_mode='prune', device_id=0, dis_weight=0.0, dropout=0.5, epochs=200, evaluate_mode='1by1', hidden=32, homo_boost_thrd=0.5, homo_loss_weight=3.0, inner=1, lr=0.01, model='GCN', no_cuda=False, prune_thr=0.15, seed=80, selection_method='cluster_degree', target_class=0, target_loss_weight=1, test_model='GCN', thrd=0.5, train_lr=0.01, trigger_size=3, trojan_epochs=1000, use_vs_number=True, vs_number=60, vs_ratio=0, weight_decay=0.0005)
target class rate on Vs: 0.9833
accuracy on clean test nodes: 0.8534
Overall ASR: 0.9468
Flip ASR: 0.9324/1554 nodes
Namespace(cuda=True, dataset='Pubmed', debug=True, defense_mode='prune', device_id=0, dis_weight=0.0, dropout=0.5, epochs=200, evaluate_mode='1by1', hidden=32, homo_boost_thrd=0.5, homo_loss_weight=3.0, inner=1, lr=0.01, model='GCN', no_cuda=False, prune_thr=0.15, seed=91, selection_method='cluster_degree', target_class=0, target_loss_weight=1, test_model='GCN', thrd=0.5, train_lr=0.01, trigger_size=3, trojan_epochs=1000, use_vs_number=True, vs_number=60, vs_ratio=0, weight_decay=0.0005)
target class rate on Vs: 0.9500
accuracy on clean test nodes: 0.8498
Overall ASR: 0.9407
Flip ASR: 0.9247/1554 nodes
Namespace(cuda=True, dataset='Pubmed', debug=True, defense_mode='prune', device_id=0, dis_weight=0.0, dropout=0.5, epochs=200, evaluate_mode='1by1', hidden=32, homo_boost_thrd=0.5, homo_loss_weight=3.0, inner=1, lr=0.01, model='GCN', no_cuda=False, prune_thr=0.15, seed=337, selection_method='cluster_degree', target_class=0, target_loss_weight=1, test_model='GCN', thrd=0.5, train_lr=0.01, trigger_size=3, trojan_epochs=1000, use_vs_number=True, vs_number=60, vs_ratio=0, weight_decay=0.0005)
target class rate on Vs: 0.9833
accuracy on clean test nodes: 0.8519
Overall ASR: 0.9518
Flip ASR: 0.9389/1554 nodes
Overall ASR: 0.9443 (GCN model, Seed: 337)
Overall Clean Accuracy: 0.8523
Namespace(cuda=True, dataset='Pubmed', debug=True, defense_mode='prune', device_id=0, dis_weight=0.0, dropout=0.5, epochs=200, evaluate_mode='1by1', hidden=32, homo_boost_thrd=0.5, homo_loss_weight=3.0, inner=1, lr=0.01, model='GCN', no_cuda=False, prune_thr=0.15, seed=260, selection_method='cluster_degree', target_class=0, target_loss_weight=1, test_model='GAT', thrd=0.5, train_lr=0.01, trigger_size=3, trojan_epochs=1000, use_vs_number=True, vs_number=60, vs_ratio=0, weight_decay=0.0005)
target class rate on Vs: 0.9333
accuracy on clean test nodes: 0.8387
Overall ASR: 0.9158
Flip ASR: 0.8945/1554 nodes
Namespace(cuda=True, dataset='Pubmed', debug=True, defense_mode='prune', device_id=0, dis_weight=0.0, dropout=0.5, epochs=200, evaluate_mode='1by1', hidden=32, homo_boost_thrd=0.5, homo_loss_weight=3.0, inner=1, lr=0.01, model='GCN', no_cuda=False, prune_thr=0.15, seed=66, selection_method='cluster_degree', target_class=0, target_loss_weight=1, test_model='GAT', thrd=0.5, train_lr=0.01, trigger_size=3, trojan_epochs=1000, use_vs_number=True, vs_number=60, vs_ratio=0, weight_decay=0.0005)
target class rate on Vs: 0.9333
accuracy on clean test nodes: 0.8331
Overall ASR: 0.9326
Flip ASR: 0.9157/1554 nodes
Namespace(cuda=True, dataset='Pubmed', debug=True, defense_mode='prune', device_id=0, dis_weight=0.0, dropout=0.5, epochs=200, evaluate_mode='1by1', hidden=32, homo_boost_thrd=0.5, homo_loss_weight=3.0, inner=1, lr=0.01, model='GCN', no_cuda=False, prune_thr=0.15, seed=441, selection_method='cluster_degree', target_class=0, target_loss_weight=1, test_model='GAT', thrd=0.5, train_lr=0.01, trigger_size=3, trojan_epochs=1000, use_vs_number=True, vs_number=60, vs_ratio=0, weight_decay=0.0005)
target class rate on Vs: 0.9167
accuracy on clean test nodes: 0.8331
Overall ASR: 0.9062
Flip ASR: 0.8822/1554 nodes
Namespace(cuda=True, dataset='Pubmed', debug=True, defense_mode='prune', device_id=0, dis_weight=0.0, dropout=0.5, epochs=200, evaluate_mode='1by1', hidden=32, homo_boost_thrd=0.5, homo_loss_weight=3.0, inner=1, lr=0.01, model='GCN', no_cuda=False, prune_thr=0.15, seed=443, selection_method='cluster_degree', target_class=0, target_loss_weight=1, test_model='GAT', thrd=0.5, train_lr=0.01, trigger_size=3, trojan_epochs=1000, use_vs_number=True, vs_number=60, vs_ratio=0, weight_decay=0.0005)
target class rate on Vs: 0.9667
accuracy on clean test nodes: 0.8265
Overall ASR: 0.9686
Flip ASR: 0.9601/1554 nodes
Namespace(cuda=True, dataset='Pubmed', debug=True, defense_mode='prune', device_id=0, dis_weight=0.0, dropout=0.5, epochs=200, evaluate_mode='1by1', hidden=32, homo_boost_thrd=0.5, homo_loss_weight=3.0, inner=1, lr=0.01, model='GCN', no_cuda=False, prune_thr=0.15, seed=63, selection_method='cluster_degree', target_class=0, target_loss_weight=1, test_model='GAT', thrd=0.5, train_lr=0.01, trigger_size=3, trojan_epochs=1000, use_vs_number=True, vs_number=60, vs_ratio=0, weight_decay=0.0005)
target class rate on Vs: 0.9333
accuracy on clean test nodes: 0.8366
Overall ASR: 0.9209
Flip ASR: 0.9009/1554 nodes
Overall ASR: 0.9288 (GAT model, Seed: 63)
Overall Clean Accuracy: 0.8336
/home/mfl5681/project-backdoor/Backdoor/models/GAT.py:61: UserWarning: To copy construct from a tensor, it is recommended to use sourceTensor.clone().detach() or sourceTensor.clone().detach().requires_grad_(True), rather than torch.tensor(sourceTensor).
  self.labels = torch.tensor(labels, dtype=torch.long)
Namespace(cuda=True, dataset='Pubmed', debug=True, defense_mode='prune', device_id=0, dis_weight=0.0, dropout=0.5, epochs=200, evaluate_mode='1by1', hidden=32, homo_boost_thrd=0.5, homo_loss_weight=3.0, inner=1, lr=0.01, model='GCN', no_cuda=False, prune_thr=0.15, seed=44, selection_method='cluster_degree', target_class=0, target_loss_weight=1, test_model='GraphSage', thrd=0.5, train_lr=0.01, trigger_size=3, trojan_epochs=1000, use_vs_number=True, vs_number=60, vs_ratio=0, weight_decay=0.0005)
target class rate on Vs: 0.9333
accuracy on clean test nodes: 0.8590
Overall ASR: 0.9184
Flip ASR: 0.8977/1554 nodes
Namespace(cuda=True, dataset='Pubmed', debug=True, defense_mode='prune', device_id=0, dis_weight=0.0, dropout=0.5, epochs=200, evaluate_mode='1by1', hidden=32, homo_boost_thrd=0.5, homo_loss_weight=3.0, inner=1, lr=0.01, model='GCN', no_cuda=False, prune_thr=0.15, seed=116, selection_method='cluster_degree', target_class=0, target_loss_weight=1, test_model='GraphSage', thrd=0.5, train_lr=0.01, trigger_size=3, trojan_epochs=1000, use_vs_number=True, vs_number=60, vs_ratio=0, weight_decay=0.0005)
target class rate on Vs: 0.9667
accuracy on clean test nodes: 0.8635
Overall ASR: 0.9239
Flip ASR: 0.9048/1554 nodes
Namespace(cuda=True, dataset='Pubmed', debug=True, defense_mode='prune', device_id=0, dis_weight=0.0, dropout=0.5, epochs=200, evaluate_mode='1by1', hidden=32, homo_boost_thrd=0.5, homo_loss_weight=3.0, inner=1, lr=0.01, model='GCN', no_cuda=False, prune_thr=0.15, seed=139, selection_method='cluster_degree', target_class=0, target_loss_weight=1, test_model='GraphSage', thrd=0.5, train_lr=0.01, trigger_size=3, trojan_epochs=1000, use_vs_number=True, vs_number=60, vs_ratio=0, weight_decay=0.0005)
target class rate on Vs: 0.9667
accuracy on clean test nodes: 0.8645
Overall ASR: 0.9158
Flip ASR: 0.8951/1554 nodes
Namespace(cuda=True, dataset='Pubmed', debug=True, defense_mode='prune', device_id=0, dis_weight=0.0, dropout=0.5, epochs=200, evaluate_mode='1by1', hidden=32, homo_boost_thrd=0.5, homo_loss_weight=3.0, inner=1, lr=0.01, model='GCN', no_cuda=False, prune_thr=0.15, seed=215, selection_method='cluster_degree', target_class=0, target_loss_weight=1, test_model='GraphSage', thrd=0.5, train_lr=0.01, trigger_size=3, trojan_epochs=1000, use_vs_number=True, vs_number=60, vs_ratio=0, weight_decay=0.0005)
target class rate on Vs: 0.9833
accuracy on clean test nodes: 0.8650
Overall ASR: 0.9270
Flip ASR: 0.9086/1554 nodes
Namespace(cuda=True, dataset='Pubmed', debug=True, defense_mode='prune', device_id=0, dis_weight=0.0, dropout=0.5, epochs=200, evaluate_mode='1by1', hidden=32, homo_boost_thrd=0.5, homo_loss_weight=3.0, inner=1, lr=0.01, model='GCN', no_cuda=False, prune_thr=0.15, seed=338, selection_method='cluster_degree', target_class=0, target_loss_weight=1, test_model='GraphSage', thrd=0.5, train_lr=0.01, trigger_size=3, trojan_epochs=1000, use_vs_number=True, vs_number=60, vs_ratio=0, weight_decay=0.0005)
target class rate on Vs: 0.9667
accuracy on clean test nodes: 0.8625
Overall ASR: 0.9224
Flip ASR: 0.9028/1554 nodes
Overall ASR: 0.9215 (GraphSage model, Seed: 338)
Overall Clean Accuracy: 0.8629
Total Overall ASR: 0.9315 
Total Clean Accuracy: 0.8496
