nohup: ignoring input
Namespace(cuda=True, dataset='Pubmed', debug=True, defense_mode='none', device_id=2, dis_weight=0.0, dropout=0.5, epochs=200, evaluate_mode='1by1', hidden=32, homo_boost_thrd=0.5, homo_loss_weight=1.0, inner=1, lr=0.01, model='GCN', no_cuda=False, prune_thr=0.15, seed=11, selection_method='cluster_degree', target_class=0, target_loss_weight=1, test_model='GCN', thrd=0.5, train_lr=0.01, trigger_size=3, trojan_epochs=200, use_vs_number=True, vs_number=100, vs_ratio=0, weight_decay=0.0005)
Length of training set: 3943
Training benign model Finished!
Total time elapsed: 2.0879s
Benign CA: 0.8554
#Attach Nodes:100
Length of training set: 3943
=== training gcn model ===
Epoch 0, training loss: 1.1248021125793457
acc_val: 0.2035
Epoch 10, training loss: 1.0350035429000854
acc_val: 0.4033
Epoch 20, training loss: 0.927193284034729
acc_val: 0.4485
Epoch 30, training loss: 0.7763608694076538
acc_val: 0.6799
Epoch 40, training loss: 0.6315062642097473
acc_val: 0.8234
Epoch 50, training loss: 0.5373746752738953
acc_val: 0.8432
Epoch 60, training loss: 0.4778428375720978
acc_val: 0.8584
Epoch 70, training loss: 0.4452519416809082
acc_val: 0.8605
Epoch 80, training loss: 0.4211150109767914
acc_val: 0.8650
Epoch 90, training loss: 0.38998353481292725
acc_val: 0.8681
Epoch 100, training loss: 0.37588268518447876
acc_val: 0.8661
Epoch 110, training loss: 0.36459943652153015
acc_val: 0.8711
Epoch 120, training loss: 0.355403870344162
acc_val: 0.8727
Epoch 130, training loss: 0.34397366642951965
acc_val: 0.8701
Epoch 140, training loss: 0.33850282430648804
acc_val: 0.8732
Epoch 150, training loss: 0.33877116441726685
acc_val: 0.8757
Epoch 160, training loss: 0.33257290720939636
acc_val: 0.8752
Epoch 170, training loss: 0.31813913583755493
acc_val: 0.8767
Epoch 180, training loss: 0.3195885121822357
acc_val: 0.8742
Epoch 190, training loss: 0.32346126437187195
acc_val: 0.8721
=== picking the best model according to the performance on validation ===
Training encoder Finished!
Total time elapsed: 1.5818s
Encoder CA on clean test nodes: 0.8544
idx_sing_class [    0     1     4 ... 19700 19702 19704]
current_class_size 50
./selected_nodes/Pubmed/Seperate/seed11/class_1.txt
[ 2622.  7012.  6767. ... 16214.   903. 11450.]
idx_sing_class [    3     5     6 ... 19712 19714 19716]
current_class_size 50
./selected_nodes/Pubmed/Seperate/seed11/class_2.txt
[ 6834. 13199.   694. ...   580. 15548.  1205.]
idx_attach: tensor([ 2622,  7012,  6767,  6293,  8622, 11151, 12196,  1176, 14578, 19257,
         3121, 15916, 12852, 14851,  4210,  8071, 14236, 14840,  9493, 17390,
         7813, 13439,   821,  8004, 16238,  4045, 19558, 13923,  7882,  1387,
        12315, 10536, 13771,  5719,  4805, 13514,  6550,  2934,  1179, 17817,
         8118, 14852,  3001,  7614, 14102, 11837,  1558, 17589,  8452, 19534,
         6834, 13199,   694, 11009, 10937,  9532, 17660, 11005,  7654,   688,
        13329, 11718,  5292,  7776, 16845,  1376,  9680, 10614,  7241, 13777,
         9859,  7324, 11287, 15213, 14826, 19461, 19272, 14959, 16090,  2471,
        16713, 19611,  1605,  2221,   198, 18061, 19459,  2313, 10567, 19026,
        14505, 14001, 14363, 13433, 18583,  7434,  3458, 17134, 18056,  4498],
       device='cuda:2')
Epoch 0, loss_inner: 1.09897, loss_target: 1.08712, homo loss: 0.48138 
acc_train_clean: 0.3469, ASR_train_attach: 0.0000, ASR_train_outter: 0.0719
Epoch 10, loss_inner: 0.95561, loss_target: 0.85013, homo loss: 0.22959 
acc_train_clean: 0.6531, ASR_train_attach: 1.0000, ASR_train_outter: 0.9918
Epoch 20, loss_inner: 0.88461, loss_target: 0.91076, homo loss: 0.22806 
acc_train_clean: 0.7596, ASR_train_attach: 1.0000, ASR_train_outter: 1.0000
Epoch 30, loss_inner: 0.83317, loss_target: 0.88981, homo loss: 0.24454 
acc_train_clean: 0.7200, ASR_train_attach: 1.0000, ASR_train_outter: 1.0000
Epoch 40, loss_inner: 0.75164, loss_target: 0.69001, homo loss: 0.22110 
acc_train_clean: 0.7659, ASR_train_attach: 1.0000, ASR_train_outter: 1.0000
Epoch 50, loss_inner: 0.68096, loss_target: 0.59281, homo loss: 0.07582 
acc_train_clean: 0.8242, ASR_train_attach: 1.0000, ASR_train_outter: 1.0000
Epoch 60, loss_inner: 0.61995, loss_target: 0.54091, homo loss: 0.06968 
acc_train_clean: 0.8334, ASR_train_attach: 1.0000, ASR_train_outter: 1.0000
Epoch 70, loss_inner: 0.56834, loss_target: 0.49656, homo loss: 0.06041 
acc_train_clean: 0.8423, ASR_train_attach: 1.0000, ASR_train_outter: 0.9984
Epoch 80, loss_inner: 0.52649, loss_target: 0.46124, homo loss: 0.05074 
acc_train_clean: 0.8501, ASR_train_attach: 1.0000, ASR_train_outter: 0.9967
Epoch 90, loss_inner: 0.49388, loss_target: 0.43673, homo loss: 0.05725 
acc_train_clean: 0.8532, ASR_train_attach: 1.0000, ASR_train_outter: 0.9967
Epoch 100, loss_inner: 0.46763, loss_target: 0.40968, homo loss: 0.06301 
acc_train_clean: 0.8572, ASR_train_attach: 1.0000, ASR_train_outter: 0.9967
Epoch 110, loss_inner: 0.44736, loss_target: 0.39162, homo loss: 0.05395 
acc_train_clean: 0.8618, ASR_train_attach: 1.0000, ASR_train_outter: 0.9984
Epoch 120, loss_inner: 0.43166, loss_target: 0.37922, homo loss: 0.04164 
acc_train_clean: 0.8648, ASR_train_attach: 1.0000, ASR_train_outter: 0.9984
Epoch 130, loss_inner: 0.41881, loss_target: 0.36828, homo loss: 0.04132 
acc_train_clean: 0.8658, ASR_train_attach: 1.0000, ASR_train_outter: 0.9984
Epoch 140, loss_inner: 0.40825, loss_target: 0.35983, homo loss: 0.03797 
acc_train_clean: 0.8674, ASR_train_attach: 1.0000, ASR_train_outter: 0.9935
Epoch 150, loss_inner: 0.39941, loss_target: 0.35209, homo loss: 0.02686 
acc_train_clean: 0.8704, ASR_train_attach: 1.0000, ASR_train_outter: 0.9951
Epoch 160, loss_inner: 0.39192, loss_target: 0.34637, homo loss: 0.06095 
acc_train_clean: 0.8724, ASR_train_attach: 1.0000, ASR_train_outter: 0.9918
Epoch 170, loss_inner: 0.38526, loss_target: 0.33862, homo loss: 0.05754 
acc_train_clean: 0.8737, ASR_train_attach: 1.0000, ASR_train_outter: 0.9984
Epoch 180, loss_inner: 0.37954, loss_target: 0.33549, homo loss: 0.04498 
acc_train_clean: 0.8750, ASR_train_attach: 1.0000, ASR_train_outter: 0.9902
Epoch 190, loss_inner: 0.37438, loss_target: 0.33046, homo loss: 0.03696 
acc_train_clean: 0.8750, ASR_train_attach: 1.0000, ASR_train_outter: 0.9951
precent of left attach nodes: 1.000
Namespace(cuda=True, dataset='Pubmed', debug=True, defense_mode='none', device_id=2, dis_weight=0.0, dropout=0.5, epochs=200, evaluate_mode='1by1', hidden=32, homo_boost_thrd=0.5, homo_loss_weight=1.0, inner=1, lr=0.01, model='GCN', no_cuda=False, prune_thr=0.15, seed=921, selection_method='cluster_degree', target_class=0, target_loss_weight=1, test_model='GCN', thrd=0.5, train_lr=0.01, trigger_size=3, trojan_epochs=200, use_vs_number=True, vs_number=100, vs_ratio=0, weight_decay=0.0005)
target class rate on Vs: 1.0000
accuracy on clean test nodes: 0.8488
Overall ASR: 0.9914
Flip ASR: 0.9891/1554 nodes
Namespace(cuda=True, dataset='Pubmed', debug=True, defense_mode='none', device_id=2, dis_weight=0.0, dropout=0.5, epochs=200, evaluate_mode='1by1', hidden=32, homo_boost_thrd=0.5, homo_loss_weight=1.0, inner=1, lr=0.01, model='GCN', no_cuda=False, prune_thr=0.15, seed=703, selection_method='cluster_degree', target_class=0, target_loss_weight=1, test_model='GCN', thrd=0.5, train_lr=0.01, trigger_size=3, trojan_epochs=200, use_vs_number=True, vs_number=100, vs_ratio=0, weight_decay=0.0005)
target class rate on Vs: 1.0000
accuracy on clean test nodes: 0.8513
Overall ASR: 0.9848
Flip ASR: 0.9807/1554 nodes
Namespace(cuda=True, dataset='Pubmed', debug=True, defense_mode='none', device_id=2, dis_weight=0.0, dropout=0.5, epochs=200, evaluate_mode='1by1', hidden=32, homo_boost_thrd=0.5, homo_loss_weight=1.0, inner=1, lr=0.01, model='GCN', no_cuda=False, prune_thr=0.15, seed=80, selection_method='cluster_degree', target_class=0, target_loss_weight=1, test_model='GCN', thrd=0.5, train_lr=0.01, trigger_size=3, trojan_epochs=200, use_vs_number=True, vs_number=100, vs_ratio=0, weight_decay=0.0005)
target class rate on Vs: 1.0000
accuracy on clean test nodes: 0.8498
Overall ASR: 0.9919
Flip ASR: 0.9897/1554 nodes
/home/mfl5681/project-backdoor/Backdoor/models/GAT.py:61: UserWarning: To copy construct from a tensor, it is recommended to use sourceTensor.clone().detach() or sourceTensor.clone().detach().requires_grad_(True), rather than torch.tensor(sourceTensor).
  self.labels = torch.tensor(labels, dtype=torch.long)
Namespace(cuda=True, dataset='Pubmed', debug=True, defense_mode='none', device_id=2, dis_weight=0.0, dropout=0.5, epochs=200, evaluate_mode='1by1', hidden=32, homo_boost_thrd=0.5, homo_loss_weight=1.0, inner=1, lr=0.01, model='GCN', no_cuda=False, prune_thr=0.15, seed=91, selection_method='cluster_degree', target_class=0, target_loss_weight=1, test_model='GCN', thrd=0.5, train_lr=0.01, trigger_size=3, trojan_epochs=200, use_vs_number=True, vs_number=100, vs_ratio=0, weight_decay=0.0005)
target class rate on Vs: 1.0000
accuracy on clean test nodes: 0.8498
Overall ASR: 0.9970
Flip ASR: 0.9961/1554 nodes
Namespace(cuda=True, dataset='Pubmed', debug=True, defense_mode='none', device_id=2, dis_weight=0.0, dropout=0.5, epochs=200, evaluate_mode='1by1', hidden=32, homo_boost_thrd=0.5, homo_loss_weight=1.0, inner=1, lr=0.01, model='GCN', no_cuda=False, prune_thr=0.15, seed=337, selection_method='cluster_degree', target_class=0, target_loss_weight=1, test_model='GCN', thrd=0.5, train_lr=0.01, trigger_size=3, trojan_epochs=200, use_vs_number=True, vs_number=100, vs_ratio=0, weight_decay=0.0005)
target class rate on Vs: 1.0000
accuracy on clean test nodes: 0.8503
Overall ASR: 0.9914
Flip ASR: 0.9891/1554 nodes
Overall ASR: 0.9913 (GCN model, Seed: 337)
Overall Clean Accuracy: 0.8500
Namespace(cuda=True, dataset='Pubmed', debug=True, defense_mode='none', device_id=2, dis_weight=0.0, dropout=0.5, epochs=200, evaluate_mode='1by1', hidden=32, homo_boost_thrd=0.5, homo_loss_weight=1.0, inner=1, lr=0.01, model='GCN', no_cuda=False, prune_thr=0.15, seed=260, selection_method='cluster_degree', target_class=0, target_loss_weight=1, test_model='GAT', thrd=0.5, train_lr=0.01, trigger_size=3, trojan_epochs=200, use_vs_number=True, vs_number=100, vs_ratio=0, weight_decay=0.0005)
target class rate on Vs: 1.0000
accuracy on clean test nodes: 0.8402
Overall ASR: 1.0000
Flip ASR: 1.0000/1554 nodes
Namespace(cuda=True, dataset='Pubmed', debug=True, defense_mode='none', device_id=2, dis_weight=0.0, dropout=0.5, epochs=200, evaluate_mode='1by1', hidden=32, homo_boost_thrd=0.5, homo_loss_weight=1.0, inner=1, lr=0.01, model='GCN', no_cuda=False, prune_thr=0.15, seed=66, selection_method='cluster_degree', target_class=0, target_loss_weight=1, test_model='GAT', thrd=0.5, train_lr=0.01, trigger_size=3, trojan_epochs=200, use_vs_number=True, vs_number=100, vs_ratio=0, weight_decay=0.0005)
target class rate on Vs: 1.0000
accuracy on clean test nodes: 0.8371
Overall ASR: 1.0000
Flip ASR: 1.0000/1554 nodes
Namespace(cuda=True, dataset='Pubmed', debug=True, defense_mode='none', device_id=2, dis_weight=0.0, dropout=0.5, epochs=200, evaluate_mode='1by1', hidden=32, homo_boost_thrd=0.5, homo_loss_weight=1.0, inner=1, lr=0.01, model='GCN', no_cuda=False, prune_thr=0.15, seed=441, selection_method='cluster_degree', target_class=0, target_loss_weight=1, test_model='GAT', thrd=0.5, train_lr=0.01, trigger_size=3, trojan_epochs=200, use_vs_number=True, vs_number=100, vs_ratio=0, weight_decay=0.0005)
target class rate on Vs: 1.0000
accuracy on clean test nodes: 0.8387
Overall ASR: 1.0000
Flip ASR: 1.0000/1554 nodes
Namespace(cuda=True, dataset='Pubmed', debug=True, defense_mode='none', device_id=2, dis_weight=0.0, dropout=0.5, epochs=200, evaluate_mode='1by1', hidden=32, homo_boost_thrd=0.5, homo_loss_weight=1.0, inner=1, lr=0.01, model='GCN', no_cuda=False, prune_thr=0.15, seed=443, selection_method='cluster_degree', target_class=0, target_loss_weight=1, test_model='GAT', thrd=0.5, train_lr=0.01, trigger_size=3, trojan_epochs=200, use_vs_number=True, vs_number=100, vs_ratio=0, weight_decay=0.0005)
target class rate on Vs: 1.0000
accuracy on clean test nodes: 0.8417
Overall ASR: 1.0000
Flip ASR: 1.0000/1554 nodes
Namespace(cuda=True, dataset='Pubmed', debug=True, defense_mode='none', device_id=2, dis_weight=0.0, dropout=0.5, epochs=200, evaluate_mode='1by1', hidden=32, homo_boost_thrd=0.5, homo_loss_weight=1.0, inner=1, lr=0.01, model='GCN', no_cuda=False, prune_thr=0.15, seed=63, selection_method='cluster_degree', target_class=0, target_loss_weight=1, test_model='GAT', thrd=0.5, train_lr=0.01, trigger_size=3, trojan_epochs=200, use_vs_number=True, vs_number=100, vs_ratio=0, weight_decay=0.0005)
target class rate on Vs: 1.0000
accuracy on clean test nodes: 0.8382
Overall ASR: 1.0000
Flip ASR: 1.0000/1554 nodes
Overall ASR: 1.0000 (GAT model, Seed: 63)
Overall Clean Accuracy: 0.8392
Namespace(cuda=True, dataset='Pubmed', debug=True, defense_mode='none', device_id=2, dis_weight=0.0, dropout=0.5, epochs=200, evaluate_mode='1by1', hidden=32, homo_boost_thrd=0.5, homo_loss_weight=1.0, inner=1, lr=0.01, model='GCN', no_cuda=False, prune_thr=0.15, seed=44, selection_method='cluster_degree', target_class=0, target_loss_weight=1, test_model='GraphSage', thrd=0.5, train_lr=0.01, trigger_size=3, trojan_epochs=200, use_vs_number=True, vs_number=100, vs_ratio=0, weight_decay=0.0005)
target class rate on Vs: 0.9100
accuracy on clean test nodes: 0.8620
Overall ASR: 0.8443
Flip ASR: 0.8069/1554 nodes
Namespace(cuda=True, dataset='Pubmed', debug=True, defense_mode='none', device_id=2, dis_weight=0.0, dropout=0.5, epochs=200, evaluate_mode='1by1', hidden=32, homo_boost_thrd=0.5, homo_loss_weight=1.0, inner=1, lr=0.01, model='GCN', no_cuda=False, prune_thr=0.15, seed=116, selection_method='cluster_degree', target_class=0, target_loss_weight=1, test_model='GraphSage', thrd=0.5, train_lr=0.01, trigger_size=3, trojan_epochs=200, use_vs_number=True, vs_number=100, vs_ratio=0, weight_decay=0.0005)
target class rate on Vs: 0.9200
accuracy on clean test nodes: 0.8574
Overall ASR: 0.8387
Flip ASR: 0.7999/1554 nodes
Namespace(cuda=True, dataset='Pubmed', debug=True, defense_mode='none', device_id=2, dis_weight=0.0, dropout=0.5, epochs=200, evaluate_mode='1by1', hidden=32, homo_boost_thrd=0.5, homo_loss_weight=1.0, inner=1, lr=0.01, model='GCN', no_cuda=False, prune_thr=0.15, seed=139, selection_method='cluster_degree', target_class=0, target_loss_weight=1, test_model='GraphSage', thrd=0.5, train_lr=0.01, trigger_size=3, trojan_epochs=200, use_vs_number=True, vs_number=100, vs_ratio=0, weight_decay=0.0005)
target class rate on Vs: 0.9100
accuracy on clean test nodes: 0.8610
Overall ASR: 0.8463
Flip ASR: 0.8095/1554 nodes
Namespace(cuda=True, dataset='Pubmed', debug=True, defense_mode='none', device_id=2, dis_weight=0.0, dropout=0.5, epochs=200, evaluate_mode='1by1', hidden=32, homo_boost_thrd=0.5, homo_loss_weight=1.0, inner=1, lr=0.01, model='GCN', no_cuda=False, prune_thr=0.15, seed=215, selection_method='cluster_degree', target_class=0, target_loss_weight=1, test_model='GraphSage', thrd=0.5, train_lr=0.01, trigger_size=3, trojan_epochs=200, use_vs_number=True, vs_number=100, vs_ratio=0, weight_decay=0.0005)
target class rate on Vs: 0.9200
accuracy on clean test nodes: 0.8595
Overall ASR: 0.8438
Flip ASR: 0.8057/1554 nodes
Namespace(cuda=True, dataset='Pubmed', debug=True, defense_mode='none', device_id=2, dis_weight=0.0, dropout=0.5, epochs=200, evaluate_mode='1by1', hidden=32, homo_boost_thrd=0.5, homo_loss_weight=1.0, inner=1, lr=0.01, model='GCN', no_cuda=False, prune_thr=0.15, seed=338, selection_method='cluster_degree', target_class=0, target_loss_weight=1, test_model='GraphSage', thrd=0.5, train_lr=0.01, trigger_size=3, trojan_epochs=200, use_vs_number=True, vs_number=100, vs_ratio=0, weight_decay=0.0005)
target class rate on Vs: 0.9000
accuracy on clean test nodes: 0.8584
Overall ASR: 0.8322
Flip ASR: 0.7915/1554 nodes
Overall ASR: 0.8411 (GraphSage model, Seed: 338)
Overall Clean Accuracy: 0.8597
Total Overall ASR: 0.9441 
Total Clean Accuracy: 0.8496
