nohup: ignoring input
run_adaptive.py:8: DeprecationWarning: the imp module is deprecated in favour of importlib; see the module's documentation for alternative uses
  import imp
Namespace(cuda=True, dataset='Pubmed', debug=True, defense_mode='isolate', device_id=1, dis_weight=0.0, dropout=0.5, epochs=200, evaluate_mode='1by1', hidden=32, homo_boost_thrd=0.5, homo_loss_weight=0.0, inner=1, lr=0.01, model='GCN', no_cuda=False, prune_thr=0.2, seed=10, selection_method='cluster_degree', target_class=0, target_loss_weight=1, test_model='GCN', thrd=0.5, train_lr=0.01, trigger_size=3, trojan_epochs=2000, use_vs_number=True, vs_number=40, vs_ratio=0, weight_decay=0.0005)
#Attach Nodes:40
Length of training set: 3943
=== training gcn model ===
Epoch 0, training loss: 1.0969727039337158
acc_val: 0.4039
Epoch 10, training loss: 1.0288714170455933
acc_val: 0.6398
Epoch 20, training loss: 0.8768908977508545
acc_val: 0.6768
Epoch 30, training loss: 0.6742268204689026
acc_val: 0.7012
Epoch 40, training loss: 0.5647497177124023
acc_val: 0.8382
Epoch 50, training loss: 0.48399069905281067
acc_val: 0.8534
Epoch 60, training loss: 0.4659076929092407
acc_val: 0.8590
Epoch 70, training loss: 0.4118213653564453
acc_val: 0.8666
Epoch 80, training loss: 0.3886343240737915
acc_val: 0.8671
Epoch 90, training loss: 0.3762350082397461
acc_val: 0.8711
Epoch 100, training loss: 0.36148080229759216
acc_val: 0.8671
Epoch 110, training loss: 0.3478173613548279
acc_val: 0.8732
Epoch 120, training loss: 0.34475651383399963
acc_val: 0.8737
Epoch 130, training loss: 0.33620685338974
acc_val: 0.8742
Epoch 140, training loss: 0.33283141255378723
acc_val: 0.8747
Epoch 150, training loss: 0.32755717635154724
acc_val: 0.8782
Epoch 160, training loss: 0.3284955322742462
acc_val: 0.8762
Epoch 170, training loss: 0.30834656953811646
acc_val: 0.8742
Epoch 180, training loss: 0.2987612187862396
acc_val: 0.8747
Epoch 190, training loss: 0.30118709802627563
acc_val: 0.8772
=== picking the best model according to the performance on validation ===
Training encoder Finished!
Total time elapsed: 2.7830s
Encoder CA on clean test nodes: 0.8559
idx_sing_class [    0     1     4 ... 19700 19702 19704]
current_class_size 20
./selected_nodes/Pubmed/Seperate/seed10/class_1.txt
[ 5104. 15916. 14578. ...  4058.   903. 11450.]
idx_sing_class [    3     5     6 ... 19712 19714 19716]
current_class_size 20
./selected_nodes/Pubmed/Seperate/seed10/class_2.txt
[11009.  2782. 11343. ...  8626. 15548.  1205.]
idx_attach: tensor([ 5104, 15916, 14578,  9040, 14315, 14910,  7647,  7098, 11534,  7803,
        10837, 18637, 19544,   821,  4899, 18597, 14851,  9145, 13907, 10814,
        11009,  2782, 11343, 14528, 19272,  6196, 16600, 17595, 17660,  9488,
         2471,  3489,  7324, 19307,  7825,   688,  2799,  6114,  4498, 13749],
       device='cuda:1')
tensor([    1,     2,     3,  ..., 19712, 19714, 19716], device='cuda:1')
Epoch 0, loss_inner: 1.09870, loss_target: 1.09145, homo loss: 0.00000 
acc_train_clean: 0.3190, ASR_train_attach: 0.9000, ASR_train_outter: 0.1447
Epoch 10, loss_inner: 0.96941, loss_target: 0.78967, homo loss: 0.00000 
acc_train_clean: 0.6576, ASR_train_attach: 1.0000, ASR_train_outter: 0.9878
Epoch 20, loss_inner: 0.83696, loss_target: 0.68593, homo loss: 0.00000 
acc_train_clean: 0.7702, ASR_train_attach: 0.9750, ASR_train_outter: 0.9962
Epoch 30, loss_inner: 0.71056, loss_target: 0.84140, homo loss: 0.00000 
acc_train_clean: 0.8171, ASR_train_attach: 1.0000, ASR_train_outter: 1.0000
Epoch 40, loss_inner: 0.60171, loss_target: 0.51152, homo loss: 0.00000 
acc_train_clean: 0.8392, ASR_train_attach: 0.8500, ASR_train_outter: 0.9596
Epoch 50, loss_inner: 0.53300, loss_target: 0.45738, homo loss: 0.00000 
acc_train_clean: 0.8463, ASR_train_attach: 0.9000, ASR_train_outter: 0.9718
Epoch 60, loss_inner: 0.49111, loss_target: 0.42043, homo loss: 0.00000 
acc_train_clean: 0.8537, ASR_train_attach: 0.8750, ASR_train_outter: 0.9624
Epoch 70, loss_inner: 0.46932, loss_target: 0.67825, homo loss: 0.00000 
acc_train_clean: 0.8544, ASR_train_attach: 1.0000, ASR_train_outter: 1.0000
Epoch 80, loss_inner: 0.44240, loss_target: 0.39701, homo loss: 0.00000 
acc_train_clean: 0.8625, ASR_train_attach: 0.9750, ASR_train_outter: 0.9774
Epoch 90, loss_inner: 0.42417, loss_target: 0.36538, homo loss: 0.00000 
acc_train_clean: 0.8674, ASR_train_attach: 0.9000, ASR_train_outter: 0.9699
Epoch 100, loss_inner: 0.40987, loss_target: 0.34601, homo loss: 0.00000 
acc_train_clean: 0.8704, ASR_train_attach: 0.9500, ASR_train_outter: 0.9765
Epoch 110, loss_inner: 0.39980, loss_target: 0.38047, homo loss: 0.00000 
acc_train_clean: 0.8709, ASR_train_attach: 1.0000, ASR_train_outter: 0.9944
Epoch 120, loss_inner: 0.39053, loss_target: 0.34906, homo loss: 0.00000 
acc_train_clean: 0.8727, ASR_train_attach: 0.9750, ASR_train_outter: 0.9906
Epoch 130, loss_inner: 0.38442, loss_target: 0.33263, homo loss: 0.00000 
acc_train_clean: 0.8765, ASR_train_attach: 0.8750, ASR_train_outter: 0.9408
Epoch 140, loss_inner: 0.37776, loss_target: 0.32321, homo loss: 0.00000 
acc_train_clean: 0.8780, ASR_train_attach: 0.8750, ASR_train_outter: 0.9464
Epoch 150, loss_inner: 0.37257, loss_target: 0.35315, homo loss: 0.00000 
acc_train_clean: 0.8775, ASR_train_attach: 1.0000, ASR_train_outter: 0.9953
Epoch 160, loss_inner: 0.36737, loss_target: 0.32222, homo loss: 0.00000 
acc_train_clean: 0.8800, ASR_train_attach: 0.9750, ASR_train_outter: 0.9803
Epoch 170, loss_inner: 0.36350, loss_target: 0.30724, homo loss: 0.00000 
acc_train_clean: 0.8823, ASR_train_attach: 0.8750, ASR_train_outter: 0.9690
Epoch 180, loss_inner: 0.35940, loss_target: 0.29888, homo loss: 0.00000 
acc_train_clean: 0.8838, ASR_train_attach: 0.9750, ASR_train_outter: 0.9840
Epoch 190, loss_inner: 0.35574, loss_target: 0.31859, homo loss: 0.00000 
acc_train_clean: 0.8828, ASR_train_attach: 1.0000, ASR_train_outter: 0.9981
Epoch 200, loss_inner: 0.36383, loss_target: 0.57278, homo loss: 0.00000 
acc_train_clean: 0.8805, ASR_train_attach: 0.8750, ASR_train_outter: 0.9803
Epoch 210, loss_inner: 0.35922, loss_target: 0.32802, homo loss: 0.00000 
acc_train_clean: 0.8808, ASR_train_attach: 0.9750, ASR_train_outter: 0.9887
Epoch 220, loss_inner: 0.35039, loss_target: 0.29776, homo loss: 0.00000 
acc_train_clean: 0.8838, ASR_train_attach: 0.9500, ASR_train_outter: 0.9803
Epoch 230, loss_inner: 0.34578, loss_target: 0.28884, homo loss: 0.00000 
acc_train_clean: 0.8859, ASR_train_attach: 0.9750, ASR_train_outter: 0.9803
Epoch 240, loss_inner: 0.34390, loss_target: 0.28527, homo loss: 0.00000 
acc_train_clean: 0.8859, ASR_train_attach: 0.9250, ASR_train_outter: 0.9831
Epoch 250, loss_inner: 0.34401, loss_target: 0.28844, homo loss: 0.00000 
acc_train_clean: 0.8849, ASR_train_attach: 0.9750, ASR_train_outter: 0.9944
Epoch 260, loss_inner: 0.35433, loss_target: 0.37142, homo loss: 0.00000 
acc_train_clean: 0.8803, ASR_train_attach: 0.8750, ASR_train_outter: 0.9915
Epoch 270, loss_inner: 0.35596, loss_target: 0.36309, homo loss: 0.00000 
acc_train_clean: 0.8793, ASR_train_attach: 1.0000, ASR_train_outter: 0.9981
Epoch 280, loss_inner: 0.33942, loss_target: 0.30688, homo loss: 0.00000 
acc_train_clean: 0.8849, ASR_train_attach: 1.0000, ASR_train_outter: 0.9803
Epoch 290, loss_inner: 0.33528, loss_target: 0.28368, homo loss: 0.00000 
acc_train_clean: 0.8876, ASR_train_attach: 0.9750, ASR_train_outter: 0.9840
Epoch 300, loss_inner: 0.33374, loss_target: 0.27806, homo loss: 0.00000 
acc_train_clean: 0.8884, ASR_train_attach: 0.9750, ASR_train_outter: 0.9840
Epoch 310, loss_inner: 0.33286, loss_target: 0.28264, homo loss: 0.00000 
acc_train_clean: 0.8892, ASR_train_attach: 0.9250, ASR_train_outter: 0.9605
Epoch 320, loss_inner: 0.33684, loss_target: 0.42550, homo loss: 0.00000 
acc_train_clean: 0.8859, ASR_train_attach: 1.0000, ASR_train_outter: 0.9915
Epoch 330, loss_inner: 0.33194, loss_target: 0.31766, homo loss: 0.00000 
acc_train_clean: 0.8856, ASR_train_attach: 1.0000, ASR_train_outter: 0.9878
Epoch 340, loss_inner: 0.32977, loss_target: 0.29914, homo loss: 0.00000 
acc_train_clean: 0.8874, ASR_train_attach: 0.9750, ASR_train_outter: 0.9868
Epoch 350, loss_inner: 0.32923, loss_target: 0.30721, homo loss: 0.00000 
acc_train_clean: 0.8887, ASR_train_attach: 1.0000, ASR_train_outter: 0.9972
Epoch 360, loss_inner: 0.32952, loss_target: 0.32257, homo loss: 0.00000 
acc_train_clean: 0.8869, ASR_train_attach: 1.0000, ASR_train_outter: 0.9925
Epoch 370, loss_inner: 0.32769, loss_target: 0.30723, homo loss: 0.00000 
acc_train_clean: 0.8884, ASR_train_attach: 0.9500, ASR_train_outter: 0.9850
Epoch 380, loss_inner: 0.32740, loss_target: 0.27845, homo loss: 0.00000 
acc_train_clean: 0.8892, ASR_train_attach: 0.9000, ASR_train_outter: 0.9727
Epoch 390, loss_inner: 0.32576, loss_target: 0.27123, homo loss: 0.00000 
acc_train_clean: 0.8892, ASR_train_attach: 0.9750, ASR_train_outter: 0.9878
Epoch 400, loss_inner: 0.32455, loss_target: 0.26903, homo loss: 0.00000 
acc_train_clean: 0.8889, ASR_train_attach: 0.9750, ASR_train_outter: 0.9868
Epoch 410, loss_inner: 0.32362, loss_target: 0.28678, homo loss: 0.00000 
acc_train_clean: 0.8887, ASR_train_attach: 1.0000, ASR_train_outter: 0.9972
Epoch 420, loss_inner: 0.32350, loss_target: 0.27385, homo loss: 0.00000 
acc_train_clean: 0.8889, ASR_train_attach: 0.9750, ASR_train_outter: 0.9878
Epoch 430, loss_inner: 0.32327, loss_target: 0.27024, homo loss: 0.00000 
acc_train_clean: 0.8894, ASR_train_attach: 0.9000, ASR_train_outter: 0.9793
Epoch 440, loss_inner: 0.32215, loss_target: 0.29215, homo loss: 0.00000 
acc_train_clean: 0.8892, ASR_train_attach: 1.0000, ASR_train_outter: 0.9981
Epoch 450, loss_inner: 0.32238, loss_target: 0.26989, homo loss: 0.00000 
acc_train_clean: 0.8902, ASR_train_attach: 0.9000, ASR_train_outter: 0.9756
Epoch 460, loss_inner: 0.32120, loss_target: 0.26680, homo loss: 0.00000 
acc_train_clean: 0.8902, ASR_train_attach: 0.9750, ASR_train_outter: 0.9878
Epoch 470, loss_inner: 0.32064, loss_target: 0.27044, homo loss: 0.00000 
acc_train_clean: 0.8904, ASR_train_attach: 1.0000, ASR_train_outter: 0.9953
Epoch 480, loss_inner: 0.32358, loss_target: 0.39783, homo loss: 0.00000 
acc_train_clean: 0.8902, ASR_train_attach: 0.9000, ASR_train_outter: 0.9887
Epoch 490, loss_inner: 0.33688, loss_target: 0.68739, homo loss: 0.00000 
acc_train_clean: 0.8861, ASR_train_attach: 0.9750, ASR_train_outter: 0.9803
Epoch 500, loss_inner: 0.34277, loss_target: 0.36095, homo loss: 0.00000 
acc_train_clean: 0.8879, ASR_train_attach: 0.4750, ASR_train_outter: 0.9756
Epoch 510, loss_inner: 0.33790, loss_target: 0.33537, homo loss: 0.00000 
acc_train_clean: 0.8821, ASR_train_attach: 0.9750, ASR_train_outter: 0.9981
Epoch 520, loss_inner: 0.33155, loss_target: 0.29532, homo loss: 0.00000 
acc_train_clean: 0.8861, ASR_train_attach: 0.9000, ASR_train_outter: 0.9549
Epoch 530, loss_inner: 0.32479, loss_target: 0.28769, homo loss: 0.00000 
acc_train_clean: 0.8899, ASR_train_attach: 0.9250, ASR_train_outter: 0.9662
Epoch 540, loss_inner: 0.32123, loss_target: 0.27569, homo loss: 0.00000 
acc_train_clean: 0.8887, ASR_train_attach: 0.9750, ASR_train_outter: 0.9897
Epoch 550, loss_inner: 0.31838, loss_target: 0.26120, homo loss: 0.00000 
acc_train_clean: 0.8904, ASR_train_attach: 0.9750, ASR_train_outter: 0.9887
Epoch 560, loss_inner: 0.31779, loss_target: 0.26043, homo loss: 0.00000 
acc_train_clean: 0.8912, ASR_train_attach: 1.0000, ASR_train_outter: 0.9915
Epoch 570, loss_inner: 0.31913, loss_target: 0.29666, homo loss: 0.00000 
acc_train_clean: 0.8887, ASR_train_attach: 1.0000, ASR_train_outter: 0.9962
Epoch 580, loss_inner: 0.31940, loss_target: 0.26429, homo loss: 0.00000 
acc_train_clean: 0.8889, ASR_train_attach: 0.9750, ASR_train_outter: 0.9915
Epoch 590, loss_inner: 0.31943, loss_target: 0.26250, homo loss: 0.00000 
acc_train_clean: 0.8902, ASR_train_attach: 1.0000, ASR_train_outter: 0.9906
Epoch 600, loss_inner: 0.31821, loss_target: 0.29667, homo loss: 0.00000 
acc_train_clean: 0.8909, ASR_train_attach: 1.0000, ASR_train_outter: 0.9991
Epoch 610, loss_inner: 0.31842, loss_target: 0.26632, homo loss: 0.00000 
acc_train_clean: 0.8920, ASR_train_attach: 0.9750, ASR_train_outter: 0.9953
Epoch 620, loss_inner: 0.31873, loss_target: 0.26299, homo loss: 0.00000 
acc_train_clean: 0.8909, ASR_train_attach: 1.0000, ASR_train_outter: 0.9840
Epoch 630, loss_inner: 0.31853, loss_target: 0.33841, homo loss: 0.00000 
acc_train_clean: 0.8892, ASR_train_attach: 1.0000, ASR_train_outter: 0.9991
Epoch 640, loss_inner: 0.31996, loss_target: 0.29077, homo loss: 0.00000 
acc_train_clean: 0.8909, ASR_train_attach: 0.8500, ASR_train_outter: 0.9427
Epoch 650, loss_inner: 0.31963, loss_target: 0.26874, homo loss: 0.00000 
acc_train_clean: 0.8907, ASR_train_attach: 0.9000, ASR_train_outter: 0.9831
Epoch 660, loss_inner: 0.41120, loss_target: 0.34085, homo loss: 0.00000 
acc_train_clean: 0.8861, ASR_train_attach: 0.0000, ASR_train_outter: 0.9915
Epoch 670, loss_inner: 0.48575, loss_target: 0.39862, homo loss: 0.00000 
acc_train_clean: 0.8483, ASR_train_attach: 0.4000, ASR_train_outter: 0.9821
Epoch 680, loss_inner: 0.43876, loss_target: 0.77532, homo loss: 0.00000 
acc_train_clean: 0.8691, ASR_train_attach: 0.2250, ASR_train_outter: 1.0000
Epoch 690, loss_inner: 0.73201, loss_target: 0.47765, homo loss: 0.00000 
acc_train_clean: 0.8547, ASR_train_attach: 0.0000, ASR_train_outter: 0.7688
Epoch 700, loss_inner: 0.60201, loss_target: 1.09540, homo loss: 0.00000 
acc_train_clean: 0.7768, ASR_train_attach: 0.8750, ASR_train_outter: 1.0000
Epoch 710, loss_inner: 0.52227, loss_target: 0.64064, homo loss: 0.00000 
acc_train_clean: 0.8029, ASR_train_attach: 1.0000, ASR_train_outter: 1.0000
Epoch 720, loss_inner: 0.38539, loss_target: 0.49619, homo loss: 0.00000 
acc_train_clean: 0.8572, ASR_train_attach: 1.0000, ASR_train_outter: 1.0000
Epoch 730, loss_inner: 0.34413, loss_target: 0.28122, homo loss: 0.00000 
acc_train_clean: 0.8689, ASR_train_attach: 1.0000, ASR_train_outter: 1.0000
Epoch 740, loss_inner: 0.33685, loss_target: 0.26465, homo loss: 0.00000 
acc_train_clean: 0.8795, ASR_train_attach: 1.0000, ASR_train_outter: 1.0000
Epoch 750, loss_inner: 0.33802, loss_target: 0.26169, homo loss: 0.00000 
acc_train_clean: 0.8856, ASR_train_attach: 1.0000, ASR_train_outter: 1.0000
Epoch 760, loss_inner: 0.33971, loss_target: 0.25893, homo loss: 0.00000 
acc_train_clean: 0.8818, ASR_train_attach: 1.0000, ASR_train_outter: 1.0000
Epoch 770, loss_inner: 0.33925, loss_target: 0.25704, homo loss: 0.00000 
acc_train_clean: 0.8808, ASR_train_attach: 1.0000, ASR_train_outter: 0.9991
Epoch 780, loss_inner: 0.33229, loss_target: 0.25619, homo loss: 0.00000 
acc_train_clean: 0.8821, ASR_train_attach: 1.0000, ASR_train_outter: 0.9991
Epoch 790, loss_inner: 0.32286, loss_target: 0.26979, homo loss: 0.00000 
acc_train_clean: 0.8866, ASR_train_attach: 1.0000, ASR_train_outter: 1.0000
Epoch 800, loss_inner: 0.32294, loss_target: 0.26369, homo loss: 0.00000 
acc_train_clean: 0.8871, ASR_train_attach: 1.0000, ASR_train_outter: 1.0000
Epoch 810, loss_inner: 0.32273, loss_target: 0.26254, homo loss: 0.00000 
acc_train_clean: 0.8882, ASR_train_attach: 1.0000, ASR_train_outter: 0.9991
Epoch 820, loss_inner: 0.32140, loss_target: 0.25390, homo loss: 0.00000 
acc_train_clean: 0.8899, ASR_train_attach: 1.0000, ASR_train_outter: 1.0000
Epoch 830, loss_inner: 0.32058, loss_target: 0.25295, homo loss: 0.00000 
acc_train_clean: 0.8889, ASR_train_attach: 1.0000, ASR_train_outter: 1.0000
Epoch 840, loss_inner: 0.32056, loss_target: 0.25243, homo loss: 0.00000 
acc_train_clean: 0.8874, ASR_train_attach: 1.0000, ASR_train_outter: 1.0000
Epoch 850, loss_inner: 0.32062, loss_target: 0.25300, homo loss: 0.00000 
acc_train_clean: 0.8876, ASR_train_attach: 1.0000, ASR_train_outter: 1.0000
Epoch 860, loss_inner: 0.32009, loss_target: 0.25370, homo loss: 0.00000 
acc_train_clean: 0.8887, ASR_train_attach: 1.0000, ASR_train_outter: 0.9991
Epoch 870, loss_inner: 0.31919, loss_target: 0.24950, homo loss: 0.00000 
acc_train_clean: 0.8902, ASR_train_attach: 1.0000, ASR_train_outter: 1.0000
Epoch 880, loss_inner: 0.31839, loss_target: 0.24684, homo loss: 0.00000 
acc_train_clean: 0.8899, ASR_train_attach: 1.0000, ASR_train_outter: 1.0000
Epoch 890, loss_inner: 0.31780, loss_target: 0.24482, homo loss: 0.00000 
acc_train_clean: 0.8899, ASR_train_attach: 1.0000, ASR_train_outter: 1.0000
Epoch 900, loss_inner: 0.31728, loss_target: 0.24118, homo loss: 0.00000 
acc_train_clean: 0.8904, ASR_train_attach: 1.0000, ASR_train_outter: 1.0000
Epoch 910, loss_inner: 0.31693, loss_target: 0.24009, homo loss: 0.00000 
acc_train_clean: 0.8907, ASR_train_attach: 1.0000, ASR_train_outter: 1.0000
Epoch 920, loss_inner: 0.31677, loss_target: 0.24674, homo loss: 0.00000 
acc_train_clean: 0.8912, ASR_train_attach: 1.0000, ASR_train_outter: 1.0000
Epoch 930, loss_inner: 0.31631, loss_target: 0.24024, homo loss: 0.00000 
acc_train_clean: 0.8907, ASR_train_attach: 1.0000, ASR_train_outter: 1.0000
Epoch 940, loss_inner: 0.31599, loss_target: 0.23852, homo loss: 0.00000 
acc_train_clean: 0.8912, ASR_train_attach: 1.0000, ASR_train_outter: 1.0000
Epoch 950, loss_inner: 0.31571, loss_target: 0.23853, homo loss: 0.00000 
acc_train_clean: 0.8909, ASR_train_attach: 1.0000, ASR_train_outter: 1.0000
Epoch 960, loss_inner: 0.31545, loss_target: 0.23866, homo loss: 0.00000 
acc_train_clean: 0.8920, ASR_train_attach: 1.0000, ASR_train_outter: 1.0000
Epoch 970, loss_inner: 0.31522, loss_target: 0.23837, homo loss: 0.00000 
acc_train_clean: 0.8917, ASR_train_attach: 1.0000, ASR_train_outter: 1.0000
Epoch 980, loss_inner: 0.31500, loss_target: 0.23875, homo loss: 0.00000 
acc_train_clean: 0.8917, ASR_train_attach: 1.0000, ASR_train_outter: 1.0000
Epoch 990, loss_inner: 0.31480, loss_target: 0.23841, homo loss: 0.00000 
acc_train_clean: 0.8917, ASR_train_attach: 1.0000, ASR_train_outter: 1.0000
Epoch 1000, loss_inner: 0.31462, loss_target: 0.23826, homo loss: 0.00000 
acc_train_clean: 0.8920, ASR_train_attach: 1.0000, ASR_train_outter: 1.0000
Epoch 1010, loss_inner: 0.31447, loss_target: 0.23895, homo loss: 0.00000 
acc_train_clean: 0.8920, ASR_train_attach: 1.0000, ASR_train_outter: 1.0000
Epoch 1020, loss_inner: 0.31429, loss_target: 0.23836, homo loss: 0.00000 
acc_train_clean: 0.8920, ASR_train_attach: 1.0000, ASR_train_outter: 1.0000
Epoch 1030, loss_inner: 0.31415, loss_target: 0.23831, homo loss: 0.00000 
acc_train_clean: 0.8917, ASR_train_attach: 1.0000, ASR_train_outter: 1.0000
Epoch 1040, loss_inner: 0.31401, loss_target: 0.23892, homo loss: 0.00000 
acc_train_clean: 0.8917, ASR_train_attach: 1.0000, ASR_train_outter: 1.0000
Epoch 1050, loss_inner: 0.31389, loss_target: 0.23839, homo loss: 0.00000 
acc_train_clean: 0.8915, ASR_train_attach: 1.0000, ASR_train_outter: 1.0000
Epoch 1060, loss_inner: 0.31377, loss_target: 0.23825, homo loss: 0.00000 
acc_train_clean: 0.8915, ASR_train_attach: 1.0000, ASR_train_outter: 1.0000
Epoch 1070, loss_inner: 0.31365, loss_target: 0.23811, homo loss: 0.00000 
acc_train_clean: 0.8922, ASR_train_attach: 1.0000, ASR_train_outter: 1.0000
Epoch 1080, loss_inner: 0.31352, loss_target: 0.23832, homo loss: 0.00000 
acc_train_clean: 0.8925, ASR_train_attach: 1.0000, ASR_train_outter: 1.0000
Epoch 1090, loss_inner: 0.31341, loss_target: 0.23844, homo loss: 0.00000 
acc_train_clean: 0.8925, ASR_train_attach: 1.0000, ASR_train_outter: 1.0000
Epoch 1100, loss_inner: 0.31328, loss_target: 0.23830, homo loss: 0.00000 
acc_train_clean: 0.8922, ASR_train_attach: 1.0000, ASR_train_outter: 1.0000
Epoch 1110, loss_inner: 0.31318, loss_target: 0.23874, homo loss: 0.00000 
acc_train_clean: 0.8922, ASR_train_attach: 1.0000, ASR_train_outter: 1.0000
Epoch 1120, loss_inner: 0.31312, loss_target: 0.23861, homo loss: 0.00000 
acc_train_clean: 0.8922, ASR_train_attach: 1.0000, ASR_train_outter: 1.0000
Epoch 1130, loss_inner: 0.31304, loss_target: 0.23830, homo loss: 0.00000 
acc_train_clean: 0.8922, ASR_train_attach: 1.0000, ASR_train_outter: 1.0000
Epoch 1140, loss_inner: 0.31295, loss_target: 0.23835, homo loss: 0.00000 
acc_train_clean: 0.8922, ASR_train_attach: 1.0000, ASR_train_outter: 1.0000
Epoch 1150, loss_inner: 0.31287, loss_target: 0.23834, homo loss: 0.00000 
acc_train_clean: 0.8925, ASR_train_attach: 1.0000, ASR_train_outter: 1.0000
Epoch 1160, loss_inner: 0.31279, loss_target: 0.23851, homo loss: 0.00000 
acc_train_clean: 0.8925, ASR_train_attach: 1.0000, ASR_train_outter: 1.0000
Epoch 1170, loss_inner: 0.31273, loss_target: 0.23844, homo loss: 0.00000 
acc_train_clean: 0.8925, ASR_train_attach: 1.0000, ASR_train_outter: 1.0000
Epoch 1180, loss_inner: 0.31266, loss_target: 0.23818, homo loss: 0.00000 
acc_train_clean: 0.8922, ASR_train_attach: 1.0000, ASR_train_outter: 1.0000
Epoch 1190, loss_inner: 0.31260, loss_target: 0.23834, homo loss: 0.00000 
acc_train_clean: 0.8922, ASR_train_attach: 1.0000, ASR_train_outter: 1.0000
Epoch 1200, loss_inner: 0.31257, loss_target: 0.23866, homo loss: 0.00000 
acc_train_clean: 0.8927, ASR_train_attach: 1.0000, ASR_train_outter: 1.0000
Epoch 1210, loss_inner: 0.31248, loss_target: 0.23851, homo loss: 0.00000 
acc_train_clean: 0.8925, ASR_train_attach: 1.0000, ASR_train_outter: 1.0000
Epoch 1220, loss_inner: 0.31242, loss_target: 0.23826, homo loss: 0.00000 
acc_train_clean: 0.8925, ASR_train_attach: 1.0000, ASR_train_outter: 1.0000
Epoch 1230, loss_inner: 0.31238, loss_target: 0.23834, homo loss: 0.00000 
acc_train_clean: 0.8927, ASR_train_attach: 1.0000, ASR_train_outter: 1.0000
Epoch 1240, loss_inner: 0.31235, loss_target: 0.23818, homo loss: 0.00000 
acc_train_clean: 0.8922, ASR_train_attach: 1.0000, ASR_train_outter: 1.0000
Epoch 1250, loss_inner: 0.31230, loss_target: 0.23807, homo loss: 0.00000 
acc_train_clean: 0.8925, ASR_train_attach: 1.0000, ASR_train_outter: 1.0000
Epoch 1260, loss_inner: 0.31225, loss_target: 0.23771, homo loss: 0.00000 
acc_train_clean: 0.8925, ASR_train_attach: 1.0000, ASR_train_outter: 1.0000
Epoch 1270, loss_inner: 0.31222, loss_target: 0.23729, homo loss: 0.00000 
acc_train_clean: 0.8925, ASR_train_attach: 1.0000, ASR_train_outter: 1.0000
Epoch 1280, loss_inner: 0.31224, loss_target: 0.24093, homo loss: 0.00000 
acc_train_clean: 0.8925, ASR_train_attach: 1.0000, ASR_train_outter: 1.0000
Epoch 1290, loss_inner: 0.31249, loss_target: 0.24843, homo loss: 0.00000 
acc_train_clean: 0.8927, ASR_train_attach: 1.0000, ASR_train_outter: 1.0000
Epoch 1300, loss_inner: 0.31220, loss_target: 0.24173, homo loss: 0.00000 
acc_train_clean: 0.8925, ASR_train_attach: 1.0000, ASR_train_outter: 1.0000
Epoch 1310, loss_inner: 0.31210, loss_target: 0.23717, homo loss: 0.00000 
acc_train_clean: 0.8927, ASR_train_attach: 1.0000, ASR_train_outter: 1.0000
Epoch 1320, loss_inner: 0.31207, loss_target: 0.23713, homo loss: 0.00000 
acc_train_clean: 0.8927, ASR_train_attach: 1.0000, ASR_train_outter: 1.0000
Epoch 1330, loss_inner: 0.31203, loss_target: 0.23746, homo loss: 0.00000 
acc_train_clean: 0.8927, ASR_train_attach: 1.0000, ASR_train_outter: 1.0000
Epoch 1340, loss_inner: 0.31199, loss_target: 0.23730, homo loss: 0.00000 
acc_train_clean: 0.8927, ASR_train_attach: 1.0000, ASR_train_outter: 1.0000
Epoch 1350, loss_inner: 0.31197, loss_target: 0.23726, homo loss: 0.00000 
acc_train_clean: 0.8927, ASR_train_attach: 1.0000, ASR_train_outter: 1.0000
Epoch 1360, loss_inner: 0.31196, loss_target: 0.23746, homo loss: 0.00000 
acc_train_clean: 0.8927, ASR_train_attach: 1.0000, ASR_train_outter: 1.0000
Epoch 1370, loss_inner: 0.31193, loss_target: 0.23725, homo loss: 0.00000 
acc_train_clean: 0.8925, ASR_train_attach: 1.0000, ASR_train_outter: 1.0000
Epoch 1380, loss_inner: 0.31190, loss_target: 0.23724, homo loss: 0.00000 
acc_train_clean: 0.8927, ASR_train_attach: 1.0000, ASR_train_outter: 1.0000
Epoch 1390, loss_inner: 0.31188, loss_target: 0.23716, homo loss: 0.00000 
acc_train_clean: 0.8930, ASR_train_attach: 1.0000, ASR_train_outter: 1.0000
Epoch 1400, loss_inner: 0.31186, loss_target: 0.23714, homo loss: 0.00000 
acc_train_clean: 0.8930, ASR_train_attach: 1.0000, ASR_train_outter: 1.0000
Epoch 1410, loss_inner: 0.31185, loss_target: 0.23712, homo loss: 0.00000 
acc_train_clean: 0.8930, ASR_train_attach: 1.0000, ASR_train_outter: 1.0000
Epoch 1420, loss_inner: 0.31184, loss_target: 0.23740, homo loss: 0.00000 
acc_train_clean: 0.8930, ASR_train_attach: 1.0000, ASR_train_outter: 1.0000
Epoch 1430, loss_inner: 0.31181, loss_target: 0.23707, homo loss: 0.00000 
acc_train_clean: 0.8930, ASR_train_attach: 1.0000, ASR_train_outter: 1.0000
Epoch 1440, loss_inner: 0.31178, loss_target: 0.23712, homo loss: 0.00000 
acc_train_clean: 0.8930, ASR_train_attach: 1.0000, ASR_train_outter: 1.0000
Epoch 1450, loss_inner: 0.31177, loss_target: 0.23714, homo loss: 0.00000 
acc_train_clean: 0.8930, ASR_train_attach: 1.0000, ASR_train_outter: 1.0000
Epoch 1460, loss_inner: 0.31175, loss_target: 0.23713, homo loss: 0.00000 
acc_train_clean: 0.8930, ASR_train_attach: 1.0000, ASR_train_outter: 1.0000
Epoch 1470, loss_inner: 0.31174, loss_target: 0.23722, homo loss: 0.00000 
acc_train_clean: 0.8930, ASR_train_attach: 1.0000, ASR_train_outter: 1.0000
Epoch 1480, loss_inner: 0.31172, loss_target: 0.23716, homo loss: 0.00000 
acc_train_clean: 0.8930, ASR_train_attach: 1.0000, ASR_train_outter: 1.0000
Epoch 1490, loss_inner: 0.31171, loss_target: 0.23715, homo loss: 0.00000 
acc_train_clean: 0.8927, ASR_train_attach: 1.0000, ASR_train_outter: 1.0000
Epoch 1500, loss_inner: 0.31175, loss_target: 0.23757, homo loss: 0.00000 
acc_train_clean: 0.8930, ASR_train_attach: 1.0000, ASR_train_outter: 1.0000
Epoch 1510, loss_inner: 0.31169, loss_target: 0.23733, homo loss: 0.00000 
acc_train_clean: 0.8930, ASR_train_attach: 1.0000, ASR_train_outter: 1.0000
Epoch 1520, loss_inner: 0.31164, loss_target: 0.23793, homo loss: 0.00000 
acc_train_clean: 0.8930, ASR_train_attach: 1.0000, ASR_train_outter: 0.9991
Epoch 1530, loss_inner: 0.31165, loss_target: 0.23733, homo loss: 0.00000 
acc_train_clean: 0.8930, ASR_train_attach: 1.0000, ASR_train_outter: 1.0000
Epoch 1540, loss_inner: 0.31164, loss_target: 0.23720, homo loss: 0.00000 
acc_train_clean: 0.8930, ASR_train_attach: 1.0000, ASR_train_outter: 1.0000
Epoch 1550, loss_inner: 0.31164, loss_target: 0.23764, homo loss: 0.00000 
acc_train_clean: 0.8930, ASR_train_attach: 1.0000, ASR_train_outter: 1.0000
Epoch 1560, loss_inner: 0.31162, loss_target: 0.23753, homo loss: 0.00000 
acc_train_clean: 0.8930, ASR_train_attach: 1.0000, ASR_train_outter: 1.0000
Epoch 1570, loss_inner: 0.31162, loss_target: 0.23747, homo loss: 0.00000 
acc_train_clean: 0.8930, ASR_train_attach: 1.0000, ASR_train_outter: 1.0000
Epoch 1580, loss_inner: 0.31159, loss_target: 0.23714, homo loss: 0.00000 
acc_train_clean: 0.8930, ASR_train_attach: 1.0000, ASR_train_outter: 1.0000
Epoch 1590, loss_inner: 0.31158, loss_target: 0.23714, homo loss: 0.00000 
acc_train_clean: 0.8930, ASR_train_attach: 1.0000, ASR_train_outter: 1.0000
Epoch 1600, loss_inner: 0.31158, loss_target: 0.23716, homo loss: 0.00000 
acc_train_clean: 0.8930, ASR_train_attach: 1.0000, ASR_train_outter: 1.0000
Epoch 1610, loss_inner: 0.31157, loss_target: 0.23716, homo loss: 0.00000 
acc_train_clean: 0.8930, ASR_train_attach: 1.0000, ASR_train_outter: 1.0000
Epoch 1620, loss_inner: 0.31156, loss_target: 0.23722, homo loss: 0.00000 
acc_train_clean: 0.8930, ASR_train_attach: 1.0000, ASR_train_outter: 1.0000
Epoch 1630, loss_inner: 0.31155, loss_target: 0.23716, homo loss: 0.00000 
acc_train_clean: 0.8930, ASR_train_attach: 1.0000, ASR_train_outter: 1.0000
Epoch 1640, loss_inner: 0.31158, loss_target: 0.23761, homo loss: 0.00000 
acc_train_clean: 0.8930, ASR_train_attach: 1.0000, ASR_train_outter: 1.0000
Epoch 1650, loss_inner: 0.31153, loss_target: 0.23724, homo loss: 0.00000 
acc_train_clean: 0.8930, ASR_train_attach: 1.0000, ASR_train_outter: 1.0000
Epoch 1660, loss_inner: 0.31150, loss_target: 0.23710, homo loss: 0.00000 
acc_train_clean: 0.8930, ASR_train_attach: 1.0000, ASR_train_outter: 1.0000
Epoch 1670, loss_inner: 0.31150, loss_target: 0.23808, homo loss: 0.00000 
acc_train_clean: 0.8930, ASR_train_attach: 1.0000, ASR_train_outter: 0.9981
Epoch 1680, loss_inner: 0.31150, loss_target: 0.23748, homo loss: 0.00000 
acc_train_clean: 0.8930, ASR_train_attach: 1.0000, ASR_train_outter: 1.0000
Epoch 1690, loss_inner: 0.31150, loss_target: 0.23724, homo loss: 0.00000 
acc_train_clean: 0.8930, ASR_train_attach: 1.0000, ASR_train_outter: 1.0000
Epoch 1700, loss_inner: 0.31150, loss_target: 0.23744, homo loss: 0.00000 
acc_train_clean: 0.8930, ASR_train_attach: 1.0000, ASR_train_outter: 1.0000
Epoch 1710, loss_inner: 0.31148, loss_target: 0.23705, homo loss: 0.00000 
acc_train_clean: 0.8930, ASR_train_attach: 1.0000, ASR_train_outter: 1.0000
Epoch 1720, loss_inner: 0.31147, loss_target: 0.23729, homo loss: 0.00000 
acc_train_clean: 0.8930, ASR_train_attach: 1.0000, ASR_train_outter: 1.0000
Epoch 1730, loss_inner: 0.31148, loss_target: 0.23763, homo loss: 0.00000 
acc_train_clean: 0.8930, ASR_train_attach: 1.0000, ASR_train_outter: 1.0000
Epoch 1740, loss_inner: 0.31146, loss_target: 0.23723, homo loss: 0.00000 
acc_train_clean: 0.8930, ASR_train_attach: 1.0000, ASR_train_outter: 1.0000
Epoch 1750, loss_inner: 0.31146, loss_target: 0.23938, homo loss: 0.00000 
acc_train_clean: 0.8927, ASR_train_attach: 1.0000, ASR_train_outter: 1.0000
Epoch 1760, loss_inner: 0.31146, loss_target: 0.23753, homo loss: 0.00000 
acc_train_clean: 0.8930, ASR_train_attach: 1.0000, ASR_train_outter: 1.0000
Epoch 1770, loss_inner: 0.31144, loss_target: 0.23718, homo loss: 0.00000 
acc_train_clean: 0.8930, ASR_train_attach: 1.0000, ASR_train_outter: 1.0000
Epoch 1780, loss_inner: 0.31143, loss_target: 0.23727, homo loss: 0.00000 
acc_train_clean: 0.8930, ASR_train_attach: 1.0000, ASR_train_outter: 1.0000
Epoch 1790, loss_inner: 0.31143, loss_target: 0.23721, homo loss: 0.00000 
acc_train_clean: 0.8930, ASR_train_attach: 1.0000, ASR_train_outter: 1.0000
Epoch 1800, loss_inner: 0.31143, loss_target: 0.23734, homo loss: 0.00000 
acc_train_clean: 0.8930, ASR_train_attach: 1.0000, ASR_train_outter: 1.0000
Epoch 1810, loss_inner: 0.31142, loss_target: 0.23730, homo loss: 0.00000 
acc_train_clean: 0.8930, ASR_train_attach: 1.0000, ASR_train_outter: 1.0000
Epoch 1820, loss_inner: 0.31142, loss_target: 0.23721, homo loss: 0.00000 
acc_train_clean: 0.8930, ASR_train_attach: 1.0000, ASR_train_outter: 1.0000
Epoch 1830, loss_inner: 0.31141, loss_target: 0.23724, homo loss: 0.00000 
acc_train_clean: 0.8930, ASR_train_attach: 1.0000, ASR_train_outter: 1.0000
Epoch 1840, loss_inner: 0.31142, loss_target: 0.23765, homo loss: 0.00000 
acc_train_clean: 0.8930, ASR_train_attach: 1.0000, ASR_train_outter: 1.0000
Epoch 1850, loss_inner: 0.31140, loss_target: 0.23731, homo loss: 0.00000 
acc_train_clean: 0.8930, ASR_train_attach: 1.0000, ASR_train_outter: 1.0000
Epoch 1860, loss_inner: 0.31140, loss_target: 0.24268, homo loss: 0.00000 
acc_train_clean: 0.8930, ASR_train_attach: 1.0000, ASR_train_outter: 0.9925
Epoch 1870, loss_inner: 0.31139, loss_target: 0.23939, homo loss: 0.00000 
acc_train_clean: 0.8930, ASR_train_attach: 1.0000, ASR_train_outter: 1.0000
Epoch 1880, loss_inner: 0.31141, loss_target: 0.23771, homo loss: 0.00000 
acc_train_clean: 0.8930, ASR_train_attach: 1.0000, ASR_train_outter: 1.0000
Epoch 1890, loss_inner: 0.31138, loss_target: 0.23732, homo loss: 0.00000 
acc_train_clean: 0.8930, ASR_train_attach: 1.0000, ASR_train_outter: 1.0000
Epoch 1900, loss_inner: 0.31139, loss_target: 0.23723, homo loss: 0.00000 
acc_train_clean: 0.8930, ASR_train_attach: 1.0000, ASR_train_outter: 1.0000
Epoch 1910, loss_inner: 0.31138, loss_target: 0.23724, homo loss: 0.00000 
acc_train_clean: 0.8930, ASR_train_attach: 1.0000, ASR_train_outter: 1.0000
Epoch 1920, loss_inner: 0.31138, loss_target: 0.23723, homo loss: 0.00000 
acc_train_clean: 0.8930, ASR_train_attach: 1.0000, ASR_train_outter: 1.0000
Epoch 1930, loss_inner: 0.31137, loss_target: 0.23722, homo loss: 0.00000 
acc_train_clean: 0.8930, ASR_train_attach: 1.0000, ASR_train_outter: 1.0000
Epoch 1940, loss_inner: 0.31137, loss_target: 0.23722, homo loss: 0.00000 
acc_train_clean: 0.8930, ASR_train_attach: 1.0000, ASR_train_outter: 1.0000
Epoch 1950, loss_inner: 0.31137, loss_target: 0.23723, homo loss: 0.00000 
acc_train_clean: 0.8930, ASR_train_attach: 1.0000, ASR_train_outter: 1.0000
Epoch 1960, loss_inner: 0.31137, loss_target: 0.23719, homo loss: 0.00000 
acc_train_clean: 0.8930, ASR_train_attach: 1.0000, ASR_train_outter: 1.0000
Epoch 1970, loss_inner: 0.31139, loss_target: 0.23807, homo loss: 0.00000 
acc_train_clean: 0.8930, ASR_train_attach: 1.0000, ASR_train_outter: 1.0000
Epoch 1980, loss_inner: 0.31136, loss_target: 0.23754, homo loss: 0.00000 
acc_train_clean: 0.8930, ASR_train_attach: 1.0000, ASR_train_outter: 1.0000
Epoch 1990, loss_inner: 0.31137, loss_target: 0.23731, homo loss: 0.00000 
acc_train_clean: 0.8932, ASR_train_attach: 1.0000, ASR_train_outter: 1.0000
load best weight based on the loss outter
precent of left attach nodes: 0.000
Namespace(cuda=True, dataset='Pubmed', debug=True, defense_mode='isolate', device_id=1, dis_weight=0.0, dropout=0.5, epochs=200, evaluate_mode='1by1', hidden=32, homo_boost_thrd=0.5, homo_loss_weight=0.0, inner=1, lr=0.01, model='GCN', no_cuda=False, prune_thr=0.2, seed=265, selection_method='cluster_degree', target_class=0, target_loss_weight=1, test_model='GCN', thrd=0.5, train_lr=0.01, trigger_size=3, trojan_epochs=2000, use_vs_number=True, vs_number=40, vs_ratio=0, weight_decay=0.0005)
target class rate on Vs: 0.0000
accuracy on clean test nodes: 0.8422
Overall ASR: 0.2170
Flip ASR: 0.0450/1554 nodes
Namespace(cuda=True, dataset='Pubmed', debug=True, defense_mode='isolate', device_id=1, dis_weight=0.0, dropout=0.5, epochs=200, evaluate_mode='1by1', hidden=32, homo_boost_thrd=0.5, homo_loss_weight=0.0, inner=1, lr=0.01, model='GCN', no_cuda=False, prune_thr=0.2, seed=125, selection_method='cluster_degree', target_class=0, target_loss_weight=1, test_model='GCN', thrd=0.5, train_lr=0.01, trigger_size=3, trojan_epochs=2000, use_vs_number=True, vs_number=40, vs_ratio=0, weight_decay=0.0005)
target class rate on Vs: 0.0000
accuracy on clean test nodes: 0.8392
Overall ASR: 0.2089
Flip ASR: 0.0412/1554 nodes
Namespace(cuda=True, dataset='Pubmed', debug=True, defense_mode='isolate', device_id=1, dis_weight=0.0, dropout=0.5, epochs=200, evaluate_mode='1by1', hidden=32, homo_boost_thrd=0.5, homo_loss_weight=0.0, inner=1, lr=0.01, model='GCN', no_cuda=False, prune_thr=0.2, seed=996, selection_method='cluster_degree', target_class=0, target_loss_weight=1, test_model='GCN', thrd=0.5, train_lr=0.01, trigger_size=3, trojan_epochs=2000, use_vs_number=True, vs_number=40, vs_ratio=0, weight_decay=0.0005)
target class rate on Vs: 0.0000
accuracy on clean test nodes: 0.8397
Overall ASR: 0.2104
Flip ASR: 0.0405/1554 nodes
Namespace(cuda=True, dataset='Pubmed', debug=True, defense_mode='isolate', device_id=1, dis_weight=0.0, dropout=0.5, epochs=200, evaluate_mode='1by1', hidden=32, homo_boost_thrd=0.5, homo_loss_weight=0.0, inner=1, lr=0.01, model='GCN', no_cuda=False, prune_thr=0.2, seed=527, selection_method='cluster_degree', target_class=0, target_loss_weight=1, test_model='GCN', thrd=0.5, train_lr=0.01, trigger_size=3, trojan_epochs=2000, use_vs_number=True, vs_number=40, vs_ratio=0, weight_decay=0.0005)
target class rate on Vs: 0.0000
accuracy on clean test nodes: 0.8392
Overall ASR: 0.2145
Flip ASR: 0.0431/1554 nodes
Namespace(cuda=True, dataset='Pubmed', debug=True, defense_mode='isolate', device_id=1, dis_weight=0.0, dropout=0.5, epochs=200, evaluate_mode='1by1', hidden=32, homo_boost_thrd=0.5, homo_loss_weight=0.0, inner=1, lr=0.01, model='GCN', no_cuda=False, prune_thr=0.2, seed=320, selection_method='cluster_degree', target_class=0, target_loss_weight=1, test_model='GCN', thrd=0.5, train_lr=0.01, trigger_size=3, trojan_epochs=2000, use_vs_number=True, vs_number=40, vs_ratio=0, weight_decay=0.0005)
target class rate on Vs: 0.0000
accuracy on clean test nodes: 0.8412
Overall ASR: 0.2175
Flip ASR: 0.0444/1554 nodes
Overall ASR: 0.2137 (GCN model, Seed: 320)
Overall Clean Accuracy: 0.8403
Namespace(cuda=True, dataset='Pubmed', debug=True, defense_mode='isolate', device_id=1, dis_weight=0.0, dropout=0.5, epochs=200, evaluate_mode='1by1', hidden=32, homo_boost_thrd=0.5, homo_loss_weight=0.0, inner=1, lr=0.01, model='GCN', no_cuda=False, prune_thr=0.2, seed=781, selection_method='cluster_degree', target_class=0, target_loss_weight=1, test_model='GAT', thrd=0.5, train_lr=0.01, trigger_size=3, trojan_epochs=2000, use_vs_number=True, vs_number=40, vs_ratio=0, weight_decay=0.0005)
/home/project-graph-backdoor/Backdoor/models/GAT.py:61: UserWarning: To copy construct from a tensor, it is recommended to use sourceTensor.clone().detach() or sourceTensor.clone().detach().requires_grad_(True), rather than torch.tensor(sourceTensor).
  self.labels = torch.tensor(labels, dtype=torch.long)
target class rate on Vs: 0.0000
accuracy on clean test nodes: 0.8300
Overall ASR: 0.2130
Flip ASR: 0.0431/1554 nodes
Namespace(cuda=True, dataset='Pubmed', debug=True, defense_mode='isolate', device_id=1, dis_weight=0.0, dropout=0.5, epochs=200, evaluate_mode='1by1', hidden=32, homo_boost_thrd=0.5, homo_loss_weight=0.0, inner=1, lr=0.01, model='GCN', no_cuda=False, prune_thr=0.2, seed=706, selection_method='cluster_degree', target_class=0, target_loss_weight=1, test_model='GAT', thrd=0.5, train_lr=0.01, trigger_size=3, trojan_epochs=2000, use_vs_number=True, vs_number=40, vs_ratio=0, weight_decay=0.0005)
target class rate on Vs: 0.0000
accuracy on clean test nodes: 0.8316
Overall ASR: 0.2094
Flip ASR: 0.0412/1554 nodes
Namespace(cuda=True, dataset='Pubmed', debug=True, defense_mode='isolate', device_id=1, dis_weight=0.0, dropout=0.5, epochs=200, evaluate_mode='1by1', hidden=32, homo_boost_thrd=0.5, homo_loss_weight=0.0, inner=1, lr=0.01, model='GCN', no_cuda=False, prune_thr=0.2, seed=778, selection_method='cluster_degree', target_class=0, target_loss_weight=1, test_model='GAT', thrd=0.5, train_lr=0.01, trigger_size=3, trojan_epochs=2000, use_vs_number=True, vs_number=40, vs_ratio=0, weight_decay=0.0005)
target class rate on Vs: 0.0000
accuracy on clean test nodes: 0.8275
Overall ASR: 0.2262
Flip ASR: 0.0495/1554 nodes
Namespace(cuda=True, dataset='Pubmed', debug=True, defense_mode='isolate', device_id=1, dis_weight=0.0, dropout=0.5, epochs=200, evaluate_mode='1by1', hidden=32, homo_boost_thrd=0.5, homo_loss_weight=0.0, inner=1, lr=0.01, model='GCN', no_cuda=False, prune_thr=0.2, seed=604, selection_method='cluster_degree', target_class=0, target_loss_weight=1, test_model='GAT', thrd=0.5, train_lr=0.01, trigger_size=3, trojan_epochs=2000, use_vs_number=True, vs_number=40, vs_ratio=0, weight_decay=0.0005)
target class rate on Vs: 0.0000
accuracy on clean test nodes: 0.8270
Overall ASR: 0.2170
Flip ASR: 0.0450/1554 nodes
Namespace(cuda=True, dataset='Pubmed', debug=True, defense_mode='isolate', device_id=1, dis_weight=0.0, dropout=0.5, epochs=200, evaluate_mode='1by1', hidden=32, homo_boost_thrd=0.5, homo_loss_weight=0.0, inner=1, lr=0.01, model='GCN', no_cuda=False, prune_thr=0.2, seed=133, selection_method='cluster_degree', target_class=0, target_loss_weight=1, test_model='GAT', thrd=0.5, train_lr=0.01, trigger_size=3, trojan_epochs=2000, use_vs_number=True, vs_number=40, vs_ratio=0, weight_decay=0.0005)
target class rate on Vs: 0.0000
accuracy on clean test nodes: 0.8356
Overall ASR: 0.2160
Flip ASR: 0.0450/1554 nodes
Overall ASR: 0.2163 (GAT model, Seed: 133)
Overall Clean Accuracy: 0.8303
Namespace(cuda=True, dataset='Pubmed', debug=True, defense_mode='isolate', device_id=1, dis_weight=0.0, dropout=0.5, epochs=200, evaluate_mode='1by1', hidden=32, homo_boost_thrd=0.5, homo_loss_weight=0.0, inner=1, lr=0.01, model='GCN', no_cuda=False, prune_thr=0.2, seed=673, selection_method='cluster_degree', target_class=0, target_loss_weight=1, test_model='GraphSage', thrd=0.5, train_lr=0.01, trigger_size=3, trojan_epochs=2000, use_vs_number=True, vs_number=40, vs_ratio=0, weight_decay=0.0005)
target class rate on Vs: 0.0000
accuracy on clean test nodes: 0.8371
Overall ASR: 0.2120
Flip ASR: 0.0444/1554 nodes
Namespace(cuda=True, dataset='Pubmed', debug=True, defense_mode='isolate', device_id=1, dis_weight=0.0, dropout=0.5, epochs=200, evaluate_mode='1by1', hidden=32, homo_boost_thrd=0.5, homo_loss_weight=0.0, inner=1, lr=0.01, model='GCN', no_cuda=False, prune_thr=0.2, seed=904, selection_method='cluster_degree', target_class=0, target_loss_weight=1, test_model='GraphSage', thrd=0.5, train_lr=0.01, trigger_size=3, trojan_epochs=2000, use_vs_number=True, vs_number=40, vs_ratio=0, weight_decay=0.0005)
target class rate on Vs: 0.0000
accuracy on clean test nodes: 0.8397
Overall ASR: 0.2099
Flip ASR: 0.0431/1554 nodes
Namespace(cuda=True, dataset='Pubmed', debug=True, defense_mode='isolate', device_id=1, dis_weight=0.0, dropout=0.5, epochs=200, evaluate_mode='1by1', hidden=32, homo_boost_thrd=0.5, homo_loss_weight=0.0, inner=1, lr=0.01, model='GCN', no_cuda=False, prune_thr=0.2, seed=56, selection_method='cluster_degree', target_class=0, target_loss_weight=1, test_model='GraphSage', thrd=0.5, train_lr=0.01, trigger_size=3, trojan_epochs=2000, use_vs_number=True, vs_number=40, vs_ratio=0, weight_decay=0.0005)
target class rate on Vs: 0.0000
accuracy on clean test nodes: 0.8382
Overall ASR: 0.2120
Flip ASR: 0.0425/1554 nodes
Namespace(cuda=True, dataset='Pubmed', debug=True, defense_mode='isolate', device_id=1, dis_weight=0.0, dropout=0.5, epochs=200, evaluate_mode='1by1', hidden=32, homo_boost_thrd=0.5, homo_loss_weight=0.0, inner=1, lr=0.01, model='GCN', no_cuda=False, prune_thr=0.2, seed=1, selection_method='cluster_degree', target_class=0, target_loss_weight=1, test_model='GraphSage', thrd=0.5, train_lr=0.01, trigger_size=3, trojan_epochs=2000, use_vs_number=True, vs_number=40, vs_ratio=0, weight_decay=0.0005)
target class rate on Vs: 0.0000
accuracy on clean test nodes: 0.8356
Overall ASR: 0.2104
Flip ASR: 0.0431/1554 nodes
Namespace(cuda=True, dataset='Pubmed', debug=True, defense_mode='isolate', device_id=1, dis_weight=0.0, dropout=0.5, epochs=200, evaluate_mode='1by1', hidden=32, homo_boost_thrd=0.5, homo_loss_weight=0.0, inner=1, lr=0.01, model='GCN', no_cuda=False, prune_thr=0.2, seed=694, selection_method='cluster_degree', target_class=0, target_loss_weight=1, test_model='GraphSage', thrd=0.5, train_lr=0.01, trigger_size=3, trojan_epochs=2000, use_vs_number=True, vs_number=40, vs_ratio=0, weight_decay=0.0005)
target class rate on Vs: 0.0000
accuracy on clean test nodes: 0.8382
Overall ASR: 0.2181
Flip ASR: 0.0463/1554 nodes
Overall ASR: 0.2125 (GraphSage model, Seed: 694)
Overall Clean Accuracy: 0.8377
Total Overall ASR: 0.2142 
Total Clean Accuracy: 0.8361
