nohup: ignoring input
Namespace(cuda=True, dataset='Pubmed', debug=True, defense_mode='prune', device_id=3, dis_weight=0.0, dropout=0.5, epochs=200, evaluate_mode='1by1', hidden=32, homo_boost_thrd=0.5, homo_loss_weight=3.0, inner=1, lr=0.01, model='GCN', no_cuda=False, prune_thr=0.2, seed=11, selection_method='cluster_degree', target_class=0, target_loss_weight=1, test_model='GCN', thrd=0.5, train_lr=0.01, trigger_size=3, trojan_epochs=200, use_vs_number=True, vs_number=100, vs_ratio=0, weight_decay=0.0005)
Length of training set: 3943
Training benign model Finished!
Total time elapsed: 6.8263s
Benign CA: 0.8554
#Attach Nodes:100
Length of training set: 3943
=== training gcn model ===
Epoch 0, training loss: 1.1248021125793457
acc_val: 0.2035
Epoch 10, training loss: 1.035003423690796
acc_val: 0.4033
Epoch 20, training loss: 0.9271933436393738
acc_val: 0.4485
Epoch 30, training loss: 0.7763608694076538
acc_val: 0.6799
Epoch 40, training loss: 0.6315062642097473
acc_val: 0.8234
Epoch 50, training loss: 0.5373746156692505
acc_val: 0.8432
Epoch 60, training loss: 0.4778428375720978
acc_val: 0.8584
Epoch 70, training loss: 0.4452494978904724
acc_val: 0.8605
Epoch 80, training loss: 0.42119720578193665
acc_val: 0.8650
Epoch 90, training loss: 0.39013704657554626
acc_val: 0.8681
Epoch 100, training loss: 0.3752492666244507
acc_val: 0.8645
Epoch 110, training loss: 0.3645612895488739
acc_val: 0.8706
Epoch 120, training loss: 0.35561615228652954
acc_val: 0.8737
Epoch 130, training loss: 0.343599796295166
acc_val: 0.8701
Epoch 140, training loss: 0.3385894000530243
acc_val: 0.8727
Epoch 150, training loss: 0.33884504437446594
acc_val: 0.8747
Epoch 160, training loss: 0.3325924277305603
acc_val: 0.8747
Epoch 170, training loss: 0.3178776204586029
acc_val: 0.8782
Epoch 180, training loss: 0.31976497173309326
acc_val: 0.8757
Epoch 190, training loss: 0.32259464263916016
acc_val: 0.8716
=== picking the best model according to the performance on validation ===
Training encoder Finished!
Total time elapsed: 3.4884s
Encoder CA on clean test nodes: 0.8579
idx_sing_class [    0     1     4 ... 19700 19702 19704]
current_class_size 50
./selected_nodes/Pubmed/Seperate/seed11/class_1.txt
[ 2622.  7012.  6767. ... 16214.   903. 11450.]
idx_sing_class [    3     5     6 ... 19712 19714 19716]
current_class_size 50
./selected_nodes/Pubmed/Seperate/seed11/class_2.txt
[ 6834. 13199.   694. ...   580. 15548.  1205.]
idx_attach: tensor([ 2622,  7012,  6767,  6293,  8622, 11151, 12196,  1176, 14578, 19257,
         3121, 15916, 12852, 14851,  4210,  8071, 14236, 14840,  9493, 17390,
         7813, 13439,   821,  8004, 16238,  4045, 19558, 13923,  7882,  1387,
        12315, 10536, 13771,  5719,  4805, 13514,  6550,  2934,  1179, 17817,
         8118, 14852,  3001,  7614, 14102, 11837,  1558, 17589,  8452, 19534,
         6834, 13199,   694, 11009, 10937,  9532, 17660, 11005,  7654,   688,
        13329, 11718,  5292,  7776, 16845,  1376,  9680, 10614,  7241, 13777,
         9859,  7324, 11287, 15213, 14826, 19461, 19272, 14959, 16090,  2471,
        16713, 19611,  1605,  2221,   198, 18061, 19459,  2313, 10567, 19026,
        14505, 14001, 14363, 13433, 18583,  7434,  3458, 17134, 18056,  4498],
       device='cuda:3')
Epoch 0, loss_inner: 1.09897, loss_target: 1.08712, homo loss: 0.48138 
acc_train_clean: 0.3469, ASR_train_attach: 0.0000, ASR_train_outter: 0.0719
Epoch 10, loss_inner: 0.96068, loss_target: 0.85540, homo loss: 0.21862 
acc_train_clean: 0.6553, ASR_train_attach: 1.0000, ASR_train_outter: 0.9902
Epoch 20, loss_inner: 0.88932, loss_target: 0.77634, homo loss: 0.19762 
acc_train_clean: 0.7606, ASR_train_attach: 0.4300, ASR_train_outter: 0.9837
Epoch 30, loss_inner: 0.79038, loss_target: 0.73862, homo loss: 0.16252 
acc_train_clean: 0.7720, ASR_train_attach: 1.0000, ASR_train_outter: 0.9951
Epoch 40, loss_inner: 0.71092, loss_target: 0.66825, homo loss: 0.10312 
acc_train_clean: 0.8118, ASR_train_attach: 0.8700, ASR_train_outter: 0.8105
Epoch 50, loss_inner: 0.62547, loss_target: 0.57267, homo loss: 0.03739 
acc_train_clean: 0.8372, ASR_train_attach: 0.9300, ASR_train_outter: 0.9248
Epoch 60, loss_inner: 0.56069, loss_target: 0.52124, homo loss: 0.00189 
acc_train_clean: 0.8443, ASR_train_attach: 0.9300, ASR_train_outter: 0.9183
Epoch 70, loss_inner: 0.50968, loss_target: 0.46764, homo loss: 0.01269 
acc_train_clean: 0.8496, ASR_train_attach: 0.9600, ASR_train_outter: 0.9624
Epoch 80, loss_inner: 0.47719, loss_target: 0.44235, homo loss: 0.00090 
acc_train_clean: 0.8565, ASR_train_attach: 0.9400, ASR_train_outter: 0.9477
Epoch 90, loss_inner: 0.45226, loss_target: 0.41752, homo loss: 0.00336 
acc_train_clean: 0.8577, ASR_train_attach: 0.9500, ASR_train_outter: 0.9559
Epoch 100, loss_inner: 0.43891, loss_target: 0.41753, homo loss: 0.13378 
acc_train_clean: 0.8592, ASR_train_attach: 0.9900, ASR_train_outter: 0.9837
Epoch 110, loss_inner: 0.42354, loss_target: 0.39491, homo loss: 0.02275 
acc_train_clean: 0.8674, ASR_train_attach: 0.9400, ASR_train_outter: 0.9608
Epoch 120, loss_inner: 0.41158, loss_target: 0.38090, homo loss: 0.00105 
acc_train_clean: 0.8694, ASR_train_attach: 0.9600, ASR_train_outter: 0.9706
Epoch 130, loss_inner: 0.40095, loss_target: 0.37350, homo loss: 0.00994 
acc_train_clean: 0.8717, ASR_train_attach: 0.9700, ASR_train_outter: 0.9804
Epoch 140, loss_inner: 0.41828, loss_target: 0.38591, homo loss: 0.11079 
acc_train_clean: 0.8722, ASR_train_attach: 0.4600, ASR_train_outter: 0.9150
Epoch 150, loss_inner: 0.39727, loss_target: 0.37479, homo loss: 0.00457 
acc_train_clean: 0.8686, ASR_train_attach: 0.9200, ASR_train_outter: 0.9216
Epoch 160, loss_inner: 0.38747, loss_target: 0.35939, homo loss: 0.00041 
acc_train_clean: 0.8704, ASR_train_attach: 0.9400, ASR_train_outter: 0.9624
Epoch 170, loss_inner: 0.37762, loss_target: 0.35084, homo loss: 0.00113 
acc_train_clean: 0.8737, ASR_train_attach: 0.9500, ASR_train_outter: 0.9608
Epoch 180, loss_inner: 0.38277, loss_target: 0.36362, homo loss: 0.07515 
acc_train_clean: 0.8641, ASR_train_attach: 0.9800, ASR_train_outter: 0.9853
Epoch 190, loss_inner: 0.37801, loss_target: 0.35492, homo loss: 0.00209 
acc_train_clean: 0.8765, ASR_train_attach: 0.9500, ASR_train_outter: 0.9542
precent of left attach nodes: 1.000
Namespace(cuda=True, dataset='Pubmed', debug=True, defense_mode='prune', device_id=3, dis_weight=0.0, dropout=0.5, epochs=200, evaluate_mode='1by1', hidden=32, homo_boost_thrd=0.5, homo_loss_weight=3.0, inner=1, lr=0.01, model='GCN', no_cuda=False, prune_thr=0.2, seed=921, selection_method='cluster_degree', target_class=0, target_loss_weight=1, test_model='GCN', thrd=0.5, train_lr=0.01, trigger_size=3, trojan_epochs=200, use_vs_number=True, vs_number=100, vs_ratio=0, weight_decay=0.0005)
target class rate on Vs: 0.9700
accuracy on clean test nodes: 0.8524
Overall ASR: 0.9153
Flip ASR: 0.8945/1554 nodes
Namespace(cuda=True, dataset='Pubmed', debug=True, defense_mode='prune', device_id=3, dis_weight=0.0, dropout=0.5, epochs=200, evaluate_mode='1by1', hidden=32, homo_boost_thrd=0.5, homo_loss_weight=3.0, inner=1, lr=0.01, model='GCN', no_cuda=False, prune_thr=0.2, seed=703, selection_method='cluster_degree', target_class=0, target_loss_weight=1, test_model='GCN', thrd=0.5, train_lr=0.01, trigger_size=3, trojan_epochs=200, use_vs_number=True, vs_number=100, vs_ratio=0, weight_decay=0.0005)
target class rate on Vs: 0.9600
accuracy on clean test nodes: 0.8539
Overall ASR: 0.8889
Flip ASR: 0.8616/1554 nodes
Namespace(cuda=True, dataset='Pubmed', debug=True, defense_mode='prune', device_id=3, dis_weight=0.0, dropout=0.5, epochs=200, evaluate_mode='1by1', hidden=32, homo_boost_thrd=0.5, homo_loss_weight=3.0, inner=1, lr=0.01, model='GCN', no_cuda=False, prune_thr=0.2, seed=80, selection_method='cluster_degree', target_class=0, target_loss_weight=1, test_model='GCN', thrd=0.5, train_lr=0.01, trigger_size=3, trojan_epochs=200, use_vs_number=True, vs_number=100, vs_ratio=0, weight_decay=0.0005)
target class rate on Vs: 1.0000
accuracy on clean test nodes: 0.8529
Overall ASR: 0.9199
Flip ASR: 0.9003/1554 nodes
