nohup: ignoring input
Namespace(cuda=True, dataset='Pubmed', debug=True, defense_mode='none', device_id=1, dis_weight=0.0, dropout=0.5, epochs=200, evaluate_mode='1by1', hidden=32, homo_boost_thrd=0.5, homo_loss_weight=1.0, inner=1, lr=0.01, model='GCN', no_cuda=False, prune_thr=0.15, seed=11, selection_method='cluster_degree', target_class=0, target_loss_weight=1, test_model='GCN', thrd=0.5, train_lr=0.01, trigger_size=3, trojan_epochs=200, use_vs_number=True, vs_number=5, vs_ratio=0, weight_decay=0.0005)
Length of training set: 3943
Training benign model Finished!
Total time elapsed: 10.7799s
Benign CA: 0.8554
#Attach Nodes:5
Length of training set: 3943
=== training gcn model ===
Epoch 0, training loss: 1.1248021125793457
acc_val: 0.2035
Epoch 10, training loss: 1.035003423690796
acc_val: 0.4033
Epoch 20, training loss: 0.927193284034729
acc_val: 0.4485
Epoch 30, training loss: 0.7763608694076538
acc_val: 0.6799
Epoch 40, training loss: 0.6315062642097473
acc_val: 0.8234
Epoch 50, training loss: 0.5373746752738953
acc_val: 0.8432
Epoch 60, training loss: 0.4778428375720978
acc_val: 0.8584
Epoch 70, training loss: 0.44524946808815
acc_val: 0.8605
Epoch 80, training loss: 0.42119720578193665
acc_val: 0.8650
Epoch 90, training loss: 0.3901370167732239
acc_val: 0.8681
Epoch 100, training loss: 0.3752492368221283
acc_val: 0.8645
Epoch 110, training loss: 0.3645612299442291
acc_val: 0.8706
Epoch 120, training loss: 0.35561618208885193
acc_val: 0.8737
Epoch 130, training loss: 0.343599796295166
acc_val: 0.8701
Epoch 140, training loss: 0.3385894000530243
acc_val: 0.8727
Epoch 150, training loss: 0.33884504437446594
acc_val: 0.8747
Epoch 160, training loss: 0.3325934112071991
acc_val: 0.8747
Epoch 170, training loss: 0.3178918957710266
acc_val: 0.8782
Epoch 180, training loss: 0.3197687864303589
acc_val: 0.8757
Epoch 190, training loss: 0.3226780891418457
acc_val: 0.8716
=== picking the best model according to the performance on validation ===
Training encoder Finished!
Total time elapsed: 9.5301s
Encoder CA on clean test nodes: 0.8579
idx_sing_class [    0     1     4 ... 19700 19702 19704]
current_class_size 2
./selected_nodes/Pubmed/Seperate/seed11/class_1.txt
[ 2622.  7012.  6767. ... 16214.   903. 11450.]
idx_sing_class [    3     5     6 ... 19712 19714 19716]
current_class_size 3
./selected_nodes/Pubmed/Seperate/seed11/class_2.txt
[ 6834. 13199.   694. ...   580. 15548.  1205.]
idx_attach: tensor([ 2622,  7012,  6834, 13199,   694], device='cuda:1')
Epoch 0, loss_inner: 1.09861, loss_target: 1.09321, homo loss: 0.48099 
acc_train_clean: 0.3464, ASR_train_attach: 0.0000, ASR_train_outter: 0.0000
Epoch 10, loss_inner: 0.96216, loss_target: 0.85658, homo loss: 0.24669 
acc_train_clean: 0.6576, ASR_train_attach: 1.0000, ASR_train_outter: 0.9865
Epoch 20, loss_inner: 0.82284, loss_target: 0.82737, homo loss: 0.24618 
acc_train_clean: 0.7971, ASR_train_attach: 1.0000, ASR_train_outter: 1.0000
Epoch 30, loss_inner: 0.68869, loss_target: 0.62186, homo loss: 0.23646 
acc_train_clean: 0.8273, ASR_train_attach: 1.0000, ASR_train_outter: 0.9826
Epoch 40, loss_inner: 0.59109, loss_target: 0.53540, homo loss: 0.22006 
acc_train_clean: 0.8412, ASR_train_attach: 1.0000, ASR_train_outter: 0.9516
Epoch 50, loss_inner: 0.52897, loss_target: 0.48457, homo loss: 0.19718 
acc_train_clean: 0.8481, ASR_train_attach: 1.0000, ASR_train_outter: 0.9342
Epoch 60, loss_inner: 0.48889, loss_target: 0.44640, homo loss: 0.17648 
acc_train_clean: 0.8537, ASR_train_attach: 1.0000, ASR_train_outter: 0.9516
Epoch 70, loss_inner: 0.46099, loss_target: 0.42837, homo loss: 0.16304 
acc_train_clean: 0.8585, ASR_train_attach: 1.0000, ASR_train_outter: 0.9574
Epoch 80, loss_inner: 0.44044, loss_target: 0.44960, homo loss: 0.23348 
acc_train_clean: 0.8628, ASR_train_attach: 1.0000, ASR_train_outter: 0.9942
Epoch 90, loss_inner: 0.42482, loss_target: 0.43840, homo loss: 0.21440 
acc_train_clean: 0.8669, ASR_train_attach: 1.0000, ASR_train_outter: 0.9961
Epoch 100, loss_inner: 0.41181, loss_target: 0.40023, homo loss: 0.17355 
acc_train_clean: 0.8691, ASR_train_attach: 1.0000, ASR_train_outter: 0.9903
Epoch 110, loss_inner: 0.40104, loss_target: 0.37696, homo loss: 0.13378 
acc_train_clean: 0.8712, ASR_train_attach: 1.0000, ASR_train_outter: 0.9478
Epoch 120, loss_inner: 0.39244, loss_target: 0.37658, homo loss: 0.10190 
acc_train_clean: 0.8729, ASR_train_attach: 1.0000, ASR_train_outter: 0.8994
Epoch 130, loss_inner: 0.38676, loss_target: 0.44548, homo loss: 0.11199 
acc_train_clean: 0.8752, ASR_train_attach: 0.2000, ASR_train_outter: 0.5977
Epoch 140, loss_inner: 0.37922, loss_target: 0.35604, homo loss: 0.14215 
acc_train_clean: 0.8778, ASR_train_attach: 1.0000, ASR_train_outter: 0.9710
Epoch 150, loss_inner: 0.37339, loss_target: 0.35185, homo loss: 0.10258 
acc_train_clean: 0.8785, ASR_train_attach: 1.0000, ASR_train_outter: 0.9458
Epoch 160, loss_inner: 0.36881, loss_target: 0.34208, homo loss: 0.08009 
acc_train_clean: 0.8790, ASR_train_attach: 1.0000, ASR_train_outter: 0.9574
Epoch 170, loss_inner: 0.36481, loss_target: 0.40387, homo loss: 0.21943 
acc_train_clean: 0.8811, ASR_train_attach: 1.0000, ASR_train_outter: 0.9961
Epoch 180, loss_inner: 0.36122, loss_target: 0.36388, homo loss: 0.11865 
acc_train_clean: 0.8836, ASR_train_attach: 1.0000, ASR_train_outter: 0.8685
Epoch 190, loss_inner: 0.35727, loss_target: 0.34116, homo loss: 0.07789 
acc_train_clean: 0.8846, ASR_train_attach: 1.0000, ASR_train_outter: 0.9188
precent of left attach nodes: 1.000
Namespace(cuda=True, dataset='Pubmed', debug=True, defense_mode='none', device_id=1, dis_weight=0.0, dropout=0.5, epochs=200, evaluate_mode='1by1', hidden=32, homo_boost_thrd=0.5, homo_loss_weight=1.0, inner=1, lr=0.01, model='GCN', no_cuda=False, prune_thr=0.15, seed=921, selection_method='cluster_degree', target_class=0, target_loss_weight=1, test_model='GCN', thrd=0.5, train_lr=0.01, trigger_size=3, trojan_epochs=200, use_vs_number=True, vs_number=5, vs_ratio=0, weight_decay=0.0005)
target class rate on Vs: 1.0000
accuracy on clean test nodes: 0.8483
Overall ASR: 0.8392
Flip ASR: 0.8082/1554 nodes
Namespace(cuda=True, dataset='Pubmed', debug=True, defense_mode='none', device_id=1, dis_weight=0.0, dropout=0.5, epochs=200, evaluate_mode='1by1', hidden=32, homo_boost_thrd=0.5, homo_loss_weight=1.0, inner=1, lr=0.01, model='GCN', no_cuda=False, prune_thr=0.15, seed=703, selection_method='cluster_degree', target_class=0, target_loss_weight=1, test_model='GCN', thrd=0.5, train_lr=0.01, trigger_size=3, trojan_epochs=200, use_vs_number=True, vs_number=5, vs_ratio=0, weight_decay=0.0005)
target class rate on Vs: 1.0000
accuracy on clean test nodes: 0.8549
Overall ASR: 0.7926
Flip ASR: 0.7510/1554 nodes
Namespace(cuda=True, dataset='Pubmed', debug=True, defense_mode='none', device_id=1, dis_weight=0.0, dropout=0.5, epochs=200, evaluate_mode='1by1', hidden=32, homo_boost_thrd=0.5, homo_loss_weight=1.0, inner=1, lr=0.01, model='GCN', no_cuda=False, prune_thr=0.15, seed=80, selection_method='cluster_degree', target_class=0, target_loss_weight=1, test_model='GCN', thrd=0.5, train_lr=0.01, trigger_size=3, trojan_epochs=200, use_vs_number=True, vs_number=5, vs_ratio=0, weight_decay=0.0005)
target class rate on Vs: 1.0000
accuracy on clean test nodes: 0.8503
Overall ASR: 0.8458
Flip ASR: 0.8153/1554 nodes
Namespace(cuda=True, dataset='Pubmed', debug=True, defense_mode='none', device_id=1, dis_weight=0.0, dropout=0.5, epochs=200, evaluate_mode='1by1', hidden=32, homo_boost_thrd=0.5, homo_loss_weight=1.0, inner=1, lr=0.01, model='GCN', no_cuda=False, prune_thr=0.15, seed=91, selection_method='cluster_degree', target_class=0, target_loss_weight=1, test_model='GCN', thrd=0.5, train_lr=0.01, trigger_size=3, trojan_epochs=200, use_vs_number=True, vs_number=5, vs_ratio=0, weight_decay=0.0005)
target class rate on Vs: 1.0000
accuracy on clean test nodes: 0.8508
Overall ASR: 0.8839
Flip ASR: 0.8591/1554 nodes
/home/mfl5681/project-backdoor/Backdoor/models/GAT.py:61: UserWarning: To copy construct from a tensor, it is recommended to use sourceTensor.clone().detach() or sourceTensor.clone().detach().requires_grad_(True), rather than torch.tensor(sourceTensor).
  self.labels = torch.tensor(labels, dtype=torch.long)
Namespace(cuda=True, dataset='Pubmed', debug=True, defense_mode='none', device_id=1, dis_weight=0.0, dropout=0.5, epochs=200, evaluate_mode='1by1', hidden=32, homo_boost_thrd=0.5, homo_loss_weight=1.0, inner=1, lr=0.01, model='GCN', no_cuda=False, prune_thr=0.15, seed=337, selection_method='cluster_degree', target_class=0, target_loss_weight=1, test_model='GCN', thrd=0.5, train_lr=0.01, trigger_size=3, trojan_epochs=200, use_vs_number=True, vs_number=5, vs_ratio=0, weight_decay=0.0005)
target class rate on Vs: 1.0000
accuracy on clean test nodes: 0.8493
Overall ASR: 0.8316
Flip ASR: 0.7986/1554 nodes
Overall ASR: 0.8386 (GCN model, Seed: 337)
Overall Clean Accuracy: 0.8507
Namespace(cuda=True, dataset='Pubmed', debug=True, defense_mode='none', device_id=1, dis_weight=0.0, dropout=0.5, epochs=200, evaluate_mode='1by1', hidden=32, homo_boost_thrd=0.5, homo_loss_weight=1.0, inner=1, lr=0.01, model='GCN', no_cuda=False, prune_thr=0.15, seed=260, selection_method='cluster_degree', target_class=0, target_loss_weight=1, test_model='GAT', thrd=0.5, train_lr=0.01, trigger_size=3, trojan_epochs=200, use_vs_number=True, vs_number=5, vs_ratio=0, weight_decay=0.0005)
target class rate on Vs: 1.0000
accuracy on clean test nodes: 0.8417
Overall ASR: 0.7373
Flip ASR: 0.6744/1554 nodes
Namespace(cuda=True, dataset='Pubmed', debug=True, defense_mode='none', device_id=1, dis_weight=0.0, dropout=0.5, epochs=200, evaluate_mode='1by1', hidden=32, homo_boost_thrd=0.5, homo_loss_weight=1.0, inner=1, lr=0.01, model='GCN', no_cuda=False, prune_thr=0.15, seed=66, selection_method='cluster_degree', target_class=0, target_loss_weight=1, test_model='GAT', thrd=0.5, train_lr=0.01, trigger_size=3, trojan_epochs=200, use_vs_number=True, vs_number=5, vs_ratio=0, weight_decay=0.0005)
target class rate on Vs: 0.8000
accuracy on clean test nodes: 0.8366
Overall ASR: 0.7003
Flip ASR: 0.6306/1554 nodes
Namespace(cuda=True, dataset='Pubmed', debug=True, defense_mode='none', device_id=1, dis_weight=0.0, dropout=0.5, epochs=200, evaluate_mode='1by1', hidden=32, homo_boost_thrd=0.5, homo_loss_weight=1.0, inner=1, lr=0.01, model='GCN', no_cuda=False, prune_thr=0.15, seed=441, selection_method='cluster_degree', target_class=0, target_loss_weight=1, test_model='GAT', thrd=0.5, train_lr=0.01, trigger_size=3, trojan_epochs=200, use_vs_number=True, vs_number=5, vs_ratio=0, weight_decay=0.0005)
target class rate on Vs: 1.0000
accuracy on clean test nodes: 0.8346
Overall ASR: 0.7181
Flip ASR: 0.6532/1554 nodes
Namespace(cuda=True, dataset='Pubmed', debug=True, defense_mode='none', device_id=1, dis_weight=0.0, dropout=0.5, epochs=200, evaluate_mode='1by1', hidden=32, homo_boost_thrd=0.5, homo_loss_weight=1.0, inner=1, lr=0.01, model='GCN', no_cuda=False, prune_thr=0.15, seed=443, selection_method='cluster_degree', target_class=0, target_loss_weight=1, test_model='GAT', thrd=0.5, train_lr=0.01, trigger_size=3, trojan_epochs=200, use_vs_number=True, vs_number=5, vs_ratio=0, weight_decay=0.0005)
target class rate on Vs: 1.0000
accuracy on clean test nodes: 0.8412
Overall ASR: 0.7825
Flip ASR: 0.7329/1554 nodes
Namespace(cuda=True, dataset='Pubmed', debug=True, defense_mode='none', device_id=1, dis_weight=0.0, dropout=0.5, epochs=200, evaluate_mode='1by1', hidden=32, homo_boost_thrd=0.5, homo_loss_weight=1.0, inner=1, lr=0.01, model='GCN', no_cuda=False, prune_thr=0.15, seed=63, selection_method='cluster_degree', target_class=0, target_loss_weight=1, test_model='GAT', thrd=0.5, train_lr=0.01, trigger_size=3, trojan_epochs=200, use_vs_number=True, vs_number=5, vs_ratio=0, weight_decay=0.0005)
target class rate on Vs: 0.8000
accuracy on clean test nodes: 0.8412
Overall ASR: 0.6689
Flip ASR: 0.5933/1554 nodes
Overall ASR: 0.7214 (GAT model, Seed: 63)
Overall Clean Accuracy: 0.8391
Namespace(cuda=True, dataset='Pubmed', debug=True, defense_mode='none', device_id=1, dis_weight=0.0, dropout=0.5, epochs=200, evaluate_mode='1by1', hidden=32, homo_boost_thrd=0.5, homo_loss_weight=1.0, inner=1, lr=0.01, model='GCN', no_cuda=False, prune_thr=0.15, seed=44, selection_method='cluster_degree', target_class=0, target_loss_weight=1, test_model='GraphSage', thrd=0.5, train_lr=0.01, trigger_size=3, trojan_epochs=200, use_vs_number=True, vs_number=5, vs_ratio=0, weight_decay=0.0005)
target class rate on Vs: 1.0000
accuracy on clean test nodes: 0.8574
Overall ASR: 0.7530
Flip ASR: 0.6956/1554 nodes
Namespace(cuda=True, dataset='Pubmed', debug=True, defense_mode='none', device_id=1, dis_weight=0.0, dropout=0.5, epochs=200, evaluate_mode='1by1', hidden=32, homo_boost_thrd=0.5, homo_loss_weight=1.0, inner=1, lr=0.01, model='GCN', no_cuda=False, prune_thr=0.15, seed=116, selection_method='cluster_degree', target_class=0, target_loss_weight=1, test_model='GraphSage', thrd=0.5, train_lr=0.01, trigger_size=3, trojan_epochs=200, use_vs_number=True, vs_number=5, vs_ratio=0, weight_decay=0.0005)
target class rate on Vs: 1.0000
accuracy on clean test nodes: 0.8584
Overall ASR: 0.7510
Flip ASR: 0.6943/1554 nodes
Namespace(cuda=True, dataset='Pubmed', debug=True, defense_mode='none', device_id=1, dis_weight=0.0, dropout=0.5, epochs=200, evaluate_mode='1by1', hidden=32, homo_boost_thrd=0.5, homo_loss_weight=1.0, inner=1, lr=0.01, model='GCN', no_cuda=False, prune_thr=0.15, seed=139, selection_method='cluster_degree', target_class=0, target_loss_weight=1, test_model='GraphSage', thrd=0.5, train_lr=0.01, trigger_size=3, trojan_epochs=200, use_vs_number=True, vs_number=5, vs_ratio=0, weight_decay=0.0005)
target class rate on Vs: 1.0000
accuracy on clean test nodes: 0.8605
Overall ASR: 0.7586
Flip ASR: 0.7027/1554 nodes
Namespace(cuda=True, dataset='Pubmed', debug=True, defense_mode='none', device_id=1, dis_weight=0.0, dropout=0.5, epochs=200, evaluate_mode='1by1', hidden=32, homo_boost_thrd=0.5, homo_loss_weight=1.0, inner=1, lr=0.01, model='GCN', no_cuda=False, prune_thr=0.15, seed=215, selection_method='cluster_degree', target_class=0, target_loss_weight=1, test_model='GraphSage', thrd=0.5, train_lr=0.01, trigger_size=3, trojan_epochs=200, use_vs_number=True, vs_number=5, vs_ratio=0, weight_decay=0.0005)
target class rate on Vs: 1.0000
accuracy on clean test nodes: 0.8579
Overall ASR: 0.7642
Flip ASR: 0.7104/1554 nodes
Namespace(cuda=True, dataset='Pubmed', debug=True, defense_mode='none', device_id=1, dis_weight=0.0, dropout=0.5, epochs=200, evaluate_mode='1by1', hidden=32, homo_boost_thrd=0.5, homo_loss_weight=1.0, inner=1, lr=0.01, model='GCN', no_cuda=False, prune_thr=0.15, seed=338, selection_method='cluster_degree', target_class=0, target_loss_weight=1, test_model='GraphSage', thrd=0.5, train_lr=0.01, trigger_size=3, trojan_epochs=200, use_vs_number=True, vs_number=5, vs_ratio=0, weight_decay=0.0005)
target class rate on Vs: 1.0000
accuracy on clean test nodes: 0.8600
Overall ASR: 0.7500
Flip ASR: 0.6937/1554 nodes
Overall ASR: 0.7554 (GraphSage model, Seed: 338)
Overall Clean Accuracy: 0.8589
Total Overall ASR: 0.7718 
Total Clean Accuracy: 0.8496
