nohup: ignoring input
Namespace(cuda=True, dataset='Pubmed', debug=True, defense_mode='none', device_id=3, dis_weight=0.0, dropout=0.5, epochs=200, evaluate_mode='1by1', hidden=32, homo_boost_thrd=0.5, homo_loss_weight=1.0, inner=1, lr=0.01, model='GCN', no_cuda=False, prune_thr=0.15, seed=11, selection_method='cluster_degree', target_class=0, target_loss_weight=1, test_model='GCN', thrd=0.5, train_lr=0.01, trigger_size=3, trojan_epochs=200, use_vs_number=True, vs_number=120, vs_ratio=0, weight_decay=0.0005)
Length of training set: 3943
Training benign model Finished!
Total time elapsed: 3.3408s
Benign CA: 0.8554
#Attach Nodes:120
Length of training set: 3943
=== training gcn model ===
Epoch 0, training loss: 1.1248021125793457
acc_val: 0.2035
Epoch 10, training loss: 1.035003423690796
acc_val: 0.4033
Epoch 20, training loss: 0.9271933436393738
acc_val: 0.4485
Epoch 30, training loss: 0.7763608694076538
acc_val: 0.6799
Epoch 40, training loss: 0.6315062642097473
acc_val: 0.8234
Epoch 50, training loss: 0.5373746156692505
acc_val: 0.8432
Epoch 60, training loss: 0.4778428375720978
acc_val: 0.8584
Epoch 70, training loss: 0.44524946808815
acc_val: 0.8605
Epoch 80, training loss: 0.42119720578193665
acc_val: 0.8650
Epoch 90, training loss: 0.3901370167732239
acc_val: 0.8681
Epoch 100, training loss: 0.3752491772174835
acc_val: 0.8645
Epoch 110, training loss: 0.3645612299442291
acc_val: 0.8706
Epoch 120, training loss: 0.35561108589172363
acc_val: 0.8737
Epoch 130, training loss: 0.3436427116394043
acc_val: 0.8701
Epoch 140, training loss: 0.3386079668998718
acc_val: 0.8732
Epoch 150, training loss: 0.33890026807785034
acc_val: 0.8752
Epoch 160, training loss: 0.3326082229614258
acc_val: 0.8752
Epoch 170, training loss: 0.31799957156181335
acc_val: 0.8777
Epoch 180, training loss: 0.3197772800922394
acc_val: 0.8757
Epoch 190, training loss: 0.3231079578399658
acc_val: 0.8721
=== picking the best model according to the performance on validation ===
Training encoder Finished!
Total time elapsed: 2.8072s
Encoder CA on clean test nodes: 0.8569
idx_sing_class [    0     1     4 ... 19700 19702 19704]
current_class_size 60
./selected_nodes/Pubmed/Seperate/seed11/class_1.txt
[ 2622.  7012.  6767. ... 16214.   903. 11450.]
idx_sing_class [    3     5     6 ... 19712 19714 19716]
current_class_size 60
./selected_nodes/Pubmed/Seperate/seed11/class_2.txt
[ 6834. 13199.   694. ...   580. 15548.  1205.]
idx_attach: tensor([ 2622,  7012,  6767,  6293,  8622, 11151, 12196,  1176, 14578, 19257,
         3121, 15916, 12852, 14851,  4210,  8071, 14236, 14840,  9493, 17390,
         7813, 13439,   821,  8004, 16238,  4045, 19558, 13923,  7882,  1387,
        12315, 10536, 13771,  5719,  4805, 13514,  6550,  2934,  1179, 17817,
         8118, 14852,  3001,  7614, 14102, 11837,  1558, 17589,  8452, 19534,
         2644, 16296,  6257,  7647, 10700,   481,  1975,  6959, 14323,   562,
         6834, 13199,   694, 11009, 10937,  9532, 17660, 11005,  7654,   688,
        13329, 11718,  5292,  7776, 16845,  1376,  9680, 10614,  7241, 13777,
         9859,  7324, 11287, 15213, 14826, 19461, 19272, 14959, 16090,  2471,
        16713, 19611,  1605,  2221,   198, 18061, 19459,  2313, 10567, 19026,
        14505, 14001, 14363, 13433, 18583,  7434,  3458, 17134, 18056,  4498,
        15214,  2056,  7502, 13587,  7582, 14050,  1458,  4244,   303, 19110],
       device='cuda:3')
Epoch 0, loss_inner: 1.09906, loss_target: 1.08541, homo loss: 0.48604 
acc_train_clean: 0.3475, ASR_train_attach: 0.0000, ASR_train_outter: 0.3133
Epoch 10, loss_inner: 0.95188, loss_target: 0.84863, homo loss: 0.22785 
acc_train_clean: 0.6485, ASR_train_attach: 1.0000, ASR_train_outter: 0.9937
Epoch 20, loss_inner: 0.85243, loss_target: 0.92843, homo loss: 0.22624 
acc_train_clean: 0.7586, ASR_train_attach: 1.0000, ASR_train_outter: 1.0000
Epoch 30, loss_inner: 0.79321, loss_target: 0.74016, homo loss: 0.22788 
acc_train_clean: 0.7745, ASR_train_attach: 1.0000, ASR_train_outter: 0.9984
Epoch 40, loss_inner: 0.73473, loss_target: 0.65931, homo loss: 0.21963 
acc_train_clean: 0.7832, ASR_train_attach: 0.9917, ASR_train_outter: 0.9794
Epoch 50, loss_inner: 0.67540, loss_target: 0.61087, homo loss: 0.20728 
acc_train_clean: 0.8253, ASR_train_attach: 1.0000, ASR_train_outter: 0.9873
Epoch 60, loss_inner: 0.61992, loss_target: 0.56062, homo loss: 0.16672 
acc_train_clean: 0.8334, ASR_train_attach: 0.9750, ASR_train_outter: 0.9715
Epoch 70, loss_inner: 0.57293, loss_target: 0.52255, homo loss: 0.12715 
acc_train_clean: 0.8417, ASR_train_attach: 0.9750, ASR_train_outter: 0.9573
Epoch 80, loss_inner: 0.53395, loss_target: 0.49228, homo loss: 0.13903 
acc_train_clean: 0.8458, ASR_train_attach: 1.0000, ASR_train_outter: 0.9889
Epoch 90, loss_inner: 0.50328, loss_target: 0.46435, homo loss: 0.10762 
acc_train_clean: 0.8524, ASR_train_attach: 0.9750, ASR_train_outter: 0.9668
Epoch 100, loss_inner: 0.47862, loss_target: 0.44529, homo loss: 0.10084 
acc_train_clean: 0.8575, ASR_train_attach: 0.9833, ASR_train_outter: 0.9652
Epoch 110, loss_inner: 0.49447, loss_target: 0.62090, homo loss: 0.22630 
acc_train_clean: 0.8313, ASR_train_attach: 1.0000, ASR_train_outter: 1.0000
Epoch 120, loss_inner: 0.45572, loss_target: 0.44735, homo loss: 0.24210 
acc_train_clean: 0.8504, ASR_train_attach: 0.9500, ASR_train_outter: 0.9557
Epoch 130, loss_inner: 0.44121, loss_target: 0.41776, homo loss: 0.19550 
acc_train_clean: 0.8577, ASR_train_attach: 0.9583, ASR_train_outter: 0.9573
Epoch 140, loss_inner: 0.42667, loss_target: 0.39873, homo loss: 0.15437 
acc_train_clean: 0.8643, ASR_train_attach: 0.9583, ASR_train_outter: 0.9604
Epoch 150, loss_inner: 0.41643, loss_target: 0.38632, homo loss: 0.12066 
acc_train_clean: 0.8653, ASR_train_attach: 0.9583, ASR_train_outter: 0.9604
Epoch 160, loss_inner: 0.40997, loss_target: 0.39055, homo loss: 0.08189 
acc_train_clean: 0.8681, ASR_train_attach: 0.9333, ASR_train_outter: 0.9177
Epoch 170, loss_inner: 0.40023, loss_target: 0.37296, homo loss: 0.10265 
acc_train_clean: 0.8674, ASR_train_attach: 0.9417, ASR_train_outter: 0.9430
Epoch 180, loss_inner: 0.39360, loss_target: 0.36724, homo loss: 0.07707 
acc_train_clean: 0.8691, ASR_train_attach: 0.9583, ASR_train_outter: 0.9604
Epoch 190, loss_inner: 0.39401, loss_target: 0.38382, homo loss: 0.05387 
acc_train_clean: 0.8699, ASR_train_attach: 0.8667, ASR_train_outter: 0.8639
precent of left attach nodes: 1.000
Namespace(cuda=True, dataset='Pubmed', debug=True, defense_mode='none', device_id=3, dis_weight=0.0, dropout=0.5, epochs=200, evaluate_mode='1by1', hidden=32, homo_boost_thrd=0.5, homo_loss_weight=1.0, inner=1, lr=0.01, model='GCN', no_cuda=False, prune_thr=0.15, seed=921, selection_method='cluster_degree', target_class=0, target_loss_weight=1, test_model='GCN', thrd=0.5, train_lr=0.01, trigger_size=3, trojan_epochs=200, use_vs_number=True, vs_number=120, vs_ratio=0, weight_decay=0.0005)
target class rate on Vs: 0.9917
accuracy on clean test nodes: 0.8483
Overall ASR: 0.9604
Flip ASR: 0.9498/1554 nodes
Namespace(cuda=True, dataset='Pubmed', debug=True, defense_mode='none', device_id=3, dis_weight=0.0, dropout=0.5, epochs=200, evaluate_mode='1by1', hidden=32, homo_boost_thrd=0.5, homo_loss_weight=1.0, inner=1, lr=0.01, model='GCN', no_cuda=False, prune_thr=0.15, seed=703, selection_method='cluster_degree', target_class=0, target_loss_weight=1, test_model='GCN', thrd=0.5, train_lr=0.01, trigger_size=3, trojan_epochs=200, use_vs_number=True, vs_number=120, vs_ratio=0, weight_decay=0.0005)
target class rate on Vs: 0.9917
accuracy on clean test nodes: 0.8493
Overall ASR: 0.9569
Flip ASR: 0.9459/1554 nodes
Namespace(cuda=True, dataset='Pubmed', debug=True, defense_mode='none', device_id=3, dis_weight=0.0, dropout=0.5, epochs=200, evaluate_mode='1by1', hidden=32, homo_boost_thrd=0.5, homo_loss_weight=1.0, inner=1, lr=0.01, model='GCN', no_cuda=False, prune_thr=0.15, seed=80, selection_method='cluster_degree', target_class=0, target_loss_weight=1, test_model='GCN', thrd=0.5, train_lr=0.01, trigger_size=3, trojan_epochs=200, use_vs_number=True, vs_number=120, vs_ratio=0, weight_decay=0.0005)
target class rate on Vs: 0.9750
accuracy on clean test nodes: 0.8468
/home/mfl5681/project-backdoor/Backdoor/models/GAT.py:61: UserWarning: To copy construct from a tensor, it is recommended to use sourceTensor.clone().detach() or sourceTensor.clone().detach().requires_grad_(True), rather than torch.tensor(sourceTensor).
  self.labels = torch.tensor(labels, dtype=torch.long)
Overall ASR: 0.9539
Flip ASR: 0.9414/1554 nodes
Namespace(cuda=True, dataset='Pubmed', debug=True, defense_mode='none', device_id=3, dis_weight=0.0, dropout=0.5, epochs=200, evaluate_mode='1by1', hidden=32, homo_boost_thrd=0.5, homo_loss_weight=1.0, inner=1, lr=0.01, model='GCN', no_cuda=False, prune_thr=0.15, seed=91, selection_method='cluster_degree', target_class=0, target_loss_weight=1, test_model='GCN', thrd=0.5, train_lr=0.01, trigger_size=3, trojan_epochs=200, use_vs_number=True, vs_number=120, vs_ratio=0, weight_decay=0.0005)
target class rate on Vs: 0.9917
accuracy on clean test nodes: 0.8493
Overall ASR: 0.9579
Flip ASR: 0.9472/1554 nodes
Namespace(cuda=True, dataset='Pubmed', debug=True, defense_mode='none', device_id=3, dis_weight=0.0, dropout=0.5, epochs=200, evaluate_mode='1by1', hidden=32, homo_boost_thrd=0.5, homo_loss_weight=1.0, inner=1, lr=0.01, model='GCN', no_cuda=False, prune_thr=0.15, seed=337, selection_method='cluster_degree', target_class=0, target_loss_weight=1, test_model='GCN', thrd=0.5, train_lr=0.01, trigger_size=3, trojan_epochs=200, use_vs_number=True, vs_number=120, vs_ratio=0, weight_decay=0.0005)
target class rate on Vs: 0.9833
accuracy on clean test nodes: 0.8458
Overall ASR: 0.9584
Flip ASR: 0.9472/1554 nodes
Overall ASR: 0.9575 (GCN model, Seed: 337)
Overall Clean Accuracy: 0.8479
Namespace(cuda=True, dataset='Pubmed', debug=True, defense_mode='none', device_id=3, dis_weight=0.0, dropout=0.5, epochs=200, evaluate_mode='1by1', hidden=32, homo_boost_thrd=0.5, homo_loss_weight=1.0, inner=1, lr=0.01, model='GCN', no_cuda=False, prune_thr=0.15, seed=260, selection_method='cluster_degree', target_class=0, target_loss_weight=1, test_model='GAT', thrd=0.5, train_lr=0.01, trigger_size=3, trojan_epochs=200, use_vs_number=True, vs_number=120, vs_ratio=0, weight_decay=0.0005)
target class rate on Vs: 0.9500
accuracy on clean test nodes: 0.8382
Overall ASR: 0.8555
Flip ASR: 0.8192/1554 nodes
Namespace(cuda=True, dataset='Pubmed', debug=True, defense_mode='none', device_id=3, dis_weight=0.0, dropout=0.5, epochs=200, evaluate_mode='1by1', hidden=32, homo_boost_thrd=0.5, homo_loss_weight=1.0, inner=1, lr=0.01, model='GCN', no_cuda=False, prune_thr=0.15, seed=66, selection_method='cluster_degree', target_class=0, target_loss_weight=1, test_model='GAT', thrd=0.5, train_lr=0.01, trigger_size=3, trojan_epochs=200, use_vs_number=True, vs_number=120, vs_ratio=0, weight_decay=0.0005)
target class rate on Vs: 0.9500
accuracy on clean test nodes: 0.8417
Overall ASR: 0.8834
Flip ASR: 0.8546/1554 nodes
Namespace(cuda=True, dataset='Pubmed', debug=True, defense_mode='none', device_id=3, dis_weight=0.0, dropout=0.5, epochs=200, evaluate_mode='1by1', hidden=32, homo_boost_thrd=0.5, homo_loss_weight=1.0, inner=1, lr=0.01, model='GCN', no_cuda=False, prune_thr=0.15, seed=441, selection_method='cluster_degree', target_class=0, target_loss_weight=1, test_model='GAT', thrd=0.5, train_lr=0.01, trigger_size=3, trojan_epochs=200, use_vs_number=True, vs_number=120, vs_ratio=0, weight_decay=0.0005)
target class rate on Vs: 0.9500
accuracy on clean test nodes: 0.8387
Overall ASR: 0.8773
Flip ASR: 0.8481/1554 nodes
Namespace(cuda=True, dataset='Pubmed', debug=True, defense_mode='none', device_id=3, dis_weight=0.0, dropout=0.5, epochs=200, evaluate_mode='1by1', hidden=32, homo_boost_thrd=0.5, homo_loss_weight=1.0, inner=1, lr=0.01, model='GCN', no_cuda=False, prune_thr=0.15, seed=443, selection_method='cluster_degree', target_class=0, target_loss_weight=1, test_model='GAT', thrd=0.5, train_lr=0.01, trigger_size=3, trojan_epochs=200, use_vs_number=True, vs_number=120, vs_ratio=0, weight_decay=0.0005)
target class rate on Vs: 1.0000
accuracy on clean test nodes: 0.8397
Overall ASR: 0.9062
Flip ASR: 0.8835/1554 nodes
Namespace(cuda=True, dataset='Pubmed', debug=True, defense_mode='none', device_id=3, dis_weight=0.0, dropout=0.5, epochs=200, evaluate_mode='1by1', hidden=32, homo_boost_thrd=0.5, homo_loss_weight=1.0, inner=1, lr=0.01, model='GCN', no_cuda=False, prune_thr=0.15, seed=63, selection_method='cluster_degree', target_class=0, target_loss_weight=1, test_model='GAT', thrd=0.5, train_lr=0.01, trigger_size=3, trojan_epochs=200, use_vs_number=True, vs_number=120, vs_ratio=0, weight_decay=0.0005)
target class rate on Vs: 0.9500
accuracy on clean test nodes: 0.8361
Overall ASR: 0.8879
Flip ASR: 0.8610/1554 nodes
Overall ASR: 0.8820 (GAT model, Seed: 63)
Overall Clean Accuracy: 0.8389
Namespace(cuda=True, dataset='Pubmed', debug=True, defense_mode='none', device_id=3, dis_weight=0.0, dropout=0.5, epochs=200, evaluate_mode='1by1', hidden=32, homo_boost_thrd=0.5, homo_loss_weight=1.0, inner=1, lr=0.01, model='GCN', no_cuda=False, prune_thr=0.15, seed=44, selection_method='cluster_degree', target_class=0, target_loss_weight=1, test_model='GraphSage', thrd=0.5, train_lr=0.01, trigger_size=3, trojan_epochs=200, use_vs_number=True, vs_number=120, vs_ratio=0, weight_decay=0.0005)
target class rate on Vs: 1.0000
accuracy on clean test nodes: 0.8595
Overall ASR: 0.9782
Flip ASR: 0.9723/1554 nodes
Namespace(cuda=True, dataset='Pubmed', debug=True, defense_mode='none', device_id=3, dis_weight=0.0, dropout=0.5, epochs=200, evaluate_mode='1by1', hidden=32, homo_boost_thrd=0.5, homo_loss_weight=1.0, inner=1, lr=0.01, model='GCN', no_cuda=False, prune_thr=0.15, seed=116, selection_method='cluster_degree', target_class=0, target_loss_weight=1, test_model='GraphSage', thrd=0.5, train_lr=0.01, trigger_size=3, trojan_epochs=200, use_vs_number=True, vs_number=120, vs_ratio=0, weight_decay=0.0005)
target class rate on Vs: 1.0000
accuracy on clean test nodes: 0.8584
Overall ASR: 0.9858
Flip ASR: 0.9820/1554 nodes
Namespace(cuda=True, dataset='Pubmed', debug=True, defense_mode='none', device_id=3, dis_weight=0.0, dropout=0.5, epochs=200, evaluate_mode='1by1', hidden=32, homo_boost_thrd=0.5, homo_loss_weight=1.0, inner=1, lr=0.01, model='GCN', no_cuda=False, prune_thr=0.15, seed=139, selection_method='cluster_degree', target_class=0, target_loss_weight=1, test_model='GraphSage', thrd=0.5, train_lr=0.01, trigger_size=3, trojan_epochs=200, use_vs_number=True, vs_number=120, vs_ratio=0, weight_decay=0.0005)
target class rate on Vs: 1.0000
accuracy on clean test nodes: 0.8564
Overall ASR: 0.9848
Flip ASR: 0.9807/1554 nodes
Namespace(cuda=True, dataset='Pubmed', debug=True, defense_mode='none', device_id=3, dis_weight=0.0, dropout=0.5, epochs=200, evaluate_mode='1by1', hidden=32, homo_boost_thrd=0.5, homo_loss_weight=1.0, inner=1, lr=0.01, model='GCN', no_cuda=False, prune_thr=0.15, seed=215, selection_method='cluster_degree', target_class=0, target_loss_weight=1, test_model='GraphSage', thrd=0.5, train_lr=0.01, trigger_size=3, trojan_epochs=200, use_vs_number=True, vs_number=120, vs_ratio=0, weight_decay=0.0005)
target class rate on Vs: 1.0000
accuracy on clean test nodes: 0.8610
Overall ASR: 0.9873
Flip ASR: 0.9839/1554 nodes
Namespace(cuda=True, dataset='Pubmed', debug=True, defense_mode='none', device_id=3, dis_weight=0.0, dropout=0.5, epochs=200, evaluate_mode='1by1', hidden=32, homo_boost_thrd=0.5, homo_loss_weight=1.0, inner=1, lr=0.01, model='GCN', no_cuda=False, prune_thr=0.15, seed=338, selection_method='cluster_degree', target_class=0, target_loss_weight=1, test_model='GraphSage', thrd=0.5, train_lr=0.01, trigger_size=3, trojan_epochs=200, use_vs_number=True, vs_number=120, vs_ratio=0, weight_decay=0.0005)
target class rate on Vs: 1.0000
accuracy on clean test nodes: 0.8549
Overall ASR: 0.9817
Flip ASR: 0.9768/1554 nodes
Overall ASR: 0.9836 (GraphSage model, Seed: 338)
Overall Clean Accuracy: 0.8580
Total Overall ASR: 0.9410 
Total Clean Accuracy: 0.8483
