nohup: ignoring input
Namespace(cuda=True, dataset='Pubmed', debug=True, defense_mode='prune', device_id=3, dis_weight=0.0, dropout=0.5, epochs=200, evaluate_mode='1by1', hidden=32, homo_boost_thrd=0.5, homo_loss_weight=2.0, inner=1, lr=0.01, model='GCN', no_cuda=False, prune_thr=0.2, seed=11, selection_method='cluster_degree', target_class=0, target_loss_weight=1, test_model='GCN', thrd=0.5, train_lr=0.01, trigger_size=3, trojan_epochs=200, use_vs_number=True, vs_number=80, vs_ratio=0, weight_decay=0.0005)
Length of training set: 3943
Training benign model Finished!
Total time elapsed: 8.1994s
Benign CA: 0.8554
#Attach Nodes:80
Length of training set: 3943
=== training gcn model ===
Epoch 0, training loss: 1.1248021125793457
acc_val: 0.2035
Epoch 10, training loss: 1.035003423690796
acc_val: 0.4033
Epoch 20, training loss: 0.927193284034729
acc_val: 0.4485
Epoch 30, training loss: 0.7763608694076538
acc_val: 0.6799
Epoch 40, training loss: 0.6315062642097473
acc_val: 0.8234
Epoch 50, training loss: 0.53737473487854
acc_val: 0.8432
Epoch 60, training loss: 0.4778428375720978
acc_val: 0.8584
Epoch 70, training loss: 0.44524946808815
acc_val: 0.8605
Epoch 80, training loss: 0.4211972653865814
acc_val: 0.8650
Epoch 90, training loss: 0.39013704657554626
acc_val: 0.8681
Epoch 100, training loss: 0.3752492070198059
acc_val: 0.8645
Epoch 110, training loss: 0.3645612299442291
acc_val: 0.8706
Epoch 120, training loss: 0.3556129038333893
acc_val: 0.8737
Epoch 130, training loss: 0.34360992908477783
acc_val: 0.8701
Epoch 140, training loss: 0.3386012315750122
acc_val: 0.8737
Epoch 150, training loss: 0.3387988209724426
acc_val: 0.8747
Epoch 160, training loss: 0.3325311541557312
acc_val: 0.8757
Epoch 170, training loss: 0.3179633617401123
acc_val: 0.8772
Epoch 180, training loss: 0.3197590708732605
acc_val: 0.8752
Epoch 190, training loss: 0.3232661485671997
acc_val: 0.8721
=== picking the best model according to the performance on validation ===
Training encoder Finished!
Total time elapsed: 3.1643s
Encoder CA on clean test nodes: 0.8539
idx_sing_class [    0     1     4 ... 19700 19702 19704]
current_class_size 40
./selected_nodes/Pubmed/Seperate/seed11/class_1.txt
[ 2622.  7012.  6767. ... 16214.   903. 11450.]
idx_sing_class [    3     5     6 ... 19712 19714 19716]
current_class_size 40
./selected_nodes/Pubmed/Seperate/seed11/class_2.txt
[ 6834. 13199.   694. ...   580. 15548.  1205.]
idx_attach: tensor([ 2622,  7012,  6767,  6293,  8622, 11151, 12196,  1176, 14578, 19257,
         3121, 15916, 12852, 14851,  4210,  8071, 14236, 14840,  9493, 17390,
         7813, 13439,   821,  8004, 16238,  4045, 19558, 13923,  7882,  1387,
        12315, 10536, 13771,  5719,  4805, 13514,  6550,  2934,  1179, 17817,
         6834, 13199,   694, 11009, 10937,  9532, 17660, 11005,  7654,   688,
        13329, 11718,  5292,  7776, 16845,  1376,  9680, 10614,  7241, 13777,
         9859,  7324, 11287, 15213, 14826, 19461, 19272, 14959, 16090,  2471,
        16713, 19611,  1605,  2221,   198, 18061, 19459,  2313, 10567, 19026],
       device='cuda:3')
Epoch 0, loss_inner: 1.09889, loss_target: 1.08824, homo loss: 0.48313 
acc_train_clean: 0.3469, ASR_train_attach: 0.0000, ASR_train_outter: 0.0034
Epoch 10, loss_inner: 0.96006, loss_target: 0.85847, homo loss: 0.22069 
acc_train_clean: 0.6569, ASR_train_attach: 1.0000, ASR_train_outter: 0.9865
Epoch 20, loss_inner: 0.97276, loss_target: 0.80508, homo loss: 0.23360 
acc_train_clean: 0.7700, ASR_train_attach: 0.0000, ASR_train_outter: 0.8784
Epoch 30, loss_inner: 0.80213, loss_target: 0.72670, homo loss: 0.19123 
acc_train_clean: 0.7558, ASR_train_attach: 0.9875, ASR_train_outter: 0.9426
Epoch 40, loss_inner: 0.73557, loss_target: 0.66918, homo loss: 0.13762 
acc_train_clean: 0.7834, ASR_train_attach: 0.9375, ASR_train_outter: 0.9476
Epoch 50, loss_inner: 0.66522, loss_target: 0.61099, homo loss: 0.08301 
acc_train_clean: 0.8316, ASR_train_attach: 0.9875, ASR_train_outter: 0.9561
Epoch 60, loss_inner: 0.60349, loss_target: 0.55456, homo loss: 0.09281 
acc_train_clean: 0.8308, ASR_train_attach: 0.9875, ASR_train_outter: 0.9662
Epoch 70, loss_inner: 0.55369, loss_target: 0.51256, homo loss: 0.02587 
acc_train_clean: 0.8471, ASR_train_attach: 0.9375, ASR_train_outter: 0.9510
Epoch 80, loss_inner: 0.51648, loss_target: 0.48352, homo loss: 0.00452 
acc_train_clean: 0.8516, ASR_train_attach: 0.9125, ASR_train_outter: 0.9409
Epoch 90, loss_inner: 0.50129, loss_target: 0.50662, homo loss: 0.07845 
acc_train_clean: 0.8549, ASR_train_attach: 0.5750, ASR_train_outter: 0.7534
Epoch 100, loss_inner: 0.46595, loss_target: 0.43741, homo loss: 0.00540 
acc_train_clean: 0.8542, ASR_train_attach: 0.9250, ASR_train_outter: 0.9527
Epoch 110, loss_inner: 0.44714, loss_target: 0.42218, homo loss: 0.00195 
acc_train_clean: 0.8638, ASR_train_attach: 0.9250, ASR_train_outter: 0.9476
Epoch 120, loss_inner: 0.44041, loss_target: 0.47785, homo loss: 0.21244 
acc_train_clean: 0.8636, ASR_train_attach: 1.0000, ASR_train_outter: 0.9780
Epoch 130, loss_inner: 0.45722, loss_target: 0.50816, homo loss: 0.18603 
acc_train_clean: 0.8661, ASR_train_attach: 0.3875, ASR_train_outter: 0.5743
Epoch 140, loss_inner: 0.41951, loss_target: 0.40253, homo loss: 0.13304 
acc_train_clean: 0.8656, ASR_train_attach: 0.9750, ASR_train_outter: 0.9662
Epoch 150, loss_inner: 0.40739, loss_target: 0.38621, homo loss: 0.06903 
acc_train_clean: 0.8686, ASR_train_attach: 0.9625, ASR_train_outter: 0.9595
Epoch 160, loss_inner: 0.40141, loss_target: 0.40684, homo loss: 0.10814 
acc_train_clean: 0.8699, ASR_train_attach: 1.0000, ASR_train_outter: 0.9814
Epoch 170, loss_inner: 0.39340, loss_target: 0.37151, homo loss: 0.02372 
acc_train_clean: 0.8719, ASR_train_attach: 0.9500, ASR_train_outter: 0.9561
Epoch 180, loss_inner: 0.38840, loss_target: 0.36947, homo loss: 0.00441 
acc_train_clean: 0.8750, ASR_train_attach: 0.9250, ASR_train_outter: 0.9409
Epoch 190, loss_inner: 0.38177, loss_target: 0.35998, homo loss: 0.00203 
acc_train_clean: 0.8755, ASR_train_attach: 0.9250, ASR_train_outter: 0.9493
precent of left attach nodes: 1.000
Namespace(cuda=True, dataset='Pubmed', debug=True, defense_mode='prune', device_id=3, dis_weight=0.0, dropout=0.5, epochs=200, evaluate_mode='1by1', hidden=32, homo_boost_thrd=0.5, homo_loss_weight=2.0, inner=1, lr=0.01, model='GCN', no_cuda=False, prune_thr=0.2, seed=921, selection_method='cluster_degree', target_class=0, target_loss_weight=1, test_model='GCN', thrd=0.5, train_lr=0.01, trigger_size=3, trojan_epochs=200, use_vs_number=True, vs_number=80, vs_ratio=0, weight_decay=0.0005)
target class rate on Vs: 0.9875
accuracy on clean test nodes: 0.8529
Overall ASR: 0.8905
Flip ASR: 0.8674/1554 nodes
Namespace(cuda=True, dataset='Pubmed', debug=True, defense_mode='prune', device_id=3, dis_weight=0.0, dropout=0.5, epochs=200, evaluate_mode='1by1', hidden=32, homo_boost_thrd=0.5, homo_loss_weight=2.0, inner=1, lr=0.01, model='GCN', no_cuda=False, prune_thr=0.2, seed=703, selection_method='cluster_degree', target_class=0, target_loss_weight=1, test_model='GCN', thrd=0.5, train_lr=0.01, trigger_size=3, trojan_epochs=200, use_vs_number=True, vs_number=80, vs_ratio=0, weight_decay=0.0005)
target class rate on Vs: 0.9750
accuracy on clean test nodes: 0.8564
Overall ASR: 0.8758
Flip ASR: 0.8481/1554 nodes
Namespace(cuda=True, dataset='Pubmed', debug=True, defense_mode='prune', device_id=3, dis_weight=0.0, dropout=0.5, epochs=200, evaluate_mode='1by1', hidden=32, homo_boost_thrd=0.5, homo_loss_weight=2.0, inner=1, lr=0.01, model='GCN', no_cuda=False, prune_thr=0.2, seed=80, selection_method='cluster_degree', target_class=0, target_loss_weight=1, test_model='GCN', thrd=0.5, train_lr=0.01, trigger_size=3, trojan_epochs=200, use_vs_number=True, vs_number=80, vs_ratio=0, weight_decay=0.0005)
target class rate on Vs: 0.9875
accuracy on clean test nodes: 0.8534
Overall ASR: 0.8945
Flip ASR: 0.8700/1554 nodes
/home/mfl5681/project-backdoor/Backdoor/models/GAT.py:61: UserWarning: To copy construct from a tensor, it is recommended to use sourceTensor.clone().detach() or sourceTensor.clone().detach().requires_grad_(True), rather than torch.tensor(sourceTensor).
  self.labels = torch.tensor(labels, dtype=torch.long)
Namespace(cuda=True, dataset='Pubmed', debug=True, defense_mode='prune', device_id=3, dis_weight=0.0, dropout=0.5, epochs=200, evaluate_mode='1by1', hidden=32, homo_boost_thrd=0.5, homo_loss_weight=2.0, inner=1, lr=0.01, model='GCN', no_cuda=False, prune_thr=0.2, seed=91, selection_method='cluster_degree', target_class=0, target_loss_weight=1, test_model='GCN', thrd=0.5, train_lr=0.01, trigger_size=3, trojan_epochs=200, use_vs_number=True, vs_number=80, vs_ratio=0, weight_decay=0.0005)
target class rate on Vs: 0.9875
accuracy on clean test nodes: 0.8529
Overall ASR: 0.9042
Flip ASR: 0.8816/1554 nodes
Namespace(cuda=True, dataset='Pubmed', debug=True, defense_mode='prune', device_id=3, dis_weight=0.0, dropout=0.5, epochs=200, evaluate_mode='1by1', hidden=32, homo_boost_thrd=0.5, homo_loss_weight=2.0, inner=1, lr=0.01, model='GCN', no_cuda=False, prune_thr=0.2, seed=337, selection_method='cluster_degree', target_class=0, target_loss_weight=1, test_model='GCN', thrd=0.5, train_lr=0.01, trigger_size=3, trojan_epochs=200, use_vs_number=True, vs_number=80, vs_ratio=0, weight_decay=0.0005)
target class rate on Vs: 0.9875
accuracy on clean test nodes: 0.8549
Overall ASR: 0.8920
Flip ASR: 0.8668/1554 nodes
Overall ASR: 0.8914 (GCN model, Seed: 337)
Overall Clean Accuracy: 0.8541
Namespace(cuda=True, dataset='Pubmed', debug=True, defense_mode='prune', device_id=3, dis_weight=0.0, dropout=0.5, epochs=200, evaluate_mode='1by1', hidden=32, homo_boost_thrd=0.5, homo_loss_weight=2.0, inner=1, lr=0.01, model='GCN', no_cuda=False, prune_thr=0.2, seed=260, selection_method='cluster_degree', target_class=0, target_loss_weight=1, test_model='GAT', thrd=0.5, train_lr=0.01, trigger_size=3, trojan_epochs=200, use_vs_number=True, vs_number=80, vs_ratio=0, weight_decay=0.0005)
target class rate on Vs: 0.9250
accuracy on clean test nodes: 0.8376
Overall ASR: 0.8570
Flip ASR: 0.8256/1554 nodes
Namespace(cuda=True, dataset='Pubmed', debug=True, defense_mode='prune', device_id=3, dis_weight=0.0, dropout=0.5, epochs=200, evaluate_mode='1by1', hidden=32, homo_boost_thrd=0.5, homo_loss_weight=2.0, inner=1, lr=0.01, model='GCN', no_cuda=False, prune_thr=0.2, seed=66, selection_method='cluster_degree', target_class=0, target_loss_weight=1, test_model='GAT', thrd=0.5, train_lr=0.01, trigger_size=3, trojan_epochs=200, use_vs_number=True, vs_number=80, vs_ratio=0, weight_decay=0.0005)
target class rate on Vs: 0.9500
accuracy on clean test nodes: 0.8270
Overall ASR: 0.8656
Flip ASR: 0.8385/1554 nodes
Namespace(cuda=True, dataset='Pubmed', debug=True, defense_mode='prune', device_id=3, dis_weight=0.0, dropout=0.5, epochs=200, evaluate_mode='1by1', hidden=32, homo_boost_thrd=0.5, homo_loss_weight=2.0, inner=1, lr=0.01, model='GCN', no_cuda=False, prune_thr=0.2, seed=441, selection_method='cluster_degree', target_class=0, target_loss_weight=1, test_model='GAT', thrd=0.5, train_lr=0.01, trigger_size=3, trojan_epochs=200, use_vs_number=True, vs_number=80, vs_ratio=0, weight_decay=0.0005)
target class rate on Vs: 0.9625
accuracy on clean test nodes: 0.8392
Overall ASR: 0.8722
Flip ASR: 0.8449/1554 nodes
Namespace(cuda=True, dataset='Pubmed', debug=True, defense_mode='prune', device_id=3, dis_weight=0.0, dropout=0.5, epochs=200, evaluate_mode='1by1', hidden=32, homo_boost_thrd=0.5, homo_loss_weight=2.0, inner=1, lr=0.01, model='GCN', no_cuda=False, prune_thr=0.2, seed=443, selection_method='cluster_degree', target_class=0, target_loss_weight=1, test_model='GAT', thrd=0.5, train_lr=0.01, trigger_size=3, trojan_epochs=200, use_vs_number=True, vs_number=80, vs_ratio=0, weight_decay=0.0005)
target class rate on Vs: 1.0000
accuracy on clean test nodes: 0.8341
Overall ASR: 0.9539
Flip ASR: 0.9421/1554 nodes
Namespace(cuda=True, dataset='Pubmed', debug=True, defense_mode='prune', device_id=3, dis_weight=0.0, dropout=0.5, epochs=200, evaluate_mode='1by1', hidden=32, homo_boost_thrd=0.5, homo_loss_weight=2.0, inner=1, lr=0.01, model='GCN', no_cuda=False, prune_thr=0.2, seed=63, selection_method='cluster_degree', target_class=0, target_loss_weight=1, test_model='GAT', thrd=0.5, train_lr=0.01, trigger_size=3, trojan_epochs=200, use_vs_number=True, vs_number=80, vs_ratio=0, weight_decay=0.0005)
target class rate on Vs: 0.9750
accuracy on clean test nodes: 0.8387
Overall ASR: 0.8915
Flip ASR: 0.8694/1554 nodes
Overall ASR: 0.8880 (GAT model, Seed: 63)
Overall Clean Accuracy: 0.8353
Namespace(cuda=True, dataset='Pubmed', debug=True, defense_mode='prune', device_id=3, dis_weight=0.0, dropout=0.5, epochs=200, evaluate_mode='1by1', hidden=32, homo_boost_thrd=0.5, homo_loss_weight=2.0, inner=1, lr=0.01, model='GCN', no_cuda=False, prune_thr=0.2, seed=44, selection_method='cluster_degree', target_class=0, target_loss_weight=1, test_model='GraphSage', thrd=0.5, train_lr=0.01, trigger_size=3, trojan_epochs=200, use_vs_number=True, vs_number=80, vs_ratio=0, weight_decay=0.0005)
target class rate on Vs: 0.9625
accuracy on clean test nodes: 0.8666
Overall ASR: 0.8732
Flip ASR: 0.8436/1554 nodes
Namespace(cuda=True, dataset='Pubmed', debug=True, defense_mode='prune', device_id=3, dis_weight=0.0, dropout=0.5, epochs=200, evaluate_mode='1by1', hidden=32, homo_boost_thrd=0.5, homo_loss_weight=2.0, inner=1, lr=0.01, model='GCN', no_cuda=False, prune_thr=0.2, seed=116, selection_method='cluster_degree', target_class=0, target_loss_weight=1, test_model='GraphSage', thrd=0.5, train_lr=0.01, trigger_size=3, trojan_epochs=200, use_vs_number=True, vs_number=80, vs_ratio=0, weight_decay=0.0005)
target class rate on Vs: 0.9625
accuracy on clean test nodes: 0.8635
Overall ASR: 0.8793
Flip ASR: 0.8507/1554 nodes
Namespace(cuda=True, dataset='Pubmed', debug=True, defense_mode='prune', device_id=3, dis_weight=0.0, dropout=0.5, epochs=200, evaluate_mode='1by1', hidden=32, homo_boost_thrd=0.5, homo_loss_weight=2.0, inner=1, lr=0.01, model='GCN', no_cuda=False, prune_thr=0.2, seed=139, selection_method='cluster_degree', target_class=0, target_loss_weight=1, test_model='GraphSage', thrd=0.5, train_lr=0.01, trigger_size=3, trojan_epochs=200, use_vs_number=True, vs_number=80, vs_ratio=0, weight_decay=0.0005)
target class rate on Vs: 0.9625
accuracy on clean test nodes: 0.8640
Overall ASR: 0.8687
Flip ASR: 0.8385/1554 nodes
Namespace(cuda=True, dataset='Pubmed', debug=True, defense_mode='prune', device_id=3, dis_weight=0.0, dropout=0.5, epochs=200, evaluate_mode='1by1', hidden=32, homo_boost_thrd=0.5, homo_loss_weight=2.0, inner=1, lr=0.01, model='GCN', no_cuda=False, prune_thr=0.2, seed=215, selection_method='cluster_degree', target_class=0, target_loss_weight=1, test_model='GraphSage', thrd=0.5, train_lr=0.01, trigger_size=3, trojan_epochs=200, use_vs_number=True, vs_number=80, vs_ratio=0, weight_decay=0.0005)
target class rate on Vs: 0.9625
accuracy on clean test nodes: 0.8645
Overall ASR: 0.8859
Flip ASR: 0.8584/1554 nodes
Namespace(cuda=True, dataset='Pubmed', debug=True, defense_mode='prune', device_id=3, dis_weight=0.0, dropout=0.5, epochs=200, evaluate_mode='1by1', hidden=32, homo_boost_thrd=0.5, homo_loss_weight=2.0, inner=1, lr=0.01, model='GCN', no_cuda=False, prune_thr=0.2, seed=338, selection_method='cluster_degree', target_class=0, target_loss_weight=1, test_model='GraphSage', thrd=0.5, train_lr=0.01, trigger_size=3, trojan_epochs=200, use_vs_number=True, vs_number=80, vs_ratio=0, weight_decay=0.0005)
target class rate on Vs: 0.9500
accuracy on clean test nodes: 0.8645
Overall ASR: 0.8692
Flip ASR: 0.8404/1554 nodes
Overall ASR: 0.8753 (GraphSage model, Seed: 338)
Overall Clean Accuracy: 0.8646
Total Overall ASR: 0.8849 
Total Clean Accuracy: 0.8513
