nohup: ignoring input
run_adaptive.py:8: DeprecationWarning: the imp module is deprecated in favour of importlib; see the module's documentation for alternative uses
  import imp
Namespace(cuda=True, dataset='ogbn-arxiv', debug=True, defense_mode='isolate', device_id=2, dis_weight=0.0, dropout=0.5, epochs=800, evaluate_mode='1by1', hidden=32, homo_boost_thrd=0.8, homo_loss_weight=200.0, inner=1, lr=0.01, model='GCN', no_cuda=False, prune_thr=0.8, seed=10, selection_method='cluster_degree', target_class=0, target_loss_weight=1, test_model='GCN', thrd=0.5, train_lr=0.01, trigger_size=4, trojan_epochs=800, use_vs_number=True, vs_number=160, vs_ratio=0, weight_decay=0.0005)
#Attach Nodes:160
./selected_nodes/ogbn-arxiv/Overall/seed10/nodes.txt
idx_attach: tensor([132437, 159342, 115859,  11103, 127522,  67544,  82569, 161886,  62976,
         13773,  68963, 144203,  19681,    750, 156733,  86828,  18909,  82685,
         81700, 164714, 103734,  65352,  47692,  14294, 153213,  78523,   1385,
         50714, 156839, 144199,  88403,  58221,  56228,  88511,  12909, 156645,
         93340, 136107,  80139,    622,   1438,   7666, 133129, 127534, 106596,
        102712,   4269,  55140, 125068, 152827, 135150,  23527,   3609,   6462,
        121168, 152542,   6165, 126338,  90948,  77520,  47397, 106658,  68636,
        109074,  69509, 138501,  13873,  20117,  83448,   3102, 143264,  91042,
         54237,  58770, 165138, 126351,  55671,  99141,  13704, 136218,  16458,
         43368, 146276,  31105, 112018,  77110, 104399,  46245, 147007,   5821,
         19313,  91731,  20583, 142204,  80573,   7668,  83587, 128743, 143180,
         91852,  75911,  65787, 153365, 126297,  39114, 104240,  77327,   4583,
           512,  48952,  28134,  38432,  10832,  61628, 127678, 138417, 147495,
         98345,  93057,  33697, 138811, 124659, 133488,  71285,  47676,   1298,
        167767,  47649, 124811,  39955,  70652, 138116,  94425, 163083,  21820,
        133451,  73518, 132097,  23608,  13837, 125639,  40347, 163907,   5087,
          6422, 119164, 165901,   5059,  83768,  27180, 100388,  35462, 116799,
          3703,   5670,  48904,  68159, 113552, 160597,  96989],
       device='cuda:2')
tensor([     1,      2,      3,  ..., 169334, 169336, 169338], device='cuda:2')
Epoch 0, loss_inner: 3.74862, loss_target: 3.63140, homo loss: 0.72597 
acc_train_clean: 0.0089, ASR_train_attach: 0.0000, ASR_train_outter: 0.0000
Epoch 10, loss_inner: 3.01483, loss_target: 3.17488, homo loss: 0.00879 
acc_train_clean: 0.2622, ASR_train_attach: 0.0000, ASR_train_outter: 0.0000
Epoch 20, loss_inner: 2.76625, loss_target: 2.87415, homo loss: 0.00173 
acc_train_clean: 0.2838, ASR_train_attach: 0.0000, ASR_train_outter: 0.0000
Epoch 30, loss_inner: 2.47744, loss_target: 2.53057, homo loss: 0.00067 
acc_train_clean: 0.3757, ASR_train_attach: 0.0000, ASR_train_outter: 0.0000
Epoch 40, loss_inner: 2.18083, loss_target: 2.17099, homo loss: 0.00058 
acc_train_clean: 0.4452, ASR_train_attach: 0.0000, ASR_train_outter: 0.0110
Epoch 50, loss_inner: 1.92615, loss_target: 1.87917, homo loss: 0.00050 
acc_train_clean: 0.5067, ASR_train_attach: 0.6875, ASR_train_outter: 0.7179
Epoch 60, loss_inner: 1.73403, loss_target: 1.68985, homo loss: 0.00043 
acc_train_clean: 0.5387, ASR_train_attach: 0.8625, ASR_train_outter: 0.8395
Epoch 70, loss_inner: 1.60428, loss_target: 1.56522, homo loss: 0.00040 
acc_train_clean: 0.5669, ASR_train_attach: 0.9000, ASR_train_outter: 0.8792
Epoch 80, loss_inner: 1.50410, loss_target: 1.46732, homo loss: 0.00038 
acc_train_clean: 0.5892, ASR_train_attach: 0.9250, ASR_train_outter: 0.9105
Epoch 90, loss_inner: 1.41973, loss_target: 1.38420, homo loss: 0.00051 
acc_train_clean: 0.6054, ASR_train_attach: 0.9563, ASR_train_outter: 0.9375
Epoch 100, loss_inner: 1.35989, loss_target: 1.32762, homo loss: 0.00061 
acc_train_clean: 0.6167, ASR_train_attach: 0.9750, ASR_train_outter: 0.9527
Epoch 110, loss_inner: 1.31827, loss_target: 1.28769, homo loss: 0.00058 
acc_train_clean: 0.6244, ASR_train_attach: 0.9750, ASR_train_outter: 0.9595
Epoch 120, loss_inner: 1.28713, loss_target: 1.25728, homo loss: 0.00054 
acc_train_clean: 0.6324, ASR_train_attach: 0.9875, ASR_train_outter: 0.9696
Epoch 130, loss_inner: 1.26361, loss_target: 1.23457, homo loss: 0.00050 
acc_train_clean: 0.6379, ASR_train_attach: 0.9938, ASR_train_outter: 0.9764
Epoch 140, loss_inner: 1.24574, loss_target: 1.21731, homo loss: 0.00045 
acc_train_clean: 0.6421, ASR_train_attach: 1.0000, ASR_train_outter: 0.9789
Epoch 150, loss_inner: 1.23203, loss_target: 1.20406, homo loss: 0.00041 
acc_train_clean: 0.6447, ASR_train_attach: 1.0000, ASR_train_outter: 0.9806
Epoch 160, loss_inner: 1.22122, loss_target: 1.19332, homo loss: 0.00037 
acc_train_clean: 0.6468, ASR_train_attach: 1.0000, ASR_train_outter: 0.9831
Epoch 170, loss_inner: 1.21247, loss_target: 1.18462, homo loss: 0.00033 
acc_train_clean: 0.6488, ASR_train_attach: 1.0000, ASR_train_outter: 0.9831
Epoch 180, loss_inner: 1.20502, loss_target: 1.17707, homo loss: 0.00029 
acc_train_clean: 0.6503, ASR_train_attach: 1.0000, ASR_train_outter: 0.9848
Epoch 190, loss_inner: 1.19856, loss_target: 1.17019, homo loss: 0.00024 
acc_train_clean: 0.6519, ASR_train_attach: 1.0000, ASR_train_outter: 0.9856
Epoch 200, loss_inner: 1.19274, loss_target: 1.16424, homo loss: 0.00020 
acc_train_clean: 0.6533, ASR_train_attach: 1.0000, ASR_train_outter: 0.9856
Epoch 210, loss_inner: 1.18746, loss_target: 1.15882, homo loss: 0.00017 
acc_train_clean: 0.6540, ASR_train_attach: 1.0000, ASR_train_outter: 0.9856
Epoch 220, loss_inner: 1.18073, loss_target: 1.15186, homo loss: 0.00015 
acc_train_clean: 0.6559, ASR_train_attach: 1.0000, ASR_train_outter: 0.9856
Epoch 230, loss_inner: 1.17257, loss_target: 1.14418, homo loss: 0.00015 
acc_train_clean: 0.6582, ASR_train_attach: 1.0000, ASR_train_outter: 0.9856
Epoch 240, loss_inner: 1.16544, loss_target: 1.13677, homo loss: 0.00007 
acc_train_clean: 0.6610, ASR_train_attach: 1.0000, ASR_train_outter: 0.9856
Epoch 250, loss_inner: 1.16052, loss_target: 1.13206, homo loss: 0.00003 
acc_train_clean: 0.6615, ASR_train_attach: 1.0000, ASR_train_outter: 0.9873
Epoch 260, loss_inner: 1.15673, loss_target: 1.12804, homo loss: 0.00003 
acc_train_clean: 0.6624, ASR_train_attach: 1.0000, ASR_train_outter: 0.9873
Epoch 270, loss_inner: 1.15335, loss_target: 1.12500, homo loss: 0.00003 
acc_train_clean: 0.6635, ASR_train_attach: 1.0000, ASR_train_outter: 0.9865
Epoch 280, loss_inner: 1.15036, loss_target: 1.12110, homo loss: 0.00001 
acc_train_clean: 0.6642, ASR_train_attach: 1.0000, ASR_train_outter: 0.9907
Epoch 290, loss_inner: 1.14763, loss_target: 1.11955, homo loss: 0.00009 
acc_train_clean: 0.6647, ASR_train_attach: 1.0000, ASR_train_outter: 0.9890
Epoch 300, loss_inner: 1.14506, loss_target: 1.11596, homo loss: 0.00006 
acc_train_clean: 0.6659, ASR_train_attach: 1.0000, ASR_train_outter: 0.9916
Epoch 310, loss_inner: 1.14465, loss_target: 1.11505, homo loss: 0.00003 
acc_train_clean: 0.6665, ASR_train_attach: 1.0000, ASR_train_outter: 0.9916
Epoch 320, loss_inner: 1.13951, loss_target: 1.11121, homo loss: 0.00010 
acc_train_clean: 0.6679, ASR_train_attach: 1.0000, ASR_train_outter: 0.9890
Epoch 330, loss_inner: 1.13503, loss_target: 1.10592, homo loss: 0.00004 
acc_train_clean: 0.6687, ASR_train_attach: 1.0000, ASR_train_outter: 0.9932
Epoch 340, loss_inner: 1.13183, loss_target: 1.10473, homo loss: 0.00006 
acc_train_clean: 0.6690, ASR_train_attach: 0.9938, ASR_train_outter: 0.9865
Epoch 350, loss_inner: 1.12916, loss_target: 1.10060, homo loss: 0.00003 
acc_train_clean: 0.6704, ASR_train_attach: 1.0000, ASR_train_outter: 0.9949
Epoch 360, loss_inner: 1.12735, loss_target: 1.09866, homo loss: 0.00001 
acc_train_clean: 0.6705, ASR_train_attach: 1.0000, ASR_train_outter: 0.9941
Epoch 370, loss_inner: 1.12570, loss_target: 1.09690, homo loss: 0.00004 
acc_train_clean: 0.6717, ASR_train_attach: 1.0000, ASR_train_outter: 0.9932
Epoch 380, loss_inner: 1.12416, loss_target: 1.09522, homo loss: 0.00002 
acc_train_clean: 0.6713, ASR_train_attach: 1.0000, ASR_train_outter: 0.9932
Epoch 390, loss_inner: 1.12267, loss_target: 1.09468, homo loss: 0.00012 
acc_train_clean: 0.6722, ASR_train_attach: 1.0000, ASR_train_outter: 0.9949
Epoch 400, loss_inner: 1.12196, loss_target: 1.09320, homo loss: 0.00010 
acc_train_clean: 0.6716, ASR_train_attach: 1.0000, ASR_train_outter: 0.9966
Epoch 410, loss_inner: 1.12039, loss_target: 1.09276, homo loss: 0.00000 
acc_train_clean: 0.6724, ASR_train_attach: 1.0000, ASR_train_outter: 0.9899
Epoch 420, loss_inner: 1.11928, loss_target: 1.09063, homo loss: 0.00001 
acc_train_clean: 0.6727, ASR_train_attach: 1.0000, ASR_train_outter: 0.9949
Epoch 430, loss_inner: 1.11826, loss_target: 1.08970, homo loss: 0.00003 
acc_train_clean: 0.6732, ASR_train_attach: 1.0000, ASR_train_outter: 0.9958
Epoch 440, loss_inner: 1.11745, loss_target: 1.09562, homo loss: 0.00034 
acc_train_clean: 0.6730, ASR_train_attach: 1.0000, ASR_train_outter: 0.9966
Epoch 450, loss_inner: 1.11670, loss_target: 1.09216, homo loss: 0.00028 
acc_train_clean: 0.6727, ASR_train_attach: 1.0000, ASR_train_outter: 0.9966
Epoch 460, loss_inner: 1.11591, loss_target: 1.08959, homo loss: 0.00013 
acc_train_clean: 0.6733, ASR_train_attach: 1.0000, ASR_train_outter: 0.9966
Epoch 470, loss_inner: 1.11469, loss_target: 1.08716, homo loss: 0.00003 
acc_train_clean: 0.6739, ASR_train_attach: 1.0000, ASR_train_outter: 0.9899
Epoch 480, loss_inner: 1.11390, loss_target: 1.08578, homo loss: 0.00013 
acc_train_clean: 0.6740, ASR_train_attach: 1.0000, ASR_train_outter: 0.9949
Epoch 490, loss_inner: 1.11304, loss_target: 1.08513, homo loss: 0.00004 
acc_train_clean: 0.6740, ASR_train_attach: 1.0000, ASR_train_outter: 0.9966
Epoch 500, loss_inner: 1.11238, loss_target: 1.08604, homo loss: 0.00022 
acc_train_clean: 0.6748, ASR_train_attach: 1.0000, ASR_train_outter: 0.9958
Epoch 510, loss_inner: 1.11152, loss_target: 1.08208, homo loss: 0.00003 
acc_train_clean: 0.6749, ASR_train_attach: 1.0000, ASR_train_outter: 0.9966
Epoch 520, loss_inner: 1.11090, loss_target: 1.09281, homo loss: 0.00032 
acc_train_clean: 0.6751, ASR_train_attach: 1.0000, ASR_train_outter: 0.9949
Epoch 530, loss_inner: 1.11038, loss_target: 1.08843, homo loss: 0.00020 
acc_train_clean: 0.6754, ASR_train_attach: 1.0000, ASR_train_outter: 0.9966
Epoch 540, loss_inner: 1.10943, loss_target: 1.07912, homo loss: 0.00002 
acc_train_clean: 0.6757, ASR_train_attach: 1.0000, ASR_train_outter: 0.9966
Epoch 550, loss_inner: 1.10893, loss_target: 1.08027, homo loss: 0.00004 
acc_train_clean: 0.6755, ASR_train_attach: 1.0000, ASR_train_outter: 0.9966
Epoch 560, loss_inner: 1.10819, loss_target: 1.07893, homo loss: 0.00009 
acc_train_clean: 0.6749, ASR_train_attach: 1.0000, ASR_train_outter: 0.9966
Epoch 570, loss_inner: 1.10748, loss_target: 1.08553, homo loss: 0.00019 
acc_train_clean: 0.6765, ASR_train_attach: 1.0000, ASR_train_outter: 0.9975
Epoch 580, loss_inner: 1.10676, loss_target: 1.08056, homo loss: 0.00014 
acc_train_clean: 0.6764, ASR_train_attach: 1.0000, ASR_train_outter: 0.9983
Epoch 590, loss_inner: 1.10667, loss_target: 1.07890, homo loss: 0.00006 
acc_train_clean: 0.6763, ASR_train_attach: 1.0000, ASR_train_outter: 0.9958
Epoch 600, loss_inner: 1.10583, loss_target: 1.07839, homo loss: 0.00020 
acc_train_clean: 0.6764, ASR_train_attach: 1.0000, ASR_train_outter: 0.9966
Epoch 610, loss_inner: 1.10507, loss_target: 1.07566, homo loss: 0.00010 
acc_train_clean: 0.6761, ASR_train_attach: 1.0000, ASR_train_outter: 0.9975
Epoch 620, loss_inner: 1.10438, loss_target: 1.07718, homo loss: 0.00008 
acc_train_clean: 0.6766, ASR_train_attach: 1.0000, ASR_train_outter: 0.9966
Epoch 630, loss_inner: 1.10499, loss_target: 1.08363, homo loss: 0.00020 
acc_train_clean: 0.6768, ASR_train_attach: 1.0000, ASR_train_outter: 0.9975
Epoch 640, loss_inner: 1.10548, loss_target: 1.09394, homo loss: 0.00034 
acc_train_clean: 0.6749, ASR_train_attach: 1.0000, ASR_train_outter: 0.9983
Epoch 650, loss_inner: 1.10364, loss_target: 1.08007, homo loss: 0.00017 
acc_train_clean: 0.6764, ASR_train_attach: 1.0000, ASR_train_outter: 0.9983
Epoch 660, loss_inner: 1.27431, loss_target: 1.34240, homo loss: 0.00135 
acc_train_clean: 0.6520, ASR_train_attach: 0.0000, ASR_train_outter: 0.9975
Epoch 670, loss_inner: 1.37990, loss_target: 1.38874, homo loss: 0.00074 
acc_train_clean: 0.6189, ASR_train_attach: 1.0000, ASR_train_outter: 0.9975
Epoch 680, loss_inner: 1.22653, loss_target: 1.30520, homo loss: 0.00072 
acc_train_clean: 0.6490, ASR_train_attach: 1.0000, ASR_train_outter: 1.0000
Epoch 690, loss_inner: 1.15807, loss_target: 1.21165, homo loss: 0.00081 
acc_train_clean: 0.6647, ASR_train_attach: 1.0000, ASR_train_outter: 1.0000
Epoch 700, loss_inner: 1.13339, loss_target: 1.18085, homo loss: 0.00083 
acc_train_clean: 0.6694, ASR_train_attach: 1.0000, ASR_train_outter: 1.0000
Epoch 710, loss_inner: 1.12122, loss_target: 1.15331, homo loss: 0.00087 
acc_train_clean: 0.6710, ASR_train_attach: 1.0000, ASR_train_outter: 1.0000
Epoch 720, loss_inner: 1.11679, loss_target: 1.14847, homo loss: 0.00085 
acc_train_clean: 0.6743, ASR_train_attach: 1.0000, ASR_train_outter: 1.0000
Epoch 730, loss_inner: 1.11368, loss_target: 1.13121, homo loss: 0.00084 
acc_train_clean: 0.6750, ASR_train_attach: 1.0000, ASR_train_outter: 1.0000
Epoch 740, loss_inner: 1.11294, loss_target: 1.14285, homo loss: 0.00084 
acc_train_clean: 0.6754, ASR_train_attach: 1.0000, ASR_train_outter: 1.0000
Epoch 750, loss_inner: 1.11544, loss_target: 1.14062, homo loss: 0.00082 
acc_train_clean: 0.6723, ASR_train_attach: 1.0000, ASR_train_outter: 1.0000
Epoch 760, loss_inner: 1.11752, loss_target: 1.16953, homo loss: 0.00084 
acc_train_clean: 0.6748, ASR_train_attach: 1.0000, ASR_train_outter: 1.0000
Epoch 770, loss_inner: 1.13453, loss_target: 1.21750, homo loss: 0.00087 
acc_train_clean: 0.6658, ASR_train_attach: 1.0000, ASR_train_outter: 1.0000
Epoch 780, loss_inner: 1.14482, loss_target: 1.55018, homo loss: 0.00090 
acc_train_clean: 0.6703, ASR_train_attach: 1.0000, ASR_train_outter: 1.0000
Epoch 790, loss_inner: 1.12056, loss_target: 1.32100, homo loss: 0.00093 
acc_train_clean: 0.6721, ASR_train_attach: 1.0000, ASR_train_outter: 0.9983
load best weight based on the loss outter
precent of left attach nodes: 0.181
Namespace(cuda=True, dataset='ogbn-arxiv', debug=True, defense_mode='isolate', device_id=2, dis_weight=0.0, dropout=0.5, epochs=800, evaluate_mode='1by1', hidden=32, homo_boost_thrd=0.8, homo_loss_weight=200.0, inner=1, lr=0.01, model='GCN', no_cuda=False, prune_thr=0.8, seed=265, selection_method='cluster_degree', target_class=0, target_loss_weight=1, test_model='GCN', thrd=0.5, train_lr=0.01, trigger_size=4, trojan_epochs=800, use_vs_number=True, vs_number=160, vs_ratio=0, weight_decay=0.0005)
target class rate on Vs: 1.0000
accuracy on clean test nodes: 0.6376
Overall ASR: 0.9539
Flip ASR: 0.9538/16875 nodes
Namespace(cuda=True, dataset='ogbn-arxiv', debug=True, defense_mode='isolate', device_id=2, dis_weight=0.0, dropout=0.5, epochs=800, evaluate_mode='1by1', hidden=32, homo_boost_thrd=0.8, homo_loss_weight=200.0, inner=1, lr=0.01, model='GCN', no_cuda=False, prune_thr=0.8, seed=125, selection_method='cluster_degree', target_class=0, target_loss_weight=1, test_model='GCN', thrd=0.5, train_lr=0.01, trigger_size=4, trojan_epochs=800, use_vs_number=True, vs_number=160, vs_ratio=0, weight_decay=0.0005)
target class rate on Vs: 1.0000
accuracy on clean test nodes: 0.6476
Overall ASR: 0.9526
Flip ASR: 0.9525/16875 nodes
Namespace(cuda=True, dataset='ogbn-arxiv', debug=True, defense_mode='isolate', device_id=2, dis_weight=0.0, dropout=0.5, epochs=800, evaluate_mode='1by1', hidden=32, homo_boost_thrd=0.8, homo_loss_weight=200.0, inner=1, lr=0.01, model='GCN', no_cuda=False, prune_thr=0.8, seed=996, selection_method='cluster_degree', target_class=0, target_loss_weight=1, test_model='GCN', thrd=0.5, train_lr=0.01, trigger_size=4, trojan_epochs=800, use_vs_number=True, vs_number=160, vs_ratio=0, weight_decay=0.0005)
target class rate on Vs: 1.0000
accuracy on clean test nodes: 0.6489
Overall ASR: 0.9536
Flip ASR: 0.9535/16875 nodes
Namespace(cuda=True, dataset='ogbn-arxiv', debug=True, defense_mode='isolate', device_id=2, dis_weight=0.0, dropout=0.5, epochs=800, evaluate_mode='1by1', hidden=32, homo_boost_thrd=0.8, homo_loss_weight=200.0, inner=1, lr=0.01, model='GCN', no_cuda=False, prune_thr=0.8, seed=527, selection_method='cluster_degree', target_class=0, target_loss_weight=1, test_model='GCN', thrd=0.5, train_lr=0.01, trigger_size=4, trojan_epochs=800, use_vs_number=True, vs_number=160, vs_ratio=0, weight_decay=0.0005)
target class rate on Vs: 1.0000
accuracy on clean test nodes: 0.6484
Overall ASR: 0.9535
Flip ASR: 0.9534/16875 nodes
Namespace(cuda=True, dataset='ogbn-arxiv', debug=True, defense_mode='isolate', device_id=2, dis_weight=0.0, dropout=0.5, epochs=800, evaluate_mode='1by1', hidden=32, homo_boost_thrd=0.8, homo_loss_weight=200.0, inner=1, lr=0.01, model='GCN', no_cuda=False, prune_thr=0.8, seed=320, selection_method='cluster_degree', target_class=0, target_loss_weight=1, test_model='GCN', thrd=0.5, train_lr=0.01, trigger_size=4, trojan_epochs=800, use_vs_number=True, vs_number=160, vs_ratio=0, weight_decay=0.0005)
target class rate on Vs: 1.0000
accuracy on clean test nodes: 0.6391
Overall ASR: 0.9542
Flip ASR: 0.9541/16875 nodes
Overall ASR: 0.9536 (GCN model, Seed: 320)
Overall Clean Accuracy: 0.6443
Namespace(cuda=True, dataset='ogbn-arxiv', debug=True, defense_mode='isolate', device_id=2, dis_weight=0.0, dropout=0.5, epochs=800, evaluate_mode='1by1', hidden=32, homo_boost_thrd=0.8, homo_loss_weight=200.0, inner=1, lr=0.01, model='GCN', no_cuda=False, prune_thr=0.8, seed=781, selection_method='cluster_degree', target_class=0, target_loss_weight=1, test_model='GAT', thrd=0.5, train_lr=0.01, trigger_size=4, trojan_epochs=800, use_vs_number=True, vs_number=160, vs_ratio=0, weight_decay=0.0005)
/home/project-graph-backdoor/Backdoor/models/GAT.py:61: UserWarning: To copy construct from a tensor, it is recommended to use sourceTensor.clone().detach() or sourceTensor.clone().detach().requires_grad_(True), rather than torch.tensor(sourceTensor).
  self.labels = torch.tensor(labels, dtype=torch.long)
target class rate on Vs: 1.0000
accuracy on clean test nodes: 0.6385
Overall ASR: 0.9554
Flip ASR: 0.9553/16875 nodes
Namespace(cuda=True, dataset='ogbn-arxiv', debug=True, defense_mode='isolate', device_id=2, dis_weight=0.0, dropout=0.5, epochs=800, evaluate_mode='1by1', hidden=32, homo_boost_thrd=0.8, homo_loss_weight=200.0, inner=1, lr=0.01, model='GCN', no_cuda=False, prune_thr=0.8, seed=706, selection_method='cluster_degree', target_class=0, target_loss_weight=1, test_model='GAT', thrd=0.5, train_lr=0.01, trigger_size=4, trojan_epochs=800, use_vs_number=True, vs_number=160, vs_ratio=0, weight_decay=0.0005)
target class rate on Vs: 1.0000
accuracy on clean test nodes: 0.6405
Overall ASR: 0.9554
Flip ASR: 0.9553/16875 nodes
Namespace(cuda=True, dataset='ogbn-arxiv', debug=True, defense_mode='isolate', device_id=2, dis_weight=0.0, dropout=0.5, epochs=800, evaluate_mode='1by1', hidden=32, homo_boost_thrd=0.8, homo_loss_weight=200.0, inner=1, lr=0.01, model='GCN', no_cuda=False, prune_thr=0.8, seed=778, selection_method='cluster_degree', target_class=0, target_loss_weight=1, test_model='GAT', thrd=0.5, train_lr=0.01, trigger_size=4, trojan_epochs=800, use_vs_number=True, vs_number=160, vs_ratio=0, weight_decay=0.0005)
target class rate on Vs: 1.0000
accuracy on clean test nodes: 0.6407
Overall ASR: 0.9554
Flip ASR: 0.9553/16875 nodes
Namespace(cuda=True, dataset='ogbn-arxiv', debug=True, defense_mode='isolate', device_id=2, dis_weight=0.0, dropout=0.5, epochs=800, evaluate_mode='1by1', hidden=32, homo_boost_thrd=0.8, homo_loss_weight=200.0, inner=1, lr=0.01, model='GCN', no_cuda=False, prune_thr=0.8, seed=604, selection_method='cluster_degree', target_class=0, target_loss_weight=1, test_model='GAT', thrd=0.5, train_lr=0.01, trigger_size=4, trojan_epochs=800, use_vs_number=True, vs_number=160, vs_ratio=0, weight_decay=0.0005)
target class rate on Vs: 1.0000
accuracy on clean test nodes: 0.6401
Overall ASR: 0.9555
Flip ASR: 0.9554/16875 nodes
Namespace(cuda=True, dataset='ogbn-arxiv', debug=True, defense_mode='isolate', device_id=2, dis_weight=0.0, dropout=0.5, epochs=800, evaluate_mode='1by1', hidden=32, homo_boost_thrd=0.8, homo_loss_weight=200.0, inner=1, lr=0.01, model='GCN', no_cuda=False, prune_thr=0.8, seed=133, selection_method='cluster_degree', target_class=0, target_loss_weight=1, test_model='GAT', thrd=0.5, train_lr=0.01, trigger_size=4, trojan_epochs=800, use_vs_number=True, vs_number=160, vs_ratio=0, weight_decay=0.0005)
target class rate on Vs: 1.0000
accuracy on clean test nodes: 0.6391
Overall ASR: 0.9554
Flip ASR: 0.9553/16875 nodes
Overall ASR: 0.9554 (GAT model, Seed: 133)
Overall Clean Accuracy: 0.6398
Namespace(cuda=True, dataset='ogbn-arxiv', debug=True, defense_mode='isolate', device_id=2, dis_weight=0.0, dropout=0.5, epochs=800, evaluate_mode='1by1', hidden=32, homo_boost_thrd=0.8, homo_loss_weight=200.0, inner=1, lr=0.01, model='GCN', no_cuda=False, prune_thr=0.8, seed=673, selection_method='cluster_degree', target_class=0, target_loss_weight=1, test_model='GraphSage', thrd=0.5, train_lr=0.01, trigger_size=4, trojan_epochs=800, use_vs_number=True, vs_number=160, vs_ratio=0, weight_decay=0.0005)
target class rate on Vs: 0.9875
accuracy on clean test nodes: 0.6395
Overall ASR: 0.9120
Flip ASR: 0.9118/16875 nodes
Namespace(cuda=True, dataset='ogbn-arxiv', debug=True, defense_mode='isolate', device_id=2, dis_weight=0.0, dropout=0.5, epochs=800, evaluate_mode='1by1', hidden=32, homo_boost_thrd=0.8, homo_loss_weight=200.0, inner=1, lr=0.01, model='GCN', no_cuda=False, prune_thr=0.8, seed=904, selection_method='cluster_degree', target_class=0, target_loss_weight=1, test_model='GraphSage', thrd=0.5, train_lr=0.01, trigger_size=4, trojan_epochs=800, use_vs_number=True, vs_number=160, vs_ratio=0, weight_decay=0.0005)
target class rate on Vs: 1.0000
accuracy on clean test nodes: 0.6351
Overall ASR: 0.9221
Flip ASR: 0.9220/16875 nodes
Namespace(cuda=True, dataset='ogbn-arxiv', debug=True, defense_mode='isolate', device_id=2, dis_weight=0.0, dropout=0.5, epochs=800, evaluate_mode='1by1', hidden=32, homo_boost_thrd=0.8, homo_loss_weight=200.0, inner=1, lr=0.01, model='GCN', no_cuda=False, prune_thr=0.8, seed=56, selection_method='cluster_degree', target_class=0, target_loss_weight=1, test_model='GraphSage', thrd=0.5, train_lr=0.01, trigger_size=4, trojan_epochs=800, use_vs_number=True, vs_number=160, vs_ratio=0, weight_decay=0.0005)
target class rate on Vs: 0.9938
accuracy on clean test nodes: 0.6412
Overall ASR: 0.9124
Flip ASR: 0.9122/16875 nodes
Namespace(cuda=True, dataset='ogbn-arxiv', debug=True, defense_mode='isolate', device_id=2, dis_weight=0.0, dropout=0.5, epochs=800, evaluate_mode='1by1', hidden=32, homo_boost_thrd=0.8, homo_loss_weight=200.0, inner=1, lr=0.01, model='GCN', no_cuda=False, prune_thr=0.8, seed=1, selection_method='cluster_degree', target_class=0, target_loss_weight=1, test_model='GraphSage', thrd=0.5, train_lr=0.01, trigger_size=4, trojan_epochs=800, use_vs_number=True, vs_number=160, vs_ratio=0, weight_decay=0.0005)
target class rate on Vs: 1.0000
accuracy on clean test nodes: 0.6449
Overall ASR: 0.9243
Flip ASR: 0.9241/16875 nodes
Namespace(cuda=True, dataset='ogbn-arxiv', debug=True, defense_mode='isolate', device_id=2, dis_weight=0.0, dropout=0.5, epochs=800, evaluate_mode='1by1', hidden=32, homo_boost_thrd=0.8, homo_loss_weight=200.0, inner=1, lr=0.01, model='GCN', no_cuda=False, prune_thr=0.8, seed=694, selection_method='cluster_degree', target_class=0, target_loss_weight=1, test_model='GraphSage', thrd=0.5, train_lr=0.01, trigger_size=4, trojan_epochs=800, use_vs_number=True, vs_number=160, vs_ratio=0, weight_decay=0.0005)
target class rate on Vs: 0.9938
accuracy on clean test nodes: 0.6411
Overall ASR: 0.9192
Flip ASR: 0.9190/16875 nodes
Overall ASR: 0.9180 (GraphSage model, Seed: 694)
Overall Clean Accuracy: 0.6403
Total Overall ASR: 0.9423 
Total Clean Accuracy: 0.6415
