nohup: ignoring input
run_adaptive.py:8: DeprecationWarning: the imp module is deprecated in favour of importlib; see the module's documentation for alternative uses
  import imp
Namespace(cuda=True, dataset='ogbn-arxiv', debug=True, defense_mode='isolate', device_id=0, dis_weight=0.0, dropout=0.5, epochs=200, evaluate_mode='1by1', hidden=32, homo_boost_thrd=0.8, homo_loss_weight=100.0, inner=1, lr=0.01, model='GCN', no_cuda=False, prune_thr=0.8, seed=10, selection_method='cluster_degree', target_class=0, target_loss_weight=1, test_model='GCN', thrd=0.5, train_lr=0.01, trigger_size=3, trojan_epochs=400, use_vs_number=True, vs_number=80, vs_ratio=0, weight_decay=0.0005)
#Attach Nodes:80
./selected_nodes/ogbn-arxiv/Overall/seed10/nodes.txt
idx_attach: tensor([132437, 159342, 115859,  11103, 127522,  67544,  82569, 161886,  62976,
         13773,  68963, 144203,  19681,    750, 156733,  86828,  18909,  82685,
         81700, 164714, 103734,  65352,  47692,  14294, 153213,  78523,   1385,
         50714, 156839, 144199,  88403,  58221,  56228,  88511,  12909, 156645,
         93340, 136107,  80139,    622,   1438,   7666, 133129, 127534, 106596,
        102712,   4269,  55140, 125068, 152827, 135150,  23527,   3609,   6462,
        121168, 152542,   6165, 126338,  90948,  77520,  47397, 106658,  68636,
        109074,  69509, 138501,  13873,  20117,  83448,   3102, 143264,  91042,
         54237,  58770, 165138, 126351,  55671,  99141,  13704, 136218],
       device='cuda:0')
tensor([     1,      2,      3,  ..., 169334, 169336, 169338], device='cuda:0')
Epoch 0, loss_inner: 3.74860, loss_target: 3.62595, homo loss: 0.80691 
acc_train_clean: 0.0089, ASR_train_attach: 0.0000, ASR_train_outter: 0.0000
Epoch 10, loss_inner: 3.00955, loss_target: 3.12812, homo loss: 0.00528 
acc_train_clean: 0.2614, ASR_train_attach: 0.0000, ASR_train_outter: 0.0000
Epoch 20, loss_inner: 2.76194, loss_target: 2.84802, homo loss: 0.00121 
acc_train_clean: 0.2817, ASR_train_attach: 0.0000, ASR_train_outter: 0.0000
Epoch 30, loss_inner: 2.47496, loss_target: 2.52702, homo loss: 0.00097 
acc_train_clean: 0.3703, ASR_train_attach: 0.0000, ASR_train_outter: 0.0000
Epoch 40, loss_inner: 2.18442, loss_target: 2.21764, homo loss: 0.00089 
acc_train_clean: 0.4433, ASR_train_attach: 0.0000, ASR_train_outter: 0.0000
Epoch 50, loss_inner: 1.93445, loss_target: 1.91748, homo loss: 0.00077 
acc_train_clean: 0.5061, ASR_train_attach: 0.0125, ASR_train_outter: 0.1284
Epoch 60, loss_inner: 1.74081, loss_target: 1.71631, homo loss: 0.00066 
acc_train_clean: 0.5391, ASR_train_attach: 0.6125, ASR_train_outter: 0.7399
Epoch 70, loss_inner: 1.60887, loss_target: 1.58764, homo loss: 0.00058 
acc_train_clean: 0.5668, ASR_train_attach: 0.8750, ASR_train_outter: 0.8429
Epoch 80, loss_inner: 1.51661, loss_target: 1.49634, homo loss: 0.00050 
acc_train_clean: 0.5877, ASR_train_attach: 0.9250, ASR_train_outter: 0.8919
Epoch 90, loss_inner: 1.44861, loss_target: 1.42978, homo loss: 0.00043 
acc_train_clean: 0.6006, ASR_train_attach: 0.9375, ASR_train_outter: 0.9139
Epoch 100, loss_inner: 1.39307, loss_target: 1.37433, homo loss: 0.00037 
acc_train_clean: 0.6120, ASR_train_attach: 0.9750, ASR_train_outter: 0.9341
Epoch 110, loss_inner: 1.34614, loss_target: 1.32728, homo loss: 0.00036 
acc_train_clean: 0.6199, ASR_train_attach: 0.9875, ASR_train_outter: 0.9578
Epoch 120, loss_inner: 1.30716, loss_target: 1.28888, homo loss: 0.00036 
acc_train_clean: 0.6278, ASR_train_attach: 1.0000, ASR_train_outter: 0.9645
Epoch 130, loss_inner: 1.27436, loss_target: 1.25704, homo loss: 0.00026 
acc_train_clean: 0.6345, ASR_train_attach: 1.0000, ASR_train_outter: 0.9628
Epoch 140, loss_inner: 1.24999, loss_target: 1.23388, homo loss: 0.00017 
acc_train_clean: 0.6405, ASR_train_attach: 1.0000, ASR_train_outter: 0.9628
Epoch 150, loss_inner: 1.23313, loss_target: 1.21824, homo loss: 0.00011 
acc_train_clean: 0.6446, ASR_train_attach: 1.0000, ASR_train_outter: 0.9611
Epoch 160, loss_inner: 1.22145, loss_target: 1.20625, homo loss: 0.00006 
acc_train_clean: 0.6469, ASR_train_attach: 1.0000, ASR_train_outter: 0.9662
Epoch 170, loss_inner: 1.21246, loss_target: 1.19761, homo loss: 0.00005 
acc_train_clean: 0.6488, ASR_train_attach: 1.0000, ASR_train_outter: 0.9628
Epoch 180, loss_inner: 1.20493, loss_target: 1.18985, homo loss: 0.00011 
acc_train_clean: 0.6503, ASR_train_attach: 1.0000, ASR_train_outter: 0.9713
Epoch 190, loss_inner: 1.19838, loss_target: 1.18295, homo loss: 0.00001 
acc_train_clean: 0.6514, ASR_train_attach: 1.0000, ASR_train_outter: 0.9730
Epoch 200, loss_inner: 1.19251, loss_target: 1.17703, homo loss: 0.00001 
acc_train_clean: 0.6530, ASR_train_attach: 1.0000, ASR_train_outter: 0.9764
Epoch 210, loss_inner: 1.18722, loss_target: 1.17199, homo loss: 0.00000 
acc_train_clean: 0.6545, ASR_train_attach: 1.0000, ASR_train_outter: 0.9747
Epoch 220, loss_inner: 1.18096, loss_target: 1.16505, homo loss: 0.00002 
acc_train_clean: 0.6557, ASR_train_attach: 1.0000, ASR_train_outter: 0.9797
Epoch 230, loss_inner: 1.17307, loss_target: 1.15720, homo loss: 0.00001 
acc_train_clean: 0.6584, ASR_train_attach: 1.0000, ASR_train_outter: 0.9814
Epoch 240, loss_inner: 1.16623, loss_target: 1.15065, homo loss: 0.00003 
acc_train_clean: 0.6599, ASR_train_attach: 1.0000, ASR_train_outter: 0.9814
Epoch 250, loss_inner: 1.16048, loss_target: 1.14502, homo loss: 0.00002 
acc_train_clean: 0.6612, ASR_train_attach: 1.0000, ASR_train_outter: 0.9814
Epoch 260, loss_inner: 1.15625, loss_target: 1.14083, homo loss: 0.00003 
acc_train_clean: 0.6621, ASR_train_attach: 1.0000, ASR_train_outter: 0.9831
Epoch 270, loss_inner: 1.15282, loss_target: 1.13731, homo loss: 0.00000 
acc_train_clean: 0.6631, ASR_train_attach: 1.0000, ASR_train_outter: 0.9865
Epoch 280, loss_inner: 1.15006, loss_target: 1.13490, homo loss: 0.00003 
acc_train_clean: 0.6639, ASR_train_attach: 1.0000, ASR_train_outter: 0.9797
Epoch 290, loss_inner: 1.14711, loss_target: 1.13173, homo loss: 0.00001 
acc_train_clean: 0.6653, ASR_train_attach: 1.0000, ASR_train_outter: 0.9865
Epoch 300, loss_inner: 1.14443, loss_target: 1.12881, homo loss: 0.00002 
acc_train_clean: 0.6661, ASR_train_attach: 1.0000, ASR_train_outter: 0.9882
Epoch 310, loss_inner: 1.14218, loss_target: 1.12691, homo loss: 0.00001 
acc_train_clean: 0.6669, ASR_train_attach: 1.0000, ASR_train_outter: 0.9865
Epoch 320, loss_inner: 1.13967, loss_target: 1.12429, homo loss: 0.00003 
acc_train_clean: 0.6678, ASR_train_attach: 1.0000, ASR_train_outter: 0.9882
Epoch 330, loss_inner: 1.13688, loss_target: 1.12129, homo loss: 0.00002 
acc_train_clean: 0.6688, ASR_train_attach: 1.0000, ASR_train_outter: 0.9916
Epoch 340, loss_inner: 1.13349, loss_target: 1.11790, homo loss: 0.00001 
acc_train_clean: 0.6701, ASR_train_attach: 1.0000, ASR_train_outter: 0.9882
Epoch 350, loss_inner: 1.13168, loss_target: 1.11665, homo loss: 0.00000 
acc_train_clean: 0.6689, ASR_train_attach: 1.0000, ASR_train_outter: 0.9865
Epoch 360, loss_inner: 1.12893, loss_target: 1.11335, homo loss: 0.00002 
acc_train_clean: 0.6701, ASR_train_attach: 1.0000, ASR_train_outter: 0.9932
Epoch 370, loss_inner: 1.12689, loss_target: 1.11167, homo loss: 0.00005 
acc_train_clean: 0.6711, ASR_train_attach: 1.0000, ASR_train_outter: 0.9865
Epoch 380, loss_inner: 1.12512, loss_target: 1.10947, homo loss: 0.00000 
acc_train_clean: 0.6716, ASR_train_attach: 1.0000, ASR_train_outter: 0.9932
Epoch 390, loss_inner: 1.12353, loss_target: 1.10808, homo loss: 0.00001 
acc_train_clean: 0.6718, ASR_train_attach: 1.0000, ASR_train_outter: 0.9932
load best weight based on the loss outter
precent of left attach nodes: 0.163
Namespace(cuda=True, dataset='ogbn-arxiv', debug=True, defense_mode='isolate', device_id=0, dis_weight=0.0, dropout=0.5, epochs=200, evaluate_mode='1by1', hidden=32, homo_boost_thrd=0.8, homo_loss_weight=100.0, inner=1, lr=0.01, model='GCN', no_cuda=False, prune_thr=0.8, seed=265, selection_method='cluster_degree', target_class=0, target_loss_weight=1, test_model='GCN', thrd=0.5, train_lr=0.01, trigger_size=3, trojan_epochs=400, use_vs_number=True, vs_number=80, vs_ratio=0, weight_decay=0.0005)
target class rate on Vs: 1.0000
accuracy on clean test nodes: 0.6257
Overall ASR: 0.9321
Flip ASR: 0.9319/16875 nodes
Namespace(cuda=True, dataset='ogbn-arxiv', debug=True, defense_mode='isolate', device_id=0, dis_weight=0.0, dropout=0.5, epochs=200, evaluate_mode='1by1', hidden=32, homo_boost_thrd=0.8, homo_loss_weight=100.0, inner=1, lr=0.01, model='GCN', no_cuda=False, prune_thr=0.8, seed=125, selection_method='cluster_degree', target_class=0, target_loss_weight=1, test_model='GCN', thrd=0.5, train_lr=0.01, trigger_size=3, trojan_epochs=400, use_vs_number=True, vs_number=80, vs_ratio=0, weight_decay=0.0005)
target class rate on Vs: 1.0000
accuracy on clean test nodes: 0.6306
Overall ASR: 0.9301
Flip ASR: 0.9298/16875 nodes
Namespace(cuda=True, dataset='ogbn-arxiv', debug=True, defense_mode='isolate', device_id=0, dis_weight=0.0, dropout=0.5, epochs=200, evaluate_mode='1by1', hidden=32, homo_boost_thrd=0.8, homo_loss_weight=100.0, inner=1, lr=0.01, model='GCN', no_cuda=False, prune_thr=0.8, seed=996, selection_method='cluster_degree', target_class=0, target_loss_weight=1, test_model='GCN', thrd=0.5, train_lr=0.01, trigger_size=3, trojan_epochs=400, use_vs_number=True, vs_number=80, vs_ratio=0, weight_decay=0.0005)
target class rate on Vs: 1.0000
accuracy on clean test nodes: 0.6369
Overall ASR: 0.9303
Flip ASR: 0.9300/16875 nodes
Namespace(cuda=True, dataset='ogbn-arxiv', debug=True, defense_mode='isolate', device_id=0, dis_weight=0.0, dropout=0.5, epochs=200, evaluate_mode='1by1', hidden=32, homo_boost_thrd=0.8, homo_loss_weight=100.0, inner=1, lr=0.01, model='GCN', no_cuda=False, prune_thr=0.8, seed=527, selection_method='cluster_degree', target_class=0, target_loss_weight=1, test_model='GCN', thrd=0.5, train_lr=0.01, trigger_size=3, trojan_epochs=400, use_vs_number=True, vs_number=80, vs_ratio=0, weight_decay=0.0005)
target class rate on Vs: 1.0000
accuracy on clean test nodes: 0.6326
Overall ASR: 0.9333
Flip ASR: 0.9330/16875 nodes
Namespace(cuda=True, dataset='ogbn-arxiv', debug=True, defense_mode='isolate', device_id=0, dis_weight=0.0, dropout=0.5, epochs=200, evaluate_mode='1by1', hidden=32, homo_boost_thrd=0.8, homo_loss_weight=100.0, inner=1, lr=0.01, model='GCN', no_cuda=False, prune_thr=0.8, seed=320, selection_method='cluster_degree', target_class=0, target_loss_weight=1, test_model='GCN', thrd=0.5, train_lr=0.01, trigger_size=3, trojan_epochs=400, use_vs_number=True, vs_number=80, vs_ratio=0, weight_decay=0.0005)
target class rate on Vs: 1.0000
accuracy on clean test nodes: 0.6255
Overall ASR: 0.9355
Flip ASR: 0.9353/16875 nodes
Overall ASR: 0.9323 (GCN model, Seed: 320)
Overall Clean Accuracy: 0.6302
Namespace(cuda=True, dataset='ogbn-arxiv', debug=True, defense_mode='isolate', device_id=0, dis_weight=0.0, dropout=0.5, epochs=200, evaluate_mode='1by1', hidden=32, homo_boost_thrd=0.8, homo_loss_weight=100.0, inner=1, lr=0.01, model='GCN', no_cuda=False, prune_thr=0.8, seed=781, selection_method='cluster_degree', target_class=0, target_loss_weight=1, test_model='GAT', thrd=0.5, train_lr=0.01, trigger_size=3, trojan_epochs=400, use_vs_number=True, vs_number=80, vs_ratio=0, weight_decay=0.0005)
/home/project-graph-backdoor/Backdoor/models/GAT.py:61: UserWarning: To copy construct from a tensor, it is recommended to use sourceTensor.clone().detach() or sourceTensor.clone().detach().requires_grad_(True), rather than torch.tensor(sourceTensor).
  self.labels = torch.tensor(labels, dtype=torch.long)
target class rate on Vs: 1.0000
accuracy on clean test nodes: 0.6381
Overall ASR: 0.9564
Flip ASR: 0.9563/16875 nodes
Namespace(cuda=True, dataset='ogbn-arxiv', debug=True, defense_mode='isolate', device_id=0, dis_weight=0.0, dropout=0.5, epochs=200, evaluate_mode='1by1', hidden=32, homo_boost_thrd=0.8, homo_loss_weight=100.0, inner=1, lr=0.01, model='GCN', no_cuda=False, prune_thr=0.8, seed=706, selection_method='cluster_degree', target_class=0, target_loss_weight=1, test_model='GAT', thrd=0.5, train_lr=0.01, trigger_size=3, trojan_epochs=400, use_vs_number=True, vs_number=80, vs_ratio=0, weight_decay=0.0005)
target class rate on Vs: 1.0000
accuracy on clean test nodes: 0.6410
Overall ASR: 0.9564
Flip ASR: 0.9562/16875 nodes
Namespace(cuda=True, dataset='ogbn-arxiv', debug=True, defense_mode='isolate', device_id=0, dis_weight=0.0, dropout=0.5, epochs=200, evaluate_mode='1by1', hidden=32, homo_boost_thrd=0.8, homo_loss_weight=100.0, inner=1, lr=0.01, model='GCN', no_cuda=False, prune_thr=0.8, seed=778, selection_method='cluster_degree', target_class=0, target_loss_weight=1, test_model='GAT', thrd=0.5, train_lr=0.01, trigger_size=3, trojan_epochs=400, use_vs_number=True, vs_number=80, vs_ratio=0, weight_decay=0.0005)
target class rate on Vs: 1.0000
accuracy on clean test nodes: 0.6369
Overall ASR: 0.9565
Flip ASR: 0.9563/16875 nodes
Namespace(cuda=True, dataset='ogbn-arxiv', debug=True, defense_mode='isolate', device_id=0, dis_weight=0.0, dropout=0.5, epochs=200, evaluate_mode='1by1', hidden=32, homo_boost_thrd=0.8, homo_loss_weight=100.0, inner=1, lr=0.01, model='GCN', no_cuda=False, prune_thr=0.8, seed=604, selection_method='cluster_degree', target_class=0, target_loss_weight=1, test_model='GAT', thrd=0.5, train_lr=0.01, trigger_size=3, trojan_epochs=400, use_vs_number=True, vs_number=80, vs_ratio=0, weight_decay=0.0005)
target class rate on Vs: 1.0000
accuracy on clean test nodes: 0.6387
Overall ASR: 0.9564
Flip ASR: 0.9563/16875 nodes
Namespace(cuda=True, dataset='ogbn-arxiv', debug=True, defense_mode='isolate', device_id=0, dis_weight=0.0, dropout=0.5, epochs=200, evaluate_mode='1by1', hidden=32, homo_boost_thrd=0.8, homo_loss_weight=100.0, inner=1, lr=0.01, model='GCN', no_cuda=False, prune_thr=0.8, seed=133, selection_method='cluster_degree', target_class=0, target_loss_weight=1, test_model='GAT', thrd=0.5, train_lr=0.01, trigger_size=3, trojan_epochs=400, use_vs_number=True, vs_number=80, vs_ratio=0, weight_decay=0.0005)
target class rate on Vs: 1.0000
accuracy on clean test nodes: 0.6404
Overall ASR: 0.9564
Flip ASR: 0.9563/16875 nodes
Overall ASR: 0.9564 (GAT model, Seed: 133)
Overall Clean Accuracy: 0.6390
Namespace(cuda=True, dataset='ogbn-arxiv', debug=True, defense_mode='isolate', device_id=0, dis_weight=0.0, dropout=0.5, epochs=200, evaluate_mode='1by1', hidden=32, homo_boost_thrd=0.8, homo_loss_weight=100.0, inner=1, lr=0.01, model='GCN', no_cuda=False, prune_thr=0.8, seed=673, selection_method='cluster_degree', target_class=0, target_loss_weight=1, test_model='GraphSage', thrd=0.5, train_lr=0.01, trigger_size=3, trojan_epochs=400, use_vs_number=True, vs_number=80, vs_ratio=0, weight_decay=0.0005)
target class rate on Vs: 0.7000
accuracy on clean test nodes: 0.6305
Overall ASR: 0.7022
Flip ASR: 0.7013/16875 nodes
Namespace(cuda=True, dataset='ogbn-arxiv', debug=True, defense_mode='isolate', device_id=0, dis_weight=0.0, dropout=0.5, epochs=200, evaluate_mode='1by1', hidden=32, homo_boost_thrd=0.8, homo_loss_weight=100.0, inner=1, lr=0.01, model='GCN', no_cuda=False, prune_thr=0.8, seed=904, selection_method='cluster_degree', target_class=0, target_loss_weight=1, test_model='GraphSage', thrd=0.5, train_lr=0.01, trigger_size=3, trojan_epochs=400, use_vs_number=True, vs_number=80, vs_ratio=0, weight_decay=0.0005)
target class rate on Vs: 0.8250
accuracy on clean test nodes: 0.6245
Overall ASR: 0.7289
Flip ASR: 0.7281/16875 nodes
Namespace(cuda=True, dataset='ogbn-arxiv', debug=True, defense_mode='isolate', device_id=0, dis_weight=0.0, dropout=0.5, epochs=200, evaluate_mode='1by1', hidden=32, homo_boost_thrd=0.8, homo_loss_weight=100.0, inner=1, lr=0.01, model='GCN', no_cuda=False, prune_thr=0.8, seed=56, selection_method='cluster_degree', target_class=0, target_loss_weight=1, test_model='GraphSage', thrd=0.5, train_lr=0.01, trigger_size=3, trojan_epochs=400, use_vs_number=True, vs_number=80, vs_ratio=0, weight_decay=0.0005)
target class rate on Vs: 0.7875
accuracy on clean test nodes: 0.6237
Overall ASR: 0.7063
Flip ASR: 0.7054/16875 nodes
Namespace(cuda=True, dataset='ogbn-arxiv', debug=True, defense_mode='isolate', device_id=0, dis_weight=0.0, dropout=0.5, epochs=200, evaluate_mode='1by1', hidden=32, homo_boost_thrd=0.8, homo_loss_weight=100.0, inner=1, lr=0.01, model='GCN', no_cuda=False, prune_thr=0.8, seed=1, selection_method='cluster_degree', target_class=0, target_loss_weight=1, test_model='GraphSage', thrd=0.5, train_lr=0.01, trigger_size=3, trojan_epochs=400, use_vs_number=True, vs_number=80, vs_ratio=0, weight_decay=0.0005)
target class rate on Vs: 0.8375
accuracy on clean test nodes: 0.6319
Overall ASR: 0.7306
Flip ASR: 0.7298/16875 nodes
Namespace(cuda=True, dataset='ogbn-arxiv', debug=True, defense_mode='isolate', device_id=0, dis_weight=0.0, dropout=0.5, epochs=200, evaluate_mode='1by1', hidden=32, homo_boost_thrd=0.8, homo_loss_weight=100.0, inner=1, lr=0.01, model='GCN', no_cuda=False, prune_thr=0.8, seed=694, selection_method='cluster_degree', target_class=0, target_loss_weight=1, test_model='GraphSage', thrd=0.5, train_lr=0.01, trigger_size=3, trojan_epochs=400, use_vs_number=True, vs_number=80, vs_ratio=0, weight_decay=0.0005)
target class rate on Vs: 0.8000
accuracy on clean test nodes: 0.6278
Overall ASR: 0.7398
Flip ASR: 0.7390/16875 nodes
Overall ASR: 0.7215 (GraphSage model, Seed: 694)
Overall Clean Accuracy: 0.6277
Total Overall ASR: 0.8701 
Total Clean Accuracy: 0.6323
