nohup: ignoring input
run_adaptive.py:8: DeprecationWarning: the imp module is deprecated in favour of importlib; see the module's documentation for alternative uses
  import imp
Namespace(cuda=True, dataset='ogbn-arxiv', debug=True, defense_mode='none', device_id=1, dis_weight=0.0, dropout=0.5, epochs=200, evaluate_mode='1by1', hidden=32, homo_boost_thrd=0.8, homo_loss_weight=50.0, inner=1, lr=0.01, model='GCN', no_cuda=False, prune_thr=0.8, seed=10, selection_method='cluster_degree', target_class=0, target_loss_weight=1, test_model='GCN', thrd=0.5, train_lr=0.01, trigger_size=3, trojan_epochs=800, use_vs_number=True, vs_number=320, vs_ratio=0, weight_decay=0.0005)
#Attach Nodes:320
./selected_nodes/ogbn-arxiv/Overall/seed10/nodes.txt
idx_attach: tensor([132437, 159342, 115859,  11103, 127522,  67544,  82569, 161886,  62976,
         13773,  68963, 144203,  19681,    750, 156733,  86828,  18909,  82685,
         81700, 164714, 103734,  65352,  47692,  14294, 153213,  78523,   1385,
         50714, 156839, 144199,  88403,  58221,  56228,  88511,  12909, 156645,
         93340, 136107,  80139,    622,   1438,   7666, 133129, 127534, 106596,
        102712,   4269,  55140, 125068, 152827, 135150,  23527,   3609,   6462,
        121168, 152542,   6165, 126338,  90948,  77520,  47397, 106658,  68636,
        109074,  69509, 138501,  13873,  20117,  83448,   3102, 143264,  91042,
         54237,  58770, 165138, 126351,  55671,  99141,  13704, 136218,  16458,
         43368, 146276,  31105, 112018,  77110, 104399,  46245, 147007,   5821,
         19313,  91731,  20583, 142204,  80573,   7668,  83587, 128743, 143180,
         91852,  75911,  65787, 153365, 126297,  39114, 104240,  77327,   4583,
           512,  48952,  28134,  38432,  10832,  61628, 127678, 138417, 147495,
         98345,  93057,  33697, 138811, 124659, 133488,  71285,  47676,   1298,
        167767,  47649, 124811,  39955,  70652, 138116,  94425, 163083,  21820,
        133451,  73518, 132097,  23608,  13837, 125639,  40347, 163907,   5087,
          6422, 119164, 165901,   5059,  83768,  27180, 100388,  35462, 116799,
          3703,   5670,  48904,  68159, 113552, 160597,  96989, 127472, 136647,
        148726, 125053, 138149, 138315, 141422,  76351,  76598,  59904, 148285,
         70903, 165759,  39375, 136221, 140976,  63383,  42932,  75075,  71850,
         73993,  30102,  65808,  62714,  45851,  95186,  36002,  74863,  64652,
        161830, 145444, 126027,  60679,  73713,  93896, 146527, 169172, 114189,
         95782,  93842, 148869, 112848,  68654,   4485, 168944, 140981,  72175,
         45679,  20436,   7628, 115596, 130154, 135469,  14337,  63022,  17599,
        122842, 103833,  45706,  81303,  13852,  81871, 114723, 142817,  28988,
         48225,  21674,  34318, 111176, 158279, 146881,  34991,  76669,  13346,
         17731, 138128, 136891, 117554,  40123,  52955, 103517, 141078,  75105,
         82512, 168762, 139593, 118896,  12297, 138395,  64922,  55710,  22340,
         76111,  93384, 111925,   5010,  13015, 116348, 150061, 130103, 141021,
         64826, 144901, 106175,  92109,  89940,  71933, 144027,  36882,  41628,
         55044,  12828,  41681,  14340,  23638, 144925,  62265,  35737, 155976,
        161925,  63089, 135644, 164665,   9848, 124525,  66260,  78580,  66041,
          4226, 128942,  52300,  86426, 146623,  42022,  64582,  63272, 144613,
         12980,  93063, 146301, 166120, 109587, 144883,  58222, 119761, 126871,
        112989,  47264,  44224,  76605, 125250,  85029, 139694, 119661,  82517,
         10258,   5687,  86843,  93827,  30524], device='cuda:1')
tensor([     1,      2,      3,  ..., 169334, 169336, 169338], device='cuda:1')
Epoch 0, loss_inner: 3.74860, loss_target: 3.62773, homo loss: 0.80685 
acc_train_clean: 0.0089, ASR_train_attach: 0.0000, ASR_train_outter: 0.0000
Epoch 10, loss_inner: 3.03397, loss_target: 3.09607, homo loss: 0.00504 
acc_train_clean: 0.2700, ASR_train_attach: 0.0000, ASR_train_outter: 0.0000
Epoch 20, loss_inner: 2.77726, loss_target: 2.77820, homo loss: 0.00063 
acc_train_clean: 0.2866, ASR_train_attach: 0.0000, ASR_train_outter: 0.0000
Epoch 30, loss_inner: 2.47058, loss_target: 2.43438, homo loss: 0.00045 
acc_train_clean: 0.3577, ASR_train_attach: 0.0000, ASR_train_outter: 0.0541
Epoch 40, loss_inner: 2.16350, loss_target: 2.11364, homo loss: 0.00042 
acc_train_clean: 0.4429, ASR_train_attach: 0.9219, ASR_train_outter: 0.9038
Epoch 50, loss_inner: 1.91546, loss_target: 1.87419, homo loss: 0.00050 
acc_train_clean: 0.5040, ASR_train_attach: 0.9125, ASR_train_outter: 0.9135
Epoch 60, loss_inner: 1.72726, loss_target: 1.69246, homo loss: 0.00050 
acc_train_clean: 0.5381, ASR_train_attach: 0.9844, ASR_train_outter: 0.9603
Epoch 70, loss_inner: 1.59000, loss_target: 1.56140, homo loss: 0.00081 
acc_train_clean: 0.5673, ASR_train_attach: 0.9813, ASR_train_outter: 0.9651
Epoch 80, loss_inner: 1.48565, loss_target: 1.46178, homo loss: 0.00034 
acc_train_clean: 0.5913, ASR_train_attach: 0.9813, ASR_train_outter: 0.9591
Epoch 90, loss_inner: 1.41325, loss_target: 1.39331, homo loss: 0.00025 
acc_train_clean: 0.6057, ASR_train_attach: 0.9906, ASR_train_outter: 0.9700
Epoch 100, loss_inner: 1.36638, loss_target: 1.34766, homo loss: 0.00021 
acc_train_clean: 0.6137, ASR_train_attach: 0.9969, ASR_train_outter: 0.9760
Epoch 110, loss_inner: 1.33425, loss_target: 1.31666, homo loss: 0.00016 
acc_train_clean: 0.6198, ASR_train_attach: 0.9969, ASR_train_outter: 0.9808
Epoch 120, loss_inner: 1.30678, loss_target: 1.28917, homo loss: 0.00011 
acc_train_clean: 0.6248, ASR_train_attach: 1.0000, ASR_train_outter: 0.9820
Epoch 130, loss_inner: 1.27851, loss_target: 1.26082, homo loss: 0.00007 
acc_train_clean: 0.6333, ASR_train_attach: 1.0000, ASR_train_outter: 0.9856
Epoch 140, loss_inner: 1.25483, loss_target: 1.23810, homo loss: 0.00004 
acc_train_clean: 0.6388, ASR_train_attach: 1.0000, ASR_train_outter: 0.9856
Epoch 150, loss_inner: 1.23700, loss_target: 1.22078, homo loss: 0.00005 
acc_train_clean: 0.6422, ASR_train_attach: 1.0000, ASR_train_outter: 0.9868
Epoch 160, loss_inner: 1.22385, loss_target: 1.20806, homo loss: 0.00003 
acc_train_clean: 0.6444, ASR_train_attach: 1.0000, ASR_train_outter: 0.9868
Epoch 170, loss_inner: 1.21354, loss_target: 1.19846, homo loss: 0.00004 
acc_train_clean: 0.6470, ASR_train_attach: 1.0000, ASR_train_outter: 0.9868
Epoch 180, loss_inner: 1.20502, loss_target: 1.18956, homo loss: 0.00004 
acc_train_clean: 0.6489, ASR_train_attach: 1.0000, ASR_train_outter: 0.9880
Epoch 190, loss_inner: 1.19788, loss_target: 1.18312, homo loss: 0.00003 
acc_train_clean: 0.6506, ASR_train_attach: 1.0000, ASR_train_outter: 0.9868
Epoch 200, loss_inner: 1.19098, loss_target: 1.17606, homo loss: 0.00004 
acc_train_clean: 0.6521, ASR_train_attach: 1.0000, ASR_train_outter: 0.9904
Epoch 210, loss_inner: 1.18498, loss_target: 1.17031, homo loss: 0.00004 
acc_train_clean: 0.6534, ASR_train_attach: 1.0000, ASR_train_outter: 0.9868
Epoch 220, loss_inner: 1.17946, loss_target: 1.16452, homo loss: 0.00001 
acc_train_clean: 0.6545, ASR_train_attach: 1.0000, ASR_train_outter: 0.9904
Epoch 230, loss_inner: 1.17438, loss_target: 1.15942, homo loss: 0.00002 
acc_train_clean: 0.6552, ASR_train_attach: 1.0000, ASR_train_outter: 0.9940
Epoch 240, loss_inner: 1.16971, loss_target: 1.15474, homo loss: 0.00006 
acc_train_clean: 0.6562, ASR_train_attach: 1.0000, ASR_train_outter: 0.9940
Epoch 250, loss_inner: 1.16528, loss_target: 1.15051, homo loss: 0.00007 
acc_train_clean: 0.6578, ASR_train_attach: 1.0000, ASR_train_outter: 0.9904
Epoch 260, loss_inner: 1.16122, loss_target: 1.14661, homo loss: 0.00001 
acc_train_clean: 0.6589, ASR_train_attach: 1.0000, ASR_train_outter: 0.9952
Epoch 270, loss_inner: 1.15688, loss_target: 1.14225, homo loss: 0.00008 
acc_train_clean: 0.6600, ASR_train_attach: 1.0000, ASR_train_outter: 0.9940
Epoch 280, loss_inner: 1.15052, loss_target: 1.13591, homo loss: 0.00003 
acc_train_clean: 0.6623, ASR_train_attach: 1.0000, ASR_train_outter: 0.9952
Epoch 290, loss_inner: 1.14452, loss_target: 1.12992, homo loss: 0.00000 
acc_train_clean: 0.6643, ASR_train_attach: 1.0000, ASR_train_outter: 0.9940
Epoch 300, loss_inner: 1.13959, loss_target: 1.12494, homo loss: 0.00004 
acc_train_clean: 0.6655, ASR_train_attach: 1.0000, ASR_train_outter: 0.9952
Epoch 310, loss_inner: 1.13636, loss_target: 1.12108, homo loss: 0.00001 
acc_train_clean: 0.6658, ASR_train_attach: 1.0000, ASR_train_outter: 0.9940
Epoch 320, loss_inner: 1.13188, loss_target: 1.11923, homo loss: 0.00029 
acc_train_clean: 0.6673, ASR_train_attach: 1.0000, ASR_train_outter: 0.9880
Epoch 330, loss_inner: 1.12874, loss_target: 1.11493, homo loss: 0.00016 
acc_train_clean: 0.6688, ASR_train_attach: 1.0000, ASR_train_outter: 0.9952
Epoch 340, loss_inner: 1.12607, loss_target: 1.11183, homo loss: 0.00003 
acc_train_clean: 0.6703, ASR_train_attach: 1.0000, ASR_train_outter: 0.9952
Epoch 350, loss_inner: 1.12395, loss_target: 1.10918, homo loss: 0.00000 
acc_train_clean: 0.6707, ASR_train_attach: 1.0000, ASR_train_outter: 0.9928
Epoch 360, loss_inner: 1.12205, loss_target: 1.10740, homo loss: 0.00003 
acc_train_clean: 0.6708, ASR_train_attach: 1.0000, ASR_train_outter: 0.9952
Epoch 370, loss_inner: 1.12038, loss_target: 1.10523, homo loss: 0.00001 
acc_train_clean: 0.6713, ASR_train_attach: 1.0000, ASR_train_outter: 0.9952
Epoch 380, loss_inner: 1.11901, loss_target: 1.10478, homo loss: 0.00021 
acc_train_clean: 0.6714, ASR_train_attach: 1.0000, ASR_train_outter: 0.9940
Epoch 390, loss_inner: 1.11749, loss_target: 1.10266, homo loss: 0.00007 
acc_train_clean: 0.6721, ASR_train_attach: 1.0000, ASR_train_outter: 0.9952
Epoch 400, loss_inner: 1.11604, loss_target: 1.10130, homo loss: 0.00004 
acc_train_clean: 0.6721, ASR_train_attach: 1.0000, ASR_train_outter: 0.9940
Epoch 410, loss_inner: 1.23077, loss_target: 1.32215, homo loss: 0.00294 
acc_train_clean: 0.6452, ASR_train_attach: 1.0000, ASR_train_outter: 0.9435
Epoch 420, loss_inner: 1.15072, loss_target: 1.25137, homo loss: 0.00172 
acc_train_clean: 0.6629, ASR_train_attach: 1.0000, ASR_train_outter: 0.9868
Epoch 430, loss_inner: 1.12812, loss_target: 1.19600, homo loss: 0.00143 
acc_train_clean: 0.6701, ASR_train_attach: 1.0000, ASR_train_outter: 0.9988
Epoch 440, loss_inner: 1.12051, loss_target: 1.18751, homo loss: 0.00124 
acc_train_clean: 0.6705, ASR_train_attach: 1.0000, ASR_train_outter: 0.9988
Epoch 450, loss_inner: 1.11691, loss_target: 1.14597, homo loss: 0.00111 
acc_train_clean: 0.6721, ASR_train_attach: 1.0000, ASR_train_outter: 0.9988
Epoch 460, loss_inner: 1.11624, loss_target: 1.13749, homo loss: 0.00106 
acc_train_clean: 0.6719, ASR_train_attach: 1.0000, ASR_train_outter: 0.9988
Epoch 470, loss_inner: 1.12408, loss_target: 1.14329, homo loss: 0.00110 
acc_train_clean: 0.6696, ASR_train_attach: 1.0000, ASR_train_outter: 0.9988
Epoch 480, loss_inner: 1.15854, loss_target: 1.23384, homo loss: 0.00176 
acc_train_clean: 0.6609, ASR_train_attach: 1.0000, ASR_train_outter: 0.9988
Epoch 490, loss_inner: 1.38103, loss_target: 1.58343, homo loss: 0.01165 
acc_train_clean: 0.6134, ASR_train_attach: 1.0000, ASR_train_outter: 1.0000
Epoch 500, loss_inner: 1.46155, loss_target: 2.05542, homo loss: 0.02824 
acc_train_clean: 0.5901, ASR_train_attach: 1.0000, ASR_train_outter: 0.9988
Epoch 510, loss_inner: 1.65055, loss_target: 3.00974, homo loss: 0.07659 
acc_train_clean: 0.5787, ASR_train_attach: 1.0000, ASR_train_outter: 0.9976
Epoch 520, loss_inner: 1.75492, loss_target: 10.92262, homo loss: 0.14009 
acc_train_clean: 0.5387, ASR_train_attach: 1.0000, ASR_train_outter: 0.0000
Epoch 530, loss_inner: 3.03438, loss_target: 39.40382, homo loss: 0.18811 
acc_train_clean: 0.3073, ASR_train_attach: 1.0000, ASR_train_outter: 0.0000
Epoch 540, loss_inner: 3.62491, loss_target: 23.63965, homo loss: 0.22011 
acc_train_clean: 0.2938, ASR_train_attach: 1.0000, ASR_train_outter: 0.4303
Epoch 550, loss_inner: 3.79072, loss_target: 33.14623, homo loss: 0.23068 
acc_train_clean: 0.4518, ASR_train_attach: 1.0000, ASR_train_outter: 0.0000
Epoch 560, loss_inner: 4.89159, loss_target: 28.88654, homo loss: 0.23069 
acc_train_clean: 0.4726, ASR_train_attach: 1.0000, ASR_train_outter: 1.0000
Epoch 570, loss_inner: 4.03856, loss_target: 82.24058, homo loss: 0.22936 
acc_train_clean: 0.5480, ASR_train_attach: 0.9969, ASR_train_outter: 0.0000
Epoch 580, loss_inner: 11.55248, loss_target: 45.09400, homo loss: 0.22853 
acc_train_clean: 0.5596, ASR_train_attach: 1.0000, ASR_train_outter: 1.0000
Epoch 590, loss_inner: 6.44383, loss_target: 38.59094, homo loss: 0.22397 
acc_train_clean: 0.5641, ASR_train_attach: 1.0000, ASR_train_outter: 1.0000
Epoch 600, loss_inner: 4.51661, loss_target: 45.50283, homo loss: 0.21968 
acc_train_clean: 0.5730, ASR_train_attach: 1.0000, ASR_train_outter: 1.0000
Epoch 610, loss_inner: 2.58735, loss_target: 27.52111, homo loss: 0.22756 
acc_train_clean: 0.5828, ASR_train_attach: 1.0000, ASR_train_outter: 1.0000
Epoch 620, loss_inner: 2.33604, loss_target: 21.57077, homo loss: 0.24938 
acc_train_clean: 0.5798, ASR_train_attach: 1.0000, ASR_train_outter: 0.9988
Epoch 630, loss_inner: 2.62108, loss_target: 18.71297, homo loss: 0.28191 
acc_train_clean: 0.5919, ASR_train_attach: 1.0000, ASR_train_outter: 0.9988
Epoch 640, loss_inner: 2.40490, loss_target: 17.83182, homo loss: 0.30692 
acc_train_clean: 0.6002, ASR_train_attach: 1.0000, ASR_train_outter: 1.0000
Epoch 650, loss_inner: 2.14819, loss_target: 12.03932, homo loss: 0.33336 
acc_train_clean: 0.5953, ASR_train_attach: 1.0000, ASR_train_outter: 1.0000
Epoch 660, loss_inner: 1.75716, loss_target: 11.66190, homo loss: 0.35031 
acc_train_clean: 0.6118, ASR_train_attach: 1.0000, ASR_train_outter: 1.0000
Epoch 670, loss_inner: 1.60941, loss_target: 8.67870, homo loss: 0.35270 
acc_train_clean: 0.6171, ASR_train_attach: 1.0000, ASR_train_outter: 1.0000
Epoch 680, loss_inner: 1.60620, loss_target: 7.10495, homo loss: 0.35370 
acc_train_clean: 0.6169, ASR_train_attach: 1.0000, ASR_train_outter: 1.0000
Epoch 690, loss_inner: 1.42528, loss_target: 4.06748, homo loss: 0.35535 
acc_train_clean: 0.6216, ASR_train_attach: 1.0000, ASR_train_outter: 1.0000
Epoch 700, loss_inner: 1.31248, loss_target: 2.13592, homo loss: 0.35415 
acc_train_clean: 0.6249, ASR_train_attach: 1.0000, ASR_train_outter: 1.0000
Epoch 710, loss_inner: 1.28038, loss_target: 1.26198, homo loss: 0.34773 
acc_train_clean: 0.6310, ASR_train_attach: 1.0000, ASR_train_outter: 1.0000
Epoch 720, loss_inner: 1.27011, loss_target: 1.25238, homo loss: 0.33181 
acc_train_clean: 0.6343, ASR_train_attach: 1.0000, ASR_train_outter: 1.0000
Epoch 730, loss_inner: 1.26131, loss_target: 1.24272, homo loss: 0.31113 
acc_train_clean: 0.6366, ASR_train_attach: 1.0000, ASR_train_outter: 1.0000
Epoch 740, loss_inner: 1.25538, loss_target: 1.25381, homo loss: 0.28992 
acc_train_clean: 0.6381, ASR_train_attach: 1.0000, ASR_train_outter: 1.0000
Epoch 750, loss_inner: 1.24606, loss_target: 1.22845, homo loss: 0.27096 
acc_train_clean: 0.6400, ASR_train_attach: 1.0000, ASR_train_outter: 1.0000
Epoch 760, loss_inner: 1.23920, loss_target: 1.22410, homo loss: 0.25371 
acc_train_clean: 0.6415, ASR_train_attach: 1.0000, ASR_train_outter: 1.0000
Epoch 770, loss_inner: 1.23376, loss_target: 1.22577, homo loss: 0.23861 
acc_train_clean: 0.6431, ASR_train_attach: 1.0000, ASR_train_outter: 1.0000
Epoch 780, loss_inner: 1.22955, loss_target: 1.22696, homo loss: 0.22581 
acc_train_clean: 0.6436, ASR_train_attach: 1.0000, ASR_train_outter: 1.0000
Epoch 790, loss_inner: 1.22507, loss_target: 1.22091, homo loss: 0.21609 
acc_train_clean: 0.6447, ASR_train_attach: 1.0000, ASR_train_outter: 1.0000
load best weight based on the loss outter
precent of left attach nodes: 1.000
Namespace(cuda=True, dataset='ogbn-arxiv', debug=True, defense_mode='none', device_id=1, dis_weight=0.0, dropout=0.5, epochs=200, evaluate_mode='1by1', hidden=32, homo_boost_thrd=0.8, homo_loss_weight=50.0, inner=1, lr=0.01, model='GCN', no_cuda=False, prune_thr=0.8, seed=265, selection_method='cluster_degree', target_class=0, target_loss_weight=1, test_model='GCN', thrd=0.5, train_lr=0.01, trigger_size=3, trojan_epochs=800, use_vs_number=True, vs_number=320, vs_ratio=0, weight_decay=0.0005)
target class rate on Vs: 1.0000
accuracy on clean test nodes: 0.6337
Overall ASR: 0.9934
Flip ASR: 0.9934/16875 nodes
Namespace(cuda=True, dataset='ogbn-arxiv', debug=True, defense_mode='none', device_id=1, dis_weight=0.0, dropout=0.5, epochs=200, evaluate_mode='1by1', hidden=32, homo_boost_thrd=0.8, homo_loss_weight=50.0, inner=1, lr=0.01, model='GCN', no_cuda=False, prune_thr=0.8, seed=125, selection_method='cluster_degree', target_class=0, target_loss_weight=1, test_model='GCN', thrd=0.5, train_lr=0.01, trigger_size=3, trojan_epochs=800, use_vs_number=True, vs_number=320, vs_ratio=0, weight_decay=0.0005)
target class rate on Vs: 1.0000
accuracy on clean test nodes: 0.6359
Overall ASR: 0.9957
Flip ASR: 0.9957/16875 nodes
Namespace(cuda=True, dataset='ogbn-arxiv', debug=True, defense_mode='none', device_id=1, dis_weight=0.0, dropout=0.5, epochs=200, evaluate_mode='1by1', hidden=32, homo_boost_thrd=0.8, homo_loss_weight=50.0, inner=1, lr=0.01, model='GCN', no_cuda=False, prune_thr=0.8, seed=996, selection_method='cluster_degree', target_class=0, target_loss_weight=1, test_model='GCN', thrd=0.5, train_lr=0.01, trigger_size=3, trojan_epochs=800, use_vs_number=True, vs_number=320, vs_ratio=0, weight_decay=0.0005)
target class rate on Vs: 1.0000
accuracy on clean test nodes: 0.6411
Overall ASR: 0.9937
Flip ASR: 0.9937/16875 nodes
Namespace(cuda=True, dataset='ogbn-arxiv', debug=True, defense_mode='none', device_id=1, dis_weight=0.0, dropout=0.5, epochs=200, evaluate_mode='1by1', hidden=32, homo_boost_thrd=0.8, homo_loss_weight=50.0, inner=1, lr=0.01, model='GCN', no_cuda=False, prune_thr=0.8, seed=527, selection_method='cluster_degree', target_class=0, target_loss_weight=1, test_model='GCN', thrd=0.5, train_lr=0.01, trigger_size=3, trojan_epochs=800, use_vs_number=True, vs_number=320, vs_ratio=0, weight_decay=0.0005)
target class rate on Vs: 1.0000
accuracy on clean test nodes: 0.6452
Overall ASR: 0.9949
Flip ASR: 0.9948/16875 nodes
Namespace(cuda=True, dataset='ogbn-arxiv', debug=True, defense_mode='none', device_id=1, dis_weight=0.0, dropout=0.5, epochs=200, evaluate_mode='1by1', hidden=32, homo_boost_thrd=0.8, homo_loss_weight=50.0, inner=1, lr=0.01, model='GCN', no_cuda=False, prune_thr=0.8, seed=320, selection_method='cluster_degree', target_class=0, target_loss_weight=1, test_model='GCN', thrd=0.5, train_lr=0.01, trigger_size=3, trojan_epochs=800, use_vs_number=True, vs_number=320, vs_ratio=0, weight_decay=0.0005)
target class rate on Vs: 1.0000
accuracy on clean test nodes: 0.6310
Overall ASR: 0.9924
Flip ASR: 0.9924/16875 nodes
Overall ASR: 0.9940 (GCN model, Seed: 320)
Overall Clean Accuracy: 0.6374
Namespace(cuda=True, dataset='ogbn-arxiv', debug=True, defense_mode='none', device_id=1, dis_weight=0.0, dropout=0.5, epochs=200, evaluate_mode='1by1', hidden=32, homo_boost_thrd=0.8, homo_loss_weight=50.0, inner=1, lr=0.01, model='GCN', no_cuda=False, prune_thr=0.8, seed=781, selection_method='cluster_degree', target_class=0, target_loss_weight=1, test_model='GAT', thrd=0.5, train_lr=0.01, trigger_size=3, trojan_epochs=800, use_vs_number=True, vs_number=320, vs_ratio=0, weight_decay=0.0005)
/home/project-graph-backdoor/Backdoor/models/GAT.py:61: UserWarning: To copy construct from a tensor, it is recommended to use sourceTensor.clone().detach() or sourceTensor.clone().detach().requires_grad_(True), rather than torch.tensor(sourceTensor).
  self.labels = torch.tensor(labels, dtype=torch.long)
target class rate on Vs: 1.0000
accuracy on clean test nodes: 0.6483
Overall ASR: 1.0000
Flip ASR: 1.0000/16875 nodes
Namespace(cuda=True, dataset='ogbn-arxiv', debug=True, defense_mode='none', device_id=1, dis_weight=0.0, dropout=0.5, epochs=200, evaluate_mode='1by1', hidden=32, homo_boost_thrd=0.8, homo_loss_weight=50.0, inner=1, lr=0.01, model='GCN', no_cuda=False, prune_thr=0.8, seed=706, selection_method='cluster_degree', target_class=0, target_loss_weight=1, test_model='GAT', thrd=0.5, train_lr=0.01, trigger_size=3, trojan_epochs=800, use_vs_number=True, vs_number=320, vs_ratio=0, weight_decay=0.0005)
target class rate on Vs: 1.0000
accuracy on clean test nodes: 0.6446
Overall ASR: 1.0000
Flip ASR: 1.0000/16875 nodes
Namespace(cuda=True, dataset='ogbn-arxiv', debug=True, defense_mode='none', device_id=1, dis_weight=0.0, dropout=0.5, epochs=200, evaluate_mode='1by1', hidden=32, homo_boost_thrd=0.8, homo_loss_weight=50.0, inner=1, lr=0.01, model='GCN', no_cuda=False, prune_thr=0.8, seed=778, selection_method='cluster_degree', target_class=0, target_loss_weight=1, test_model='GAT', thrd=0.5, train_lr=0.01, trigger_size=3, trojan_epochs=800, use_vs_number=True, vs_number=320, vs_ratio=0, weight_decay=0.0005)
target class rate on Vs: 1.0000
accuracy on clean test nodes: 0.6476
Overall ASR: 1.0000
Flip ASR: 1.0000/16875 nodes
Namespace(cuda=True, dataset='ogbn-arxiv', debug=True, defense_mode='none', device_id=1, dis_weight=0.0, dropout=0.5, epochs=200, evaluate_mode='1by1', hidden=32, homo_boost_thrd=0.8, homo_loss_weight=50.0, inner=1, lr=0.01, model='GCN', no_cuda=False, prune_thr=0.8, seed=604, selection_method='cluster_degree', target_class=0, target_loss_weight=1, test_model='GAT', thrd=0.5, train_lr=0.01, trigger_size=3, trojan_epochs=800, use_vs_number=True, vs_number=320, vs_ratio=0, weight_decay=0.0005)
target class rate on Vs: 1.0000
accuracy on clean test nodes: 0.6450
Overall ASR: 1.0000
Flip ASR: 1.0000/16875 nodes
Namespace(cuda=True, dataset='ogbn-arxiv', debug=True, defense_mode='none', device_id=1, dis_weight=0.0, dropout=0.5, epochs=200, evaluate_mode='1by1', hidden=32, homo_boost_thrd=0.8, homo_loss_weight=50.0, inner=1, lr=0.01, model='GCN', no_cuda=False, prune_thr=0.8, seed=133, selection_method='cluster_degree', target_class=0, target_loss_weight=1, test_model='GAT', thrd=0.5, train_lr=0.01, trigger_size=3, trojan_epochs=800, use_vs_number=True, vs_number=320, vs_ratio=0, weight_decay=0.0005)
target class rate on Vs: 1.0000
accuracy on clean test nodes: 0.6468
Overall ASR: 1.0000
Flip ASR: 1.0000/16875 nodes
Overall ASR: 1.0000 (GAT model, Seed: 133)
Overall Clean Accuracy: 0.6465
Namespace(cuda=True, dataset='ogbn-arxiv', debug=True, defense_mode='none', device_id=1, dis_weight=0.0, dropout=0.5, epochs=200, evaluate_mode='1by1', hidden=32, homo_boost_thrd=0.8, homo_loss_weight=50.0, inner=1, lr=0.01, model='GCN', no_cuda=False, prune_thr=0.8, seed=673, selection_method='cluster_degree', target_class=0, target_loss_weight=1, test_model='GraphSage', thrd=0.5, train_lr=0.01, trigger_size=3, trojan_epochs=800, use_vs_number=True, vs_number=320, vs_ratio=0, weight_decay=0.0005)
target class rate on Vs: 1.0000
accuracy on clean test nodes: 0.6331
Overall ASR: 0.9667
Flip ASR: 0.9666/16875 nodes
Namespace(cuda=True, dataset='ogbn-arxiv', debug=True, defense_mode='none', device_id=1, dis_weight=0.0, dropout=0.5, epochs=200, evaluate_mode='1by1', hidden=32, homo_boost_thrd=0.8, homo_loss_weight=50.0, inner=1, lr=0.01, model='GCN', no_cuda=False, prune_thr=0.8, seed=904, selection_method='cluster_degree', target_class=0, target_loss_weight=1, test_model='GraphSage', thrd=0.5, train_lr=0.01, trigger_size=3, trojan_epochs=800, use_vs_number=True, vs_number=320, vs_ratio=0, weight_decay=0.0005)
target class rate on Vs: 1.0000
accuracy on clean test nodes: 0.6375
Overall ASR: 0.9709
Flip ASR: 0.9708/16875 nodes
Namespace(cuda=True, dataset='ogbn-arxiv', debug=True, defense_mode='none', device_id=1, dis_weight=0.0, dropout=0.5, epochs=200, evaluate_mode='1by1', hidden=32, homo_boost_thrd=0.8, homo_loss_weight=50.0, inner=1, lr=0.01, model='GCN', no_cuda=False, prune_thr=0.8, seed=56, selection_method='cluster_degree', target_class=0, target_loss_weight=1, test_model='GraphSage', thrd=0.5, train_lr=0.01, trigger_size=3, trojan_epochs=800, use_vs_number=True, vs_number=320, vs_ratio=0, weight_decay=0.0005)
target class rate on Vs: 1.0000
accuracy on clean test nodes: 0.6371
Overall ASR: 0.9639
Flip ASR: 0.9638/16875 nodes
Namespace(cuda=True, dataset='ogbn-arxiv', debug=True, defense_mode='none', device_id=1, dis_weight=0.0, dropout=0.5, epochs=200, evaluate_mode='1by1', hidden=32, homo_boost_thrd=0.8, homo_loss_weight=50.0, inner=1, lr=0.01, model='GCN', no_cuda=False, prune_thr=0.8, seed=1, selection_method='cluster_degree', target_class=0, target_loss_weight=1, test_model='GraphSage', thrd=0.5, train_lr=0.01, trigger_size=3, trojan_epochs=800, use_vs_number=True, vs_number=320, vs_ratio=0, weight_decay=0.0005)
target class rate on Vs: 0.9938
accuracy on clean test nodes: 0.6418
Overall ASR: 0.9717
Flip ASR: 0.9716/16875 nodes
Namespace(cuda=True, dataset='ogbn-arxiv', debug=True, defense_mode='none', device_id=1, dis_weight=0.0, dropout=0.5, epochs=200, evaluate_mode='1by1', hidden=32, homo_boost_thrd=0.8, homo_loss_weight=50.0, inner=1, lr=0.01, model='GCN', no_cuda=False, prune_thr=0.8, seed=694, selection_method='cluster_degree', target_class=0, target_loss_weight=1, test_model='GraphSage', thrd=0.5, train_lr=0.01, trigger_size=3, trojan_epochs=800, use_vs_number=True, vs_number=320, vs_ratio=0, weight_decay=0.0005)
target class rate on Vs: 0.9938
accuracy on clean test nodes: 0.6330
Overall ASR: 0.9687
Flip ASR: 0.9686/16875 nodes
Overall ASR: 0.9684 (GraphSage model, Seed: 694)
Overall Clean Accuracy: 0.6365
Total Overall ASR: 0.9875 
Total Clean Accuracy: 0.6401
