nohup: ignoring input
run_adaptive.py:8: DeprecationWarning: the imp module is deprecated in favour of importlib; see the module's documentation for alternative uses
  import imp
Namespace(cuda=True, dataset='ogbn-arxiv', debug=True, defense_mode='prune', device_id=2, dis_weight=0.0, dropout=0.5, epochs=200, evaluate_mode='1by1', hidden=32, homo_boost_thrd=0.8, homo_loss_weight=200.0, inner=1, lr=0.01, model='GCN', no_cuda=False, prune_thr=0.8, seed=10, selection_method='cluster_degree', target_class=0, target_loss_weight=1, test_model='GCN', thrd=0.5, train_lr=0.01, trigger_size=3, trojan_epochs=800, use_vs_number=True, vs_number=240, vs_ratio=0, weight_decay=0.0005)
#Attach Nodes:240
./selected_nodes/ogbn-arxiv/Overall/seed10/nodes.txt
idx_attach: tensor([132437, 159342, 115859,  11103, 127522,  67544,  82569, 161886,  62976,
         13773,  68963, 144203,  19681,    750, 156733,  86828,  18909,  82685,
         81700, 164714, 103734,  65352,  47692,  14294, 153213,  78523,   1385,
         50714, 156839, 144199,  88403,  58221,  56228,  88511,  12909, 156645,
         93340, 136107,  80139,    622,   1438,   7666, 133129, 127534, 106596,
        102712,   4269,  55140, 125068, 152827, 135150,  23527,   3609,   6462,
        121168, 152542,   6165, 126338,  90948,  77520,  47397, 106658,  68636,
        109074,  69509, 138501,  13873,  20117,  83448,   3102, 143264,  91042,
         54237,  58770, 165138, 126351,  55671,  99141,  13704, 136218,  16458,
         43368, 146276,  31105, 112018,  77110, 104399,  46245, 147007,   5821,
         19313,  91731,  20583, 142204,  80573,   7668,  83587, 128743, 143180,
         91852,  75911,  65787, 153365, 126297,  39114, 104240,  77327,   4583,
           512,  48952,  28134,  38432,  10832,  61628, 127678, 138417, 147495,
         98345,  93057,  33697, 138811, 124659, 133488,  71285,  47676,   1298,
        167767,  47649, 124811,  39955,  70652, 138116,  94425, 163083,  21820,
        133451,  73518, 132097,  23608,  13837, 125639,  40347, 163907,   5087,
          6422, 119164, 165901,   5059,  83768,  27180, 100388,  35462, 116799,
          3703,   5670,  48904,  68159, 113552, 160597,  96989, 127472, 136647,
        148726, 125053, 138149, 138315, 141422,  76351,  76598,  59904, 148285,
         70903, 165759,  39375, 136221, 140976,  63383,  42932,  75075,  71850,
         73993,  30102,  65808,  62714,  45851,  95186,  36002,  74863,  64652,
        161830, 145444, 126027,  60679,  73713,  93896, 146527, 169172, 114189,
         95782,  93842, 148869, 112848,  68654,   4485, 168944, 140981,  72175,
         45679,  20436,   7628, 115596, 130154, 135469,  14337,  63022,  17599,
        122842, 103833,  45706,  81303,  13852,  81871, 114723, 142817,  28988,
         48225,  21674,  34318, 111176, 158279, 146881,  34991,  76669,  13346,
         17731, 138128, 136891, 117554,  40123,  52955], device='cuda:2')
tensor([     1,      2,      3,  ..., 169334, 169336, 169338], device='cuda:2')
Epoch 0, loss_inner: 3.74860, loss_target: 3.62721, homo loss: 0.80634 
acc_train_clean: 0.0089, ASR_train_attach: 0.0000, ASR_train_outter: 0.0000
Epoch 10, loss_inner: 3.02723, loss_target: 3.10341, homo loss: 0.00530 
acc_train_clean: 0.2657, ASR_train_attach: 0.0000, ASR_train_outter: 0.0000
Epoch 20, loss_inner: 2.77551, loss_target: 2.79904, homo loss: 0.00092 
acc_train_clean: 0.2869, ASR_train_attach: 0.0000, ASR_train_outter: 0.0000
Epoch 30, loss_inner: 2.48149, loss_target: 2.47579, homo loss: 0.00051 
acc_train_clean: 0.3702, ASR_train_attach: 0.0000, ASR_train_outter: 0.0000
Epoch 40, loss_inner: 2.17747, loss_target: 2.13800, homo loss: 0.00037 
acc_train_clean: 0.4445, ASR_train_attach: 0.5667, ASR_train_outter: 0.6316
Epoch 50, loss_inner: 1.92147, loss_target: 1.88574, homo loss: 0.00028 
acc_train_clean: 0.5061, ASR_train_attach: 0.8167, ASR_train_outter: 0.8178
Epoch 60, loss_inner: 1.73093, loss_target: 1.70400, homo loss: 0.00023 
acc_train_clean: 0.5375, ASR_train_attach: 0.8875, ASR_train_outter: 0.8657
Epoch 70, loss_inner: 1.60180, loss_target: 1.57977, homo loss: 0.00017 
acc_train_clean: 0.5656, ASR_train_attach: 0.9417, ASR_train_outter: 0.9056
Epoch 80, loss_inner: 1.50967, loss_target: 1.48985, homo loss: 0.00016 
acc_train_clean: 0.5868, ASR_train_attach: 0.9792, ASR_train_outter: 0.9415
Epoch 90, loss_inner: 1.43963, loss_target: 1.42126, homo loss: 0.00011 
acc_train_clean: 0.6012, ASR_train_attach: 0.9875, ASR_train_outter: 0.9495
Epoch 100, loss_inner: 1.38069, loss_target: 1.36414, homo loss: 0.00006 
acc_train_clean: 0.6131, ASR_train_attach: 0.9875, ASR_train_outter: 0.9481
Epoch 110, loss_inner: 1.33606, loss_target: 1.32090, homo loss: 0.00004 
acc_train_clean: 0.6208, ASR_train_attach: 0.9875, ASR_train_outter: 0.9521
Epoch 120, loss_inner: 1.30066, loss_target: 1.28569, homo loss: 0.00004 
acc_train_clean: 0.6278, ASR_train_attach: 0.9958, ASR_train_outter: 0.9614
Epoch 130, loss_inner: 1.26934, loss_target: 1.25500, homo loss: 0.00005 
acc_train_clean: 0.6348, ASR_train_attach: 1.0000, ASR_train_outter: 0.9641
Epoch 140, loss_inner: 1.24518, loss_target: 1.23096, homo loss: 0.00002 
acc_train_clean: 0.6407, ASR_train_attach: 1.0000, ASR_train_outter: 0.9681
Epoch 150, loss_inner: 1.22847, loss_target: 1.21421, homo loss: 0.00003 
acc_train_clean: 0.6442, ASR_train_attach: 1.0000, ASR_train_outter: 0.9681
Epoch 160, loss_inner: 1.21673, loss_target: 1.20227, homo loss: 0.00002 
acc_train_clean: 0.6465, ASR_train_attach: 1.0000, ASR_train_outter: 0.9721
Epoch 170, loss_inner: 1.20777, loss_target: 1.19273, homo loss: 0.00001 
acc_train_clean: 0.6485, ASR_train_attach: 1.0000, ASR_train_outter: 0.9761
Epoch 180, loss_inner: 1.20040, loss_target: 1.18532, homo loss: 0.00002 
acc_train_clean: 0.6493, ASR_train_attach: 1.0000, ASR_train_outter: 0.9801
Epoch 190, loss_inner: 1.19405, loss_target: 1.17852, homo loss: 0.00000 
acc_train_clean: 0.6508, ASR_train_attach: 1.0000, ASR_train_outter: 0.9814
Epoch 200, loss_inner: 1.18828, loss_target: 1.17304, homo loss: 0.00001 
acc_train_clean: 0.6521, ASR_train_attach: 1.0000, ASR_train_outter: 0.9801
Epoch 210, loss_inner: 1.18291, loss_target: 1.16764, homo loss: 0.00008 
acc_train_clean: 0.6533, ASR_train_attach: 1.0000, ASR_train_outter: 0.9814
Epoch 220, loss_inner: 1.17844, loss_target: 1.16299, homo loss: 0.00001 
acc_train_clean: 0.6549, ASR_train_attach: 1.0000, ASR_train_outter: 0.9840
Epoch 230, loss_inner: 1.17347, loss_target: 1.15793, homo loss: 0.00001 
acc_train_clean: 0.6561, ASR_train_attach: 1.0000, ASR_train_outter: 0.9840
Epoch 240, loss_inner: 1.16926, loss_target: 1.15347, homo loss: 0.00000 
acc_train_clean: 0.6578, ASR_train_attach: 1.0000, ASR_train_outter: 0.9854
Epoch 250, loss_inner: 1.16525, loss_target: 1.14938, homo loss: 0.00002 
acc_train_clean: 0.6589, ASR_train_attach: 1.0000, ASR_train_outter: 0.9854
Epoch 260, loss_inner: 1.16130, loss_target: 1.14502, homo loss: 0.00002 
acc_train_clean: 0.6597, ASR_train_attach: 1.0000, ASR_train_outter: 0.9894
Epoch 270, loss_inner: 1.15593, loss_target: 1.14005, homo loss: 0.00006 
acc_train_clean: 0.6611, ASR_train_attach: 1.0000, ASR_train_outter: 0.9894
Epoch 280, loss_inner: 1.14936, loss_target: 1.13331, homo loss: 0.00002 
acc_train_clean: 0.6627, ASR_train_attach: 1.0000, ASR_train_outter: 0.9880
Epoch 290, loss_inner: 1.14474, loss_target: 1.12861, homo loss: 0.00002 
acc_train_clean: 0.6638, ASR_train_attach: 1.0000, ASR_train_outter: 0.9894
Epoch 300, loss_inner: 1.14091, loss_target: 1.12550, homo loss: 0.00002 
acc_train_clean: 0.6651, ASR_train_attach: 1.0000, ASR_train_outter: 0.9867
Epoch 310, loss_inner: 1.13817, loss_target: 1.12279, homo loss: 0.00001 
acc_train_clean: 0.6659, ASR_train_attach: 1.0000, ASR_train_outter: 0.9920
Epoch 320, loss_inner: 1.13343, loss_target: 1.11761, homo loss: 0.00002 
acc_train_clean: 0.6670, ASR_train_attach: 1.0000, ASR_train_outter: 0.9867
Epoch 330, loss_inner: 1.12940, loss_target: 1.11509, homo loss: 0.00023 
acc_train_clean: 0.6684, ASR_train_attach: 1.0000, ASR_train_outter: 0.9894
Epoch 340, loss_inner: 1.12658, loss_target: 1.11137, homo loss: 0.00005 
acc_train_clean: 0.6699, ASR_train_attach: 1.0000, ASR_train_outter: 0.9920
Epoch 350, loss_inner: 1.12428, loss_target: 1.10915, homo loss: 0.00002 
acc_train_clean: 0.6698, ASR_train_attach: 1.0000, ASR_train_outter: 0.9920
Epoch 360, loss_inner: 1.12239, loss_target: 1.10703, homo loss: 0.00002 
acc_train_clean: 0.6713, ASR_train_attach: 1.0000, ASR_train_outter: 0.9920
Epoch 370, loss_inner: 1.12052, loss_target: 1.10478, homo loss: 0.00000 
acc_train_clean: 0.6719, ASR_train_attach: 1.0000, ASR_train_outter: 0.9920
Epoch 380, loss_inner: 1.11925, loss_target: 1.10364, homo loss: 0.00001 
acc_train_clean: 0.6717, ASR_train_attach: 1.0000, ASR_train_outter: 0.9920
Epoch 390, loss_inner: 1.11769, loss_target: 1.10199, homo loss: 0.00000 
acc_train_clean: 0.6726, ASR_train_attach: 1.0000, ASR_train_outter: 0.9920
Epoch 400, loss_inner: 1.11635, loss_target: 1.10113, homo loss: 0.00001 
acc_train_clean: 0.6727, ASR_train_attach: 1.0000, ASR_train_outter: 0.9894
Epoch 410, loss_inner: 1.11582, loss_target: 1.10030, homo loss: 0.00003 
acc_train_clean: 0.6716, ASR_train_attach: 1.0000, ASR_train_outter: 0.9960
Epoch 420, loss_inner: 1.11465, loss_target: 1.09897, homo loss: 0.00003 
acc_train_clean: 0.6731, ASR_train_attach: 1.0000, ASR_train_outter: 0.9934
Epoch 430, loss_inner: 1.11317, loss_target: 1.09740, homo loss: 0.00001 
acc_train_clean: 0.6731, ASR_train_attach: 1.0000, ASR_train_outter: 0.9960
Epoch 440, loss_inner: 1.11234, loss_target: 1.09738, homo loss: 0.00004 
acc_train_clean: 0.6739, ASR_train_attach: 1.0000, ASR_train_outter: 0.9920
Epoch 450, loss_inner: 1.11126, loss_target: 1.09595, homo loss: 0.00001 
acc_train_clean: 0.6739, ASR_train_attach: 1.0000, ASR_train_outter: 0.9920
Epoch 460, loss_inner: 1.11063, loss_target: 1.09642, homo loss: 0.00038 
acc_train_clean: 0.6738, ASR_train_attach: 1.0000, ASR_train_outter: 0.9960
Epoch 470, loss_inner: 1.11041, loss_target: 1.09683, homo loss: 0.00021 
acc_train_clean: 0.6727, ASR_train_attach: 1.0000, ASR_train_outter: 0.9920
Epoch 480, loss_inner: 1.10888, loss_target: 1.09395, homo loss: 0.00014 
acc_train_clean: 0.6746, ASR_train_attach: 1.0000, ASR_train_outter: 0.9960
Epoch 490, loss_inner: 1.10813, loss_target: 1.09258, homo loss: 0.00001 
acc_train_clean: 0.6749, ASR_train_attach: 1.0000, ASR_train_outter: 0.9987
Epoch 500, loss_inner: 1.10739, loss_target: 1.09233, homo loss: 0.00000 
acc_train_clean: 0.6745, ASR_train_attach: 1.0000, ASR_train_outter: 0.9920
Epoch 510, loss_inner: 1.10668, loss_target: 1.09136, homo loss: 0.00000 
acc_train_clean: 0.6750, ASR_train_attach: 1.0000, ASR_train_outter: 0.9973
Epoch 520, loss_inner: 1.10673, loss_target: 1.09086, homo loss: 0.00000 
acc_train_clean: 0.6748, ASR_train_attach: 1.0000, ASR_train_outter: 0.9973
Epoch 530, loss_inner: 1.10534, loss_target: 1.08982, homo loss: 0.00001 
acc_train_clean: 0.6746, ASR_train_attach: 1.0000, ASR_train_outter: 0.9987
Epoch 540, loss_inner: 1.10456, loss_target: 1.08871, homo loss: 0.00000 
acc_train_clean: 0.6754, ASR_train_attach: 1.0000, ASR_train_outter: 0.9987
Epoch 550, loss_inner: 1.10382, loss_target: 1.09013, homo loss: 0.00017 
acc_train_clean: 0.6757, ASR_train_attach: 1.0000, ASR_train_outter: 0.9934
Epoch 560, loss_inner: 1.10344, loss_target: 1.09053, homo loss: 0.00025 
acc_train_clean: 0.6756, ASR_train_attach: 1.0000, ASR_train_outter: 0.9987
Epoch 570, loss_inner: 1.10351, loss_target: 1.08905, homo loss: 0.00014 
acc_train_clean: 0.6754, ASR_train_attach: 1.0000, ASR_train_outter: 1.0000
Epoch 580, loss_inner: 1.10253, loss_target: 1.08759, homo loss: 0.00000 
acc_train_clean: 0.6747, ASR_train_attach: 1.0000, ASR_train_outter: 0.9973
Epoch 590, loss_inner: 1.10213, loss_target: 1.08797, homo loss: 0.00001 
acc_train_clean: 0.6758, ASR_train_attach: 1.0000, ASR_train_outter: 0.9894
Epoch 600, loss_inner: 1.10128, loss_target: 1.08614, homo loss: 0.00003 
acc_train_clean: 0.6759, ASR_train_attach: 1.0000, ASR_train_outter: 0.9987
Epoch 610, loss_inner: 1.10053, loss_target: 1.08580, homo loss: 0.00001 
acc_train_clean: 0.6760, ASR_train_attach: 1.0000, ASR_train_outter: 0.9973
Epoch 620, loss_inner: 1.10137, loss_target: 1.08652, homo loss: 0.00001 
acc_train_clean: 0.6746, ASR_train_attach: 1.0000, ASR_train_outter: 0.9973
Epoch 630, loss_inner: 1.10042, loss_target: 1.09096, homo loss: 0.00026 
acc_train_clean: 0.6764, ASR_train_attach: 1.0000, ASR_train_outter: 0.9973
Epoch 640, loss_inner: 1.10003, loss_target: 1.08893, homo loss: 0.00025 
acc_train_clean: 0.6761, ASR_train_attach: 1.0000, ASR_train_outter: 0.9987
Epoch 650, loss_inner: 1.09883, loss_target: 1.08508, homo loss: 0.00017 
acc_train_clean: 0.6769, ASR_train_attach: 1.0000, ASR_train_outter: 1.0000
Epoch 660, loss_inner: 1.09839, loss_target: 1.08380, homo loss: 0.00003 
acc_train_clean: 0.6772, ASR_train_attach: 1.0000, ASR_train_outter: 1.0000
Epoch 670, loss_inner: 1.09851, loss_target: 1.08560, homo loss: 0.00009 
acc_train_clean: 0.6760, ASR_train_attach: 1.0000, ASR_train_outter: 0.9920
Epoch 680, loss_inner: 1.09792, loss_target: 1.08326, homo loss: 0.00007 
acc_train_clean: 0.6762, ASR_train_attach: 1.0000, ASR_train_outter: 1.0000
Epoch 690, loss_inner: 1.09724, loss_target: 1.08256, homo loss: 0.00000 
acc_train_clean: 0.6771, ASR_train_attach: 1.0000, ASR_train_outter: 0.9960
Epoch 700, loss_inner: 1.09661, loss_target: 1.08176, homo loss: 0.00004 
acc_train_clean: 0.6767, ASR_train_attach: 1.0000, ASR_train_outter: 0.9973
Epoch 710, loss_inner: 1.09598, loss_target: 1.08125, homo loss: 0.00008 
acc_train_clean: 0.6777, ASR_train_attach: 1.0000, ASR_train_outter: 1.0000
Epoch 720, loss_inner: 1.09726, loss_target: 1.09925, homo loss: 0.00081 
acc_train_clean: 0.6770, ASR_train_attach: 1.0000, ASR_train_outter: 0.9987
Epoch 730, loss_inner: 1.09769, loss_target: 1.08698, homo loss: 0.00032 
acc_train_clean: 0.6769, ASR_train_attach: 1.0000, ASR_train_outter: 1.0000
Epoch 740, loss_inner: 1.09572, loss_target: 1.08265, homo loss: 0.00020 
acc_train_clean: 0.6762, ASR_train_attach: 1.0000, ASR_train_outter: 1.0000
Epoch 750, loss_inner: 1.09487, loss_target: 1.08046, homo loss: 0.00001 
acc_train_clean: 0.6772, ASR_train_attach: 1.0000, ASR_train_outter: 1.0000
Epoch 760, loss_inner: 1.09464, loss_target: 1.08563, homo loss: 0.00026 
acc_train_clean: 0.6777, ASR_train_attach: 1.0000, ASR_train_outter: 0.9947
Epoch 770, loss_inner: 1.09420, loss_target: 1.08085, homo loss: 0.00020 
acc_train_clean: 0.6777, ASR_train_attach: 1.0000, ASR_train_outter: 1.0000
Epoch 780, loss_inner: 1.09352, loss_target: 1.07901, homo loss: 0.00005 
acc_train_clean: 0.6779, ASR_train_attach: 1.0000, ASR_train_outter: 1.0000
Epoch 790, loss_inner: 1.09779, loss_target: 1.11086, homo loss: 0.00009 
acc_train_clean: 0.6781, ASR_train_attach: 0.7167, ASR_train_outter: 0.9947
load best weight based on the loss outter
precent of left attach nodes: 1.000
Namespace(cuda=True, dataset='ogbn-arxiv', debug=True, defense_mode='prune', device_id=2, dis_weight=0.0, dropout=0.5, epochs=200, evaluate_mode='1by1', hidden=32, homo_boost_thrd=0.8, homo_loss_weight=200.0, inner=1, lr=0.01, model='GCN', no_cuda=False, prune_thr=0.8, seed=265, selection_method='cluster_degree', target_class=0, target_loss_weight=1, test_model='GCN', thrd=0.5, train_lr=0.01, trigger_size=3, trojan_epochs=800, use_vs_number=True, vs_number=240, vs_ratio=0, weight_decay=0.0005)
target class rate on Vs: 0.9833
accuracy on clean test nodes: 0.6168
Overall ASR: 0.9395
Flip ASR: 0.9393/16875 nodes
Namespace(cuda=True, dataset='ogbn-arxiv', debug=True, defense_mode='prune', device_id=2, dis_weight=0.0, dropout=0.5, epochs=200, evaluate_mode='1by1', hidden=32, homo_boost_thrd=0.8, homo_loss_weight=200.0, inner=1, lr=0.01, model='GCN', no_cuda=False, prune_thr=0.8, seed=125, selection_method='cluster_degree', target_class=0, target_loss_weight=1, test_model='GCN', thrd=0.5, train_lr=0.01, trigger_size=3, trojan_epochs=800, use_vs_number=True, vs_number=240, vs_ratio=0, weight_decay=0.0005)
target class rate on Vs: 0.9833
accuracy on clean test nodes: 0.6231
Overall ASR: 0.9411
Flip ASR: 0.9409/16875 nodes
Namespace(cuda=True, dataset='ogbn-arxiv', debug=True, defense_mode='prune', device_id=2, dis_weight=0.0, dropout=0.5, epochs=200, evaluate_mode='1by1', hidden=32, homo_boost_thrd=0.8, homo_loss_weight=200.0, inner=1, lr=0.01, model='GCN', no_cuda=False, prune_thr=0.8, seed=996, selection_method='cluster_degree', target_class=0, target_loss_weight=1, test_model='GCN', thrd=0.5, train_lr=0.01, trigger_size=3, trojan_epochs=800, use_vs_number=True, vs_number=240, vs_ratio=0, weight_decay=0.0005)
target class rate on Vs: 0.9833
accuracy on clean test nodes: 0.6263
Overall ASR: 0.9422
Flip ASR: 0.9420/16875 nodes
Namespace(cuda=True, dataset='ogbn-arxiv', debug=True, defense_mode='prune', device_id=2, dis_weight=0.0, dropout=0.5, epochs=200, evaluate_mode='1by1', hidden=32, homo_boost_thrd=0.8, homo_loss_weight=200.0, inner=1, lr=0.01, model='GCN', no_cuda=False, prune_thr=0.8, seed=527, selection_method='cluster_degree', target_class=0, target_loss_weight=1, test_model='GCN', thrd=0.5, train_lr=0.01, trigger_size=3, trojan_epochs=800, use_vs_number=True, vs_number=240, vs_ratio=0, weight_decay=0.0005)
target class rate on Vs: 0.9833
accuracy on clean test nodes: 0.6286
Overall ASR: 0.9404
Flip ASR: 0.9402/16875 nodes
Namespace(cuda=True, dataset='ogbn-arxiv', debug=True, defense_mode='prune', device_id=2, dis_weight=0.0, dropout=0.5, epochs=200, evaluate_mode='1by1', hidden=32, homo_boost_thrd=0.8, homo_loss_weight=200.0, inner=1, lr=0.01, model='GCN', no_cuda=False, prune_thr=0.8, seed=320, selection_method='cluster_degree', target_class=0, target_loss_weight=1, test_model='GCN', thrd=0.5, train_lr=0.01, trigger_size=3, trojan_epochs=800, use_vs_number=True, vs_number=240, vs_ratio=0, weight_decay=0.0005)
target class rate on Vs: 0.9833
accuracy on clean test nodes: 0.6150
Overall ASR: 0.9415
Flip ASR: 0.9413/16875 nodes
Overall ASR: 0.9409 (GCN model, Seed: 320)
Overall Clean Accuracy: 0.6220
Namespace(cuda=True, dataset='ogbn-arxiv', debug=True, defense_mode='prune', device_id=2, dis_weight=0.0, dropout=0.5, epochs=200, evaluate_mode='1by1', hidden=32, homo_boost_thrd=0.8, homo_loss_weight=200.0, inner=1, lr=0.01, model='GCN', no_cuda=False, prune_thr=0.8, seed=781, selection_method='cluster_degree', target_class=0, target_loss_weight=1, test_model='GAT', thrd=0.5, train_lr=0.01, trigger_size=3, trojan_epochs=800, use_vs_number=True, vs_number=240, vs_ratio=0, weight_decay=0.0005)
/home/project-graph-backdoor/Backdoor/models/GAT.py:61: UserWarning: To copy construct from a tensor, it is recommended to use sourceTensor.clone().detach() or sourceTensor.clone().detach().requires_grad_(True), rather than torch.tensor(sourceTensor).
  self.labels = torch.tensor(labels, dtype=torch.long)
target class rate on Vs: 0.9833
accuracy on clean test nodes: 0.6280
Overall ASR: 0.9467
Flip ASR: 0.9465/16875 nodes
Namespace(cuda=True, dataset='ogbn-arxiv', debug=True, defense_mode='prune', device_id=2, dis_weight=0.0, dropout=0.5, epochs=200, evaluate_mode='1by1', hidden=32, homo_boost_thrd=0.8, homo_loss_weight=200.0, inner=1, lr=0.01, model='GCN', no_cuda=False, prune_thr=0.8, seed=706, selection_method='cluster_degree', target_class=0, target_loss_weight=1, test_model='GAT', thrd=0.5, train_lr=0.01, trigger_size=3, trojan_epochs=800, use_vs_number=True, vs_number=240, vs_ratio=0, weight_decay=0.0005)
target class rate on Vs: 0.9833
accuracy on clean test nodes: 0.6287
Overall ASR: 0.9467
Flip ASR: 0.9465/16875 nodes
Namespace(cuda=True, dataset='ogbn-arxiv', debug=True, defense_mode='prune', device_id=2, dis_weight=0.0, dropout=0.5, epochs=200, evaluate_mode='1by1', hidden=32, homo_boost_thrd=0.8, homo_loss_weight=200.0, inner=1, lr=0.01, model='GCN', no_cuda=False, prune_thr=0.8, seed=778, selection_method='cluster_degree', target_class=0, target_loss_weight=1, test_model='GAT', thrd=0.5, train_lr=0.01, trigger_size=3, trojan_epochs=800, use_vs_number=True, vs_number=240, vs_ratio=0, weight_decay=0.0005)
target class rate on Vs: 0.9833
accuracy on clean test nodes: 0.6253
Overall ASR: 0.9467
Flip ASR: 0.9465/16875 nodes
Namespace(cuda=True, dataset='ogbn-arxiv', debug=True, defense_mode='prune', device_id=2, dis_weight=0.0, dropout=0.5, epochs=200, evaluate_mode='1by1', hidden=32, homo_boost_thrd=0.8, homo_loss_weight=200.0, inner=1, lr=0.01, model='GCN', no_cuda=False, prune_thr=0.8, seed=604, selection_method='cluster_degree', target_class=0, target_loss_weight=1, test_model='GAT', thrd=0.5, train_lr=0.01, trigger_size=3, trojan_epochs=800, use_vs_number=True, vs_number=240, vs_ratio=0, weight_decay=0.0005)
target class rate on Vs: 0.9833
accuracy on clean test nodes: 0.6263
Overall ASR: 0.9467
Flip ASR: 0.9465/16875 nodes
Namespace(cuda=True, dataset='ogbn-arxiv', debug=True, defense_mode='prune', device_id=2, dis_weight=0.0, dropout=0.5, epochs=200, evaluate_mode='1by1', hidden=32, homo_boost_thrd=0.8, homo_loss_weight=200.0, inner=1, lr=0.01, model='GCN', no_cuda=False, prune_thr=0.8, seed=133, selection_method='cluster_degree', target_class=0, target_loss_weight=1, test_model='GAT', thrd=0.5, train_lr=0.01, trigger_size=3, trojan_epochs=800, use_vs_number=True, vs_number=240, vs_ratio=0, weight_decay=0.0005)
target class rate on Vs: 0.9833
accuracy on clean test nodes: 0.6267
Overall ASR: 0.9467
Flip ASR: 0.9465/16875 nodes
Overall ASR: 0.9467 (GAT model, Seed: 133)
Overall Clean Accuracy: 0.6270
Namespace(cuda=True, dataset='ogbn-arxiv', debug=True, defense_mode='prune', device_id=2, dis_weight=0.0, dropout=0.5, epochs=200, evaluate_mode='1by1', hidden=32, homo_boost_thrd=0.8, homo_loss_weight=200.0, inner=1, lr=0.01, model='GCN', no_cuda=False, prune_thr=0.8, seed=673, selection_method='cluster_degree', target_class=0, target_loss_weight=1, test_model='GraphSage', thrd=0.5, train_lr=0.01, trigger_size=3, trojan_epochs=800, use_vs_number=True, vs_number=240, vs_ratio=0, weight_decay=0.0005)
target class rate on Vs: 0.9833
accuracy on clean test nodes: 0.6243
Overall ASR: 0.9157
Flip ASR: 0.9155/16875 nodes
Namespace(cuda=True, dataset='ogbn-arxiv', debug=True, defense_mode='prune', device_id=2, dis_weight=0.0, dropout=0.5, epochs=200, evaluate_mode='1by1', hidden=32, homo_boost_thrd=0.8, homo_loss_weight=200.0, inner=1, lr=0.01, model='GCN', no_cuda=False, prune_thr=0.8, seed=904, selection_method='cluster_degree', target_class=0, target_loss_weight=1, test_model='GraphSage', thrd=0.5, train_lr=0.01, trigger_size=3, trojan_epochs=800, use_vs_number=True, vs_number=240, vs_ratio=0, weight_decay=0.0005)
target class rate on Vs: 0.9750
accuracy on clean test nodes: 0.6216
Overall ASR: 0.9163
Flip ASR: 0.9161/16875 nodes
Namespace(cuda=True, dataset='ogbn-arxiv', debug=True, defense_mode='prune', device_id=2, dis_weight=0.0, dropout=0.5, epochs=200, evaluate_mode='1by1', hidden=32, homo_boost_thrd=0.8, homo_loss_weight=200.0, inner=1, lr=0.01, model='GCN', no_cuda=False, prune_thr=0.8, seed=56, selection_method='cluster_degree', target_class=0, target_loss_weight=1, test_model='GraphSage', thrd=0.5, train_lr=0.01, trigger_size=3, trojan_epochs=800, use_vs_number=True, vs_number=240, vs_ratio=0, weight_decay=0.0005)
target class rate on Vs: 0.9833
accuracy on clean test nodes: 0.6282
Overall ASR: 0.9244
Flip ASR: 0.9242/16875 nodes
Namespace(cuda=True, dataset='ogbn-arxiv', debug=True, defense_mode='prune', device_id=2, dis_weight=0.0, dropout=0.5, epochs=200, evaluate_mode='1by1', hidden=32, homo_boost_thrd=0.8, homo_loss_weight=200.0, inner=1, lr=0.01, model='GCN', no_cuda=False, prune_thr=0.8, seed=1, selection_method='cluster_degree', target_class=0, target_loss_weight=1, test_model='GraphSage', thrd=0.5, train_lr=0.01, trigger_size=3, trojan_epochs=800, use_vs_number=True, vs_number=240, vs_ratio=0, weight_decay=0.0005)
target class rate on Vs: 0.9833
accuracy on clean test nodes: 0.6362
Overall ASR: 0.9259
Flip ASR: 0.9257/16875 nodes
Namespace(cuda=True, dataset='ogbn-arxiv', debug=True, defense_mode='prune', device_id=2, dis_weight=0.0, dropout=0.5, epochs=200, evaluate_mode='1by1', hidden=32, homo_boost_thrd=0.8, homo_loss_weight=200.0, inner=1, lr=0.01, model='GCN', no_cuda=False, prune_thr=0.8, seed=694, selection_method='cluster_degree', target_class=0, target_loss_weight=1, test_model='GraphSage', thrd=0.5, train_lr=0.01, trigger_size=3, trojan_epochs=800, use_vs_number=True, vs_number=240, vs_ratio=0, weight_decay=0.0005)
target class rate on Vs: 0.9833
accuracy on clean test nodes: 0.6261
Overall ASR: 0.9204
Flip ASR: 0.9202/16875 nodes
Overall ASR: 0.9206 (GraphSage model, Seed: 694)
Overall Clean Accuracy: 0.6273
Total Overall ASR: 0.9361 
Total Clean Accuracy: 0.6254
