nohup: ignoring input
run_adaptive.py:8: DeprecationWarning: the imp module is deprecated in favour of importlib; see the module's documentation for alternative uses
  import imp
Namespace(cuda=True, dataset='ogbn-arxiv', debug=True, defense_mode='none', device_id=2, dis_weight=0.0, dropout=0.5, epochs=200, evaluate_mode='1by1', hidden=32, homo_boost_thrd=0.8, homo_loss_weight=100.0, inner=1, lr=0.01, model='GCN', no_cuda=False, prune_thr=0.8, seed=10, selection_method='cluster_degree', target_class=0, target_loss_weight=1, test_model='GCN', thrd=0.5, train_lr=0.01, trigger_size=3, trojan_epochs=400, use_vs_number=True, vs_number=240, vs_ratio=0, weight_decay=0.0005)
#Attach Nodes:240
./selected_nodes/ogbn-arxiv/Overall/seed10/nodes.txt
idx_attach: tensor([132437, 159342, 115859,  11103, 127522,  67544,  82569, 161886,  62976,
         13773,  68963, 144203,  19681,    750, 156733,  86828,  18909,  82685,
         81700, 164714, 103734,  65352,  47692,  14294, 153213,  78523,   1385,
         50714, 156839, 144199,  88403,  58221,  56228,  88511,  12909, 156645,
         93340, 136107,  80139,    622,   1438,   7666, 133129, 127534, 106596,
        102712,   4269,  55140, 125068, 152827, 135150,  23527,   3609,   6462,
        121168, 152542,   6165, 126338,  90948,  77520,  47397, 106658,  68636,
        109074,  69509, 138501,  13873,  20117,  83448,   3102, 143264,  91042,
         54237,  58770, 165138, 126351,  55671,  99141,  13704, 136218,  16458,
         43368, 146276,  31105, 112018,  77110, 104399,  46245, 147007,   5821,
         19313,  91731,  20583, 142204,  80573,   7668,  83587, 128743, 143180,
         91852,  75911,  65787, 153365, 126297,  39114, 104240,  77327,   4583,
           512,  48952,  28134,  38432,  10832,  61628, 127678, 138417, 147495,
         98345,  93057,  33697, 138811, 124659, 133488,  71285,  47676,   1298,
        167767,  47649, 124811,  39955,  70652, 138116,  94425, 163083,  21820,
        133451,  73518, 132097,  23608,  13837, 125639,  40347, 163907,   5087,
          6422, 119164, 165901,   5059,  83768,  27180, 100388,  35462, 116799,
          3703,   5670,  48904,  68159, 113552, 160597,  96989, 127472, 136647,
        148726, 125053, 138149, 138315, 141422,  76351,  76598,  59904, 148285,
         70903, 165759,  39375, 136221, 140976,  63383,  42932,  75075,  71850,
         73993,  30102,  65808,  62714,  45851,  95186,  36002,  74863,  64652,
        161830, 145444, 126027,  60679,  73713,  93896, 146527, 169172, 114189,
         95782,  93842, 148869, 112848,  68654,   4485, 168944, 140981,  72175,
         45679,  20436,   7628, 115596, 130154, 135469,  14337,  63022,  17599,
        122842, 103833,  45706,  81303,  13852,  81871, 114723, 142817,  28988,
         48225,  21674,  34318, 111176, 158279, 146881,  34991,  76669,  13346,
         17731, 138128, 136891, 117554,  40123,  52955], device='cuda:2')
tensor([     1,      2,      3,  ..., 169334, 169336, 169338], device='cuda:2')
Epoch 0, loss_inner: 3.74860, loss_target: 3.62721, homo loss: 0.80634 
acc_train_clean: 0.0089, ASR_train_attach: 0.0000, ASR_train_outter: 0.0000
Epoch 10, loss_inner: 3.02723, loss_target: 3.10336, homo loss: 0.00537 
acc_train_clean: 0.2657, ASR_train_attach: 0.0000, ASR_train_outter: 0.0000
Epoch 20, loss_inner: 2.77444, loss_target: 2.79532, homo loss: 0.00092 
acc_train_clean: 0.2865, ASR_train_attach: 0.0000, ASR_train_outter: 0.0000
Epoch 30, loss_inner: 2.47629, loss_target: 2.46256, homo loss: 0.00053 
acc_train_clean: 0.3659, ASR_train_attach: 0.0000, ASR_train_outter: 0.0000
Epoch 40, loss_inner: 2.17090, loss_target: 2.12777, homo loss: 0.00040 
acc_train_clean: 0.4424, ASR_train_attach: 0.7458, ASR_train_outter: 0.7686
Epoch 50, loss_inner: 1.91633, loss_target: 1.87953, homo loss: 0.00031 
acc_train_clean: 0.5065, ASR_train_attach: 0.8792, ASR_train_outter: 0.8604
Epoch 60, loss_inner: 1.72863, loss_target: 1.69950, homo loss: 0.00025 
acc_train_clean: 0.5380, ASR_train_attach: 0.9333, ASR_train_outter: 0.9109
Epoch 70, loss_inner: 1.60039, loss_target: 1.57617, homo loss: 0.00027 
acc_train_clean: 0.5650, ASR_train_attach: 0.9917, ASR_train_outter: 0.9508
Epoch 80, loss_inner: 1.50924, loss_target: 1.48800, homo loss: 0.00019 
acc_train_clean: 0.5868, ASR_train_attach: 0.9917, ASR_train_outter: 0.9548
Epoch 90, loss_inner: 1.44163, loss_target: 1.42319, homo loss: 0.00014 
acc_train_clean: 0.6001, ASR_train_attach: 0.9958, ASR_train_outter: 0.9548
Epoch 100, loss_inner: 1.39033, loss_target: 1.37262, homo loss: 0.00010 
acc_train_clean: 0.6104, ASR_train_attach: 0.9958, ASR_train_outter: 0.9574
Epoch 110, loss_inner: 1.34650, loss_target: 1.32982, homo loss: 0.00006 
acc_train_clean: 0.6184, ASR_train_attach: 0.9958, ASR_train_outter: 0.9574
Epoch 120, loss_inner: 1.30790, loss_target: 1.29176, homo loss: 0.00006 
acc_train_clean: 0.6262, ASR_train_attach: 1.0000, ASR_train_outter: 0.9614
Epoch 130, loss_inner: 1.27462, loss_target: 1.25801, homo loss: 0.00003 
acc_train_clean: 0.6337, ASR_train_attach: 0.9958, ASR_train_outter: 0.9654
Epoch 140, loss_inner: 1.24828, loss_target: 1.23228, homo loss: 0.00003 
acc_train_clean: 0.6400, ASR_train_attach: 1.0000, ASR_train_outter: 0.9721
Epoch 150, loss_inner: 1.22981, loss_target: 1.21396, homo loss: 0.00005 
acc_train_clean: 0.6441, ASR_train_attach: 1.0000, ASR_train_outter: 0.9747
Epoch 160, loss_inner: 1.21693, loss_target: 1.20063, homo loss: 0.00004 
acc_train_clean: 0.6466, ASR_train_attach: 1.0000, ASR_train_outter: 0.9814
Epoch 170, loss_inner: 1.20745, loss_target: 1.19137, homo loss: 0.00003 
acc_train_clean: 0.6485, ASR_train_attach: 1.0000, ASR_train_outter: 0.9787
Epoch 180, loss_inner: 1.19958, loss_target: 1.18324, homo loss: 0.00004 
acc_train_clean: 0.6501, ASR_train_attach: 1.0000, ASR_train_outter: 0.9840
Epoch 190, loss_inner: 1.19288, loss_target: 1.17672, homo loss: 0.00010 
acc_train_clean: 0.6519, ASR_train_attach: 1.0000, ASR_train_outter: 0.9854
Epoch 200, loss_inner: 1.18683, loss_target: 1.17024, homo loss: 0.00001 
acc_train_clean: 0.6532, ASR_train_attach: 1.0000, ASR_train_outter: 0.9880
Epoch 210, loss_inner: 1.18118, loss_target: 1.16462, homo loss: 0.00003 
acc_train_clean: 0.6551, ASR_train_attach: 1.0000, ASR_train_outter: 0.9880
Epoch 220, loss_inner: 1.17704, loss_target: 1.16142, homo loss: 0.00008 
acc_train_clean: 0.6566, ASR_train_attach: 1.0000, ASR_train_outter: 0.9854
Epoch 230, loss_inner: 1.17157, loss_target: 1.15650, homo loss: 0.00022 
acc_train_clean: 0.6572, ASR_train_attach: 1.0000, ASR_train_outter: 0.9920
Epoch 240, loss_inner: 1.16712, loss_target: 1.15125, homo loss: 0.00011 
acc_train_clean: 0.6587, ASR_train_attach: 1.0000, ASR_train_outter: 0.9907
Epoch 250, loss_inner: 1.16302, loss_target: 1.14692, homo loss: 0.00000 
acc_train_clean: 0.6598, ASR_train_attach: 1.0000, ASR_train_outter: 0.9907
Epoch 260, loss_inner: 1.15790, loss_target: 1.14165, homo loss: 0.00001 
acc_train_clean: 0.6612, ASR_train_attach: 1.0000, ASR_train_outter: 0.9894
Epoch 270, loss_inner: 1.15148, loss_target: 1.13514, homo loss: 0.00001 
acc_train_clean: 0.6630, ASR_train_attach: 1.0000, ASR_train_outter: 0.9907
Epoch 280, loss_inner: 1.14580, loss_target: 1.12947, homo loss: 0.00001 
acc_train_clean: 0.6643, ASR_train_attach: 1.0000, ASR_train_outter: 0.9894
Epoch 290, loss_inner: 1.14155, loss_target: 1.12573, homo loss: 0.00003 
acc_train_clean: 0.6659, ASR_train_attach: 1.0000, ASR_train_outter: 0.9894
Epoch 300, loss_inner: 1.13793, loss_target: 1.12344, homo loss: 0.00088 
acc_train_clean: 0.6665, ASR_train_attach: 1.0000, ASR_train_outter: 0.9907
Epoch 310, loss_inner: 1.13595, loss_target: 1.12577, homo loss: 0.00045 
acc_train_clean: 0.6680, ASR_train_attach: 1.0000, ASR_train_outter: 0.9894
Epoch 320, loss_inner: 1.13530, loss_target: 1.15539, homo loss: 0.00238 
acc_train_clean: 0.6675, ASR_train_attach: 1.0000, ASR_train_outter: 0.9907
Epoch 330, loss_inner: 1.15194, loss_target: 1.19836, homo loss: 0.00302 
acc_train_clean: 0.6614, ASR_train_attach: 1.0000, ASR_train_outter: 0.7261
Epoch 340, loss_inner: 1.14595, loss_target: 1.16399, homo loss: 0.00177 
acc_train_clean: 0.6637, ASR_train_attach: 1.0000, ASR_train_outter: 0.9973
Epoch 350, loss_inner: 1.13547, loss_target: 1.14727, homo loss: 0.00086 
acc_train_clean: 0.6673, ASR_train_attach: 1.0000, ASR_train_outter: 1.0000
Epoch 360, loss_inner: 1.12998, loss_target: 1.13680, homo loss: 0.00087 
acc_train_clean: 0.6695, ASR_train_attach: 1.0000, ASR_train_outter: 0.9987
Epoch 370, loss_inner: 1.12692, loss_target: 1.13231, homo loss: 0.00088 
acc_train_clean: 0.6702, ASR_train_attach: 1.0000, ASR_train_outter: 1.0000
Epoch 380, loss_inner: 1.12469, loss_target: 1.12420, homo loss: 0.00081 
acc_train_clean: 0.6708, ASR_train_attach: 1.0000, ASR_train_outter: 0.9960
Epoch 390, loss_inner: 1.12264, loss_target: 1.12008, homo loss: 0.00075 
acc_train_clean: 0.6723, ASR_train_attach: 1.0000, ASR_train_outter: 0.9987
load best weight based on the loss outter
precent of left attach nodes: 1.000
Namespace(cuda=True, dataset='ogbn-arxiv', debug=True, defense_mode='none', device_id=2, dis_weight=0.0, dropout=0.5, epochs=200, evaluate_mode='1by1', hidden=32, homo_boost_thrd=0.8, homo_loss_weight=100.0, inner=1, lr=0.01, model='GCN', no_cuda=False, prune_thr=0.8, seed=265, selection_method='cluster_degree', target_class=0, target_loss_weight=1, test_model='GCN', thrd=0.5, train_lr=0.01, trigger_size=3, trojan_epochs=400, use_vs_number=True, vs_number=240, vs_ratio=0, weight_decay=0.0005)
target class rate on Vs: 1.0000
accuracy on clean test nodes: 0.6347
Overall ASR: 0.9927
Flip ASR: 0.9927/16875 nodes
Namespace(cuda=True, dataset='ogbn-arxiv', debug=True, defense_mode='none', device_id=2, dis_weight=0.0, dropout=0.5, epochs=200, evaluate_mode='1by1', hidden=32, homo_boost_thrd=0.8, homo_loss_weight=100.0, inner=1, lr=0.01, model='GCN', no_cuda=False, prune_thr=0.8, seed=125, selection_method='cluster_degree', target_class=0, target_loss_weight=1, test_model='GCN', thrd=0.5, train_lr=0.01, trigger_size=3, trojan_epochs=400, use_vs_number=True, vs_number=240, vs_ratio=0, weight_decay=0.0005)
target class rate on Vs: 1.0000
accuracy on clean test nodes: 0.6388
Overall ASR: 0.9946
Flip ASR: 0.9945/16875 nodes
Namespace(cuda=True, dataset='ogbn-arxiv', debug=True, defense_mode='none', device_id=2, dis_weight=0.0, dropout=0.5, epochs=200, evaluate_mode='1by1', hidden=32, homo_boost_thrd=0.8, homo_loss_weight=100.0, inner=1, lr=0.01, model='GCN', no_cuda=False, prune_thr=0.8, seed=996, selection_method='cluster_degree', target_class=0, target_loss_weight=1, test_model='GCN', thrd=0.5, train_lr=0.01, trigger_size=3, trojan_epochs=400, use_vs_number=True, vs_number=240, vs_ratio=0, weight_decay=0.0005)
target class rate on Vs: 1.0000
accuracy on clean test nodes: 0.6411
Overall ASR: 0.9924
Flip ASR: 0.9924/16875 nodes
Namespace(cuda=True, dataset='ogbn-arxiv', debug=True, defense_mode='none', device_id=2, dis_weight=0.0, dropout=0.5, epochs=200, evaluate_mode='1by1', hidden=32, homo_boost_thrd=0.8, homo_loss_weight=100.0, inner=1, lr=0.01, model='GCN', no_cuda=False, prune_thr=0.8, seed=527, selection_method='cluster_degree', target_class=0, target_loss_weight=1, test_model='GCN', thrd=0.5, train_lr=0.01, trigger_size=3, trojan_epochs=400, use_vs_number=True, vs_number=240, vs_ratio=0, weight_decay=0.0005)
target class rate on Vs: 1.0000
accuracy on clean test nodes: 0.6459
Overall ASR: 0.9948
Flip ASR: 0.9948/16875 nodes
Namespace(cuda=True, dataset='ogbn-arxiv', debug=True, defense_mode='none', device_id=2, dis_weight=0.0, dropout=0.5, epochs=200, evaluate_mode='1by1', hidden=32, homo_boost_thrd=0.8, homo_loss_weight=100.0, inner=1, lr=0.01, model='GCN', no_cuda=False, prune_thr=0.8, seed=320, selection_method='cluster_degree', target_class=0, target_loss_weight=1, test_model='GCN', thrd=0.5, train_lr=0.01, trigger_size=3, trojan_epochs=400, use_vs_number=True, vs_number=240, vs_ratio=0, weight_decay=0.0005)
target class rate on Vs: 1.0000
accuracy on clean test nodes: 0.6332
Overall ASR: 0.9943
Flip ASR: 0.9943/16875 nodes
Overall ASR: 0.9938 (GCN model, Seed: 320)
Overall Clean Accuracy: 0.6387
Namespace(cuda=True, dataset='ogbn-arxiv', debug=True, defense_mode='none', device_id=2, dis_weight=0.0, dropout=0.5, epochs=200, evaluate_mode='1by1', hidden=32, homo_boost_thrd=0.8, homo_loss_weight=100.0, inner=1, lr=0.01, model='GCN', no_cuda=False, prune_thr=0.8, seed=781, selection_method='cluster_degree', target_class=0, target_loss_weight=1, test_model='GAT', thrd=0.5, train_lr=0.01, trigger_size=3, trojan_epochs=400, use_vs_number=True, vs_number=240, vs_ratio=0, weight_decay=0.0005)
/home/project-graph-backdoor/Backdoor/models/GAT.py:61: UserWarning: To copy construct from a tensor, it is recommended to use sourceTensor.clone().detach() or sourceTensor.clone().detach().requires_grad_(True), rather than torch.tensor(sourceTensor).
  self.labels = torch.tensor(labels, dtype=torch.long)
target class rate on Vs: 1.0000
accuracy on clean test nodes: 0.6454
Overall ASR: 1.0000
Flip ASR: 1.0000/16875 nodes
Namespace(cuda=True, dataset='ogbn-arxiv', debug=True, defense_mode='none', device_id=2, dis_weight=0.0, dropout=0.5, epochs=200, evaluate_mode='1by1', hidden=32, homo_boost_thrd=0.8, homo_loss_weight=100.0, inner=1, lr=0.01, model='GCN', no_cuda=False, prune_thr=0.8, seed=706, selection_method='cluster_degree', target_class=0, target_loss_weight=1, test_model='GAT', thrd=0.5, train_lr=0.01, trigger_size=3, trojan_epochs=400, use_vs_number=True, vs_number=240, vs_ratio=0, weight_decay=0.0005)
target class rate on Vs: 1.0000
accuracy on clean test nodes: 0.6460
Overall ASR: 1.0000
Flip ASR: 1.0000/16875 nodes
Namespace(cuda=True, dataset='ogbn-arxiv', debug=True, defense_mode='none', device_id=2, dis_weight=0.0, dropout=0.5, epochs=200, evaluate_mode='1by1', hidden=32, homo_boost_thrd=0.8, homo_loss_weight=100.0, inner=1, lr=0.01, model='GCN', no_cuda=False, prune_thr=0.8, seed=778, selection_method='cluster_degree', target_class=0, target_loss_weight=1, test_model='GAT', thrd=0.5, train_lr=0.01, trigger_size=3, trojan_epochs=400, use_vs_number=True, vs_number=240, vs_ratio=0, weight_decay=0.0005)
target class rate on Vs: 1.0000
accuracy on clean test nodes: 0.6459
Overall ASR: 1.0000
Flip ASR: 1.0000/16875 nodes
Namespace(cuda=True, dataset='ogbn-arxiv', debug=True, defense_mode='none', device_id=2, dis_weight=0.0, dropout=0.5, epochs=200, evaluate_mode='1by1', hidden=32, homo_boost_thrd=0.8, homo_loss_weight=100.0, inner=1, lr=0.01, model='GCN', no_cuda=False, prune_thr=0.8, seed=604, selection_method='cluster_degree', target_class=0, target_loss_weight=1, test_model='GAT', thrd=0.5, train_lr=0.01, trigger_size=3, trojan_epochs=400, use_vs_number=True, vs_number=240, vs_ratio=0, weight_decay=0.0005)
target class rate on Vs: 1.0000
accuracy on clean test nodes: 0.6473
Overall ASR: 1.0000
Flip ASR: 1.0000/16875 nodes
Namespace(cuda=True, dataset='ogbn-arxiv', debug=True, defense_mode='none', device_id=2, dis_weight=0.0, dropout=0.5, epochs=200, evaluate_mode='1by1', hidden=32, homo_boost_thrd=0.8, homo_loss_weight=100.0, inner=1, lr=0.01, model='GCN', no_cuda=False, prune_thr=0.8, seed=133, selection_method='cluster_degree', target_class=0, target_loss_weight=1, test_model='GAT', thrd=0.5, train_lr=0.01, trigger_size=3, trojan_epochs=400, use_vs_number=True, vs_number=240, vs_ratio=0, weight_decay=0.0005)
target class rate on Vs: 1.0000
accuracy on clean test nodes: 0.6458
Overall ASR: 1.0000
Flip ASR: 1.0000/16875 nodes
Overall ASR: 1.0000 (GAT model, Seed: 133)
Overall Clean Accuracy: 0.6461
Namespace(cuda=True, dataset='ogbn-arxiv', debug=True, defense_mode='none', device_id=2, dis_weight=0.0, dropout=0.5, epochs=200, evaluate_mode='1by1', hidden=32, homo_boost_thrd=0.8, homo_loss_weight=100.0, inner=1, lr=0.01, model='GCN', no_cuda=False, prune_thr=0.8, seed=673, selection_method='cluster_degree', target_class=0, target_loss_weight=1, test_model='GraphSage', thrd=0.5, train_lr=0.01, trigger_size=3, trojan_epochs=400, use_vs_number=True, vs_number=240, vs_ratio=0, weight_decay=0.0005)
target class rate on Vs: 0.9917
accuracy on clean test nodes: 0.6333
Overall ASR: 0.9540
Flip ASR: 0.9538/16875 nodes
Namespace(cuda=True, dataset='ogbn-arxiv', debug=True, defense_mode='none', device_id=2, dis_weight=0.0, dropout=0.5, epochs=200, evaluate_mode='1by1', hidden=32, homo_boost_thrd=0.8, homo_loss_weight=100.0, inner=1, lr=0.01, model='GCN', no_cuda=False, prune_thr=0.8, seed=904, selection_method='cluster_degree', target_class=0, target_loss_weight=1, test_model='GraphSage', thrd=0.5, train_lr=0.01, trigger_size=3, trojan_epochs=400, use_vs_number=True, vs_number=240, vs_ratio=0, weight_decay=0.0005)
target class rate on Vs: 0.9917
accuracy on clean test nodes: 0.6335
Overall ASR: 0.9575
Flip ASR: 0.9574/16875 nodes
Namespace(cuda=True, dataset='ogbn-arxiv', debug=True, defense_mode='none', device_id=2, dis_weight=0.0, dropout=0.5, epochs=200, evaluate_mode='1by1', hidden=32, homo_boost_thrd=0.8, homo_loss_weight=100.0, inner=1, lr=0.01, model='GCN', no_cuda=False, prune_thr=0.8, seed=56, selection_method='cluster_degree', target_class=0, target_loss_weight=1, test_model='GraphSage', thrd=0.5, train_lr=0.01, trigger_size=3, trojan_epochs=400, use_vs_number=True, vs_number=240, vs_ratio=0, weight_decay=0.0005)
target class rate on Vs: 0.9917
accuracy on clean test nodes: 0.6371
Overall ASR: 0.9552
Flip ASR: 0.9550/16875 nodes
Namespace(cuda=True, dataset='ogbn-arxiv', debug=True, defense_mode='none', device_id=2, dis_weight=0.0, dropout=0.5, epochs=200, evaluate_mode='1by1', hidden=32, homo_boost_thrd=0.8, homo_loss_weight=100.0, inner=1, lr=0.01, model='GCN', no_cuda=False, prune_thr=0.8, seed=1, selection_method='cluster_degree', target_class=0, target_loss_weight=1, test_model='GraphSage', thrd=0.5, train_lr=0.01, trigger_size=3, trojan_epochs=400, use_vs_number=True, vs_number=240, vs_ratio=0, weight_decay=0.0005)
target class rate on Vs: 0.9792
accuracy on clean test nodes: 0.6410
Overall ASR: 0.9519
Flip ASR: 0.9517/16875 nodes
Namespace(cuda=True, dataset='ogbn-arxiv', debug=True, defense_mode='none', device_id=2, dis_weight=0.0, dropout=0.5, epochs=200, evaluate_mode='1by1', hidden=32, homo_boost_thrd=0.8, homo_loss_weight=100.0, inner=1, lr=0.01, model='GCN', no_cuda=False, prune_thr=0.8, seed=694, selection_method='cluster_degree', target_class=0, target_loss_weight=1, test_model='GraphSage', thrd=0.5, train_lr=0.01, trigger_size=3, trojan_epochs=400, use_vs_number=True, vs_number=240, vs_ratio=0, weight_decay=0.0005)
target class rate on Vs: 0.9875
accuracy on clean test nodes: 0.6309
Overall ASR: 0.9414
Flip ASR: 0.9412/16875 nodes
Overall ASR: 0.9520 (GraphSage model, Seed: 694)
Overall Clean Accuracy: 0.6352
Total Overall ASR: 0.9819 
Total Clean Accuracy: 0.6400
