nohup: ignoring input
run_adaptive.py:8: DeprecationWarning: the imp module is deprecated in favour of importlib; see the module's documentation for alternative uses
  import imp
Namespace(cuda=True, dataset='ogbn-arxiv', debug=True, defense_mode='prune', device_id=3, dis_weight=0.0, dropout=0.5, epochs=200, evaluate_mode='1by1', hidden=32, homo_boost_thrd=0.8, homo_loss_weight=100.0, inner=1, lr=0.01, model='GCN', no_cuda=False, prune_thr=0.8, seed=10, selection_method='cluster_degree', target_class=0, target_loss_weight=1, test_model='GCN', thrd=0.5, train_lr=0.01, trigger_size=3, trojan_epochs=800, use_vs_number=True, vs_number=160, vs_ratio=0, weight_decay=0.0005)
#Attach Nodes:160
./selected_nodes/ogbn-arxiv/Overall/seed10/nodes.txt
idx_attach: tensor([132437, 159342, 115859,  11103, 127522,  67544,  82569, 161886,  62976,
         13773,  68963, 144203,  19681,    750, 156733,  86828,  18909,  82685,
         81700, 164714, 103734,  65352,  47692,  14294, 153213,  78523,   1385,
         50714, 156839, 144199,  88403,  58221,  56228,  88511,  12909, 156645,
         93340, 136107,  80139,    622,   1438,   7666, 133129, 127534, 106596,
        102712,   4269,  55140, 125068, 152827, 135150,  23527,   3609,   6462,
        121168, 152542,   6165, 126338,  90948,  77520,  47397, 106658,  68636,
        109074,  69509, 138501,  13873,  20117,  83448,   3102, 143264,  91042,
         54237,  58770, 165138, 126351,  55671,  99141,  13704, 136218,  16458,
         43368, 146276,  31105, 112018,  77110, 104399,  46245, 147007,   5821,
         19313,  91731,  20583, 142204,  80573,   7668,  83587, 128743, 143180,
         91852,  75911,  65787, 153365, 126297,  39114, 104240,  77327,   4583,
           512,  48952,  28134,  38432,  10832,  61628, 127678, 138417, 147495,
         98345,  93057,  33697, 138811, 124659, 133488,  71285,  47676,   1298,
        167767,  47649, 124811,  39955,  70652, 138116,  94425, 163083,  21820,
        133451,  73518, 132097,  23608,  13837, 125639,  40347, 163907,   5087,
          6422, 119164, 165901,   5059,  83768,  27180, 100388,  35462, 116799,
          3703,   5670,  48904,  68159, 113552, 160597,  96989],
       device='cuda:3')
tensor([     1,      2,      3,  ..., 169334, 169336, 169338], device='cuda:3')
Epoch 0, loss_inner: 3.74859, loss_target: 3.62642, homo loss: 0.80480 
acc_train_clean: 0.0089, ASR_train_attach: 0.0000, ASR_train_outter: 0.0000
Epoch 10, loss_inner: 3.01926, loss_target: 3.11450, homo loss: 0.00578 
acc_train_clean: 0.2632, ASR_train_attach: 0.0000, ASR_train_outter: 0.0000
Epoch 20, loss_inner: 2.76866, loss_target: 2.81559, homo loss: 0.00118 
acc_train_clean: 0.2847, ASR_train_attach: 0.0000, ASR_train_outter: 0.0000
Epoch 30, loss_inner: 2.47592, loss_target: 2.48527, homo loss: 0.00079 
acc_train_clean: 0.3698, ASR_train_attach: 0.0000, ASR_train_outter: 0.0000
Epoch 40, loss_inner: 2.17845, loss_target: 2.14965, homo loss: 0.00070 
acc_train_clean: 0.4432, ASR_train_attach: 0.0250, ASR_train_outter: 0.0804
Epoch 50, loss_inner: 1.92609, loss_target: 1.88981, homo loss: 0.00061 
acc_train_clean: 0.5057, ASR_train_attach: 0.7438, ASR_train_outter: 0.7798
Epoch 60, loss_inner: 1.73477, loss_target: 1.70494, homo loss: 0.00052 
acc_train_clean: 0.5379, ASR_train_attach: 0.8875, ASR_train_outter: 0.8676
Epoch 70, loss_inner: 1.60552, loss_target: 1.58056, homo loss: 0.00043 
acc_train_clean: 0.5649, ASR_train_attach: 0.9500, ASR_train_outter: 0.9211
Epoch 80, loss_inner: 1.51370, loss_target: 1.49160, homo loss: 0.00036 
acc_train_clean: 0.5869, ASR_train_attach: 0.9563, ASR_train_outter: 0.9390
Epoch 90, loss_inner: 1.44114, loss_target: 1.41996, homo loss: 0.00038 
acc_train_clean: 0.6016, ASR_train_attach: 0.9750, ASR_train_outter: 0.9613
Epoch 100, loss_inner: 1.38044, loss_target: 1.36065, homo loss: 0.00023 
acc_train_clean: 0.6147, ASR_train_attach: 0.9875, ASR_train_outter: 0.9613
Epoch 110, loss_inner: 1.33575, loss_target: 1.31726, homo loss: 0.00012 
acc_train_clean: 0.6214, ASR_train_attach: 0.9813, ASR_train_outter: 0.9643
Epoch 120, loss_inner: 1.30146, loss_target: 1.28301, homo loss: 0.00008 
acc_train_clean: 0.6285, ASR_train_attach: 0.9938, ASR_train_outter: 0.9792
Epoch 130, loss_inner: 1.27102, loss_target: 1.25361, homo loss: 0.00005 
acc_train_clean: 0.6351, ASR_train_attach: 0.9938, ASR_train_outter: 0.9836
Epoch 140, loss_inner: 1.24750, loss_target: 1.23079, homo loss: 0.00010 
acc_train_clean: 0.6408, ASR_train_attach: 1.0000, ASR_train_outter: 0.9821
Epoch 150, loss_inner: 1.23072, loss_target: 1.21462, homo loss: 0.00005 
acc_train_clean: 0.6443, ASR_train_attach: 0.9938, ASR_train_outter: 0.9851
Epoch 160, loss_inner: 1.21892, loss_target: 1.20328, homo loss: 0.00002 
acc_train_clean: 0.6465, ASR_train_attach: 1.0000, ASR_train_outter: 0.9866
Epoch 170, loss_inner: 1.21023, loss_target: 1.19477, homo loss: 0.00003 
acc_train_clean: 0.6482, ASR_train_attach: 1.0000, ASR_train_outter: 0.9866
Epoch 180, loss_inner: 1.20284, loss_target: 1.18754, homo loss: 0.00002 
acc_train_clean: 0.6496, ASR_train_attach: 1.0000, ASR_train_outter: 0.9896
Epoch 190, loss_inner: 1.19656, loss_target: 1.18153, homo loss: 0.00003 
acc_train_clean: 0.6510, ASR_train_attach: 1.0000, ASR_train_outter: 0.9881
Epoch 200, loss_inner: 1.19074, loss_target: 1.17569, homo loss: 0.00001 
acc_train_clean: 0.6520, ASR_train_attach: 1.0000, ASR_train_outter: 0.9896
Epoch 210, loss_inner: 1.18529, loss_target: 1.17031, homo loss: 0.00001 
acc_train_clean: 0.6540, ASR_train_attach: 1.0000, ASR_train_outter: 0.9881
Epoch 220, loss_inner: 1.17876, loss_target: 1.16347, homo loss: 0.00001 
acc_train_clean: 0.6557, ASR_train_attach: 1.0000, ASR_train_outter: 0.9911
Epoch 230, loss_inner: 1.17019, loss_target: 1.15536, homo loss: 0.00002 
acc_train_clean: 0.6579, ASR_train_attach: 1.0000, ASR_train_outter: 0.9911
Epoch 240, loss_inner: 1.16383, loss_target: 1.14869, homo loss: 0.00001 
acc_train_clean: 0.6589, ASR_train_attach: 1.0000, ASR_train_outter: 0.9911
Epoch 250, loss_inner: 1.15808, loss_target: 1.14357, homo loss: 0.00002 
acc_train_clean: 0.6608, ASR_train_attach: 1.0000, ASR_train_outter: 0.9881
Epoch 260, loss_inner: 1.15400, loss_target: 1.13963, homo loss: 0.00008 
acc_train_clean: 0.6623, ASR_train_attach: 1.0000, ASR_train_outter: 0.9926
Epoch 270, loss_inner: 1.15057, loss_target: 1.13656, homo loss: 0.00008 
acc_train_clean: 0.6634, ASR_train_attach: 1.0000, ASR_train_outter: 0.9911
Epoch 280, loss_inner: 1.14746, loss_target: 1.13318, homo loss: 0.00002 
acc_train_clean: 0.6642, ASR_train_attach: 1.0000, ASR_train_outter: 0.9926
Epoch 290, loss_inner: 1.14640, loss_target: 1.13204, homo loss: 0.00000 
acc_train_clean: 0.6646, ASR_train_attach: 1.0000, ASR_train_outter: 0.9940
Epoch 300, loss_inner: 1.14276, loss_target: 1.12806, homo loss: 0.00000 
acc_train_clean: 0.6652, ASR_train_attach: 1.0000, ASR_train_outter: 0.9940
Epoch 310, loss_inner: 1.13917, loss_target: 1.12471, homo loss: 0.00000 
acc_train_clean: 0.6664, ASR_train_attach: 1.0000, ASR_train_outter: 0.9940
Epoch 320, loss_inner: 1.13510, loss_target: 1.12052, homo loss: 0.00001 
acc_train_clean: 0.6671, ASR_train_attach: 1.0000, ASR_train_outter: 0.9940
Epoch 330, loss_inner: 1.13109, loss_target: 1.11695, homo loss: 0.00002 
acc_train_clean: 0.6692, ASR_train_attach: 1.0000, ASR_train_outter: 0.9926
Epoch 340, loss_inner: 1.12808, loss_target: 1.11419, homo loss: 0.00000 
acc_train_clean: 0.6695, ASR_train_attach: 1.0000, ASR_train_outter: 0.9940
Epoch 350, loss_inner: 1.12576, loss_target: 1.11187, homo loss: 0.00002 
acc_train_clean: 0.6709, ASR_train_attach: 1.0000, ASR_train_outter: 0.9940
Epoch 360, loss_inner: 1.12392, loss_target: 1.11015, homo loss: 0.00006 
acc_train_clean: 0.6713, ASR_train_attach: 1.0000, ASR_train_outter: 0.9926
Epoch 370, loss_inner: 1.12247, loss_target: 1.10855, homo loss: 0.00001 
acc_train_clean: 0.6713, ASR_train_attach: 1.0000, ASR_train_outter: 0.9911
Epoch 380, loss_inner: 1.12110, loss_target: 1.10726, homo loss: 0.00000 
acc_train_clean: 0.6720, ASR_train_attach: 1.0000, ASR_train_outter: 0.9940
Epoch 390, loss_inner: 1.11959, loss_target: 1.10577, homo loss: 0.00001 
acc_train_clean: 0.6725, ASR_train_attach: 1.0000, ASR_train_outter: 0.9940
Epoch 400, loss_inner: 1.11874, loss_target: 1.10487, homo loss: 0.00002 
acc_train_clean: 0.6715, ASR_train_attach: 1.0000, ASR_train_outter: 0.9940
Epoch 410, loss_inner: 1.11730, loss_target: 1.10342, homo loss: 0.00002 
acc_train_clean: 0.6730, ASR_train_attach: 1.0000, ASR_train_outter: 0.9940
Epoch 420, loss_inner: 1.11615, loss_target: 1.10243, homo loss: 0.00002 
acc_train_clean: 0.6733, ASR_train_attach: 1.0000, ASR_train_outter: 0.9940
Epoch 430, loss_inner: 1.11538, loss_target: 1.10134, homo loss: 0.00004 
acc_train_clean: 0.6722, ASR_train_attach: 1.0000, ASR_train_outter: 0.9940
Epoch 440, loss_inner: 1.11421, loss_target: 1.10064, homo loss: 0.00001 
acc_train_clean: 0.6734, ASR_train_attach: 1.0000, ASR_train_outter: 0.9926
Epoch 450, loss_inner: 1.11334, loss_target: 1.10044, homo loss: 0.00007 
acc_train_clean: 0.6735, ASR_train_attach: 1.0000, ASR_train_outter: 0.9866
Epoch 460, loss_inner: 1.11299, loss_target: 1.09893, homo loss: 0.00003 
acc_train_clean: 0.6732, ASR_train_attach: 1.0000, ASR_train_outter: 0.9955
Epoch 470, loss_inner: 1.11159, loss_target: 1.09757, homo loss: 0.00001 
acc_train_clean: 0.6739, ASR_train_attach: 1.0000, ASR_train_outter: 0.9955
Epoch 480, loss_inner: 1.11078, loss_target: 1.09678, homo loss: 0.00000 
acc_train_clean: 0.6736, ASR_train_attach: 1.0000, ASR_train_outter: 0.9940
Epoch 490, loss_inner: 1.10998, loss_target: 1.09589, homo loss: 0.00001 
acc_train_clean: 0.6743, ASR_train_attach: 1.0000, ASR_train_outter: 0.9940
Epoch 500, loss_inner: 1.10931, loss_target: 1.09512, homo loss: 0.00000 
acc_train_clean: 0.6744, ASR_train_attach: 1.0000, ASR_train_outter: 0.9955
Epoch 510, loss_inner: 1.10901, loss_target: 1.09496, homo loss: 0.00000 
acc_train_clean: 0.6745, ASR_train_attach: 1.0000, ASR_train_outter: 0.9940
Epoch 520, loss_inner: 1.10788, loss_target: 1.09396, homo loss: 0.00001 
acc_train_clean: 0.6747, ASR_train_attach: 1.0000, ASR_train_outter: 0.9940
Epoch 530, loss_inner: 1.10734, loss_target: 1.09345, homo loss: 0.00002 
acc_train_clean: 0.6746, ASR_train_attach: 1.0000, ASR_train_outter: 0.9940
Epoch 540, loss_inner: 1.10676, loss_target: 1.09415, homo loss: 0.00039 
acc_train_clean: 0.6748, ASR_train_attach: 1.0000, ASR_train_outter: 0.9940
Epoch 550, loss_inner: 1.10615, loss_target: 1.09311, homo loss: 0.00027 
acc_train_clean: 0.6752, ASR_train_attach: 1.0000, ASR_train_outter: 0.9955
Epoch 560, loss_inner: 1.10654, loss_target: 1.09437, homo loss: 0.00009 
acc_train_clean: 0.6753, ASR_train_attach: 1.0000, ASR_train_outter: 0.9940
Epoch 570, loss_inner: 1.10548, loss_target: 1.09147, homo loss: 0.00000 
acc_train_clean: 0.6739, ASR_train_attach: 1.0000, ASR_train_outter: 0.9955
Epoch 580, loss_inner: 1.10453, loss_target: 1.09054, homo loss: 0.00001 
acc_train_clean: 0.6756, ASR_train_attach: 1.0000, ASR_train_outter: 0.9940
Epoch 590, loss_inner: 1.10381, loss_target: 1.08986, homo loss: 0.00000 
acc_train_clean: 0.6759, ASR_train_attach: 1.0000, ASR_train_outter: 0.9955
Epoch 600, loss_inner: 1.10335, loss_target: 1.08912, homo loss: 0.00000 
acc_train_clean: 0.6760, ASR_train_attach: 1.0000, ASR_train_outter: 0.9955
Epoch 610, loss_inner: 1.10281, loss_target: 1.08865, homo loss: 0.00000 
acc_train_clean: 0.6765, ASR_train_attach: 1.0000, ASR_train_outter: 0.9955
Epoch 620, loss_inner: 1.10268, loss_target: 1.08885, homo loss: 0.00001 
acc_train_clean: 0.6755, ASR_train_attach: 1.0000, ASR_train_outter: 0.9940
Epoch 630, loss_inner: 1.10188, loss_target: 1.08780, homo loss: 0.00001 
acc_train_clean: 0.6764, ASR_train_attach: 1.0000, ASR_train_outter: 0.9955
Epoch 640, loss_inner: 1.10141, loss_target: 1.08766, homo loss: 0.00001 
acc_train_clean: 0.6766, ASR_train_attach: 1.0000, ASR_train_outter: 0.9940
Epoch 650, loss_inner: 1.10094, loss_target: 1.08803, homo loss: 0.00047 
acc_train_clean: 0.6768, ASR_train_attach: 1.0000, ASR_train_outter: 0.9955
Epoch 660, loss_inner: 1.10050, loss_target: 1.08741, homo loss: 0.00011 
acc_train_clean: 0.6772, ASR_train_attach: 1.0000, ASR_train_outter: 0.9955
Epoch 670, loss_inner: 1.10006, loss_target: 1.08592, homo loss: 0.00001 
acc_train_clean: 0.6773, ASR_train_attach: 1.0000, ASR_train_outter: 0.9940
Epoch 680, loss_inner: 1.10003, loss_target: 1.08637, homo loss: 0.00000 
acc_train_clean: 0.6756, ASR_train_attach: 1.0000, ASR_train_outter: 0.9940
Epoch 690, loss_inner: 1.09906, loss_target: 1.08506, homo loss: 0.00000 
acc_train_clean: 0.6776, ASR_train_attach: 1.0000, ASR_train_outter: 0.9955
Epoch 700, loss_inner: 1.09898, loss_target: 1.08475, homo loss: 0.00000 
acc_train_clean: 0.6766, ASR_train_attach: 1.0000, ASR_train_outter: 0.9955
Epoch 710, loss_inner: 1.09842, loss_target: 1.08460, homo loss: 0.00000 
acc_train_clean: 0.6773, ASR_train_attach: 1.0000, ASR_train_outter: 0.9955
Epoch 720, loss_inner: 1.09787, loss_target: 1.08384, homo loss: 0.00000 
acc_train_clean: 0.6772, ASR_train_attach: 1.0000, ASR_train_outter: 0.9955
Epoch 730, loss_inner: 1.09757, loss_target: 1.08360, homo loss: 0.00001 
acc_train_clean: 0.6776, ASR_train_attach: 1.0000, ASR_train_outter: 0.9955
Epoch 740, loss_inner: 1.09717, loss_target: 1.08571, homo loss: 0.00030 
acc_train_clean: 0.6773, ASR_train_attach: 1.0000, ASR_train_outter: 0.9896
Epoch 750, loss_inner: 1.09864, loss_target: 1.08407, homo loss: 0.00004 
acc_train_clean: 0.6750, ASR_train_attach: 1.0000, ASR_train_outter: 0.9955
Epoch 760, loss_inner: 1.09661, loss_target: 1.08548, homo loss: 0.00024 
acc_train_clean: 0.6777, ASR_train_attach: 1.0000, ASR_train_outter: 0.9926
Epoch 770, loss_inner: 1.09603, loss_target: 1.08228, homo loss: 0.00002 
acc_train_clean: 0.6777, ASR_train_attach: 1.0000, ASR_train_outter: 0.9955
Epoch 780, loss_inner: 1.09562, loss_target: 1.08145, homo loss: 0.00000 
acc_train_clean: 0.6782, ASR_train_attach: 1.0000, ASR_train_outter: 0.9955
Epoch 790, loss_inner: 1.09532, loss_target: 1.08062, homo loss: 0.00000 
acc_train_clean: 0.6777, ASR_train_attach: 1.0000, ASR_train_outter: 0.9955
load best weight based on the loss outter
precent of left attach nodes: 1.000
Namespace(cuda=True, dataset='ogbn-arxiv', debug=True, defense_mode='prune', device_id=3, dis_weight=0.0, dropout=0.5, epochs=200, evaluate_mode='1by1', hidden=32, homo_boost_thrd=0.8, homo_loss_weight=100.0, inner=1, lr=0.01, model='GCN', no_cuda=False, prune_thr=0.8, seed=265, selection_method='cluster_degree', target_class=0, target_loss_weight=1, test_model='GCN', thrd=0.5, train_lr=0.01, trigger_size=3, trojan_epochs=800, use_vs_number=True, vs_number=160, vs_ratio=0, weight_decay=0.0005)
target class rate on Vs: 0.9938
accuracy on clean test nodes: 0.6239
Overall ASR: 0.9436
Flip ASR: 0.9434/16875 nodes
Namespace(cuda=True, dataset='ogbn-arxiv', debug=True, defense_mode='prune', device_id=3, dis_weight=0.0, dropout=0.5, epochs=200, evaluate_mode='1by1', hidden=32, homo_boost_thrd=0.8, homo_loss_weight=100.0, inner=1, lr=0.01, model='GCN', no_cuda=False, prune_thr=0.8, seed=125, selection_method='cluster_degree', target_class=0, target_loss_weight=1, test_model='GCN', thrd=0.5, train_lr=0.01, trigger_size=3, trojan_epochs=800, use_vs_number=True, vs_number=160, vs_ratio=0, weight_decay=0.0005)
target class rate on Vs: 0.9938
accuracy on clean test nodes: 0.6237
Overall ASR: 0.9363
Flip ASR: 0.9361/16875 nodes
Namespace(cuda=True, dataset='ogbn-arxiv', debug=True, defense_mode='prune', device_id=3, dis_weight=0.0, dropout=0.5, epochs=200, evaluate_mode='1by1', hidden=32, homo_boost_thrd=0.8, homo_loss_weight=100.0, inner=1, lr=0.01, model='GCN', no_cuda=False, prune_thr=0.8, seed=996, selection_method='cluster_degree', target_class=0, target_loss_weight=1, test_model='GCN', thrd=0.5, train_lr=0.01, trigger_size=3, trojan_epochs=800, use_vs_number=True, vs_number=160, vs_ratio=0, weight_decay=0.0005)
target class rate on Vs: 0.9938
accuracy on clean test nodes: 0.6277
Overall ASR: 0.9433
Flip ASR: 0.9431/16875 nodes
Namespace(cuda=True, dataset='ogbn-arxiv', debug=True, defense_mode='prune', device_id=3, dis_weight=0.0, dropout=0.5, epochs=200, evaluate_mode='1by1', hidden=32, homo_boost_thrd=0.8, homo_loss_weight=100.0, inner=1, lr=0.01, model='GCN', no_cuda=False, prune_thr=0.8, seed=527, selection_method='cluster_degree', target_class=0, target_loss_weight=1, test_model='GCN', thrd=0.5, train_lr=0.01, trigger_size=3, trojan_epochs=800, use_vs_number=True, vs_number=160, vs_ratio=0, weight_decay=0.0005)
target class rate on Vs: 0.9938
accuracy on clean test nodes: 0.6261
Overall ASR: 0.9432
Flip ASR: 0.9430/16875 nodes
Namespace(cuda=True, dataset='ogbn-arxiv', debug=True, defense_mode='prune', device_id=3, dis_weight=0.0, dropout=0.5, epochs=200, evaluate_mode='1by1', hidden=32, homo_boost_thrd=0.8, homo_loss_weight=100.0, inner=1, lr=0.01, model='GCN', no_cuda=False, prune_thr=0.8, seed=320, selection_method='cluster_degree', target_class=0, target_loss_weight=1, test_model='GCN', thrd=0.5, train_lr=0.01, trigger_size=3, trojan_epochs=800, use_vs_number=True, vs_number=160, vs_ratio=0, weight_decay=0.0005)
target class rate on Vs: 0.9938
accuracy on clean test nodes: 0.6098
Overall ASR: 0.9360
Flip ASR: 0.9358/16875 nodes
Overall ASR: 0.9405 (GCN model, Seed: 320)
Overall Clean Accuracy: 0.6223
Namespace(cuda=True, dataset='ogbn-arxiv', debug=True, defense_mode='prune', device_id=3, dis_weight=0.0, dropout=0.5, epochs=200, evaluate_mode='1by1', hidden=32, homo_boost_thrd=0.8, homo_loss_weight=100.0, inner=1, lr=0.01, model='GCN', no_cuda=False, prune_thr=0.8, seed=781, selection_method='cluster_degree', target_class=0, target_loss_weight=1, test_model='GAT', thrd=0.5, train_lr=0.01, trigger_size=3, trojan_epochs=800, use_vs_number=True, vs_number=160, vs_ratio=0, weight_decay=0.0005)
/home/project-graph-backdoor/Backdoor/models/GAT.py:61: UserWarning: To copy construct from a tensor, it is recommended to use sourceTensor.clone().detach() or sourceTensor.clone().detach().requires_grad_(True), rather than torch.tensor(sourceTensor).
  self.labels = torch.tensor(labels, dtype=torch.long)
target class rate on Vs: 0.9938
accuracy on clean test nodes: 0.6306
Overall ASR: 0.9547
Flip ASR: 0.9545/16875 nodes
Namespace(cuda=True, dataset='ogbn-arxiv', debug=True, defense_mode='prune', device_id=3, dis_weight=0.0, dropout=0.5, epochs=200, evaluate_mode='1by1', hidden=32, homo_boost_thrd=0.8, homo_loss_weight=100.0, inner=1, lr=0.01, model='GCN', no_cuda=False, prune_thr=0.8, seed=706, selection_method='cluster_degree', target_class=0, target_loss_weight=1, test_model='GAT', thrd=0.5, train_lr=0.01, trigger_size=3, trojan_epochs=800, use_vs_number=True, vs_number=160, vs_ratio=0, weight_decay=0.0005)
target class rate on Vs: 0.9938
accuracy on clean test nodes: 0.6289
Overall ASR: 0.9547
Flip ASR: 0.9545/16875 nodes
Namespace(cuda=True, dataset='ogbn-arxiv', debug=True, defense_mode='prune', device_id=3, dis_weight=0.0, dropout=0.5, epochs=200, evaluate_mode='1by1', hidden=32, homo_boost_thrd=0.8, homo_loss_weight=100.0, inner=1, lr=0.01, model='GCN', no_cuda=False, prune_thr=0.8, seed=778, selection_method='cluster_degree', target_class=0, target_loss_weight=1, test_model='GAT', thrd=0.5, train_lr=0.01, trigger_size=3, trojan_epochs=800, use_vs_number=True, vs_number=160, vs_ratio=0, weight_decay=0.0005)
target class rate on Vs: 0.9938
accuracy on clean test nodes: 0.6284
Overall ASR: 0.9547
Flip ASR: 0.9545/16875 nodes
Namespace(cuda=True, dataset='ogbn-arxiv', debug=True, defense_mode='prune', device_id=3, dis_weight=0.0, dropout=0.5, epochs=200, evaluate_mode='1by1', hidden=32, homo_boost_thrd=0.8, homo_loss_weight=100.0, inner=1, lr=0.01, model='GCN', no_cuda=False, prune_thr=0.8, seed=604, selection_method='cluster_degree', target_class=0, target_loss_weight=1, test_model='GAT', thrd=0.5, train_lr=0.01, trigger_size=3, trojan_epochs=800, use_vs_number=True, vs_number=160, vs_ratio=0, weight_decay=0.0005)
target class rate on Vs: 0.9938
accuracy on clean test nodes: 0.6290
Overall ASR: 0.9547
Flip ASR: 0.9545/16875 nodes
Namespace(cuda=True, dataset='ogbn-arxiv', debug=True, defense_mode='prune', device_id=3, dis_weight=0.0, dropout=0.5, epochs=200, evaluate_mode='1by1', hidden=32, homo_boost_thrd=0.8, homo_loss_weight=100.0, inner=1, lr=0.01, model='GCN', no_cuda=False, prune_thr=0.8, seed=133, selection_method='cluster_degree', target_class=0, target_loss_weight=1, test_model='GAT', thrd=0.5, train_lr=0.01, trigger_size=3, trojan_epochs=800, use_vs_number=True, vs_number=160, vs_ratio=0, weight_decay=0.0005)
target class rate on Vs: 0.9938
accuracy on clean test nodes: 0.6264
Overall ASR: 0.9547
Flip ASR: 0.9545/16875 nodes
Overall ASR: 0.9547 (GAT model, Seed: 133)
Overall Clean Accuracy: 0.6287
Namespace(cuda=True, dataset='ogbn-arxiv', debug=True, defense_mode='prune', device_id=3, dis_weight=0.0, dropout=0.5, epochs=200, evaluate_mode='1by1', hidden=32, homo_boost_thrd=0.8, homo_loss_weight=100.0, inner=1, lr=0.01, model='GCN', no_cuda=False, prune_thr=0.8, seed=673, selection_method='cluster_degree', target_class=0, target_loss_weight=1, test_model='GraphSage', thrd=0.5, train_lr=0.01, trigger_size=3, trojan_epochs=800, use_vs_number=True, vs_number=160, vs_ratio=0, weight_decay=0.0005)
target class rate on Vs: 0.9812
accuracy on clean test nodes: 0.6266
Overall ASR: 0.8868
Flip ASR: 0.8865/16875 nodes
Namespace(cuda=True, dataset='ogbn-arxiv', debug=True, defense_mode='prune', device_id=3, dis_weight=0.0, dropout=0.5, epochs=200, evaluate_mode='1by1', hidden=32, homo_boost_thrd=0.8, homo_loss_weight=100.0, inner=1, lr=0.01, model='GCN', no_cuda=False, prune_thr=0.8, seed=904, selection_method='cluster_degree', target_class=0, target_loss_weight=1, test_model='GraphSage', thrd=0.5, train_lr=0.01, trigger_size=3, trojan_epochs=800, use_vs_number=True, vs_number=160, vs_ratio=0, weight_decay=0.0005)
target class rate on Vs: 0.9875
accuracy on clean test nodes: 0.6284
Overall ASR: 0.8993
Flip ASR: 0.8990/16875 nodes
Namespace(cuda=True, dataset='ogbn-arxiv', debug=True, defense_mode='prune', device_id=3, dis_weight=0.0, dropout=0.5, epochs=200, evaluate_mode='1by1', hidden=32, homo_boost_thrd=0.8, homo_loss_weight=100.0, inner=1, lr=0.01, model='GCN', no_cuda=False, prune_thr=0.8, seed=56, selection_method='cluster_degree', target_class=0, target_loss_weight=1, test_model='GraphSage', thrd=0.5, train_lr=0.01, trigger_size=3, trojan_epochs=800, use_vs_number=True, vs_number=160, vs_ratio=0, weight_decay=0.0005)
target class rate on Vs: 0.9812
accuracy on clean test nodes: 0.6244
Overall ASR: 0.9023
Flip ASR: 0.9020/16875 nodes
Namespace(cuda=True, dataset='ogbn-arxiv', debug=True, defense_mode='prune', device_id=3, dis_weight=0.0, dropout=0.5, epochs=200, evaluate_mode='1by1', hidden=32, homo_boost_thrd=0.8, homo_loss_weight=100.0, inner=1, lr=0.01, model='GCN', no_cuda=False, prune_thr=0.8, seed=1, selection_method='cluster_degree', target_class=0, target_loss_weight=1, test_model='GraphSage', thrd=0.5, train_lr=0.01, trigger_size=3, trojan_epochs=800, use_vs_number=True, vs_number=160, vs_ratio=0, weight_decay=0.0005)
target class rate on Vs: 0.9812
accuracy on clean test nodes: 0.6322
Overall ASR: 0.8990
Flip ASR: 0.8987/16875 nodes
Namespace(cuda=True, dataset='ogbn-arxiv', debug=True, defense_mode='prune', device_id=3, dis_weight=0.0, dropout=0.5, epochs=200, evaluate_mode='1by1', hidden=32, homo_boost_thrd=0.8, homo_loss_weight=100.0, inner=1, lr=0.01, model='GCN', no_cuda=False, prune_thr=0.8, seed=694, selection_method='cluster_degree', target_class=0, target_loss_weight=1, test_model='GraphSage', thrd=0.5, train_lr=0.01, trigger_size=3, trojan_epochs=800, use_vs_number=True, vs_number=160, vs_ratio=0, weight_decay=0.0005)
target class rate on Vs: 0.9750
accuracy on clean test nodes: 0.6208
Overall ASR: 0.8971
Flip ASR: 0.8968/16875 nodes
Overall ASR: 0.8969 (GraphSage model, Seed: 694)
Overall Clean Accuracy: 0.6265
Total Overall ASR: 0.9307 
Total Clean Accuracy: 0.6258
