nohup: ignoring input
run_adaptive.py:8: DeprecationWarning: the imp module is deprecated in favour of importlib; see the module's documentation for alternative uses
  import imp
Namespace(cuda=True, dataset='ogbn-arxiv', debug=True, defense_mode='prune', device_id=3, dis_weight=0.0, dropout=0.5, epochs=800, evaluate_mode='1by1', hidden=32, homo_boost_thrd=0.8, homo_loss_weight=200.0, inner=1, lr=0.01, model='GCN', no_cuda=False, prune_thr=0.8, seed=10, selection_method='cluster_degree', target_class=0, target_loss_weight=1, test_model='GCN', thrd=0.5, train_lr=0.01, trigger_size=3, trojan_epochs=800, use_vs_number=True, vs_number=160, vs_ratio=0, weight_decay=0.0005)
#Attach Nodes:160
./selected_nodes/ogbn-arxiv/Overall/seed10/nodes.txt
idx_attach: tensor([132437, 159342, 115859,  11103, 127522,  67544,  82569, 161886,  62976,
         13773,  68963, 144203,  19681,    750, 156733,  86828,  18909,  82685,
         81700, 164714, 103734,  65352,  47692,  14294, 153213,  78523,   1385,
         50714, 156839, 144199,  88403,  58221,  56228,  88511,  12909, 156645,
         93340, 136107,  80139,    622,   1438,   7666, 133129, 127534, 106596,
        102712,   4269,  55140, 125068, 152827, 135150,  23527,   3609,   6462,
        121168, 152542,   6165, 126338,  90948,  77520,  47397, 106658,  68636,
        109074,  69509, 138501,  13873,  20117,  83448,   3102, 143264,  91042,
         54237,  58770, 165138, 126351,  55671,  99141,  13704, 136218,  16458,
         43368, 146276,  31105, 112018,  77110, 104399,  46245, 147007,   5821,
         19313,  91731,  20583, 142204,  80573,   7668,  83587, 128743, 143180,
         91852,  75911,  65787, 153365, 126297,  39114, 104240,  77327,   4583,
           512,  48952,  28134,  38432,  10832,  61628, 127678, 138417, 147495,
         98345,  93057,  33697, 138811, 124659, 133488,  71285,  47676,   1298,
        167767,  47649, 124811,  39955,  70652, 138116,  94425, 163083,  21820,
        133451,  73518, 132097,  23608,  13837, 125639,  40347, 163907,   5087,
          6422, 119164, 165901,   5059,  83768,  27180, 100388,  35462, 116799,
          3703,   5670,  48904,  68159, 113552, 160597,  96989],
       device='cuda:3')
tensor([     1,      2,      3,  ..., 169334, 169336, 169338], device='cuda:3')
Epoch 0, loss_inner: 3.74859, loss_target: 3.63096, homo loss: 0.80589 
acc_train_clean: 0.0089, ASR_train_attach: 0.0000, ASR_train_outter: 0.0000
Epoch 10, loss_inner: 3.01915, loss_target: 3.22561, homo loss: 0.00592 
acc_train_clean: 0.2630, ASR_train_attach: 0.0000, ASR_train_outter: 0.0000
Epoch 20, loss_inner: 2.76900, loss_target: 2.88897, homo loss: 0.00113 
acc_train_clean: 0.2845, ASR_train_attach: 0.0000, ASR_train_outter: 0.0000
Epoch 30, loss_inner: 2.47851, loss_target: 2.53816, homo loss: 0.00099 
acc_train_clean: 0.3705, ASR_train_attach: 0.0000, ASR_train_outter: 0.0000
Epoch 40, loss_inner: 2.18342, loss_target: 2.16941, homo loss: 0.00099 
acc_train_clean: 0.4437, ASR_train_attach: 0.0000, ASR_train_outter: 0.0008
Epoch 50, loss_inner: 1.92890, loss_target: 1.88164, homo loss: 0.00085 
acc_train_clean: 0.5059, ASR_train_attach: 0.6250, ASR_train_outter: 0.7145
Epoch 60, loss_inner: 1.73621, loss_target: 1.69182, homo loss: 0.00070 
acc_train_clean: 0.5386, ASR_train_attach: 0.8813, ASR_train_outter: 0.8471
Epoch 70, loss_inner: 1.60619, loss_target: 1.56715, homo loss: 0.00061 
acc_train_clean: 0.5650, ASR_train_attach: 0.9000, ASR_train_outter: 0.8877
Epoch 80, loss_inner: 1.51447, loss_target: 1.47921, homo loss: 0.00055 
acc_train_clean: 0.5869, ASR_train_attach: 0.9313, ASR_train_outter: 0.9122
Epoch 90, loss_inner: 1.44582, loss_target: 1.41367, homo loss: 0.00051 
acc_train_clean: 0.6005, ASR_train_attach: 0.9375, ASR_train_outter: 0.9223
Epoch 100, loss_inner: 1.38778, loss_target: 1.35448, homo loss: 0.00060 
acc_train_clean: 0.6133, ASR_train_attach: 0.9750, ASR_train_outter: 0.9578
Epoch 110, loss_inner: 1.34104, loss_target: 1.30875, homo loss: 0.00046 
acc_train_clean: 0.6206, ASR_train_attach: 0.9938, ASR_train_outter: 0.9645
Epoch 120, loss_inner: 1.30421, loss_target: 1.27146, homo loss: 0.00032 
acc_train_clean: 0.6272, ASR_train_attach: 0.9938, ASR_train_outter: 0.9764
Epoch 130, loss_inner: 1.27243, loss_target: 1.24051, homo loss: 0.00025 
acc_train_clean: 0.6342, ASR_train_attach: 0.9938, ASR_train_outter: 0.9755
Epoch 140, loss_inner: 1.24813, loss_target: 1.21795, homo loss: 0.00017 
acc_train_clean: 0.6413, ASR_train_attach: 0.9938, ASR_train_outter: 0.9730
Epoch 150, loss_inner: 1.23155, loss_target: 1.20134, homo loss: 0.00015 
acc_train_clean: 0.6440, ASR_train_attach: 1.0000, ASR_train_outter: 0.9806
Epoch 160, loss_inner: 1.21985, loss_target: 1.18952, homo loss: 0.00010 
acc_train_clean: 0.6465, ASR_train_attach: 1.0000, ASR_train_outter: 0.9848
Epoch 170, loss_inner: 1.21083, loss_target: 1.18051, homo loss: 0.00007 
acc_train_clean: 0.6483, ASR_train_attach: 1.0000, ASR_train_outter: 0.9890
Epoch 180, loss_inner: 1.20326, loss_target: 1.17343, homo loss: 0.00008 
acc_train_clean: 0.6493, ASR_train_attach: 1.0000, ASR_train_outter: 0.9865
Epoch 190, loss_inner: 1.19666, loss_target: 1.16687, homo loss: 0.00006 
acc_train_clean: 0.6513, ASR_train_attach: 1.0000, ASR_train_outter: 0.9899
Epoch 200, loss_inner: 1.19087, loss_target: 1.16117, homo loss: 0.00003 
acc_train_clean: 0.6527, ASR_train_attach: 1.0000, ASR_train_outter: 0.9899
Epoch 210, loss_inner: 1.18544, loss_target: 1.15588, homo loss: 0.00002 
acc_train_clean: 0.6540, ASR_train_attach: 1.0000, ASR_train_outter: 0.9899
Epoch 220, loss_inner: 1.17994, loss_target: 1.15008, homo loss: 0.00001 
acc_train_clean: 0.6555, ASR_train_attach: 1.0000, ASR_train_outter: 0.9899
Epoch 230, loss_inner: 1.17294, loss_target: 1.14337, homo loss: 0.00001 
acc_train_clean: 0.6580, ASR_train_attach: 1.0000, ASR_train_outter: 0.9899
Epoch 240, loss_inner: 1.16544, loss_target: 1.13576, homo loss: 0.00001 
acc_train_clean: 0.6598, ASR_train_attach: 1.0000, ASR_train_outter: 0.9907
Epoch 250, loss_inner: 1.15903, loss_target: 1.12959, homo loss: 0.00002 
acc_train_clean: 0.6615, ASR_train_attach: 1.0000, ASR_train_outter: 0.9907
Epoch 260, loss_inner: 1.15401, loss_target: 1.12500, homo loss: 0.00007 
acc_train_clean: 0.6624, ASR_train_attach: 1.0000, ASR_train_outter: 0.9899
Epoch 270, loss_inner: 1.15015, loss_target: 1.12129, homo loss: 0.00003 
acc_train_clean: 0.6636, ASR_train_attach: 1.0000, ASR_train_outter: 0.9907
Epoch 280, loss_inner: 1.14694, loss_target: 1.11805, homo loss: 0.00003 
acc_train_clean: 0.6645, ASR_train_attach: 1.0000, ASR_train_outter: 0.9907
Epoch 290, loss_inner: 1.14414, loss_target: 1.11514, homo loss: 0.00000 
acc_train_clean: 0.6653, ASR_train_attach: 1.0000, ASR_train_outter: 0.9907
Epoch 300, loss_inner: 1.14171, loss_target: 1.11303, homo loss: 0.00003 
acc_train_clean: 0.6663, ASR_train_attach: 1.0000, ASR_train_outter: 0.9907
Epoch 310, loss_inner: 1.13889, loss_target: 1.11009, homo loss: 0.00001 
acc_train_clean: 0.6664, ASR_train_attach: 1.0000, ASR_train_outter: 0.9907
Epoch 320, loss_inner: 1.13514, loss_target: 1.10598, homo loss: 0.00000 
acc_train_clean: 0.6679, ASR_train_attach: 1.0000, ASR_train_outter: 0.9932
Epoch 330, loss_inner: 1.13126, loss_target: 1.10222, homo loss: 0.00001 
acc_train_clean: 0.6688, ASR_train_attach: 1.0000, ASR_train_outter: 0.9932
Epoch 340, loss_inner: 1.12900, loss_target: 1.09962, homo loss: 0.00001 
acc_train_clean: 0.6688, ASR_train_attach: 1.0000, ASR_train_outter: 0.9924
Epoch 350, loss_inner: 1.12644, loss_target: 1.09824, homo loss: 0.00006 
acc_train_clean: 0.6703, ASR_train_attach: 1.0000, ASR_train_outter: 0.9890
Epoch 360, loss_inner: 1.12449, loss_target: 1.09590, homo loss: 0.00002 
acc_train_clean: 0.6713, ASR_train_attach: 1.0000, ASR_train_outter: 0.9932
Epoch 370, loss_inner: 1.12282, loss_target: 1.09481, homo loss: 0.00006 
acc_train_clean: 0.6717, ASR_train_attach: 1.0000, ASR_train_outter: 0.9924
Epoch 380, loss_inner: 1.12127, loss_target: 1.09355, homo loss: 0.00002 
acc_train_clean: 0.6721, ASR_train_attach: 1.0000, ASR_train_outter: 0.9907
Epoch 390, loss_inner: 1.11991, loss_target: 1.09116, homo loss: 0.00000 
acc_train_clean: 0.6725, ASR_train_attach: 1.0000, ASR_train_outter: 0.9941
Epoch 400, loss_inner: 1.11971, loss_target: 1.09058, homo loss: 0.00000 
acc_train_clean: 0.6715, ASR_train_attach: 1.0000, ASR_train_outter: 0.9949
Epoch 410, loss_inner: 1.11755, loss_target: 1.08834, homo loss: 0.00000 
acc_train_clean: 0.6733, ASR_train_attach: 1.0000, ASR_train_outter: 0.9958
Epoch 420, loss_inner: 1.11665, loss_target: 1.08741, homo loss: 0.00000 
acc_train_clean: 0.6734, ASR_train_attach: 1.0000, ASR_train_outter: 0.9958
Epoch 430, loss_inner: 1.11556, loss_target: 1.08663, homo loss: 0.00002 
acc_train_clean: 0.6731, ASR_train_attach: 1.0000, ASR_train_outter: 0.9958
Epoch 440, loss_inner: 1.11464, loss_target: 1.08531, homo loss: 0.00000 
acc_train_clean: 0.6737, ASR_train_attach: 1.0000, ASR_train_outter: 0.9958
Epoch 450, loss_inner: 1.11369, loss_target: 1.08487, homo loss: 0.00002 
acc_train_clean: 0.6737, ASR_train_attach: 1.0000, ASR_train_outter: 0.9958
Epoch 460, loss_inner: 1.11302, loss_target: 1.08428, homo loss: 0.00002 
acc_train_clean: 0.6738, ASR_train_attach: 1.0000, ASR_train_outter: 0.9941
Epoch 470, loss_inner: 1.12177, loss_target: 1.10064, homo loss: 0.00062 
acc_train_clean: 0.6715, ASR_train_attach: 0.9625, ASR_train_outter: 0.9552
Epoch 480, loss_inner: 1.11419, loss_target: 1.09696, homo loss: 0.00065 
acc_train_clean: 0.6734, ASR_train_attach: 1.0000, ASR_train_outter: 0.9907
Epoch 490, loss_inner: 1.11150, loss_target: 1.08689, homo loss: 0.00060 
acc_train_clean: 0.6742, ASR_train_attach: 1.0000, ASR_train_outter: 0.9958
Epoch 500, loss_inner: 1.11032, loss_target: 1.08701, homo loss: 0.00054 
acc_train_clean: 0.6745, ASR_train_attach: 1.0000, ASR_train_outter: 0.9958
Epoch 510, loss_inner: 1.10944, loss_target: 1.08380, homo loss: 0.00048 
acc_train_clean: 0.6743, ASR_train_attach: 1.0000, ASR_train_outter: 0.9966
Epoch 520, loss_inner: 1.10871, loss_target: 1.08236, homo loss: 0.00039 
acc_train_clean: 0.6748, ASR_train_attach: 1.0000, ASR_train_outter: 0.9966
Epoch 530, loss_inner: 1.10806, loss_target: 1.08011, homo loss: 0.00026 
acc_train_clean: 0.6752, ASR_train_attach: 1.0000, ASR_train_outter: 0.9966
Epoch 540, loss_inner: 1.10742, loss_target: 1.07847, homo loss: 0.00005 
acc_train_clean: 0.6753, ASR_train_attach: 1.0000, ASR_train_outter: 0.9966
Epoch 550, loss_inner: 1.10691, loss_target: 1.07784, homo loss: 0.00001 
acc_train_clean: 0.6750, ASR_train_attach: 1.0000, ASR_train_outter: 0.9958
Epoch 560, loss_inner: 1.10634, loss_target: 1.07729, homo loss: 0.00001 
acc_train_clean: 0.6752, ASR_train_attach: 1.0000, ASR_train_outter: 0.9966
Epoch 570, loss_inner: 1.10577, loss_target: 1.07631, homo loss: 0.00001 
acc_train_clean: 0.6754, ASR_train_attach: 1.0000, ASR_train_outter: 0.9966
Epoch 580, loss_inner: 1.10523, loss_target: 1.07620, homo loss: 0.00000 
acc_train_clean: 0.6756, ASR_train_attach: 1.0000, ASR_train_outter: 0.9958
Epoch 590, loss_inner: 1.10475, loss_target: 1.07644, homo loss: 0.00002 
acc_train_clean: 0.6758, ASR_train_attach: 1.0000, ASR_train_outter: 0.9966
Epoch 600, loss_inner: 1.10422, loss_target: 1.07516, homo loss: 0.00001 
acc_train_clean: 0.6763, ASR_train_attach: 1.0000, ASR_train_outter: 0.9966
Epoch 610, loss_inner: 1.10394, loss_target: 1.08010, homo loss: 0.00031 
acc_train_clean: 0.6759, ASR_train_attach: 1.0000, ASR_train_outter: 0.9966
Epoch 620, loss_inner: 1.10329, loss_target: 1.07519, homo loss: 0.00009 
acc_train_clean: 0.6762, ASR_train_attach: 1.0000, ASR_train_outter: 0.9966
Epoch 630, loss_inner: 1.10322, loss_target: 1.08007, homo loss: 0.00047 
acc_train_clean: 0.6762, ASR_train_attach: 1.0000, ASR_train_outter: 0.9958
Epoch 640, loss_inner: 1.10266, loss_target: 1.07796, homo loss: 0.00021 
acc_train_clean: 0.6763, ASR_train_attach: 1.0000, ASR_train_outter: 0.9966
Epoch 650, loss_inner: 1.10195, loss_target: 1.07379, homo loss: 0.00003 
acc_train_clean: 0.6768, ASR_train_attach: 1.0000, ASR_train_outter: 0.9966
Epoch 660, loss_inner: 1.10168, loss_target: 1.07404, homo loss: 0.00005 
acc_train_clean: 0.6764, ASR_train_attach: 1.0000, ASR_train_outter: 0.9966
Epoch 670, loss_inner: 1.10147, loss_target: 1.07162, homo loss: 0.00001 
acc_train_clean: 0.6764, ASR_train_attach: 1.0000, ASR_train_outter: 0.9966
Epoch 680, loss_inner: 1.10054, loss_target: 1.07156, homo loss: 0.00001 
acc_train_clean: 0.6772, ASR_train_attach: 1.0000, ASR_train_outter: 0.9958
Epoch 690, loss_inner: 1.10016, loss_target: 1.07040, homo loss: 0.00001 
acc_train_clean: 0.6763, ASR_train_attach: 1.0000, ASR_train_outter: 0.9975
Epoch 700, loss_inner: 1.09999, loss_target: 1.07865, homo loss: 0.00018 
acc_train_clean: 0.6770, ASR_train_attach: 1.0000, ASR_train_outter: 0.9966
Epoch 710, loss_inner: 1.09928, loss_target: 1.07210, homo loss: 0.00020 
acc_train_clean: 0.6768, ASR_train_attach: 1.0000, ASR_train_outter: 0.9966
Epoch 720, loss_inner: 1.09899, loss_target: 1.07176, homo loss: 0.00008 
acc_train_clean: 0.6767, ASR_train_attach: 1.0000, ASR_train_outter: 0.9975
Epoch 730, loss_inner: 1.09920, loss_target: 1.10364, homo loss: 0.00091 
acc_train_clean: 0.6761, ASR_train_attach: 1.0000, ASR_train_outter: 0.9958
Epoch 740, loss_inner: 1.09861, loss_target: 1.08601, homo loss: 0.00045 
acc_train_clean: 0.6771, ASR_train_attach: 1.0000, ASR_train_outter: 0.9966
Epoch 750, loss_inner: 1.09789, loss_target: 1.07410, homo loss: 0.00032 
acc_train_clean: 0.6772, ASR_train_attach: 1.0000, ASR_train_outter: 0.9992
Epoch 760, loss_inner: 1.09734, loss_target: 1.06935, homo loss: 0.00013 
acc_train_clean: 0.6773, ASR_train_attach: 1.0000, ASR_train_outter: 0.9975
Epoch 770, loss_inner: 1.10428, loss_target: 1.08332, homo loss: 0.00010 
acc_train_clean: 0.6763, ASR_train_attach: 1.0000, ASR_train_outter: 0.9966
Epoch 780, loss_inner: 1.32945, loss_target: 2.50663, homo loss: 0.01543 
acc_train_clean: 0.6297, ASR_train_attach: 0.9000, ASR_train_outter: 0.9992
Epoch 790, loss_inner: 1.19874, loss_target: 1.98437, homo loss: 0.00417 
acc_train_clean: 0.6587, ASR_train_attach: 1.0000, ASR_train_outter: 0.4907
load best weight based on the loss outter
precent of left attach nodes: 1.000
Namespace(cuda=True, dataset='ogbn-arxiv', debug=True, defense_mode='prune', device_id=3, dis_weight=0.0, dropout=0.5, epochs=800, evaluate_mode='1by1', hidden=32, homo_boost_thrd=0.8, homo_loss_weight=200.0, inner=1, lr=0.01, model='GCN', no_cuda=False, prune_thr=0.8, seed=265, selection_method='cluster_degree', target_class=0, target_loss_weight=1, test_model='GCN', thrd=0.5, train_lr=0.01, trigger_size=3, trojan_epochs=800, use_vs_number=True, vs_number=160, vs_ratio=0, weight_decay=0.0005)
target class rate on Vs: 0.9938
accuracy on clean test nodes: 0.6347
Overall ASR: 0.9627
Flip ASR: 0.9625/16875 nodes
Namespace(cuda=True, dataset='ogbn-arxiv', debug=True, defense_mode='prune', device_id=3, dis_weight=0.0, dropout=0.5, epochs=800, evaluate_mode='1by1', hidden=32, homo_boost_thrd=0.8, homo_loss_weight=200.0, inner=1, lr=0.01, model='GCN', no_cuda=False, prune_thr=0.8, seed=125, selection_method='cluster_degree', target_class=0, target_loss_weight=1, test_model='GCN', thrd=0.5, train_lr=0.01, trigger_size=3, trojan_epochs=800, use_vs_number=True, vs_number=160, vs_ratio=0, weight_decay=0.0005)
target class rate on Vs: 0.9938
accuracy on clean test nodes: 0.6351
Overall ASR: 0.9637
Flip ASR: 0.9636/16875 nodes
Namespace(cuda=True, dataset='ogbn-arxiv', debug=True, defense_mode='prune', device_id=3, dis_weight=0.0, dropout=0.5, epochs=800, evaluate_mode='1by1', hidden=32, homo_boost_thrd=0.8, homo_loss_weight=200.0, inner=1, lr=0.01, model='GCN', no_cuda=False, prune_thr=0.8, seed=996, selection_method='cluster_degree', target_class=0, target_loss_weight=1, test_model='GCN', thrd=0.5, train_lr=0.01, trigger_size=3, trojan_epochs=800, use_vs_number=True, vs_number=160, vs_ratio=0, weight_decay=0.0005)
target class rate on Vs: 0.9938
accuracy on clean test nodes: 0.6426
Overall ASR: 0.9635
Flip ASR: 0.9634/16875 nodes
Namespace(cuda=True, dataset='ogbn-arxiv', debug=True, defense_mode='prune', device_id=3, dis_weight=0.0, dropout=0.5, epochs=800, evaluate_mode='1by1', hidden=32, homo_boost_thrd=0.8, homo_loss_weight=200.0, inner=1, lr=0.01, model='GCN', no_cuda=False, prune_thr=0.8, seed=527, selection_method='cluster_degree', target_class=0, target_loss_weight=1, test_model='GCN', thrd=0.5, train_lr=0.01, trigger_size=3, trojan_epochs=800, use_vs_number=True, vs_number=160, vs_ratio=0, weight_decay=0.0005)
target class rate on Vs: 0.9938
accuracy on clean test nodes: 0.6388
Overall ASR: 0.9606
Flip ASR: 0.9605/16875 nodes
Namespace(cuda=True, dataset='ogbn-arxiv', debug=True, defense_mode='prune', device_id=3, dis_weight=0.0, dropout=0.5, epochs=800, evaluate_mode='1by1', hidden=32, homo_boost_thrd=0.8, homo_loss_weight=200.0, inner=1, lr=0.01, model='GCN', no_cuda=False, prune_thr=0.8, seed=320, selection_method='cluster_degree', target_class=0, target_loss_weight=1, test_model='GCN', thrd=0.5, train_lr=0.01, trigger_size=3, trojan_epochs=800, use_vs_number=True, vs_number=160, vs_ratio=0, weight_decay=0.0005)
target class rate on Vs: 0.9938
accuracy on clean test nodes: 0.6298
Overall ASR: 0.9632
Flip ASR: 0.9630/16875 nodes
Overall ASR: 0.9627 (GCN model, Seed: 320)
Overall Clean Accuracy: 0.6362
Namespace(cuda=True, dataset='ogbn-arxiv', debug=True, defense_mode='prune', device_id=3, dis_weight=0.0, dropout=0.5, epochs=800, evaluate_mode='1by1', hidden=32, homo_boost_thrd=0.8, homo_loss_weight=200.0, inner=1, lr=0.01, model='GCN', no_cuda=False, prune_thr=0.8, seed=781, selection_method='cluster_degree', target_class=0, target_loss_weight=1, test_model='GAT', thrd=0.5, train_lr=0.01, trigger_size=3, trojan_epochs=800, use_vs_number=True, vs_number=160, vs_ratio=0, weight_decay=0.0005)
/home/project-graph-backdoor/Backdoor/models/GAT.py:61: UserWarning: To copy construct from a tensor, it is recommended to use sourceTensor.clone().detach() or sourceTensor.clone().detach().requires_grad_(True), rather than torch.tensor(sourceTensor).
  self.labels = torch.tensor(labels, dtype=torch.long)
target class rate on Vs: 0.9938
accuracy on clean test nodes: 0.6316
Overall ASR: 0.9652
Flip ASR: 0.9651/16875 nodes
Namespace(cuda=True, dataset='ogbn-arxiv', debug=True, defense_mode='prune', device_id=3, dis_weight=0.0, dropout=0.5, epochs=800, evaluate_mode='1by1', hidden=32, homo_boost_thrd=0.8, homo_loss_weight=200.0, inner=1, lr=0.01, model='GCN', no_cuda=False, prune_thr=0.8, seed=706, selection_method='cluster_degree', target_class=0, target_loss_weight=1, test_model='GAT', thrd=0.5, train_lr=0.01, trigger_size=3, trojan_epochs=800, use_vs_number=True, vs_number=160, vs_ratio=0, weight_decay=0.0005)
target class rate on Vs: 0.9938
accuracy on clean test nodes: 0.6305
Overall ASR: 0.9652
Flip ASR: 0.9651/16875 nodes
Namespace(cuda=True, dataset='ogbn-arxiv', debug=True, defense_mode='prune', device_id=3, dis_weight=0.0, dropout=0.5, epochs=800, evaluate_mode='1by1', hidden=32, homo_boost_thrd=0.8, homo_loss_weight=200.0, inner=1, lr=0.01, model='GCN', no_cuda=False, prune_thr=0.8, seed=778, selection_method='cluster_degree', target_class=0, target_loss_weight=1, test_model='GAT', thrd=0.5, train_lr=0.01, trigger_size=3, trojan_epochs=800, use_vs_number=True, vs_number=160, vs_ratio=0, weight_decay=0.0005)
target class rate on Vs: 0.9938
accuracy on clean test nodes: 0.6305
Overall ASR: 0.9652
Flip ASR: 0.9651/16875 nodes
Namespace(cuda=True, dataset='ogbn-arxiv', debug=True, defense_mode='prune', device_id=3, dis_weight=0.0, dropout=0.5, epochs=800, evaluate_mode='1by1', hidden=32, homo_boost_thrd=0.8, homo_loss_weight=200.0, inner=1, lr=0.01, model='GCN', no_cuda=False, prune_thr=0.8, seed=604, selection_method='cluster_degree', target_class=0, target_loss_weight=1, test_model='GAT', thrd=0.5, train_lr=0.01, trigger_size=3, trojan_epochs=800, use_vs_number=True, vs_number=160, vs_ratio=0, weight_decay=0.0005)
target class rate on Vs: 0.9938
accuracy on clean test nodes: 0.6303
Overall ASR: 0.9652
Flip ASR: 0.9651/16875 nodes
Namespace(cuda=True, dataset='ogbn-arxiv', debug=True, defense_mode='prune', device_id=3, dis_weight=0.0, dropout=0.5, epochs=800, evaluate_mode='1by1', hidden=32, homo_boost_thrd=0.8, homo_loss_weight=200.0, inner=1, lr=0.01, model='GCN', no_cuda=False, prune_thr=0.8, seed=133, selection_method='cluster_degree', target_class=0, target_loss_weight=1, test_model='GAT', thrd=0.5, train_lr=0.01, trigger_size=3, trojan_epochs=800, use_vs_number=True, vs_number=160, vs_ratio=0, weight_decay=0.0005)
target class rate on Vs: 0.9938
accuracy on clean test nodes: 0.6300
Overall ASR: 0.9653
Flip ASR: 0.9652/16875 nodes
Overall ASR: 0.9652 (GAT model, Seed: 133)
Overall Clean Accuracy: 0.6306
Namespace(cuda=True, dataset='ogbn-arxiv', debug=True, defense_mode='prune', device_id=3, dis_weight=0.0, dropout=0.5, epochs=800, evaluate_mode='1by1', hidden=32, homo_boost_thrd=0.8, homo_loss_weight=200.0, inner=1, lr=0.01, model='GCN', no_cuda=False, prune_thr=0.8, seed=673, selection_method='cluster_degree', target_class=0, target_loss_weight=1, test_model='GraphSage', thrd=0.5, train_lr=0.01, trigger_size=3, trojan_epochs=800, use_vs_number=True, vs_number=160, vs_ratio=0, weight_decay=0.0005)
target class rate on Vs: 0.9938
accuracy on clean test nodes: 0.6419
Overall ASR: 0.9482
Flip ASR: 0.9481/16875 nodes
Namespace(cuda=True, dataset='ogbn-arxiv', debug=True, defense_mode='prune', device_id=3, dis_weight=0.0, dropout=0.5, epochs=800, evaluate_mode='1by1', hidden=32, homo_boost_thrd=0.8, homo_loss_weight=200.0, inner=1, lr=0.01, model='GCN', no_cuda=False, prune_thr=0.8, seed=904, selection_method='cluster_degree', target_class=0, target_loss_weight=1, test_model='GraphSage', thrd=0.5, train_lr=0.01, trigger_size=3, trojan_epochs=800, use_vs_number=True, vs_number=160, vs_ratio=0, weight_decay=0.0005)
target class rate on Vs: 0.9938
accuracy on clean test nodes: 0.6447
Overall ASR: 0.9423
Flip ASR: 0.9422/16875 nodes
Namespace(cuda=True, dataset='ogbn-arxiv', debug=True, defense_mode='prune', device_id=3, dis_weight=0.0, dropout=0.5, epochs=800, evaluate_mode='1by1', hidden=32, homo_boost_thrd=0.8, homo_loss_weight=200.0, inner=1, lr=0.01, model='GCN', no_cuda=False, prune_thr=0.8, seed=56, selection_method='cluster_degree', target_class=0, target_loss_weight=1, test_model='GraphSage', thrd=0.5, train_lr=0.01, trigger_size=3, trojan_epochs=800, use_vs_number=True, vs_number=160, vs_ratio=0, weight_decay=0.0005)
target class rate on Vs: 0.9938
accuracy on clean test nodes: 0.6471
Overall ASR: 0.9450
Flip ASR: 0.9449/16875 nodes
Namespace(cuda=True, dataset='ogbn-arxiv', debug=True, defense_mode='prune', device_id=3, dis_weight=0.0, dropout=0.5, epochs=800, evaluate_mode='1by1', hidden=32, homo_boost_thrd=0.8, homo_loss_weight=200.0, inner=1, lr=0.01, model='GCN', no_cuda=False, prune_thr=0.8, seed=1, selection_method='cluster_degree', target_class=0, target_loss_weight=1, test_model='GraphSage', thrd=0.5, train_lr=0.01, trigger_size=3, trojan_epochs=800, use_vs_number=True, vs_number=160, vs_ratio=0, weight_decay=0.0005)
target class rate on Vs: 0.9938
accuracy on clean test nodes: 0.6483
Overall ASR: 0.9412
Flip ASR: 0.9411/16875 nodes
Namespace(cuda=True, dataset='ogbn-arxiv', debug=True, defense_mode='prune', device_id=3, dis_weight=0.0, dropout=0.5, epochs=800, evaluate_mode='1by1', hidden=32, homo_boost_thrd=0.8, homo_loss_weight=200.0, inner=1, lr=0.01, model='GCN', no_cuda=False, prune_thr=0.8, seed=694, selection_method='cluster_degree', target_class=0, target_loss_weight=1, test_model='GraphSage', thrd=0.5, train_lr=0.01, trigger_size=3, trojan_epochs=800, use_vs_number=True, vs_number=160, vs_ratio=0, weight_decay=0.0005)
target class rate on Vs: 0.9938
accuracy on clean test nodes: 0.6471
Overall ASR: 0.9472
Flip ASR: 0.9471/16875 nodes
Overall ASR: 0.9448 (GraphSage model, Seed: 694)
Overall Clean Accuracy: 0.6458
Total Overall ASR: 0.9576 
Total Clean Accuracy: 0.6375
