nohup: ignoring input
run_adaptive.py:8: DeprecationWarning: the imp module is deprecated in favour of importlib; see the module's documentation for alternative uses
  import imp
Namespace(cuda=True, dataset='ogbn-arxiv', debug=True, defense_mode='isolate', device_id=1, dis_weight=0.0, dropout=0.5, epochs=800, evaluate_mode='1by1', hidden=32, homo_boost_thrd=0.8, homo_loss_weight=200.0, inner=1, lr=0.01, model='GCN', no_cuda=False, prune_thr=0.8, seed=10, selection_method='cluster_degree', target_class=0, target_loss_weight=1, test_model='GCN', thrd=0.5, train_lr=0.01, trigger_size=5, trojan_epochs=800, use_vs_number=True, vs_number=160, vs_ratio=0, weight_decay=0.0005)
#Attach Nodes:160
./selected_nodes/ogbn-arxiv/Overall/seed10/nodes.txt
idx_attach: tensor([132437, 159342, 115859,  11103, 127522,  67544,  82569, 161886,  62976,
         13773,  68963, 144203,  19681,    750, 156733,  86828,  18909,  82685,
         81700, 164714, 103734,  65352,  47692,  14294, 153213,  78523,   1385,
         50714, 156839, 144199,  88403,  58221,  56228,  88511,  12909, 156645,
         93340, 136107,  80139,    622,   1438,   7666, 133129, 127534, 106596,
        102712,   4269,  55140, 125068, 152827, 135150,  23527,   3609,   6462,
        121168, 152542,   6165, 126338,  90948,  77520,  47397, 106658,  68636,
        109074,  69509, 138501,  13873,  20117,  83448,   3102, 143264,  91042,
         54237,  58770, 165138, 126351,  55671,  99141,  13704, 136218,  16458,
         43368, 146276,  31105, 112018,  77110, 104399,  46245, 147007,   5821,
         19313,  91731,  20583, 142204,  80573,   7668,  83587, 128743, 143180,
         91852,  75911,  65787, 153365, 126297,  39114, 104240,  77327,   4583,
           512,  48952,  28134,  38432,  10832,  61628, 127678, 138417, 147495,
         98345,  93057,  33697, 138811, 124659, 133488,  71285,  47676,   1298,
        167767,  47649, 124811,  39955,  70652, 138116,  94425, 163083,  21820,
        133451,  73518, 132097,  23608,  13837, 125639,  40347, 163907,   5087,
          6422, 119164, 165901,   5059,  83768,  27180, 100388,  35462, 116799,
          3703,   5670,  48904,  68159, 113552, 160597,  96989],
       device='cuda:1')
tensor([     1,      2,      3,  ..., 169334, 169336, 169338], device='cuda:1')
Epoch 0, loss_inner: 3.74860, loss_target: 3.62659, homo loss: 0.60521 
acc_train_clean: 0.0089, ASR_train_attach: 0.0000, ASR_train_outter: 0.0000
Epoch 10, loss_inner: 3.01179, loss_target: 3.06506, homo loss: 0.00585 
acc_train_clean: 0.2622, ASR_train_attach: 0.0000, ASR_train_outter: 0.0000
Epoch 20, loss_inner: 2.76095, loss_target: 2.78788, homo loss: 0.00105 
acc_train_clean: 0.2821, ASR_train_attach: 0.0000, ASR_train_outter: 0.0000
Epoch 30, loss_inner: 2.47232, loss_target: 2.47995, homo loss: 0.00050 
acc_train_clean: 0.3738, ASR_train_attach: 0.0000, ASR_train_outter: 0.0000
Epoch 40, loss_inner: 2.18128, loss_target: 2.17251, homo loss: 0.00034 
acc_train_clean: 0.4441, ASR_train_attach: 0.0000, ASR_train_outter: 0.0000
Epoch 50, loss_inner: 1.92961, loss_target: 1.89675, homo loss: 0.00027 
acc_train_clean: 0.5056, ASR_train_attach: 0.4500, ASR_train_outter: 0.6682
Epoch 60, loss_inner: 1.72983, loss_target: 1.69994, homo loss: 0.00023 
acc_train_clean: 0.5420, ASR_train_attach: 0.8438, ASR_train_outter: 0.8497
Epoch 70, loss_inner: 1.58945, loss_target: 1.56219, homo loss: 0.00049 
acc_train_clean: 0.5738, ASR_train_attach: 0.9750, ASR_train_outter: 0.9420
Epoch 80, loss_inner: 1.48778, loss_target: 1.46379, homo loss: 0.00038 
acc_train_clean: 0.5970, ASR_train_attach: 0.9875, ASR_train_outter: 0.9598
Epoch 90, loss_inner: 1.41380, loss_target: 1.39369, homo loss: 0.00029 
acc_train_clean: 0.6101, ASR_train_attach: 0.9750, ASR_train_outter: 0.9509
Epoch 100, loss_inner: 1.36262, loss_target: 1.34461, homo loss: 0.00025 
acc_train_clean: 0.6185, ASR_train_attach: 0.9938, ASR_train_outter: 0.9613
Epoch 110, loss_inner: 1.32693, loss_target: 1.30934, homo loss: 0.00021 
acc_train_clean: 0.6250, ASR_train_attach: 0.9938, ASR_train_outter: 0.9747
Epoch 120, loss_inner: 1.29704, loss_target: 1.27962, homo loss: 0.00017 
acc_train_clean: 0.6302, ASR_train_attach: 0.9938, ASR_train_outter: 0.9762
Epoch 130, loss_inner: 1.26989, loss_target: 1.25284, homo loss: 0.00013 
acc_train_clean: 0.6366, ASR_train_attach: 0.9938, ASR_train_outter: 0.9807
Epoch 140, loss_inner: 1.24831, loss_target: 1.23199, homo loss: 0.00009 
acc_train_clean: 0.6414, ASR_train_attach: 1.0000, ASR_train_outter: 0.9777
Epoch 150, loss_inner: 1.23230, loss_target: 1.21670, homo loss: 0.00007 
acc_train_clean: 0.6444, ASR_train_attach: 0.9938, ASR_train_outter: 0.9762
Epoch 160, loss_inner: 1.22058, loss_target: 1.20507, homo loss: 0.00003 
acc_train_clean: 0.6464, ASR_train_attach: 1.0000, ASR_train_outter: 0.9866
Epoch 170, loss_inner: 1.21152, loss_target: 1.19607, homo loss: 0.00009 
acc_train_clean: 0.6479, ASR_train_attach: 1.0000, ASR_train_outter: 0.9866
Epoch 180, loss_inner: 1.20411, loss_target: 1.18920, homo loss: 0.00004 
acc_train_clean: 0.6503, ASR_train_attach: 1.0000, ASR_train_outter: 0.9866
Epoch 190, loss_inner: 1.19764, loss_target: 1.18243, homo loss: 0.00002 
acc_train_clean: 0.6513, ASR_train_attach: 1.0000, ASR_train_outter: 0.9896
Epoch 200, loss_inner: 1.19218, loss_target: 1.17703, homo loss: 0.00004 
acc_train_clean: 0.6529, ASR_train_attach: 1.0000, ASR_train_outter: 0.9896
Epoch 210, loss_inner: 1.18629, loss_target: 1.17120, homo loss: 0.00003 
acc_train_clean: 0.6547, ASR_train_attach: 1.0000, ASR_train_outter: 0.9911
Epoch 220, loss_inner: 1.17873, loss_target: 1.16352, homo loss: 0.00002 
acc_train_clean: 0.6562, ASR_train_attach: 1.0000, ASR_train_outter: 0.9926
Epoch 230, loss_inner: 1.16988, loss_target: 1.15482, homo loss: 0.00001 
acc_train_clean: 0.6591, ASR_train_attach: 1.0000, ASR_train_outter: 0.9911
Epoch 240, loss_inner: 1.16288, loss_target: 1.14819, homo loss: 0.00002 
acc_train_clean: 0.6599, ASR_train_attach: 1.0000, ASR_train_outter: 0.9911
Epoch 250, loss_inner: 1.15788, loss_target: 1.14313, homo loss: 0.00002 
acc_train_clean: 0.6615, ASR_train_attach: 1.0000, ASR_train_outter: 0.9926
Epoch 260, loss_inner: 1.15394, loss_target: 1.13930, homo loss: 0.00001 
acc_train_clean: 0.6625, ASR_train_attach: 1.0000, ASR_train_outter: 0.9940
Epoch 270, loss_inner: 1.15051, loss_target: 1.13603, homo loss: 0.00004 
acc_train_clean: 0.6629, ASR_train_attach: 1.0000, ASR_train_outter: 0.9940
Epoch 280, loss_inner: 1.14756, loss_target: 1.13320, homo loss: 0.00002 
acc_train_clean: 0.6637, ASR_train_attach: 1.0000, ASR_train_outter: 0.9940
Epoch 290, loss_inner: 1.14472, loss_target: 1.13074, homo loss: 0.00006 
acc_train_clean: 0.6646, ASR_train_attach: 1.0000, ASR_train_outter: 0.9881
Epoch 300, loss_inner: 1.14221, loss_target: 1.12788, homo loss: 0.00005 
acc_train_clean: 0.6659, ASR_train_attach: 1.0000, ASR_train_outter: 0.9940
Epoch 310, loss_inner: 1.13900, loss_target: 1.12464, homo loss: 0.00002 
acc_train_clean: 0.6667, ASR_train_attach: 1.0000, ASR_train_outter: 0.9926
Epoch 320, loss_inner: 1.13468, loss_target: 1.12030, homo loss: 0.00005 
acc_train_clean: 0.6679, ASR_train_attach: 1.0000, ASR_train_outter: 0.9940
Epoch 330, loss_inner: 1.13048, loss_target: 1.11650, homo loss: 0.00001 
acc_train_clean: 0.6697, ASR_train_attach: 1.0000, ASR_train_outter: 0.9940
Epoch 340, loss_inner: 1.12776, loss_target: 1.11390, homo loss: 0.00001 
acc_train_clean: 0.6697, ASR_train_attach: 1.0000, ASR_train_outter: 0.9926
Epoch 350, loss_inner: 1.12563, loss_target: 1.11172, homo loss: 0.00001 
acc_train_clean: 0.6703, ASR_train_attach: 1.0000, ASR_train_outter: 0.9940
Epoch 360, loss_inner: 1.12369, loss_target: 1.10956, homo loss: 0.00001 
acc_train_clean: 0.6708, ASR_train_attach: 1.0000, ASR_train_outter: 0.9940
Epoch 370, loss_inner: 1.12205, loss_target: 1.10798, homo loss: 0.00001 
acc_train_clean: 0.6712, ASR_train_attach: 1.0000, ASR_train_outter: 0.9940
Epoch 380, loss_inner: 1.12051, loss_target: 1.10653, homo loss: 0.00003 
acc_train_clean: 0.6717, ASR_train_attach: 1.0000, ASR_train_outter: 0.9940
Epoch 390, loss_inner: 1.11962, loss_target: 1.10592, homo loss: 0.00003 
acc_train_clean: 0.6721, ASR_train_attach: 1.0000, ASR_train_outter: 0.9911
Epoch 400, loss_inner: 1.11801, loss_target: 1.10399, homo loss: 0.00002 
acc_train_clean: 0.6721, ASR_train_attach: 1.0000, ASR_train_outter: 0.9955
Epoch 410, loss_inner: 1.11690, loss_target: 1.10279, homo loss: 0.00000 
acc_train_clean: 0.6728, ASR_train_attach: 1.0000, ASR_train_outter: 0.9955
Epoch 420, loss_inner: 1.11583, loss_target: 1.10204, homo loss: 0.00002 
acc_train_clean: 0.6732, ASR_train_attach: 1.0000, ASR_train_outter: 0.9940
Epoch 430, loss_inner: 1.11644, loss_target: 1.10314, homo loss: 0.00000 
acc_train_clean: 0.6721, ASR_train_attach: 1.0000, ASR_train_outter: 0.9940
Epoch 440, loss_inner: 1.11383, loss_target: 1.10014, homo loss: 0.00001 
acc_train_clean: 0.6735, ASR_train_attach: 1.0000, ASR_train_outter: 0.9955
Epoch 450, loss_inner: 1.11298, loss_target: 1.09916, homo loss: 0.00005 
acc_train_clean: 0.6734, ASR_train_attach: 1.0000, ASR_train_outter: 0.9940
Epoch 460, loss_inner: 1.11227, loss_target: 1.09973, homo loss: 0.00018 
acc_train_clean: 0.6734, ASR_train_attach: 1.0000, ASR_train_outter: 0.9940
Epoch 470, loss_inner: 1.11135, loss_target: 1.09828, homo loss: 0.00007 
acc_train_clean: 0.6742, ASR_train_attach: 1.0000, ASR_train_outter: 0.9955
Epoch 480, loss_inner: 1.11059, loss_target: 1.09693, homo loss: 0.00000 
acc_train_clean: 0.6744, ASR_train_attach: 1.0000, ASR_train_outter: 0.9940
Epoch 490, loss_inner: 1.10984, loss_target: 1.09582, homo loss: 0.00000 
acc_train_clean: 0.6745, ASR_train_attach: 1.0000, ASR_train_outter: 0.9955
Epoch 500, loss_inner: 1.10923, loss_target: 1.09512, homo loss: 0.00000 
acc_train_clean: 0.6747, ASR_train_attach: 1.0000, ASR_train_outter: 0.9955
Epoch 510, loss_inner: 1.10846, loss_target: 1.09443, homo loss: 0.00000 
acc_train_clean: 0.6750, ASR_train_attach: 1.0000, ASR_train_outter: 0.9955
Epoch 520, loss_inner: 1.10780, loss_target: 1.09387, homo loss: 0.00001 
acc_train_clean: 0.6750, ASR_train_attach: 1.0000, ASR_train_outter: 0.9955
Epoch 530, loss_inner: 1.10713, loss_target: 1.09293, homo loss: 0.00001 
acc_train_clean: 0.6755, ASR_train_attach: 1.0000, ASR_train_outter: 0.9955
Epoch 540, loss_inner: 1.10675, loss_target: 1.09322, homo loss: 0.00007 
acc_train_clean: 0.6755, ASR_train_attach: 1.0000, ASR_train_outter: 0.9955
Epoch 550, loss_inner: 1.10612, loss_target: 1.09242, homo loss: 0.00009 
acc_train_clean: 0.6756, ASR_train_attach: 1.0000, ASR_train_outter: 0.9955
Epoch 560, loss_inner: 1.10567, loss_target: 1.09179, homo loss: 0.00004 
acc_train_clean: 0.6752, ASR_train_attach: 1.0000, ASR_train_outter: 0.9955
Epoch 570, loss_inner: 1.10475, loss_target: 1.09102, homo loss: 0.00001 
acc_train_clean: 0.6762, ASR_train_attach: 1.0000, ASR_train_outter: 0.9940
Epoch 580, loss_inner: 1.10424, loss_target: 1.09022, homo loss: 0.00000 
acc_train_clean: 0.6761, ASR_train_attach: 1.0000, ASR_train_outter: 0.9955
Epoch 590, loss_inner: 1.10379, loss_target: 1.08967, homo loss: 0.00001 
acc_train_clean: 0.6764, ASR_train_attach: 1.0000, ASR_train_outter: 0.9955
Epoch 600, loss_inner: 1.10318, loss_target: 1.08900, homo loss: 0.00001 
acc_train_clean: 0.6765, ASR_train_attach: 1.0000, ASR_train_outter: 0.9955
Epoch 610, loss_inner: 1.10271, loss_target: 1.08865, homo loss: 0.00000 
acc_train_clean: 0.6767, ASR_train_attach: 1.0000, ASR_train_outter: 0.9955
Epoch 620, loss_inner: 1.13825, loss_target: 1.14244, homo loss: 0.00202 
acc_train_clean: 0.6663, ASR_train_attach: 1.0000, ASR_train_outter: 0.9940
Epoch 630, loss_inner: 1.14978, loss_target: 1.23748, homo loss: 0.00173 
acc_train_clean: 0.6659, ASR_train_attach: 1.0000, ASR_train_outter: 0.9955
Epoch 640, loss_inner: 1.12327, loss_target: 1.17313, homo loss: 0.00102 
acc_train_clean: 0.6713, ASR_train_attach: 1.0000, ASR_train_outter: 0.9955
Epoch 650, loss_inner: 1.11004, loss_target: 1.13400, homo loss: 0.00085 
acc_train_clean: 0.6745, ASR_train_attach: 1.0000, ASR_train_outter: 0.9955
Epoch 660, loss_inner: 1.10564, loss_target: 1.12430, homo loss: 0.00075 
acc_train_clean: 0.6755, ASR_train_attach: 1.0000, ASR_train_outter: 0.9985
Epoch 670, loss_inner: 1.10374, loss_target: 1.10974, homo loss: 0.00069 
acc_train_clean: 0.6758, ASR_train_attach: 1.0000, ASR_train_outter: 0.9955
Epoch 680, loss_inner: 1.10278, loss_target: 1.10465, homo loss: 0.00065 
acc_train_clean: 0.6765, ASR_train_attach: 1.0000, ASR_train_outter: 0.9955
Epoch 690, loss_inner: 1.10233, loss_target: 1.10175, homo loss: 0.00062 
acc_train_clean: 0.6762, ASR_train_attach: 1.0000, ASR_train_outter: 0.9955
Epoch 700, loss_inner: 1.10178, loss_target: 1.10127, homo loss: 0.00060 
acc_train_clean: 0.6762, ASR_train_attach: 1.0000, ASR_train_outter: 0.9955
Epoch 710, loss_inner: 1.10132, loss_target: 1.10081, homo loss: 0.00058 
acc_train_clean: 0.6760, ASR_train_attach: 1.0000, ASR_train_outter: 0.9926
Epoch 720, loss_inner: 1.10093, loss_target: 1.10075, homo loss: 0.00057 
acc_train_clean: 0.6759, ASR_train_attach: 1.0000, ASR_train_outter: 0.9955
Epoch 730, loss_inner: 1.10053, loss_target: 1.10063, homo loss: 0.00056 
acc_train_clean: 0.6759, ASR_train_attach: 1.0000, ASR_train_outter: 0.9955
Epoch 740, loss_inner: 1.10018, loss_target: 1.10064, homo loss: 0.00056 
acc_train_clean: 0.6759, ASR_train_attach: 1.0000, ASR_train_outter: 0.9955
Epoch 750, loss_inner: 1.09985, loss_target: 1.10067, homo loss: 0.00055 
acc_train_clean: 0.6759, ASR_train_attach: 1.0000, ASR_train_outter: 0.9955
Epoch 760, loss_inner: 1.09957, loss_target: 1.10072, homo loss: 0.00055 
acc_train_clean: 0.6760, ASR_train_attach: 1.0000, ASR_train_outter: 0.9955
Epoch 770, loss_inner: 1.09935, loss_target: 1.10060, homo loss: 0.00054 
acc_train_clean: 0.6762, ASR_train_attach: 1.0000, ASR_train_outter: 0.9955
Epoch 780, loss_inner: 1.09916, loss_target: 1.10067, homo loss: 0.00054 
acc_train_clean: 0.6763, ASR_train_attach: 1.0000, ASR_train_outter: 0.9955
Epoch 790, loss_inner: 1.09892, loss_target: 1.10132, homo loss: 0.00054 
acc_train_clean: 0.6764, ASR_train_attach: 1.0000, ASR_train_outter: 0.9955
load best weight based on the loss outter
precent of left attach nodes: 0.181
Namespace(cuda=True, dataset='ogbn-arxiv', debug=True, defense_mode='isolate', device_id=1, dis_weight=0.0, dropout=0.5, epochs=800, evaluate_mode='1by1', hidden=32, homo_boost_thrd=0.8, homo_loss_weight=200.0, inner=1, lr=0.01, model='GCN', no_cuda=False, prune_thr=0.8, seed=265, selection_method='cluster_degree', target_class=0, target_loss_weight=1, test_model='GCN', thrd=0.5, train_lr=0.01, trigger_size=5, trojan_epochs=800, use_vs_number=True, vs_number=160, vs_ratio=0, weight_decay=0.0005)
target class rate on Vs: 0.9688
accuracy on clean test nodes: 0.6432
Overall ASR: 0.9210
Flip ASR: 0.9208/16875 nodes
Namespace(cuda=True, dataset='ogbn-arxiv', debug=True, defense_mode='isolate', device_id=1, dis_weight=0.0, dropout=0.5, epochs=800, evaluate_mode='1by1', hidden=32, homo_boost_thrd=0.8, homo_loss_weight=200.0, inner=1, lr=0.01, model='GCN', no_cuda=False, prune_thr=0.8, seed=125, selection_method='cluster_degree', target_class=0, target_loss_weight=1, test_model='GCN', thrd=0.5, train_lr=0.01, trigger_size=5, trojan_epochs=800, use_vs_number=True, vs_number=160, vs_ratio=0, weight_decay=0.0005)
target class rate on Vs: 0.9688
accuracy on clean test nodes: 0.6456
Overall ASR: 0.9184
Flip ASR: 0.9182/16875 nodes
Namespace(cuda=True, dataset='ogbn-arxiv', debug=True, defense_mode='isolate', device_id=1, dis_weight=0.0, dropout=0.5, epochs=800, evaluate_mode='1by1', hidden=32, homo_boost_thrd=0.8, homo_loss_weight=200.0, inner=1, lr=0.01, model='GCN', no_cuda=False, prune_thr=0.8, seed=996, selection_method='cluster_degree', target_class=0, target_loss_weight=1, test_model='GCN', thrd=0.5, train_lr=0.01, trigger_size=5, trojan_epochs=800, use_vs_number=True, vs_number=160, vs_ratio=0, weight_decay=0.0005)
target class rate on Vs: 0.9688
accuracy on clean test nodes: 0.6488
Overall ASR: 0.9187
Flip ASR: 0.9185/16875 nodes
Namespace(cuda=True, dataset='ogbn-arxiv', debug=True, defense_mode='isolate', device_id=1, dis_weight=0.0, dropout=0.5, epochs=800, evaluate_mode='1by1', hidden=32, homo_boost_thrd=0.8, homo_loss_weight=200.0, inner=1, lr=0.01, model='GCN', no_cuda=False, prune_thr=0.8, seed=527, selection_method='cluster_degree', target_class=0, target_loss_weight=1, test_model='GCN', thrd=0.5, train_lr=0.01, trigger_size=5, trojan_epochs=800, use_vs_number=True, vs_number=160, vs_ratio=0, weight_decay=0.0005)
target class rate on Vs: 0.9688
accuracy on clean test nodes: 0.6477
Overall ASR: 0.9215
Flip ASR: 0.9213/16875 nodes
Namespace(cuda=True, dataset='ogbn-arxiv', debug=True, defense_mode='isolate', device_id=1, dis_weight=0.0, dropout=0.5, epochs=800, evaluate_mode='1by1', hidden=32, homo_boost_thrd=0.8, homo_loss_weight=200.0, inner=1, lr=0.01, model='GCN', no_cuda=False, prune_thr=0.8, seed=320, selection_method='cluster_degree', target_class=0, target_loss_weight=1, test_model='GCN', thrd=0.5, train_lr=0.01, trigger_size=5, trojan_epochs=800, use_vs_number=True, vs_number=160, vs_ratio=0, weight_decay=0.0005)
target class rate on Vs: 0.9688
accuracy on clean test nodes: 0.6403
Overall ASR: 0.9225
Flip ASR: 0.9223/16875 nodes
Overall ASR: 0.9204 (GCN model, Seed: 320)
Overall Clean Accuracy: 0.6451
Namespace(cuda=True, dataset='ogbn-arxiv', debug=True, defense_mode='isolate', device_id=1, dis_weight=0.0, dropout=0.5, epochs=800, evaluate_mode='1by1', hidden=32, homo_boost_thrd=0.8, homo_loss_weight=200.0, inner=1, lr=0.01, model='GCN', no_cuda=False, prune_thr=0.8, seed=781, selection_method='cluster_degree', target_class=0, target_loss_weight=1, test_model='GAT', thrd=0.5, train_lr=0.01, trigger_size=5, trojan_epochs=800, use_vs_number=True, vs_number=160, vs_ratio=0, weight_decay=0.0005)
/home/project-graph-backdoor/Backdoor/models/GAT.py:61: UserWarning: To copy construct from a tensor, it is recommended to use sourceTensor.clone().detach() or sourceTensor.clone().detach().requires_grad_(True), rather than torch.tensor(sourceTensor).
  self.labels = torch.tensor(labels, dtype=torch.long)
target class rate on Vs: 0.9688
accuracy on clean test nodes: 0.6404
Overall ASR: 0.9295
Flip ASR: 0.9293/16875 nodes
Namespace(cuda=True, dataset='ogbn-arxiv', debug=True, defense_mode='isolate', device_id=1, dis_weight=0.0, dropout=0.5, epochs=800, evaluate_mode='1by1', hidden=32, homo_boost_thrd=0.8, homo_loss_weight=200.0, inner=1, lr=0.01, model='GCN', no_cuda=False, prune_thr=0.8, seed=706, selection_method='cluster_degree', target_class=0, target_loss_weight=1, test_model='GAT', thrd=0.5, train_lr=0.01, trigger_size=5, trojan_epochs=800, use_vs_number=True, vs_number=160, vs_ratio=0, weight_decay=0.0005)
target class rate on Vs: 0.9688
accuracy on clean test nodes: 0.6404
Overall ASR: 0.9295
Flip ASR: 0.9293/16875 nodes
Namespace(cuda=True, dataset='ogbn-arxiv', debug=True, defense_mode='isolate', device_id=1, dis_weight=0.0, dropout=0.5, epochs=800, evaluate_mode='1by1', hidden=32, homo_boost_thrd=0.8, homo_loss_weight=200.0, inner=1, lr=0.01, model='GCN', no_cuda=False, prune_thr=0.8, seed=778, selection_method='cluster_degree', target_class=0, target_loss_weight=1, test_model='GAT', thrd=0.5, train_lr=0.01, trigger_size=5, trojan_epochs=800, use_vs_number=True, vs_number=160, vs_ratio=0, weight_decay=0.0005)
target class rate on Vs: 0.9688
accuracy on clean test nodes: 0.6407
Overall ASR: 0.9295
Flip ASR: 0.9293/16875 nodes
Namespace(cuda=True, dataset='ogbn-arxiv', debug=True, defense_mode='isolate', device_id=1, dis_weight=0.0, dropout=0.5, epochs=800, evaluate_mode='1by1', hidden=32, homo_boost_thrd=0.8, homo_loss_weight=200.0, inner=1, lr=0.01, model='GCN', no_cuda=False, prune_thr=0.8, seed=604, selection_method='cluster_degree', target_class=0, target_loss_weight=1, test_model='GAT', thrd=0.5, train_lr=0.01, trigger_size=5, trojan_epochs=800, use_vs_number=True, vs_number=160, vs_ratio=0, weight_decay=0.0005)
target class rate on Vs: 0.9688
accuracy on clean test nodes: 0.6411
Overall ASR: 0.9295
Flip ASR: 0.9293/16875 nodes
Namespace(cuda=True, dataset='ogbn-arxiv', debug=True, defense_mode='isolate', device_id=1, dis_weight=0.0, dropout=0.5, epochs=800, evaluate_mode='1by1', hidden=32, homo_boost_thrd=0.8, homo_loss_weight=200.0, inner=1, lr=0.01, model='GCN', no_cuda=False, prune_thr=0.8, seed=133, selection_method='cluster_degree', target_class=0, target_loss_weight=1, test_model='GAT', thrd=0.5, train_lr=0.01, trigger_size=5, trojan_epochs=800, use_vs_number=True, vs_number=160, vs_ratio=0, weight_decay=0.0005)
target class rate on Vs: 0.9688
accuracy on clean test nodes: 0.6398
Overall ASR: 0.9295
Flip ASR: 0.9293/16875 nodes
Overall ASR: 0.9295 (GAT model, Seed: 133)
Overall Clean Accuracy: 0.6405
Namespace(cuda=True, dataset='ogbn-arxiv', debug=True, defense_mode='isolate', device_id=1, dis_weight=0.0, dropout=0.5, epochs=800, evaluate_mode='1by1', hidden=32, homo_boost_thrd=0.8, homo_loss_weight=200.0, inner=1, lr=0.01, model='GCN', no_cuda=False, prune_thr=0.8, seed=673, selection_method='cluster_degree', target_class=0, target_loss_weight=1, test_model='GraphSage', thrd=0.5, train_lr=0.01, trigger_size=5, trojan_epochs=800, use_vs_number=True, vs_number=160, vs_ratio=0, weight_decay=0.0005)
target class rate on Vs: 0.8875
accuracy on clean test nodes: 0.6446
Overall ASR: 0.8130
Flip ASR: 0.8126/16875 nodes
Namespace(cuda=True, dataset='ogbn-arxiv', debug=True, defense_mode='isolate', device_id=1, dis_weight=0.0, dropout=0.5, epochs=800, evaluate_mode='1by1', hidden=32, homo_boost_thrd=0.8, homo_loss_weight=200.0, inner=1, lr=0.01, model='GCN', no_cuda=False, prune_thr=0.8, seed=904, selection_method='cluster_degree', target_class=0, target_loss_weight=1, test_model='GraphSage', thrd=0.5, train_lr=0.01, trigger_size=5, trojan_epochs=800, use_vs_number=True, vs_number=160, vs_ratio=0, weight_decay=0.0005)
target class rate on Vs: 0.9125
accuracy on clean test nodes: 0.6366
Overall ASR: 0.8243
Flip ASR: 0.8238/16875 nodes
Namespace(cuda=True, dataset='ogbn-arxiv', debug=True, defense_mode='isolate', device_id=1, dis_weight=0.0, dropout=0.5, epochs=800, evaluate_mode='1by1', hidden=32, homo_boost_thrd=0.8, homo_loss_weight=200.0, inner=1, lr=0.01, model='GCN', no_cuda=False, prune_thr=0.8, seed=56, selection_method='cluster_degree', target_class=0, target_loss_weight=1, test_model='GraphSage', thrd=0.5, train_lr=0.01, trigger_size=5, trojan_epochs=800, use_vs_number=True, vs_number=160, vs_ratio=0, weight_decay=0.0005)
target class rate on Vs: 0.8625
accuracy on clean test nodes: 0.6390
Overall ASR: 0.8005
Flip ASR: 0.8000/16875 nodes
Namespace(cuda=True, dataset='ogbn-arxiv', debug=True, defense_mode='isolate', device_id=1, dis_weight=0.0, dropout=0.5, epochs=800, evaluate_mode='1by1', hidden=32, homo_boost_thrd=0.8, homo_loss_weight=200.0, inner=1, lr=0.01, model='GCN', no_cuda=False, prune_thr=0.8, seed=1, selection_method='cluster_degree', target_class=0, target_loss_weight=1, test_model='GraphSage', thrd=0.5, train_lr=0.01, trigger_size=5, trojan_epochs=800, use_vs_number=True, vs_number=160, vs_ratio=0, weight_decay=0.0005)
target class rate on Vs: 0.9125
accuracy on clean test nodes: 0.6434
Overall ASR: 0.8411
Flip ASR: 0.8407/16875 nodes
Namespace(cuda=True, dataset='ogbn-arxiv', debug=True, defense_mode='isolate', device_id=1, dis_weight=0.0, dropout=0.5, epochs=800, evaluate_mode='1by1', hidden=32, homo_boost_thrd=0.8, homo_loss_weight=200.0, inner=1, lr=0.01, model='GCN', no_cuda=False, prune_thr=0.8, seed=694, selection_method='cluster_degree', target_class=0, target_loss_weight=1, test_model='GraphSage', thrd=0.5, train_lr=0.01, trigger_size=5, trojan_epochs=800, use_vs_number=True, vs_number=160, vs_ratio=0, weight_decay=0.0005)
target class rate on Vs: 0.8938
accuracy on clean test nodes: 0.6380
Overall ASR: 0.8156
Flip ASR: 0.8152/16875 nodes
Overall ASR: 0.8189 (GraphSage model, Seed: 694)
Overall Clean Accuracy: 0.6403
Total Overall ASR: 0.8896 
Total Clean Accuracy: 0.6420
