nohup: ignoring input
run_adaptive.py:8: DeprecationWarning: the imp module is deprecated in favour of importlib; see the module's documentation for alternative uses
  import imp
Namespace(cuda=True, dataset='ogbn-arxiv', debug=True, defense_mode='isolate', device_id=2, dis_weight=0.0, dropout=0.5, epochs=200, evaluate_mode='1by1', hidden=32, homo_boost_thrd=0.8, homo_loss_weight=200.0, inner=1, lr=0.01, model='GCN', no_cuda=False, prune_thr=0.8, seed=10, selection_method='cluster_degree', target_class=0, target_loss_weight=1, test_model='GCN', thrd=0.5, train_lr=0.01, trigger_size=3, trojan_epochs=800, use_vs_number=True, vs_number=400, vs_ratio=0, weight_decay=0.0005)
#Attach Nodes:400
./selected_nodes/ogbn-arxiv/Overall/seed10/nodes.txt
idx_attach: tensor([132437, 159342, 115859,  11103, 127522,  67544,  82569, 161886,  62976,
         13773,  68963, 144203,  19681,    750, 156733,  86828,  18909,  82685,
         81700, 164714, 103734,  65352,  47692,  14294, 153213,  78523,   1385,
         50714, 156839, 144199,  88403,  58221,  56228,  88511,  12909, 156645,
         93340, 136107,  80139,    622,   1438,   7666, 133129, 127534, 106596,
        102712,   4269,  55140, 125068, 152827, 135150,  23527,   3609,   6462,
        121168, 152542,   6165, 126338,  90948,  77520,  47397, 106658,  68636,
        109074,  69509, 138501,  13873,  20117,  83448,   3102, 143264,  91042,
         54237,  58770, 165138, 126351,  55671,  99141,  13704, 136218,  16458,
         43368, 146276,  31105, 112018,  77110, 104399,  46245, 147007,   5821,
         19313,  91731,  20583, 142204,  80573,   7668,  83587, 128743, 143180,
         91852,  75911,  65787, 153365, 126297,  39114, 104240,  77327,   4583,
           512,  48952,  28134,  38432,  10832,  61628, 127678, 138417, 147495,
         98345,  93057,  33697, 138811, 124659, 133488,  71285,  47676,   1298,
        167767,  47649, 124811,  39955,  70652, 138116,  94425, 163083,  21820,
        133451,  73518, 132097,  23608,  13837, 125639,  40347, 163907,   5087,
          6422, 119164, 165901,   5059,  83768,  27180, 100388,  35462, 116799,
          3703,   5670,  48904,  68159, 113552, 160597,  96989, 127472, 136647,
        148726, 125053, 138149, 138315, 141422,  76351,  76598,  59904, 148285,
         70903, 165759,  39375, 136221, 140976,  63383,  42932,  75075,  71850,
         73993,  30102,  65808,  62714,  45851,  95186,  36002,  74863,  64652,
        161830, 145444, 126027,  60679,  73713,  93896, 146527, 169172, 114189,
         95782,  93842, 148869, 112848,  68654,   4485, 168944, 140981,  72175,
         45679,  20436,   7628, 115596, 130154, 135469,  14337,  63022,  17599,
        122842, 103833,  45706,  81303,  13852,  81871, 114723, 142817,  28988,
         48225,  21674,  34318, 111176, 158279, 146881,  34991,  76669,  13346,
         17731, 138128, 136891, 117554,  40123,  52955, 103517, 141078,  75105,
         82512, 168762, 139593, 118896,  12297, 138395,  64922,  55710,  22340,
         76111,  93384, 111925,   5010,  13015, 116348, 150061, 130103, 141021,
         64826, 144901, 106175,  92109,  89940,  71933, 144027,  36882,  41628,
         55044,  12828,  41681,  14340,  23638, 144925,  62265,  35737, 155976,
        161925,  63089, 135644, 164665,   9848, 124525,  66260,  78580,  66041,
          4226, 128942,  52300,  86426, 146623,  42022,  64582,  63272, 144613,
         12980,  93063, 146301, 166120, 109587, 144883,  58222, 119761, 126871,
        112989,  47264,  44224,  76605, 125250,  85029, 139694, 119661,  82517,
         10258,   5687,  86843,  93827,  30524, 146837, 142859,   3796, 104188,
         59645, 150266,  63460, 152939, 132153,  87353, 155538,  28127,  86437,
           591,  14225, 111064,  72841,  91588, 121367, 129042,  82694, 139395,
        116755,  46308,  15022,  85320,  72395, 143355, 128020,  15828, 143322,
         55075,  51976,  81577,  12925,  52480,  77357, 123824, 117210, 101747,
         38371,  89521, 120166,  15685,  29096,  24361,   9035, 130319,   6402,
         54168, 138793,  78393,  97894,  85421, 150077, 147429,  30273,  47541,
        101610, 157814,  45601, 169188, 146774,  52883,  71248, 152946,  56090,
         48566,  94860,  87246, 155373,  48973, 147804,  56436,  69861, 158491,
        124225, 157846,  36579,  12832], device='cuda:2')
tensor([     1,      2,      3,  ..., 169334, 169336, 169338], device='cuda:2')
Epoch 0, loss_inner: 3.74860, loss_target: 3.62830, homo loss: 0.80375 
acc_train_clean: 0.0089, ASR_train_attach: 0.0000, ASR_train_outter: 0.0000
Epoch 10, loss_inner: 3.03979, loss_target: 3.08995, homo loss: 0.00409 
acc_train_clean: 0.2705, ASR_train_attach: 0.0000, ASR_train_outter: 0.0000
Epoch 20, loss_inner: 2.77897, loss_target: 2.76201, homo loss: 0.00088 
acc_train_clean: 0.2865, ASR_train_attach: 0.0000, ASR_train_outter: 0.0000
Epoch 30, loss_inner: 2.47155, loss_target: 2.42757, homo loss: 0.00058 
acc_train_clean: 0.3584, ASR_train_attach: 0.1900, ASR_train_outter: 0.3596
Epoch 40, loss_inner: 2.16450, loss_target: 2.11501, homo loss: 0.00049 
acc_train_clean: 0.4416, ASR_train_attach: 0.9100, ASR_train_outter: 0.8816
Epoch 50, loss_inner: 1.91367, loss_target: 1.87079, homo loss: 0.00041 
acc_train_clean: 0.5029, ASR_train_attach: 0.9350, ASR_train_outter: 0.9167
Epoch 60, loss_inner: 1.72649, loss_target: 1.69145, homo loss: 0.00046 
acc_train_clean: 0.5369, ASR_train_attach: 0.9450, ASR_train_outter: 0.9320
Epoch 70, loss_inner: 1.59763, loss_target: 1.56741, homo loss: 0.00038 
acc_train_clean: 0.5642, ASR_train_attach: 0.9825, ASR_train_outter: 0.9649
Epoch 80, loss_inner: 1.49903, loss_target: 1.47233, homo loss: 0.00028 
acc_train_clean: 0.5873, ASR_train_attach: 0.9825, ASR_train_outter: 0.9682
Epoch 90, loss_inner: 1.42346, loss_target: 1.40015, homo loss: 0.00019 
acc_train_clean: 0.6031, ASR_train_attach: 0.9800, ASR_train_outter: 0.9671
Epoch 100, loss_inner: 1.36972, loss_target: 1.34846, homo loss: 0.00014 
acc_train_clean: 0.6130, ASR_train_attach: 0.9875, ASR_train_outter: 0.9726
Epoch 110, loss_inner: 1.33066, loss_target: 1.31039, homo loss: 0.00010 
acc_train_clean: 0.6200, ASR_train_attach: 0.9925, ASR_train_outter: 0.9803
Epoch 120, loss_inner: 1.29709, loss_target: 1.27709, homo loss: 0.00006 
acc_train_clean: 0.6273, ASR_train_attach: 0.9975, ASR_train_outter: 0.9879
Epoch 130, loss_inner: 1.26839, loss_target: 1.24925, homo loss: 0.00003 
acc_train_clean: 0.6343, ASR_train_attach: 0.9975, ASR_train_outter: 0.9879
Epoch 140, loss_inner: 1.24598, loss_target: 1.22781, homo loss: 0.00001 
acc_train_clean: 0.6397, ASR_train_attach: 0.9975, ASR_train_outter: 0.9868
Epoch 150, loss_inner: 1.22897, loss_target: 1.21124, homo loss: 0.00001 
acc_train_clean: 0.6426, ASR_train_attach: 1.0000, ASR_train_outter: 0.9901
Epoch 160, loss_inner: 1.21579, loss_target: 1.19848, homo loss: 0.00001 
acc_train_clean: 0.6453, ASR_train_attach: 1.0000, ASR_train_outter: 0.9901
Epoch 170, loss_inner: 1.20560, loss_target: 1.18849, homo loss: 0.00001 
acc_train_clean: 0.6478, ASR_train_attach: 1.0000, ASR_train_outter: 0.9901
Epoch 180, loss_inner: 1.19746, loss_target: 1.18033, homo loss: 0.00000 
acc_train_clean: 0.6505, ASR_train_attach: 1.0000, ASR_train_outter: 0.9923
Epoch 190, loss_inner: 1.19017, loss_target: 1.17335, homo loss: 0.00001 
acc_train_clean: 0.6516, ASR_train_attach: 1.0000, ASR_train_outter: 0.9912
Epoch 200, loss_inner: 1.18389, loss_target: 1.16724, homo loss: 0.00000 
acc_train_clean: 0.6529, ASR_train_attach: 1.0000, ASR_train_outter: 0.9912
Epoch 210, loss_inner: 1.17821, loss_target: 1.16159, homo loss: 0.00000 
acc_train_clean: 0.6543, ASR_train_attach: 1.0000, ASR_train_outter: 0.9934
Epoch 220, loss_inner: 1.17308, loss_target: 1.15671, homo loss: 0.00001 
acc_train_clean: 0.6556, ASR_train_attach: 1.0000, ASR_train_outter: 0.9912
Epoch 230, loss_inner: 1.16855, loss_target: 1.15257, homo loss: 0.00002 
acc_train_clean: 0.6567, ASR_train_attach: 1.0000, ASR_train_outter: 0.9901
Epoch 240, loss_inner: 1.16405, loss_target: 1.14803, homo loss: 0.00001 
acc_train_clean: 0.6573, ASR_train_attach: 1.0000, ASR_train_outter: 0.9901
Epoch 250, loss_inner: 1.15983, loss_target: 1.14371, homo loss: 0.00003 
acc_train_clean: 0.6590, ASR_train_attach: 1.0000, ASR_train_outter: 0.9934
Epoch 260, loss_inner: 1.15600, loss_target: 1.13989, homo loss: 0.00000 
acc_train_clean: 0.6597, ASR_train_attach: 1.0000, ASR_train_outter: 0.9923
Epoch 270, loss_inner: 1.15198, loss_target: 1.13561, homo loss: 0.00000 
acc_train_clean: 0.6610, ASR_train_attach: 1.0000, ASR_train_outter: 0.9956
Epoch 280, loss_inner: 1.14653, loss_target: 1.13023, homo loss: 0.00001 
acc_train_clean: 0.6627, ASR_train_attach: 1.0000, ASR_train_outter: 0.9956
Epoch 290, loss_inner: 1.14021, loss_target: 1.12407, homo loss: 0.00000 
acc_train_clean: 0.6638, ASR_train_attach: 1.0000, ASR_train_outter: 0.9945
Epoch 300, loss_inner: 1.13537, loss_target: 1.11902, homo loss: 0.00000 
acc_train_clean: 0.6650, ASR_train_attach: 1.0000, ASR_train_outter: 0.9956
Epoch 310, loss_inner: 1.13161, loss_target: 1.11552, homo loss: 0.00000 
acc_train_clean: 0.6666, ASR_train_attach: 1.0000, ASR_train_outter: 0.9956
Epoch 320, loss_inner: 1.13354, loss_target: 1.11916, homo loss: 0.00033 
acc_train_clean: 0.6659, ASR_train_attach: 0.9950, ASR_train_outter: 0.9748
Epoch 330, loss_inner: 1.12735, loss_target: 1.11349, homo loss: 0.00019 
acc_train_clean: 0.6679, ASR_train_attach: 1.0000, ASR_train_outter: 0.9923
Epoch 340, loss_inner: 1.12441, loss_target: 1.10927, homo loss: 0.00009 
acc_train_clean: 0.6694, ASR_train_attach: 1.0000, ASR_train_outter: 0.9967
Epoch 350, loss_inner: 1.12181, loss_target: 1.10684, homo loss: 0.00003 
acc_train_clean: 0.6701, ASR_train_attach: 1.0000, ASR_train_outter: 0.9967
Epoch 360, loss_inner: 1.11967, loss_target: 1.10447, homo loss: 0.00000 
acc_train_clean: 0.6702, ASR_train_attach: 1.0000, ASR_train_outter: 0.9967
Epoch 370, loss_inner: 1.11786, loss_target: 1.10242, homo loss: 0.00000 
acc_train_clean: 0.6707, ASR_train_attach: 1.0000, ASR_train_outter: 0.9967
Epoch 380, loss_inner: 1.11625, loss_target: 1.10054, homo loss: 0.00000 
acc_train_clean: 0.6709, ASR_train_attach: 1.0000, ASR_train_outter: 0.9967
Epoch 390, loss_inner: 1.11477, loss_target: 1.09911, homo loss: 0.00000 
acc_train_clean: 0.6716, ASR_train_attach: 1.0000, ASR_train_outter: 0.9967
Epoch 400, loss_inner: 1.11347, loss_target: 1.09796, homo loss: 0.00000 
acc_train_clean: 0.6721, ASR_train_attach: 1.0000, ASR_train_outter: 0.9967
Epoch 410, loss_inner: 1.11221, loss_target: 1.09671, homo loss: 0.00000 
acc_train_clean: 0.6723, ASR_train_attach: 1.0000, ASR_train_outter: 0.9967
Epoch 420, loss_inner: 1.11106, loss_target: 1.09547, homo loss: 0.00000 
acc_train_clean: 0.6724, ASR_train_attach: 1.0000, ASR_train_outter: 0.9967
Epoch 430, loss_inner: 1.10995, loss_target: 1.09429, homo loss: 0.00000 
acc_train_clean: 0.6723, ASR_train_attach: 1.0000, ASR_train_outter: 0.9967
Epoch 440, loss_inner: 1.10924, loss_target: 1.09340, homo loss: 0.00000 
acc_train_clean: 0.6720, ASR_train_attach: 1.0000, ASR_train_outter: 0.9967
Epoch 450, loss_inner: 1.10799, loss_target: 1.09227, homo loss: 0.00000 
acc_train_clean: 0.6731, ASR_train_attach: 1.0000, ASR_train_outter: 0.9967
Epoch 460, loss_inner: 1.10698, loss_target: 1.09114, homo loss: 0.00000 
acc_train_clean: 0.6733, ASR_train_attach: 1.0000, ASR_train_outter: 0.9967
Epoch 470, loss_inner: 1.10601, loss_target: 1.09025, homo loss: 0.00000 
acc_train_clean: 0.6738, ASR_train_attach: 1.0000, ASR_train_outter: 0.9967
Epoch 480, loss_inner: 1.10544, loss_target: 1.08966, homo loss: 0.00000 
acc_train_clean: 0.6742, ASR_train_attach: 1.0000, ASR_train_outter: 0.9967
Epoch 490, loss_inner: 1.10434, loss_target: 1.08853, homo loss: 0.00000 
acc_train_clean: 0.6743, ASR_train_attach: 1.0000, ASR_train_outter: 0.9967
Epoch 500, loss_inner: 1.10368, loss_target: 1.08799, homo loss: 0.00000 
acc_train_clean: 0.6745, ASR_train_attach: 1.0000, ASR_train_outter: 0.9967
Epoch 510, loss_inner: 1.10294, loss_target: 1.08718, homo loss: 0.00000 
acc_train_clean: 0.6739, ASR_train_attach: 1.0000, ASR_train_outter: 0.9956
Epoch 520, loss_inner: 1.10211, loss_target: 1.08635, homo loss: 0.00000 
acc_train_clean: 0.6754, ASR_train_attach: 1.0000, ASR_train_outter: 0.9956
Epoch 530, loss_inner: 1.10136, loss_target: 1.08550, homo loss: 0.00000 
acc_train_clean: 0.6758, ASR_train_attach: 1.0000, ASR_train_outter: 0.9967
Epoch 540, loss_inner: 1.10063, loss_target: 1.08480, homo loss: 0.00000 
acc_train_clean: 0.6750, ASR_train_attach: 1.0000, ASR_train_outter: 0.9967
Epoch 550, loss_inner: 1.10127, loss_target: 1.08599, homo loss: 0.00000 
acc_train_clean: 0.6733, ASR_train_attach: 1.0000, ASR_train_outter: 0.9967
Epoch 560, loss_inner: 1.09972, loss_target: 1.08358, homo loss: 0.00001 
acc_train_clean: 0.6757, ASR_train_attach: 1.0000, ASR_train_outter: 0.9956
Epoch 570, loss_inner: 1.09897, loss_target: 1.08300, homo loss: 0.00000 
acc_train_clean: 0.6756, ASR_train_attach: 1.0000, ASR_train_outter: 0.9956
Epoch 580, loss_inner: 1.09823, loss_target: 1.08266, homo loss: 0.00001 
acc_train_clean: 0.6761, ASR_train_attach: 1.0000, ASR_train_outter: 0.9956
Epoch 590, loss_inner: 1.09749, loss_target: 1.08176, homo loss: 0.00001 
acc_train_clean: 0.6757, ASR_train_attach: 1.0000, ASR_train_outter: 0.9956
Epoch 600, loss_inner: 1.09691, loss_target: 1.08123, homo loss: 0.00001 
acc_train_clean: 0.6757, ASR_train_attach: 1.0000, ASR_train_outter: 0.9956
Epoch 610, loss_inner: 1.09666, loss_target: 1.08101, homo loss: 0.00001 
acc_train_clean: 0.6756, ASR_train_attach: 1.0000, ASR_train_outter: 0.9967
Epoch 620, loss_inner: 1.09608, loss_target: 1.08094, homo loss: 0.00001 
acc_train_clean: 0.6769, ASR_train_attach: 1.0000, ASR_train_outter: 0.9956
Epoch 630, loss_inner: 1.09533, loss_target: 1.07988, homo loss: 0.00003 
acc_train_clean: 0.6761, ASR_train_attach: 1.0000, ASR_train_outter: 0.9956
Epoch 640, loss_inner: 1.09461, loss_target: 1.07946, homo loss: 0.00005 
acc_train_clean: 0.6766, ASR_train_attach: 1.0000, ASR_train_outter: 0.9967
Epoch 650, loss_inner: 1.09446, loss_target: 1.07894, homo loss: 0.00001 
acc_train_clean: 0.6767, ASR_train_attach: 1.0000, ASR_train_outter: 0.9967
Epoch 660, loss_inner: 1.09379, loss_target: 1.07827, homo loss: 0.00000 
acc_train_clean: 0.6766, ASR_train_attach: 1.0000, ASR_train_outter: 0.9956
Epoch 670, loss_inner: 1.09341, loss_target: 1.07771, homo loss: 0.00001 
acc_train_clean: 0.6772, ASR_train_attach: 1.0000, ASR_train_outter: 0.9956
Epoch 680, loss_inner: 1.09275, loss_target: 1.07723, homo loss: 0.00000 
acc_train_clean: 0.6776, ASR_train_attach: 1.0000, ASR_train_outter: 0.9967
Epoch 690, loss_inner: 1.09231, loss_target: 1.07656, homo loss: 0.00000 
acc_train_clean: 0.6773, ASR_train_attach: 1.0000, ASR_train_outter: 0.9967
Epoch 700, loss_inner: 1.09196, loss_target: 1.07643, homo loss: 0.00002 
acc_train_clean: 0.6776, ASR_train_attach: 1.0000, ASR_train_outter: 0.9956
Epoch 710, loss_inner: 1.09227, loss_target: 1.07715, homo loss: 0.00002 
acc_train_clean: 0.6757, ASR_train_attach: 1.0000, ASR_train_outter: 0.9967
Epoch 720, loss_inner: 1.09157, loss_target: 1.07614, homo loss: 0.00000 
acc_train_clean: 0.6783, ASR_train_attach: 1.0000, ASR_train_outter: 0.9978
Epoch 730, loss_inner: 1.09095, loss_target: 1.07525, homo loss: 0.00001 
acc_train_clean: 0.6776, ASR_train_attach: 1.0000, ASR_train_outter: 0.9956
Epoch 740, loss_inner: 1.09028, loss_target: 1.07480, homo loss: 0.00002 
acc_train_clean: 0.6780, ASR_train_attach: 1.0000, ASR_train_outter: 0.9967
Epoch 750, loss_inner: 1.08998, loss_target: 1.07442, homo loss: 0.00001 
acc_train_clean: 0.6784, ASR_train_attach: 1.0000, ASR_train_outter: 0.9967
Epoch 760, loss_inner: 1.08974, loss_target: 1.07425, homo loss: 0.00001 
acc_train_clean: 0.6783, ASR_train_attach: 1.0000, ASR_train_outter: 0.9967
Epoch 770, loss_inner: 1.09094, loss_target: 1.07772, homo loss: 0.00014 
acc_train_clean: 0.6780, ASR_train_attach: 0.9600, ASR_train_outter: 0.9792
Epoch 780, loss_inner: 1.09096, loss_target: 1.07895, homo loss: 0.00027 
acc_train_clean: 0.6778, ASR_train_attach: 0.9975, ASR_train_outter: 0.9825
Epoch 790, loss_inner: 1.09197, loss_target: 1.07780, homo loss: 0.00003 
acc_train_clean: 0.6769, ASR_train_attach: 1.0000, ASR_train_outter: 0.9956
load best weight based on the loss outter
precent of left attach nodes: 0.195
Namespace(cuda=True, dataset='ogbn-arxiv', debug=True, defense_mode='isolate', device_id=2, dis_weight=0.0, dropout=0.5, epochs=200, evaluate_mode='1by1', hidden=32, homo_boost_thrd=0.8, homo_loss_weight=200.0, inner=1, lr=0.01, model='GCN', no_cuda=False, prune_thr=0.8, seed=265, selection_method='cluster_degree', target_class=0, target_loss_weight=1, test_model='GCN', thrd=0.5, train_lr=0.01, trigger_size=3, trojan_epochs=800, use_vs_number=True, vs_number=400, vs_ratio=0, weight_decay=0.0005)
target class rate on Vs: 0.9925
accuracy on clean test nodes: 0.6192
Overall ASR: 0.9470
Flip ASR: 0.9468/16875 nodes
Namespace(cuda=True, dataset='ogbn-arxiv', debug=True, defense_mode='isolate', device_id=2, dis_weight=0.0, dropout=0.5, epochs=200, evaluate_mode='1by1', hidden=32, homo_boost_thrd=0.8, homo_loss_weight=200.0, inner=1, lr=0.01, model='GCN', no_cuda=False, prune_thr=0.8, seed=125, selection_method='cluster_degree', target_class=0, target_loss_weight=1, test_model='GCN', thrd=0.5, train_lr=0.01, trigger_size=3, trojan_epochs=800, use_vs_number=True, vs_number=400, vs_ratio=0, weight_decay=0.0005)
target class rate on Vs: 0.9925
accuracy on clean test nodes: 0.6271
Overall ASR: 0.9476
Flip ASR: 0.9474/16875 nodes
Namespace(cuda=True, dataset='ogbn-arxiv', debug=True, defense_mode='isolate', device_id=2, dis_weight=0.0, dropout=0.5, epochs=200, evaluate_mode='1by1', hidden=32, homo_boost_thrd=0.8, homo_loss_weight=200.0, inner=1, lr=0.01, model='GCN', no_cuda=False, prune_thr=0.8, seed=996, selection_method='cluster_degree', target_class=0, target_loss_weight=1, test_model='GCN', thrd=0.5, train_lr=0.01, trigger_size=3, trojan_epochs=800, use_vs_number=True, vs_number=400, vs_ratio=0, weight_decay=0.0005)
target class rate on Vs: 0.9925
accuracy on clean test nodes: 0.6325
Overall ASR: 0.9480
Flip ASR: 0.9479/16875 nodes
Namespace(cuda=True, dataset='ogbn-arxiv', debug=True, defense_mode='isolate', device_id=2, dis_weight=0.0, dropout=0.5, epochs=200, evaluate_mode='1by1', hidden=32, homo_boost_thrd=0.8, homo_loss_weight=200.0, inner=1, lr=0.01, model='GCN', no_cuda=False, prune_thr=0.8, seed=527, selection_method='cluster_degree', target_class=0, target_loss_weight=1, test_model='GCN', thrd=0.5, train_lr=0.01, trigger_size=3, trojan_epochs=800, use_vs_number=True, vs_number=400, vs_ratio=0, weight_decay=0.0005)
target class rate on Vs: 0.9925
accuracy on clean test nodes: 0.6359
Overall ASR: 0.9482
Flip ASR: 0.9480/16875 nodes
Namespace(cuda=True, dataset='ogbn-arxiv', debug=True, defense_mode='isolate', device_id=2, dis_weight=0.0, dropout=0.5, epochs=200, evaluate_mode='1by1', hidden=32, homo_boost_thrd=0.8, homo_loss_weight=200.0, inner=1, lr=0.01, model='GCN', no_cuda=False, prune_thr=0.8, seed=320, selection_method='cluster_degree', target_class=0, target_loss_weight=1, test_model='GCN', thrd=0.5, train_lr=0.01, trigger_size=3, trojan_epochs=800, use_vs_number=True, vs_number=400, vs_ratio=0, weight_decay=0.0005)
target class rate on Vs: 0.9925
accuracy on clean test nodes: 0.6242
Overall ASR: 0.9441
Flip ASR: 0.9439/16875 nodes
Overall ASR: 0.9470 (GCN model, Seed: 320)
Overall Clean Accuracy: 0.6278
Namespace(cuda=True, dataset='ogbn-arxiv', debug=True, defense_mode='isolate', device_id=2, dis_weight=0.0, dropout=0.5, epochs=200, evaluate_mode='1by1', hidden=32, homo_boost_thrd=0.8, homo_loss_weight=200.0, inner=1, lr=0.01, model='GCN', no_cuda=False, prune_thr=0.8, seed=781, selection_method='cluster_degree', target_class=0, target_loss_weight=1, test_model='GAT', thrd=0.5, train_lr=0.01, trigger_size=3, trojan_epochs=800, use_vs_number=True, vs_number=400, vs_ratio=0, weight_decay=0.0005)
/home/project-graph-backdoor/Backdoor/models/GAT.py:61: UserWarning: To copy construct from a tensor, it is recommended to use sourceTensor.clone().detach() or sourceTensor.clone().detach().requires_grad_(True), rather than torch.tensor(sourceTensor).
  self.labels = torch.tensor(labels, dtype=torch.long)
target class rate on Vs: 0.9925
accuracy on clean test nodes: 0.6390
Overall ASR: 0.9546
Flip ASR: 0.9545/16875 nodes
Namespace(cuda=True, dataset='ogbn-arxiv', debug=True, defense_mode='isolate', device_id=2, dis_weight=0.0, dropout=0.5, epochs=200, evaluate_mode='1by1', hidden=32, homo_boost_thrd=0.8, homo_loss_weight=200.0, inner=1, lr=0.01, model='GCN', no_cuda=False, prune_thr=0.8, seed=706, selection_method='cluster_degree', target_class=0, target_loss_weight=1, test_model='GAT', thrd=0.5, train_lr=0.01, trigger_size=3, trojan_epochs=800, use_vs_number=True, vs_number=400, vs_ratio=0, weight_decay=0.0005)
target class rate on Vs: 0.9925
accuracy on clean test nodes: 0.6410
Overall ASR: 0.9546
Flip ASR: 0.9544/16875 nodes
Namespace(cuda=True, dataset='ogbn-arxiv', debug=True, defense_mode='isolate', device_id=2, dis_weight=0.0, dropout=0.5, epochs=200, evaluate_mode='1by1', hidden=32, homo_boost_thrd=0.8, homo_loss_weight=200.0, inner=1, lr=0.01, model='GCN', no_cuda=False, prune_thr=0.8, seed=778, selection_method='cluster_degree', target_class=0, target_loss_weight=1, test_model='GAT', thrd=0.5, train_lr=0.01, trigger_size=3, trojan_epochs=800, use_vs_number=True, vs_number=400, vs_ratio=0, weight_decay=0.0005)
target class rate on Vs: 0.9925
accuracy on clean test nodes: 0.6385
Overall ASR: 0.9545
Flip ASR: 0.9544/16875 nodes
Namespace(cuda=True, dataset='ogbn-arxiv', debug=True, defense_mode='isolate', device_id=2, dis_weight=0.0, dropout=0.5, epochs=200, evaluate_mode='1by1', hidden=32, homo_boost_thrd=0.8, homo_loss_weight=200.0, inner=1, lr=0.01, model='GCN', no_cuda=False, prune_thr=0.8, seed=604, selection_method='cluster_degree', target_class=0, target_loss_weight=1, test_model='GAT', thrd=0.5, train_lr=0.01, trigger_size=3, trojan_epochs=800, use_vs_number=True, vs_number=400, vs_ratio=0, weight_decay=0.0005)
target class rate on Vs: 0.9925
accuracy on clean test nodes: 0.6359
Overall ASR: 0.9546
Flip ASR: 0.9544/16875 nodes
Namespace(cuda=True, dataset='ogbn-arxiv', debug=True, defense_mode='isolate', device_id=2, dis_weight=0.0, dropout=0.5, epochs=200, evaluate_mode='1by1', hidden=32, homo_boost_thrd=0.8, homo_loss_weight=200.0, inner=1, lr=0.01, model='GCN', no_cuda=False, prune_thr=0.8, seed=133, selection_method='cluster_degree', target_class=0, target_loss_weight=1, test_model='GAT', thrd=0.5, train_lr=0.01, trigger_size=3, trojan_epochs=800, use_vs_number=True, vs_number=400, vs_ratio=0, weight_decay=0.0005)
target class rate on Vs: 0.9925
accuracy on clean test nodes: 0.6364
Overall ASR: 0.9546
Flip ASR: 0.9544/16875 nodes
Overall ASR: 0.9546 (GAT model, Seed: 133)
Overall Clean Accuracy: 0.6382
Namespace(cuda=True, dataset='ogbn-arxiv', debug=True, defense_mode='isolate', device_id=2, dis_weight=0.0, dropout=0.5, epochs=200, evaluate_mode='1by1', hidden=32, homo_boost_thrd=0.8, homo_loss_weight=200.0, inner=1, lr=0.01, model='GCN', no_cuda=False, prune_thr=0.8, seed=673, selection_method='cluster_degree', target_class=0, target_loss_weight=1, test_model='GraphSage', thrd=0.5, train_lr=0.01, trigger_size=3, trojan_epochs=800, use_vs_number=True, vs_number=400, vs_ratio=0, weight_decay=0.0005)
target class rate on Vs: 0.9650
accuracy on clean test nodes: 0.6267
Overall ASR: 0.8941
Flip ASR: 0.8937/16875 nodes
Namespace(cuda=True, dataset='ogbn-arxiv', debug=True, defense_mode='isolate', device_id=2, dis_weight=0.0, dropout=0.5, epochs=200, evaluate_mode='1by1', hidden=32, homo_boost_thrd=0.8, homo_loss_weight=200.0, inner=1, lr=0.01, model='GCN', no_cuda=False, prune_thr=0.8, seed=904, selection_method='cluster_degree', target_class=0, target_loss_weight=1, test_model='GraphSage', thrd=0.5, train_lr=0.01, trigger_size=3, trojan_epochs=800, use_vs_number=True, vs_number=400, vs_ratio=0, weight_decay=0.0005)
target class rate on Vs: 0.9700
accuracy on clean test nodes: 0.6271
Overall ASR: 0.9016
Flip ASR: 0.9013/16875 nodes
Namespace(cuda=True, dataset='ogbn-arxiv', debug=True, defense_mode='isolate', device_id=2, dis_weight=0.0, dropout=0.5, epochs=200, evaluate_mode='1by1', hidden=32, homo_boost_thrd=0.8, homo_loss_weight=200.0, inner=1, lr=0.01, model='GCN', no_cuda=False, prune_thr=0.8, seed=56, selection_method='cluster_degree', target_class=0, target_loss_weight=1, test_model='GraphSage', thrd=0.5, train_lr=0.01, trigger_size=3, trojan_epochs=800, use_vs_number=True, vs_number=400, vs_ratio=0, weight_decay=0.0005)
target class rate on Vs: 0.9750
accuracy on clean test nodes: 0.6274
Overall ASR: 0.8999
Flip ASR: 0.8996/16875 nodes
Namespace(cuda=True, dataset='ogbn-arxiv', debug=True, defense_mode='isolate', device_id=2, dis_weight=0.0, dropout=0.5, epochs=200, evaluate_mode='1by1', hidden=32, homo_boost_thrd=0.8, homo_loss_weight=200.0, inner=1, lr=0.01, model='GCN', no_cuda=False, prune_thr=0.8, seed=1, selection_method='cluster_degree', target_class=0, target_loss_weight=1, test_model='GraphSage', thrd=0.5, train_lr=0.01, trigger_size=3, trojan_epochs=800, use_vs_number=True, vs_number=400, vs_ratio=0, weight_decay=0.0005)
target class rate on Vs: 0.9675
accuracy on clean test nodes: 0.6306
Overall ASR: 0.8909
Flip ASR: 0.8905/16875 nodes
Namespace(cuda=True, dataset='ogbn-arxiv', debug=True, defense_mode='isolate', device_id=2, dis_weight=0.0, dropout=0.5, epochs=200, evaluate_mode='1by1', hidden=32, homo_boost_thrd=0.8, homo_loss_weight=200.0, inner=1, lr=0.01, model='GCN', no_cuda=False, prune_thr=0.8, seed=694, selection_method='cluster_degree', target_class=0, target_loss_weight=1, test_model='GraphSage', thrd=0.5, train_lr=0.01, trigger_size=3, trojan_epochs=800, use_vs_number=True, vs_number=400, vs_ratio=0, weight_decay=0.0005)
target class rate on Vs: 0.9625
accuracy on clean test nodes: 0.6237
Overall ASR: 0.9000
Flip ASR: 0.8997/16875 nodes
Overall ASR: 0.8973 (GraphSage model, Seed: 694)
Overall Clean Accuracy: 0.6271
Total Overall ASR: 0.9330 
Total Clean Accuracy: 0.6310
