nohup: ignoring input
run_adaptive.py:8: DeprecationWarning: the imp module is deprecated in favour of importlib; see the module's documentation for alternative uses
  import imp
Namespace(cuda=True, dataset='ogbn-arxiv', debug=True, defense_mode='isolate', device_id=2, dis_weight=0.0, dropout=0.5, epochs=200, evaluate_mode='1by1', hidden=32, homo_boost_thrd=0.8, homo_loss_weight=200.0, inner=1, lr=0.01, model='GCN', no_cuda=False, prune_thr=0.8, seed=10, selection_method='cluster_degree', target_class=0, target_loss_weight=1, test_model='GCN', thrd=0.5, train_lr=0.01, trigger_size=3, trojan_epochs=1500, use_vs_number=True, vs_number=320, vs_ratio=0, weight_decay=0.0005)
#Attach Nodes:320
./selected_nodes/ogbn-arxiv/Overall/seed10/nodes.txt
idx_attach: tensor([132437, 159342, 115859,  11103, 127522,  67544,  82569, 161886,  62976,
         13773,  68963, 144203,  19681,    750, 156733,  86828,  18909,  82685,
         81700, 164714, 103734,  65352,  47692,  14294, 153213,  78523,   1385,
         50714, 156839, 144199,  88403,  58221,  56228,  88511,  12909, 156645,
         93340, 136107,  80139,    622,   1438,   7666, 133129, 127534, 106596,
        102712,   4269,  55140, 125068, 152827, 135150,  23527,   3609,   6462,
        121168, 152542,   6165, 126338,  90948,  77520,  47397, 106658,  68636,
        109074,  69509, 138501,  13873,  20117,  83448,   3102, 143264,  91042,
         54237,  58770, 165138, 126351,  55671,  99141,  13704, 136218,  16458,
         43368, 146276,  31105, 112018,  77110, 104399,  46245, 147007,   5821,
         19313,  91731,  20583, 142204,  80573,   7668,  83587, 128743, 143180,
         91852,  75911,  65787, 153365, 126297,  39114, 104240,  77327,   4583,
           512,  48952,  28134,  38432,  10832,  61628, 127678, 138417, 147495,
         98345,  93057,  33697, 138811, 124659, 133488,  71285,  47676,   1298,
        167767,  47649, 124811,  39955,  70652, 138116,  94425, 163083,  21820,
        133451,  73518, 132097,  23608,  13837, 125639,  40347, 163907,   5087,
          6422, 119164, 165901,   5059,  83768,  27180, 100388,  35462, 116799,
          3703,   5670,  48904,  68159, 113552, 160597,  96989, 127472, 136647,
        148726, 125053, 138149, 138315, 141422,  76351,  76598,  59904, 148285,
         70903, 165759,  39375, 136221, 140976,  63383,  42932,  75075,  71850,
         73993,  30102,  65808,  62714,  45851,  95186,  36002,  74863,  64652,
        161830, 145444, 126027,  60679,  73713,  93896, 146527, 169172, 114189,
         95782,  93842, 148869, 112848,  68654,   4485, 168944, 140981,  72175,
         45679,  20436,   7628, 115596, 130154, 135469,  14337,  63022,  17599,
        122842, 103833,  45706,  81303,  13852,  81871, 114723, 142817,  28988,
         48225,  21674,  34318, 111176, 158279, 146881,  34991,  76669,  13346,
         17731, 138128, 136891, 117554,  40123,  52955, 103517, 141078,  75105,
         82512, 168762, 139593, 118896,  12297, 138395,  64922,  55710,  22340,
         76111,  93384, 111925,   5010,  13015, 116348, 150061, 130103, 141021,
         64826, 144901, 106175,  92109,  89940,  71933, 144027,  36882,  41628,
         55044,  12828,  41681,  14340,  23638, 144925,  62265,  35737, 155976,
        161925,  63089, 135644, 164665,   9848, 124525,  66260,  78580,  66041,
          4226, 128942,  52300,  86426, 146623,  42022,  64582,  63272, 144613,
         12980,  93063, 146301, 166120, 109587, 144883,  58222, 119761, 126871,
        112989,  47264,  44224,  76605, 125250,  85029, 139694, 119661,  82517,
         10258,   5687,  86843,  93827,  30524], device='cuda:2')
tensor([     1,      2,      3,  ..., 169334, 169336, 169338], device='cuda:2')
Epoch 0, loss_inner: 3.74860, loss_target: 3.62773, homo loss: 0.80685 
acc_train_clean: 0.0089, ASR_train_attach: 0.0000, ASR_train_outter: 0.0000
Epoch 10, loss_inner: 3.03395, loss_target: 3.09609, homo loss: 0.00513 
acc_train_clean: 0.2699, ASR_train_attach: 0.0000, ASR_train_outter: 0.0000
Epoch 20, loss_inner: 2.77847, loss_target: 2.78140, homo loss: 0.00075 
acc_train_clean: 0.2867, ASR_train_attach: 0.0000, ASR_train_outter: 0.0000
Epoch 30, loss_inner: 2.47783, loss_target: 2.45321, homo loss: 0.00041 
acc_train_clean: 0.3635, ASR_train_attach: 0.0000, ASR_train_outter: 0.0000
Epoch 40, loss_inner: 2.17095, loss_target: 2.12232, homo loss: 0.00026 
acc_train_clean: 0.4401, ASR_train_attach: 0.8750, ASR_train_outter: 0.8534
Epoch 50, loss_inner: 1.91736, loss_target: 1.87651, homo loss: 0.00021 
acc_train_clean: 0.5030, ASR_train_attach: 0.9031, ASR_train_outter: 0.8894
Epoch 60, loss_inner: 1.72857, loss_target: 1.69402, homo loss: 0.00021 
acc_train_clean: 0.5375, ASR_train_attach: 0.9813, ASR_train_outter: 0.9567
Epoch 70, loss_inner: 1.59955, loss_target: 1.57153, homo loss: 0.00012 
acc_train_clean: 0.5643, ASR_train_attach: 0.9813, ASR_train_outter: 0.9627
Epoch 80, loss_inner: 1.50363, loss_target: 1.47881, homo loss: 0.00007 
acc_train_clean: 0.5875, ASR_train_attach: 0.9844, ASR_train_outter: 0.9663
Epoch 90, loss_inner: 1.42835, loss_target: 1.40671, homo loss: 0.00004 
acc_train_clean: 0.6026, ASR_train_attach: 0.9906, ASR_train_outter: 0.9688
Epoch 100, loss_inner: 1.37299, loss_target: 1.35379, homo loss: 0.00003 
acc_train_clean: 0.6137, ASR_train_attach: 0.9969, ASR_train_outter: 0.9712
Epoch 110, loss_inner: 1.33010, loss_target: 1.31143, homo loss: 0.00002 
acc_train_clean: 0.6206, ASR_train_attach: 0.9969, ASR_train_outter: 0.9796
Epoch 120, loss_inner: 1.29295, loss_target: 1.27530, homo loss: 0.00000 
acc_train_clean: 0.6294, ASR_train_attach: 1.0000, ASR_train_outter: 0.9868
Epoch 130, loss_inner: 1.26408, loss_target: 1.24752, homo loss: 0.00000 
acc_train_clean: 0.6359, ASR_train_attach: 1.0000, ASR_train_outter: 0.9868
Epoch 140, loss_inner: 1.24276, loss_target: 1.22663, homo loss: 0.00001 
acc_train_clean: 0.6400, ASR_train_attach: 1.0000, ASR_train_outter: 0.9880
Epoch 150, loss_inner: 1.22735, loss_target: 1.21229, homo loss: 0.00001 
acc_train_clean: 0.6433, ASR_train_attach: 1.0000, ASR_train_outter: 0.9868
Epoch 160, loss_inner: 1.21596, loss_target: 1.20152, homo loss: 0.00000 
acc_train_clean: 0.6461, ASR_train_attach: 1.0000, ASR_train_outter: 0.9856
Epoch 170, loss_inner: 1.20673, loss_target: 1.19211, homo loss: 0.00001 
acc_train_clean: 0.6482, ASR_train_attach: 1.0000, ASR_train_outter: 0.9880
Epoch 180, loss_inner: 1.19904, loss_target: 1.18518, homo loss: 0.00002 
acc_train_clean: 0.6508, ASR_train_attach: 1.0000, ASR_train_outter: 0.9868
Epoch 190, loss_inner: 1.19230, loss_target: 1.17815, homo loss: 0.00001 
acc_train_clean: 0.6520, ASR_train_attach: 1.0000, ASR_train_outter: 0.9868
Epoch 200, loss_inner: 1.18679, loss_target: 1.17210, homo loss: 0.00001 
acc_train_clean: 0.6527, ASR_train_attach: 1.0000, ASR_train_outter: 0.9880
Epoch 210, loss_inner: 1.18106, loss_target: 1.16649, homo loss: 0.00001 
acc_train_clean: 0.6544, ASR_train_attach: 1.0000, ASR_train_outter: 0.9928
Epoch 220, loss_inner: 1.17626, loss_target: 1.16195, homo loss: 0.00002 
acc_train_clean: 0.6553, ASR_train_attach: 1.0000, ASR_train_outter: 0.9880
Epoch 230, loss_inner: 1.17174, loss_target: 1.15711, homo loss: 0.00001 
acc_train_clean: 0.6560, ASR_train_attach: 1.0000, ASR_train_outter: 0.9916
Epoch 240, loss_inner: 1.16758, loss_target: 1.15291, homo loss: 0.00001 
acc_train_clean: 0.6574, ASR_train_attach: 1.0000, ASR_train_outter: 0.9928
Epoch 250, loss_inner: 1.16420, loss_target: 1.15257, homo loss: 0.00016 
acc_train_clean: 0.6583, ASR_train_attach: 0.9969, ASR_train_outter: 0.9796
Epoch 260, loss_inner: 1.15989, loss_target: 1.14747, homo loss: 0.00005 
acc_train_clean: 0.6593, ASR_train_attach: 1.0000, ASR_train_outter: 0.9880
Epoch 270, loss_inner: 1.15389, loss_target: 1.14129, homo loss: 0.00001 
acc_train_clean: 0.6605, ASR_train_attach: 1.0000, ASR_train_outter: 0.9820
Epoch 280, loss_inner: 1.14791, loss_target: 1.13423, homo loss: 0.00000 
acc_train_clean: 0.6620, ASR_train_attach: 1.0000, ASR_train_outter: 0.9904
Epoch 290, loss_inner: 1.14239, loss_target: 1.12826, homo loss: 0.00000 
acc_train_clean: 0.6639, ASR_train_attach: 1.0000, ASR_train_outter: 0.9952
Epoch 300, loss_inner: 1.13816, loss_target: 1.12367, homo loss: 0.00000 
acc_train_clean: 0.6653, ASR_train_attach: 1.0000, ASR_train_outter: 0.9952
Epoch 310, loss_inner: 1.13339, loss_target: 1.11865, homo loss: 0.00000 
acc_train_clean: 0.6668, ASR_train_attach: 1.0000, ASR_train_outter: 0.9952
Epoch 320, loss_inner: 1.12911, loss_target: 1.11450, homo loss: 0.00000 
acc_train_clean: 0.6680, ASR_train_attach: 1.0000, ASR_train_outter: 0.9952
Epoch 330, loss_inner: 1.12583, loss_target: 1.11139, homo loss: 0.00000 
acc_train_clean: 0.6686, ASR_train_attach: 1.0000, ASR_train_outter: 0.9952
Epoch 340, loss_inner: 1.12329, loss_target: 1.10862, homo loss: 0.00000 
acc_train_clean: 0.6697, ASR_train_attach: 1.0000, ASR_train_outter: 0.9952
Epoch 350, loss_inner: 1.12130, loss_target: 1.10677, homo loss: 0.00001 
acc_train_clean: 0.6708, ASR_train_attach: 1.0000, ASR_train_outter: 0.9952
Epoch 360, loss_inner: 1.11945, loss_target: 1.10502, homo loss: 0.00000 
acc_train_clean: 0.6710, ASR_train_attach: 1.0000, ASR_train_outter: 0.9952
Epoch 370, loss_inner: 1.11844, loss_target: 1.10481, homo loss: 0.00001 
acc_train_clean: 0.6710, ASR_train_attach: 1.0000, ASR_train_outter: 0.9952
Epoch 380, loss_inner: 1.11651, loss_target: 1.10182, homo loss: 0.00001 
acc_train_clean: 0.6715, ASR_train_attach: 1.0000, ASR_train_outter: 0.9952
Epoch 390, loss_inner: 1.11515, loss_target: 1.10104, homo loss: 0.00005 
acc_train_clean: 0.6718, ASR_train_attach: 1.0000, ASR_train_outter: 0.9952
Epoch 400, loss_inner: 1.11357, loss_target: 1.10002, homo loss: 0.00001 
acc_train_clean: 0.6726, ASR_train_attach: 1.0000, ASR_train_outter: 0.9952
Epoch 410, loss_inner: 1.11218, loss_target: 1.09772, homo loss: 0.00000 
acc_train_clean: 0.6733, ASR_train_attach: 1.0000, ASR_train_outter: 0.9952
Epoch 420, loss_inner: 1.11110, loss_target: 1.09653, homo loss: 0.00000 
acc_train_clean: 0.6731, ASR_train_attach: 1.0000, ASR_train_outter: 0.9952
Epoch 430, loss_inner: 1.11035, loss_target: 1.09627, homo loss: 0.00001 
acc_train_clean: 0.6737, ASR_train_attach: 1.0000, ASR_train_outter: 0.9952
Epoch 440, loss_inner: 1.10935, loss_target: 1.09519, homo loss: 0.00002 
acc_train_clean: 0.6739, ASR_train_attach: 1.0000, ASR_train_outter: 0.9952
Epoch 450, loss_inner: 1.10814, loss_target: 1.09417, homo loss: 0.00001 
acc_train_clean: 0.6739, ASR_train_attach: 1.0000, ASR_train_outter: 0.9952
Epoch 460, loss_inner: 1.10719, loss_target: 1.09275, homo loss: 0.00002 
acc_train_clean: 0.6749, ASR_train_attach: 1.0000, ASR_train_outter: 0.9952
Epoch 470, loss_inner: 1.10677, loss_target: 1.09376, homo loss: 0.00019 
acc_train_clean: 0.6740, ASR_train_attach: 1.0000, ASR_train_outter: 0.9952
Epoch 480, loss_inner: 1.10584, loss_target: 1.09421, homo loss: 0.00010 
acc_train_clean: 0.6750, ASR_train_attach: 1.0000, ASR_train_outter: 0.9964
Epoch 490, loss_inner: 1.20029, loss_target: 1.17508, homo loss: 0.00021 
acc_train_clean: 0.6444, ASR_train_attach: 1.0000, ASR_train_outter: 0.9964
Epoch 500, loss_inner: 1.21746, loss_target: 1.20395, homo loss: 0.00016 
acc_train_clean: 0.6677, ASR_train_attach: 0.0000, ASR_train_outter: 0.9988
Epoch 510, loss_inner: 1.16201, loss_target: 1.13552, homo loss: 0.00006 
acc_train_clean: 0.6633, ASR_train_attach: 1.0000, ASR_train_outter: 1.0000
Epoch 520, loss_inner: 1.12638, loss_target: 1.11155, homo loss: 0.00001 
acc_train_clean: 0.6700, ASR_train_attach: 1.0000, ASR_train_outter: 1.0000
Epoch 530, loss_inner: 1.11740, loss_target: 1.09961, homo loss: 0.00000 
acc_train_clean: 0.6702, ASR_train_attach: 1.0000, ASR_train_outter: 1.0000
Epoch 540, loss_inner: 1.11009, loss_target: 1.09399, homo loss: 0.00001 
acc_train_clean: 0.6740, ASR_train_attach: 1.0000, ASR_train_outter: 1.0000
Epoch 550, loss_inner: 1.10710, loss_target: 1.09211, homo loss: 0.00001 
acc_train_clean: 0.6747, ASR_train_attach: 1.0000, ASR_train_outter: 1.0000
Epoch 560, loss_inner: 1.10546, loss_target: 1.09042, homo loss: 0.00001 
acc_train_clean: 0.6751, ASR_train_attach: 1.0000, ASR_train_outter: 1.0000
Epoch 570, loss_inner: 1.10451, loss_target: 1.08959, homo loss: 0.00001 
acc_train_clean: 0.6754, ASR_train_attach: 1.0000, ASR_train_outter: 1.0000
Epoch 580, loss_inner: 1.10351, loss_target: 1.08805, homo loss: 0.00001 
acc_train_clean: 0.6750, ASR_train_attach: 1.0000, ASR_train_outter: 1.0000
Epoch 590, loss_inner: 1.10279, loss_target: 1.08731, homo loss: 0.00000 
acc_train_clean: 0.6753, ASR_train_attach: 1.0000, ASR_train_outter: 1.0000
Epoch 600, loss_inner: 1.10248, loss_target: 1.08713, homo loss: 0.00002 
acc_train_clean: 0.6752, ASR_train_attach: 1.0000, ASR_train_outter: 1.0000
Epoch 610, loss_inner: 1.10155, loss_target: 1.08597, homo loss: 0.00001 
acc_train_clean: 0.6755, ASR_train_attach: 1.0000, ASR_train_outter: 1.0000
Epoch 620, loss_inner: 1.10102, loss_target: 1.08564, homo loss: 0.00000 
acc_train_clean: 0.6758, ASR_train_attach: 1.0000, ASR_train_outter: 1.0000
Epoch 630, loss_inner: 1.10059, loss_target: 1.08532, homo loss: 0.00000 
acc_train_clean: 0.6757, ASR_train_attach: 1.0000, ASR_train_outter: 1.0000
Epoch 640, loss_inner: 1.10023, loss_target: 1.08473, homo loss: 0.00002 
acc_train_clean: 0.6758, ASR_train_attach: 1.0000, ASR_train_outter: 1.0000
Epoch 650, loss_inner: 1.09970, loss_target: 1.08428, homo loss: 0.00003 
acc_train_clean: 0.6757, ASR_train_attach: 1.0000, ASR_train_outter: 1.0000
Epoch 660, loss_inner: 1.10269, loss_target: 1.09656, homo loss: 0.00112 
acc_train_clean: 0.6749, ASR_train_attach: 1.0000, ASR_train_outter: 0.9988
Epoch 670, loss_inner: 1.10062, loss_target: 1.09776, homo loss: 0.00032 
acc_train_clean: 0.6757, ASR_train_attach: 1.0000, ASR_train_outter: 1.0000
Epoch 680, loss_inner: 1.10073, loss_target: 1.09075, homo loss: 0.00033 
acc_train_clean: 0.6748, ASR_train_attach: 1.0000, ASR_train_outter: 1.0000
Epoch 690, loss_inner: 1.09943, loss_target: 1.08930, homo loss: 0.00031 
acc_train_clean: 0.6755, ASR_train_attach: 1.0000, ASR_train_outter: 1.0000
Epoch 700, loss_inner: 1.09886, loss_target: 1.08890, homo loss: 0.00027 
acc_train_clean: 0.6763, ASR_train_attach: 1.0000, ASR_train_outter: 1.0000
Epoch 710, loss_inner: 1.09851, loss_target: 1.08786, homo loss: 0.00022 
acc_train_clean: 0.6764, ASR_train_attach: 1.0000, ASR_train_outter: 1.0000
Epoch 720, loss_inner: 1.09790, loss_target: 1.08607, homo loss: 0.00013 
acc_train_clean: 0.6762, ASR_train_attach: 1.0000, ASR_train_outter: 1.0000
Epoch 730, loss_inner: 1.09742, loss_target: 1.08290, homo loss: 0.00001 
acc_train_clean: 0.6767, ASR_train_attach: 1.0000, ASR_train_outter: 1.0000
Epoch 740, loss_inner: 1.09703, loss_target: 1.08180, homo loss: 0.00000 
acc_train_clean: 0.6769, ASR_train_attach: 1.0000, ASR_train_outter: 0.9964
Epoch 750, loss_inner: 1.09659, loss_target: 1.08127, homo loss: 0.00000 
acc_train_clean: 0.6769, ASR_train_attach: 1.0000, ASR_train_outter: 0.9976
Epoch 760, loss_inner: 1.09640, loss_target: 1.08148, homo loss: 0.00000 
acc_train_clean: 0.6770, ASR_train_attach: 1.0000, ASR_train_outter: 0.9988
Epoch 770, loss_inner: 1.09606, loss_target: 1.08103, homo loss: 0.00000 
acc_train_clean: 0.6769, ASR_train_attach: 1.0000, ASR_train_outter: 0.9988
Epoch 780, loss_inner: 1.09584, loss_target: 1.08046, homo loss: 0.00001 
acc_train_clean: 0.6770, ASR_train_attach: 1.0000, ASR_train_outter: 1.0000
Epoch 790, loss_inner: 1.09583, loss_target: 1.08130, homo loss: 0.00004 
acc_train_clean: 0.6769, ASR_train_attach: 1.0000, ASR_train_outter: 1.0000
Epoch 800, loss_inner: 1.09544, loss_target: 1.08004, homo loss: 0.00000 
acc_train_clean: 0.6770, ASR_train_attach: 1.0000, ASR_train_outter: 1.0000
Epoch 810, loss_inner: 1.09506, loss_target: 1.07980, homo loss: 0.00003 
acc_train_clean: 0.6775, ASR_train_attach: 1.0000, ASR_train_outter: 1.0000
Epoch 820, loss_inner: 1.09499, loss_target: 1.07988, homo loss: 0.00006 
acc_train_clean: 0.6770, ASR_train_attach: 1.0000, ASR_train_outter: 0.9976
Epoch 830, loss_inner: 1.09466, loss_target: 1.08048, homo loss: 0.00005 
acc_train_clean: 0.6772, ASR_train_attach: 1.0000, ASR_train_outter: 0.9988
Epoch 840, loss_inner: 1.09446, loss_target: 1.07919, homo loss: 0.00001 
acc_train_clean: 0.6775, ASR_train_attach: 1.0000, ASR_train_outter: 1.0000
Epoch 850, loss_inner: 1.09456, loss_target: 1.07954, homo loss: 0.00002 
acc_train_clean: 0.6774, ASR_train_attach: 1.0000, ASR_train_outter: 0.9976
Epoch 860, loss_inner: 1.09412, loss_target: 1.07932, homo loss: 0.00001 
acc_train_clean: 0.6777, ASR_train_attach: 1.0000, ASR_train_outter: 0.9988
Epoch 870, loss_inner: 1.09381, loss_target: 1.07877, homo loss: 0.00003 
acc_train_clean: 0.6776, ASR_train_attach: 1.0000, ASR_train_outter: 1.0000
Epoch 880, loss_inner: 1.09356, loss_target: 1.07852, homo loss: 0.00004 
acc_train_clean: 0.6776, ASR_train_attach: 1.0000, ASR_train_outter: 0.9988
Epoch 890, loss_inner: 1.09351, loss_target: 1.07813, homo loss: 0.00002 
acc_train_clean: 0.6776, ASR_train_attach: 1.0000, ASR_train_outter: 0.9988
Epoch 900, loss_inner: 1.09311, loss_target: 1.07820, homo loss: 0.00002 
acc_train_clean: 0.6777, ASR_train_attach: 1.0000, ASR_train_outter: 0.9988
Epoch 910, loss_inner: 1.09314, loss_target: 1.07816, homo loss: 0.00008 
acc_train_clean: 0.6776, ASR_train_attach: 1.0000, ASR_train_outter: 1.0000
Epoch 920, loss_inner: 1.09268, loss_target: 1.07766, homo loss: 0.00004 
acc_train_clean: 0.6778, ASR_train_attach: 1.0000, ASR_train_outter: 0.9988
Epoch 930, loss_inner: 1.09302, loss_target: 1.08810, homo loss: 0.00037 
acc_train_clean: 0.6779, ASR_train_attach: 1.0000, ASR_train_outter: 0.9988
Epoch 940, loss_inner: 1.09462, loss_target: 1.09412, homo loss: 0.00025 
acc_train_clean: 0.6774, ASR_train_attach: 1.0000, ASR_train_outter: 1.0000
Epoch 950, loss_inner: 1.09339, loss_target: 1.08203, homo loss: 0.00020 
acc_train_clean: 0.6775, ASR_train_attach: 1.0000, ASR_train_outter: 1.0000
Epoch 960, loss_inner: 1.09246, loss_target: 1.07964, homo loss: 0.00006 
acc_train_clean: 0.6777, ASR_train_attach: 1.0000, ASR_train_outter: 1.0000
Epoch 970, loss_inner: 1.09205, loss_target: 1.07701, homo loss: 0.00001 
acc_train_clean: 0.6778, ASR_train_attach: 1.0000, ASR_train_outter: 0.9940
Epoch 980, loss_inner: 1.09196, loss_target: 1.07864, homo loss: 0.00003 
acc_train_clean: 0.6780, ASR_train_attach: 1.0000, ASR_train_outter: 0.9952
Epoch 990, loss_inner: 1.61847, loss_target: 1.78024, homo loss: 0.00315 
acc_train_clean: 0.5781, ASR_train_attach: 1.0000, ASR_train_outter: 0.9844
Epoch 1000, loss_inner: 1.29376, loss_target: 1.50685, homo loss: 0.00403 
acc_train_clean: 0.6342, ASR_train_attach: 1.0000, ASR_train_outter: 0.9712
Epoch 1010, loss_inner: 1.16664, loss_target: 1.40777, homo loss: 0.00323 
acc_train_clean: 0.6615, ASR_train_attach: 1.0000, ASR_train_outter: 1.0000
Epoch 1020, loss_inner: 1.13711, loss_target: 1.39095, homo loss: 0.00244 
acc_train_clean: 0.6655, ASR_train_attach: 1.0000, ASR_train_outter: 1.0000
Epoch 1030, loss_inner: 1.12532, loss_target: 1.34267, homo loss: 0.00199 
acc_train_clean: 0.6704, ASR_train_attach: 1.0000, ASR_train_outter: 1.0000
Epoch 1040, loss_inner: 1.12324, loss_target: 1.29297, homo loss: 0.00179 
acc_train_clean: 0.6699, ASR_train_attach: 1.0000, ASR_train_outter: 1.0000
Epoch 1050, loss_inner: 1.24788, loss_target: 1.63285, homo loss: 0.00230 
acc_train_clean: 0.6439, ASR_train_attach: 1.0000, ASR_train_outter: 1.0000
Epoch 1060, loss_inner: 1.45643, loss_target: 2.68107, homo loss: 0.00669 
acc_train_clean: 0.5742, ASR_train_attach: 1.0000, ASR_train_outter: 0.9988
Epoch 1070, loss_inner: 1.63889, loss_target: 8.59727, homo loss: 0.03486 
acc_train_clean: 0.5644, ASR_train_attach: 1.0000, ASR_train_outter: 0.0000
Epoch 1080, loss_inner: 1.85133, loss_target: 6.00053, homo loss: 0.09135 
acc_train_clean: 0.5489, ASR_train_attach: 1.0000, ASR_train_outter: 0.9784
Epoch 1090, loss_inner: 2.09415, loss_target: 12.70959, homo loss: 0.11804 
acc_train_clean: 0.5363, ASR_train_attach: 1.0000, ASR_train_outter: 0.0000
Epoch 1100, loss_inner: 2.52659, loss_target: 11.70836, homo loss: 0.14498 
acc_train_clean: 0.5159, ASR_train_attach: 1.0000, ASR_train_outter: 1.0000
Epoch 1110, loss_inner: 1.89275, loss_target: 7.55246, homo loss: 0.14076 
acc_train_clean: 0.5518, ASR_train_attach: 1.0000, ASR_train_outter: 1.0000
Epoch 1120, loss_inner: 2.25072, loss_target: 80.97828, homo loss: 0.15685 
acc_train_clean: 0.5146, ASR_train_attach: 1.0000, ASR_train_outter: 0.0000
Epoch 1130, loss_inner: 7.85469, loss_target: 22.65377, homo loss: 0.17626 
acc_train_clean: 0.5244, ASR_train_attach: 1.0000, ASR_train_outter: 1.0000
Epoch 1140, loss_inner: 3.21485, loss_target: 8.67602, homo loss: 0.17007 
acc_train_clean: 0.5200, ASR_train_attach: 1.0000, ASR_train_outter: 1.0000
Epoch 1150, loss_inner: 1.97995, loss_target: 5.97645, homo loss: 0.14915 
acc_train_clean: 0.5612, ASR_train_attach: 1.0000, ASR_train_outter: 1.0000
Epoch 1160, loss_inner: 1.47732, loss_target: 1.69025, homo loss: 0.12959 
acc_train_clean: 0.5883, ASR_train_attach: 1.0000, ASR_train_outter: 1.0000
Epoch 1170, loss_inner: 1.38536, loss_target: 1.35397, homo loss: 0.11086 
acc_train_clean: 0.6070, ASR_train_attach: 1.0000, ASR_train_outter: 1.0000
Epoch 1180, loss_inner: 1.34483, loss_target: 1.32350, homo loss: 0.09591 
acc_train_clean: 0.6147, ASR_train_attach: 1.0000, ASR_train_outter: 1.0000
Epoch 1190, loss_inner: 1.32128, loss_target: 1.30084, homo loss: 0.08320 
acc_train_clean: 0.6209, ASR_train_attach: 1.0000, ASR_train_outter: 1.0000
Epoch 1200, loss_inner: 1.30122, loss_target: 1.28145, homo loss: 0.07292 
acc_train_clean: 0.6258, ASR_train_attach: 1.0000, ASR_train_outter: 1.0000
Epoch 1210, loss_inner: 1.28502, loss_target: 1.26583, homo loss: 0.06434 
acc_train_clean: 0.6296, ASR_train_attach: 1.0000, ASR_train_outter: 1.0000
Epoch 1220, loss_inner: 1.27098, loss_target: 1.25223, homo loss: 0.05695 
acc_train_clean: 0.6320, ASR_train_attach: 1.0000, ASR_train_outter: 1.0000
Epoch 1230, loss_inner: 1.26075, loss_target: 1.24248, homo loss: 0.05041 
acc_train_clean: 0.6347, ASR_train_attach: 1.0000, ASR_train_outter: 1.0000
Epoch 1240, loss_inner: 1.25063, loss_target: 1.23244, homo loss: 0.04450 
acc_train_clean: 0.6361, ASR_train_attach: 1.0000, ASR_train_outter: 1.0000
Epoch 1250, loss_inner: 1.24183, loss_target: 1.22386, homo loss: 0.03925 
acc_train_clean: 0.6382, ASR_train_attach: 1.0000, ASR_train_outter: 1.0000
Epoch 1260, loss_inner: 1.23522, loss_target: 1.21866, homo loss: 0.03417 
acc_train_clean: 0.6404, ASR_train_attach: 1.0000, ASR_train_outter: 1.0000
Epoch 1270, loss_inner: 1.23055, loss_target: 1.21294, homo loss: 0.02961 
acc_train_clean: 0.6404, ASR_train_attach: 1.0000, ASR_train_outter: 1.0000
Epoch 1280, loss_inner: 1.22502, loss_target: 1.20747, homo loss: 0.02542 
acc_train_clean: 0.6424, ASR_train_attach: 1.0000, ASR_train_outter: 1.0000
Epoch 1290, loss_inner: 1.21939, loss_target: 1.20220, homo loss: 0.02183 
acc_train_clean: 0.6447, ASR_train_attach: 1.0000, ASR_train_outter: 1.0000
Epoch 1300, loss_inner: 1.21757, loss_target: 1.19987, homo loss: 0.01849 
acc_train_clean: 0.6453, ASR_train_attach: 1.0000, ASR_train_outter: 1.0000
Epoch 1310, loss_inner: 1.21409, loss_target: 1.19617, homo loss: 0.01588 
acc_train_clean: 0.6453, ASR_train_attach: 1.0000, ASR_train_outter: 1.0000
Epoch 1320, loss_inner: 1.20938, loss_target: 1.19242, homo loss: 0.01353 
acc_train_clean: 0.6480, ASR_train_attach: 1.0000, ASR_train_outter: 1.0000
Epoch 1330, loss_inner: 1.20649, loss_target: 1.18946, homo loss: 0.01175 
acc_train_clean: 0.6482, ASR_train_attach: 1.0000, ASR_train_outter: 1.0000
Epoch 1340, loss_inner: 1.20806, loss_target: 1.19130, homo loss: 0.01010 
acc_train_clean: 0.6493, ASR_train_attach: 1.0000, ASR_train_outter: 1.0000
Epoch 1350, loss_inner: 1.20560, loss_target: 1.18997, homo loss: 0.00872 
acc_train_clean: 0.6472, ASR_train_attach: 1.0000, ASR_train_outter: 1.0000
Epoch 1360, loss_inner: 1.20141, loss_target: 1.18971, homo loss: 0.00766 
acc_train_clean: 0.6504, ASR_train_attach: 1.0000, ASR_train_outter: 1.0000
Epoch 1370, loss_inner: 1.19819, loss_target: 1.18058, homo loss: 0.00682 
acc_train_clean: 0.6502, ASR_train_attach: 1.0000, ASR_train_outter: 1.0000
Epoch 1380, loss_inner: 1.19456, loss_target: 1.17777, homo loss: 0.00613 
acc_train_clean: 0.6509, ASR_train_attach: 1.0000, ASR_train_outter: 1.0000
Epoch 1390, loss_inner: 1.19158, loss_target: 1.17482, homo loss: 0.00554 
acc_train_clean: 0.6521, ASR_train_attach: 1.0000, ASR_train_outter: 1.0000
Epoch 1400, loss_inner: 1.18851, loss_target: 1.17191, homo loss: 0.00521 
acc_train_clean: 0.6521, ASR_train_attach: 1.0000, ASR_train_outter: 1.0000
Epoch 1410, loss_inner: 1.18675, loss_target: 1.17069, homo loss: 0.00466 
acc_train_clean: 0.6534, ASR_train_attach: 1.0000, ASR_train_outter: 1.0000
Epoch 1420, loss_inner: 1.18526, loss_target: 1.16859, homo loss: 0.00440 
acc_train_clean: 0.6545, ASR_train_attach: 1.0000, ASR_train_outter: 1.0000
Epoch 1430, loss_inner: 1.18277, loss_target: 1.16718, homo loss: 0.00407 
acc_train_clean: 0.6538, ASR_train_attach: 1.0000, ASR_train_outter: 1.0000
Epoch 1440, loss_inner: 1.18043, loss_target: 1.16398, homo loss: 0.00387 
acc_train_clean: 0.6552, ASR_train_attach: 1.0000, ASR_train_outter: 1.0000
Epoch 1450, loss_inner: 1.17866, loss_target: 1.16245, homo loss: 0.00378 
acc_train_clean: 0.6552, ASR_train_attach: 1.0000, ASR_train_outter: 1.0000
Epoch 1460, loss_inner: 1.17670, loss_target: 1.16046, homo loss: 0.00362 
acc_train_clean: 0.6563, ASR_train_attach: 1.0000, ASR_train_outter: 1.0000
Epoch 1470, loss_inner: 1.17649, loss_target: 1.16037, homo loss: 0.00340 
acc_train_clean: 0.6558, ASR_train_attach: 1.0000, ASR_train_outter: 1.0000
Epoch 1480, loss_inner: 1.17508, loss_target: 1.15877, homo loss: 0.00324 
acc_train_clean: 0.6564, ASR_train_attach: 1.0000, ASR_train_outter: 1.0000
Epoch 1490, loss_inner: 1.17287, loss_target: 1.15671, homo loss: 0.00309 
acc_train_clean: 0.6574, ASR_train_attach: 1.0000, ASR_train_outter: 1.0000
load best weight based on the loss outter
precent of left attach nodes: 0.197
Namespace(cuda=True, dataset='ogbn-arxiv', debug=True, defense_mode='isolate', device_id=2, dis_weight=0.0, dropout=0.5, epochs=200, evaluate_mode='1by1', hidden=32, homo_boost_thrd=0.8, homo_loss_weight=200.0, inner=1, lr=0.01, model='GCN', no_cuda=False, prune_thr=0.8, seed=265, selection_method='cluster_degree', target_class=0, target_loss_weight=1, test_model='GCN', thrd=0.5, train_lr=0.01, trigger_size=3, trojan_epochs=1500, use_vs_number=True, vs_number=320, vs_ratio=0, weight_decay=0.0005)
target class rate on Vs: 0.9781
accuracy on clean test nodes: 0.6296
Overall ASR: 0.9336
Flip ASR: 0.9335/16875 nodes
Namespace(cuda=True, dataset='ogbn-arxiv', debug=True, defense_mode='isolate', device_id=2, dis_weight=0.0, dropout=0.5, epochs=200, evaluate_mode='1by1', hidden=32, homo_boost_thrd=0.8, homo_loss_weight=200.0, inner=1, lr=0.01, model='GCN', no_cuda=False, prune_thr=0.8, seed=125, selection_method='cluster_degree', target_class=0, target_loss_weight=1, test_model='GCN', thrd=0.5, train_lr=0.01, trigger_size=3, trojan_epochs=1500, use_vs_number=True, vs_number=320, vs_ratio=0, weight_decay=0.0005)
target class rate on Vs: 0.9781
accuracy on clean test nodes: 0.6320
Overall ASR: 0.9358
Flip ASR: 0.9356/16875 nodes
Namespace(cuda=True, dataset='ogbn-arxiv', debug=True, defense_mode='isolate', device_id=2, dis_weight=0.0, dropout=0.5, epochs=200, evaluate_mode='1by1', hidden=32, homo_boost_thrd=0.8, homo_loss_weight=200.0, inner=1, lr=0.01, model='GCN', no_cuda=False, prune_thr=0.8, seed=996, selection_method='cluster_degree', target_class=0, target_loss_weight=1, test_model='GCN', thrd=0.5, train_lr=0.01, trigger_size=3, trojan_epochs=1500, use_vs_number=True, vs_number=320, vs_ratio=0, weight_decay=0.0005)
target class rate on Vs: 0.9781
accuracy on clean test nodes: 0.6353
Overall ASR: 0.9333
Flip ASR: 0.9332/16875 nodes
Namespace(cuda=True, dataset='ogbn-arxiv', debug=True, defense_mode='isolate', device_id=2, dis_weight=0.0, dropout=0.5, epochs=200, evaluate_mode='1by1', hidden=32, homo_boost_thrd=0.8, homo_loss_weight=200.0, inner=1, lr=0.01, model='GCN', no_cuda=False, prune_thr=0.8, seed=527, selection_method='cluster_degree', target_class=0, target_loss_weight=1, test_model='GCN', thrd=0.5, train_lr=0.01, trigger_size=3, trojan_epochs=1500, use_vs_number=True, vs_number=320, vs_ratio=0, weight_decay=0.0005)
target class rate on Vs: 0.9781
accuracy on clean test nodes: 0.6287
Overall ASR: 0.9359
Flip ASR: 0.9358/16875 nodes
Namespace(cuda=True, dataset='ogbn-arxiv', debug=True, defense_mode='isolate', device_id=2, dis_weight=0.0, dropout=0.5, epochs=200, evaluate_mode='1by1', hidden=32, homo_boost_thrd=0.8, homo_loss_weight=200.0, inner=1, lr=0.01, model='GCN', no_cuda=False, prune_thr=0.8, seed=320, selection_method='cluster_degree', target_class=0, target_loss_weight=1, test_model='GCN', thrd=0.5, train_lr=0.01, trigger_size=3, trojan_epochs=1500, use_vs_number=True, vs_number=320, vs_ratio=0, weight_decay=0.0005)
target class rate on Vs: 0.9781
accuracy on clean test nodes: 0.6201
Overall ASR: 0.9361
Flip ASR: 0.9359/16875 nodes
Overall ASR: 0.9350 (GCN model, Seed: 320)
Overall Clean Accuracy: 0.6292
Namespace(cuda=True, dataset='ogbn-arxiv', debug=True, defense_mode='isolate', device_id=2, dis_weight=0.0, dropout=0.5, epochs=200, evaluate_mode='1by1', hidden=32, homo_boost_thrd=0.8, homo_loss_weight=200.0, inner=1, lr=0.01, model='GCN', no_cuda=False, prune_thr=0.8, seed=781, selection_method='cluster_degree', target_class=0, target_loss_weight=1, test_model='GAT', thrd=0.5, train_lr=0.01, trigger_size=3, trojan_epochs=1500, use_vs_number=True, vs_number=320, vs_ratio=0, weight_decay=0.0005)
/home/project-graph-backdoor/Backdoor/models/GAT.py:61: UserWarning: To copy construct from a tensor, it is recommended to use sourceTensor.clone().detach() or sourceTensor.clone().detach().requires_grad_(True), rather than torch.tensor(sourceTensor).
  self.labels = torch.tensor(labels, dtype=torch.long)
target class rate on Vs: 0.9781
accuracy on clean test nodes: 0.6382
Overall ASR: 0.9382
Flip ASR: 0.9381/16875 nodes
Namespace(cuda=True, dataset='ogbn-arxiv', debug=True, defense_mode='isolate', device_id=2, dis_weight=0.0, dropout=0.5, epochs=200, evaluate_mode='1by1', hidden=32, homo_boost_thrd=0.8, homo_loss_weight=200.0, inner=1, lr=0.01, model='GCN', no_cuda=False, prune_thr=0.8, seed=706, selection_method='cluster_degree', target_class=0, target_loss_weight=1, test_model='GAT', thrd=0.5, train_lr=0.01, trigger_size=3, trojan_epochs=1500, use_vs_number=True, vs_number=320, vs_ratio=0, weight_decay=0.0005)
target class rate on Vs: 0.9781
accuracy on clean test nodes: 0.6364
Overall ASR: 0.9383
Flip ASR: 0.9381/16875 nodes
Namespace(cuda=True, dataset='ogbn-arxiv', debug=True, defense_mode='isolate', device_id=2, dis_weight=0.0, dropout=0.5, epochs=200, evaluate_mode='1by1', hidden=32, homo_boost_thrd=0.8, homo_loss_weight=200.0, inner=1, lr=0.01, model='GCN', no_cuda=False, prune_thr=0.8, seed=778, selection_method='cluster_degree', target_class=0, target_loss_weight=1, test_model='GAT', thrd=0.5, train_lr=0.01, trigger_size=3, trojan_epochs=1500, use_vs_number=True, vs_number=320, vs_ratio=0, weight_decay=0.0005)
target class rate on Vs: 0.9781
accuracy on clean test nodes: 0.6358
Overall ASR: 0.9382
Flip ASR: 0.9381/16875 nodes
Namespace(cuda=True, dataset='ogbn-arxiv', debug=True, defense_mode='isolate', device_id=2, dis_weight=0.0, dropout=0.5, epochs=200, evaluate_mode='1by1', hidden=32, homo_boost_thrd=0.8, homo_loss_weight=200.0, inner=1, lr=0.01, model='GCN', no_cuda=False, prune_thr=0.8, seed=604, selection_method='cluster_degree', target_class=0, target_loss_weight=1, test_model='GAT', thrd=0.5, train_lr=0.01, trigger_size=3, trojan_epochs=1500, use_vs_number=True, vs_number=320, vs_ratio=0, weight_decay=0.0005)
target class rate on Vs: 0.9781
accuracy on clean test nodes: 0.6372
Overall ASR: 0.9382
Flip ASR: 0.9381/16875 nodes
Namespace(cuda=True, dataset='ogbn-arxiv', debug=True, defense_mode='isolate', device_id=2, dis_weight=0.0, dropout=0.5, epochs=200, evaluate_mode='1by1', hidden=32, homo_boost_thrd=0.8, homo_loss_weight=200.0, inner=1, lr=0.01, model='GCN', no_cuda=False, prune_thr=0.8, seed=133, selection_method='cluster_degree', target_class=0, target_loss_weight=1, test_model='GAT', thrd=0.5, train_lr=0.01, trigger_size=3, trojan_epochs=1500, use_vs_number=True, vs_number=320, vs_ratio=0, weight_decay=0.0005)
target class rate on Vs: 0.9781
accuracy on clean test nodes: 0.6378
Overall ASR: 0.9382
Flip ASR: 0.9381/16875 nodes
Overall ASR: 0.9382 (GAT model, Seed: 133)
Overall Clean Accuracy: 0.6371
Namespace(cuda=True, dataset='ogbn-arxiv', debug=True, defense_mode='isolate', device_id=2, dis_weight=0.0, dropout=0.5, epochs=200, evaluate_mode='1by1', hidden=32, homo_boost_thrd=0.8, homo_loss_weight=200.0, inner=1, lr=0.01, model='GCN', no_cuda=False, prune_thr=0.8, seed=673, selection_method='cluster_degree', target_class=0, target_loss_weight=1, test_model='GraphSage', thrd=0.5, train_lr=0.01, trigger_size=3, trojan_epochs=1500, use_vs_number=True, vs_number=320, vs_ratio=0, weight_decay=0.0005)
target class rate on Vs: 0.9750
accuracy on clean test nodes: 0.6273
Overall ASR: 0.9114
Flip ASR: 0.9112/16875 nodes
Namespace(cuda=True, dataset='ogbn-arxiv', debug=True, defense_mode='isolate', device_id=2, dis_weight=0.0, dropout=0.5, epochs=200, evaluate_mode='1by1', hidden=32, homo_boost_thrd=0.8, homo_loss_weight=200.0, inner=1, lr=0.01, model='GCN', no_cuda=False, prune_thr=0.8, seed=904, selection_method='cluster_degree', target_class=0, target_loss_weight=1, test_model='GraphSage', thrd=0.5, train_lr=0.01, trigger_size=3, trojan_epochs=1500, use_vs_number=True, vs_number=320, vs_ratio=0, weight_decay=0.0005)
target class rate on Vs: 0.9781
accuracy on clean test nodes: 0.6259
Overall ASR: 0.9149
Flip ASR: 0.9147/16875 nodes
Namespace(cuda=True, dataset='ogbn-arxiv', debug=True, defense_mode='isolate', device_id=2, dis_weight=0.0, dropout=0.5, epochs=200, evaluate_mode='1by1', hidden=32, homo_boost_thrd=0.8, homo_loss_weight=200.0, inner=1, lr=0.01, model='GCN', no_cuda=False, prune_thr=0.8, seed=56, selection_method='cluster_degree', target_class=0, target_loss_weight=1, test_model='GraphSage', thrd=0.5, train_lr=0.01, trigger_size=3, trojan_epochs=1500, use_vs_number=True, vs_number=320, vs_ratio=0, weight_decay=0.0005)
target class rate on Vs: 0.9750
accuracy on clean test nodes: 0.6260
Overall ASR: 0.9043
Flip ASR: 0.9041/16875 nodes
Namespace(cuda=True, dataset='ogbn-arxiv', debug=True, defense_mode='isolate', device_id=2, dis_weight=0.0, dropout=0.5, epochs=200, evaluate_mode='1by1', hidden=32, homo_boost_thrd=0.8, homo_loss_weight=200.0, inner=1, lr=0.01, model='GCN', no_cuda=False, prune_thr=0.8, seed=1, selection_method='cluster_degree', target_class=0, target_loss_weight=1, test_model='GraphSage', thrd=0.5, train_lr=0.01, trigger_size=3, trojan_epochs=1500, use_vs_number=True, vs_number=320, vs_ratio=0, weight_decay=0.0005)
target class rate on Vs: 0.9750
accuracy on clean test nodes: 0.6329
Overall ASR: 0.9066
Flip ASR: 0.9064/16875 nodes
Namespace(cuda=True, dataset='ogbn-arxiv', debug=True, defense_mode='isolate', device_id=2, dis_weight=0.0, dropout=0.5, epochs=200, evaluate_mode='1by1', hidden=32, homo_boost_thrd=0.8, homo_loss_weight=200.0, inner=1, lr=0.01, model='GCN', no_cuda=False, prune_thr=0.8, seed=694, selection_method='cluster_degree', target_class=0, target_loss_weight=1, test_model='GraphSage', thrd=0.5, train_lr=0.01, trigger_size=3, trojan_epochs=1500, use_vs_number=True, vs_number=320, vs_ratio=0, weight_decay=0.0005)
target class rate on Vs: 0.9656
accuracy on clean test nodes: 0.6229
Overall ASR: 0.9055
Flip ASR: 0.9052/16875 nodes
Overall ASR: 0.9085 (GraphSage model, Seed: 694)
Overall Clean Accuracy: 0.6270
Total Overall ASR: 0.9272 
Total Clean Accuracy: 0.6311
