nohup: ignoring input
run_adaptive.py:8: DeprecationWarning: the imp module is deprecated in favour of importlib; see the module's documentation for alternative uses
  import imp
Namespace(cuda=True, dataset='ogbn-arxiv', debug=True, defense_mode='prune', device_id=3, dis_weight=0.0, dropout=0.5, epochs=800, evaluate_mode='1by1', hidden=32, homo_boost_thrd=0.8, homo_loss_weight=0.0, inner=1, lr=0.01, model='GCN', no_cuda=False, prune_thr=0.8, seed=10, selection_method='cluster_degree', target_class=0, target_loss_weight=1, test_model='GCN', thrd=0.5, train_lr=0.01, trigger_size=3, trojan_epochs=800, use_vs_number=True, vs_number=160, vs_ratio=0, weight_decay=0.0005)
#Attach Nodes:160
./selected_nodes/ogbn-arxiv/Overall/seed10/nodes.txt
idx_attach: tensor([132437, 159342, 115859,  11103, 127522,  67544,  82569, 161886,  62976,
         13773,  68963, 144203,  19681,    750, 156733,  86828,  18909,  82685,
         81700, 164714, 103734,  65352,  47692,  14294, 153213,  78523,   1385,
         50714, 156839, 144199,  88403,  58221,  56228,  88511,  12909, 156645,
         93340, 136107,  80139,    622,   1438,   7666, 133129, 127534, 106596,
        102712,   4269,  55140, 125068, 152827, 135150,  23527,   3609,   6462,
        121168, 152542,   6165, 126338,  90948,  77520,  47397, 106658,  68636,
        109074,  69509, 138501,  13873,  20117,  83448,   3102, 143264,  91042,
         54237,  58770, 165138, 126351,  55671,  99141,  13704, 136218,  16458,
         43368, 146276,  31105, 112018,  77110, 104399,  46245, 147007,   5821,
         19313,  91731,  20583, 142204,  80573,   7668,  83587, 128743, 143180,
         91852,  75911,  65787, 153365, 126297,  39114, 104240,  77327,   4583,
           512,  48952,  28134,  38432,  10832,  61628, 127678, 138417, 147495,
         98345,  93057,  33697, 138811, 124659, 133488,  71285,  47676,   1298,
        167767,  47649, 124811,  39955,  70652, 138116,  94425, 163083,  21820,
        133451,  73518, 132097,  23608,  13837, 125639,  40347, 163907,   5087,
          6422, 119164, 165901,   5059,  83768,  27180, 100388,  35462, 116799,
          3703,   5670,  48904,  68159, 113552, 160597,  96989],
       device='cuda:3')
tensor([     1,      2,      3,  ..., 169334, 169336, 169338], device='cuda:3')
Epoch 0, loss_inner: 3.74859, loss_target: 3.63096, homo loss: 0.00000 
acc_train_clean: 0.0089, ASR_train_attach: 0.0000, ASR_train_outter: 0.0000
Epoch 10, loss_inner: 2.98690, loss_target: 2.89705, homo loss: 0.00000 
acc_train_clean: 0.2555, ASR_train_attach: 0.6063, ASR_train_outter: 0.8235
Epoch 20, loss_inner: 2.73401, loss_target: 2.64915, homo loss: 0.00000 
acc_train_clean: 0.2870, ASR_train_attach: 0.9750, ASR_train_outter: 0.9603
Epoch 30, loss_inner: 2.44961, loss_target: 2.37093, homo loss: 0.00000 
acc_train_clean: 0.3732, ASR_train_attach: 0.9500, ASR_train_outter: 0.9637
Epoch 40, loss_inner: 2.17711, loss_target: 2.10991, homo loss: 0.00000 
acc_train_clean: 0.4355, ASR_train_attach: 0.9188, ASR_train_outter: 0.9476
Epoch 50, loss_inner: 1.95007, loss_target: 1.90584, homo loss: 0.00000 
acc_train_clean: 0.4948, ASR_train_attach: 0.9938, ASR_train_outter: 0.9780
Epoch 60, loss_inner: 1.77287, loss_target: 1.80237, homo loss: 0.00000 
acc_train_clean: 0.5261, ASR_train_attach: 1.0000, ASR_train_outter: 0.9932
Epoch 70, loss_inner: 1.64273, loss_target: 1.62156, homo loss: 0.00000 
acc_train_clean: 0.5619, ASR_train_attach: 0.5687, ASR_train_outter: 0.9780
Epoch 80, loss_inner: 1.54042, loss_target: 1.51596, homo loss: 0.00000 
acc_train_clean: 0.5833, ASR_train_attach: 0.9062, ASR_train_outter: 0.9544
Epoch 90, loss_inner: 1.46406, loss_target: 1.43547, homo loss: 0.00000 
acc_train_clean: 0.5986, ASR_train_attach: 0.9375, ASR_train_outter: 0.9443
Epoch 100, loss_inner: 1.40603, loss_target: 1.37858, homo loss: 0.00000 
acc_train_clean: 0.6093, ASR_train_attach: 0.9438, ASR_train_outter: 0.9400
Epoch 110, loss_inner: 1.36056, loss_target: 1.33523, homo loss: 0.00000 
acc_train_clean: 0.6188, ASR_train_attach: 0.9313, ASR_train_outter: 0.9248
Epoch 120, loss_inner: 1.32517, loss_target: 1.30362, homo loss: 0.00000 
acc_train_clean: 0.6247, ASR_train_attach: 0.9625, ASR_train_outter: 0.9510
Epoch 130, loss_inner: 1.29870, loss_target: 1.27761, homo loss: 0.00000 
acc_train_clean: 0.6298, ASR_train_attach: 0.9188, ASR_train_outter: 0.9417
Epoch 140, loss_inner: 1.27682, loss_target: 1.25834, homo loss: 0.00000 
acc_train_clean: 0.6342, ASR_train_attach: 0.9500, ASR_train_outter: 0.9628
Epoch 150, loss_inner: 1.27257, loss_target: 1.48163, homo loss: 0.00000 
acc_train_clean: 0.6359, ASR_train_attach: 1.0000, ASR_train_outter: 0.9966
Epoch 160, loss_inner: 1.24895, loss_target: 1.26851, homo loss: 0.00000 
acc_train_clean: 0.6403, ASR_train_attach: 0.9813, ASR_train_outter: 0.9890
Epoch 170, loss_inner: 1.23853, loss_target: 1.22442, homo loss: 0.00000 
acc_train_clean: 0.6439, ASR_train_attach: 0.9188, ASR_train_outter: 0.9476
Epoch 180, loss_inner: 1.22735, loss_target: 1.21396, homo loss: 0.00000 
acc_train_clean: 0.6452, ASR_train_attach: 0.9625, ASR_train_outter: 0.9620
Epoch 190, loss_inner: 1.21789, loss_target: 1.20356, homo loss: 0.00000 
acc_train_clean: 0.6475, ASR_train_attach: 0.9688, ASR_train_outter: 0.9544
Epoch 200, loss_inner: 1.20958, loss_target: 1.19402, homo loss: 0.00000 
acc_train_clean: 0.6490, ASR_train_attach: 0.9688, ASR_train_outter: 0.9519
Epoch 210, loss_inner: 1.20228, loss_target: 1.18613, homo loss: 0.00000 
acc_train_clean: 0.6509, ASR_train_attach: 0.9688, ASR_train_outter: 0.9502
Epoch 220, loss_inner: 1.19599, loss_target: 1.17858, homo loss: 0.00000 
acc_train_clean: 0.6524, ASR_train_attach: 0.9438, ASR_train_outter: 0.9417
Epoch 230, loss_inner: 1.19012, loss_target: 1.17151, homo loss: 0.00000 
acc_train_clean: 0.6543, ASR_train_attach: 0.9500, ASR_train_outter: 0.9443
Epoch 240, loss_inner: 1.18517, loss_target: 1.16730, homo loss: 0.00000 
acc_train_clean: 0.6557, ASR_train_attach: 0.9313, ASR_train_outter: 0.9341
Epoch 250, loss_inner: 1.18062, loss_target: 1.16376, homo loss: 0.00000 
acc_train_clean: 0.6572, ASR_train_attach: 0.9188, ASR_train_outter: 0.9155
Epoch 260, loss_inner: 1.17580, loss_target: 1.16886, homo loss: 0.00000 
acc_train_clean: 0.6582, ASR_train_attach: 0.9875, ASR_train_outter: 0.9738
Epoch 270, loss_inner: 1.17512, loss_target: 1.18267, homo loss: 0.00000 
acc_train_clean: 0.6592, ASR_train_attach: 0.7750, ASR_train_outter: 0.7965
Epoch 280, loss_inner: 1.16847, loss_target: 1.15690, homo loss: 0.00000 
acc_train_clean: 0.6599, ASR_train_attach: 0.9062, ASR_train_outter: 0.9409
Epoch 290, loss_inner: 1.16488, loss_target: 1.15088, homo loss: 0.00000 
acc_train_clean: 0.6606, ASR_train_attach: 0.9062, ASR_train_outter: 0.9375
Epoch 300, loss_inner: 1.16128, loss_target: 1.14831, homo loss: 0.00000 
acc_train_clean: 0.6612, ASR_train_attach: 0.9313, ASR_train_outter: 0.9519
Epoch 310, loss_inner: 1.15801, loss_target: 1.14368, homo loss: 0.00000 
acc_train_clean: 0.6623, ASR_train_attach: 0.9125, ASR_train_outter: 0.9468
Epoch 320, loss_inner: 1.15487, loss_target: 1.13858, homo loss: 0.00000 
acc_train_clean: 0.6630, ASR_train_attach: 0.9125, ASR_train_outter: 0.9527
Epoch 330, loss_inner: 1.15209, loss_target: 1.13544, homo loss: 0.00000 
acc_train_clean: 0.6639, ASR_train_attach: 0.9125, ASR_train_outter: 0.9451
Epoch 340, loss_inner: 1.14960, loss_target: 1.13263, homo loss: 0.00000 
acc_train_clean: 0.6649, ASR_train_attach: 0.9125, ASR_train_outter: 0.9519
Epoch 350, loss_inner: 1.16793, loss_target: 1.17195, homo loss: 0.00000 
acc_train_clean: 0.6648, ASR_train_attach: 0.0625, ASR_train_outter: 0.9704
Epoch 360, loss_inner: 1.17784, loss_target: 1.62085, homo loss: 0.00000 
acc_train_clean: 0.6630, ASR_train_attach: 0.7812, ASR_train_outter: 0.9975
Epoch 370, loss_inner: 1.25144, loss_target: 1.49406, homo loss: 0.00000 
acc_train_clean: 0.6504, ASR_train_attach: 0.2313, ASR_train_outter: 0.9975
Epoch 380, loss_inner: 1.21705, loss_target: 1.74062, homo loss: 0.00000 
acc_train_clean: 0.6553, ASR_train_attach: 0.6313, ASR_train_outter: 0.9983
Epoch 390, loss_inner: 1.24355, loss_target: 1.80259, homo loss: 0.00000 
acc_train_clean: 0.6473, ASR_train_attach: 1.0000, ASR_train_outter: 0.9983
Epoch 400, loss_inner: 1.22513, loss_target: 1.56153, homo loss: 0.00000 
acc_train_clean: 0.6507, ASR_train_attach: 1.0000, ASR_train_outter: 0.9992
Epoch 410, loss_inner: 1.20024, loss_target: 1.51614, homo loss: 0.00000 
acc_train_clean: 0.6558, ASR_train_attach: 1.0000, ASR_train_outter: 0.9983
Epoch 420, loss_inner: 1.22698, loss_target: 2.80524, homo loss: 0.00000 
acc_train_clean: 0.6552, ASR_train_attach: 0.3063, ASR_train_outter: 1.0000
Epoch 430, loss_inner: 1.27495, loss_target: 5.30512, homo loss: 0.00000 
acc_train_clean: 0.6487, ASR_train_attach: 1.0000, ASR_train_outter: 0.9983
Epoch 440, loss_inner: 1.32256, loss_target: 5.35128, homo loss: 0.00000 
acc_train_clean: 0.6453, ASR_train_attach: 1.0000, ASR_train_outter: 1.0000
Epoch 450, loss_inner: 1.36227, loss_target: 3.41755, homo loss: 0.00000 
acc_train_clean: 0.6309, ASR_train_attach: 1.0000, ASR_train_outter: 1.0000
Epoch 460, loss_inner: 1.28148, loss_target: 4.59785, homo loss: 0.00000 
acc_train_clean: 0.6378, ASR_train_attach: 1.0000, ASR_train_outter: 1.0000
Epoch 470, loss_inner: 1.25495, loss_target: 5.25485, homo loss: 0.00000 
acc_train_clean: 0.6411, ASR_train_attach: 1.0000, ASR_train_outter: 0.9983
Epoch 480, loss_inner: 1.28375, loss_target: 6.04404, homo loss: 0.00000 
acc_train_clean: 0.6396, ASR_train_attach: 0.9625, ASR_train_outter: 1.0000
Epoch 490, loss_inner: 1.27693, loss_target: 6.64286, homo loss: 0.00000 
acc_train_clean: 0.6396, ASR_train_attach: 1.0000, ASR_train_outter: 1.0000
Epoch 500, loss_inner: 1.29680, loss_target: 8.47546, homo loss: 0.00000 
acc_train_clean: 0.6355, ASR_train_attach: 1.0000, ASR_train_outter: 1.0000
Epoch 510, loss_inner: 1.44098, loss_target: 10.82537, homo loss: 0.00000 
acc_train_clean: 0.6214, ASR_train_attach: 1.0000, ASR_train_outter: 1.0000
Epoch 520, loss_inner: 1.43169, loss_target: 12.64421, homo loss: 0.00000 
acc_train_clean: 0.6273, ASR_train_attach: 1.0000, ASR_train_outter: 1.0000
Epoch 530, loss_inner: 1.38240, loss_target: 13.97591, homo loss: 0.00000 
acc_train_clean: 0.6359, ASR_train_attach: 1.0000, ASR_train_outter: 1.0000
Epoch 540, loss_inner: 1.44541, loss_target: 12.12633, homo loss: 0.00000 
acc_train_clean: 0.6319, ASR_train_attach: 1.0000, ASR_train_outter: 0.9983
Epoch 550, loss_inner: 1.42009, loss_target: 11.35697, homo loss: 0.00000 
acc_train_clean: 0.6311, ASR_train_attach: 1.0000, ASR_train_outter: 1.0000
Epoch 560, loss_inner: 1.51010, loss_target: 12.29351, homo loss: 0.00000 
acc_train_clean: 0.6190, ASR_train_attach: 1.0000, ASR_train_outter: 0.9688
Epoch 570, loss_inner: 1.53682, loss_target: 15.85589, homo loss: 0.00000 
acc_train_clean: 0.6086, ASR_train_attach: 1.0000, ASR_train_outter: 1.0000
Epoch 580, loss_inner: 1.59635, loss_target: 18.78273, homo loss: 0.00000 
acc_train_clean: 0.6114, ASR_train_attach: 1.0000, ASR_train_outter: 1.0000
Epoch 590, loss_inner: 1.52744, loss_target: 17.89416, homo loss: 0.00000 
acc_train_clean: 0.6086, ASR_train_attach: 1.0000, ASR_train_outter: 1.0000
Epoch 600, loss_inner: 1.48268, loss_target: 18.53679, homo loss: 0.00000 
acc_train_clean: 0.6188, ASR_train_attach: 1.0000, ASR_train_outter: 1.0000
Epoch 610, loss_inner: 1.71232, loss_target: 27.31152, homo loss: 0.00000 
acc_train_clean: 0.6111, ASR_train_attach: 1.0000, ASR_train_outter: 0.9696
Epoch 620, loss_inner: 1.53531, loss_target: 17.38626, homo loss: 0.00000 
acc_train_clean: 0.6193, ASR_train_attach: 1.0000, ASR_train_outter: 0.9983
Epoch 630, loss_inner: 1.60291, loss_target: 18.48485, homo loss: 0.00000 
acc_train_clean: 0.6159, ASR_train_attach: 1.0000, ASR_train_outter: 0.9696
Epoch 640, loss_inner: 1.53867, loss_target: 26.56735, homo loss: 0.00000 
acc_train_clean: 0.6134, ASR_train_attach: 1.0000, ASR_train_outter: 0.9966
Epoch 650, loss_inner: 1.47857, loss_target: 20.75544, homo loss: 0.00000 
acc_train_clean: 0.6145, ASR_train_attach: 1.0000, ASR_train_outter: 1.0000
Epoch 660, loss_inner: 1.67365, loss_target: 28.84975, homo loss: 0.00000 
acc_train_clean: 0.6178, ASR_train_attach: 1.0000, ASR_train_outter: 1.0000
Epoch 670, loss_inner: 1.94097, loss_target: 30.18623, homo loss: 0.00000 
acc_train_clean: 0.6199, ASR_train_attach: 1.0000, ASR_train_outter: 1.0000
Epoch 680, loss_inner: 1.71036, loss_target: 22.01592, homo loss: 0.00000 
acc_train_clean: 0.6221, ASR_train_attach: 1.0000, ASR_train_outter: 0.9983
Epoch 690, loss_inner: 1.72854, loss_target: 18.21258, homo loss: 0.00000 
acc_train_clean: 0.6244, ASR_train_attach: 1.0000, ASR_train_outter: 1.0000
Epoch 700, loss_inner: 1.56985, loss_target: 21.19053, homo loss: 0.00000 
acc_train_clean: 0.6226, ASR_train_attach: 1.0000, ASR_train_outter: 1.0000
Epoch 710, loss_inner: 1.52663, loss_target: 19.36370, homo loss: 0.00000 
acc_train_clean: 0.6265, ASR_train_attach: 1.0000, ASR_train_outter: 0.9983
Epoch 720, loss_inner: 1.53230, loss_target: 16.01447, homo loss: 0.00000 
acc_train_clean: 0.6281, ASR_train_attach: 1.0000, ASR_train_outter: 0.9983
Epoch 730, loss_inner: 1.47597, loss_target: 21.40492, homo loss: 0.00000 
acc_train_clean: 0.6241, ASR_train_attach: 1.0000, ASR_train_outter: 0.9983
Epoch 740, loss_inner: 1.47844, loss_target: 17.21623, homo loss: 0.00000 
acc_train_clean: 0.6251, ASR_train_attach: 1.0000, ASR_train_outter: 0.9983
Epoch 750, loss_inner: 1.51038, loss_target: 22.86270, homo loss: 0.00000 
acc_train_clean: 0.6287, ASR_train_attach: 1.0000, ASR_train_outter: 0.9983
Epoch 760, loss_inner: 1.54862, loss_target: 21.66144, homo loss: 0.00000 
acc_train_clean: 0.6317, ASR_train_attach: 1.0000, ASR_train_outter: 0.9983
Epoch 770, loss_inner: 1.70284, loss_target: 20.22848, homo loss: 0.00000 
acc_train_clean: 0.6245, ASR_train_attach: 1.0000, ASR_train_outter: 0.9983
Epoch 780, loss_inner: 1.54970, loss_target: 18.73687, homo loss: 0.00000 
acc_train_clean: 0.6273, ASR_train_attach: 1.0000, ASR_train_outter: 0.9983
Epoch 790, loss_inner: 1.61971, loss_target: 26.99149, homo loss: 0.00000 
acc_train_clean: 0.6326, ASR_train_attach: 1.0000, ASR_train_outter: 0.9983
load best weight based on the loss outter
precent of left attach nodes: 1.000
Namespace(cuda=True, dataset='ogbn-arxiv', debug=True, defense_mode='prune', device_id=3, dis_weight=0.0, dropout=0.5, epochs=800, evaluate_mode='1by1', hidden=32, homo_boost_thrd=0.8, homo_loss_weight=0.0, inner=1, lr=0.01, model='GCN', no_cuda=False, prune_thr=0.8, seed=265, selection_method='cluster_degree', target_class=0, target_loss_weight=1, test_model='GCN', thrd=0.5, train_lr=0.01, trigger_size=3, trojan_epochs=800, use_vs_number=True, vs_number=160, vs_ratio=0, weight_decay=0.0005)
target class rate on Vs: 0.0000
accuracy on clean test nodes: 0.6410
Overall ASR: 0.0000
Flip ASR: 0.0000/16875 nodes
Namespace(cuda=True, dataset='ogbn-arxiv', debug=True, defense_mode='prune', device_id=3, dis_weight=0.0, dropout=0.5, epochs=800, evaluate_mode='1by1', hidden=32, homo_boost_thrd=0.8, homo_loss_weight=0.0, inner=1, lr=0.01, model='GCN', no_cuda=False, prune_thr=0.8, seed=125, selection_method='cluster_degree', target_class=0, target_loss_weight=1, test_model='GCN', thrd=0.5, train_lr=0.01, trigger_size=3, trojan_epochs=800, use_vs_number=True, vs_number=160, vs_ratio=0, weight_decay=0.0005)
target class rate on Vs: 0.0000
accuracy on clean test nodes: 0.6374
Overall ASR: 0.0000
Flip ASR: 0.0000/16875 nodes
Namespace(cuda=True, dataset='ogbn-arxiv', debug=True, defense_mode='prune', device_id=3, dis_weight=0.0, dropout=0.5, epochs=800, evaluate_mode='1by1', hidden=32, homo_boost_thrd=0.8, homo_loss_weight=0.0, inner=1, lr=0.01, model='GCN', no_cuda=False, prune_thr=0.8, seed=996, selection_method='cluster_degree', target_class=0, target_loss_weight=1, test_model='GCN', thrd=0.5, train_lr=0.01, trigger_size=3, trojan_epochs=800, use_vs_number=True, vs_number=160, vs_ratio=0, weight_decay=0.0005)
target class rate on Vs: 0.0000
accuracy on clean test nodes: 0.6431
Overall ASR: 0.0000
Flip ASR: 0.0000/16875 nodes
Namespace(cuda=True, dataset='ogbn-arxiv', debug=True, defense_mode='prune', device_id=3, dis_weight=0.0, dropout=0.5, epochs=800, evaluate_mode='1by1', hidden=32, homo_boost_thrd=0.8, homo_loss_weight=0.0, inner=1, lr=0.01, model='GCN', no_cuda=False, prune_thr=0.8, seed=527, selection_method='cluster_degree', target_class=0, target_loss_weight=1, test_model='GCN', thrd=0.5, train_lr=0.01, trigger_size=3, trojan_epochs=800, use_vs_number=True, vs_number=160, vs_ratio=0, weight_decay=0.0005)
target class rate on Vs: 0.0000
accuracy on clean test nodes: 0.6387
Overall ASR: 0.0000
Flip ASR: 0.0000/16875 nodes
Namespace(cuda=True, dataset='ogbn-arxiv', debug=True, defense_mode='prune', device_id=3, dis_weight=0.0, dropout=0.5, epochs=800, evaluate_mode='1by1', hidden=32, homo_boost_thrd=0.8, homo_loss_weight=0.0, inner=1, lr=0.01, model='GCN', no_cuda=False, prune_thr=0.8, seed=320, selection_method='cluster_degree', target_class=0, target_loss_weight=1, test_model='GCN', thrd=0.5, train_lr=0.01, trigger_size=3, trojan_epochs=800, use_vs_number=True, vs_number=160, vs_ratio=0, weight_decay=0.0005)
target class rate on Vs: 0.0000
accuracy on clean test nodes: 0.6329
Overall ASR: 0.0000
Flip ASR: 0.0000/16875 nodes
Overall ASR: 0.0000 (GCN model, Seed: 320)
Overall Clean Accuracy: 0.6386
Namespace(cuda=True, dataset='ogbn-arxiv', debug=True, defense_mode='prune', device_id=3, dis_weight=0.0, dropout=0.5, epochs=800, evaluate_mode='1by1', hidden=32, homo_boost_thrd=0.8, homo_loss_weight=0.0, inner=1, lr=0.01, model='GCN', no_cuda=False, prune_thr=0.8, seed=781, selection_method='cluster_degree', target_class=0, target_loss_weight=1, test_model='GAT', thrd=0.5, train_lr=0.01, trigger_size=3, trojan_epochs=800, use_vs_number=True, vs_number=160, vs_ratio=0, weight_decay=0.0005)
/home/project-graph-backdoor/Backdoor/models/GAT.py:61: UserWarning: To copy construct from a tensor, it is recommended to use sourceTensor.clone().detach() or sourceTensor.clone().detach().requires_grad_(True), rather than torch.tensor(sourceTensor).
  self.labels = torch.tensor(labels, dtype=torch.long)
target class rate on Vs: 0.0000
accuracy on clean test nodes: 0.6333
Overall ASR: 0.0000
Flip ASR: 0.0000/16875 nodes
Namespace(cuda=True, dataset='ogbn-arxiv', debug=True, defense_mode='prune', device_id=3, dis_weight=0.0, dropout=0.5, epochs=800, evaluate_mode='1by1', hidden=32, homo_boost_thrd=0.8, homo_loss_weight=0.0, inner=1, lr=0.01, model='GCN', no_cuda=False, prune_thr=0.8, seed=706, selection_method='cluster_degree', target_class=0, target_loss_weight=1, test_model='GAT', thrd=0.5, train_lr=0.01, trigger_size=3, trojan_epochs=800, use_vs_number=True, vs_number=160, vs_ratio=0, weight_decay=0.0005)
target class rate on Vs: 0.0000
accuracy on clean test nodes: 0.6326
Overall ASR: 0.0000
Flip ASR: 0.0000/16875 nodes
Namespace(cuda=True, dataset='ogbn-arxiv', debug=True, defense_mode='prune', device_id=3, dis_weight=0.0, dropout=0.5, epochs=800, evaluate_mode='1by1', hidden=32, homo_boost_thrd=0.8, homo_loss_weight=0.0, inner=1, lr=0.01, model='GCN', no_cuda=False, prune_thr=0.8, seed=778, selection_method='cluster_degree', target_class=0, target_loss_weight=1, test_model='GAT', thrd=0.5, train_lr=0.01, trigger_size=3, trojan_epochs=800, use_vs_number=True, vs_number=160, vs_ratio=0, weight_decay=0.0005)
target class rate on Vs: 0.0000
accuracy on clean test nodes: 0.6287
Overall ASR: 0.0000
Flip ASR: 0.0000/16875 nodes
Namespace(cuda=True, dataset='ogbn-arxiv', debug=True, defense_mode='prune', device_id=3, dis_weight=0.0, dropout=0.5, epochs=800, evaluate_mode='1by1', hidden=32, homo_boost_thrd=0.8, homo_loss_weight=0.0, inner=1, lr=0.01, model='GCN', no_cuda=False, prune_thr=0.8, seed=604, selection_method='cluster_degree', target_class=0, target_loss_weight=1, test_model='GAT', thrd=0.5, train_lr=0.01, trigger_size=3, trojan_epochs=800, use_vs_number=True, vs_number=160, vs_ratio=0, weight_decay=0.0005)
target class rate on Vs: 0.0000
accuracy on clean test nodes: 0.6322
Overall ASR: 0.0000
Flip ASR: 0.0000/16875 nodes
Namespace(cuda=True, dataset='ogbn-arxiv', debug=True, defense_mode='prune', device_id=3, dis_weight=0.0, dropout=0.5, epochs=800, evaluate_mode='1by1', hidden=32, homo_boost_thrd=0.8, homo_loss_weight=0.0, inner=1, lr=0.01, model='GCN', no_cuda=False, prune_thr=0.8, seed=133, selection_method='cluster_degree', target_class=0, target_loss_weight=1, test_model='GAT', thrd=0.5, train_lr=0.01, trigger_size=3, trojan_epochs=800, use_vs_number=True, vs_number=160, vs_ratio=0, weight_decay=0.0005)
target class rate on Vs: 0.0000
accuracy on clean test nodes: 0.6309
Overall ASR: 0.0000
Flip ASR: 0.0000/16875 nodes
Overall ASR: 0.0000 (GAT model, Seed: 133)
Overall Clean Accuracy: 0.6315
Namespace(cuda=True, dataset='ogbn-arxiv', debug=True, defense_mode='prune', device_id=3, dis_weight=0.0, dropout=0.5, epochs=800, evaluate_mode='1by1', hidden=32, homo_boost_thrd=0.8, homo_loss_weight=0.0, inner=1, lr=0.01, model='GCN', no_cuda=False, prune_thr=0.8, seed=673, selection_method='cluster_degree', target_class=0, target_loss_weight=1, test_model='GraphSage', thrd=0.5, train_lr=0.01, trigger_size=3, trojan_epochs=800, use_vs_number=True, vs_number=160, vs_ratio=0, weight_decay=0.0005)
target class rate on Vs: 0.0000
accuracy on clean test nodes: 0.6407
Overall ASR: 0.0001
Flip ASR: 0.0001/16875 nodes
Namespace(cuda=True, dataset='ogbn-arxiv', debug=True, defense_mode='prune', device_id=3, dis_weight=0.0, dropout=0.5, epochs=800, evaluate_mode='1by1', hidden=32, homo_boost_thrd=0.8, homo_loss_weight=0.0, inner=1, lr=0.01, model='GCN', no_cuda=False, prune_thr=0.8, seed=904, selection_method='cluster_degree', target_class=0, target_loss_weight=1, test_model='GraphSage', thrd=0.5, train_lr=0.01, trigger_size=3, trojan_epochs=800, use_vs_number=True, vs_number=160, vs_ratio=0, weight_decay=0.0005)
target class rate on Vs: 0.0000
accuracy on clean test nodes: 0.6414
Overall ASR: 0.0000
Flip ASR: 0.0000/16875 nodes
Namespace(cuda=True, dataset='ogbn-arxiv', debug=True, defense_mode='prune', device_id=3, dis_weight=0.0, dropout=0.5, epochs=800, evaluate_mode='1by1', hidden=32, homo_boost_thrd=0.8, homo_loss_weight=0.0, inner=1, lr=0.01, model='GCN', no_cuda=False, prune_thr=0.8, seed=56, selection_method='cluster_degree', target_class=0, target_loss_weight=1, test_model='GraphSage', thrd=0.5, train_lr=0.01, trigger_size=3, trojan_epochs=800, use_vs_number=True, vs_number=160, vs_ratio=0, weight_decay=0.0005)
target class rate on Vs: 0.0000
accuracy on clean test nodes: 0.6493
Overall ASR: 0.0000
Flip ASR: 0.0000/16875 nodes
Namespace(cuda=True, dataset='ogbn-arxiv', debug=True, defense_mode='prune', device_id=3, dis_weight=0.0, dropout=0.5, epochs=800, evaluate_mode='1by1', hidden=32, homo_boost_thrd=0.8, homo_loss_weight=0.0, inner=1, lr=0.01, model='GCN', no_cuda=False, prune_thr=0.8, seed=1, selection_method='cluster_degree', target_class=0, target_loss_weight=1, test_model='GraphSage', thrd=0.5, train_lr=0.01, trigger_size=3, trojan_epochs=800, use_vs_number=True, vs_number=160, vs_ratio=0, weight_decay=0.0005)
target class rate on Vs: 0.0000
accuracy on clean test nodes: 0.6477
Overall ASR: 0.0002
Flip ASR: 0.0001/16875 nodes
Namespace(cuda=True, dataset='ogbn-arxiv', debug=True, defense_mode='prune', device_id=3, dis_weight=0.0, dropout=0.5, epochs=800, evaluate_mode='1by1', hidden=32, homo_boost_thrd=0.8, homo_loss_weight=0.0, inner=1, lr=0.01, model='GCN', no_cuda=False, prune_thr=0.8, seed=694, selection_method='cluster_degree', target_class=0, target_loss_weight=1, test_model='GraphSage', thrd=0.5, train_lr=0.01, trigger_size=3, trojan_epochs=800, use_vs_number=True, vs_number=160, vs_ratio=0, weight_decay=0.0005)
target class rate on Vs: 0.0000
accuracy on clean test nodes: 0.6438
Overall ASR: 0.0000
Flip ASR: 0.0000/16875 nodes
Overall ASR: 0.0001 (GraphSage model, Seed: 694)
Overall Clean Accuracy: 0.6446
Total Overall ASR: 0.0000 
Total Clean Accuracy: 0.6382
