nohup: ignoring input
run_adaptive.py:8: DeprecationWarning: the imp module is deprecated in favour of importlib; see the module's documentation for alternative uses
  import imp
Namespace(cuda=True, dataset='ogbn-arxiv', debug=True, defense_mode='prune', device_id=3, dis_weight=0.0, dropout=0.5, epochs=200, evaluate_mode='1by1', hidden=32, homo_boost_thrd=0.8, homo_loss_weight=100.0, inner=1, lr=0.01, model='GCN', no_cuda=False, prune_thr=0.8, seed=10, selection_method='cluster_degree', target_class=0, target_loss_weight=1, test_model='GCN', thrd=0.5, train_lr=0.01, trigger_size=3, trojan_epochs=800, use_vs_number=True, vs_number=80, vs_ratio=0, weight_decay=0.0005)
#Attach Nodes:80
./selected_nodes/ogbn-arxiv/Overall/seed10/nodes.txt
idx_attach: tensor([132437, 159342, 115859,  11103, 127522,  67544,  82569, 161886,  62976,
         13773,  68963, 144203,  19681,    750, 156733,  86828,  18909,  82685,
         81700, 164714, 103734,  65352,  47692,  14294, 153213,  78523,   1385,
         50714, 156839, 144199,  88403,  58221,  56228,  88511,  12909, 156645,
         93340, 136107,  80139,    622,   1438,   7666, 133129, 127534, 106596,
        102712,   4269,  55140, 125068, 152827, 135150,  23527,   3609,   6462,
        121168, 152542,   6165, 126338,  90948,  77520,  47397, 106658,  68636,
        109074,  69509, 138501,  13873,  20117,  83448,   3102, 143264,  91042,
         54237,  58770, 165138, 126351,  55671,  99141,  13704, 136218],
       device='cuda:3')
tensor([     1,      2,      3,  ..., 169334, 169336, 169338], device='cuda:3')
Epoch 0, loss_inner: 3.74860, loss_target: 3.62595, homo loss: 0.80691 
acc_train_clean: 0.0089, ASR_train_attach: 0.0000, ASR_train_outter: 0.0000
Epoch 10, loss_inner: 3.00955, loss_target: 3.12812, homo loss: 0.00528 
acc_train_clean: 0.2614, ASR_train_attach: 0.0000, ASR_train_outter: 0.0000
Epoch 20, loss_inner: 2.76194, loss_target: 2.84802, homo loss: 0.00121 
acc_train_clean: 0.2817, ASR_train_attach: 0.0000, ASR_train_outter: 0.0000
Epoch 30, loss_inner: 2.47496, loss_target: 2.52702, homo loss: 0.00097 
acc_train_clean: 0.3703, ASR_train_attach: 0.0000, ASR_train_outter: 0.0000
Epoch 40, loss_inner: 2.18442, loss_target: 2.21764, homo loss: 0.00089 
acc_train_clean: 0.4433, ASR_train_attach: 0.0000, ASR_train_outter: 0.0000
Epoch 50, loss_inner: 1.93445, loss_target: 1.91748, homo loss: 0.00077 
acc_train_clean: 0.5061, ASR_train_attach: 0.0125, ASR_train_outter: 0.1284
Epoch 60, loss_inner: 1.74081, loss_target: 1.71631, homo loss: 0.00066 
acc_train_clean: 0.5391, ASR_train_attach: 0.6125, ASR_train_outter: 0.7399
Epoch 70, loss_inner: 1.60887, loss_target: 1.58764, homo loss: 0.00058 
acc_train_clean: 0.5668, ASR_train_attach: 0.8750, ASR_train_outter: 0.8429
Epoch 80, loss_inner: 1.51661, loss_target: 1.49634, homo loss: 0.00050 
acc_train_clean: 0.5877, ASR_train_attach: 0.9250, ASR_train_outter: 0.8919
Epoch 90, loss_inner: 1.44861, loss_target: 1.42978, homo loss: 0.00043 
acc_train_clean: 0.6006, ASR_train_attach: 0.9375, ASR_train_outter: 0.9139
Epoch 100, loss_inner: 1.39307, loss_target: 1.37433, homo loss: 0.00037 
acc_train_clean: 0.6120, ASR_train_attach: 0.9750, ASR_train_outter: 0.9341
Epoch 110, loss_inner: 1.34613, loss_target: 1.32728, homo loss: 0.00036 
acc_train_clean: 0.6199, ASR_train_attach: 0.9875, ASR_train_outter: 0.9578
Epoch 120, loss_inner: 1.30713, loss_target: 1.28877, homo loss: 0.00036 
acc_train_clean: 0.6277, ASR_train_attach: 1.0000, ASR_train_outter: 0.9662
Epoch 130, loss_inner: 1.27437, loss_target: 1.25695, homo loss: 0.00028 
acc_train_clean: 0.6345, ASR_train_attach: 1.0000, ASR_train_outter: 0.9628
Epoch 140, loss_inner: 1.24994, loss_target: 1.23395, homo loss: 0.00017 
acc_train_clean: 0.6408, ASR_train_attach: 1.0000, ASR_train_outter: 0.9611
Epoch 150, loss_inner: 1.23313, loss_target: 1.21804, homo loss: 0.00010 
acc_train_clean: 0.6446, ASR_train_attach: 1.0000, ASR_train_outter: 0.9561
Epoch 160, loss_inner: 1.22138, loss_target: 1.20628, homo loss: 0.00006 
acc_train_clean: 0.6465, ASR_train_attach: 1.0000, ASR_train_outter: 0.9662
Epoch 170, loss_inner: 1.21234, loss_target: 1.19726, homo loss: 0.00003 
acc_train_clean: 0.6488, ASR_train_attach: 1.0000, ASR_train_outter: 0.9696
Epoch 180, loss_inner: 1.20486, loss_target: 1.18967, homo loss: 0.00002 
acc_train_clean: 0.6501, ASR_train_attach: 1.0000, ASR_train_outter: 0.9713
Epoch 190, loss_inner: 1.19847, loss_target: 1.18299, homo loss: 0.00000 
acc_train_clean: 0.6516, ASR_train_attach: 1.0000, ASR_train_outter: 0.9730
Epoch 200, loss_inner: 1.19260, loss_target: 1.17719, homo loss: 0.00004 
acc_train_clean: 0.6527, ASR_train_attach: 1.0000, ASR_train_outter: 0.9730
Epoch 210, loss_inner: 1.18698, loss_target: 1.17137, homo loss: 0.00000 
acc_train_clean: 0.6547, ASR_train_attach: 1.0000, ASR_train_outter: 0.9797
Epoch 220, loss_inner: 1.18091, loss_target: 1.16514, homo loss: 0.00004 
acc_train_clean: 0.6560, ASR_train_attach: 1.0000, ASR_train_outter: 0.9780
Epoch 230, loss_inner: 1.17419, loss_target: 1.15813, homo loss: 0.00001 
acc_train_clean: 0.6578, ASR_train_attach: 1.0000, ASR_train_outter: 0.9797
Epoch 240, loss_inner: 1.16699, loss_target: 1.15148, homo loss: 0.00001 
acc_train_clean: 0.6596, ASR_train_attach: 1.0000, ASR_train_outter: 0.9814
Epoch 250, loss_inner: 1.16159, loss_target: 1.14619, homo loss: 0.00001 
acc_train_clean: 0.6609, ASR_train_attach: 1.0000, ASR_train_outter: 0.9814
Epoch 260, loss_inner: 1.15722, loss_target: 1.14150, homo loss: 0.00001 
acc_train_clean: 0.6623, ASR_train_attach: 1.0000, ASR_train_outter: 0.9865
Epoch 270, loss_inner: 1.15366, loss_target: 1.13835, homo loss: 0.00001 
acc_train_clean: 0.6627, ASR_train_attach: 1.0000, ASR_train_outter: 0.9797
Epoch 280, loss_inner: 1.15052, loss_target: 1.13520, homo loss: 0.00001 
acc_train_clean: 0.6640, ASR_train_attach: 1.0000, ASR_train_outter: 0.9848
Epoch 290, loss_inner: 1.14758, loss_target: 1.13203, homo loss: 0.00001 
acc_train_clean: 0.6647, ASR_train_attach: 1.0000, ASR_train_outter: 0.9865
Epoch 300, loss_inner: 1.14494, loss_target: 1.12958, homo loss: 0.00001 
acc_train_clean: 0.6653, ASR_train_attach: 1.0000, ASR_train_outter: 0.9865
Epoch 310, loss_inner: 1.14230, loss_target: 1.12673, homo loss: 0.00002 
acc_train_clean: 0.6657, ASR_train_attach: 1.0000, ASR_train_outter: 0.9882
Epoch 320, loss_inner: 1.13967, loss_target: 1.12438, homo loss: 0.00002 
acc_train_clean: 0.6672, ASR_train_attach: 1.0000, ASR_train_outter: 0.9848
Epoch 330, loss_inner: 1.13628, loss_target: 1.12083, homo loss: 0.00003 
acc_train_clean: 0.6684, ASR_train_attach: 1.0000, ASR_train_outter: 0.9882
Epoch 340, loss_inner: 1.13311, loss_target: 1.12123, homo loss: 0.00039 
acc_train_clean: 0.6690, ASR_train_attach: 0.9875, ASR_train_outter: 0.9510
Epoch 350, loss_inner: 1.12954, loss_target: 1.11490, homo loss: 0.00013 
acc_train_clean: 0.6707, ASR_train_attach: 1.0000, ASR_train_outter: 0.9966
Epoch 360, loss_inner: 1.12744, loss_target: 1.11211, homo loss: 0.00000 
acc_train_clean: 0.6713, ASR_train_attach: 1.0000, ASR_train_outter: 0.9983
Epoch 370, loss_inner: 1.12566, loss_target: 1.11027, homo loss: 0.00000 
acc_train_clean: 0.6710, ASR_train_attach: 1.0000, ASR_train_outter: 0.9916
Epoch 380, loss_inner: 1.12402, loss_target: 1.10852, homo loss: 0.00000 
acc_train_clean: 0.6722, ASR_train_attach: 1.0000, ASR_train_outter: 0.9932
Epoch 390, loss_inner: 1.12287, loss_target: 1.10745, homo loss: 0.00000 
acc_train_clean: 0.6724, ASR_train_attach: 1.0000, ASR_train_outter: 0.9983
Epoch 400, loss_inner: 1.12175, loss_target: 1.10626, homo loss: 0.00000 
acc_train_clean: 0.6716, ASR_train_attach: 1.0000, ASR_train_outter: 0.9983
Epoch 410, loss_inner: 1.12011, loss_target: 1.10456, homo loss: 0.00000 
acc_train_clean: 0.6729, ASR_train_attach: 1.0000, ASR_train_outter: 0.9966
Epoch 420, loss_inner: 1.11911, loss_target: 1.10343, homo loss: 0.00000 
acc_train_clean: 0.6736, ASR_train_attach: 1.0000, ASR_train_outter: 0.9966
Epoch 430, loss_inner: 1.11806, loss_target: 1.10253, homo loss: 0.00001 
acc_train_clean: 0.6738, ASR_train_attach: 1.0000, ASR_train_outter: 0.9983
Epoch 440, loss_inner: 1.11713, loss_target: 1.10157, homo loss: 0.00001 
acc_train_clean: 0.6742, ASR_train_attach: 1.0000, ASR_train_outter: 0.9949
Epoch 450, loss_inner: 1.11627, loss_target: 1.10071, homo loss: 0.00001 
acc_train_clean: 0.6746, ASR_train_attach: 1.0000, ASR_train_outter: 0.9932
Epoch 460, loss_inner: 1.11550, loss_target: 1.10003, homo loss: 0.00001 
acc_train_clean: 0.6743, ASR_train_attach: 1.0000, ASR_train_outter: 0.9983
Epoch 470, loss_inner: 1.11560, loss_target: 1.10115, homo loss: 0.00041 
acc_train_clean: 0.6735, ASR_train_attach: 1.0000, ASR_train_outter: 0.9899
Epoch 480, loss_inner: 1.11397, loss_target: 1.09988, homo loss: 0.00042 
acc_train_clean: 0.6748, ASR_train_attach: 1.0000, ASR_train_outter: 0.9966
Epoch 490, loss_inner: 1.11334, loss_target: 1.09875, homo loss: 0.00019 
acc_train_clean: 0.6749, ASR_train_attach: 1.0000, ASR_train_outter: 0.9983
Epoch 500, loss_inner: 1.11261, loss_target: 1.09753, homo loss: 0.00001 
acc_train_clean: 0.6748, ASR_train_attach: 1.0000, ASR_train_outter: 0.9983
Epoch 510, loss_inner: 1.11197, loss_target: 1.09690, homo loss: 0.00000 
acc_train_clean: 0.6756, ASR_train_attach: 1.0000, ASR_train_outter: 0.9899
Epoch 520, loss_inner: 1.11130, loss_target: 1.09598, homo loss: 0.00000 
acc_train_clean: 0.6756, ASR_train_attach: 1.0000, ASR_train_outter: 0.9983
Epoch 530, loss_inner: 1.11079, loss_target: 1.09545, homo loss: 0.00000 
acc_train_clean: 0.6754, ASR_train_attach: 1.0000, ASR_train_outter: 0.9983
Epoch 540, loss_inner: 1.11086, loss_target: 1.09508, homo loss: 0.00000 
acc_train_clean: 0.6746, ASR_train_attach: 1.0000, ASR_train_outter: 0.9966
Epoch 550, loss_inner: 1.10954, loss_target: 1.09400, homo loss: 0.00000 
acc_train_clean: 0.6759, ASR_train_attach: 1.0000, ASR_train_outter: 0.9983
Epoch 560, loss_inner: 1.10902, loss_target: 1.09357, homo loss: 0.00000 
acc_train_clean: 0.6761, ASR_train_attach: 1.0000, ASR_train_outter: 0.9983
Epoch 570, loss_inner: 1.10851, loss_target: 1.09300, homo loss: 0.00000 
acc_train_clean: 0.6764, ASR_train_attach: 1.0000, ASR_train_outter: 0.9983
Epoch 580, loss_inner: 1.10797, loss_target: 1.09250, homo loss: 0.00001 
acc_train_clean: 0.6762, ASR_train_attach: 1.0000, ASR_train_outter: 0.9983
Epoch 590, loss_inner: 1.10753, loss_target: 1.09212, homo loss: 0.00000 
acc_train_clean: 0.6762, ASR_train_attach: 1.0000, ASR_train_outter: 0.9983
Epoch 600, loss_inner: 1.10781, loss_target: 1.09240, homo loss: 0.00001 
acc_train_clean: 0.6756, ASR_train_attach: 1.0000, ASR_train_outter: 0.9966
Epoch 610, loss_inner: 1.10676, loss_target: 1.09127, homo loss: 0.00002 
acc_train_clean: 0.6761, ASR_train_attach: 1.0000, ASR_train_outter: 0.9932
Epoch 620, loss_inner: 1.10619, loss_target: 1.09429, homo loss: 0.00075 
acc_train_clean: 0.6764, ASR_train_attach: 1.0000, ASR_train_outter: 0.9899
Epoch 630, loss_inner: 1.10559, loss_target: 1.09231, homo loss: 0.00054 
acc_train_clean: 0.6767, ASR_train_attach: 1.0000, ASR_train_outter: 0.9983
Epoch 640, loss_inner: 1.10542, loss_target: 1.09102, homo loss: 0.00042 
acc_train_clean: 0.6762, ASR_train_attach: 1.0000, ASR_train_outter: 0.9983
Epoch 650, loss_inner: 1.10459, loss_target: 1.09037, homo loss: 0.00023 
acc_train_clean: 0.6768, ASR_train_attach: 1.0000, ASR_train_outter: 0.9983
Epoch 660, loss_inner: 1.10428, loss_target: 1.08931, homo loss: 0.00002 
acc_train_clean: 0.6766, ASR_train_attach: 1.0000, ASR_train_outter: 0.9983
Epoch 670, loss_inner: 1.10383, loss_target: 1.08876, homo loss: 0.00000 
acc_train_clean: 0.6765, ASR_train_attach: 1.0000, ASR_train_outter: 0.9966
Epoch 680, loss_inner: 1.10332, loss_target: 1.08805, homo loss: 0.00000 
acc_train_clean: 0.6769, ASR_train_attach: 1.0000, ASR_train_outter: 0.9983
Epoch 690, loss_inner: 1.10285, loss_target: 1.08748, homo loss: 0.00000 
acc_train_clean: 0.6773, ASR_train_attach: 1.0000, ASR_train_outter: 0.9983
Epoch 700, loss_inner: 1.10246, loss_target: 1.08706, homo loss: 0.00000 
acc_train_clean: 0.6771, ASR_train_attach: 1.0000, ASR_train_outter: 0.9966
Epoch 710, loss_inner: 1.10457, loss_target: 1.08840, homo loss: 0.00000 
acc_train_clean: 0.6769, ASR_train_attach: 1.0000, ASR_train_outter: 0.9983
Epoch 720, loss_inner: 1.10160, loss_target: 1.08639, homo loss: 0.00000 
acc_train_clean: 0.6777, ASR_train_attach: 1.0000, ASR_train_outter: 0.9983
Epoch 730, loss_inner: 1.10152, loss_target: 1.08605, homo loss: 0.00000 
acc_train_clean: 0.6764, ASR_train_attach: 1.0000, ASR_train_outter: 0.9983
Epoch 740, loss_inner: 1.10094, loss_target: 1.08583, homo loss: 0.00002 
acc_train_clean: 0.6774, ASR_train_attach: 1.0000, ASR_train_outter: 0.9983
Epoch 750, loss_inner: 1.10070, loss_target: 1.08823, homo loss: 0.00022 
acc_train_clean: 0.6780, ASR_train_attach: 1.0000, ASR_train_outter: 0.9679
Epoch 760, loss_inner: 1.10026, loss_target: 1.08628, homo loss: 0.00031 
acc_train_clean: 0.6779, ASR_train_attach: 1.0000, ASR_train_outter: 0.9983
Epoch 770, loss_inner: 1.09989, loss_target: 1.08522, homo loss: 0.00002 
acc_train_clean: 0.6779, ASR_train_attach: 1.0000, ASR_train_outter: 0.9949
Epoch 780, loss_inner: 1.09961, loss_target: 1.08463, homo loss: 0.00000 
acc_train_clean: 0.6775, ASR_train_attach: 1.0000, ASR_train_outter: 0.9966
Epoch 790, loss_inner: 1.10097, loss_target: 1.08588, homo loss: 0.00001 
acc_train_clean: 0.6752, ASR_train_attach: 1.0000, ASR_train_outter: 0.9983
load best weight based on the loss outter
precent of left attach nodes: 1.000
Namespace(cuda=True, dataset='ogbn-arxiv', debug=True, defense_mode='prune', device_id=3, dis_weight=0.0, dropout=0.5, epochs=200, evaluate_mode='1by1', hidden=32, homo_boost_thrd=0.8, homo_loss_weight=100.0, inner=1, lr=0.01, model='GCN', no_cuda=False, prune_thr=0.8, seed=265, selection_method='cluster_degree', target_class=0, target_loss_weight=1, test_model='GCN', thrd=0.5, train_lr=0.01, trigger_size=3, trojan_epochs=800, use_vs_number=True, vs_number=80, vs_ratio=0, weight_decay=0.0005)
target class rate on Vs: 1.0000
accuracy on clean test nodes: 0.6186
Overall ASR: 0.9335
Flip ASR: 0.9333/16875 nodes
Namespace(cuda=True, dataset='ogbn-arxiv', debug=True, defense_mode='prune', device_id=3, dis_weight=0.0, dropout=0.5, epochs=200, evaluate_mode='1by1', hidden=32, homo_boost_thrd=0.8, homo_loss_weight=100.0, inner=1, lr=0.01, model='GCN', no_cuda=False, prune_thr=0.8, seed=125, selection_method='cluster_degree', target_class=0, target_loss_weight=1, test_model='GCN', thrd=0.5, train_lr=0.01, trigger_size=3, trojan_epochs=800, use_vs_number=True, vs_number=80, vs_ratio=0, weight_decay=0.0005)
target class rate on Vs: 1.0000
accuracy on clean test nodes: 0.6198
Overall ASR: 0.9314
Flip ASR: 0.9313/16875 nodes
Namespace(cuda=True, dataset='ogbn-arxiv', debug=True, defense_mode='prune', device_id=3, dis_weight=0.0, dropout=0.5, epochs=200, evaluate_mode='1by1', hidden=32, homo_boost_thrd=0.8, homo_loss_weight=100.0, inner=1, lr=0.01, model='GCN', no_cuda=False, prune_thr=0.8, seed=996, selection_method='cluster_degree', target_class=0, target_loss_weight=1, test_model='GCN', thrd=0.5, train_lr=0.01, trigger_size=3, trojan_epochs=800, use_vs_number=True, vs_number=80, vs_ratio=0, weight_decay=0.0005)
target class rate on Vs: 1.0000
accuracy on clean test nodes: 0.6294
Overall ASR: 0.9368
Flip ASR: 0.9366/16875 nodes
Namespace(cuda=True, dataset='ogbn-arxiv', debug=True, defense_mode='prune', device_id=3, dis_weight=0.0, dropout=0.5, epochs=200, evaluate_mode='1by1', hidden=32, homo_boost_thrd=0.8, homo_loss_weight=100.0, inner=1, lr=0.01, model='GCN', no_cuda=False, prune_thr=0.8, seed=527, selection_method='cluster_degree', target_class=0, target_loss_weight=1, test_model='GCN', thrd=0.5, train_lr=0.01, trigger_size=3, trojan_epochs=800, use_vs_number=True, vs_number=80, vs_ratio=0, weight_decay=0.0005)
target class rate on Vs: 1.0000
accuracy on clean test nodes: 0.6262
Overall ASR: 0.9340
Flip ASR: 0.9339/16875 nodes
Namespace(cuda=True, dataset='ogbn-arxiv', debug=True, defense_mode='prune', device_id=3, dis_weight=0.0, dropout=0.5, epochs=200, evaluate_mode='1by1', hidden=32, homo_boost_thrd=0.8, homo_loss_weight=100.0, inner=1, lr=0.01, model='GCN', no_cuda=False, prune_thr=0.8, seed=320, selection_method='cluster_degree', target_class=0, target_loss_weight=1, test_model='GCN', thrd=0.5, train_lr=0.01, trigger_size=3, trojan_epochs=800, use_vs_number=True, vs_number=80, vs_ratio=0, weight_decay=0.0005)
target class rate on Vs: 1.0000
accuracy on clean test nodes: 0.6153
Overall ASR: 0.9270
Flip ASR: 0.9268/16875 nodes
Overall ASR: 0.9325 (GCN model, Seed: 320)
Overall Clean Accuracy: 0.6219
Namespace(cuda=True, dataset='ogbn-arxiv', debug=True, defense_mode='prune', device_id=3, dis_weight=0.0, dropout=0.5, epochs=200, evaluate_mode='1by1', hidden=32, homo_boost_thrd=0.8, homo_loss_weight=100.0, inner=1, lr=0.01, model='GCN', no_cuda=False, prune_thr=0.8, seed=781, selection_method='cluster_degree', target_class=0, target_loss_weight=1, test_model='GAT', thrd=0.5, train_lr=0.01, trigger_size=3, trojan_epochs=800, use_vs_number=True, vs_number=80, vs_ratio=0, weight_decay=0.0005)
/home/project-graph-backdoor/Backdoor/models/GAT.py:61: UserWarning: To copy construct from a tensor, it is recommended to use sourceTensor.clone().detach() or sourceTensor.clone().detach().requires_grad_(True), rather than torch.tensor(sourceTensor).
  self.labels = torch.tensor(labels, dtype=torch.long)
target class rate on Vs: 1.0000
accuracy on clean test nodes: 0.6293
Overall ASR: 0.9481
Flip ASR: 0.9480/16875 nodes
Namespace(cuda=True, dataset='ogbn-arxiv', debug=True, defense_mode='prune', device_id=3, dis_weight=0.0, dropout=0.5, epochs=200, evaluate_mode='1by1', hidden=32, homo_boost_thrd=0.8, homo_loss_weight=100.0, inner=1, lr=0.01, model='GCN', no_cuda=False, prune_thr=0.8, seed=706, selection_method='cluster_degree', target_class=0, target_loss_weight=1, test_model='GAT', thrd=0.5, train_lr=0.01, trigger_size=3, trojan_epochs=800, use_vs_number=True, vs_number=80, vs_ratio=0, weight_decay=0.0005)
target class rate on Vs: 1.0000
accuracy on clean test nodes: 0.6291
Overall ASR: 0.9481
Flip ASR: 0.9480/16875 nodes
Namespace(cuda=True, dataset='ogbn-arxiv', debug=True, defense_mode='prune', device_id=3, dis_weight=0.0, dropout=0.5, epochs=200, evaluate_mode='1by1', hidden=32, homo_boost_thrd=0.8, homo_loss_weight=100.0, inner=1, lr=0.01, model='GCN', no_cuda=False, prune_thr=0.8, seed=778, selection_method='cluster_degree', target_class=0, target_loss_weight=1, test_model='GAT', thrd=0.5, train_lr=0.01, trigger_size=3, trojan_epochs=800, use_vs_number=True, vs_number=80, vs_ratio=0, weight_decay=0.0005)
target class rate on Vs: 1.0000
accuracy on clean test nodes: 0.6283
Overall ASR: 0.9481
Flip ASR: 0.9480/16875 nodes
Namespace(cuda=True, dataset='ogbn-arxiv', debug=True, defense_mode='prune', device_id=3, dis_weight=0.0, dropout=0.5, epochs=200, evaluate_mode='1by1', hidden=32, homo_boost_thrd=0.8, homo_loss_weight=100.0, inner=1, lr=0.01, model='GCN', no_cuda=False, prune_thr=0.8, seed=604, selection_method='cluster_degree', target_class=0, target_loss_weight=1, test_model='GAT', thrd=0.5, train_lr=0.01, trigger_size=3, trojan_epochs=800, use_vs_number=True, vs_number=80, vs_ratio=0, weight_decay=0.0005)
target class rate on Vs: 1.0000
accuracy on clean test nodes: 0.6274
Overall ASR: 0.9481
Flip ASR: 0.9480/16875 nodes
Namespace(cuda=True, dataset='ogbn-arxiv', debug=True, defense_mode='prune', device_id=3, dis_weight=0.0, dropout=0.5, epochs=200, evaluate_mode='1by1', hidden=32, homo_boost_thrd=0.8, homo_loss_weight=100.0, inner=1, lr=0.01, model='GCN', no_cuda=False, prune_thr=0.8, seed=133, selection_method='cluster_degree', target_class=0, target_loss_weight=1, test_model='GAT', thrd=0.5, train_lr=0.01, trigger_size=3, trojan_epochs=800, use_vs_number=True, vs_number=80, vs_ratio=0, weight_decay=0.0005)
target class rate on Vs: 1.0000
accuracy on clean test nodes: 0.6274
Overall ASR: 0.9482
Flip ASR: 0.9480/16875 nodes
Overall ASR: 0.9481 (GAT model, Seed: 133)
Overall Clean Accuracy: 0.6283
Namespace(cuda=True, dataset='ogbn-arxiv', debug=True, defense_mode='prune', device_id=3, dis_weight=0.0, dropout=0.5, epochs=200, evaluate_mode='1by1', hidden=32, homo_boost_thrd=0.8, homo_loss_weight=100.0, inner=1, lr=0.01, model='GCN', no_cuda=False, prune_thr=0.8, seed=673, selection_method='cluster_degree', target_class=0, target_loss_weight=1, test_model='GraphSage', thrd=0.5, train_lr=0.01, trigger_size=3, trojan_epochs=800, use_vs_number=True, vs_number=80, vs_ratio=0, weight_decay=0.0005)
target class rate on Vs: 0.9500
accuracy on clean test nodes: 0.6247
Overall ASR: 0.8452
Flip ASR: 0.8447/16875 nodes
Namespace(cuda=True, dataset='ogbn-arxiv', debug=True, defense_mode='prune', device_id=3, dis_weight=0.0, dropout=0.5, epochs=200, evaluate_mode='1by1', hidden=32, homo_boost_thrd=0.8, homo_loss_weight=100.0, inner=1, lr=0.01, model='GCN', no_cuda=False, prune_thr=0.8, seed=904, selection_method='cluster_degree', target_class=0, target_loss_weight=1, test_model='GraphSage', thrd=0.5, train_lr=0.01, trigger_size=3, trojan_epochs=800, use_vs_number=True, vs_number=80, vs_ratio=0, weight_decay=0.0005)
target class rate on Vs: 0.9625
accuracy on clean test nodes: 0.6264
Overall ASR: 0.8494
Flip ASR: 0.8490/16875 nodes
Namespace(cuda=True, dataset='ogbn-arxiv', debug=True, defense_mode='prune', device_id=3, dis_weight=0.0, dropout=0.5, epochs=200, evaluate_mode='1by1', hidden=32, homo_boost_thrd=0.8, homo_loss_weight=100.0, inner=1, lr=0.01, model='GCN', no_cuda=False, prune_thr=0.8, seed=56, selection_method='cluster_degree', target_class=0, target_loss_weight=1, test_model='GraphSage', thrd=0.5, train_lr=0.01, trigger_size=3, trojan_epochs=800, use_vs_number=True, vs_number=80, vs_ratio=0, weight_decay=0.0005)
target class rate on Vs: 0.9625
accuracy on clean test nodes: 0.6273
Overall ASR: 0.8643
Flip ASR: 0.8640/16875 nodes
Namespace(cuda=True, dataset='ogbn-arxiv', debug=True, defense_mode='prune', device_id=3, dis_weight=0.0, dropout=0.5, epochs=200, evaluate_mode='1by1', hidden=32, homo_boost_thrd=0.8, homo_loss_weight=100.0, inner=1, lr=0.01, model='GCN', no_cuda=False, prune_thr=0.8, seed=1, selection_method='cluster_degree', target_class=0, target_loss_weight=1, test_model='GraphSage', thrd=0.5, train_lr=0.01, trigger_size=3, trojan_epochs=800, use_vs_number=True, vs_number=80, vs_ratio=0, weight_decay=0.0005)
target class rate on Vs: 0.9625
accuracy on clean test nodes: 0.6346
Overall ASR: 0.8425
Flip ASR: 0.8421/16875 nodes
Namespace(cuda=True, dataset='ogbn-arxiv', debug=True, defense_mode='prune', device_id=3, dis_weight=0.0, dropout=0.5, epochs=200, evaluate_mode='1by1', hidden=32, homo_boost_thrd=0.8, homo_loss_weight=100.0, inner=1, lr=0.01, model='GCN', no_cuda=False, prune_thr=0.8, seed=694, selection_method='cluster_degree', target_class=0, target_loss_weight=1, test_model='GraphSage', thrd=0.5, train_lr=0.01, trigger_size=3, trojan_epochs=800, use_vs_number=True, vs_number=80, vs_ratio=0, weight_decay=0.0005)
target class rate on Vs: 0.9375
accuracy on clean test nodes: 0.6234
Overall ASR: 0.8308
Flip ASR: 0.8303/16875 nodes
Overall ASR: 0.8464 (GraphSage model, Seed: 694)
Overall Clean Accuracy: 0.6273
Total Overall ASR: 0.9090 
Total Clean Accuracy: 0.6258
