nohup: ignoring input
run_adaptive.py:8: DeprecationWarning: the imp module is deprecated in favour of importlib; see the module's documentation for alternative uses
  import imp
Namespace(cuda=True, dataset='ogbn-arxiv', debug=True, defense_mode='isolate', device_id=0, dis_weight=0.0, dropout=0.5, epochs=800, evaluate_mode='1by1', hidden=32, homo_boost_thrd=0.8, homo_loss_weight=200.0, inner=1, lr=0.01, model='GCN', no_cuda=False, prune_thr=0.8, seed=10, selection_method='cluster_degree', target_class=0, target_loss_weight=1, test_model='GCN', thrd=0.5, train_lr=0.01, trigger_size=1, trojan_epochs=800, use_vs_number=True, vs_number=160, vs_ratio=0, weight_decay=0.0005)
#Attach Nodes:160
./selected_nodes/ogbn-arxiv/Overall/seed10/nodes.txt
idx_attach: tensor([132437, 159342, 115859,  11103, 127522,  67544,  82569, 161886,  62976,
         13773,  68963, 144203,  19681,    750, 156733,  86828,  18909,  82685,
         81700, 164714, 103734,  65352,  47692,  14294, 153213,  78523,   1385,
         50714, 156839, 144199,  88403,  58221,  56228,  88511,  12909, 156645,
         93340, 136107,  80139,    622,   1438,   7666, 133129, 127534, 106596,
        102712,   4269,  55140, 125068, 152827, 135150,  23527,   3609,   6462,
        121168, 152542,   6165, 126338,  90948,  77520,  47397, 106658,  68636,
        109074,  69509, 138501,  13873,  20117,  83448,   3102, 143264,  91042,
         54237,  58770, 165138, 126351,  55671,  99141,  13704, 136218,  16458,
         43368, 146276,  31105, 112018,  77110, 104399,  46245, 147007,   5821,
         19313,  91731,  20583, 142204,  80573,   7668,  83587, 128743, 143180,
         91852,  75911,  65787, 153365, 126297,  39114, 104240,  77327,   4583,
           512,  48952,  28134,  38432,  10832,  61628, 127678, 138417, 147495,
         98345,  93057,  33697, 138811, 124659, 133488,  71285,  47676,   1298,
        167767,  47649, 124811,  39955,  70652, 138116,  94425, 163083,  21820,
        133451,  73518, 132097,  23608,  13837, 125639,  40347, 163907,   5087,
          6422, 119164, 165901,   5059,  83768,  27180, 100388,  35462, 116799,
          3703,   5670,  48904,  68159, 113552, 160597,  96989],
       device='cuda:0')
tensor([     1,      2,      3,  ..., 169334, 169336, 169338], device='cuda:0')
/root/anaconda3/envs/py38_torch110/lib/python3.8/site-packages/torch/nn/init.py:405: UserWarning: Initializing zero-element tensors is a no-op
  warnings.warn("Initializing zero-element tensors is a no-op")
Epoch 0, loss_inner: 3.74861, loss_target: 3.63128, homo loss: 0.71486 
acc_train_clean: 0.0089, ASR_train_attach: 0.0000, ASR_train_outter: 0.0000
Epoch 10, loss_inner: 3.01369, loss_target: 3.17460, homo loss: 0.00552 
acc_train_clean: 0.2634, ASR_train_attach: 0.0000, ASR_train_outter: 0.0000
Epoch 20, loss_inner: 2.76217, loss_target: 2.86457, homo loss: 0.00260 
acc_train_clean: 0.2822, ASR_train_attach: 0.0000, ASR_train_outter: 0.0000
Epoch 30, loss_inner: 2.47477, loss_target: 2.55914, homo loss: 0.00186 
acc_train_clean: 0.3727, ASR_train_attach: 0.0000, ASR_train_outter: 0.0000
Epoch 40, loss_inner: 2.18927, loss_target: 2.26535, homo loss: 0.00147 
acc_train_clean: 0.4458, ASR_train_attach: 0.0000, ASR_train_outter: 0.0000
Epoch 50, loss_inner: 1.94824, loss_target: 1.99135, homo loss: 0.00108 
acc_train_clean: 0.5051, ASR_train_attach: 0.0000, ASR_train_outter: 0.0008
Epoch 60, loss_inner: 1.75109, loss_target: 1.77032, homo loss: 0.00067 
acc_train_clean: 0.5420, ASR_train_attach: 0.0125, ASR_train_outter: 0.2323
Epoch 70, loss_inner: 1.60128, loss_target: 1.61107, homo loss: 0.00046 
acc_train_clean: 0.5744, ASR_train_attach: 0.2188, ASR_train_outter: 0.4392
Epoch 80, loss_inner: 1.49072, loss_target: 1.49691, homo loss: 0.00028 
acc_train_clean: 0.5973, ASR_train_attach: 0.4500, ASR_train_outter: 0.5811
Epoch 90, loss_inner: 1.41599, loss_target: 1.42368, homo loss: 0.00014 
acc_train_clean: 0.6089, ASR_train_attach: 0.6625, ASR_train_outter: 0.6630
Epoch 100, loss_inner: 1.36672, loss_target: 1.37354, homo loss: 0.00006 
acc_train_clean: 0.6186, ASR_train_attach: 0.7500, ASR_train_outter: 0.7086
Epoch 110, loss_inner: 1.33260, loss_target: 1.33917, homo loss: 0.00001 
acc_train_clean: 0.6231, ASR_train_attach: 0.7563, ASR_train_outter: 0.7213
Epoch 120, loss_inner: 1.30491, loss_target: 1.30849, homo loss: 0.00000 
acc_train_clean: 0.6293, ASR_train_attach: 0.8125, ASR_train_outter: 0.7551
Epoch 130, loss_inner: 1.27774, loss_target: 1.27819, homo loss: 0.00000 
acc_train_clean: 0.6340, ASR_train_attach: 0.8313, ASR_train_outter: 0.7931
Epoch 140, loss_inner: 1.25498, loss_target: 1.25571, homo loss: 0.00000 
acc_train_clean: 0.6400, ASR_train_attach: 0.8563, ASR_train_outter: 0.7998
Epoch 150, loss_inner: 1.23799, loss_target: 1.23766, homo loss: 0.00001 
acc_train_clean: 0.6436, ASR_train_attach: 0.8625, ASR_train_outter: 0.8226
Epoch 160, loss_inner: 1.22557, loss_target: 1.22582, homo loss: 0.00000 
acc_train_clean: 0.6459, ASR_train_attach: 0.8688, ASR_train_outter: 0.8167
Epoch 170, loss_inner: 1.21607, loss_target: 1.21616, homo loss: 0.00000 
acc_train_clean: 0.6478, ASR_train_attach: 0.8688, ASR_train_outter: 0.8193
Epoch 180, loss_inner: 1.20818, loss_target: 1.20794, homo loss: 0.00000 
acc_train_clean: 0.6500, ASR_train_attach: 0.8875, ASR_train_outter: 0.8285
Epoch 190, loss_inner: 1.20138, loss_target: 1.20100, homo loss: 0.00000 
acc_train_clean: 0.6514, ASR_train_attach: 0.8875, ASR_train_outter: 0.8328
Epoch 200, loss_inner: 1.19537, loss_target: 1.19467, homo loss: 0.00000 
acc_train_clean: 0.6525, ASR_train_attach: 0.8875, ASR_train_outter: 0.8378
Epoch 210, loss_inner: 1.18924, loss_target: 1.18826, homo loss: 0.00000 
acc_train_clean: 0.6540, ASR_train_attach: 0.8875, ASR_train_outter: 0.8446
Epoch 220, loss_inner: 1.18163, loss_target: 1.18019, homo loss: 0.00000 
acc_train_clean: 0.6561, ASR_train_attach: 0.8938, ASR_train_outter: 0.8514
Epoch 230, loss_inner: 1.17357, loss_target: 1.17292, homo loss: 0.00000 
acc_train_clean: 0.6577, ASR_train_attach: 0.8938, ASR_train_outter: 0.8412
Epoch 240, loss_inner: 1.16728, loss_target: 1.16630, homo loss: 0.00000 
acc_train_clean: 0.6597, ASR_train_attach: 0.8938, ASR_train_outter: 0.8505
Epoch 250, loss_inner: 1.16271, loss_target: 1.16220, homo loss: 0.00000 
acc_train_clean: 0.6611, ASR_train_attach: 0.8938, ASR_train_outter: 0.8497
Epoch 260, loss_inner: 1.15868, loss_target: 1.15781, homo loss: 0.00000 
acc_train_clean: 0.6625, ASR_train_attach: 0.8938, ASR_train_outter: 0.8522
Epoch 270, loss_inner: 1.15526, loss_target: 1.15435, homo loss: 0.00000 
acc_train_clean: 0.6624, ASR_train_attach: 0.8938, ASR_train_outter: 0.8539
Epoch 280, loss_inner: 1.15190, loss_target: 1.15124, homo loss: 0.00000 
acc_train_clean: 0.6640, ASR_train_attach: 0.8938, ASR_train_outter: 0.8539
Epoch 290, loss_inner: 1.14882, loss_target: 1.14760, homo loss: 0.00000 
acc_train_clean: 0.6644, ASR_train_attach: 0.8938, ASR_train_outter: 0.8615
Epoch 300, loss_inner: 1.14593, loss_target: 1.14472, homo loss: 0.00000 
acc_train_clean: 0.6651, ASR_train_attach: 0.8938, ASR_train_outter: 0.8606
Epoch 310, loss_inner: 1.14300, loss_target: 1.14207, homo loss: 0.00000 
acc_train_clean: 0.6664, ASR_train_attach: 0.8938, ASR_train_outter: 0.8581
Epoch 320, loss_inner: 1.13985, loss_target: 1.13822, homo loss: 0.00000 
acc_train_clean: 0.6661, ASR_train_attach: 0.9000, ASR_train_outter: 0.8606
Epoch 330, loss_inner: 1.13522, loss_target: 1.13291, homo loss: 0.00000 
acc_train_clean: 0.6675, ASR_train_attach: 0.8938, ASR_train_outter: 0.8674
Epoch 340, loss_inner: 1.13189, loss_target: 1.13014, homo loss: 0.00000 
acc_train_clean: 0.6689, ASR_train_attach: 0.8938, ASR_train_outter: 0.8615
Epoch 350, loss_inner: 1.12909, loss_target: 1.12756, homo loss: 0.00000 
acc_train_clean: 0.6704, ASR_train_attach: 0.8938, ASR_train_outter: 0.8598
Epoch 360, loss_inner: 1.12682, loss_target: 1.12460, homo loss: 0.00000 
acc_train_clean: 0.6711, ASR_train_attach: 0.8938, ASR_train_outter: 0.8640
Epoch 370, loss_inner: 1.12499, loss_target: 1.12248, homo loss: 0.00000 
acc_train_clean: 0.6711, ASR_train_attach: 0.8938, ASR_train_outter: 0.8674
Epoch 380, loss_inner: 1.12331, loss_target: 1.12085, homo loss: 0.00000 
acc_train_clean: 0.6714, ASR_train_attach: 0.9000, ASR_train_outter: 0.8682
Epoch 390, loss_inner: 1.12182, loss_target: 1.11925, homo loss: 0.00000 
acc_train_clean: 0.6722, ASR_train_attach: 0.9000, ASR_train_outter: 0.8699
Epoch 400, loss_inner: 1.12052, loss_target: 1.11744, homo loss: 0.00000 
acc_train_clean: 0.6723, ASR_train_attach: 0.8938, ASR_train_outter: 0.8775
Epoch 410, loss_inner: 1.11993, loss_target: 1.11729, homo loss: 0.00000 
acc_train_clean: 0.6717, ASR_train_attach: 0.8938, ASR_train_outter: 0.8682
Epoch 420, loss_inner: 1.11881, loss_target: 1.11568, homo loss: 0.00000 
acc_train_clean: 0.6730, ASR_train_attach: 0.8938, ASR_train_outter: 0.8708
Epoch 430, loss_inner: 1.11716, loss_target: 1.11389, homo loss: 0.00000 
acc_train_clean: 0.6735, ASR_train_attach: 0.9125, ASR_train_outter: 0.8758
Epoch 440, loss_inner: 1.11620, loss_target: 1.11283, homo loss: 0.00000 
acc_train_clean: 0.6736, ASR_train_attach: 0.9125, ASR_train_outter: 0.8758
Epoch 450, loss_inner: 1.11517, loss_target: 1.11134, homo loss: 0.00000 
acc_train_clean: 0.6740, ASR_train_attach: 0.9125, ASR_train_outter: 0.8801
Epoch 460, loss_inner: 1.11431, loss_target: 1.11046, homo loss: 0.00000 
acc_train_clean: 0.6740, ASR_train_attach: 0.9000, ASR_train_outter: 0.8792
Epoch 470, loss_inner: 1.11352, loss_target: 1.10964, homo loss: 0.00000 
acc_train_clean: 0.6744, ASR_train_attach: 0.9125, ASR_train_outter: 0.8801
Epoch 480, loss_inner: 1.11305, loss_target: 1.10910, homo loss: 0.00000 
acc_train_clean: 0.6744, ASR_train_attach: 0.9125, ASR_train_outter: 0.8809
Epoch 490, loss_inner: 1.11202, loss_target: 1.10798, homo loss: 0.00000 
acc_train_clean: 0.6741, ASR_train_attach: 0.9125, ASR_train_outter: 0.8758
Epoch 500, loss_inner: 1.11141, loss_target: 1.10714, homo loss: 0.00000 
acc_train_clean: 0.6751, ASR_train_attach: 0.9062, ASR_train_outter: 0.8834
Epoch 510, loss_inner: 1.11056, loss_target: 1.10593, homo loss: 0.00000 
acc_train_clean: 0.6749, ASR_train_attach: 0.9125, ASR_train_outter: 0.8843
Epoch 520, loss_inner: 1.10989, loss_target: 1.10539, homo loss: 0.00000 
acc_train_clean: 0.6749, ASR_train_attach: 0.9062, ASR_train_outter: 0.8801
Epoch 530, loss_inner: 1.10930, loss_target: 1.10453, homo loss: 0.00000 
acc_train_clean: 0.6751, ASR_train_attach: 0.9125, ASR_train_outter: 0.8818
Epoch 540, loss_inner: 1.10877, loss_target: 1.10400, homo loss: 0.00000 
acc_train_clean: 0.6750, ASR_train_attach: 0.9125, ASR_train_outter: 0.8792
Epoch 550, loss_inner: 1.10862, loss_target: 1.10316, homo loss: 0.00000 
acc_train_clean: 0.6743, ASR_train_attach: 0.9125, ASR_train_outter: 0.8877
Epoch 560, loss_inner: 1.10734, loss_target: 1.10198, homo loss: 0.00000 
acc_train_clean: 0.6755, ASR_train_attach: 0.9188, ASR_train_outter: 0.8877
Epoch 570, loss_inner: 1.10660, loss_target: 1.10120, homo loss: 0.00000 
acc_train_clean: 0.6758, ASR_train_attach: 0.9125, ASR_train_outter: 0.8868
Epoch 580, loss_inner: 1.10614, loss_target: 1.10090, homo loss: 0.00000 
acc_train_clean: 0.6760, ASR_train_attach: 0.9125, ASR_train_outter: 0.8826
Epoch 590, loss_inner: 1.10554, loss_target: 1.10011, homo loss: 0.00000 
acc_train_clean: 0.6761, ASR_train_attach: 0.9125, ASR_train_outter: 0.8860
Epoch 600, loss_inner: 1.10530, loss_target: 1.09951, homo loss: 0.00000 
acc_train_clean: 0.6757, ASR_train_attach: 0.9125, ASR_train_outter: 0.8910
Epoch 610, loss_inner: 1.10439, loss_target: 1.09857, homo loss: 0.00000 
acc_train_clean: 0.6762, ASR_train_attach: 0.9125, ASR_train_outter: 0.8877
Epoch 620, loss_inner: 1.10408, loss_target: 1.09850, homo loss: 0.00000 
acc_train_clean: 0.6762, ASR_train_attach: 0.9000, ASR_train_outter: 0.8834
Epoch 630, loss_inner: 1.10348, loss_target: 1.09720, homo loss: 0.00000 
acc_train_clean: 0.6761, ASR_train_attach: 0.9125, ASR_train_outter: 0.8910
Epoch 640, loss_inner: 1.10309, loss_target: 1.09705, homo loss: 0.00000 
acc_train_clean: 0.6766, ASR_train_attach: 0.9125, ASR_train_outter: 0.8894
Epoch 650, loss_inner: 1.10254, loss_target: 1.09643, homo loss: 0.00000 
acc_train_clean: 0.6765, ASR_train_attach: 0.9125, ASR_train_outter: 0.8910
Epoch 660, loss_inner: 1.10249, loss_target: 1.09566, homo loss: 0.00000 
acc_train_clean: 0.6765, ASR_train_attach: 0.9125, ASR_train_outter: 0.8910
Epoch 670, loss_inner: 1.10182, loss_target: 1.09578, homo loss: 0.00000 
acc_train_clean: 0.6765, ASR_train_attach: 0.9125, ASR_train_outter: 0.8902
Epoch 680, loss_inner: 1.10110, loss_target: 1.09441, homo loss: 0.00000 
acc_train_clean: 0.6766, ASR_train_attach: 0.9125, ASR_train_outter: 0.8919
Epoch 690, loss_inner: 1.10059, loss_target: 1.09403, homo loss: 0.00000 
acc_train_clean: 0.6768, ASR_train_attach: 0.9188, ASR_train_outter: 0.8944
Epoch 700, loss_inner: 1.10017, loss_target: 1.09336, homo loss: 0.00000 
acc_train_clean: 0.6772, ASR_train_attach: 0.9125, ASR_train_outter: 0.8944
Epoch 710, loss_inner: 1.10000, loss_target: 1.09330, homo loss: 0.00000 
acc_train_clean: 0.6770, ASR_train_attach: 0.9125, ASR_train_outter: 0.8877
Epoch 720, loss_inner: 1.09938, loss_target: 1.09275, homo loss: 0.00000 
acc_train_clean: 0.6770, ASR_train_attach: 0.9125, ASR_train_outter: 0.8868
Epoch 730, loss_inner: 1.09895, loss_target: 1.09196, homo loss: 0.00000 
acc_train_clean: 0.6774, ASR_train_attach: 0.9125, ASR_train_outter: 0.8944
Epoch 740, loss_inner: 1.09945, loss_target: 1.09257, homo loss: 0.00000 
acc_train_clean: 0.6774, ASR_train_attach: 0.9125, ASR_train_outter: 0.8936
Epoch 750, loss_inner: 1.09831, loss_target: 1.09107, homo loss: 0.00000 
acc_train_clean: 0.6769, ASR_train_attach: 0.9125, ASR_train_outter: 0.8936
Epoch 760, loss_inner: 1.09764, loss_target: 1.09043, homo loss: 0.00000 
acc_train_clean: 0.6775, ASR_train_attach: 0.9125, ASR_train_outter: 0.8970
Epoch 770, loss_inner: 1.09716, loss_target: 1.09004, homo loss: 0.00000 
acc_train_clean: 0.6779, ASR_train_attach: 0.9125, ASR_train_outter: 0.8919
Epoch 780, loss_inner: 1.09714, loss_target: 1.08974, homo loss: 0.00000 
acc_train_clean: 0.6782, ASR_train_attach: 0.9125, ASR_train_outter: 0.8936
Epoch 790, loss_inner: 1.09643, loss_target: 1.08898, homo loss: 0.00000 
acc_train_clean: 0.6777, ASR_train_attach: 0.9125, ASR_train_outter: 0.8944
load best weight based on the loss outter
precent of left attach nodes: 0.181
Namespace(cuda=True, dataset='ogbn-arxiv', debug=True, defense_mode='isolate', device_id=0, dis_weight=0.0, dropout=0.5, epochs=800, evaluate_mode='1by1', hidden=32, homo_boost_thrd=0.8, homo_loss_weight=200.0, inner=1, lr=0.01, model='GCN', no_cuda=False, prune_thr=0.8, seed=265, selection_method='cluster_degree', target_class=0, target_loss_weight=1, test_model='GCN', thrd=0.5, train_lr=0.01, trigger_size=1, trojan_epochs=800, use_vs_number=True, vs_number=160, vs_ratio=0, weight_decay=0.0005)
target class rate on Vs: 0.8750
accuracy on clean test nodes: 0.6433
Overall ASR: 0.6989
Flip ASR: 0.6978/16875 nodes
Namespace(cuda=True, dataset='ogbn-arxiv', debug=True, defense_mode='isolate', device_id=0, dis_weight=0.0, dropout=0.5, epochs=800, evaluate_mode='1by1', hidden=32, homo_boost_thrd=0.8, homo_loss_weight=200.0, inner=1, lr=0.01, model='GCN', no_cuda=False, prune_thr=0.8, seed=125, selection_method='cluster_degree', target_class=0, target_loss_weight=1, test_model='GCN', thrd=0.5, train_lr=0.01, trigger_size=1, trojan_epochs=800, use_vs_number=True, vs_number=160, vs_ratio=0, weight_decay=0.0005)
target class rate on Vs: 0.8875
accuracy on clean test nodes: 0.6460
Overall ASR: 0.6938
Flip ASR: 0.6928/16875 nodes
Namespace(cuda=True, dataset='ogbn-arxiv', debug=True, defense_mode='isolate', device_id=0, dis_weight=0.0, dropout=0.5, epochs=800, evaluate_mode='1by1', hidden=32, homo_boost_thrd=0.8, homo_loss_weight=200.0, inner=1, lr=0.01, model='GCN', no_cuda=False, prune_thr=0.8, seed=996, selection_method='cluster_degree', target_class=0, target_loss_weight=1, test_model='GCN', thrd=0.5, train_lr=0.01, trigger_size=1, trojan_epochs=800, use_vs_number=True, vs_number=160, vs_ratio=0, weight_decay=0.0005)
target class rate on Vs: 0.7812
accuracy on clean test nodes: 0.6473
Overall ASR: 0.6760
Flip ASR: 0.6748/16875 nodes
Namespace(cuda=True, dataset='ogbn-arxiv', debug=True, defense_mode='isolate', device_id=0, dis_weight=0.0, dropout=0.5, epochs=800, evaluate_mode='1by1', hidden=32, homo_boost_thrd=0.8, homo_loss_weight=200.0, inner=1, lr=0.01, model='GCN', no_cuda=False, prune_thr=0.8, seed=527, selection_method='cluster_degree', target_class=0, target_loss_weight=1, test_model='GCN', thrd=0.5, train_lr=0.01, trigger_size=1, trojan_epochs=800, use_vs_number=True, vs_number=160, vs_ratio=0, weight_decay=0.0005)
target class rate on Vs: 0.8813
accuracy on clean test nodes: 0.6475
Overall ASR: 0.7090
Flip ASR: 0.7081/16875 nodes
Namespace(cuda=True, dataset='ogbn-arxiv', debug=True, defense_mode='isolate', device_id=0, dis_weight=0.0, dropout=0.5, epochs=800, evaluate_mode='1by1', hidden=32, homo_boost_thrd=0.8, homo_loss_weight=200.0, inner=1, lr=0.01, model='GCN', no_cuda=False, prune_thr=0.8, seed=320, selection_method='cluster_degree', target_class=0, target_loss_weight=1, test_model='GCN', thrd=0.5, train_lr=0.01, trigger_size=1, trojan_epochs=800, use_vs_number=True, vs_number=160, vs_ratio=0, weight_decay=0.0005)
target class rate on Vs: 0.8313
accuracy on clean test nodes: 0.6452
Overall ASR: 0.6837
Flip ASR: 0.6827/16875 nodes
Overall ASR: 0.6923 (GCN model, Seed: 320)
Overall Clean Accuracy: 0.6458
Namespace(cuda=True, dataset='ogbn-arxiv', debug=True, defense_mode='isolate', device_id=0, dis_weight=0.0, dropout=0.5, epochs=800, evaluate_mode='1by1', hidden=32, homo_boost_thrd=0.8, homo_loss_weight=200.0, inner=1, lr=0.01, model='GCN', no_cuda=False, prune_thr=0.8, seed=781, selection_method='cluster_degree', target_class=0, target_loss_weight=1, test_model='GAT', thrd=0.5, train_lr=0.01, trigger_size=1, trojan_epochs=800, use_vs_number=True, vs_number=160, vs_ratio=0, weight_decay=0.0005)
/home/project-graph-backdoor/Backdoor/models/GAT.py:61: UserWarning: To copy construct from a tensor, it is recommended to use sourceTensor.clone().detach() or sourceTensor.clone().detach().requires_grad_(True), rather than torch.tensor(sourceTensor).
  self.labels = torch.tensor(labels, dtype=torch.long)
target class rate on Vs: 0.8688
accuracy on clean test nodes: 0.6408
Overall ASR: 0.7516
Flip ASR: 0.7508/16875 nodes
Namespace(cuda=True, dataset='ogbn-arxiv', debug=True, defense_mode='isolate', device_id=0, dis_weight=0.0, dropout=0.5, epochs=800, evaluate_mode='1by1', hidden=32, homo_boost_thrd=0.8, homo_loss_weight=200.0, inner=1, lr=0.01, model='GCN', no_cuda=False, prune_thr=0.8, seed=706, selection_method='cluster_degree', target_class=0, target_loss_weight=1, test_model='GAT', thrd=0.5, train_lr=0.01, trigger_size=1, trojan_epochs=800, use_vs_number=True, vs_number=160, vs_ratio=0, weight_decay=0.0005)
target class rate on Vs: 0.5125
accuracy on clean test nodes: 0.6410
Overall ASR: 0.6136
Flip ASR: 0.6123/16875 nodes
Namespace(cuda=True, dataset='ogbn-arxiv', debug=True, defense_mode='isolate', device_id=0, dis_weight=0.0, dropout=0.5, epochs=800, evaluate_mode='1by1', hidden=32, homo_boost_thrd=0.8, homo_loss_weight=200.0, inner=1, lr=0.01, model='GCN', no_cuda=False, prune_thr=0.8, seed=778, selection_method='cluster_degree', target_class=0, target_loss_weight=1, test_model='GAT', thrd=0.5, train_lr=0.01, trigger_size=1, trojan_epochs=800, use_vs_number=True, vs_number=160, vs_ratio=0, weight_decay=0.0005)
target class rate on Vs: 0.5437
accuracy on clean test nodes: 0.6403
Overall ASR: 0.6447
Flip ASR: 0.6436/16875 nodes
Namespace(cuda=True, dataset='ogbn-arxiv', debug=True, defense_mode='isolate', device_id=0, dis_weight=0.0, dropout=0.5, epochs=800, evaluate_mode='1by1', hidden=32, homo_boost_thrd=0.8, homo_loss_weight=200.0, inner=1, lr=0.01, model='GCN', no_cuda=False, prune_thr=0.8, seed=604, selection_method='cluster_degree', target_class=0, target_loss_weight=1, test_model='GAT', thrd=0.5, train_lr=0.01, trigger_size=1, trojan_epochs=800, use_vs_number=True, vs_number=160, vs_ratio=0, weight_decay=0.0005)
target class rate on Vs: 0.3375
accuracy on clean test nodes: 0.6388
Overall ASR: 0.5249
Flip ASR: 0.5234/16875 nodes
Namespace(cuda=True, dataset='ogbn-arxiv', debug=True, defense_mode='isolate', device_id=0, dis_weight=0.0, dropout=0.5, epochs=800, evaluate_mode='1by1', hidden=32, homo_boost_thrd=0.8, homo_loss_weight=200.0, inner=1, lr=0.01, model='GCN', no_cuda=False, prune_thr=0.8, seed=133, selection_method='cluster_degree', target_class=0, target_loss_weight=1, test_model='GAT', thrd=0.5, train_lr=0.01, trigger_size=1, trojan_epochs=800, use_vs_number=True, vs_number=160, vs_ratio=0, weight_decay=0.0005)
target class rate on Vs: 0.3438
accuracy on clean test nodes: 0.6398
Overall ASR: 0.5198
Flip ASR: 0.5183/16875 nodes
Overall ASR: 0.6109 (GAT model, Seed: 133)
Overall Clean Accuracy: 0.6401
Namespace(cuda=True, dataset='ogbn-arxiv', debug=True, defense_mode='isolate', device_id=0, dis_weight=0.0, dropout=0.5, epochs=800, evaluate_mode='1by1', hidden=32, homo_boost_thrd=0.8, homo_loss_weight=200.0, inner=1, lr=0.01, model='GCN', no_cuda=False, prune_thr=0.8, seed=673, selection_method='cluster_degree', target_class=0, target_loss_weight=1, test_model='GraphSage', thrd=0.5, train_lr=0.01, trigger_size=1, trojan_epochs=800, use_vs_number=True, vs_number=160, vs_ratio=0, weight_decay=0.0005)
target class rate on Vs: 0.5688
accuracy on clean test nodes: 0.6423
Overall ASR: 0.6422
Flip ASR: 0.6410/16875 nodes
Namespace(cuda=True, dataset='ogbn-arxiv', debug=True, defense_mode='isolate', device_id=0, dis_weight=0.0, dropout=0.5, epochs=800, evaluate_mode='1by1', hidden=32, homo_boost_thrd=0.8, homo_loss_weight=200.0, inner=1, lr=0.01, model='GCN', no_cuda=False, prune_thr=0.8, seed=904, selection_method='cluster_degree', target_class=0, target_loss_weight=1, test_model='GraphSage', thrd=0.5, train_lr=0.01, trigger_size=1, trojan_epochs=800, use_vs_number=True, vs_number=160, vs_ratio=0, weight_decay=0.0005)
target class rate on Vs: 0.6438
accuracy on clean test nodes: 0.6364
Overall ASR: 0.6534
Flip ASR: 0.6523/16875 nodes
Namespace(cuda=True, dataset='ogbn-arxiv', debug=True, defense_mode='isolate', device_id=0, dis_weight=0.0, dropout=0.5, epochs=800, evaluate_mode='1by1', hidden=32, homo_boost_thrd=0.8, homo_loss_weight=200.0, inner=1, lr=0.01, model='GCN', no_cuda=False, prune_thr=0.8, seed=56, selection_method='cluster_degree', target_class=0, target_loss_weight=1, test_model='GraphSage', thrd=0.5, train_lr=0.01, trigger_size=1, trojan_epochs=800, use_vs_number=True, vs_number=160, vs_ratio=0, weight_decay=0.0005)
target class rate on Vs: 0.5938
accuracy on clean test nodes: 0.6411
Overall ASR: 0.6613
Flip ASR: 0.6602/16875 nodes
Namespace(cuda=True, dataset='ogbn-arxiv', debug=True, defense_mode='isolate', device_id=0, dis_weight=0.0, dropout=0.5, epochs=800, evaluate_mode='1by1', hidden=32, homo_boost_thrd=0.8, homo_loss_weight=200.0, inner=1, lr=0.01, model='GCN', no_cuda=False, prune_thr=0.8, seed=1, selection_method='cluster_degree', target_class=0, target_loss_weight=1, test_model='GraphSage', thrd=0.5, train_lr=0.01, trigger_size=1, trojan_epochs=800, use_vs_number=True, vs_number=160, vs_ratio=0, weight_decay=0.0005)
target class rate on Vs: 0.6375
accuracy on clean test nodes: 0.6440
Overall ASR: 0.6706
Flip ASR: 0.6695/16875 nodes
Namespace(cuda=True, dataset='ogbn-arxiv', debug=True, defense_mode='isolate', device_id=0, dis_weight=0.0, dropout=0.5, epochs=800, evaluate_mode='1by1', hidden=32, homo_boost_thrd=0.8, homo_loss_weight=200.0, inner=1, lr=0.01, model='GCN', no_cuda=False, prune_thr=0.8, seed=694, selection_method='cluster_degree', target_class=0, target_loss_weight=1, test_model='GraphSage', thrd=0.5, train_lr=0.01, trigger_size=1, trojan_epochs=800, use_vs_number=True, vs_number=160, vs_ratio=0, weight_decay=0.0005)
target class rate on Vs: 0.5688
accuracy on clean test nodes: 0.6387
Overall ASR: 0.6354
Flip ASR: 0.6342/16875 nodes
Overall ASR: 0.6526 (GraphSage model, Seed: 694)
Overall Clean Accuracy: 0.6405
Total Overall ASR: 0.6519 
Total Clean Accuracy: 0.6422
