nohup: ignoring input
run_adaptive.py:8: DeprecationWarning: the imp module is deprecated in favour of importlib; see the module's documentation for alternative uses
  import imp
Namespace(cuda=True, dataset='ogbn-arxiv', debug=True, defense_mode='isolate', device_id=3, dis_weight=0.0, dropout=0.5, epochs=800, evaluate_mode='1by1', hidden=32, homo_boost_thrd=1.0, homo_loss_weight=100.0, inner=1, lr=0.01, model='GCN', no_cuda=False, prune_thr=0.8, seed=10, selection_method='cluster_degree', target_class=0, target_loss_weight=1, test_model='GCN', thrd=0.5, train_lr=0.01, trigger_size=3, trojan_epochs=800, use_vs_number=True, vs_number=160, vs_ratio=0, weight_decay=0.0005)
#Attach Nodes:160
./selected_nodes/ogbn-arxiv/Overall/seed10/nodes.txt
idx_attach: tensor([132437, 159342, 115859,  11103, 127522,  67544,  82569, 161886,  62976,
         13773,  68963, 144203,  19681,    750, 156733,  86828,  18909,  82685,
         81700, 164714, 103734,  65352,  47692,  14294, 153213,  78523,   1385,
         50714, 156839, 144199,  88403,  58221,  56228,  88511,  12909, 156645,
         93340, 136107,  80139,    622,   1438,   7666, 133129, 127534, 106596,
        102712,   4269,  55140, 125068, 152827, 135150,  23527,   3609,   6462,
        121168, 152542,   6165, 126338,  90948,  77520,  47397, 106658,  68636,
        109074,  69509, 138501,  13873,  20117,  83448,   3102, 143264,  91042,
         54237,  58770, 165138, 126351,  55671,  99141,  13704, 136218,  16458,
         43368, 146276,  31105, 112018,  77110, 104399,  46245, 147007,   5821,
         19313,  91731,  20583, 142204,  80573,   7668,  83587, 128743, 143180,
         91852,  75911,  65787, 153365, 126297,  39114, 104240,  77327,   4583,
           512,  48952,  28134,  38432,  10832,  61628, 127678, 138417, 147495,
         98345,  93057,  33697, 138811, 124659, 133488,  71285,  47676,   1298,
        167767,  47649, 124811,  39955,  70652, 138116,  94425, 163083,  21820,
        133451,  73518, 132097,  23608,  13837, 125639,  40347, 163907,   5087,
          6422, 119164, 165901,   5059,  83768,  27180, 100388,  35462, 116799,
          3703,   5670,  48904,  68159, 113552, 160597,  96989],
       device='cuda:3')
tensor([     1,      2,      3,  ..., 169334, 169336, 169338], device='cuda:3')
Epoch 0, loss_inner: 3.74859, loss_target: 3.62642, homo loss: 1.00480 
acc_train_clean: 0.0089, ASR_train_attach: 0.0000, ASR_train_outter: 0.0000
Epoch 10, loss_inner: 3.01945, loss_target: 3.11692, homo loss: 0.06252 
acc_train_clean: 0.2630, ASR_train_attach: 0.0000, ASR_train_outter: 0.0000
Epoch 20, loss_inner: 2.77010, loss_target: 2.82392, homo loss: 0.04384 
acc_train_clean: 0.2847, ASR_train_attach: 0.0000, ASR_train_outter: 0.0000
Epoch 30, loss_inner: 2.48406, loss_target: 2.52122, homo loss: 0.03640 
acc_train_clean: 0.3747, ASR_train_attach: 0.0000, ASR_train_outter: 0.0000
Epoch 40, loss_inner: 2.19664, loss_target: 2.22446, homo loss: 0.03166 
acc_train_clean: 0.4478, ASR_train_attach: 0.0000, ASR_train_outter: 0.0000
Epoch 50, loss_inner: 1.94863, loss_target: 1.95733, homo loss: 0.03007 
acc_train_clean: 0.5077, ASR_train_attach: 0.0000, ASR_train_outter: 0.0000
Epoch 60, loss_inner: 1.75473, loss_target: 1.74671, homo loss: 0.02912 
acc_train_clean: 0.5407, ASR_train_attach: 0.0125, ASR_train_outter: 0.0729
Epoch 70, loss_inner: 1.62205, loss_target: 1.61190, homo loss: 0.02834 
acc_train_clean: 0.5669, ASR_train_attach: 0.1750, ASR_train_outter: 0.4256
Epoch 80, loss_inner: 1.53007, loss_target: 1.52197, homo loss: 0.02713 
acc_train_clean: 0.5881, ASR_train_attach: 0.3250, ASR_train_outter: 0.5312
Epoch 90, loss_inner: 1.46357, loss_target: 1.46301, homo loss: 0.02560 
acc_train_clean: 0.6009, ASR_train_attach: 0.3375, ASR_train_outter: 0.5089
Epoch 100, loss_inner: 1.40611, loss_target: 1.41237, homo loss: 0.02422 
acc_train_clean: 0.6115, ASR_train_attach: 0.4188, ASR_train_outter: 0.5387
Epoch 110, loss_inner: 1.35645, loss_target: 1.35943, homo loss: 0.02379 
acc_train_clean: 0.6210, ASR_train_attach: 0.5813, ASR_train_outter: 0.6131
Epoch 120, loss_inner: 1.31549, loss_target: 1.31313, homo loss: 0.03153 
acc_train_clean: 0.6272, ASR_train_attach: 0.7313, ASR_train_outter: 0.7232
Epoch 130, loss_inner: 1.28219, loss_target: 1.28167, homo loss: 0.03081 
acc_train_clean: 0.6353, ASR_train_attach: 0.7750, ASR_train_outter: 0.7307
Epoch 140, loss_inner: 1.25794, loss_target: 1.25939, homo loss: 0.03083 
acc_train_clean: 0.6405, ASR_train_attach: 0.7063, ASR_train_outter: 0.7321
Epoch 150, loss_inner: 1.24119, loss_target: 1.24284, homo loss: 0.03048 
acc_train_clean: 0.6440, ASR_train_attach: 0.7375, ASR_train_outter: 0.7351
Epoch 160, loss_inner: 1.22969, loss_target: 1.23184, homo loss: 0.03005 
acc_train_clean: 0.6465, ASR_train_attach: 0.7438, ASR_train_outter: 0.7321
Epoch 170, loss_inner: 1.22065, loss_target: 1.22303, homo loss: 0.03035 
acc_train_clean: 0.6485, ASR_train_attach: 0.7563, ASR_train_outter: 0.7485
Epoch 180, loss_inner: 1.21250, loss_target: 1.21385, homo loss: 0.02966 
acc_train_clean: 0.6499, ASR_train_attach: 0.7938, ASR_train_outter: 0.7798
Epoch 190, loss_inner: 1.20565, loss_target: 1.20767, homo loss: 0.02963 
acc_train_clean: 0.6509, ASR_train_attach: 0.8313, ASR_train_outter: 0.7872
Epoch 200, loss_inner: 1.19900, loss_target: 1.19976, homo loss: 0.02940 
acc_train_clean: 0.6535, ASR_train_attach: 0.8563, ASR_train_outter: 0.8125
Epoch 210, loss_inner: 1.19330, loss_target: 1.19398, homo loss: 0.02949 
acc_train_clean: 0.6543, ASR_train_attach: 0.8688, ASR_train_outter: 0.8229
Epoch 220, loss_inner: 1.18797, loss_target: 1.18766, homo loss: 0.02966 
acc_train_clean: 0.6557, ASR_train_attach: 0.8813, ASR_train_outter: 0.8408
Epoch 230, loss_inner: 1.18288, loss_target: 1.18208, homo loss: 0.02970 
acc_train_clean: 0.6557, ASR_train_attach: 0.8875, ASR_train_outter: 0.8497
Epoch 240, loss_inner: 1.17829, loss_target: 1.17674, homo loss: 0.02941 
acc_train_clean: 0.6568, ASR_train_attach: 0.8938, ASR_train_outter: 0.8661
Epoch 250, loss_inner: 1.17363, loss_target: 1.17204, homo loss: 0.03006 
acc_train_clean: 0.6595, ASR_train_attach: 0.9062, ASR_train_outter: 0.8780
Epoch 260, loss_inner: 1.16689, loss_target: 1.16391, homo loss: 0.03121 
acc_train_clean: 0.6608, ASR_train_attach: 0.9062, ASR_train_outter: 0.8899
Epoch 270, loss_inner: 1.15978, loss_target: 1.15681, homo loss: 0.02967 
acc_train_clean: 0.6625, ASR_train_attach: 0.9375, ASR_train_outter: 0.9152
Epoch 280, loss_inner: 1.15494, loss_target: 1.15291, homo loss: 0.03028 
acc_train_clean: 0.6633, ASR_train_attach: 0.9188, ASR_train_outter: 0.9092
Epoch 290, loss_inner: 1.15176, loss_target: 1.15039, homo loss: 0.03463 
acc_train_clean: 0.6655, ASR_train_attach: 0.9313, ASR_train_outter: 0.9211
Epoch 300, loss_inner: 1.14626, loss_target: 1.14357, homo loss: 0.03137 
acc_train_clean: 0.6659, ASR_train_attach: 0.9813, ASR_train_outter: 0.9643
Epoch 310, loss_inner: 1.14112, loss_target: 1.13672, homo loss: 0.03031 
acc_train_clean: 0.6676, ASR_train_attach: 0.9813, ASR_train_outter: 0.9717
Epoch 320, loss_inner: 1.13760, loss_target: 1.13537, homo loss: 0.02951 
acc_train_clean: 0.6677, ASR_train_attach: 0.9500, ASR_train_outter: 0.9464
Epoch 330, loss_inner: 1.13644, loss_target: 1.13744, homo loss: 0.05791 
acc_train_clean: 0.6681, ASR_train_attach: 0.9250, ASR_train_outter: 0.9122
Epoch 340, loss_inner: 1.13152, loss_target: 1.14846, homo loss: 0.03667 
acc_train_clean: 0.6697, ASR_train_attach: 1.0000, ASR_train_outter: 0.9881
Epoch 350, loss_inner: 1.12879, loss_target: 1.15779, homo loss: 0.03594 
acc_train_clean: 0.6698, ASR_train_attach: 0.9938, ASR_train_outter: 0.9911
Epoch 360, loss_inner: 1.12664, loss_target: 1.15928, homo loss: 0.03617 
acc_train_clean: 0.6711, ASR_train_attach: 0.9938, ASR_train_outter: 0.9926
Epoch 370, loss_inner: 1.12485, loss_target: 1.15839, homo loss: 0.03629 
acc_train_clean: 0.6713, ASR_train_attach: 0.9938, ASR_train_outter: 0.9940
Epoch 380, loss_inner: 1.12309, loss_target: 1.14938, homo loss: 0.03606 
acc_train_clean: 0.6718, ASR_train_attach: 1.0000, ASR_train_outter: 0.9926
Epoch 390, loss_inner: 1.12173, loss_target: 1.13573, homo loss: 0.03531 
acc_train_clean: 0.6719, ASR_train_attach: 1.0000, ASR_train_outter: 0.9926
Epoch 400, loss_inner: 1.12008, loss_target: 1.12199, homo loss: 0.05722 
acc_train_clean: 0.6718, ASR_train_attach: 0.9938, ASR_train_outter: 0.9955
Epoch 410, loss_inner: 1.11998, loss_target: 1.15670, homo loss: 0.03811 
acc_train_clean: 0.6712, ASR_train_attach: 0.9938, ASR_train_outter: 0.9955
Epoch 420, loss_inner: 1.11994, loss_target: 1.16739, homo loss: 0.03804 
acc_train_clean: 0.6714, ASR_train_attach: 1.0000, ASR_train_outter: 0.9926
Epoch 430, loss_inner: 1.11766, loss_target: 1.16865, homo loss: 0.03791 
acc_train_clean: 0.6724, ASR_train_attach: 1.0000, ASR_train_outter: 0.9926
Epoch 440, loss_inner: 1.11769, loss_target: 1.16645, homo loss: 0.03791 
acc_train_clean: 0.6726, ASR_train_attach: 1.0000, ASR_train_outter: 0.9940
Epoch 450, loss_inner: 1.11570, loss_target: 1.16120, homo loss: 0.03780 
acc_train_clean: 0.6725, ASR_train_attach: 1.0000, ASR_train_outter: 0.9940
Epoch 460, loss_inner: 1.11443, loss_target: 1.15054, homo loss: 0.03757 
acc_train_clean: 0.6739, ASR_train_attach: 1.0000, ASR_train_outter: 0.9911
Epoch 470, loss_inner: 1.11363, loss_target: 1.14130, homo loss: 0.03711 
acc_train_clean: 0.6740, ASR_train_attach: 1.0000, ASR_train_outter: 0.9955
Epoch 480, loss_inner: 1.11361, loss_target: 1.15622, homo loss: 0.04400 
acc_train_clean: 0.6736, ASR_train_attach: 1.0000, ASR_train_outter: 0.9940
Epoch 490, loss_inner: 1.11424, loss_target: 1.17906, homo loss: 0.03991 
acc_train_clean: 0.6727, ASR_train_attach: 1.0000, ASR_train_outter: 0.9926
Epoch 500, loss_inner: 1.11262, loss_target: 1.18826, homo loss: 0.03944 
acc_train_clean: 0.6752, ASR_train_attach: 1.0000, ASR_train_outter: 0.9940
Epoch 510, loss_inner: 1.11537, loss_target: 1.22605, homo loss: 0.03923 
acc_train_clean: 0.6735, ASR_train_attach: 1.0000, ASR_train_outter: 0.9955
Epoch 520, loss_inner: 1.81475, loss_target: 3.32022, homo loss: 0.05693 
acc_train_clean: 0.5621, ASR_train_attach: 1.0000, ASR_train_outter: 1.0000
Epoch 530, loss_inner: 1.68064, loss_target: 3.02228, homo loss: 0.06528 
acc_train_clean: 0.5974, ASR_train_attach: 1.0000, ASR_train_outter: 0.9985
Epoch 540, loss_inner: 1.32202, loss_target: 1.85979, homo loss: 0.04540 
acc_train_clean: 0.6312, ASR_train_attach: 1.0000, ASR_train_outter: 1.0000
Epoch 550, loss_inner: 1.44666, loss_target: 2.02132, homo loss: 0.04150 
acc_train_clean: 0.6272, ASR_train_attach: 1.0000, ASR_train_outter: 1.0000
Epoch 560, loss_inner: 1.41776, loss_target: 2.62770, homo loss: 0.06513 
acc_train_clean: 0.6291, ASR_train_attach: 1.0000, ASR_train_outter: 1.0000
Epoch 570, loss_inner: 1.63912, loss_target: 3.92941, homo loss: 0.06128 
acc_train_clean: 0.6108, ASR_train_attach: 1.0000, ASR_train_outter: 1.0000
Epoch 580, loss_inner: 1.31019, loss_target: 1.99389, homo loss: 0.05621 
acc_train_clean: 0.6356, ASR_train_attach: 1.0000, ASR_train_outter: 1.0000
Epoch 590, loss_inner: 1.28822, loss_target: 1.86574, homo loss: 0.04860 
acc_train_clean: 0.6350, ASR_train_attach: 1.0000, ASR_train_outter: 1.0000
Epoch 600, loss_inner: 1.54064, loss_target: 2.08883, homo loss: 0.11733 
acc_train_clean: 0.5729, ASR_train_attach: 1.0000, ASR_train_outter: 1.0000
Epoch 610, loss_inner: 1.34880, loss_target: 2.22446, homo loss: 0.04768 
acc_train_clean: 0.6252, ASR_train_attach: 1.0000, ASR_train_outter: 1.0000
Epoch 620, loss_inner: 1.41320, loss_target: 3.41459, homo loss: 0.05097 
acc_train_clean: 0.6451, ASR_train_attach: 1.0000, ASR_train_outter: 1.0000
Epoch 630, loss_inner: 1.31820, loss_target: 2.26650, homo loss: 0.06469 
acc_train_clean: 0.6410, ASR_train_attach: 1.0000, ASR_train_outter: 0.9955
Epoch 640, loss_inner: 1.21988, loss_target: 2.28603, homo loss: 0.05500 
acc_train_clean: 0.6542, ASR_train_attach: 1.0000, ASR_train_outter: 1.0000
Epoch 650, loss_inner: 1.31625, loss_target: 2.43969, homo loss: 0.05030 
acc_train_clean: 0.6385, ASR_train_attach: 1.0000, ASR_train_outter: 1.0000
Epoch 660, loss_inner: 1.28711, loss_target: 2.11847, homo loss: 0.05537 
acc_train_clean: 0.6392, ASR_train_attach: 1.0000, ASR_train_outter: 1.0000
Epoch 670, loss_inner: 1.26680, loss_target: 1.76099, homo loss: 0.04925 
acc_train_clean: 0.6346, ASR_train_attach: 1.0000, ASR_train_outter: 1.0000
Epoch 680, loss_inner: 1.29541, loss_target: 1.62291, homo loss: 0.04724 
acc_train_clean: 0.6367, ASR_train_attach: 1.0000, ASR_train_outter: 1.0000
Epoch 690, loss_inner: 1.27200, loss_target: 1.66486, homo loss: 0.04399 
acc_train_clean: 0.6296, ASR_train_attach: 1.0000, ASR_train_outter: 0.9940
Epoch 700, loss_inner: 2.05940, loss_target: 6.51669, homo loss: 0.08954 
acc_train_clean: 0.6149, ASR_train_attach: 1.0000, ASR_train_outter: 1.0000
Epoch 710, loss_inner: 2.17897, loss_target: 4.92465, homo loss: 0.11092 
acc_train_clean: 0.5951, ASR_train_attach: 1.0000, ASR_train_outter: 1.0000
Epoch 720, loss_inner: 1.68114, loss_target: 3.25589, homo loss: 0.10934 
acc_train_clean: 0.6101, ASR_train_attach: 1.0000, ASR_train_outter: 1.0000
Epoch 730, loss_inner: 1.56182, loss_target: 2.83723, homo loss: 0.10936 
acc_train_clean: 0.5842, ASR_train_attach: 1.0000, ASR_train_outter: 1.0000
Epoch 740, loss_inner: 1.35316, loss_target: 2.31531, homo loss: 0.09144 
acc_train_clean: 0.6166, ASR_train_attach: 1.0000, ASR_train_outter: 1.0000
Epoch 750, loss_inner: 1.67985, loss_target: 5.50219, homo loss: 0.09909 
acc_train_clean: 0.6200, ASR_train_attach: 1.0000, ASR_train_outter: 0.9970
Epoch 760, loss_inner: 1.77385, loss_target: 4.74993, homo loss: 0.09813 
acc_train_clean: 0.5879, ASR_train_attach: 1.0000, ASR_train_outter: 1.0000
Epoch 770, loss_inner: 1.35461, loss_target: 3.73484, homo loss: 0.10234 
acc_train_clean: 0.6242, ASR_train_attach: 1.0000, ASR_train_outter: 1.0000
Epoch 780, loss_inner: 2.48942, loss_target: 7.67288, homo loss: 0.14019 
acc_train_clean: 0.5560, ASR_train_attach: 0.8313, ASR_train_outter: 1.0000
Epoch 790, loss_inner: 1.55495, loss_target: 5.83826, homo loss: 0.12077 
acc_train_clean: 0.5878, ASR_train_attach: 1.0000, ASR_train_outter: 1.0000
load best weight based on the loss outter
precent of left attach nodes: 0.181
Namespace(cuda=True, dataset='ogbn-arxiv', debug=True, defense_mode='isolate', device_id=3, dis_weight=0.0, dropout=0.5, epochs=800, evaluate_mode='1by1', hidden=32, homo_boost_thrd=1.0, homo_loss_weight=100.0, inner=1, lr=0.01, model='GCN', no_cuda=False, prune_thr=0.8, seed=265, selection_method='cluster_degree', target_class=0, target_loss_weight=1, test_model='GCN', thrd=0.5, train_lr=0.01, trigger_size=3, trojan_epochs=800, use_vs_number=True, vs_number=160, vs_ratio=0, weight_decay=0.0005)
target class rate on Vs: 0.7438
accuracy on clean test nodes: 0.6434
Overall ASR: 0.7191
Flip ASR: 0.7182/16875 nodes
Namespace(cuda=True, dataset='ogbn-arxiv', debug=True, defense_mode='isolate', device_id=3, dis_weight=0.0, dropout=0.5, epochs=800, evaluate_mode='1by1', hidden=32, homo_boost_thrd=1.0, homo_loss_weight=100.0, inner=1, lr=0.01, model='GCN', no_cuda=False, prune_thr=0.8, seed=125, selection_method='cluster_degree', target_class=0, target_loss_weight=1, test_model='GCN', thrd=0.5, train_lr=0.01, trigger_size=3, trojan_epochs=800, use_vs_number=True, vs_number=160, vs_ratio=0, weight_decay=0.0005)
target class rate on Vs: 0.7563
accuracy on clean test nodes: 0.6453
Overall ASR: 0.6867
Flip ASR: 0.6857/16875 nodes
Namespace(cuda=True, dataset='ogbn-arxiv', debug=True, defense_mode='isolate', device_id=3, dis_weight=0.0, dropout=0.5, epochs=800, evaluate_mode='1by1', hidden=32, homo_boost_thrd=1.0, homo_loss_weight=100.0, inner=1, lr=0.01, model='GCN', no_cuda=False, prune_thr=0.8, seed=996, selection_method='cluster_degree', target_class=0, target_loss_weight=1, test_model='GCN', thrd=0.5, train_lr=0.01, trigger_size=3, trojan_epochs=800, use_vs_number=True, vs_number=160, vs_ratio=0, weight_decay=0.0005)
target class rate on Vs: 0.7438
accuracy on clean test nodes: 0.6458
Overall ASR: 0.7046
Flip ASR: 0.7036/16875 nodes
Namespace(cuda=True, dataset='ogbn-arxiv', debug=True, defense_mode='isolate', device_id=3, dis_weight=0.0, dropout=0.5, epochs=800, evaluate_mode='1by1', hidden=32, homo_boost_thrd=1.0, homo_loss_weight=100.0, inner=1, lr=0.01, model='GCN', no_cuda=False, prune_thr=0.8, seed=527, selection_method='cluster_degree', target_class=0, target_loss_weight=1, test_model='GCN', thrd=0.5, train_lr=0.01, trigger_size=3, trojan_epochs=800, use_vs_number=True, vs_number=160, vs_ratio=0, weight_decay=0.0005)
target class rate on Vs: 0.7750
accuracy on clean test nodes: 0.6486
Overall ASR: 0.7331
Flip ASR: 0.7321/16875 nodes
Namespace(cuda=True, dataset='ogbn-arxiv', debug=True, defense_mode='isolate', device_id=3, dis_weight=0.0, dropout=0.5, epochs=800, evaluate_mode='1by1', hidden=32, homo_boost_thrd=1.0, homo_loss_weight=100.0, inner=1, lr=0.01, model='GCN', no_cuda=False, prune_thr=0.8, seed=320, selection_method='cluster_degree', target_class=0, target_loss_weight=1, test_model='GCN', thrd=0.5, train_lr=0.01, trigger_size=3, trojan_epochs=800, use_vs_number=True, vs_number=160, vs_ratio=0, weight_decay=0.0005)
target class rate on Vs: 0.8063
accuracy on clean test nodes: 0.6415
Overall ASR: 0.7258
Flip ASR: 0.7248/16875 nodes
Overall ASR: 0.7139 (GCN model, Seed: 320)
Overall Clean Accuracy: 0.6449
Namespace(cuda=True, dataset='ogbn-arxiv', debug=True, defense_mode='isolate', device_id=3, dis_weight=0.0, dropout=0.5, epochs=800, evaluate_mode='1by1', hidden=32, homo_boost_thrd=1.0, homo_loss_weight=100.0, inner=1, lr=0.01, model='GCN', no_cuda=False, prune_thr=0.8, seed=781, selection_method='cluster_degree', target_class=0, target_loss_weight=1, test_model='GAT', thrd=0.5, train_lr=0.01, trigger_size=3, trojan_epochs=800, use_vs_number=True, vs_number=160, vs_ratio=0, weight_decay=0.0005)
/home/project-graph-backdoor/Backdoor/models/GAT.py:61: UserWarning: To copy construct from a tensor, it is recommended to use sourceTensor.clone().detach() or sourceTensor.clone().detach().requires_grad_(True), rather than torch.tensor(sourceTensor).
  self.labels = torch.tensor(labels, dtype=torch.long)
target class rate on Vs: 0.2438
accuracy on clean test nodes: 0.6410
Overall ASR: 0.3233
Flip ASR: 0.3223/16875 nodes
Namespace(cuda=True, dataset='ogbn-arxiv', debug=True, defense_mode='isolate', device_id=3, dis_weight=0.0, dropout=0.5, epochs=800, evaluate_mode='1by1', hidden=32, homo_boost_thrd=1.0, homo_loss_weight=100.0, inner=1, lr=0.01, model='GCN', no_cuda=False, prune_thr=0.8, seed=706, selection_method='cluster_degree', target_class=0, target_loss_weight=1, test_model='GAT', thrd=0.5, train_lr=0.01, trigger_size=3, trojan_epochs=800, use_vs_number=True, vs_number=160, vs_ratio=0, weight_decay=0.0005)
target class rate on Vs: 0.0750
accuracy on clean test nodes: 0.6405
Overall ASR: 0.2410
Flip ASR: 0.2395/16875 nodes
Namespace(cuda=True, dataset='ogbn-arxiv', debug=True, defense_mode='isolate', device_id=3, dis_weight=0.0, dropout=0.5, epochs=800, evaluate_mode='1by1', hidden=32, homo_boost_thrd=1.0, homo_loss_weight=100.0, inner=1, lr=0.01, model='GCN', no_cuda=False, prune_thr=0.8, seed=778, selection_method='cluster_degree', target_class=0, target_loss_weight=1, test_model='GAT', thrd=0.5, train_lr=0.01, trigger_size=3, trojan_epochs=800, use_vs_number=True, vs_number=160, vs_ratio=0, weight_decay=0.0005)
target class rate on Vs: 0.0750
accuracy on clean test nodes: 0.6407
Overall ASR: 0.2591
Flip ASR: 0.2577/16875 nodes
Namespace(cuda=True, dataset='ogbn-arxiv', debug=True, defense_mode='isolate', device_id=3, dis_weight=0.0, dropout=0.5, epochs=800, evaluate_mode='1by1', hidden=32, homo_boost_thrd=1.0, homo_loss_weight=100.0, inner=1, lr=0.01, model='GCN', no_cuda=False, prune_thr=0.8, seed=604, selection_method='cluster_degree', target_class=0, target_loss_weight=1, test_model='GAT', thrd=0.5, train_lr=0.01, trigger_size=3, trojan_epochs=800, use_vs_number=True, vs_number=160, vs_ratio=0, weight_decay=0.0005)
target class rate on Vs: 0.1375
accuracy on clean test nodes: 0.6372
Overall ASR: 0.2934
Flip ASR: 0.2920/16875 nodes
Namespace(cuda=True, dataset='ogbn-arxiv', debug=True, defense_mode='isolate', device_id=3, dis_weight=0.0, dropout=0.5, epochs=800, evaluate_mode='1by1', hidden=32, homo_boost_thrd=1.0, homo_loss_weight=100.0, inner=1, lr=0.01, model='GCN', no_cuda=False, prune_thr=0.8, seed=133, selection_method='cluster_degree', target_class=0, target_loss_weight=1, test_model='GAT', thrd=0.5, train_lr=0.01, trigger_size=3, trojan_epochs=800, use_vs_number=True, vs_number=160, vs_ratio=0, weight_decay=0.0005)
target class rate on Vs: 0.2062
accuracy on clean test nodes: 0.6400
Overall ASR: 0.3488
Flip ASR: 0.3473/16875 nodes
Overall ASR: 0.2931 (GAT model, Seed: 133)
Overall Clean Accuracy: 0.6399
Namespace(cuda=True, dataset='ogbn-arxiv', debug=True, defense_mode='isolate', device_id=3, dis_weight=0.0, dropout=0.5, epochs=800, evaluate_mode='1by1', hidden=32, homo_boost_thrd=1.0, homo_loss_weight=100.0, inner=1, lr=0.01, model='GCN', no_cuda=False, prune_thr=0.8, seed=673, selection_method='cluster_degree', target_class=0, target_loss_weight=1, test_model='GraphSage', thrd=0.5, train_lr=0.01, trigger_size=3, trojan_epochs=800, use_vs_number=True, vs_number=160, vs_ratio=0, weight_decay=0.0005)
target class rate on Vs: 0.4313
accuracy on clean test nodes: 0.6407
Overall ASR: 0.5960
Flip ASR: 0.5947/16875 nodes
Namespace(cuda=True, dataset='ogbn-arxiv', debug=True, defense_mode='isolate', device_id=3, dis_weight=0.0, dropout=0.5, epochs=800, evaluate_mode='1by1', hidden=32, homo_boost_thrd=1.0, homo_loss_weight=100.0, inner=1, lr=0.01, model='GCN', no_cuda=False, prune_thr=0.8, seed=904, selection_method='cluster_degree', target_class=0, target_loss_weight=1, test_model='GraphSage', thrd=0.5, train_lr=0.01, trigger_size=3, trojan_epochs=800, use_vs_number=True, vs_number=160, vs_ratio=0, weight_decay=0.0005)
target class rate on Vs: 0.4375
accuracy on clean test nodes: 0.6347
Overall ASR: 0.5651
Flip ASR: 0.5637/16875 nodes
Namespace(cuda=True, dataset='ogbn-arxiv', debug=True, defense_mode='isolate', device_id=3, dis_weight=0.0, dropout=0.5, epochs=800, evaluate_mode='1by1', hidden=32, homo_boost_thrd=1.0, homo_loss_weight=100.0, inner=1, lr=0.01, model='GCN', no_cuda=False, prune_thr=0.8, seed=56, selection_method='cluster_degree', target_class=0, target_loss_weight=1, test_model='GraphSage', thrd=0.5, train_lr=0.01, trigger_size=3, trojan_epochs=800, use_vs_number=True, vs_number=160, vs_ratio=0, weight_decay=0.0005)
target class rate on Vs: 0.4625
accuracy on clean test nodes: 0.6411
Overall ASR: 0.6027
Flip ASR: 0.6014/16875 nodes
Namespace(cuda=True, dataset='ogbn-arxiv', debug=True, defense_mode='isolate', device_id=3, dis_weight=0.0, dropout=0.5, epochs=800, evaluate_mode='1by1', hidden=32, homo_boost_thrd=1.0, homo_loss_weight=100.0, inner=1, lr=0.01, model='GCN', no_cuda=False, prune_thr=0.8, seed=1, selection_method='cluster_degree', target_class=0, target_loss_weight=1, test_model='GraphSage', thrd=0.5, train_lr=0.01, trigger_size=3, trojan_epochs=800, use_vs_number=True, vs_number=160, vs_ratio=0, weight_decay=0.0005)
target class rate on Vs: 0.5063
accuracy on clean test nodes: 0.6437
Overall ASR: 0.6127
Flip ASR: 0.6115/16875 nodes
Namespace(cuda=True, dataset='ogbn-arxiv', debug=True, defense_mode='isolate', device_id=3, dis_weight=0.0, dropout=0.5, epochs=800, evaluate_mode='1by1', hidden=32, homo_boost_thrd=1.0, homo_loss_weight=100.0, inner=1, lr=0.01, model='GCN', no_cuda=False, prune_thr=0.8, seed=694, selection_method='cluster_degree', target_class=0, target_loss_weight=1, test_model='GraphSage', thrd=0.5, train_lr=0.01, trigger_size=3, trojan_epochs=800, use_vs_number=True, vs_number=160, vs_ratio=0, weight_decay=0.0005)
target class rate on Vs: 0.4375
accuracy on clean test nodes: 0.6393
Overall ASR: 0.5949
Flip ASR: 0.5935/16875 nodes
Overall ASR: 0.5943 (GraphSage model, Seed: 694)
Overall Clean Accuracy: 0.6399
Total Overall ASR: 0.5338 
Total Clean Accuracy: 0.6416
