nohup: ignoring input
run_adaptive.py:8: DeprecationWarning: the imp module is deprecated in favour of importlib; see the module's documentation for alternative uses
  import imp
Namespace(cuda=True, dataset='ogbn-arxiv', debug=True, defense_mode='isolate', device_id=3, dis_weight=0.0, dropout=0.5, epochs=200, evaluate_mode='1by1', hidden=32, homo_boost_thrd=0.8, homo_loss_weight=200.0, inner=1, lr=0.01, model='GCN', no_cuda=False, prune_thr=0.8, seed=10, selection_method='cluster_degree', target_class=0, target_loss_weight=1, test_model='GCN', thrd=0.5, train_lr=0.01, trigger_size=3, trojan_epochs=1000, use_vs_number=True, vs_number=480, vs_ratio=0, weight_decay=0.0005)
#Attach Nodes:480
./selected_nodes/ogbn-arxiv/Overall/seed10/nodes.txt
idx_attach: tensor([132437, 159342, 115859,  11103, 127522,  67544,  82569, 161886,  62976,
         13773,  68963, 144203,  19681,    750, 156733,  86828,  18909,  82685,
         81700, 164714, 103734,  65352,  47692,  14294, 153213,  78523,   1385,
         50714, 156839, 144199,  88403,  58221,  56228,  88511,  12909, 156645,
         93340, 136107,  80139,    622,   1438,   7666, 133129, 127534, 106596,
        102712,   4269,  55140, 125068, 152827, 135150,  23527,   3609,   6462,
        121168, 152542,   6165, 126338,  90948,  77520,  47397, 106658,  68636,
        109074,  69509, 138501,  13873,  20117,  83448,   3102, 143264,  91042,
         54237,  58770, 165138, 126351,  55671,  99141,  13704, 136218,  16458,
         43368, 146276,  31105, 112018,  77110, 104399,  46245, 147007,   5821,
         19313,  91731,  20583, 142204,  80573,   7668,  83587, 128743, 143180,
         91852,  75911,  65787, 153365, 126297,  39114, 104240,  77327,   4583,
           512,  48952,  28134,  38432,  10832,  61628, 127678, 138417, 147495,
         98345,  93057,  33697, 138811, 124659, 133488,  71285,  47676,   1298,
        167767,  47649, 124811,  39955,  70652, 138116,  94425, 163083,  21820,
        133451,  73518, 132097,  23608,  13837, 125639,  40347, 163907,   5087,
          6422, 119164, 165901,   5059,  83768,  27180, 100388,  35462, 116799,
          3703,   5670,  48904,  68159, 113552, 160597,  96989, 127472, 136647,
        148726, 125053, 138149, 138315, 141422,  76351,  76598,  59904, 148285,
         70903, 165759,  39375, 136221, 140976,  63383,  42932,  75075,  71850,
         73993,  30102,  65808,  62714,  45851,  95186,  36002,  74863,  64652,
        161830, 145444, 126027,  60679,  73713,  93896, 146527, 169172, 114189,
         95782,  93842, 148869, 112848,  68654,   4485, 168944, 140981,  72175,
         45679,  20436,   7628, 115596, 130154, 135469,  14337,  63022,  17599,
        122842, 103833,  45706,  81303,  13852,  81871, 114723, 142817,  28988,
         48225,  21674,  34318, 111176, 158279, 146881,  34991,  76669,  13346,
         17731, 138128, 136891, 117554,  40123,  52955, 103517, 141078,  75105,
         82512, 168762, 139593, 118896,  12297, 138395,  64922,  55710,  22340,
         76111,  93384, 111925,   5010,  13015, 116348, 150061, 130103, 141021,
         64826, 144901, 106175,  92109,  89940,  71933, 144027,  36882,  41628,
         55044,  12828,  41681,  14340,  23638, 144925,  62265,  35737, 155976,
        161925,  63089, 135644, 164665,   9848, 124525,  66260,  78580,  66041,
          4226, 128942,  52300,  86426, 146623,  42022,  64582,  63272, 144613,
         12980,  93063, 146301, 166120, 109587, 144883,  58222, 119761, 126871,
        112989,  47264,  44224,  76605, 125250,  85029, 139694, 119661,  82517,
         10258,   5687,  86843,  93827,  30524, 146837, 142859,   3796, 104188,
         59645, 150266,  63460, 152939, 132153,  87353, 155538,  28127,  86437,
           591,  14225, 111064,  72841,  91588, 121367, 129042,  82694, 139395,
        116755,  46308,  15022,  85320,  72395, 143355, 128020,  15828, 143322,
         55075,  51976,  81577,  12925,  52480,  77357, 123824, 117210, 101747,
         38371,  89521, 120166,  15685,  29096,  24361,   9035, 130319,   6402,
         54168, 138793,  78393,  97894,  85421, 150077, 147429,  30273,  47541,
        101610, 157814,  45601, 169188, 146774,  52883,  71248, 152946,  56090,
         48566,  94860,  87246, 155373,  48973, 147804,  56436,  69861, 158491,
        124225, 157846,  36579,  12832, 105166,  49721, 128954, 148078,  56062,
        130915,  28744, 155979,  93417,  88471,  39751,  44343,  12516,  53050,
         23226,  28658,  22922, 139240, 113205,  27673,  41397,  99820,  40770,
         52043, 140123,   8016, 110285,   9523, 141587,  42198,  41116,  56625,
         49108, 145426, 143510,  78940,  39641, 103830,  28317, 137361, 113738,
         95930,  43828,  59183,  10174, 100999,  73621,  70772, 168782,    316,
         63065,   1216, 150717, 142054,  43635,  42956, 104683, 153366,  55743,
        159972,  50428,  97269,  99636,  86383, 167276,  30354, 109791, 108465,
         33452, 167353, 132780, 148658, 140035,  90596,  92925, 148665, 127724,
         12927,  19694, 108961], device='cuda:3')
tensor([     1,      2,      3,  ..., 169334, 169336, 169338], device='cuda:3')
Epoch 0, loss_inner: 3.74859, loss_target: 3.62873, homo loss: 0.80466 
acc_train_clean: 0.0089, ASR_train_attach: 0.0000, ASR_train_outter: 0.0000
Epoch 10, loss_inner: 3.04287, loss_target: 3.08286, homo loss: 0.00507 
acc_train_clean: 0.2746, ASR_train_attach: 0.0000, ASR_train_outter: 0.0000
Epoch 20, loss_inner: 2.78337, loss_target: 2.75861, homo loss: 0.00077 
acc_train_clean: 0.2875, ASR_train_attach: 0.0000, ASR_train_outter: 0.0000
Epoch 30, loss_inner: 2.47575, loss_target: 2.42913, homo loss: 0.00053 
acc_train_clean: 0.3564, ASR_train_attach: 0.1625, ASR_train_outter: 0.4123
Epoch 40, loss_inner: 2.16079, loss_target: 2.11036, homo loss: 0.00038 
acc_train_clean: 0.4408, ASR_train_attach: 0.9354, ASR_train_outter: 0.9073
Epoch 50, loss_inner: 1.90705, loss_target: 1.86289, homo loss: 0.00050 
acc_train_clean: 0.5048, ASR_train_attach: 0.9854, ASR_train_outter: 0.9657
Epoch 60, loss_inner: 1.72254, loss_target: 1.68802, homo loss: 0.00042 
acc_train_clean: 0.5371, ASR_train_attach: 0.9583, ASR_train_outter: 0.9506
Epoch 70, loss_inner: 1.59315, loss_target: 1.56364, homo loss: 0.00036 
acc_train_clean: 0.5639, ASR_train_attach: 0.9854, ASR_train_outter: 0.9698
Epoch 80, loss_inner: 1.49264, loss_target: 1.46590, homo loss: 0.00028 
acc_train_clean: 0.5879, ASR_train_attach: 0.9917, ASR_train_outter: 0.9798
Epoch 90, loss_inner: 1.41736, loss_target: 1.39419, homo loss: 0.00018 
acc_train_clean: 0.6039, ASR_train_attach: 0.9896, ASR_train_outter: 0.9778
Epoch 100, loss_inner: 1.36419, loss_target: 1.34361, homo loss: 0.00010 
acc_train_clean: 0.6139, ASR_train_attach: 0.9979, ASR_train_outter: 0.9839
Epoch 110, loss_inner: 1.32557, loss_target: 1.30629, homo loss: 0.00005 
acc_train_clean: 0.6211, ASR_train_attach: 0.9979, ASR_train_outter: 0.9879
Epoch 120, loss_inner: 1.29660, loss_target: 1.27813, homo loss: 0.00001 
acc_train_clean: 0.6269, ASR_train_attach: 0.9979, ASR_train_outter: 0.9879
Epoch 130, loss_inner: 1.27457, loss_target: 1.25665, homo loss: 0.00001 
acc_train_clean: 0.6308, ASR_train_attach: 0.9979, ASR_train_outter: 0.9889
Epoch 140, loss_inner: 1.25733, loss_target: 1.23981, homo loss: 0.00001 
acc_train_clean: 0.6348, ASR_train_attach: 1.0000, ASR_train_outter: 0.9899
Epoch 150, loss_inner: 1.24344, loss_target: 1.22613, homo loss: 0.00000 
acc_train_clean: 0.6384, ASR_train_attach: 1.0000, ASR_train_outter: 0.9919
Epoch 160, loss_inner: 1.23204, loss_target: 1.21548, homo loss: 0.00001 
acc_train_clean: 0.6406, ASR_train_attach: 1.0000, ASR_train_outter: 0.9899
Epoch 170, loss_inner: 1.22209, loss_target: 1.20557, homo loss: 0.00002 
acc_train_clean: 0.6434, ASR_train_attach: 1.0000, ASR_train_outter: 0.9919
Epoch 180, loss_inner: 1.21323, loss_target: 1.19658, homo loss: 0.00002 
acc_train_clean: 0.6459, ASR_train_attach: 1.0000, ASR_train_outter: 0.9909
Epoch 190, loss_inner: 1.20343, loss_target: 1.18661, homo loss: 0.00001 
acc_train_clean: 0.6481, ASR_train_attach: 1.0000, ASR_train_outter: 0.9929
Epoch 200, loss_inner: 1.19133, loss_target: 1.17498, homo loss: 0.00001 
acc_train_clean: 0.6503, ASR_train_attach: 1.0000, ASR_train_outter: 0.9899
Epoch 210, loss_inner: 1.18045, loss_target: 1.16377, homo loss: 0.00002 
acc_train_clean: 0.6531, ASR_train_attach: 1.0000, ASR_train_outter: 0.9940
Epoch 220, loss_inner: 1.17282, loss_target: 1.15715, homo loss: 0.00002 
acc_train_clean: 0.6541, ASR_train_attach: 1.0000, ASR_train_outter: 0.9940
Epoch 230, loss_inner: 1.16779, loss_target: 1.15197, homo loss: 0.00000 
acc_train_clean: 0.6554, ASR_train_attach: 1.0000, ASR_train_outter: 0.9929
Epoch 240, loss_inner: 1.16330, loss_target: 1.14760, homo loss: 0.00004 
acc_train_clean: 0.6563, ASR_train_attach: 1.0000, ASR_train_outter: 0.9940
Epoch 250, loss_inner: 1.15967, loss_target: 1.14418, homo loss: 0.00002 
acc_train_clean: 0.6573, ASR_train_attach: 1.0000, ASR_train_outter: 0.9940
Epoch 260, loss_inner: 1.15611, loss_target: 1.14043, homo loss: 0.00000 
acc_train_clean: 0.6581, ASR_train_attach: 1.0000, ASR_train_outter: 0.9950
Epoch 270, loss_inner: 1.15220, loss_target: 1.13638, homo loss: 0.00001 
acc_train_clean: 0.6594, ASR_train_attach: 1.0000, ASR_train_outter: 0.9950
Epoch 280, loss_inner: 1.14914, loss_target: 1.13416, homo loss: 0.00002 
acc_train_clean: 0.6601, ASR_train_attach: 1.0000, ASR_train_outter: 0.9940
Epoch 290, loss_inner: 1.14094, loss_target: 1.12509, homo loss: 0.00000 
acc_train_clean: 0.6627, ASR_train_attach: 1.0000, ASR_train_outter: 0.9940
Epoch 300, loss_inner: 1.13588, loss_target: 1.12013, homo loss: 0.00001 
acc_train_clean: 0.6644, ASR_train_attach: 1.0000, ASR_train_outter: 0.9950
Epoch 310, loss_inner: 1.13144, loss_target: 1.11637, homo loss: 0.00003 
acc_train_clean: 0.6664, ASR_train_attach: 1.0000, ASR_train_outter: 0.9929
Epoch 320, loss_inner: 1.12754, loss_target: 1.11190, homo loss: 0.00001 
acc_train_clean: 0.6676, ASR_train_attach: 1.0000, ASR_train_outter: 0.9950
Epoch 330, loss_inner: 1.12407, loss_target: 1.10860, homo loss: 0.00001 
acc_train_clean: 0.6685, ASR_train_attach: 1.0000, ASR_train_outter: 0.9950
Epoch 340, loss_inner: 1.12110, loss_target: 1.10515, homo loss: 0.00000 
acc_train_clean: 0.6691, ASR_train_attach: 1.0000, ASR_train_outter: 0.9970
Epoch 350, loss_inner: 1.11912, loss_target: 1.10451, homo loss: 0.00001 
acc_train_clean: 0.6701, ASR_train_attach: 1.0000, ASR_train_outter: 0.9940
Epoch 360, loss_inner: 1.11708, loss_target: 1.10190, homo loss: 0.00004 
acc_train_clean: 0.6706, ASR_train_attach: 1.0000, ASR_train_outter: 0.9950
Epoch 370, loss_inner: 1.31064, loss_target: 1.52428, homo loss: 0.00058 
acc_train_clean: 0.6195, ASR_train_attach: 0.9208, ASR_train_outter: 0.0000
Epoch 380, loss_inner: 1.26690, loss_target: 1.30944, homo loss: 0.00402 
acc_train_clean: 0.6394, ASR_train_attach: 1.0000, ASR_train_outter: 0.9980
Epoch 390, loss_inner: 1.17578, loss_target: 1.23733, homo loss: 0.00156 
acc_train_clean: 0.6626, ASR_train_attach: 1.0000, ASR_train_outter: 0.9718
Epoch 400, loss_inner: 1.13943, loss_target: 1.16311, homo loss: 0.00087 
acc_train_clean: 0.6652, ASR_train_attach: 1.0000, ASR_train_outter: 0.9980
Epoch 410, loss_inner: 1.12744, loss_target: 1.13612, homo loss: 0.00066 
acc_train_clean: 0.6681, ASR_train_attach: 1.0000, ASR_train_outter: 0.9990
Epoch 420, loss_inner: 1.12299, loss_target: 1.12623, homo loss: 0.00059 
acc_train_clean: 0.6680, ASR_train_attach: 1.0000, ASR_train_outter: 1.0000
Epoch 430, loss_inner: 1.11919, loss_target: 1.11979, homo loss: 0.00054 
acc_train_clean: 0.6709, ASR_train_attach: 1.0000, ASR_train_outter: 1.0000
Epoch 440, loss_inner: 1.11714, loss_target: 1.11496, homo loss: 0.00052 
acc_train_clean: 0.6713, ASR_train_attach: 1.0000, ASR_train_outter: 0.9990
Epoch 450, loss_inner: 1.11575, loss_target: 1.11254, homo loss: 0.00051 
acc_train_clean: 0.6718, ASR_train_attach: 1.0000, ASR_train_outter: 0.9990
Epoch 460, loss_inner: 1.11444, loss_target: 1.11077, homo loss: 0.00050 
acc_train_clean: 0.6721, ASR_train_attach: 1.0000, ASR_train_outter: 1.0000
Epoch 470, loss_inner: 1.11326, loss_target: 1.10900, homo loss: 0.00050 
acc_train_clean: 0.6723, ASR_train_attach: 1.0000, ASR_train_outter: 1.0000
Epoch 480, loss_inner: 1.11220, loss_target: 1.10734, homo loss: 0.00050 
acc_train_clean: 0.6725, ASR_train_attach: 1.0000, ASR_train_outter: 1.0000
Epoch 490, loss_inner: 1.11120, loss_target: 1.10599, homo loss: 0.00050 
acc_train_clean: 0.6726, ASR_train_attach: 1.0000, ASR_train_outter: 1.0000
Epoch 500, loss_inner: 1.11031, loss_target: 1.10487, homo loss: 0.00050 
acc_train_clean: 0.6725, ASR_train_attach: 1.0000, ASR_train_outter: 1.0000
Epoch 510, loss_inner: 1.10951, loss_target: 1.10386, homo loss: 0.00050 
acc_train_clean: 0.6727, ASR_train_attach: 1.0000, ASR_train_outter: 1.0000
Epoch 520, loss_inner: 1.10874, loss_target: 1.10305, homo loss: 0.00050 
acc_train_clean: 0.6729, ASR_train_attach: 1.0000, ASR_train_outter: 1.0000
Epoch 530, loss_inner: 1.10802, loss_target: 1.10222, homo loss: 0.00050 
acc_train_clean: 0.6728, ASR_train_attach: 1.0000, ASR_train_outter: 0.9990
Epoch 540, loss_inner: 1.10733, loss_target: 1.10149, homo loss: 0.00050 
acc_train_clean: 0.6731, ASR_train_attach: 1.0000, ASR_train_outter: 0.9990
Epoch 550, loss_inner: 1.10666, loss_target: 1.10086, homo loss: 0.00050 
acc_train_clean: 0.6731, ASR_train_attach: 1.0000, ASR_train_outter: 0.9990
Epoch 560, loss_inner: 1.10600, loss_target: 1.10025, homo loss: 0.00050 
acc_train_clean: 0.6734, ASR_train_attach: 1.0000, ASR_train_outter: 0.9990
Epoch 570, loss_inner: 1.10536, loss_target: 1.09969, homo loss: 0.00050 
acc_train_clean: 0.6736, ASR_train_attach: 1.0000, ASR_train_outter: 0.9990
Epoch 580, loss_inner: 1.10474, loss_target: 1.09917, homo loss: 0.00050 
acc_train_clean: 0.6736, ASR_train_attach: 1.0000, ASR_train_outter: 0.9990
Epoch 590, loss_inner: 1.10413, loss_target: 1.09869, homo loss: 0.00050 
acc_train_clean: 0.6737, ASR_train_attach: 1.0000, ASR_train_outter: 0.9990
Epoch 600, loss_inner: 1.10352, loss_target: 1.09823, homo loss: 0.00050 
acc_train_clean: 0.6741, ASR_train_attach: 1.0000, ASR_train_outter: 0.9990
Epoch 610, loss_inner: 1.10294, loss_target: 1.09781, homo loss: 0.00051 
acc_train_clean: 0.6746, ASR_train_attach: 1.0000, ASR_train_outter: 0.9990
Epoch 620, loss_inner: 1.10236, loss_target: 1.09742, homo loss: 0.00051 
acc_train_clean: 0.6747, ASR_train_attach: 1.0000, ASR_train_outter: 0.9990
Epoch 630, loss_inner: 1.10180, loss_target: 1.09706, homo loss: 0.00051 
acc_train_clean: 0.6745, ASR_train_attach: 1.0000, ASR_train_outter: 0.9990
Epoch 640, loss_inner: 1.10125, loss_target: 1.09670, homo loss: 0.00051 
acc_train_clean: 0.6744, ASR_train_attach: 1.0000, ASR_train_outter: 0.9990
Epoch 650, loss_inner: 1.10072, loss_target: 1.09638, homo loss: 0.00051 
acc_train_clean: 0.6747, ASR_train_attach: 1.0000, ASR_train_outter: 0.9990
Epoch 660, loss_inner: 1.10020, loss_target: 1.09608, homo loss: 0.00051 
acc_train_clean: 0.6750, ASR_train_attach: 1.0000, ASR_train_outter: 0.9990
Epoch 670, loss_inner: 1.09969, loss_target: 1.09581, homo loss: 0.00052 
acc_train_clean: 0.6752, ASR_train_attach: 1.0000, ASR_train_outter: 0.9990
Epoch 680, loss_inner: 1.09920, loss_target: 1.09553, homo loss: 0.00052 
acc_train_clean: 0.6754, ASR_train_attach: 1.0000, ASR_train_outter: 1.0000
Epoch 690, loss_inner: 1.09872, loss_target: 1.09527, homo loss: 0.00052 
acc_train_clean: 0.6757, ASR_train_attach: 1.0000, ASR_train_outter: 1.0000
Epoch 700, loss_inner: 1.09825, loss_target: 1.09501, homo loss: 0.00052 
acc_train_clean: 0.6758, ASR_train_attach: 1.0000, ASR_train_outter: 1.0000
Epoch 710, loss_inner: 1.09779, loss_target: 1.09478, homo loss: 0.00053 
acc_train_clean: 0.6760, ASR_train_attach: 1.0000, ASR_train_outter: 1.0000
Epoch 720, loss_inner: 1.09735, loss_target: 1.09454, homo loss: 0.00053 
acc_train_clean: 0.6759, ASR_train_attach: 1.0000, ASR_train_outter: 1.0000
Epoch 730, loss_inner: 1.09692, loss_target: 1.09434, homo loss: 0.00053 
acc_train_clean: 0.6761, ASR_train_attach: 1.0000, ASR_train_outter: 1.0000
Epoch 740, loss_inner: 1.09650, loss_target: 1.09418, homo loss: 0.00053 
acc_train_clean: 0.6761, ASR_train_attach: 1.0000, ASR_train_outter: 1.0000
Epoch 750, loss_inner: 1.09609, loss_target: 1.09404, homo loss: 0.00054 
acc_train_clean: 0.6763, ASR_train_attach: 1.0000, ASR_train_outter: 1.0000
Epoch 760, loss_inner: 1.09570, loss_target: 1.09381, homo loss: 0.00054 
acc_train_clean: 0.6763, ASR_train_attach: 1.0000, ASR_train_outter: 1.0000
Epoch 770, loss_inner: 1.09531, loss_target: 1.09364, homo loss: 0.00054 
acc_train_clean: 0.6763, ASR_train_attach: 1.0000, ASR_train_outter: 1.0000
Epoch 780, loss_inner: 1.09494, loss_target: 1.09355, homo loss: 0.00054 
acc_train_clean: 0.6762, ASR_train_attach: 1.0000, ASR_train_outter: 1.0000
Epoch 790, loss_inner: 1.09460, loss_target: 1.09380, homo loss: 0.00055 
acc_train_clean: 0.6765, ASR_train_attach: 1.0000, ASR_train_outter: 1.0000
Epoch 800, loss_inner: 1.09525, loss_target: 1.09584, homo loss: 0.00055 
acc_train_clean: 0.6762, ASR_train_attach: 1.0000, ASR_train_outter: 1.0000
Epoch 810, loss_inner: 1.09630, loss_target: 1.10465, homo loss: 0.00055 
acc_train_clean: 0.6758, ASR_train_attach: 1.0000, ASR_train_outter: 0.9990
Epoch 820, loss_inner: 1.10461, loss_target: 1.14581, homo loss: 0.00056 
acc_train_clean: 0.6731, ASR_train_attach: 1.0000, ASR_train_outter: 0.9980
Epoch 830, loss_inner: 1.21416, loss_target: 1.40717, homo loss: 0.00062 
acc_train_clean: 0.6561, ASR_train_attach: 1.0000, ASR_train_outter: 0.9859
Epoch 840, loss_inner: 1.44763, loss_target: 1.70566, homo loss: 0.00117 
acc_train_clean: 0.5838, ASR_train_attach: 1.0000, ASR_train_outter: 1.0000
Epoch 850, loss_inner: 1.53711, loss_target: 1.90675, homo loss: 0.00298 
acc_train_clean: 0.6120, ASR_train_attach: 1.0000, ASR_train_outter: 1.0000
Epoch 860, loss_inner: 1.71680, loss_target: 2.14242, homo loss: 0.00500 
acc_train_clean: 0.5718, ASR_train_attach: 1.0000, ASR_train_outter: 1.0000
Epoch 870, loss_inner: 2.04967, loss_target: 3.39275, homo loss: 0.00853 
acc_train_clean: 0.4751, ASR_train_attach: 1.0000, ASR_train_outter: 1.0000
Epoch 880, loss_inner: 2.03098, loss_target: 2.88993, homo loss: 0.01968 
acc_train_clean: 0.5086, ASR_train_attach: 1.0000, ASR_train_outter: 1.0000
Epoch 890, loss_inner: 2.47590, loss_target: 15.52529, homo loss: 0.11954 
acc_train_clean: 0.5192, ASR_train_attach: 1.0000, ASR_train_outter: 0.0000
Epoch 900, loss_inner: 6.64544, loss_target: 15.92955, homo loss: 0.30028 
acc_train_clean: 0.5023, ASR_train_attach: 1.0000, ASR_train_outter: 1.0000
Epoch 910, loss_inner: 5.48159, loss_target: 12.82436, homo loss: 0.30393 
acc_train_clean: 0.5422, ASR_train_attach: 1.0000, ASR_train_outter: 1.0000
Epoch 920, loss_inner: 2.74608, loss_target: 4.80020, homo loss: 0.28070 
acc_train_clean: 0.5624, ASR_train_attach: 1.0000, ASR_train_outter: 1.0000
Epoch 930, loss_inner: 1.35317, loss_target: 1.32239, homo loss: 0.25484 
acc_train_clean: 0.6110, ASR_train_attach: 1.0000, ASR_train_outter: 1.0000
Epoch 940, loss_inner: 1.28904, loss_target: 1.26473, homo loss: 0.23274 
acc_train_clean: 0.6297, ASR_train_attach: 1.0000, ASR_train_outter: 1.0000
Epoch 950, loss_inner: 1.25054, loss_target: 1.22956, homo loss: 0.21515 
acc_train_clean: 0.6366, ASR_train_attach: 1.0000, ASR_train_outter: 1.0000
Epoch 960, loss_inner: 1.22091, loss_target: 1.19954, homo loss: 0.19951 
acc_train_clean: 0.6429, ASR_train_attach: 1.0000, ASR_train_outter: 1.0000
Epoch 970, loss_inner: 1.20045, loss_target: 1.18231, homo loss: 0.18547 
acc_train_clean: 0.6468, ASR_train_attach: 1.0000, ASR_train_outter: 1.0000
Epoch 980, loss_inner: 1.18721, loss_target: 1.16952, homo loss: 0.17232 
acc_train_clean: 0.6507, ASR_train_attach: 1.0000, ASR_train_outter: 1.0000
Epoch 990, loss_inner: 1.17974, loss_target: 1.16310, homo loss: 0.16003 
acc_train_clean: 0.6536, ASR_train_attach: 1.0000, ASR_train_outter: 1.0000
load best weight based on the loss outter
precent of left attach nodes: 0.198
Namespace(cuda=True, dataset='ogbn-arxiv', debug=True, defense_mode='isolate', device_id=3, dis_weight=0.0, dropout=0.5, epochs=200, evaluate_mode='1by1', hidden=32, homo_boost_thrd=0.8, homo_loss_weight=200.0, inner=1, lr=0.01, model='GCN', no_cuda=False, prune_thr=0.8, seed=265, selection_method='cluster_degree', target_class=0, target_loss_weight=1, test_model='GCN', thrd=0.5, train_lr=0.01, trigger_size=3, trojan_epochs=1000, use_vs_number=True, vs_number=480, vs_ratio=0, weight_decay=0.0005)
target class rate on Vs: 0.9667
accuracy on clean test nodes: 0.62OveOverall ASR: 0.9184
Flip ASR: 0.9182/16875 nodes
Namespace(cuda=True, dataset='ogbn-arxiv', debug=True, defense_mode='isolate', device_id=3, dis_weight=0.0, dropout=0.5, epochs=200, evaluate_mode='1by1', hidden=32, homo_boost_thrd=0.8, homo_loss_weight=200.0, inner=1, lr=0.01, model='GCN', no_cuda=False, prune_thr=0.8, seed=125, selection_method='cluster_degree', target_class=0, target_loss_weight=1, test_model='GCN', thrd=0.5, train_lr=0.01, trigger_size=3, trojan_epochs=1000, use_vs_number=True, vs_number=480, vs_ratio=0, weight_decay=0.0005)
target class rate on Vs: 0.9667
accuracy on clean test nodes: 0.62OveOverall ASR: 0.9179
Flip ASR: 0.9177/16875 nodes
Namespace(cuda=True, dataset='ogbn-arxiv', debug=True, defense_mode='isolate', device_id=3, dis_weight=0.0, dropout=0.5, epochs=200, evaluate_mode='1by1', hidden=32, homo_boost_thrd=0.8, homo_loss_weight=200.0, inner=1, lr=0.01, model='GCN', no_cuda=False, prune_thr=0.8, seed=996, selection_method='cluster_degree', target_class=0, target_loss_weight=1, test_model='GCN', thrd=0.5, train_lr=0.01, trigger_size=3, trojan_epochs=1000, use_vs_number=True, vs_number=480, vs_ratio=0, weight_decay=0.0005)
target class rate on Vs: 0.9667
accuracy on clean test nodes: 0.63OveOverall ASR: 0.9223
Flip ASR: 0.9222/16875 nodes
Namespace(cuda=True, dataset='ogbn-arxiv', debug=True, defense_mode='isolate', device_id=3, dis_weight=0.0, dropout=0.5, epochs=200, evaluate_mode='1by1', hidden=32, homo_boost_thrd=0.8, homo_loss_weight=200.0, inner=1, lr=0.01, model='GCN', no_cuda=False, prune_thr=0.8, seed=527, selection_method='cluster_degree', target_class=0, target_loss_weight=1, test_model='GCN', thrd=0.5, train_lr=0.01, trigger_size=3, trojan_epochs=1000, use_vs_number=True, vs_number=480, vs_ratio=0, weight_decay=0.0005)
target class rate on Vs: 0.9667
accuracy on clean test nodes: 0.63Overall ASR: 0.9328
Flip ASR: 0.9326/16875 nodes
Namespace(cuda=True, dataset='ogbn-arxiv', debug=True, defense_mode='isolate', device_id=2, dis_weight=0.0, dropout=0.5, epochs=200, evaluate_mode='1by1', hidden=32, homo_boost_thrd=0.8, homo_loss_weight=200.0, inner=1, lr=0.01, model='GCN', no_cuda=False, prune_thr=0.8, seed=320, selection_method='cluster_degree', target_class=0, target_loss_weight=1, test_model='GCN', thrd=0.5, train_lr=0.01, trigger_size=3, trojan_epochs=1000, use_vs_number=True, vs_number=480, vs_ratio=0, weight_decay=0.0005)
target class rate on Vs: 0.9917
accuracy on clean test nodes: 0.6251
Overall ASR: 0.9357
Flip ASR: 0.9355/16875 nodes
Overall ASR: 0.9326 (GCN model, Seed: 320)
Overall Clean Accuracy: 0.6310
Namespace(cuda=True, dataset='ogbn-arxiv', debug=True, defense_mode='isolate', device_id=2, dis_weight=0.0, dropout=0.5, epochs=200, evaluate_mode='1by1', hidden=32, homo_boost_thrd=0.8, homo_loss_weight=200.0, inner=1, lr=0.01, model='GCN', no_cuda=False, prune_thr=0.8, seed=781, selection_method='cluster_degree', target_class=0, target_loss_weight=1, test_model='GAT', thrd=0.5, train_lr=0.01, trigger_size=3, trojan_epochs=1000, use_vs_number=True, vs_number=480, vs_ratio=0, weight_decay=0.0005)
/home/project-graph-backdoor/Backdoor/models/GAT.py:61: UserWarning: To copy construct from a tensor, it is recommended to use sourceTensor.clone().detach() or sourceTensor.clone().detach().requires_grad_(True), rather than torch.tensor(sourceTensor).
  self.labels = torch.tensor(labels, dtype=torch.long)
target class rate on Vs: 0.9917
accuracy on clean test nodes: 0.6391
Overall ASR: 0.9422
Flip ASR: 0.9420/16875 nodes
Namespace(cuda=True, dataset='ogbn-arxiv', debug=True, defense_mode='isolate', device_id=2, dis_weight=0.0, dropout=0.5, epochs=200, evaluate_mode='1by1', hidden=32, homo_boost_thrd=0.8, homo_loss_weight=200.0, inner=1, lr=0.01, model='GCN', no_cuda=False, prune_thr=0.8, seed=706, selection_method='cluster_degree', target_class=0, target_loss_weight=1, test_model='GAT', thrd=0.5, train_lr=0.01, trigger_size=3, trojan_epochs=1000, use_vs_number=True, vs_number=480, vs_ratio=0, weight_decay=0.0005)
target class rate on Vs: 0.9917
accuracy on clean test nodes: 0.6372
Overall ASR: 0.9421
Flip ASR: 0.9420/16875 nodes
Namespace(cuda=True, dataset='ogbn-arxiv', debug=True, defense_mode='isolate', device_id=2, dis_weight=0.0, dropout=0.5, epochs=200, evaluate_mode='1by1', hidden=32, homo_boost_thrd=0.8, homo_loss_weight=200.0, inner=1, lr=0.01, model='GCN', no_cuda=False, prune_thr=0.8, seed=778, selection_method='cluster_degree', target_class=0, target_loss_weight=1, test_model='GAT', thrd=0.5, train_lr=0.01, trigger_size=3, trojan_epochs=1000, use_vs_number=True, vs_number=480, vs_ratio=0, weight_decay=0.0005)
target class rate on Vs: 0.9917
accuracy on clean test nodes: 0.6388
Overall ASR: 0.9422
Flip ASR: 0.9420/16875 nodes
Namespace(cuda=True, dataset='ogbn-arxiv', debug=True, defense_mode='isolate', device_id=2, dis_weight=0.0, dropout=0.5, epochs=200, evaluate_mode='1by1', hidden=32, homo_boost_thrd=0.8, homo_loss_weight=200.0, inner=1, lr=0.01, model='GCN', no_cuda=False, prune_thr=0.8, seed=604, selection_method='cluster_degree', target_class=0, target_loss_weight=1, test_model='GAT', thrd=0.5, train_lr=0.01, trigger_size=3, trojan_epochs=1000, use_vs_number=True, vs_number=480, vs_ratio=0, weight_decay=0.0005)
target class rate on Vs: 0.9917
accuracy on clean test nodes: 0.6386
Overall ASR: 0.9421
Flip ASR: 0.9420/16875 nodes
Namespace(cuda=True, dataset='ogbn-arxiv', debug=True, defense_mode='isolate', device_id=2, dis_weight=0.0, dropout=0.5, epochs=200, evaluate_mode='1by1', hidden=32, homo_boost_thrd=0.8, homo_loss_weight=200.0, inner=1, lr=0.01, model='GCN', no_cuda=False, prune_thr=0.8, seed=133, selection_method='cluster_degree', target_class=0, target_loss_weight=1, test_model='GAT', thrd=0.5, train_lr=0.01, trigger_size=3, trojan_epochs=1000, use_vs_number=True, vs_number=480, vs_ratio=0, weight_decay=0.0005)
target class rate on Vs: 0.9917
accuracy on clean test nodes: 0.6387
Overall ASR: 0.9421
Flip ASR: 0.9420/16875 nodes
Overall ASR: 0.9421 (GAT model, Seed: 133)
Overall Clean Accuracy: 0.6385
Namespace(cuda=True, dataset='ogbn-arxiv', debug=True, defense_mode='isolate', device_id=2, dis_weight=0.0, dropout=0.5, epochs=200, evaluate_mode='1by1', hidden=32, homo_boost_thrd=0.8, homo_loss_weight=200.0, inner=1, lr=0.01, model='GCN', no_cuda=False, prune_thr=0.8, seed=673, selection_method='cluster_degree', target_class=0, target_loss_weight=1, test_model='GraphSage', thrd=0.5, train_lr=0.01, trigger_size=3, trojan_epochs=1000, use_vs_number=True, vs_number=480, vs_ratio=0, weight_decay=0.0005)
target class rate on Vs: 0.9667
accuracy on clean test nodes: 0.6271
Overall ASR: 0.8750
Flip ASR: 0.8747/16875 nodes
Namespace(cuda=True, dataset='ogbn-arxiv', debug=True, defense_mode='isolate', device_id=2, dis_weight=0.0, dropout=0.5, epochs=200, evaluate_mode='1by1', hidden=32, homo_boost_thrd=0.8, homo_loss_weight=200.0, inner=1, lr=0.01, model='GCN', no_cuda=False, prune_thr=0.8, seed=904, selection_method='cluster_degree', target_class=0, target_loss_weight=1, test_model='GraphSage', thrd=0.5, train_lr=0.01, trigger_size=3, trojan_epochs=1000, use_vs_number=True, vs_number=480, vs_ratio=0, weight_decay=0.0005)
target class rate on Vs: 0.9667
accuracy on clean test nodes: 0.6254
Overall ASR: 0.8768
Flip ASR: 0.8764/16875 nodes
Namespace(cuda=True, dataset='ogbn-arxiv', debug=True, defense_mode='isolate', device_id=2, dis_weight=0.0, dropout=0.5, epochs=200, evaluate_mode='1by1', hidden=32, homo_boost_thrd=0.8, homo_loss_weight=200.0, inner=1, lr=0.01, model='GCN', no_cuda=False, prune_thr=0.8, seed=56, selection_method='cluster_degree', target_class=0, target_loss_weight=1, test_model='GraphSage', thrd=0.5, train_lr=0.01, trigger_size=3, trojan_epochs=1000, use_vs_number=True, vs_number=480, vs_ratio=0, weight_decay=0.0005)
target class rate on Vs: 0.9708
accuracy on clean test nodes: 0.6288
Overall ASR: 0.8731
Flip ASR: 0.8728/16875 nodes
Namespace(cuda=True, dataset='ogbn-arxiv', debug=True, defense_mode='isolate', device_id=2, dis_weight=0.0, dropout=0.5, epochs=200, evaluate_mode='1by1', hidden=32, homo_boost_thrd=0.8, homo_loss_weight=200.0, inner=1, lr=0.01, model='GCN', no_cuda=False, prune_thr=0.8, seed=1, selection_method='cluster_degree', target_class=0, target_loss_weight=1, test_model='GraphSage', thrd=0.5, train_lr=0.01, trigger_size=3, trojan_epochs=1000, use_vs_number=True, vs_number=480, vs_ratio=0, weight_decay=0.0005)
target class rate on Vs: 0.9750
accuracy on clean test nodes: 0.6311
Overall ASR: 0.8765
Flip ASR: 0.8762/16875 nodes
Namespace(cuda=True, dataset='ogbn-arxiv', debug=True, defense_mode='isolate', device_id=2, dis_weight=0.0, dropout=0.5, epochs=200, evaluate_mode='1by1', hidden=32, homo_boost_thrd=0.8, homo_loss_weight=200.0, inner=1, lr=0.01, model='GCN', no_cuda=False, prune_thr=0.8, seed=694, selection_method='cluster_degree', target_class=0, target_loss_weight=1, test_model='GraphSage', thrd=0.5, train_lr=0.01, trigger_size=3, trojan_epochs=1000, use_vs_number=True, vs_number=480, vs_ratio=0, weight_decay=0.0005)
target class rate on Vs: 0.9646
accuracy on clean test nodes: 0.6246
Overall ASR: 0.8688
Flip ASR: 0.8685/16875 nodes
Overall ASR: 0.8740 (GraphSage model, Seed: 694)
Overall Clean Accuracy: 0.6274
Total Overall ASR: 0.9163 
Total Clean Accuracy: 0.6323
10
