nohup: ignoring input
run_adaptive.py:8: DeprecationWarning: the imp module is deprecated in favour of importlib; see the module's documentation for alternative uses
  import imp
Namespace(cuda=True, dataset='ogbn-arxiv', debug=True, defense_mode='prune', device_id=3, dis_weight=0.0, dropout=0.5, epochs=200, evaluate_mode='1by1', hidden=32, homo_boost_thrd=0.8, homo_loss_weight=200.0, inner=1, lr=0.01, model='GCN', no_cuda=False, prune_thr=0.8, seed=10, selection_method='cluster_degree', target_class=0, target_loss_weight=1, test_model='GCN', thrd=0.5, train_lr=0.01, trigger_size=3, trojan_epochs=1000, use_vs_number=True, vs_number=480, vs_ratio=0, weight_decay=0.0005)
#Attach Nodes:480
./selected_nodes/ogbn-arxiv/Overall/seed10/nodes.txt
idx_attach: tensor([132437, 159342, 115859,  11103, 127522,  67544,  82569, 161886,  62976,
         13773,  68963, 144203,  19681,    750, 156733,  86828,  18909,  82685,
         81700, 164714, 103734,  65352,  47692,  14294, 153213,  78523,   1385,
         50714, 156839, 144199,  88403,  58221,  56228,  88511,  12909, 156645,
         93340, 136107,  80139,    622,   1438,   7666, 133129, 127534, 106596,
        102712,   4269,  55140, 125068, 152827, 135150,  23527,   3609,   6462,
        121168, 152542,   6165, 126338,  90948,  77520,  47397, 106658,  68636,
        109074,  69509, 138501,  13873,  20117,  83448,   3102, 143264,  91042,
         54237,  58770, 165138, 126351,  55671,  99141,  13704, 136218,  16458,
         43368, 146276,  31105, 112018,  77110, 104399,  46245, 147007,   5821,
         19313,  91731,  20583, 142204,  80573,   7668,  83587, 128743, 143180,
         91852,  75911,  65787, 153365, 126297,  39114, 104240,  77327,   4583,
           512,  48952,  28134,  38432,  10832,  61628, 127678, 138417, 147495,
         98345,  93057,  33697, 138811, 124659, 133488,  71285,  47676,   1298,
        167767,  47649, 124811,  39955,  70652, 138116,  94425, 163083,  21820,
        133451,  73518, 132097,  23608,  13837, 125639,  40347, 163907,   5087,
          6422, 119164, 165901,   5059,  83768,  27180, 100388,  35462, 116799,
          3703,   5670,  48904,  68159, 113552, 160597,  96989, 127472, 136647,
        148726, 125053, 138149, 138315, 141422,  76351,  76598,  59904, 148285,
         70903, 165759,  39375, 136221, 140976,  63383,  42932,  75075,  71850,
         73993,  30102,  65808,  62714,  45851,  95186,  36002,  74863,  64652,
        161830, 145444, 126027,  60679,  73713,  93896, 146527, 169172, 114189,
         95782,  93842, 148869, 112848,  68654,   4485, 168944, 140981,  72175,
         45679,  20436,   7628, 115596, 130154, 135469,  14337,  63022,  17599,
        122842, 103833,  45706,  81303,  13852,  81871, 114723, 142817,  28988,
         48225,  21674,  34318, 111176, 158279, 146881,  34991,  76669,  13346,
         17731, 138128, 136891, 117554,  40123,  52955, 103517, 141078,  75105,
         82512, 168762, 139593, 118896,  12297, 138395,  64922,  55710,  22340,
         76111,  93384, 111925,   5010,  13015, 116348, 150061, 130103, 141021,
         64826, 144901, 106175,  92109,  89940,  71933, 144027,  36882,  41628,
         55044,  12828,  41681,  14340,  23638, 144925,  62265,  35737, 155976,
        161925,  63089, 135644, 164665,   9848, 124525,  66260,  78580,  66041,
          4226, 128942,  52300,  86426, 146623,  42022,  64582,  63272, 144613,
         12980,  93063, 146301, 166120, 109587, 144883,  58222, 119761, 126871,
        112989,  47264,  44224,  76605, 125250,  85029, 139694, 119661,  82517,
         10258,   5687,  86843,  93827,  30524, 146837, 142859,   3796, 104188,
         59645, 150266,  63460, 152939, 132153,  87353, 155538,  28127,  86437,
           591,  14225, 111064,  72841,  91588, 121367, 129042,  82694, 139395,
        116755,  46308,  15022,  85320,  72395, 143355, 128020,  15828, 143322,
         55075,  51976,  81577,  12925,  52480,  77357, 123824, 117210, 101747,
         38371,  89521, 120166,  15685,  29096,  24361,   9035, 130319,   6402,
         54168, 138793,  78393,  97894,  85421, 150077, 147429,  30273,  47541,
        101610, 157814,  45601, 169188, 146774,  52883,  71248, 152946,  56090,
         48566,  94860,  87246, 155373,  48973, 147804,  56436,  69861, 158491,
        124225, 157846,  36579,  12832, 105166,  49721, 128954, 148078,  56062,
        130915,  28744, 155979,  93417,  88471,  39751,  44343,  12516,  53050,
         23226,  28658,  22922, 139240, 113205,  27673,  41397,  99820,  40770,
         52043, 140123,   8016, 110285,   9523, 141587,  42198,  41116,  56625,
         49108, 145426, 143510,  78940,  39641, 103830,  28317, 137361, 113738,
         95930,  43828,  59183,  10174, 100999,  73621,  70772, 168782,    316,
         63065,   1216, 150717, 142054,  43635,  42956, 104683, 153366,  55743,
        159972,  50428,  97269,  99636,  86383, 167276,  30354, 109791, 108465,
         33452, 167353, 132780, 148658, 140035,  90596,  92925, 148665, 127724,
         12927,  19694, 108961], device='cuda:3')
tensor([     1,      2,      3,  ..., 169334, 169336, 169338], device='cuda:3')
Epoch 0, loss_inner: 3.74859, loss_target: 3.63285, homo loss: 0.80559 
acc_train_clean: 0.0089, ASR_train_attach: 0.0000, ASR_train_outter: 0.0000
Epoch 10, loss_inner: 3.04141, loss_target: 3.14476, homo loss: 0.00628 
acc_train_clean: 0.2734, ASR_train_attach: 0.0000, ASR_train_outter: 0.0000
Epoch 20, loss_inner: 2.78069, loss_target: 2.75829, homo loss: 0.00108 
acc_train_clean: 0.2863, ASR_train_attach: 0.0000, ASR_train_outter: 0.0000
Epoch 30, loss_inner: 2.47215, loss_target: 2.41123, homo loss: 0.00073 
acc_train_clean: 0.3558, ASR_train_attach: 0.1375, ASR_train_outter: 0.4402
Epoch 40, loss_inner: 2.16073, loss_target: 2.08811, homo loss: 0.00059 
acc_train_clean: 0.4400, ASR_train_attach: 0.9333, ASR_train_outter: 0.8843
Epoch 50, loss_inner: 1.90791, loss_target: 1.84052, homo loss: 0.00063 
acc_train_clean: 0.5032, ASR_train_attach: 0.9812, ASR_train_outter: 0.9508
Epoch 60, loss_inner: 1.72206, loss_target: 1.66590, homo loss: 0.00054 
acc_train_clean: 0.5371, ASR_train_attach: 0.9771, ASR_train_outter: 0.9594
Epoch 70, loss_inner: 1.59350, loss_target: 1.54456, homo loss: 0.00043 
acc_train_clean: 0.5637, ASR_train_attach: 0.9917, ASR_train_outter: 0.9701
Epoch 80, loss_inner: 1.50138, loss_target: 1.45610, homo loss: 0.00033 
acc_train_clean: 0.5865, ASR_train_attach: 0.9917, ASR_train_outter: 0.9834
Epoch 90, loss_inner: 1.43013, loss_target: 1.38755, homo loss: 0.00024 
acc_train_clean: 0.6019, ASR_train_attach: 0.9938, ASR_train_outter: 0.9840
Epoch 100, loss_inner: 1.37064, loss_target: 1.33073, homo loss: 0.00020 
acc_train_clean: 0.6135, ASR_train_attach: 0.9938, ASR_train_outter: 0.9820
Epoch 110, loss_inner: 1.32646, loss_target: 1.28860, homo loss: 0.00016 
acc_train_clean: 0.6219, ASR_train_attach: 0.9979, ASR_train_outter: 0.9840
Epoch 120, loss_inner: 1.29229, loss_target: 1.25465, homo loss: 0.00012 
acc_train_clean: 0.6269, ASR_train_attach: 1.0000, ASR_train_outter: 0.9907
Epoch 130, loss_inner: 1.26152, loss_target: 1.22526, homo loss: 0.00010 
acc_train_clean: 0.6336, ASR_train_attach: 1.0000, ASR_train_outter: 0.9907
Epoch 140, loss_inner: 1.23778, loss_target: 1.20411, homo loss: 0.00013 
acc_train_clean: 0.6398, ASR_train_attach: 1.0000, ASR_train_outter: 0.9867
Epoch 150, loss_inner: 1.22117, loss_target: 1.18694, homo loss: 0.00007 
acc_train_clean: 0.6438, ASR_train_attach: 1.0000, ASR_train_outter: 0.9940
Epoch 160, loss_inner: 1.20960, loss_target: 1.17614, homo loss: 0.00005 
acc_train_clean: 0.6457, ASR_train_attach: 1.0000, ASR_train_outter: 0.9940
Epoch 170, loss_inner: 1.20072, loss_target: 1.16774, homo loss: 0.00002 
acc_train_clean: 0.6480, ASR_train_attach: 1.0000, ASR_train_outter: 0.9920
Epoch 180, loss_inner: 1.19383, loss_target: 1.16086, homo loss: 0.00003 
acc_train_clean: 0.6499, ASR_train_attach: 1.0000, ASR_train_outter: 0.9934
Epoch 190, loss_inner: 1.18717, loss_target: 1.15451, homo loss: 0.00002 
acc_train_clean: 0.6510, ASR_train_attach: 1.0000, ASR_train_outter: 0.9947
Epoch 200, loss_inner: 1.18152, loss_target: 1.14931, homo loss: 0.00006 
acc_train_clean: 0.6521, ASR_train_attach: 1.0000, ASR_train_outter: 0.9940
Epoch 210, loss_inner: 1.17626, loss_target: 1.14397, homo loss: 0.00005 
acc_train_clean: 0.6530, ASR_train_attach: 1.0000, ASR_train_outter: 0.9953
Epoch 220, loss_inner: 1.17133, loss_target: 1.13890, homo loss: 0.00001 
acc_train_clean: 0.6545, ASR_train_attach: 1.0000, ASR_train_outter: 0.9953
Epoch 230, loss_inner: 1.16684, loss_target: 1.13457, homo loss: 0.00000 
acc_train_clean: 0.6556, ASR_train_attach: 1.0000, ASR_train_outter: 0.9953
Epoch 240, loss_inner: 1.16270, loss_target: 1.13073, homo loss: 0.00001 
acc_train_clean: 0.6571, ASR_train_attach: 1.0000, ASR_train_outter: 0.9953
Epoch 250, loss_inner: 1.15870, loss_target: 1.12675, homo loss: 0.00001 
acc_train_clean: 0.6582, ASR_train_attach: 1.0000, ASR_train_outter: 0.9953
Epoch 260, loss_inner: 1.15587, loss_target: 1.12426, homo loss: 0.00015 
acc_train_clean: 0.6590, ASR_train_attach: 1.0000, ASR_train_outter: 0.9947
Epoch 270, loss_inner: 1.15144, loss_target: 1.11953, homo loss: 0.00003 
acc_train_clean: 0.6601, ASR_train_attach: 1.0000, ASR_train_outter: 0.9960
Epoch 280, loss_inner: 1.14724, loss_target: 1.11568, homo loss: 0.00001 
acc_train_clean: 0.6609, ASR_train_attach: 1.0000, ASR_train_outter: 0.9947
Epoch 290, loss_inner: 1.14365, loss_target: 1.11020, homo loss: 0.00000 
acc_train_clean: 0.6633, ASR_train_attach: 1.0000, ASR_train_outter: 0.9960
Epoch 300, loss_inner: 1.13564, loss_target: 1.10382, homo loss: 0.00001 
acc_train_clean: 0.6638, ASR_train_attach: 1.0000, ASR_train_outter: 0.9960
Epoch 310, loss_inner: 1.13096, loss_target: 1.09906, homo loss: 0.00000 
acc_train_clean: 0.6652, ASR_train_attach: 1.0000, ASR_train_outter: 0.9967
Epoch 320, loss_inner: 1.12712, loss_target: 1.09570, homo loss: 0.00001 
acc_train_clean: 0.6663, ASR_train_attach: 1.0000, ASR_train_outter: 0.9953
Epoch 330, loss_inner: 1.12411, loss_target: 1.09297, homo loss: 0.00001 
acc_train_clean: 0.6671, ASR_train_attach: 1.0000, ASR_train_outter: 0.9953
Epoch 340, loss_inner: 1.12253, loss_target: 1.09536, homo loss: 0.00084 
acc_train_clean: 0.6686, ASR_train_attach: 0.9979, ASR_train_outter: 0.9874
Epoch 350, loss_inner: 1.12198, loss_target: 1.09315, homo loss: 0.00033 
acc_train_clean: 0.6675, ASR_train_attach: 1.0000, ASR_train_outter: 0.9960
Epoch 360, loss_inner: 1.11988, loss_target: 1.09074, homo loss: 0.00029 
acc_train_clean: 0.6692, ASR_train_attach: 1.0000, ASR_train_outter: 0.9973
Epoch 370, loss_inner: 1.11724, loss_target: 1.08736, homo loss: 0.00019 
acc_train_clean: 0.6701, ASR_train_attach: 1.0000, ASR_train_outter: 0.9987
Epoch 380, loss_inner: 1.11545, loss_target: 1.08512, homo loss: 0.00006 
acc_train_clean: 0.6700, ASR_train_attach: 1.0000, ASR_train_outter: 0.9973
Epoch 390, loss_inner: 1.11359, loss_target: 1.08286, homo loss: 0.00000 
acc_train_clean: 0.6710, ASR_train_attach: 1.0000, ASR_train_outter: 0.9967
Epoch 400, loss_inner: 1.11225, loss_target: 1.08165, homo loss: 0.00000 
acc_train_clean: 0.6717, ASR_train_attach: 1.0000, ASR_train_outter: 0.9953
Epoch 410, loss_inner: 1.11165, loss_target: 1.07995, homo loss: 0.00000 
acc_train_clean: 0.6716, ASR_train_attach: 1.0000, ASR_train_outter: 0.9973
Epoch 420, loss_inner: 1.11033, loss_target: 1.07883, homo loss: 0.00000 
acc_train_clean: 0.6721, ASR_train_attach: 1.0000, ASR_train_outter: 0.9993
Epoch 430, loss_inner: 1.10899, loss_target: 1.07752, homo loss: 0.00001 
acc_train_clean: 0.6729, ASR_train_attach: 1.0000, ASR_train_outter: 0.9987
Epoch 440, loss_inner: 1.10799, loss_target: 1.07650, homo loss: 0.00000 
acc_train_clean: 0.6728, ASR_train_attach: 1.0000, ASR_train_outter: 0.9987
Epoch 450, loss_inner: 1.10694, loss_target: 1.07577, homo loss: 0.00001 
acc_train_clean: 0.6729, ASR_train_attach: 1.0000, ASR_train_outter: 0.9987
Epoch 460, loss_inner: 1.10692, loss_target: 1.07994, homo loss: 0.00030 
acc_train_clean: 0.6728, ASR_train_attach: 0.9958, ASR_train_outter: 0.9840
Epoch 470, loss_inner: 1.10546, loss_target: 1.07672, homo loss: 0.00028 
acc_train_clean: 0.6737, ASR_train_attach: 1.0000, ASR_train_outter: 0.9973
Epoch 480, loss_inner: 1.10449, loss_target: 1.07432, homo loss: 0.00017 
acc_train_clean: 0.6741, ASR_train_attach: 1.0000, ASR_train_outter: 0.9993
Epoch 490, loss_inner: 1.10366, loss_target: 1.07295, homo loss: 0.00001 
acc_train_clean: 0.6746, ASR_train_attach: 1.0000, ASR_train_outter: 0.9993
Epoch 500, loss_inner: 1.10282, loss_target: 1.07241, homo loss: 0.00000 
acc_train_clean: 0.6744, ASR_train_attach: 1.0000, ASR_train_outter: 0.9967
Epoch 510, loss_inner: 1.10222, loss_target: 1.07142, homo loss: 0.00000 
acc_train_clean: 0.6739, ASR_train_attach: 1.0000, ASR_train_outter: 0.9967
Epoch 520, loss_inner: 1.10159, loss_target: 1.07024, homo loss: 0.00001 
acc_train_clean: 0.6738, ASR_train_attach: 1.0000, ASR_train_outter: 0.9993
Epoch 530, loss_inner: 1.10104, loss_target: 1.06937, homo loss: 0.00000 
acc_train_clean: 0.6734, ASR_train_attach: 1.0000, ASR_train_outter: 0.9993
Epoch 540, loss_inner: 1.10007, loss_target: 1.06877, homo loss: 0.00000 
acc_train_clean: 0.6739, ASR_train_attach: 1.0000, ASR_train_outter: 0.9993
Epoch 550, loss_inner: 1.09925, loss_target: 1.06825, homo loss: 0.00005 
acc_train_clean: 0.6753, ASR_train_attach: 1.0000, ASR_train_outter: 0.9987
Epoch 560, loss_inner: 1.09865, loss_target: 1.06785, homo loss: 0.00003 
acc_train_clean: 0.6757, ASR_train_attach: 1.0000, ASR_train_outter: 0.9987
Epoch 570, loss_inner: 1.09812, loss_target: 1.06753, homo loss: 0.00003 
acc_train_clean: 0.6756, ASR_train_attach: 1.0000, ASR_train_outter: 0.9960
Epoch 580, loss_inner: 1.09749, loss_target: 1.06679, homo loss: 0.00001 
acc_train_clean: 0.6760, ASR_train_attach: 1.0000, ASR_train_outter: 0.9967
Epoch 590, loss_inner: 1.09721, loss_target: 1.06700, homo loss: 0.00001 
acc_train_clean: 0.6757, ASR_train_attach: 1.0000, ASR_train_outter: 0.9953
Epoch 600, loss_inner: 1.09665, loss_target: 1.06544, homo loss: 0.00000 
acc_train_clean: 0.6762, ASR_train_attach: 1.0000, ASR_train_outter: 0.9993
Epoch 610, loss_inner: 1.09589, loss_target: 1.06541, homo loss: 0.00025 
acc_train_clean: 0.6754, ASR_train_attach: 1.0000, ASR_train_outter: 0.9987
Epoch 620, loss_inner: 1.09540, loss_target: 1.06720, homo loss: 0.00024 
acc_train_clean: 0.6761, ASR_train_attach: 1.0000, ASR_train_outter: 0.9973
Epoch 630, loss_inner: 1.09512, loss_target: 1.06643, homo loss: 0.00010 
acc_train_clean: 0.6764, ASR_train_attach: 1.0000, ASR_train_outter: 0.9993
Epoch 640, loss_inner: 1.09465, loss_target: 1.06469, homo loss: 0.00001 
acc_train_clean: 0.6766, ASR_train_attach: 1.0000, ASR_train_outter: 0.9960
Epoch 650, loss_inner: 1.09375, loss_target: 1.06352, homo loss: 0.00001 
acc_train_clean: 0.6766, ASR_train_attach: 1.0000, ASR_train_outter: 0.9980
Epoch 660, loss_inner: 1.09373, loss_target: 1.06288, homo loss: 0.00001 
acc_train_clean: 0.6768, ASR_train_attach: 1.0000, ASR_train_outter: 0.9993
Epoch 670, loss_inner: 1.09278, loss_target: 1.06192, homo loss: 0.00001 
acc_train_clean: 0.6764, ASR_train_attach: 1.0000, ASR_train_outter: 0.9993
Epoch 680, loss_inner: 1.09224, loss_target: 1.06149, homo loss: 0.00003 
acc_train_clean: 0.6771, ASR_train_attach: 1.0000, ASR_train_outter: 0.9993
Epoch 690, loss_inner: 1.09184, loss_target: 1.06095, homo loss: 0.00001 
acc_train_clean: 0.6770, ASR_train_attach: 1.0000, ASR_train_outter: 0.9993
Epoch 700, loss_inner: 1.09188, loss_target: 1.06238, homo loss: 0.00013 
acc_train_clean: 0.6770, ASR_train_attach: 1.0000, ASR_train_outter: 0.9993
Epoch 710, loss_inner: 1.09197, loss_target: 1.06224, homo loss: 0.00007 
acc_train_clean: 0.6776, ASR_train_attach: 1.0000, ASR_train_outter: 0.9993
Epoch 720, loss_inner: 1.09142, loss_target: 1.06203, homo loss: 0.00002 
acc_train_clean: 0.6767, ASR_train_attach: 1.0000, ASR_train_outter: 0.9993
Epoch 730, loss_inner: 1.12454, loss_target: 1.19453, homo loss: 0.00248 
acc_train_clean: 0.6677, ASR_train_attach: 1.0000, ASR_train_outter: 0.9993
Epoch 740, loss_inner: 1.12071, loss_target: 1.30515, homo loss: 0.00190 
acc_train_clean: 0.6704, ASR_train_attach: 1.0000, ASR_train_outter: 0.9993
Epoch 750, loss_inner: 1.11268, loss_target: 1.24105, homo loss: 0.00164 
acc_train_clean: 0.6710, ASR_train_attach: 1.0000, ASR_train_outter: 0.9987
Epoch 760, loss_inner: 1.12060, loss_target: 1.32725, homo loss: 0.00145 
acc_train_clean: 0.6713, ASR_train_attach: 1.0000, ASR_train_outter: 1.0000
Epoch 770, loss_inner: 1.23122, loss_target: 1.50126, homo loss: 0.00196 
acc_train_clean: 0.6434, ASR_train_attach: 1.0000, ASR_train_outter: 0.9993
Epoch 780, loss_inner: 1.36023, loss_target: 4.43936, homo loss: 0.00625 
acc_train_clean: 0.6146, ASR_train_attach: 1.0000, ASR_train_outter: 0.0000
Epoch 790, loss_inner: 1.83036, loss_target: 4.05104, homo loss: 0.03342 
acc_train_clean: 0.5104, ASR_train_attach: 1.0000, ASR_train_outter: 0.1935
Epoch 800, loss_inner: 2.91475, loss_target: 9.16787, homo loss: 0.09238 
acc_train_clean: 0.5320, ASR_train_attach: 1.0000, ASR_train_outter: 1.0000
Epoch 810, loss_inner: 1.94670, loss_target: 7.08377, homo loss: 0.10655 
acc_train_clean: 0.5269, ASR_train_attach: 1.0000, ASR_train_outter: 1.0000
Epoch 820, loss_inner: 1.82916, loss_target: 10.73563, homo loss: 0.12461 
acc_train_clean: 0.5678, ASR_train_attach: 1.0000, ASR_train_outter: 0.6130
Epoch 830, loss_inner: 5.70843, loss_target: 17.45506, homo loss: 0.15795 
acc_train_clean: 0.5618, ASR_train_attach: 1.0000, ASR_train_outter: 1.0000
Epoch 840, loss_inner: 3.41009, loss_target: 10.30652, homo loss: 0.16568 
acc_train_clean: 0.4771, ASR_train_attach: 1.0000, ASR_train_outter: 1.0000
Epoch 850, loss_inner: 2.13901, loss_target: 18.86868, homo loss: 0.16585 
acc_train_clean: 0.5230, ASR_train_attach: 1.0000, ASR_train_outter: 0.0000
Epoch 860, loss_inner: 1.78157, loss_target: 7.32368, homo loss: 0.15925 
acc_train_clean: 0.5506, ASR_train_attach: 1.0000, ASR_train_outter: 1.0000
Epoch 870, loss_inner: 1.64581, loss_target: 11.19697, homo loss: 0.15036 
acc_train_clean: 0.5815, ASR_train_attach: 1.0000, ASR_train_outter: 0.5253
Epoch 880, loss_inner: 1.54409, loss_target: 4.42953, homo loss: 0.14875 
acc_train_clean: 0.5888, ASR_train_attach: 1.0000, ASR_train_outter: 1.0000
Epoch 890, loss_inner: 1.40734, loss_target: 2.64456, homo loss: 0.14462 
acc_train_clean: 0.5994, ASR_train_attach: 1.0000, ASR_train_outter: 1.0000
Epoch 900, loss_inner: 1.34484, loss_target: 1.49002, homo loss: 0.13926 
acc_train_clean: 0.6103, ASR_train_attach: 1.0000, ASR_train_outter: 1.0000
Epoch 910, loss_inner: 1.31774, loss_target: 1.28047, homo loss: 0.13308 
acc_train_clean: 0.6152, ASR_train_attach: 1.0000, ASR_train_outter: 1.0000
Epoch 920, loss_inner: 1.29430, loss_target: 1.25667, homo loss: 0.12669 
acc_train_clean: 0.6232, ASR_train_attach: 1.0000, ASR_train_outter: 1.0000
Epoch 930, loss_inner: 1.26956, loss_target: 1.23246, homo loss: 0.12042 
acc_train_clean: 0.6290, ASR_train_attach: 1.0000, ASR_train_outter: 1.0000
Epoch 940, loss_inner: 1.24697, loss_target: 1.21212, homo loss: 0.11443 
acc_train_clean: 0.6335, ASR_train_attach: 1.0000, ASR_train_outter: 1.0000
Epoch 950, loss_inner: 1.22973, loss_target: 1.19507, homo loss: 0.10875 
acc_train_clean: 0.6374, ASR_train_attach: 1.0000, ASR_train_outter: 1.0000
Epoch 960, loss_inner: 1.21703, loss_target: 1.18589, homo loss: 0.10337 
acc_train_clean: 0.6408, ASR_train_attach: 1.0000, ASR_train_outter: 1.0000
Epoch 970, loss_inner: 1.20775, loss_target: 1.17464, homo loss: 0.09825 
acc_train_clean: 0.6433, ASR_train_attach: 1.0000, ASR_train_outter: 1.0000
Epoch 980, loss_inner: 1.20047, loss_target: 1.16708, homo loss: 0.09343 
acc_train_clean: 0.6450, ASR_train_attach: 1.0000, ASR_train_outter: 1.0000
Epoch 990, loss_inner: 1.19528, loss_target: 1.17150, homo loss: 0.08875 
acc_train_clean: 0.6462, ASR_train_attach: 1.0000, ASR_train_outter: 1.0000
load best weight based on the loss outter
precent of left attach nodes: 1.000
Namespace(cuda=True, dataset='ogbn-arxiv', debug=True, defense_mode='prune', device_id=3, dis_weight=0.0, dropout=0.5, epochs=200, evaluate_mode='1by1', hidden=32, homo_boost_thrd=0.8, homo_loss_weight=200.0, inner=1, lr=0.01, model='GCN', no_cuda=False, prune_thr=0.8, seed=265, selection_method='cluster_degree', target_class=0, target_loss_weight=1, test_model='GCN', thrd=0.5, train_lr=0.01, trigger_size=3, trojan_epochs=1000, use_vs_number=True, vs_number=480, vs_ratio=0, weight_decay=0.0005)
target class rate on Vs: 0.9917
accuracy on clean test nodes: 0.6148
Overall ASR: 0.9496
Flip ASR: 0.9494/16875 nodes
Namespace(cuda=True, dataset='ogbn-arxiv', debug=True, defense_mode='prune', device_id=3, dis_weight=0.0, dropout=0.5, epochs=200, evaluate_mode='1by1', hidden=32, homo_boost_thrd=0.8, homo_loss_weight=200.0, inner=1, lr=0.01, model='GCN', no_cuda=False, prune_thr=0.8, seed=125, selection_method='cluster_degree', target_class=0, target_loss_weight=1, test_model='GCN', thrd=0.5, train_lr=0.01, trigger_size=3, trojan_epochs=1000, use_vs_number=True, vs_number=480, vs_ratio=0, weight_decay=0.0005)
target class rate on Vs: 0.9917
accuracy on clean test nodes: 0.6203
Overall ASR: 0.9495
Flip ASR: 0.9493/16875 nodes
Namespace(cuda=True, dataset='ogbn-arxiv', debug=True, defense_mode='prune', device_id=3, dis_weight=0.0, dropout=0.5, epochs=200, evaluate_mode='1by1', hidden=32, homo_boost_thrd=0.8, homo_loss_weight=200.0, inner=1, lr=0.01, model='GCN', no_cuda=False, prune_thr=0.8, seed=996, selection_method='cluster_degree', target_class=0, target_loss_weight=1, test_model='GCN', thrd=0.5, train_lr=0.01, trigger_size=3, trojan_epochs=1000, use_vs_number=True, vs_number=480, vs_ratio=0, weight_decay=0.0005)
target class rate on Vs: 0.9917
accuracy on clean test nodes: 0.6280
Overall ASR: 0.9496
Flip ASR: 0.9494/16875 nodes
Namespace(cuda=True, dataset='ogbn-arxiv', debug=True, defense_mode='prune', device_id=3, dis_weight=0.0, dropout=0.5, epochs=200, evaluate_mode='1by1', hidden=32, homo_boost_thrd=0.8, homo_loss_weight=200.0, inner=1, lr=0.01, model='GCN', no_cuda=False, prune_thr=0.8, seed=527, selection_method='cluster_degree', target_class=0, target_loss_weight=1, test_model='GCN', thrd=0.5, train_lr=0.01, trigger_size=3, trojan_epochs=1000, use_vs_number=True, vs_number=480, vs_ratio=0, weight_decay=0.0005)
target class rate on Vs: 0.9917
accuracy on clean test nodes: 0.6276
Overall ASR: 0.9478
Flip ASR: 0.9476/16875 nodes
Namespace(cuda=True, dataset='ogbn-arxiv', debug=True, defense_mode='prune', device_id=3, dis_weight=0.0, dropout=0.5, epochs=200, evaluate_mode='1by1', hidden=32, homo_boost_thrd=0.8, homo_loss_weight=200.0, inner=1, lr=0.01, model='GCN', no_cuda=False, prune_thr=0.8, seed=320, selection_method='cluster_degree', target_class=0, target_loss_weight=1, test_model='GCN', thrd=0.5, train_lr=0.01, trigger_size=3, trojan_epochs=1000, use_vs_number=True, vs_number=480, vs_ratio=0, weight_decay=0.0005)
target class rate on Vs: 0.9917
accuracy on clean test nodes: 0.6156
Overall ASR: 0.9451
Flip ASR: 0.9449/16875 nodes
Overall ASR: 0.9483 (GCN model, Seed: 320)
Overall Clean Accuracy: 0.6213
Namespace(cuda=True, dataset='ogbn-arxiv', debug=True, defense_mode='prune', device_id=3, dis_weight=0.0, dropout=0.5, epochs=200, evaluate_mode='1by1', hidden=32, homo_boost_thrd=0.8, homo_loss_weight=200.0, inner=1, lr=0.01, model='GCN', no_cuda=False, prune_thr=0.8, seed=781, selection_method='cluster_degree', target_class=0, target_loss_weight=1, test_model='GAT', thrd=0.5, train_lr=0.01, trigger_size=3, trojan_epochs=1000, use_vs_number=True, vs_number=480, vs_ratio=0, weight_decay=0.0005)
/home/project-graph-backdoor/Backdoor/models/GAT.py:61: UserWarning: To copy construct from a tensor, it is recommended to use sourceTensor.clone().detach() or sourceTensor.clone().detach().requires_grad_(True), rather than torch.tensor(sourceTensor).
  self.labels = torch.tensor(labels, dtype=torch.long)
target class rate on Vs: 0.9917
accuracy on clean test nodes: 0.6273
Overall ASR: 0.9556
Flip ASR: 0.9555/16875 nodes
Namespace(cuda=True, dataset='ogbn-arxiv', debug=True, defense_mode='prune', device_id=3, dis_weight=0.0, dropout=0.5, epochs=200, evaluate_mode='1by1', hidden=32, homo_boost_thrd=0.8, homo_loss_weight=200.0, inner=1, lr=0.01, model='GCN', no_cuda=False, prune_thr=0.8, seed=706, selection_method='cluster_degree', target_class=0, target_loss_weight=1, test_model='GAT', thrd=0.5, train_lr=0.01, trigger_size=3, trojan_epochs=1000, use_vs_number=True, vs_number=480, vs_ratio=0, weight_decay=0.0005)
target class rate on Vs: 0.9917
accuracy on clean test nodes: 0.6261
Overall ASR: 0.9491
Flip ASR: 0.9490/16875 nodes
Namespace(cuda=True, dataset='ogbn-arxiv', debug=True, defense_mode='prune', device_id=3, dis_weight=0.0, dropout=0.5, epochs=200, evaluate_mode='1by1', hidden=32, homo_boost_thrd=0.8, homo_loss_weight=200.0, inner=1, lr=0.01, model='GCN', no_cuda=False, prune_thr=0.8, seed=778, selection_method='cluster_degree', target_class=0, target_loss_weight=1, test_model='GAT', thrd=0.5, train_lr=0.01, trigger_size=3, trojan_epochs=1000, use_vs_number=True, vs_number=480, vs_ratio=0, weight_decay=0.0005)
target class rate on Vs: 0.9917
accuracy on clean test nodes: 0.6289
Overall ASR: 0.9557
Flip ASR: 0.9556/16875 nodes
Namespace(cuda=True, dataset='ogbn-arxiv', debug=True, defense_mode='prune', device_id=3, dis_weight=0.0, dropout=0.5, epochs=200, evaluate_mode='1by1', hidden=32, homo_boost_thrd=0.8, homo_loss_weight=200.0, inner=1, lr=0.01, model='GCN', no_cuda=False, prune_thr=0.8, seed=604, selection_method='cluster_degree', target_class=0, target_loss_weight=1, test_model='GAT', thrd=0.5, train_lr=0.01, trigger_size=3, trojan_epochs=1000, use_vs_number=True, vs_number=480, vs_ratio=0, weight_decay=0.0005)
target class rate on Vs: 0.9917
accuracy on clean test nodes: 0.6243
Overall ASR: 0.9557
Flip ASR: 0.9556/16875 nodes
Namespace(cuda=True, dataset='ogbn-arxiv', debug=True, defense_mode='prune', device_id=3, dis_weight=0.0, dropout=0.5, epochs=200, evaluate_mode='1by1', hidden=32, homo_boost_thrd=0.8, homo_loss_weight=200.0, inner=1, lr=0.01, model='GCN', no_cuda=False, prune_thr=0.8, seed=133, selection_method='cluster_degree', target_class=0, target_loss_weight=1, test_model='GAT', thrd=0.5, train_lr=0.01, trigger_size=3, trojan_epochs=1000, use_vs_number=True, vs_number=480, vs_ratio=0, weight_decay=0.0005)
target class rate on Vs: 0.9917
accuracy on clean test nodes: 0.6268
Overall ASR: 0.9557
Flip ASR: 0.9556/16875 nodes
Overall ASR: 0.9544 (GAT model, Seed: 133)
Overall Clean Accuracy: 0.6267
Namespace(cuda=True, dataset='ogbn-arxiv', debug=True, defense_mode='prune', device_id=3, dis_weight=0.0, dropout=0.5, epochs=200, evaluate_mode='1by1', hidden=32, homo_boost_thrd=0.8, homo_loss_weight=200.0, inner=1, lr=0.01, model='GCN', no_cuda=False, prune_thr=0.8, seed=673, selection_method='cluster_degree', target_class=0, target_loss_weight=1, test_model='GraphSage', thrd=0.5, train_lr=0.01, trigger_size=3, trojan_epochs=1000, use_vs_number=True, vs_number=480, vs_ratio=0, weight_decay=0.0005)
target class rate on Vs: 0.9896
accuracy on clean test nodes: 0.6221
Overall ASR: 0.9230
Flip ASR: 0.9228/16875 nodes
Namespace(cuda=True, dataset='ogbn-arxiv', debug=True, defense_mode='prune', device_id=3, dis_weight=0.0, dropout=0.5, epochs=200, evaluate_mode='1by1', hidden=32, homo_boost_thrd=0.8, homo_loss_weight=200.0, inner=1, lr=0.01, model='GCN', no_cuda=False, prune_thr=0.8, seed=904, selection_method='cluster_degree', target_class=0, target_loss_weight=1, test_model='GraphSage', thrd=0.5, train_lr=0.01, trigger_size=3, trojan_epochs=1000, use_vs_number=True, vs_number=480, vs_ratio=0, weight_decay=0.0005)
target class rate on Vs: 0.9917
accuracy on clean test nodes: 0.6266
Overall ASR: 0.9297
Flip ASR: 0.9295/16875 nodes
Namespace(cuda=True, dataset='ogbn-arxiv', debug=True, defense_mode='prune', device_id=3, dis_weight=0.0, dropout=0.5, epochs=200, evaluate_mode='1by1', hidden=32, homo_boost_thrd=0.8, homo_loss_weight=200.0, inner=1, lr=0.01, model='GCN', no_cuda=False, prune_thr=0.8, seed=56, selection_method='cluster_degree', target_class=0, target_loss_weight=1, test_model='GraphSage', thrd=0.5, train_lr=0.01, trigger_size=3, trojan_epochs=1000, use_vs_number=True, vs_number=480, vs_ratio=0, weight_decay=0.0005)
target class rate on Vs: 0.9917
accuracy on clean test nodes: 0.6291
Overall ASR: 0.9323
Flip ASR: 0.9321/16875 nodes
Namespace(cuda=True, dataset='ogbn-arxiv', debug=True, defense_mode='prune', device_id=3, dis_weight=0.0, dropout=0.5, epochs=200, evaluate_mode='1by1', hidden=32, homo_boost_thrd=0.8, homo_loss_weight=200.0, inner=1, lr=0.01, model='GCN', no_cuda=False, prune_thr=0.8, seed=1, selection_method='cluster_degree', target_class=0, target_loss_weight=1, test_model='GraphSage', thrd=0.5, train_lr=0.01, trigger_size=3, trojan_epochs=1000, use_vs_number=True, vs_number=480, vs_ratio=0, weight_decay=0.0005)
target class rate on Vs: 0.9917
accuracy on clean test nodes: 0.6358
Overall ASR: 0.9235
Flip ASR: 0.9233/16875 nodes
Namespace(cuda=True, dataset='ogbn-arxiv', debug=True, defense_mode='prune', device_id=3, dis_weight=0.0, dropout=0.5, epochs=200, evaluate_mode='1by1', hidden=32, homo_boost_thrd=0.8, homo_loss_weight=200.0, inner=1, lr=0.01, model='GCN', no_cuda=False, prune_thr=0.8, seed=694, selection_method='cluster_degree', target_class=0, target_loss_weight=1, test_model='GraphSage', thrd=0.5, train_lr=0.01, trigger_size=3, trojan_epochs=1000, use_vs_number=True, vs_number=480, vs_ratio=0, weight_decay=0.0005)
target class rate on Vs: 0.9917
accuracy on clean test nodes: 0.6278
Overall ASR: 0.9317
Flip ASR: 0.9316/16875 nodes
Overall ASR: 0.9280 (GraphSage model, Seed: 694)
Overall Clean Accuracy: 0.6283
Total Overall ASR: 0.9436 
Total Clean Accuracy: 0.6254
