nohup: ignoring input
run_adaptive.py:8: DeprecationWarning: the imp module is deprecated in favour of importlib; see the module's documentation for alternative uses
  import imp
Namespace(cuda=True, dataset='ogbn-arxiv', debug=True, defense_mode='prune', device_id=1, dis_weight=0.0, dropout=0.5, epochs=800, evaluate_mode='1by1', hidden=32, homo_boost_thrd=0.8, homo_loss_weight=100.0, inner=1, lr=0.01, model='GCN', no_cuda=False, prune_thr=0.8, seed=10, selection_method='cluster_degree', target_class=0, target_loss_weight=1, test_model='GCN', thrd=0.5, train_lr=0.01, trigger_size=3, trojan_epochs=800, use_vs_number=True, vs_number=160, vs_ratio=0, weight_decay=0.0005)
#Attach Nodes:160
./selected_nodes/ogbn-arxiv/Overall/seed10/nodes.txt
idx_attach: tensor([132437, 159342, 115859,  11103, 127522,  67544,  82569, 161886,  62976,
         13773,  68963, 144203,  19681,    750, 156733,  86828,  18909,  82685,
         81700, 164714, 103734,  65352,  47692,  14294, 153213,  78523,   1385,
         50714, 156839, 144199,  88403,  58221,  56228,  88511,  12909, 156645,
         93340, 136107,  80139,    622,   1438,   7666, 133129, 127534, 106596,
        102712,   4269,  55140, 125068, 152827, 135150,  23527,   3609,   6462,
        121168, 152542,   6165, 126338,  90948,  77520,  47397, 106658,  68636,
        109074,  69509, 138501,  13873,  20117,  83448,   3102, 143264,  91042,
         54237,  58770, 165138, 126351,  55671,  99141,  13704, 136218,  16458,
         43368, 146276,  31105, 112018,  77110, 104399,  46245, 147007,   5821,
         19313,  91731,  20583, 142204,  80573,   7668,  83587, 128743, 143180,
         91852,  75911,  65787, 153365, 126297,  39114, 104240,  77327,   4583,
           512,  48952,  28134,  38432,  10832,  61628, 127678, 138417, 147495,
         98345,  93057,  33697, 138811, 124659, 133488,  71285,  47676,   1298,
        167767,  47649, 124811,  39955,  70652, 138116,  94425, 163083,  21820,
        133451,  73518, 132097,  23608,  13837, 125639,  40347, 163907,   5087,
          6422, 119164, 165901,   5059,  83768,  27180, 100388,  35462, 116799,
          3703,   5670,  48904,  68159, 113552, 160597,  96989],
       device='cuda:1')
tensor([     1,      2,      3,  ..., 169334, 169336, 169338], device='cuda:1')
Epoch 0, loss_inner: 3.74859, loss_target: 3.63096, homo loss: 0.80589 
acc_train_clean: 0.0089, ASR_train_attach: 0.0000, ASR_train_outter: 0.0000
Epoch 10, loss_inner: 3.01911, loss_target: 3.22522, homo loss: 0.00597 
acc_train_clean: 0.2630, ASR_train_attach: 0.0000, ASR_train_outter: 0.0000
Epoch 20, loss_inner: 2.76840, loss_target: 2.88373, homo loss: 0.00117 
acc_train_clean: 0.2843, ASR_train_attach: 0.0000, ASR_train_outter: 0.0000
Epoch 30, loss_inner: 2.47670, loss_target: 2.52603, homo loss: 0.00101 
acc_train_clean: 0.3696, ASR_train_attach: 0.0000, ASR_train_outter: 0.0000
Epoch 40, loss_inner: 2.18016, loss_target: 2.15219, homo loss: 0.00099 
acc_train_clean: 0.4433, ASR_train_attach: 0.0000, ASR_train_outter: 0.0490
Epoch 50, loss_inner: 1.92555, loss_target: 1.87237, homo loss: 0.00069 
acc_train_clean: 0.5058, ASR_train_attach: 0.8375, ASR_train_outter: 0.8133
Epoch 60, loss_inner: 1.73448, loss_target: 1.68512, homo loss: 0.00063 
acc_train_clean: 0.5381, ASR_train_attach: 0.8938, ASR_train_outter: 0.9020
Epoch 70, loss_inner: 1.60523, loss_target: 1.56094, homo loss: 0.00060 
acc_train_clean: 0.5649, ASR_train_attach: 0.9625, ASR_train_outter: 0.9476
Epoch 80, loss_inner: 1.51343, loss_target: 1.47137, homo loss: 0.00074 
acc_train_clean: 0.5871, ASR_train_attach: 1.0000, ASR_train_outter: 0.9764
Epoch 90, loss_inner: 1.44593, loss_target: 1.40787, homo loss: 0.00068 
acc_train_clean: 0.6002, ASR_train_attach: 0.9938, ASR_train_outter: 0.9764
Epoch 100, loss_inner: 1.39599, loss_target: 1.35974, homo loss: 0.00055 
acc_train_clean: 0.6095, ASR_train_attach: 1.0000, ASR_train_outter: 0.9789
Epoch 110, loss_inner: 1.35813, loss_target: 1.32229, homo loss: 0.00034 
acc_train_clean: 0.6161, ASR_train_attach: 0.9938, ASR_train_outter: 0.9780
Epoch 120, loss_inner: 1.32490, loss_target: 1.29072, homo loss: 0.00021 
acc_train_clean: 0.6237, ASR_train_attach: 0.9813, ASR_train_outter: 0.9679
Epoch 130, loss_inner: 1.29362, loss_target: 1.25974, homo loss: 0.00016 
acc_train_clean: 0.6314, ASR_train_attach: 1.0000, ASR_train_outter: 0.9823
Epoch 140, loss_inner: 1.26852, loss_target: 1.23498, homo loss: 0.00011 
acc_train_clean: 0.6366, ASR_train_attach: 1.0000, ASR_train_outter: 0.9856
Epoch 150, loss_inner: 1.25024, loss_target: 1.21788, homo loss: 0.00023 
acc_train_clean: 0.6395, ASR_train_attach: 1.0000, ASR_train_outter: 0.9848
Epoch 160, loss_inner: 1.23646, loss_target: 1.20446, homo loss: 0.00010 
acc_train_clean: 0.6428, ASR_train_attach: 1.0000, ASR_train_outter: 0.9873
Epoch 170, loss_inner: 1.22568, loss_target: 1.19392, homo loss: 0.00001 
acc_train_clean: 0.6446, ASR_train_attach: 1.0000, ASR_train_outter: 0.9890
Epoch 180, loss_inner: 1.21672, loss_target: 1.18525, homo loss: 0.00000 
acc_train_clean: 0.6467, ASR_train_attach: 1.0000, ASR_train_outter: 0.9882
Epoch 190, loss_inner: 1.20876, loss_target: 1.17740, homo loss: 0.00001 
acc_train_clean: 0.6487, ASR_train_attach: 1.0000, ASR_train_outter: 0.9907
Epoch 200, loss_inner: 1.19894, loss_target: 1.16768, homo loss: 0.00017 
acc_train_clean: 0.6515, ASR_train_attach: 1.0000, ASR_train_outter: 0.9899
Epoch 210, loss_inner: 1.18859, loss_target: 1.15870, homo loss: 0.00025 
acc_train_clean: 0.6538, ASR_train_attach: 1.0000, ASR_train_outter: 0.9873
Epoch 220, loss_inner: 1.17817, loss_target: 1.14752, homo loss: 0.00010 
acc_train_clean: 0.6567, ASR_train_attach: 1.0000, ASR_train_outter: 0.9924
Epoch 230, loss_inner: 1.16860, loss_target: 1.13877, homo loss: 0.00001 
acc_train_clean: 0.6602, ASR_train_attach: 1.0000, ASR_train_outter: 0.9873
Epoch 240, loss_inner: 1.16126, loss_target: 1.13116, homo loss: 0.00001 
acc_train_clean: 0.6617, ASR_train_attach: 1.0000, ASR_train_outter: 0.9916
Epoch 250, loss_inner: 1.15589, loss_target: 1.12569, homo loss: 0.00000 
acc_train_clean: 0.6633, ASR_train_attach: 1.0000, ASR_train_outter: 0.9932
Epoch 260, loss_inner: 1.15191, loss_target: 1.12155, homo loss: 0.00001 
acc_train_clean: 0.6643, ASR_train_attach: 1.0000, ASR_train_outter: 0.9949
Epoch 270, loss_inner: 1.14893, loss_target: 1.11955, homo loss: 0.00043 
acc_train_clean: 0.6652, ASR_train_attach: 1.0000, ASR_train_outter: 0.9932
Epoch 280, loss_inner: 1.14571, loss_target: 1.11665, homo loss: 0.00008 
acc_train_clean: 0.6655, ASR_train_attach: 1.0000, ASR_train_outter: 0.9924
Epoch 290, loss_inner: 1.14294, loss_target: 1.11359, homo loss: 0.00001 
acc_train_clean: 0.6669, ASR_train_attach: 1.0000, ASR_train_outter: 0.9924
Epoch 300, loss_inner: 1.14053, loss_target: 1.11059, homo loss: 0.00001 
acc_train_clean: 0.6668, ASR_train_attach: 1.0000, ASR_train_outter: 0.9949
Epoch 310, loss_inner: 1.13799, loss_target: 1.10776, homo loss: 0.00000 
acc_train_clean: 0.6680, ASR_train_attach: 1.0000, ASR_train_outter: 0.9958
Epoch 320, loss_inner: 1.13485, loss_target: 1.10475, homo loss: 0.00002 
acc_train_clean: 0.6678, ASR_train_attach: 1.0000, ASR_train_outter: 0.9949
Epoch 330, loss_inner: 1.13180, loss_target: 1.10165, homo loss: 0.00003 
acc_train_clean: 0.6690, ASR_train_attach: 1.0000, ASR_train_outter: 0.9949
Epoch 340, loss_inner: 1.19436, loss_target: 1.26882, homo loss: 0.00348 
acc_train_clean: 0.6494, ASR_train_attach: 1.0000, ASR_train_outter: 0.9932
Epoch 350, loss_inner: 1.14372, loss_target: 1.20439, homo loss: 0.00277 
acc_train_clean: 0.6631, ASR_train_attach: 1.0000, ASR_train_outter: 0.9772
Epoch 360, loss_inner: 1.13280, loss_target: 1.16574, homo loss: 0.00208 
acc_train_clean: 0.6667, ASR_train_attach: 1.0000, ASR_train_outter: 0.9966
Epoch 370, loss_inner: 1.12800, loss_target: 1.15336, homo loss: 0.00173 
acc_train_clean: 0.6696, ASR_train_attach: 1.0000, ASR_train_outter: 0.9966
Epoch 380, loss_inner: 1.12533, loss_target: 1.13861, homo loss: 0.00157 
acc_train_clean: 0.6705, ASR_train_attach: 1.0000, ASR_train_outter: 0.9966
Epoch 390, loss_inner: 1.12398, loss_target: 1.13194, homo loss: 0.00146 
acc_train_clean: 0.6712, ASR_train_attach: 1.0000, ASR_train_outter: 0.9966
Epoch 400, loss_inner: 1.12272, loss_target: 1.13139, homo loss: 0.00138 
acc_train_clean: 0.6720, ASR_train_attach: 1.0000, ASR_train_outter: 0.9966
Epoch 410, loss_inner: 1.12184, loss_target: 1.12633, homo loss: 0.00134 
acc_train_clean: 0.6721, ASR_train_attach: 1.0000, ASR_train_outter: 0.9966
Epoch 420, loss_inner: 1.12095, loss_target: 1.12496, homo loss: 0.00130 
acc_train_clean: 0.6721, ASR_train_attach: 1.0000, ASR_train_outter: 0.9966
Epoch 430, loss_inner: 1.12012, loss_target: 1.12493, homo loss: 0.00127 
acc_train_clean: 0.6723, ASR_train_attach: 1.0000, ASR_train_outter: 0.9966
Epoch 440, loss_inner: 1.11944, loss_target: 1.12528, homo loss: 0.00124 
acc_train_clean: 0.6728, ASR_train_attach: 1.0000, ASR_train_outter: 0.9966
Epoch 450, loss_inner: 1.11872, loss_target: 1.12637, homo loss: 0.00122 
acc_train_clean: 0.6728, ASR_train_attach: 1.0000, ASR_train_outter: 0.9966
Epoch 460, loss_inner: 1.11808, loss_target: 1.12746, homo loss: 0.00121 
acc_train_clean: 0.6731, ASR_train_attach: 1.0000, ASR_train_outter: 0.9966
Epoch 470, loss_inner: 1.11747, loss_target: 1.12880, homo loss: 0.00119 
acc_train_clean: 0.6728, ASR_train_attach: 1.0000, ASR_train_outter: 0.9966
Epoch 480, loss_inner: 1.11694, loss_target: 1.13023, homo loss: 0.00119 
acc_train_clean: 0.6732, ASR_train_attach: 1.0000, ASR_train_outter: 0.9966
Epoch 490, loss_inner: 1.11650, loss_target: 1.13183, homo loss: 0.00118 
acc_train_clean: 0.6735, ASR_train_attach: 1.0000, ASR_train_outter: 0.9966
Epoch 500, loss_inner: 1.11616, loss_target: 1.13369, homo loss: 0.00118 
acc_train_clean: 0.6736, ASR_train_attach: 1.0000, ASR_train_outter: 0.9966
Epoch 510, loss_inner: 1.11593, loss_target: 1.13639, homo loss: 0.00119 
acc_train_clean: 0.6738, ASR_train_attach: 1.0000, ASR_train_outter: 0.9975
Epoch 520, loss_inner: 1.11585, loss_target: 1.14084, homo loss: 0.00121 
acc_train_clean: 0.6737, ASR_train_attach: 1.0000, ASR_train_outter: 0.9983
Epoch 530, loss_inner: 1.11642, loss_target: 1.14850, homo loss: 0.00123 
acc_train_clean: 0.6729, ASR_train_attach: 1.0000, ASR_train_outter: 0.9983
Epoch 540, loss_inner: 1.13946, loss_target: 1.39065, homo loss: 0.00140 
acc_train_clean: 0.6692, ASR_train_attach: 1.0000, ASR_train_outter: 0.9983
Epoch 550, loss_inner: 1.17663, loss_target: 1.85472, homo loss: 0.00195 
acc_train_clean: 0.6580, ASR_train_attach: 1.0000, ASR_train_outter: 0.9983
Epoch 560, loss_inner: 1.29515, loss_target: 3.19168, homo loss: 0.01466 
acc_train_clean: 0.6279, ASR_train_attach: 1.0000, ASR_train_outter: 0.9992
Epoch 570, loss_inner: 1.85629, loss_target: 4.54051, homo loss: 0.03593 
acc_train_clean: 0.5393, ASR_train_attach: 1.0000, ASR_train_outter: 0.9983
Epoch 580, loss_inner: 1.77173, loss_target: 8.34216, homo loss: 0.08458 
acc_train_clean: 0.5093, ASR_train_attach: 1.0000, ASR_train_outter: 0.0726
Epoch 590, loss_inner: 2.42439, loss_target: 16.12960, homo loss: 0.17333 
acc_train_clean: 0.5661, ASR_train_attach: 1.0000, ASR_train_outter: 1.0000
Epoch 600, loss_inner: 1.75673, loss_target: 17.98066, homo loss: 0.20854 
acc_train_clean: 0.5878, ASR_train_attach: 1.0000, ASR_train_outter: 0.8336
Epoch 610, loss_inner: 1.44954, loss_target: 9.21595, homo loss: 0.20793 
acc_train_clean: 0.6093, ASR_train_attach: 1.0000, ASR_train_outter: 1.0000
Epoch 620, loss_inner: 1.44328, loss_target: 47.60137, homo loss: 0.24263 
acc_train_clean: 0.6126, ASR_train_attach: 1.0000, ASR_train_outter: 0.0000
Epoch 630, loss_inner: 1.58259, loss_target: 24.87631, homo loss: 0.25461 
acc_train_clean: 0.6073, ASR_train_attach: 1.0000, ASR_train_outter: 1.0000
Epoch 640, loss_inner: 1.85204, loss_target: 21.10021, homo loss: 0.23992 
acc_train_clean: 0.6123, ASR_train_attach: 1.0000, ASR_train_outter: 0.4865
Epoch 650, loss_inner: 1.40943, loss_target: 13.10120, homo loss: 0.24099 
acc_train_clean: 0.6260, ASR_train_attach: 1.0000, ASR_train_outter: 1.0000
Epoch 660, loss_inner: 1.38464, loss_target: 8.03804, homo loss: 0.23731 
acc_train_clean: 0.6284, ASR_train_attach: 1.0000, ASR_train_outter: 1.0000
Epoch 670, loss_inner: 1.28811, loss_target: 6.46052, homo loss: 0.23217 
acc_train_clean: 0.6359, ASR_train_attach: 1.0000, ASR_train_outter: 1.0000
Epoch 680, loss_inner: 1.24837, loss_target: 1.21394, homo loss: 0.22798 
acc_train_clean: 0.6378, ASR_train_attach: 1.0000, ASR_train_outter: 1.0000
Epoch 690, loss_inner: 1.23729, loss_target: 1.20272, homo loss: 0.22312 
acc_train_clean: 0.6422, ASR_train_attach: 1.0000, ASR_train_outter: 1.0000
Epoch 700, loss_inner: 1.22539, loss_target: 1.19102, homo loss: 0.21658 
acc_train_clean: 0.6443, ASR_train_attach: 1.0000, ASR_train_outter: 1.0000
Epoch 710, loss_inner: 1.21437, loss_target: 1.18042, homo loss: 0.20935 
acc_train_clean: 0.6470, ASR_train_attach: 1.0000, ASR_train_outter: 1.0000
Epoch 720, loss_inner: 1.20493, loss_target: 1.17147, homo loss: 0.20228 
acc_train_clean: 0.6489, ASR_train_attach: 1.0000, ASR_train_outter: 1.0000
Epoch 730, loss_inner: 1.19694, loss_target: 1.16394, homo loss: 0.19517 
acc_train_clean: 0.6506, ASR_train_attach: 1.0000, ASR_train_outter: 1.0000
Epoch 740, loss_inner: 1.19018, loss_target: 1.15734, homo loss: 0.18820 
acc_train_clean: 0.6525, ASR_train_attach: 1.0000, ASR_train_outter: 1.0000
Epoch 750, loss_inner: 1.18448, loss_target: 1.15190, homo loss: 0.18127 
acc_train_clean: 0.6540, ASR_train_attach: 1.0000, ASR_train_outter: 1.0000
Epoch 760, loss_inner: 1.17974, loss_target: 1.14738, homo loss: 0.17459 
acc_train_clean: 0.6551, ASR_train_attach: 1.0000, ASR_train_outter: 1.0000
Epoch 770, loss_inner: 1.17564, loss_target: 1.14346, homo loss: 0.16824 
acc_train_clean: 0.6558, ASR_train_attach: 1.0000, ASR_train_outter: 1.0000
Epoch 780, loss_inner: 1.17155, loss_target: 1.21912, homo loss: 0.16218 
acc_train_clean: 0.6567, ASR_train_attach: 1.0000, ASR_train_outter: 1.0000
Epoch 790, loss_inner: 1.16844, loss_target: 1.14129, homo loss: 0.15626 
acc_train_clean: 0.6575, ASR_train_attach: 1.0000, ASR_train_outter: 1.0000
load best weight based on the loss outter
precent of left attach nodes: 1.000
Namespace(cuda=True, dataset='ogbn-arxiv', debug=True, defense_mode='prune', device_id=1, dis_weight=0.0, dropout=0.5, epochs=800, evaluate_mode='1by1', hidden=32, homo_boost_thrd=0.8, homo_loss_weight=100.0, inner=1, lr=0.01, model='GCN', no_cuda=False, prune_thr=0.8, seed=265, selection_method='cluster_degree', target_class=0, target_loss_weight=1, test_model='GCN', thrd=0.5, train_lr=0.01, trigger_size=3, trojan_epochs=800, use_vs_number=True, vs_number=160, vs_ratio=0, weight_decay=0.0005)
target class rate on Vs: 0.9938
accuracy on clean test nodes: 0.6386
Overall ASR: 0.9561
Flip ASR: 0.9560/16875 nodes
Namespace(cuda=True, dataset='ogbn-arxiv', debug=True, defense_mode='prune', device_id=1, dis_weight=0.0, dropout=0.5, epochs=800, evaluate_mode='1by1', hidden=32, homo_boost_thrd=0.8, homo_loss_weight=100.0, inner=1, lr=0.01, model='GCN', no_cuda=False, prune_thr=0.8, seed=125, selection_method='cluster_degree', target_class=0, target_loss_weight=1, test_model='GCN', thrd=0.5, train_lr=0.01, trigger_size=3, trojan_epochs=800, use_vs_number=True, vs_number=160, vs_ratio=0, weight_decay=0.0005)
target class rate on Vs: 0.9938
accuracy on clean test nodes: 0.6385
Overall ASR: 0.9489
Flip ASR: 0.9488/16875 nodes
Namespace(cuda=True, dataset='ogbn-arxiv', debug=True, defense_mode='prune', device_id=1, dis_weight=0.0, dropout=0.5, epochs=800, evaluate_mode='1by1', hidden=32, homo_boost_thrd=0.8, homo_loss_weight=100.0, inner=1, lr=0.01, model='GCN', no_cuda=False, prune_thr=0.8, seed=996, selection_method='cluster_degree', target_class=0, target_loss_weight=1, test_model='GCN', thrd=0.5, train_lr=0.01, trigger_size=3, trojan_epochs=800, use_vs_number=True, vs_number=160, vs_ratio=0, weight_decay=0.0005)
target class rate on Vs: 0.9938
accuracy on clean test nodes: 0.6395
Overall ASR: 0.9561
Flip ASR: 0.9560/16875 nodes
Namespace(cuda=True, dataset='ogbn-arxiv', debug=True, defense_mode='prune', device_id=1, dis_weight=0.0, dropout=0.5, epochs=800, evaluate_mode='1by1', hidden=32, homo_boost_thrd=0.8, homo_loss_weight=100.0, inner=1, lr=0.01, model='GCN', no_cuda=False, prune_thr=0.8, seed=527, selection_method='cluster_degree', target_class=0, target_loss_weight=1, test_model='GCN', thrd=0.5, train_lr=0.01, trigger_size=3, trojan_epochs=800, use_vs_number=True, vs_number=160, vs_ratio=0, weight_decay=0.0005)
target class rate on Vs: 0.9938
accuracy on clean test nodes: 0.6384
Overall ASR: 0.9558
Flip ASR: 0.9557/16875 nodes
Namespace(cuda=True, dataset='ogbn-arxiv', debug=True, defense_mode='prune', device_id=1, dis_weight=0.0, dropout=0.5, epochs=800, evaluate_mode='1by1', hidden=32, homo_boost_thrd=0.8, homo_loss_weight=100.0, inner=1, lr=0.01, model='GCN', no_cuda=False, prune_thr=0.8, seed=320, selection_method='cluster_degree', target_class=0, target_loss_weight=1, test_model='GCN', thrd=0.5, train_lr=0.01, trigger_size=3, trojan_epochs=800, use_vs_number=True, vs_number=160, vs_ratio=0, weight_decay=0.0005)
target class rate on Vs: 0.9938
accuracy on clean test nodes: 0.6356
Overall ASR: 0.9566
Flip ASR: 0.9565/16875 nodes
Overall ASR: 0.9547 (GCN model, Seed: 320)
Overall Clean Accuracy: 0.6381
Namespace(cuda=True, dataset='ogbn-arxiv', debug=True, defense_mode='prune', device_id=1, dis_weight=0.0, dropout=0.5, epochs=800, evaluate_mode='1by1', hidden=32, homo_boost_thrd=0.8, homo_loss_weight=100.0, inner=1, lr=0.01, model='GCN', no_cuda=False, prune_thr=0.8, seed=781, selection_method='cluster_degree', target_class=0, target_loss_weight=1, test_model='GAT', thrd=0.5, train_lr=0.01, trigger_size=3, trojan_epochs=800, use_vs_number=True, vs_number=160, vs_ratio=0, weight_decay=0.0005)
/home/project-graph-backdoor/Backdoor/models/GAT.py:61: UserWarning: To copy construct from a tensor, it is recommended to use sourceTensor.clone().detach() or sourceTensor.clone().detach().requires_grad_(True), rather than torch.tensor(sourceTensor).
  self.labels = torch.tensor(labels, dtype=torch.long)
target class rate on Vs: 0.9938
accuracy on clean test nodes: 0.6325
Overall ASR: 0.9625
Flip ASR: 0.9624/16875 nodes
Namespace(cuda=True, dataset='ogbn-arxiv', debug=True, defense_mode='prune', device_id=1, dis_weight=0.0, dropout=0.5, epochs=800, evaluate_mode='1by1', hidden=32, homo_boost_thrd=0.8, homo_loss_weight=100.0, inner=1, lr=0.01, model='GCN', no_cuda=False, prune_thr=0.8, seed=706, selection_method='cluster_degree', target_class=0, target_loss_weight=1, test_model='GAT', thrd=0.5, train_lr=0.01, trigger_size=3, trojan_epochs=800, use_vs_number=True, vs_number=160, vs_ratio=0, weight_decay=0.0005)
target class rate on Vs: 0.9938
accuracy on clean test nodes: 0.6339
Overall ASR: 0.9624
Flip ASR: 0.9624/16875 nodes
Namespace(cuda=True, dataset='ogbn-arxiv', debug=True, defense_mode='prune', device_id=1, dis_weight=0.0, dropout=0.5, epochs=800, evaluate_mode='1by1', hidden=32, homo_boost_thrd=0.8, homo_loss_weight=100.0, inner=1, lr=0.01, model='GCN', no_cuda=False, prune_thr=0.8, seed=778, selection_method='cluster_degree', target_class=0, target_loss_weight=1, test_model='GAT', thrd=0.5, train_lr=0.01, trigger_size=3, trojan_epochs=800, use_vs_number=True, vs_number=160, vs_ratio=0, weight_decay=0.0005)
target class rate on Vs: 0.9938
accuracy on clean test nodes: 0.6297
Overall ASR: 0.9625
Flip ASR: 0.9624/16875 nodes
Namespace(cuda=True, dataset='ogbn-arxiv', debug=True, defense_mode='prune', device_id=1, dis_weight=0.0, dropout=0.5, epochs=800, evaluate_mode='1by1', hidden=32, homo_boost_thrd=0.8, homo_loss_weight=100.0, inner=1, lr=0.01, model='GCN', no_cuda=False, prune_thr=0.8, seed=604, selection_method='cluster_degree', target_class=0, target_loss_weight=1, test_model='GAT', thrd=0.5, train_lr=0.01, trigger_size=3, trojan_epochs=800, use_vs_number=True, vs_number=160, vs_ratio=0, weight_decay=0.0005)
target class rate on Vs: 0.9938
accuracy on clean test nodes: 0.6332
Overall ASR: 0.9624
Flip ASR: 0.9624/16875 nodes
Namespace(cuda=True, dataset='ogbn-arxiv', debug=True, defense_mode='prune', device_id=1, dis_weight=0.0, dropout=0.5, epochs=800, evaluate_mode='1by1', hidden=32, homo_boost_thrd=0.8, homo_loss_weight=100.0, inner=1, lr=0.01, model='GCN', no_cuda=False, prune_thr=0.8, seed=133, selection_method='cluster_degree', target_class=0, target_loss_weight=1, test_model='GAT', thrd=0.5, train_lr=0.01, trigger_size=3, trojan_epochs=800, use_vs_number=True, vs_number=160, vs_ratio=0, weight_decay=0.0005)
target class rate on Vs: 0.9938
accuracy on clean test nodes: 0.6281
Overall ASR: 0.9625
Flip ASR: 0.9624/16875 nodes
Overall ASR: 0.9625 (GAT model, Seed: 133)
Overall Clean Accuracy: 0.6315
Namespace(cuda=True, dataset='ogbn-arxiv', debug=True, defense_mode='prune', device_id=1, dis_weight=0.0, dropout=0.5, epochs=800, evaluate_mode='1by1', hidden=32, homo_boost_thrd=0.8, homo_loss_weight=100.0, inner=1, lr=0.01, model='GCN', no_cuda=False, prune_thr=0.8, seed=673, selection_method='cluster_degree', target_class=0, target_loss_weight=1, test_model='GraphSage', thrd=0.5, train_lr=0.01, trigger_size=3, trojan_epochs=800, use_vs_number=True, vs_number=160, vs_ratio=0, weight_decay=0.0005)
target class rate on Vs: 0.9750
accuracy on clean test nodes: 0.6444
