nohup: ignoring input
run_GTA.py:7: DeprecationWarning: the imp module is deprecated in favour of importlib; see the module's documentation for alternative uses
  import imp
Namespace(cuda=True, dataset='ogbn-arxiv', debug=False, defense_mode='isolate', device_id=1, dis_weight=0.0, dropout=0.5, epochs=200, evaluate_mode='1by1', hidden=32, homo_loss_weight=0.0, inner=1, lr=0.01, model='GCN', no_cuda=False, prune_thr=0.8, seed=10, selection_method='none', target_class=0, test_model='GCN', thrd=0.5, train_lr=0.01, trigger_size=3, trojan_epochs=400, vs_size=320, weight_decay=0.0005)
#Attach Nodes:320
precent of left attach nodes: 0.000
target class rate on Vs: 0.0000
accuracy on clean test nodes: 0.6280
Overall ASR: 0.0001
Flip ASR: 0.0001/16875 nodes
precent of left attach nodes: 0.000
target class rate on Vs: 0.0000
accuracy on clean test nodes: 0.6264
Overall ASR: 0.0001
Flip ASR: 0.0000/16875 nodes
precent of left attach nodes: 0.000
target class rate on Vs: 0.0000
accuracy on clean test nodes: 0.6264
Overall ASR: 0.0000
Flip ASR: 0.0000/16875 nodes
precent of left attach nodes: 0.000
target class rate on Vs: 0.0000
accuracy on clean test nodes: 0.6297
Overall ASR: 0.0001
Flip ASR: 0.0000/16875 nodes
precent of left attach nodes: 0.000
target class rate on Vs: 0.0000
accuracy on clean test nodes: 0.6275
Overall ASR: 0.0001
Flip ASR: 0.0001/16875 nodes
The final ASR:0.00007, 0.00004, Accuracy:0.62759, 0.00121
