nohup: ignoring input
run_adaptive.py:8: DeprecationWarning: the imp module is deprecated in favour of importlib; see the module's documentation for alternative uses
  import imp
Namespace(cuda=True, dataset='ogbn-arxiv', debug=True, defense_mode='isolate', device_id=3, dis_weight=0.0, dropout=0.5, epochs=200, evaluate_mode='1by1', hidden=32, homo_boost_thrd=0.8, homo_loss_weight=100.0, inner=1, lr=0.01, model='GCN', no_cuda=False, prune_thr=0.8, seed=10, selection_method='cluster_degree', target_class=0, target_loss_weight=1, test_model='GCN', thrd=0.5, train_lr=0.01, trigger_size=3, trojan_epochs=800, use_vs_number=True, vs_number=320, vs_ratio=0, weight_decay=0.0005)
#Attach Nodes:320
./selected_nodes/ogbn-arxiv/Overall/seed10/nodes.txt
idx_attach: tensor([132437, 159342, 115859,  11103, 127522,  67544,  82569, 161886,  62976,
         13773,  68963, 144203,  19681,    750, 156733,  86828,  18909,  82685,
         81700, 164714, 103734,  65352,  47692,  14294, 153213,  78523,   1385,
         50714, 156839, 144199,  88403,  58221,  56228,  88511,  12909, 156645,
         93340, 136107,  80139,    622,   1438,   7666, 133129, 127534, 106596,
        102712,   4269,  55140, 125068, 152827, 135150,  23527,   3609,   6462,
        121168, 152542,   6165, 126338,  90948,  77520,  47397, 106658,  68636,
        109074,  69509, 138501,  13873,  20117,  83448,   3102, 143264,  91042,
         54237,  58770, 165138, 126351,  55671,  99141,  13704, 136218,  16458,
         43368, 146276,  31105, 112018,  77110, 104399,  46245, 147007,   5821,
         19313,  91731,  20583, 142204,  80573,   7668,  83587, 128743, 143180,
         91852,  75911,  65787, 153365, 126297,  39114, 104240,  77327,   4583,
           512,  48952,  28134,  38432,  10832,  61628, 127678, 138417, 147495,
         98345,  93057,  33697, 138811, 124659, 133488,  71285,  47676,   1298,
        167767,  47649, 124811,  39955,  70652, 138116,  94425, 163083,  21820,
        133451,  73518, 132097,  23608,  13837, 125639,  40347, 163907,   5087,
          6422, 119164, 165901,   5059,  83768,  27180, 100388,  35462, 116799,
          3703,   5670,  48904,  68159, 113552, 160597,  96989, 127472, 136647,
        148726, 125053, 138149, 138315, 141422,  76351,  76598,  59904, 148285,
         70903, 165759,  39375, 136221, 140976,  63383,  42932,  75075,  71850,
         73993,  30102,  65808,  62714,  45851,  95186,  36002,  74863,  64652,
        161830, 145444, 126027,  60679,  73713,  93896, 146527, 169172, 114189,
         95782,  93842, 148869, 112848,  68654,   4485, 168944, 140981,  72175,
         45679,  20436,   7628, 115596, 130154, 135469,  14337,  63022,  17599,
        122842, 103833,  45706,  81303,  13852,  81871, 114723, 142817,  28988,
         48225,  21674,  34318, 111176, 158279, 146881,  34991,  76669,  13346,
         17731, 138128, 136891, 117554,  40123,  52955, 103517, 141078,  75105,
         82512, 168762, 139593, 118896,  12297, 138395,  64922,  55710,  22340,
         76111,  93384, 111925,   5010,  13015, 116348, 150061, 130103, 141021,
         64826, 144901, 106175,  92109,  89940,  71933, 144027,  36882,  41628,
         55044,  12828,  41681,  14340,  23638, 144925,  62265,  35737, 155976,
        161925,  63089, 135644, 164665,   9848, 124525,  66260,  78580,  66041,
          4226, 128942,  52300,  86426, 146623,  42022,  64582,  63272, 144613,
         12980,  93063, 146301, 166120, 109587, 144883,  58222, 119761, 126871,
        112989,  47264,  44224,  76605, 125250,  85029, 139694, 119661,  82517,
         10258,   5687,  86843,  93827,  30524], device='cuda:3')
tensor([     1,      2,      3,  ..., 169334, 169336, 169338], device='cuda:3')
Epoch 0, loss_inner: 3.74860, loss_target: 3.62773, homo loss: 0.80685 
acc_train_clean: 0.0089, ASR_train_attach: 0.0000, ASR_train_outter: 0.0000
Epoch 10, loss_inner: 3.03397, loss_target: 3.09606, homo loss: 0.00530 
acc_train_clean: 0.2699, ASR_train_attach: 0.0000, ASR_train_outter: 0.0000
Epoch 20, loss_inner: 2.77849, loss_target: 2.78089, homo loss: 0.00066 
acc_train_clean: 0.2873, ASR_train_attach: 0.0000, ASR_train_outter: 0.0000
Epoch 30, loss_inner: 2.47312, loss_target: 2.44061, homo loss: 0.00036 
acc_train_clean: 0.3594, ASR_train_attach: 0.0000, ASR_train_outter: 0.0024
Epoch 40, loss_inner: 2.16524, loss_target: 2.11558, homo loss: 0.00028 
acc_train_clean: 0.4412, ASR_train_attach: 0.9094, ASR_train_outter: 0.8966
Epoch 50, loss_inner: 1.91571, loss_target: 1.87411, homo loss: 0.00029 
acc_train_clean: 0.5036, ASR_train_attach: 0.9094, ASR_train_outter: 0.9111
Epoch 60, loss_inner: 1.72850, loss_target: 1.69402, homo loss: 0.00035 
acc_train_clean: 0.5375, ASR_train_attach: 0.9844, ASR_train_outter: 0.9603
Epoch 70, loss_inner: 1.59976, loss_target: 1.57191, homo loss: 0.00022 
acc_train_clean: 0.5646, ASR_train_attach: 0.9813, ASR_train_outter: 0.9615
Epoch 80, loss_inner: 1.50668, loss_target: 1.48260, homo loss: 0.00017 
acc_train_clean: 0.5871, ASR_train_attach: 0.9875, ASR_train_outter: 0.9675
Epoch 90, loss_inner: 1.43160, loss_target: 1.40940, homo loss: 0.00013 
acc_train_clean: 0.6031, ASR_train_attach: 0.9906, ASR_train_outter: 0.9724
Epoch 100, loss_inner: 1.37118, loss_target: 1.35140, homo loss: 0.00009 
acc_train_clean: 0.6147, ASR_train_attach: 0.9906, ASR_train_outter: 0.9748
Epoch 110, loss_inner: 1.32843, loss_target: 1.31053, homo loss: 0.00011 
acc_train_clean: 0.6215, ASR_train_attach: 0.9906, ASR_train_outter: 0.9724
Epoch 120, loss_inner: 1.29602, loss_target: 1.27899, homo loss: 0.00009 
acc_train_clean: 0.6277, ASR_train_attach: 0.9844, ASR_train_outter: 0.9700
Epoch 130, loss_inner: 1.26634, loss_target: 1.24951, homo loss: 0.00005 
acc_train_clean: 0.6346, ASR_train_attach: 1.0000, ASR_train_outter: 0.9820
Epoch 140, loss_inner: 1.24253, loss_target: 1.22607, homo loss: 0.00001 
acc_train_clean: 0.6405, ASR_train_attach: 1.0000, ASR_train_outter: 0.9868
Epoch 150, loss_inner: 1.22582, loss_target: 1.20990, homo loss: 0.00000 
acc_train_clean: 0.6441, ASR_train_attach: 1.0000, ASR_train_outter: 0.9868
Epoch 160, loss_inner: 1.21416, loss_target: 1.19868, homo loss: 0.00001 
acc_train_clean: 0.6462, ASR_train_attach: 1.0000, ASR_train_outter: 0.9868
Epoch 170, loss_inner: 1.20556, loss_target: 1.19024, homo loss: 0.00001 
acc_train_clean: 0.6476, ASR_train_attach: 1.0000, ASR_train_outter: 0.9868
Epoch 180, loss_inner: 1.19817, loss_target: 1.18338, homo loss: 0.00002 
acc_train_clean: 0.6499, ASR_train_attach: 1.0000, ASR_train_outter: 0.9868
Epoch 190, loss_inner: 1.19192, loss_target: 1.17693, homo loss: 0.00004 
acc_train_clean: 0.6514, ASR_train_attach: 1.0000, ASR_train_outter: 0.9868
Epoch 200, loss_inner: 1.18613, loss_target: 1.17216, homo loss: 0.00008 
acc_train_clean: 0.6529, ASR_train_attach: 1.0000, ASR_train_outter: 0.9868
Epoch 210, loss_inner: 1.18199, loss_target: 1.17060, homo loss: 0.00024 
acc_train_clean: 0.6541, ASR_train_attach: 0.9719, ASR_train_outter: 0.9591
Epoch 220, loss_inner: 1.17647, loss_target: 1.16264, homo loss: 0.00006 
acc_train_clean: 0.6553, ASR_train_attach: 1.0000, ASR_train_outter: 0.9904
Epoch 230, loss_inner: 1.17177, loss_target: 1.15714, homo loss: 0.00001 
acc_train_clean: 0.6558, ASR_train_attach: 1.0000, ASR_train_outter: 0.9952
Epoch 240, loss_inner: 1.16730, loss_target: 1.15278, homo loss: 0.00000 
acc_train_clean: 0.6571, ASR_train_attach: 1.0000, ASR_train_outter: 0.9916
Epoch 250, loss_inner: 1.16340, loss_target: 1.14851, homo loss: 0.00000 
acc_train_clean: 0.6578, ASR_train_attach: 1.0000, ASR_train_outter: 0.9952
Epoch 260, loss_inner: 1.15897, loss_target: 1.14410, homo loss: 0.00000 
acc_train_clean: 0.6594, ASR_train_attach: 1.0000, ASR_train_outter: 0.9952
Epoch 270, loss_inner: 1.15307, loss_target: 1.13841, homo loss: 0.00000 
acc_train_clean: 0.6615, ASR_train_attach: 1.0000, ASR_train_outter: 0.9928
Epoch 280, loss_inner: 1.14713, loss_target: 1.13221, homo loss: 0.00000 
acc_train_clean: 0.6628, ASR_train_attach: 1.0000, ASR_train_outter: 0.9952
Epoch 290, loss_inner: 1.14238, loss_target: 1.12807, homo loss: 0.00001 
acc_train_clean: 0.6639, ASR_train_attach: 1.0000, ASR_train_outter: 0.9928
Epoch 300, loss_inner: 1.13886, loss_target: 1.12492, homo loss: 0.00013 
acc_train_clean: 0.6643, ASR_train_attach: 1.0000, ASR_train_outter: 0.9940
Epoch 310, loss_inner: 1.13441, loss_target: 1.12170, homo loss: 0.00019 
acc_train_clean: 0.6662, ASR_train_attach: 1.0000, ASR_train_outter: 0.9940
Epoch 320, loss_inner: 1.13026, loss_target: 1.11767, homo loss: 0.00011 
acc_train_clean: 0.6671, ASR_train_attach: 1.0000, ASR_train_outter: 0.9952
Epoch 330, loss_inner: 1.12755, loss_target: 1.11346, homo loss: 0.00003 
acc_train_clean: 0.6677, ASR_train_attach: 1.0000, ASR_train_outter: 0.9952
Epoch 340, loss_inner: 1.12477, loss_target: 1.11039, homo loss: 0.00000 
acc_train_clean: 0.6691, ASR_train_attach: 1.0000, ASR_train_outter: 0.9952
Epoch 350, loss_inner: 1.12308, loss_target: 1.10884, homo loss: 0.00000 
acc_train_clean: 0.6690, ASR_train_attach: 1.0000, ASR_train_outter: 0.9940
Epoch 360, loss_inner: 1.12178, loss_target: 1.10689, homo loss: 0.00000 
acc_train_clean: 0.6699, ASR_train_attach: 1.0000, ASR_train_outter: 0.9952
Epoch 370, loss_inner: 1.11965, loss_target: 1.10497, homo loss: 0.00000 
acc_train_clean: 0.6706, ASR_train_attach: 1.0000, ASR_train_outter: 0.9952
Epoch 380, loss_inner: 1.11798, loss_target: 1.10377, homo loss: 0.00002 
acc_train_clean: 0.6710, ASR_train_attach: 1.0000, ASR_train_outter: 0.9952
Epoch 390, loss_inner: 1.11653, loss_target: 1.10188, homo loss: 0.00001 
acc_train_clean: 0.6714, ASR_train_attach: 1.0000, ASR_train_outter: 0.9952
Epoch 400, loss_inner: 1.27853, loss_target: 1.33737, homo loss: 0.00226 
acc_train_clean: 0.6412, ASR_train_attach: 0.9688, ASR_train_outter: 0.4651
Epoch 410, loss_inner: 1.18994, loss_target: 1.22054, homo loss: 0.00136 
acc_train_clean: 0.6513, ASR_train_attach: 1.0000, ASR_train_outter: 0.9916
Epoch 420, loss_inner: 1.15135, loss_target: 1.16816, homo loss: 0.00113 
acc_train_clean: 0.6609, ASR_train_attach: 1.0000, ASR_train_outter: 0.9964
Epoch 430, loss_inner: 1.13033, loss_target: 1.14289, homo loss: 0.00098 
acc_train_clean: 0.6680, ASR_train_attach: 1.0000, ASR_train_outter: 1.0000
Epoch 440, loss_inner: 1.12288, loss_target: 1.13245, homo loss: 0.00088 
acc_train_clean: 0.6699, ASR_train_attach: 1.0000, ASR_train_outter: 0.9988
Epoch 450, loss_inner: 1.11859, loss_target: 1.12643, homo loss: 0.00080 
acc_train_clean: 0.6713, ASR_train_attach: 1.0000, ASR_train_outter: 0.9988
Epoch 460, loss_inner: 1.11675, loss_target: 1.11812, homo loss: 0.00077 
acc_train_clean: 0.6721, ASR_train_attach: 1.0000, ASR_train_outter: 0.9988
Epoch 470, loss_inner: 1.11594, loss_target: 1.11371, homo loss: 0.00073 
acc_train_clean: 0.6725, ASR_train_attach: 1.0000, ASR_train_outter: 1.0000
Epoch 480, loss_inner: 1.11495, loss_target: 1.11149, homo loss: 0.00071 
acc_train_clean: 0.6726, ASR_train_attach: 1.0000, ASR_train_outter: 1.0000
Epoch 490, loss_inner: 1.11416, loss_target: 1.11008, homo loss: 0.00069 
acc_train_clean: 0.6727, ASR_train_attach: 1.0000, ASR_train_outter: 1.0000
Epoch 500, loss_inner: 1.11344, loss_target: 1.10886, homo loss: 0.00067 
acc_train_clean: 0.6728, ASR_train_attach: 1.0000, ASR_train_outter: 0.9988
Epoch 510, loss_inner: 1.11278, loss_target: 1.10808, homo loss: 0.00066 
acc_train_clean: 0.6727, ASR_train_attach: 1.0000, ASR_train_outter: 0.9988
Epoch 520, loss_inner: 1.11217, loss_target: 1.10752, homo loss: 0.00065 
acc_train_clean: 0.6728, ASR_train_attach: 1.0000, ASR_train_outter: 0.9988
Epoch 530, loss_inner: 1.11161, loss_target: 1.10704, homo loss: 0.00064 
acc_train_clean: 0.6729, ASR_train_attach: 1.0000, ASR_train_outter: 0.9988
Epoch 540, loss_inner: 1.11110, loss_target: 1.10667, homo loss: 0.00063 
acc_train_clean: 0.6733, ASR_train_attach: 1.0000, ASR_train_outter: 0.9988
Epoch 550, loss_inner: 1.11063, loss_target: 1.10635, homo loss: 0.00062 
acc_train_clean: 0.6731, ASR_train_attach: 1.0000, ASR_train_outter: 0.9988
Epoch 560, loss_inner: 1.11019, loss_target: 1.10613, homo loss: 0.00062 
acc_train_clean: 0.6731, ASR_train_attach: 1.0000, ASR_train_outter: 0.9988
Epoch 570, loss_inner: 1.10977, loss_target: 1.10595, homo loss: 0.00061 
acc_train_clean: 0.6732, ASR_train_attach: 1.0000, ASR_train_outter: 0.9988
Epoch 580, loss_inner: 1.10938, loss_target: 1.10580, homo loss: 0.00061 
acc_train_clean: 0.6732, ASR_train_attach: 1.0000, ASR_train_outter: 0.9988
Epoch 590, loss_inner: 1.10900, loss_target: 1.10570, homo loss: 0.00061 
acc_train_clean: 0.6733, ASR_train_attach: 1.0000, ASR_train_outter: 0.9988
Epoch 600, loss_inner: 1.10864, loss_target: 1.10564, homo loss: 0.00061 
acc_train_clean: 0.6733, ASR_train_attach: 1.0000, ASR_train_outter: 0.9988
Epoch 610, loss_inner: 1.10831, loss_target: 1.10565, homo loss: 0.00061 
acc_train_clean: 0.6733, ASR_train_attach: 1.0000, ASR_train_outter: 0.9988
Epoch 620, loss_inner: 1.10799, loss_target: 1.10571, homo loss: 0.00061 
acc_train_clean: 0.6732, ASR_train_attach: 1.0000, ASR_train_outter: 0.9988
Epoch 630, loss_inner: 1.10769, loss_target: 1.10576, homo loss: 0.00061 
acc_train_clean: 0.6734, ASR_train_attach: 1.0000, ASR_train_outter: 0.9988
Epoch 640, loss_inner: 1.10741, loss_target: 1.10589, homo loss: 0.00062 
acc_train_clean: 0.6731, ASR_train_attach: 1.0000, ASR_train_outter: 0.9988
Epoch 650, loss_inner: 1.10715, loss_target: 1.10602, homo loss: 0.00062 
acc_train_clean: 0.6731, ASR_train_attach: 1.0000, ASR_train_outter: 0.9988
Epoch 660, loss_inner: 1.10692, loss_target: 1.10622, homo loss: 0.00062 
acc_train_clean: 0.6731, ASR_train_attach: 1.0000, ASR_train_outter: 0.9988
Epoch 670, loss_inner: 1.10672, loss_target: 1.10645, homo loss: 0.00063 
acc_train_clean: 0.6733, ASR_train_attach: 1.0000, ASR_train_outter: 0.9988
Epoch 680, loss_inner: 1.10654, loss_target: 1.10671, homo loss: 0.00064 
acc_train_clean: 0.6733, ASR_train_attach: 1.0000, ASR_train_outter: 0.9988
Epoch 690, loss_inner: 1.10639, loss_target: 1.10700, homo loss: 0.00064 
acc_train_clean: 0.6734, ASR_train_attach: 1.0000, ASR_train_outter: 0.9988
Epoch 700, loss_inner: 1.10628, loss_target: 1.10736, homo loss: 0.00065 
acc_train_clean: 0.6731, ASR_train_attach: 1.0000, ASR_train_outter: 0.9988
Epoch 710, loss_inner: 1.10621, loss_target: 1.10777, homo loss: 0.00066 
acc_train_clean: 0.6733, ASR_train_attach: 1.0000, ASR_train_outter: 0.9988
Epoch 720, loss_inner: 1.10618, loss_target: 1.10822, homo loss: 0.00067 
acc_train_clean: 0.6733, ASR_train_attach: 1.0000, ASR_train_outter: 0.9988
Epoch 730, loss_inner: 1.10621, loss_target: 1.10876, homo loss: 0.00068 
acc_train_clean: 0.6734, ASR_train_attach: 1.0000, ASR_train_outter: 0.9988
Epoch 740, loss_inner: 1.10638, loss_target: 1.10945, homo loss: 0.00069 
acc_train_clean: 0.6736, ASR_train_attach: 1.0000, ASR_train_outter: 0.9988
Epoch 750, loss_inner: 1.10711, loss_target: 1.11104, homo loss: 0.00071 
acc_train_clean: 0.6737, ASR_train_attach: 1.0000, ASR_train_outter: 0.9988
Epoch 760, loss_inner: 1.12002, loss_target: 1.12815, homo loss: 0.00079 
acc_train_clean: 0.6700, ASR_train_attach: 1.0000, ASR_train_outter: 0.9976
Epoch 770, loss_inner: 2.80267, loss_target: 4.25899, homo loss: 0.01057 
acc_train_clean: 0.5463, ASR_train_attach: 1.0000, ASR_train_outter: 1.0000
Epoch 780, loss_inner: 2.01405, loss_target: 2.55963, homo loss: 0.00470 
acc_train_clean: 0.5773, ASR_train_attach: 1.0000, ASR_train_outter: 0.9988
Epoch 790, loss_inner: 2.31557, loss_target: 7.64428, homo loss: 0.03312 
acc_train_clean: 0.5466, ASR_train_attach: 1.0000, ASR_train_outter: 0.0000
load best weight based on the loss outter
precent of left attach nodes: 0.200
Namespace(cuda=True, dataset='ogbn-arxiv', debug=True, defense_mode='isolate', device_id=3, dis_weight=0.0, dropout=0.5, epochs=200, evaluate_mode='1by1', hidden=32, homo_boost_thrd=0.8, homo_loss_weight=100.0, inner=1, lr=0.01, model='GCN', no_cuda=False, prune_thr=0.8, seed=265, selection_method='cluster_degree', target_class=0, target_loss_weight=1, test_model='GCN', thrd=0.5, train_lr=0.01, trigger_size=3, trojan_epochs=800, use_vs_number=True, vs_number=320, vs_ratio=0, weight_decay=0.0005)
target class rate on Vs: 0.9781
accuracy on clean test nodes: 0.6213
Overall ASR: 0.9324
Flip ASR: 0.9323/16875 nodes
Namespace(cuda=True, dataset='ogbn-arxiv', debug=True, defense_mode='isolate', device_id=3, dis_weight=0.0, dropout=0.5, epochs=200, evaluate_mode='1by1', hidden=32, homo_boost_thrd=0.8, homo_loss_weight=100.0, inner=1, lr=0.01, model='GCN', no_cuda=False, prune_thr=0.8, seed=125, selection_method='cluster_degree', target_class=0, target_loss_weight=1, test_model='GCN', thrd=0.5, train_lr=0.01, trigger_size=3, trojan_epochs=800, use_vs_number=True, vs_number=320, vs_ratio=0, weight_decay=0.0005)
target class rate on Vs: 0.9781
accuracy on clean test nodes: 0.6302
Overall ASR: 0.9333
Flip ASR: 0.9332/16875 nodes
Namespace(cuda=True, dataset='ogbn-arxiv', debug=True, defense_mode='isolate', device_id=3, dis_weight=0.0, dropout=0.5, epochs=200, evaluate_mode='1by1', hidden=32, homo_boost_thrd=0.8, homo_loss_weight=100.0, inner=1, lr=0.01, model='GCN', no_cuda=False, prune_thr=0.8, seed=996, selection_method='cluster_degree', target_class=0, target_loss_weight=1, test_model='GCN', thrd=0.5, train_lr=0.01, trigger_size=3, trojan_epochs=800, use_vs_number=True, vs_number=320, vs_ratio=0, weight_decay=0.0005)
target class rate on Vs: 0.9781
accuracy on clean test nodes: 0.6330
Overall ASR: 0.9342
Flip ASR: 0.9340/16875 nodes
Namespace(cuda=True, dataset='ogbn-arxiv', debug=True, defense_mode='isolate', device_id=3, dis_weight=0.0, dropout=0.5, epochs=200, evaluate_mode='1by1', hidden=32, homo_boost_thrd=0.8, homo_loss_weight=100.0, inner=1, lr=0.01, model='GCN', no_cuda=False, prune_thr=0.8, seed=527, selection_method='cluster_degree', target_class=0, target_loss_weight=1, test_model='GCN', thrd=0.5, train_lr=0.01, trigger_size=3, trojan_epochs=800, use_vs_number=True, vs_number=320, vs_ratio=0, weight_decay=0.0005)
target class rate on Vs: 0.9781
accuracy on clean test nodes: 0.6348
Overall ASR: 0.9352
Flip ASR: 0.9351/16875 nodes
Namespace(cuda=True, dataset='ogbn-arxiv', debug=True, defense_mode='isolate', device_id=3, dis_weight=0.0, dropout=0.5, epochs=200, evaluate_mode='1by1', hidden=32, homo_boost_thrd=0.8, homo_loss_weight=100.0, inner=1, lr=0.01, model='GCN', no_cuda=False, prune_thr=0.8, seed=320, selection_method='cluster_degree', target_class=0, target_loss_weight=1, test_model='GCN', thrd=0.5, train_lr=0.01, trigger_size=3, trojan_epochs=800, use_vs_number=True, vs_number=320, vs_ratio=0, weight_decay=0.0005)
target class rate on Vs: 0.9781
accuracy on clean test nodes: 0.6234
Overall ASR: 0.9375
Flip ASR: 0.9373/16875 nodes
Overall ASR: 0.9345 (GCN model, Seed: 320)
Overall Clean Accuracy: 0.6285
Namespace(cuda=True, dataset='ogbn-arxiv', debug=True, defense_mode='isolate', device_id=3, dis_weight=0.0, dropout=0.5, epochs=200, evaluate_mode='1by1', hidden=32, homo_boost_thrd=0.8, homo_loss_weight=100.0, inner=1, lr=0.01, model='GCN', no_cuda=False, prune_thr=0.8, seed=781, selection_method='cluster_degree', target_class=0, target_loss_weight=1, test_model='GAT', thrd=0.5, train_lr=0.01, trigger_size=3, trojan_epochs=800, use_vs_number=True, vs_number=320, vs_ratio=0, weight_decay=0.0005)
/home/project-graph-backdoor/Backdoor/models/GAT.py:61: UserWarning: To copy construct from a tensor, it is recommended to use sourceTensor.clone().detach() or sourceTensor.clone().detach().requires_grad_(True), rather than torch.tensor(sourceTensor).
  self.labels = torch.tensor(labels, dtype=torch.long)
target class rate on Vs: 0.9781
accuracy on clean test nodes: 0.6364
Overall ASR: 0.9418
Flip ASR: 0.9417/16875 nodes
Namespace(cuda=True, dataset='ogbn-arxiv', debug=True, defense_mode='isolate', device_id=3, dis_weight=0.0, dropout=0.5, epochs=200, evaluate_mode='1by1', hidden=32, homo_boost_thrd=0.8, homo_loss_weight=100.0, inner=1, lr=0.01, model='GCN', no_cuda=False, prune_thr=0.8, seed=706, selection_method='cluster_degree', target_class=0, target_loss_weight=1, test_model='GAT', thrd=0.5, train_lr=0.01, trigger_size=3, trojan_epochs=800, use_vs_number=True, vs_number=320, vs_ratio=0, weight_decay=0.0005)
target class rate on Vs: 0.9781
accuracy on clean test nodes: 0.6368
Overall ASR: 0.9419
Flip ASR: 0.9417/16875 nodes
Namespace(cuda=True, dataset='ogbn-arxiv', debug=True, defense_mode='isolate', device_id=3, dis_weight=0.0, dropout=0.5, epochs=200, evaluate_mode='1by1', hidden=32, homo_boost_thrd=0.8, homo_loss_weight=100.0, inner=1, lr=0.01, model='GCN', no_cuda=False, prune_thr=0.8, seed=778, selection_method='cluster_degree', target_class=0, target_loss_weight=1, test_model='GAT', thrd=0.5, train_lr=0.01, trigger_size=3, trojan_epochs=800, use_vs_number=True, vs_number=320, vs_ratio=0, weight_decay=0.0005)
target class rate on Vs: 0.9781
accuracy on clean test nodes: 0.6388
Overall ASR: 0.9420
Flip ASR: 0.9418/16875 nodes
Namespace(cuda=True, dataset='ogbn-arxiv', debug=True, defense_mode='isolate', device_id=3, dis_weight=0.0, dropout=0.5, epochs=200, evaluate_mode='1by1', hidden=32, homo_boost_thrd=0.8, homo_loss_weight=100.0, inner=1, lr=0.01, model='GCN', no_cuda=False, prune_thr=0.8, seed=604, selection_method='cluster_degree', target_class=0, target_loss_weight=1, test_model='GAT', thrd=0.5, train_lr=0.01, trigger_size=3, trojan_epochs=800, use_vs_number=True, vs_number=320, vs_ratio=0, weight_decay=0.0005)
target class rate on Vs: 0.9781
accuracy on clean test nodes: 0.6362
Overall ASR: 0.9418
Flip ASR: 0.9417/16875 nodes
Namespace(cuda=True, dataset='ogbn-arxiv', debug=True, defense_mode='isolate', device_id=3, dis_weight=0.0, dropout=0.5, epochs=200, evaluate_mode='1by1', hidden=32, homo_boost_thrd=0.8, homo_loss_weight=100.0, inner=1, lr=0.01, model='GCN', no_cuda=False, prune_thr=0.8, seed=133, selection_method='cluster_degree', target_class=0, target_loss_weight=1, test_model='GAT', thrd=0.5, train_lr=0.01, trigger_size=3, trojan_epochs=800, use_vs_number=True, vs_number=320, vs_ratio=0, weight_decay=0.0005)
target class rate on Vs: 0.9781
accuracy on clean test nodes: 0.6376
Overall ASR: 0.9418
Flip ASR: 0.9417/16875 nodes
Overall ASR: 0.9419 (GAT model, Seed: 133)
Overall Clean Accuracy: 0.6372
Namespace(cuda=True, dataset='ogbn-arxiv', debug=True, defense_mode='isolate', device_id=3, dis_weight=0.0, dropout=0.5, epochs=200, evaluate_mode='1by1', hidden=32, homo_boost_thrd=0.8, homo_loss_weight=100.0, inner=1, lr=0.01, model='GCN', no_cuda=False, prune_thr=0.8, seed=673, selection_method='cluster_degree', target_class=0, target_loss_weight=1, test_model='GraphSage', thrd=0.5, train_lr=0.01, trigger_size=3, trojan_epochs=800, use_vs_number=True, vs_number=320, vs_ratio=0, weight_decay=0.0005)
target class rate on Vs: 0.9344
accuracy on clean test nodes: 0.6278
Overall ASR: 0.8639
Flip ASR: 0.8635/16875 nodes
Namespace(cuda=True, dataset='ogbn-arxiv', debug=True, defense_mode='isolate', device_id=3, dis_weight=0.0, dropout=0.5, epochs=200, evaluate_mode='1by1', hidden=32, homo_boost_thrd=0.8, homo_loss_weight=100.0, inner=1, lr=0.01, model='GCN', no_cuda=False, prune_thr=0.8, seed=904, selection_method='cluster_degree', target_class=0, target_loss_weight=1, test_model='GraphSage', thrd=0.5, train_lr=0.01, trigger_size=3, trojan_epochs=800, use_vs_number=True, vs_number=320, vs_ratio=0, weight_decay=0.0005)
target class rate on Vs: 0.9438
accuracy on clean test nodes: 0.6248
Overall ASR: 0.8805
Flip ASR: 0.8802/16875 nodes
Namespace(cuda=True, dataset='ogbn-arxiv', debug=True, defense_mode='isolate', device_id=3, dis_weight=0.0, dropout=0.5, epochs=200, evaluate_mode='1by1', hidden=32, homo_boost_thrd=0.8, homo_loss_weight=100.0, inner=1, lr=0.01, model='GCN', no_cuda=False, prune_thr=0.8, seed=56, selection_method='cluster_degree', target_class=0, target_loss_weight=1, test_model='GraphSage', thrd=0.5, train_lr=0.01, trigger_size=3, trojan_epochs=800, use_vs_number=True, vs_number=320, vs_ratio=0, weight_decay=0.0005)
target class rate on Vs: 0.9375
accuracy on clean test nodes: 0.6284
Overall ASR: 0.8685
Flip ASR: 0.8682/16875 nodes
Namespace(cuda=True, dataset='ogbn-arxiv', debug=True, defense_mode='isolate', device_id=3, dis_weight=0.0, dropout=0.5, epochs=200, evaluate_mode='1by1', hidden=32, homo_boost_thrd=0.8, homo_loss_weight=100.0, inner=1, lr=0.01, model='GCN', no_cuda=False, prune_thr=0.8, seed=1, selection_method='cluster_degree', target_class=0, target_loss_weight=1, test_model='GraphSage', thrd=0.5, train_lr=0.01, trigger_size=3, trojan_epochs=800, use_vs_number=True, vs_number=320, vs_ratio=0, weight_decay=0.0005)
target class rate on Vs: 0.9406
accuracy on clean test nodes: 0.6297
Overall ASR: 0.8758
Flip ASR: 0.8754/16875 nodes
Namespace(cuda=True, dataset='ogbn-arxiv', debug=True, defense_mode='isolate', device_id=3, dis_weight=0.0, dropout=0.5, epochs=200, evaluate_mode='1by1', hidden=32, homo_boost_thrd=0.8, homo_loss_weight=100.0, inner=1, lr=0.01, model='GCN', no_cuda=False, prune_thr=0.8, seed=694, selection_method='cluster_degree', target_class=0, target_loss_weight=1, test_model='GraphSage', thrd=0.5, train_lr=0.01, trigger_size=3, trojan_epochs=800, use_vs_number=True, vs_number=320, vs_ratio=0, weight_decay=0.0005)
target class rate on Vs: 0.9438
accuracy on clean test nodes: 0.6235
Overall ASR: 0.8788
Flip ASR: 0.8785/16875 nodes
Overall ASR: 0.8735 (GraphSage model, Seed: 694)
Overall Clean Accuracy: 0.6269
Total Overall ASR: 0.9166 
Total Clean Accuracy: 0.6309
