nohup: ignoring input
run_adaptive.py:8: DeprecationWarning: the imp module is deprecated in favour of importlib; see the module's documentation for alternative uses
  import imp
Namespace(cuda=True, dataset='ogbn-arxiv', debug=True, defense_mode='prune', device_id=2, dis_weight=0.0, dropout=0.5, epochs=800, evaluate_mode='1by1', hidden=32, homo_boost_thrd=0.2, homo_loss_weight=100.0, inner=1, lr=0.01, model='GCN', no_cuda=False, prune_thr=0.8, seed=10, selection_method='cluster_degree', target_class=0, target_loss_weight=1, test_model='GCN', thrd=0.5, train_lr=0.01, trigger_size=3, trojan_epochs=800, use_vs_number=True, vs_number=160, vs_ratio=0, weight_decay=0.0005)
#Attach Nodes:160
./selected_nodes/ogbn-arxiv/Overall/seed10/nodes.txt
idx_attach: tensor([132437, 159342, 115859,  11103, 127522,  67544,  82569, 161886,  62976,
         13773,  68963, 144203,  19681,    750, 156733,  86828,  18909,  82685,
         81700, 164714, 103734,  65352,  47692,  14294, 153213,  78523,   1385,
         50714, 156839, 144199,  88403,  58221,  56228,  88511,  12909, 156645,
         93340, 136107,  80139,    622,   1438,   7666, 133129, 127534, 106596,
        102712,   4269,  55140, 125068, 152827, 135150,  23527,   3609,   6462,
        121168, 152542,   6165, 126338,  90948,  77520,  47397, 106658,  68636,
        109074,  69509, 138501,  13873,  20117,  83448,   3102, 143264,  91042,
         54237,  58770, 165138, 126351,  55671,  99141,  13704, 136218,  16458,
         43368, 146276,  31105, 112018,  77110, 104399,  46245, 147007,   5821,
         19313,  91731,  20583, 142204,  80573,   7668,  83587, 128743, 143180,
         91852,  75911,  65787, 153365, 126297,  39114, 104240,  77327,   4583,
           512,  48952,  28134,  38432,  10832,  61628, 127678, 138417, 147495,
         98345,  93057,  33697, 138811, 124659, 133488,  71285,  47676,   1298,
        167767,  47649, 124811,  39955,  70652, 138116,  94425, 163083,  21820,
        133451,  73518, 132097,  23608,  13837, 125639,  40347, 163907,   5087,
          6422, 119164, 165901,   5059,  83768,  27180, 100388,  35462, 116799,
          3703,   5670,  48904,  68159, 113552, 160597,  96989],
       device='cuda:2')
tensor([     1,      2,      3,  ..., 169334, 169336, 169338], device='cuda:2')
Epoch 0, loss_inner: 3.74859, loss_target: 3.62642, homo loss: 0.20480 
acc_train_clean: 0.0089, ASR_train_attach: 0.0000, ASR_train_outter: 0.0000
Epoch 10, loss_inner: 3.01699, loss_target: 3.10112, homo loss: 0.00000 
acc_train_clean: 0.2628, ASR_train_attach: 0.0000, ASR_train_outter: 0.0000
Epoch 20, loss_inner: 2.75811, loss_target: 2.76416, homo loss: 0.00000 
acc_train_clean: 0.2798, ASR_train_attach: 0.0000, ASR_train_outter: 0.0000
Epoch 30, loss_inner: 2.45853, loss_target: 2.41572, homo loss: 0.00000 
acc_train_clean: 0.3675, ASR_train_attach: 0.2563, ASR_train_outter: 0.5908
Epoch 40, loss_inner: 2.16321, loss_target: 2.11397, homo loss: 0.00000 
acc_train_clean: 0.4418, ASR_train_attach: 0.9438, ASR_train_outter: 0.9315
Epoch 50, loss_inner: 1.91490, loss_target: 1.87439, homo loss: 0.00000 
acc_train_clean: 0.5072, ASR_train_attach: 0.9688, ASR_train_outter: 0.9494
Epoch 60, loss_inner: 1.71510, loss_target: 1.67931, homo loss: 0.00000 
acc_train_clean: 0.5463, ASR_train_attach: 1.0000, ASR_train_outter: 0.9717
Epoch 70, loss_inner: 1.56794, loss_target: 1.53838, homo loss: 0.00000 
acc_train_clean: 0.5794, ASR_train_attach: 1.0000, ASR_train_outter: 0.9688
Epoch 80, loss_inner: 1.46006, loss_target: 1.43478, homo loss: 0.00000 
acc_train_clean: 0.6002, ASR_train_attach: 1.0000, ASR_train_outter: 0.9732
Epoch 90, loss_inner: 1.38892, loss_target: 1.36710, homo loss: 0.00000 
acc_train_clean: 0.6130, ASR_train_attach: 1.0000, ASR_train_outter: 0.9821
Epoch 100, loss_inner: 1.34213, loss_target: 1.32207, homo loss: 0.00000 
acc_train_clean: 0.6223, ASR_train_attach: 1.0000, ASR_train_outter: 0.9851
Epoch 110, loss_inner: 1.30945, loss_target: 1.29045, homo loss: 0.00000 
acc_train_clean: 0.6270, ASR_train_attach: 1.0000, ASR_train_outter: 0.9866
Epoch 120, loss_inner: 1.28528, loss_target: 1.26712, homo loss: 0.00000 
acc_train_clean: 0.6311, ASR_train_attach: 1.0000, ASR_train_outter: 0.9866
Epoch 130, loss_inner: 1.26641, loss_target: 1.24881, homo loss: 0.00000 
acc_train_clean: 0.6364, ASR_train_attach: 1.0000, ASR_train_outter: 0.9866
Epoch 140, loss_inner: 1.25124, loss_target: 1.23418, homo loss: 0.00000 
acc_train_clean: 0.6395, ASR_train_attach: 1.0000, ASR_train_outter: 0.9881
Epoch 150, loss_inner: 1.23870, loss_target: 1.22199, homo loss: 0.00000 
acc_train_clean: 0.6423, ASR_train_attach: 1.0000, ASR_train_outter: 0.9896
Epoch 160, loss_inner: 1.22834, loss_target: 1.21193, homo loss: 0.00000 
acc_train_clean: 0.6451, ASR_train_attach: 1.0000, ASR_train_outter: 0.9911
Epoch 170, loss_inner: 1.21944, loss_target: 1.20325, homo loss: 0.00000 
acc_train_clean: 0.6474, ASR_train_attach: 1.0000, ASR_train_outter: 0.9911
Epoch 180, loss_inner: 1.21163, loss_target: 1.19559, homo loss: 0.00000 
acc_train_clean: 0.6490, ASR_train_attach: 1.0000, ASR_train_outter: 0.9911
Epoch 190, loss_inner: 1.20471, loss_target: 1.18889, homo loss: 0.00000 
acc_train_clean: 0.6504, ASR_train_attach: 1.0000, ASR_train_outter: 0.9926
Epoch 200, loss_inner: 1.19839, loss_target: 1.18256, homo loss: 0.00000 
acc_train_clean: 0.6524, ASR_train_attach: 1.0000, ASR_train_outter: 0.9940
Epoch 210, loss_inner: 1.19257, loss_target: 1.17685, homo loss: 0.00000 
acc_train_clean: 0.6532, ASR_train_attach: 1.0000, ASR_train_outter: 0.9940
Epoch 220, loss_inner: 1.18723, loss_target: 1.17159, homo loss: 0.00000 
acc_train_clean: 0.6549, ASR_train_attach: 1.0000, ASR_train_outter: 0.9940
Epoch 230, loss_inner: 1.18187, loss_target: 1.16619, homo loss: 0.00000 
acc_train_clean: 0.6560, ASR_train_attach: 1.0000, ASR_train_outter: 0.9940
Epoch 240, loss_inner: 1.17577, loss_target: 1.15932, homo loss: 0.00000 
acc_train_clean: 0.6573, ASR_train_attach: 1.0000, ASR_train_outter: 0.9940
Epoch 250, loss_inner: 1.16577, loss_target: 1.15067, homo loss: 0.00000 
acc_train_clean: 0.6601, ASR_train_attach: 1.0000, ASR_train_outter: 0.9940
Epoch 260, loss_inner: 1.15951, loss_target: 1.14457, homo loss: 0.00000 
acc_train_clean: 0.6614, ASR_train_attach: 1.0000, ASR_train_outter: 0.9940
Epoch 270, loss_inner: 1.15488, loss_target: 1.14048, homo loss: 0.00000 
acc_train_clean: 0.6623, ASR_train_attach: 1.0000, ASR_train_outter: 0.9926
Epoch 280, loss_inner: 1.15132, loss_target: 1.13661, homo loss: 0.00000 
acc_train_clean: 0.6635, ASR_train_attach: 1.0000, ASR_train_outter: 0.9926
Epoch 290, loss_inner: 1.14811, loss_target: 1.13332, homo loss: 0.00000 
acc_train_clean: 0.6643, ASR_train_attach: 1.0000, ASR_train_outter: 0.9940
Epoch 300, loss_inner: 1.14550, loss_target: 1.13077, homo loss: 0.00000 
acc_train_clean: 0.6642, ASR_train_attach: 1.0000, ASR_train_outter: 0.9940
Epoch 310, loss_inner: 1.14149, loss_target: 1.12692, homo loss: 0.00000 
acc_train_clean: 0.6653, ASR_train_attach: 1.0000, ASR_train_outter: 0.9940
Epoch 320, loss_inner: 1.13684, loss_target: 1.12369, homo loss: 0.00000 
acc_train_clean: 0.6672, ASR_train_attach: 1.0000, ASR_train_outter: 0.9955
Epoch 330, loss_inner: 1.13214, loss_target: 1.11778, homo loss: 0.00000 
acc_train_clean: 0.6687, ASR_train_attach: 1.0000, ASR_train_outter: 0.9940
Epoch 340, loss_inner: 1.12902, loss_target: 1.11474, homo loss: 0.00000 
acc_train_clean: 0.6695, ASR_train_attach: 1.0000, ASR_train_outter: 0.9955
Epoch 350, loss_inner: 1.12730, loss_target: 1.11292, homo loss: 0.00000 
acc_train_clean: 0.6704, ASR_train_attach: 1.0000, ASR_train_outter: 0.9955
Epoch 360, loss_inner: 1.12523, loss_target: 1.11077, homo loss: 0.00000 
acc_train_clean: 0.6705, ASR_train_attach: 1.0000, ASR_train_outter: 0.9940
Epoch 370, loss_inner: 1.12360, loss_target: 1.11112, homo loss: 0.00000 
acc_train_clean: 0.6714, ASR_train_attach: 1.0000, ASR_train_outter: 0.9940
Epoch 380, loss_inner: 1.12243, loss_target: 1.11126, homo loss: 0.00000 
acc_train_clean: 0.6714, ASR_train_attach: 1.0000, ASR_train_outter: 0.9940
Epoch 390, loss_inner: 1.12245, loss_target: 1.13085, homo loss: 0.00000 
acc_train_clean: 0.6700, ASR_train_attach: 1.0000, ASR_train_outter: 0.9940
Epoch 400, loss_inner: 1.12195, loss_target: 1.14721, homo loss: 0.00000 
acc_train_clean: 0.6714, ASR_train_attach: 1.0000, ASR_train_outter: 0.9940
Epoch 410, loss_inner: 1.17507, loss_target: 1.48445, homo loss: 0.00000 
acc_train_clean: 0.6666, ASR_train_attach: 1.0000, ASR_train_outter: 0.9911
Epoch 420, loss_inner: 1.17867, loss_target: 1.72324, homo loss: 0.00003 
acc_train_clean: 0.6567, ASR_train_attach: 1.0000, ASR_train_outter: 1.0000
Epoch 430, loss_inner: 1.15380, loss_target: 1.60287, homo loss: 0.00001 
acc_train_clean: 0.6651, ASR_train_attach: 1.0000, ASR_train_outter: 0.9970
Epoch 440, loss_inner: 1.19407, loss_target: 1.80207, homo loss: 0.00013 
acc_train_clean: 0.6575, ASR_train_attach: 1.0000, ASR_train_outter: 0.9970
Epoch 450, loss_inner: 1.27622, loss_target: 2.82721, homo loss: 0.00036 
acc_train_clean: 0.6334, ASR_train_attach: 1.0000, ASR_train_outter: 1.0000
Epoch 460, loss_inner: 1.35193, loss_target: 2.61014, homo loss: 0.00046 
acc_train_clean: 0.6293, ASR_train_attach: 1.0000, ASR_train_outter: 0.9985
Epoch 470, loss_inner: 1.35805, loss_target: 5.72520, homo loss: 0.00298 
acc_train_clean: 0.6258, ASR_train_attach: 1.0000, ASR_train_outter: 0.9985
Epoch 480, loss_inner: 1.59906, loss_target: 7.34958, homo loss: 0.00626 
acc_train_clean: 0.6156, ASR_train_attach: 1.0000, ASR_train_outter: 0.9673
Epoch 490, loss_inner: 1.54284, loss_target: 8.83035, homo loss: 0.01063 
acc_train_clean: 0.6033, ASR_train_attach: 1.0000, ASR_train_outter: 0.9985
Epoch 500, loss_inner: 1.85323, loss_target: 12.11717, homo loss: 0.01460 
acc_train_clean: 0.5398, ASR_train_attach: 1.0000, ASR_train_outter: 1.0000
Epoch 510, loss_inner: 1.96507, loss_target: 15.37175, homo loss: 0.01659 
acc_train_clean: 0.5263, ASR_train_attach: 1.0000, ASR_train_outter: 0.9985
Epoch 520, loss_inner: 2.73327, loss_target: 11.82161, homo loss: 0.01675 
acc_train_clean: 0.5454, ASR_train_attach: 1.0000, ASR_train_outter: 0.9985
Epoch 530, loss_inner: 2.12251, loss_target: 17.44659, homo loss: 0.01640 
acc_train_clean: 0.4999, ASR_train_attach: 1.0000, ASR_train_outter: 0.9985
Epoch 540, loss_inner: 2.16925, loss_target: 13.59855, homo loss: 0.01597 
acc_train_clean: 0.4918, ASR_train_attach: 1.0000, ASR_train_outter: 1.0000
Epoch 550, loss_inner: 2.06557, loss_target: 8.85389, homo loss: 0.01461 
acc_train_clean: 0.5364, ASR_train_attach: 1.0000, ASR_train_outter: 1.0000
Epoch 560, loss_inner: 1.88718, loss_target: 14.73417, homo loss: 0.01396 
acc_train_clean: 0.5426, ASR_train_attach: 1.0000, ASR_train_outter: 0.9985
Epoch 570, loss_inner: 1.96516, loss_target: 11.63136, homo loss: 0.00937 
acc_train_clean: 0.5554, ASR_train_attach: 1.0000, ASR_train_outter: 0.9985
Epoch 580, loss_inner: 1.78081, loss_target: 16.60914, homo loss: 0.00695 
acc_train_clean: 0.5783, ASR_train_attach: 1.0000, ASR_train_outter: 0.9985
Epoch 590, loss_inner: 1.93799, loss_target: 19.18121, homo loss: 0.00680 
acc_train_clean: 0.5852, ASR_train_attach: 1.0000, ASR_train_outter: 0.9985
Epoch 600, loss_inner: 1.90440, loss_target: 30.21587, homo loss: 0.00707 
acc_train_clean: 0.5882, ASR_train_attach: 1.0000, ASR_train_outter: 0.9673
Epoch 610, loss_inner: 2.09865, loss_target: 31.27243, homo loss: 0.00488 
acc_train_clean: 0.6085, ASR_train_attach: 1.0000, ASR_train_outter: 0.9985
Epoch 620, loss_inner: 1.70215, loss_target: 19.73866, homo loss: 0.00312 
acc_train_clean: 0.6174, ASR_train_attach: 1.0000, ASR_train_outter: 1.0000
Epoch 630, loss_inner: 1.71028, loss_target: 14.48714, homo loss: 0.00221 
acc_train_clean: 0.6232, ASR_train_attach: 1.0000, ASR_train_outter: 1.0000
Epoch 640, loss_inner: 1.54734, loss_target: 13.81135, homo loss: 0.00150 
acc_train_clean: 0.6288, ASR_train_attach: 1.0000, ASR_train_outter: 1.0000
Epoch 650, loss_inner: 1.49020, loss_target: 15.11446, homo loss: 0.00109 
acc_train_clean: 0.6327, ASR_train_attach: 1.0000, ASR_train_outter: 1.0000
Epoch 660, loss_inner: 1.45950, loss_target: 10.02711, homo loss: 0.00078 
acc_train_clean: 0.6369, ASR_train_attach: 1.0000, ASR_train_outter: 1.0000
Epoch 670, loss_inner: 1.34397, loss_target: 6.17648, homo loss: 0.00064 
acc_train_clean: 0.6390, ASR_train_attach: 1.0000, ASR_train_outter: 1.0000
Epoch 680, loss_inner: 1.31370, loss_target: 1.22439, homo loss: 0.00045 
acc_train_clean: 0.6359, ASR_train_attach: 1.0000, ASR_train_outter: 1.0000
Epoch 690, loss_inner: 1.24041, loss_target: 1.22280, homo loss: 0.00038 
acc_train_clean: 0.6393, ASR_train_attach: 1.0000, ASR_train_outter: 1.0000
Epoch 700, loss_inner: 1.23021, loss_target: 1.21215, homo loss: 0.00036 
acc_train_clean: 0.6428, ASR_train_attach: 1.0000, ASR_train_outter: 1.0000
Epoch 710, loss_inner: 1.22133, loss_target: 1.20410, homo loss: 0.00035 
acc_train_clean: 0.6452, ASR_train_attach: 1.0000, ASR_train_outter: 1.0000
Epoch 720, loss_inner: 1.21548, loss_target: 1.19841, homo loss: 0.00034 
acc_train_clean: 0.6462, ASR_train_attach: 1.0000, ASR_train_outter: 1.0000
Epoch 730, loss_inner: 1.21088, loss_target: 1.19397, homo loss: 0.00033 
acc_train_clean: 0.6480, ASR_train_attach: 1.0000, ASR_train_outter: 1.0000
Epoch 740, loss_inner: 1.20715, loss_target: 1.19038, homo loss: 0.00032 
acc_train_clean: 0.6486, ASR_train_attach: 1.0000, ASR_train_outter: 1.0000
Epoch 750, loss_inner: 1.20393, loss_target: 1.18724, homo loss: 0.00031 
acc_train_clean: 0.6491, ASR_train_attach: 1.0000, ASR_train_outter: 1.0000
Epoch 760, loss_inner: 1.20104, loss_target: 1.18443, homo loss: 0.00031 
acc_train_clean: 0.6500, ASR_train_attach: 1.0000, ASR_train_outter: 1.0000
Epoch 770, loss_inner: 1.19828, loss_target: 1.18178, homo loss: 0.00030 
acc_train_clean: 0.6505, ASR_train_attach: 1.0000, ASR_train_outter: 1.0000
Epoch 780, loss_inner: 1.19540, loss_target: 1.17910, homo loss: 0.00029 
acc_train_clean: 0.6508, ASR_train_attach: 1.0000, ASR_train_outter: 1.0000
Epoch 790, loss_inner: 1.19189, loss_target: 1.17532, homo loss: 0.00029 
acc_train_clean: 0.6512, ASR_train_attach: 1.0000, ASR_train_outter: 1.0000
load best weight based on the loss outter
precent of left attach nodes: 1.000
Namespace(cuda=True, dataset='ogbn-arxiv', debug=True, defense_mode='prune', device_id=2, dis_weight=0.0, dropout=0.5, epochs=800, evaluate_mode='1by1', hidden=32, homo_boost_thrd=0.2, homo_loss_weight=100.0, inner=1, lr=0.01, model='GCN', no_cuda=False, prune_thr=0.8, seed=265, selection_method='cluster_degree', target_class=0, target_loss_weight=1, test_model='GCN', thrd=0.5, train_lr=0.01, trigger_size=3, trojan_epochs=800, use_vs_number=True, vs_number=160, vs_ratio=0, weight_decay=0.0005)
target class rate on Vs: 0.0000
accuracy on clean test nodes: 0.6375
Overall ASR: 0.0000
Flip ASR: 0.0000/16875 nodes
Namespace(cuda=True, dataset='ogbn-arxiv', debug=True, defense_mode='prune', device_id=2, dis_weight=0.0, dropout=0.5, epochs=800, evaluate_mode='1by1', hidden=32, homo_boost_thrd=0.2, homo_loss_weight=100.0, inner=1, lr=0.01, model='GCN', no_cuda=False, prune_thr=0.8, seed=125, selection_method='cluster_degree', target_class=0, target_loss_weight=1, test_model='GCN', thrd=0.5, train_lr=0.01, trigger_size=3, trojan_epochs=800, use_vs_number=True, vs_number=160, vs_ratio=0, weight_decay=0.0005)
target class rate on Vs: 0.0000
accuracy on clean test nodes: 0.6366
Overall ASR: 0.0000
Flip ASR: 0.0000/16875 nodes
Namespace(cuda=True, dataset='ogbn-arxiv', debug=True, defense_mode='prune', device_id=2, dis_weight=0.0, dropout=0.5, epochs=800, evaluate_mode='1by1', hidden=32, homo_boost_thrd=0.2, homo_loss_weight=100.0, inner=1, lr=0.01, model='GCN', no_cuda=False, prune_thr=0.8, seed=996, selection_method='cluster_degree', target_class=0, target_loss_weight=1, test_model='GCN', thrd=0.5, train_lr=0.01, trigger_size=3, trojan_epochs=800, use_vs_number=True, vs_number=160, vs_ratio=0, weight_decay=0.0005)
target class rate on Vs: 0.0000
accuracy on clean test nodes: 0.6431
Overall ASR: 0.0000
Flip ASR: 0.0000/16875 nodes
Namespace(cuda=True, dataset='ogbn-arxiv', debug=True, defense_mode='prune', device_id=2, dis_weight=0.0, dropout=0.5, epochs=800, evaluate_mode='1by1', hidden=32, homo_boost_thrd=0.2, homo_loss_weight=100.0, inner=1, lr=0.01, model='GCN', no_cuda=False, prune_thr=0.8, seed=527, selection_method='cluster_degree', target_class=0, target_loss_weight=1, test_model='GCN', thrd=0.5, train_lr=0.01, trigger_size=3, trojan_epochs=800, use_vs_number=True, vs_number=160, vs_ratio=0, weight_decay=0.0005)
target class rate on Vs: 0.0000
accuracy on clean test nodes: 0.6379
Overall ASR: 0.0000
Flip ASR: 0.0000/16875 nodes
Namespace(cuda=True, dataset='ogbn-arxiv', debug=True, defense_mode='prune', device_id=2, dis_weight=0.0, dropout=0.5, epochs=800, evaluate_mode='1by1', hidden=32, homo_boost_thrd=0.2, homo_loss_weight=100.0, inner=1, lr=0.01, model='GCN', no_cuda=False, prune_thr=0.8, seed=320, selection_method='cluster_degree', target_class=0, target_loss_weight=1, test_model='GCN', thrd=0.5, train_lr=0.01, trigger_size=3, trojan_epochs=800, use_vs_number=True, vs_number=160, vs_ratio=0, weight_decay=0.0005)
target class rate on Vs: 0.0000
accuracy on clean test nodes: 0.6329
Overall ASR: 0.0000
Flip ASR: 0.0000/16875 nodes
Overall ASR: 0.0000 (GCN model, Seed: 320)
Overall Clean Accuracy: 0.6376
Namespace(cuda=True, dataset='ogbn-arxiv', debug=True, defense_mode='prune', device_id=2, dis_weight=0.0, dropout=0.5, epochs=800, evaluate_mode='1by1', hidden=32, homo_boost_thrd=0.2, homo_loss_weight=100.0, inner=1, lr=0.01, model='GCN', no_cuda=False, prune_thr=0.8, seed=781, selection_method='cluster_degree', target_class=0, target_loss_weight=1, test_model='GAT', thrd=0.5, train_lr=0.01, trigger_size=3, trojan_epochs=800, use_vs_number=True, vs_number=160, vs_ratio=0, weight_decay=0.0005)
/home/project-graph-backdoor/Backdoor/models/GAT.py:61: UserWarning: To copy construct from a tensor, it is recommended to use sourceTensor.clone().detach() or sourceTensor.clone().detach().requires_grad_(True), rather than torch.tensor(sourceTensor).
  self.labels = torch.tensor(labels, dtype=torch.long)
target class rate on Vs: 0.0000
accuracy on clean test nodes: 0.6345
Overall ASR: 0.0000
Flip ASR: 0.0000/16875 nodes
Namespace(cuda=True, dataset='ogbn-arxiv', debug=True, defense_mode='prune', device_id=2, dis_weight=0.0, dropout=0.5, epochs=800, evaluate_mode='1by1', hidden=32, homo_boost_thrd=0.2, homo_loss_weight=100.0, inner=1, lr=0.01, model='GCN', no_cuda=False, prune_thr=0.8, seed=706, selection_method='cluster_degree', target_class=0, target_loss_weight=1, test_model='GAT', thrd=0.5, train_lr=0.01, trigger_size=3, trojan_epochs=800, use_vs_number=True, vs_number=160, vs_ratio=0, weight_decay=0.0005)
target class rate on Vs: 0.0000
accuracy on clean test nodes: 0.6344
Overall ASR: 0.0000
Flip ASR: 0.0000/16875 nodes
Namespace(cuda=True, dataset='ogbn-arxiv', debug=True, defense_mode='prune', device_id=2, dis_weight=0.0, dropout=0.5, epochs=800, evaluate_mode='1by1', hidden=32, homo_boost_thrd=0.2, homo_loss_weight=100.0, inner=1, lr=0.01, model='GCN', no_cuda=False, prune_thr=0.8, seed=778, selection_method='cluster_degree', target_class=0, target_loss_weight=1, test_model='GAT', thrd=0.5, train_lr=0.01, trigger_size=3, trojan_epochs=800, use_vs_number=True, vs_number=160, vs_ratio=0, weight_decay=0.0005)
target class rate on Vs: 0.0000
accuracy on clean test nodes: 0.6313
Overall ASR: 0.0000
Flip ASR: 0.0000/16875 nodes
Namespace(cuda=True, dataset='ogbn-arxiv', debug=True, defense_mode='prune', device_id=2, dis_weight=0.0, dropout=0.5, epochs=800, evaluate_mode='1by1', hidden=32, homo_boost_thrd=0.2, homo_loss_weight=100.0, inner=1, lr=0.01, model='GCN', no_cuda=False, prune_thr=0.8, seed=604, selection_method='cluster_degree', target_class=0, target_loss_weight=1, test_model='GAT', thrd=0.5, train_lr=0.01, trigger_size=3, trojan_epochs=800, use_vs_number=True, vs_number=160, vs_ratio=0, weight_decay=0.0005)
target class rate on Vs: 0.0000
accuracy on clean test nodes: 0.6331
Overall ASR: 0.0000
Flip ASR: 0.0000/16875 nodes
Namespace(cuda=True, dataset='ogbn-arxiv', debug=True, defense_mode='prune', device_id=2, dis_weight=0.0, dropout=0.5, epochs=800, evaluate_mode='1by1', hidden=32, homo_boost_thrd=0.2, homo_loss_weight=100.0, inner=1, lr=0.01, model='GCN', no_cuda=False, prune_thr=0.8, seed=133, selection_method='cluster_degree', target_class=0, target_loss_weight=1, test_model='GAT', thrd=0.5, train_lr=0.01, trigger_size=3, trojan_epochs=800, use_vs_number=True, vs_number=160, vs_ratio=0, weight_decay=0.0005)
target class rate on Vs: 0.0000
accuracy on clean test nodes: 0.6322
Overall ASR: 0.0000
Flip ASR: 0.0000/16875 nodes
Overall ASR: 0.0000 (GAT model, Seed: 133)
Overall Clean Accuracy: 0.6331
Namespace(cuda=True, dataset='ogbn-arxiv', debug=True, defense_mode='prune', device_id=2, dis_weight=0.0, dropout=0.5, epochs=800, evaluate_mode='1by1', hidden=32, homo_boost_thrd=0.2, homo_loss_weight=100.0, inner=1, lr=0.01, model='GCN', no_cuda=False, prune_thr=0.8, seed=673, selection_method='cluster_degree', target_class=0, target_loss_weight=1, test_model='GraphSage', thrd=0.5, train_lr=0.01, trigger_size=3, trojan_epochs=800, use_vs_number=True, vs_number=160, vs_ratio=0, weight_decay=0.0005)
target class rate on Vs: 0.0000
accuracy on clean test nodes: 0.6407
Overall ASR: 0.0000
Flip ASR: 0.0000/16875 nodes
Namespace(cuda=True, dataset='ogbn-arxiv', debug=True, defense_mode='prune', device_id=2, dis_weight=0.0, dropout=0.5, epochs=800, evaluate_mode='1by1', hidden=32, homo_boost_thrd=0.2, homo_loss_weight=100.0, inner=1, lr=0.01, model='GCN', no_cuda=False, prune_thr=0.8, seed=904, selection_method='cluster_degree', target_class=0, target_loss_weight=1, test_model='GraphSage', thrd=0.5, train_lr=0.01, trigger_size=3, trojan_epochs=800, use_vs_number=True, vs_number=160, vs_ratio=0, weight_decay=0.0005)
target class rate on Vs: 0.0000
accuracy on clean test nodes: 0.6439
Overall ASR: 0.0000
Flip ASR: 0.0000/16875 nodes
Namespace(cuda=True, dataset='ogbn-arxiv', debug=True, defense_mode='prune', device_id=2, dis_weight=0.0, dropout=0.5, epochs=800, evaluate_mode='1by1', hidden=32, homo_boost_thrd=0.2, homo_loss_weight=100.0, inner=1, lr=0.01, model='GCN', no_cuda=False, prune_thr=0.8, seed=56, selection_method='cluster_degree', target_class=0, target_loss_weight=1, test_model='GraphSage', thrd=0.5, train_lr=0.01, trigger_size=3, trojan_epochs=800, use_vs_number=True, vs_number=160, vs_ratio=0, weight_decay=0.0005)
target class rate on Vs: 0.0000
accuracy on clean test nodes: 0.6477
Overall ASR: 0.0000
Flip ASR: 0.0000/16875 nodes
Namespace(cuda=True, dataset='ogbn-arxiv', debug=True, defense_mode='prune', device_id=2, dis_weight=0.0, dropout=0.5, epochs=800, evaluate_mode='1by1', hidden=32, homo_boost_thrd=0.2, homo_loss_weight=100.0, inner=1, lr=0.01, model='GCN', no_cuda=False, prune_thr=0.8, seed=1, selection_method='cluster_degree', target_class=0, target_loss_weight=1, test_model='GraphSage', thrd=0.5, train_lr=0.01, trigger_size=3, trojan_epochs=800, use_vs_number=True, vs_number=160, vs_ratio=0, weight_decay=0.0005)
target class rate on Vs: 0.0000
accuracy on clean test nodes: 0.6478
Overall ASR: 0.0002
Flip ASR: 0.0001/16875 nodes
Namespace(cuda=True, dataset='ogbn-arxiv', debug=True, defense_mode='prune', device_id=2, dis_weight=0.0, dropout=0.5, epochs=800, evaluate_mode='1by1', hidden=32, homo_boost_thrd=0.2, homo_loss_weight=100.0, inner=1, lr=0.01, model='GCN', no_cuda=False, prune_thr=0.8, seed=694, selection_method='cluster_degree', target_class=0, target_loss_weight=1, test_model='GraphSage', thrd=0.5, train_lr=0.01, trigger_size=3, trojan_epochs=800, use_vs_number=True, vs_number=160, vs_ratio=0, weight_decay=0.0005)
target class rate on Vs: 0.0000
accuracy on clean test nodes: 0.6442
Overall ASR: 0.0000
Flip ASR: 0.0000/16875 nodes
Overall ASR: 0.0000 (GraphSage model, Seed: 694)
Overall Clean Accuracy: 0.6449
Total Overall ASR: 0.0000 
Total Clean Accuracy: 0.6385
