nohup: ignoring input
run_adaptive.py:8: DeprecationWarning: the imp module is deprecated in favour of importlib; see the module's documentation for alternative uses
  import imp
Namespace(cuda=True, dataset='ogbn-arxiv', debug=True, defense_mode='none', device_id=0, dis_weight=0.0, dropout=0.5, epochs=800, evaluate_mode='1by1', hidden=32, homo_boost_thrd=0.2, homo_loss_weight=100.0, inner=1, lr=0.01, model='GCN', no_cuda=False, prune_thr=0.8, seed=10, selection_method='cluster_degree', target_class=0, target_loss_weight=1, test_model='GCN', thrd=0.5, train_lr=0.01, trigger_size=3, trojan_epochs=800, use_vs_number=True, vs_number=160, vs_ratio=0, weight_decay=0.0005)
#Attach Nodes:160
./selected_nodes/ogbn-arxiv/Overall/seed10/nodes.txt
idx_attach: tensor([132437, 159342, 115859,  11103, 127522,  67544,  82569, 161886,  62976,
         13773,  68963, 144203,  19681,    750, 156733,  86828,  18909,  82685,
         81700, 164714, 103734,  65352,  47692,  14294, 153213,  78523,   1385,
         50714, 156839, 144199,  88403,  58221,  56228,  88511,  12909, 156645,
         93340, 136107,  80139,    622,   1438,   7666, 133129, 127534, 106596,
        102712,   4269,  55140, 125068, 152827, 135150,  23527,   3609,   6462,
        121168, 152542,   6165, 126338,  90948,  77520,  47397, 106658,  68636,
        109074,  69509, 138501,  13873,  20117,  83448,   3102, 143264,  91042,
         54237,  58770, 165138, 126351,  55671,  99141,  13704, 136218,  16458,
         43368, 146276,  31105, 112018,  77110, 104399,  46245, 147007,   5821,
         19313,  91731,  20583, 142204,  80573,   7668,  83587, 128743, 143180,
         91852,  75911,  65787, 153365, 126297,  39114, 104240,  77327,   4583,
           512,  48952,  28134,  38432,  10832,  61628, 127678, 138417, 147495,
         98345,  93057,  33697, 138811, 124659, 133488,  71285,  47676,   1298,
        167767,  47649, 124811,  39955,  70652, 138116,  94425, 163083,  21820,
        133451,  73518, 132097,  23608,  13837, 125639,  40347, 163907,   5087,
          6422, 119164, 165901,   5059,  83768,  27180, 100388,  35462, 116799,
          3703,   5670,  48904,  68159, 113552, 160597,  96989],
       device='cuda:0')
tensor([     1,      2,      3,  ..., 169334, 169336, 169338], device='cuda:0')
Epoch 0, loss_inner: 3.74859, loss_target: 3.62642, homo loss: 0.20480 
acc_train_clean: 0.0089, ASR_train_attach: 0.0000, ASR_train_outter: 0.0000
Epoch 10, loss_inner: 3.01699, loss_target: 3.10112, homo loss: 0.00000 
acc_train_clean: 0.2628, ASR_train_attach: 0.0000, ASR_train_outter: 0.0000
Epoch 20, loss_inner: 2.75811, loss_target: 2.76416, homo loss: 0.00000 
acc_train_clean: 0.2798, ASR_train_attach: 0.0000, ASR_train_outter: 0.0000
Epoch 30, loss_inner: 2.45853, loss_target: 2.41572, homo loss: 0.00000 
acc_train_clean: 0.3675, ASR_train_attach: 0.2563, ASR_train_outter: 0.5908
Epoch 40, loss_inner: 2.16321, loss_target: 2.11397, homo loss: 0.00000 
acc_train_clean: 0.4418, ASR_train_attach: 0.9438, ASR_train_outter: 0.9315
Epoch 50, loss_inner: 1.91490, loss_target: 1.87439, homo loss: 0.00000 
acc_train_clean: 0.5072, ASR_train_attach: 0.9688, ASR_train_outter: 0.9494
Epoch 60, loss_inner: 1.71510, loss_target: 1.67931, homo loss: 0.00000 
acc_train_clean: 0.5463, ASR_train_attach: 1.0000, ASR_train_outter: 0.9717
Epoch 70, loss_inner: 1.56794, loss_target: 1.53838, homo loss: 0.00000 
acc_train_clean: 0.5794, ASR_train_attach: 1.0000, ASR_train_outter: 0.9688
Epoch 80, loss_inner: 1.46006, loss_target: 1.43479, homo loss: 0.00000 
acc_train_clean: 0.6002, ASR_train_attach: 1.0000, ASR_train_outter: 0.9732
Epoch 90, loss_inner: 1.38892, loss_target: 1.36710, homo loss: 0.00000 
acc_train_clean: 0.6130, ASR_train_attach: 1.0000, ASR_train_outter: 0.9821
Epoch 100, loss_inner: 1.34212, loss_target: 1.32206, homo loss: 0.00000 
acc_train_clean: 0.6223, ASR_train_attach: 1.0000, ASR_train_outter: 0.9851
Epoch 110, loss_inner: 1.30944, loss_target: 1.29044, homo loss: 0.00000 
acc_train_clean: 0.6270, ASR_train_attach: 1.0000, ASR_train_outter: 0.9866
Epoch 120, loss_inner: 1.28526, loss_target: 1.26710, homo loss: 0.00000 
acc_train_clean: 0.6312, ASR_train_attach: 1.0000, ASR_train_outter: 0.9866
Epoch 130, loss_inner: 1.26639, loss_target: 1.24879, homo loss: 0.00000 
acc_train_clean: 0.6364, ASR_train_attach: 1.0000, ASR_train_outter: 0.9866
Epoch 140, loss_inner: 1.25128, loss_target: 1.23423, homo loss: 0.00000 
acc_train_clean: 0.6396, ASR_train_attach: 1.0000, ASR_train_outter: 0.9881
Epoch 150, loss_inner: 1.23868, loss_target: 1.22198, homo loss: 0.00000 
acc_train_clean: 0.6425, ASR_train_attach: 1.0000, ASR_train_outter: 0.9896
Epoch 160, loss_inner: 1.22831, loss_target: 1.21190, homo loss: 0.00000 
acc_train_clean: 0.6449, ASR_train_attach: 1.0000, ASR_train_outter: 0.9911
Epoch 170, loss_inner: 1.21938, loss_target: 1.20320, homo loss: 0.00000 
acc_train_clean: 0.6474, ASR_train_attach: 1.0000, ASR_train_outter: 0.9911
Epoch 180, loss_inner: 1.21164, loss_target: 1.19560, homo loss: 0.00000 
acc_train_clean: 0.6488, ASR_train_attach: 1.0000, ASR_train_outter: 0.9911
Epoch 190, loss_inner: 1.20463, loss_target: 1.18870, homo loss: 0.00000 
acc_train_clean: 0.6508, ASR_train_attach: 1.0000, ASR_train_outter: 0.9940
Epoch 200, loss_inner: 1.19824, loss_target: 1.18239, homo loss: 0.00000 
acc_train_clean: 0.6523, ASR_train_attach: 1.0000, ASR_train_outter: 0.9940
Epoch 210, loss_inner: 1.19160, loss_target: 1.17582, homo loss: 0.00000 
acc_train_clean: 0.6539, ASR_train_attach: 1.0000, ASR_train_outter: 0.9940
Epoch 220, loss_inner: 1.18229, loss_target: 1.16603, homo loss: 0.00000 
acc_train_clean: 0.6568, ASR_train_attach: 1.0000, ASR_train_outter: 0.9926
Epoch 230, loss_inner: 1.17258, loss_target: 1.15725, homo loss: 0.00000 
acc_train_clean: 0.6579, ASR_train_attach: 1.0000, ASR_train_outter: 0.9926
Epoch 240, loss_inner: 1.16614, loss_target: 1.15092, homo loss: 0.00000 
acc_train_clean: 0.6602, ASR_train_attach: 1.0000, ASR_train_outter: 0.9940
Epoch 250, loss_inner: 1.16158, loss_target: 1.14661, homo loss: 0.00000 
acc_train_clean: 0.6613, ASR_train_attach: 1.0000, ASR_train_outter: 0.9926
Epoch 260, loss_inner: 1.15815, loss_target: 1.14317, homo loss: 0.00000 
acc_train_clean: 0.6614, ASR_train_attach: 1.0000, ASR_train_outter: 0.9940
Epoch 270, loss_inner: 1.15460, loss_target: 1.14021, homo loss: 0.00000 
acc_train_clean: 0.6627, ASR_train_attach: 1.0000, ASR_train_outter: 0.9926
Epoch 280, loss_inner: 1.15150, loss_target: 1.13713, homo loss: 0.00000 
acc_train_clean: 0.6630, ASR_train_attach: 1.0000, ASR_train_outter: 0.9940
Epoch 290, loss_inner: 1.14835, loss_target: 1.13383, homo loss: 0.00000 
acc_train_clean: 0.6638, ASR_train_attach: 1.0000, ASR_train_outter: 0.9955
Epoch 300, loss_inner: 1.14561, loss_target: 1.13172, homo loss: 0.00000 
acc_train_clean: 0.6645, ASR_train_attach: 1.0000, ASR_train_outter: 0.9955
Epoch 310, loss_inner: 1.14309, loss_target: 1.13000, homo loss: 0.00000 
acc_train_clean: 0.6648, ASR_train_attach: 1.0000, ASR_train_outter: 0.9926
Epoch 320, loss_inner: 1.13827, loss_target: 1.12654, homo loss: 0.00000 
acc_train_clean: 0.6663, ASR_train_attach: 1.0000, ASR_train_outter: 0.9955
Epoch 330, loss_inner: 1.14078, loss_target: 1.30178, homo loss: 0.00008 
acc_train_clean: 0.6671, ASR_train_attach: 1.0000, ASR_train_outter: 0.9955
Epoch 340, loss_inner: 1.13698, loss_target: 1.36359, homo loss: 0.00010 
acc_train_clean: 0.6683, ASR_train_attach: 1.0000, ASR_train_outter: 0.9896
Epoch 350, loss_inner: 1.13435, loss_target: 1.37661, homo loss: 0.00007 
acc_train_clean: 0.6688, ASR_train_attach: 1.0000, ASR_train_outter: 0.9955
Epoch 360, loss_inner: 1.13201, loss_target: 1.38080, homo loss: 0.00005 
acc_train_clean: 0.6682, ASR_train_attach: 1.0000, ASR_train_outter: 0.9955
Epoch 370, loss_inner: 1.15676, loss_target: 1.43840, homo loss: 0.00003 
acc_train_clean: 0.6648, ASR_train_attach: 1.0000, ASR_train_outter: 0.9970
Epoch 380, loss_inner: 1.20260, loss_target: 1.79868, homo loss: 0.00007 
acc_train_clean: 0.6545, ASR_train_attach: 1.0000, ASR_train_outter: 0.9985
Epoch 390, loss_inner: 1.31420, loss_target: 2.20009, homo loss: 0.00046 
acc_train_clean: 0.6304, ASR_train_attach: 1.0000, ASR_train_outter: 1.0000
Epoch 400, loss_inner: 1.24922, loss_target: 2.77233, homo loss: 0.00083 
acc_train_clean: 0.6410, ASR_train_attach: 1.0000, ASR_train_outter: 0.9985
Epoch 410, loss_inner: 1.27496, loss_target: 2.63499, homo loss: 0.00138 
acc_train_clean: 0.6423, ASR_train_attach: 1.0000, ASR_train_outter: 0.9985
Epoch 420, loss_inner: 1.33597, loss_target: 3.88678, homo loss: 0.00243 
acc_train_clean: 0.6363, ASR_train_attach: 1.0000, ASR_train_outter: 1.0000
Epoch 430, loss_inner: 1.36474, loss_target: 5.14422, homo loss: 0.00271 
acc_train_clean: 0.6302, ASR_train_attach: 1.0000, ASR_train_outter: 0.9985
Epoch 440, loss_inner: 1.43405, loss_target: 9.69915, homo loss: 0.00302 
acc_train_clean: 0.6297, ASR_train_attach: 1.0000, ASR_train_outter: 0.9673
Epoch 450, loss_inner: 1.79998, loss_target: 10.25254, homo loss: 0.00574 
acc_train_clean: 0.5912, ASR_train_attach: 1.0000, ASR_train_outter: 1.0000
Epoch 460, loss_inner: 1.95751, loss_target: 21.88983, homo loss: 0.00916 
acc_train_clean: 0.5222, ASR_train_attach: 1.0000, ASR_train_outter: 1.0000
Epoch 470, loss_inner: 2.52567, loss_target: 21.53429, homo loss: 0.01301 
acc_train_clean: 0.4761, ASR_train_attach: 1.0000, ASR_train_outter: 0.9985
Epoch 480, loss_inner: 2.99867, loss_target: 32.37943, homo loss: 0.01934 
acc_train_clean: 0.4979, ASR_train_attach: 1.0000, ASR_train_outter: 0.9985
Epoch 490, loss_inner: 2.47686, loss_target: 41.44154, homo loss: 0.02082 
acc_train_clean: 0.5374, ASR_train_attach: 1.0000, ASR_train_outter: 0.9985
Epoch 500, loss_inner: 2.35720, loss_target: 43.58215, homo loss: 0.01726 
acc_train_clean: 0.5880, ASR_train_attach: 1.0000, ASR_train_outter: 1.0000
Epoch 510, loss_inner: 2.63133, loss_target: 43.90700, homo loss: 0.01270 
acc_train_clean: 0.6031, ASR_train_attach: 1.0000, ASR_train_outter: 1.0000
Epoch 520, loss_inner: 3.12444, loss_target: 48.35384, homo loss: 0.00827 
acc_train_clean: 0.6059, ASR_train_attach: 1.0000, ASR_train_outter: 1.0000
Epoch 530, loss_inner: 2.40703, loss_target: 42.45343, homo loss: 0.00514 
acc_train_clean: 0.5950, ASR_train_attach: 1.0000, ASR_train_outter: 1.0000
Epoch 540, loss_inner: 2.00523, loss_target: 43.42661, homo loss: 0.00378 
acc_train_clean: 0.5830, ASR_train_attach: 1.0000, ASR_train_outter: 1.0000
Epoch 550, loss_inner: 2.44200, loss_target: 48.90340, homo loss: 0.00388 
acc_train_clean: 0.5565, ASR_train_attach: 1.0000, ASR_train_outter: 0.9985
Epoch 560, loss_inner: 3.27411, loss_target: 56.11738, homo loss: 0.00672 
acc_train_clean: 0.5792, ASR_train_attach: 1.0000, ASR_train_outter: 1.0000
Epoch 570, loss_inner: 4.09188, loss_target: 70.41318, homo loss: 0.00919 
acc_train_clean: 0.5911, ASR_train_attach: 1.0000, ASR_train_outter: 1.0000
Epoch 580, loss_inner: 2.82299, loss_target: 63.77480, homo loss: 0.01025 
acc_train_clean: 0.6047, ASR_train_attach: 1.0000, ASR_train_outter: 1.0000
Epoch 590, loss_inner: 2.14900, loss_target: 85.13338, homo loss: 0.01010 
acc_train_clean: 0.6105, ASR_train_attach: 1.0000, ASR_train_outter: 0.7232
Epoch 600, loss_inner: 3.07444, loss_target: 56.68625, homo loss: 0.01478 
acc_train_clean: 0.6084, ASR_train_attach: 1.0000, ASR_train_outter: 0.9985
Epoch 610, loss_inner: 4.52662, loss_target: 75.49917, homo loss: 0.02183 
acc_train_clean: 0.5906, ASR_train_attach: 1.0000, ASR_train_outter: 0.9673
Epoch 620, loss_inner: 2.78924, loss_target: 105.32055, homo loss: 0.02717 
acc_train_clean: 0.5718, ASR_train_attach: 1.0000, ASR_train_outter: 0.2039
Epoch 630, loss_inner: 2.00539, loss_target: 36.05091, homo loss: 0.03830 
acc_train_clean: 0.5758, ASR_train_attach: 1.0000, ASR_train_outter: 1.0000
Epoch 640, loss_inner: 2.20333, loss_target: 39.17066, homo loss: 0.04294 
acc_train_clean: 0.5758, ASR_train_attach: 1.0000, ASR_train_outter: 1.0000
Epoch 650, loss_inner: 2.16872, loss_target: 41.81097, homo loss: 0.04423 
acc_train_clean: 0.5773, ASR_train_attach: 1.0000, ASR_train_outter: 0.9985
Epoch 660, loss_inner: 2.68673, loss_target: 42.51814, homo loss: 0.04480 
acc_train_clean: 0.5709, ASR_train_attach: 1.0000, ASR_train_outter: 1.0000
Epoch 670, loss_inner: 2.70749, loss_target: 72.43796, homo loss: 0.04464 
acc_train_clean: 0.5674, ASR_train_attach: 1.0000, ASR_train_outter: 0.7232
Epoch 680, loss_inner: 2.18454, loss_target: 37.69024, homo loss: 0.04639 
acc_train_clean: 0.5747, ASR_train_attach: 1.0000, ASR_train_outter: 0.9985
Epoch 690, loss_inner: 2.33753, loss_target: 40.27392, homo loss: 0.04364 
acc_train_clean: 0.5845, ASR_train_attach: 1.0000, ASR_train_outter: 0.9985
Epoch 700, loss_inner: 2.22392, loss_target: 42.19317, homo loss: 0.03848 
acc_train_clean: 0.5880, ASR_train_attach: 1.0000, ASR_train_outter: 1.0000
Epoch 710, loss_inner: 2.52122, loss_target: 34.94649, homo loss: 0.03250 
acc_train_clean: 0.5884, ASR_train_attach: 1.0000, ASR_train_outter: 0.9985
Epoch 720, loss_inner: 2.70062, loss_target: 47.08765, homo loss: 0.03093 
acc_train_clean: 0.5932, ASR_train_attach: 1.0000, ASR_train_outter: 1.0000
Epoch 730, loss_inner: 1.79265, loss_target: 34.35972, homo loss: 0.02880 
acc_train_clean: 0.5917, ASR_train_attach: 1.0000, ASR_train_outter: 0.9673
Epoch 740, loss_inner: 2.12607, loss_target: 33.28345, homo loss: 0.02126 
acc_train_clean: 0.6024, ASR_train_attach: 1.0000, ASR_train_outter: 1.0000
Epoch 750, loss_inner: 1.95475, loss_target: 29.21497, homo loss: 0.01645 
acc_train_clean: 0.5974, ASR_train_attach: 1.0000, ASR_train_outter: 1.0000
Epoch 760, loss_inner: 1.91496, loss_target: 30.63704, homo loss: 0.01425 
acc_train_clean: 0.6055, ASR_train_attach: 1.0000, ASR_train_outter: 1.0000
Epoch 770, loss_inner: 1.66716, loss_target: 29.67510, homo loss: 0.01277 
acc_train_clean: 0.6017, ASR_train_attach: 1.0000, ASR_train_outter: 1.0000
Epoch 780, loss_inner: 1.65775, loss_target: 32.30572, homo loss: 0.01161 
acc_train_clean: 0.6048, ASR_train_attach: 1.0000, ASR_train_outter: 1.0000
Epoch 790, loss_inner: 1.50495, loss_target: 35.18377, homo loss: 0.01161 
acc_train_clean: 0.6021, ASR_train_attach: 1.0000, ASR_train_outter: 1.0000
load best weight based on the loss outter
precent of left attach nodes: 1.000
Namespace(cuda=True, dataset='ogbn-arxiv', debug=True, defense_mode='none', device_id=0, dis_weight=0.0, dropout=0.5, epochs=800, evaluate_mode='1by1', hidden=32, homo_boost_thrd=0.2, homo_loss_weight=100.0, inner=1, lr=0.01, model='GCN', no_cuda=False, prune_thr=0.8, seed=265, selection_method='cluster_degree', target_class=0, target_loss_weight=1, test_model='GCN', thrd=0.5, train_lr=0.01, trigger_size=3, trojan_epochs=800, use_vs_number=True, vs_number=160, vs_ratio=0, weight_decay=0.0005)
target class rate on Vs: 1.0000
accuracy on clean test nodes: 0.6564
Overall ASR: 0.9969
Flip ASR: 0.9969/16875 nodes
Namespace(cuda=True, dataset='ogbn-arxiv', debug=True, defense_mode='none', device_id=0, dis_weight=0.0, dropout=0.5, epochs=800, evaluate_mode='1by1', hidden=32, homo_boost_thrd=0.2, homo_loss_weight=100.0, inner=1, lr=0.01, model='GCN', no_cuda=False, prune_thr=0.8, seed=125, selection_method='cluster_degree', target_class=0, target_loss_weight=1, test_model='GCN', thrd=0.5, train_lr=0.01, trigger_size=3, trojan_epochs=800, use_vs_number=True, vs_number=160, vs_ratio=0, weight_decay=0.0005)
target class rate on Vs: 1.0000
accuracy on clean test nodes: 0.6569
Overall ASR: 0.9959
Flip ASR: 0.9959/16875 nodes
Namespace(cuda=True, dataset='ogbn-arxiv', debug=True, defense_mode='none', device_id=0, dis_weight=0.0, dropout=0.5, epochs=800, evaluate_mode='1by1', hidden=32, homo_boost_thrd=0.2, homo_loss_weight=100.0, inner=1, lr=0.01, model='GCN', no_cuda=False, prune_thr=0.8, seed=996, selection_method='cluster_degree', target_class=0, target_loss_weight=1, test_model='GCN', thrd=0.5, train_lr=0.01, trigger_size=3, trojan_epochs=800, use_vs_number=True, vs_number=160, vs_ratio=0, weight_decay=0.0005)
target class rate on Vs: 1.0000
accuracy on clean test nodes: 0.6591
Overall ASR: 0.9968
Flip ASR: 0.9967/16875 nodes
Namespace(cuda=True, dataset='ogbn-arxiv', debug=True, defense_mode='none', device_id=0, dis_weight=0.0, dropout=0.5, epochs=800, evaluate_mode='1by1', hidden=32, homo_boost_thrd=0.2, homo_loss_weight=100.0, inner=1, lr=0.01, model='GCN', no_cuda=False, prune_thr=0.8, seed=527, selection_method='cluster_degree', target_class=0, target_loss_weight=1, test_model='GCN', thrd=0.5, train_lr=0.01, trigger_size=3, trojan_epochs=800, use_vs_number=True, vs_number=160, vs_ratio=0, weight_decay=0.0005)
target class rate on Vs: 1.0000
accuracy on clean test nodes: 0.6576
Overall ASR: 0.9970
Flip ASR: 0.9970/16875 nodes
Namespace(cuda=True, dataset='ogbn-arxiv', debug=True, defense_mode='none', device_id=0, dis_weight=0.0, dropout=0.5, epochs=800, evaluate_mode='1by1', hidden=32, homo_boost_thrd=0.2, homo_loss_weight=100.0, inner=1, lr=0.01, model='GCN', no_cuda=False, prune_thr=0.8, seed=320, selection_method='cluster_degree', target_class=0, target_loss_weight=1, test_model='GCN', thrd=0.5, train_lr=0.01, trigger_size=3, trojan_epochs=800, use_vs_number=True, vs_number=160, vs_ratio=0, weight_decay=0.0005)
target class rate on Vs: 1.0000
accuracy on clean test nodes: 0.6516
Overall ASR: 0.9962
Flip ASR: 0.9961/16875 nodes
Overall ASR: 0.9966 (GCN model, Seed: 320)
Overall Clean Accuracy: 0.6563
Namespace(cuda=True, dataset='ogbn-arxiv', debug=True, defense_mode='none', device_id=0, dis_weight=0.0, dropout=0.5, epochs=800, evaluate_mode='1by1', hidden=32, homo_boost_thrd=0.2, homo_loss_weight=100.0, inner=1, lr=0.01, model='GCN', no_cuda=False, prune_thr=0.8, seed=781, selection_method='cluster_degree', target_class=0, target_loss_weight=1, test_model='GAT', thrd=0.5, train_lr=0.01, trigger_size=3, trojan_epochs=800, use_vs_number=True, vs_number=160, vs_ratio=0, weight_decay=0.0005)
/home/project-graph-backdoor/Backdoor/models/GAT.py:61: UserWarning: To copy construct from a tensor, it is recommended to use sourceTensor.clone().detach() or sourceTensor.clone().detach().requires_grad_(True), rather than torch.tensor(sourceTensor).
  self.labels = torch.tensor(labels, dtype=torch.long)
target class rate on Vs: 1.0000
accuracy on clean test nodes: 0.6498
Overall ASR: 1.0000
Flip ASR: 1.0000/16875 nodes
Namespace(cuda=True, dataset='ogbn-arxiv', debug=True, defense_mode='none', device_id=0, dis_weight=0.0, dropout=0.5, epochs=800, evaluate_mode='1by1', hidden=32, homo_boost_thrd=0.2, homo_loss_weight=100.0, inner=1, lr=0.01, model='GCN', no_cuda=False, prune_thr=0.8, seed=706, selection_method='cluster_degree', target_class=0, target_loss_weight=1, test_model='GAT', thrd=0.5, train_lr=0.01, trigger_size=3, trojan_epochs=800, use_vs_number=True, vs_number=160, vs_ratio=0, weight_decay=0.0005)
target class rate on Vs: 1.0000
accuracy on clean test nodes: 0.6515
Overall ASR: 1.0000
Flip ASR: 1.0000/16875 nodes
Namespace(cuda=True, dataset='ogbn-arxiv', debug=True, defense_mode='none', device_id=0, dis_weight=0.0, dropout=0.5, epochs=800, evaluate_mode='1by1', hidden=32, homo_boost_thrd=0.2, homo_loss_weight=100.0, inner=1, lr=0.01, model='GCN', no_cuda=False, prune_thr=0.8, seed=778, selection_method='cluster_degree', target_class=0, target_loss_weight=1, test_model='GAT', thrd=0.5, train_lr=0.01, trigger_size=3, trojan_epochs=800, use_vs_number=True, vs_number=160, vs_ratio=0, weight_decay=0.0005)
target class rate on Vs: 1.0000
accuracy on clean test nodes: 0.6524
Overall ASR: 1.0000
Flip ASR: 1.0000/16875 nodes
Namespace(cuda=True, dataset='ogbn-arxiv', debug=True, defense_mode='none', device_id=0, dis_weight=0.0, dropout=0.5, epochs=800, evaluate_mode='1by1', hidden=32, homo_boost_thrd=0.2, homo_loss_weight=100.0, inner=1, lr=0.01, model='GCN', no_cuda=False, prune_thr=0.8, seed=604, selection_method='cluster_degree', target_class=0, target_loss_weight=1, test_model='GAT', thrd=0.5, train_lr=0.01, trigger_size=3, trojan_epochs=800, use_vs_number=True, vs_number=160, vs_ratio=0, weight_decay=0.0005)
target class rate on Vs: 1.0000
accuracy on clean test nodes: 0.6503
Overall ASR: 1.0000
Flip ASR: 1.0000/16875 nodes
Namespace(cuda=True, dataset='ogbn-arxiv', debug=True, defense_mode='none', device_id=0, dis_weight=0.0, dropout=0.5, epochs=800, evaluate_mode='1by1', hidden=32, homo_boost_thrd=0.2, homo_loss_weight=100.0, inner=1, lr=0.01, model='GCN', no_cuda=False, prune_thr=0.8, seed=133, selection_method='cluster_degree', target_class=0, target_loss_weight=1, test_model='GAT', thrd=0.5, train_lr=0.01, trigger_size=3, trojan_epochs=800, use_vs_number=True, vs_number=160, vs_ratio=0, weight_decay=0.0005)
target class rate on Vs: 1.0000
accuracy on clean test nodes: 0.6525
Overall ASR: 1.0000
Flip ASR: 1.0000/16875 nodes
Overall ASR: 1.0000 (GAT model, Seed: 133)
Overall Clean Accuracy: 0.6513
Namespace(cuda=True, dataset='ogbn-arxiv', debug=True, defense_mode='none', device_id=0, dis_weight=0.0, dropout=0.5, epochs=800, evaluate_mode='1by1', hidden=32, homo_boost_thrd=0.2, homo_loss_weight=100.0, inner=1, lr=0.01, model='GCN', no_cuda=False, prune_thr=0.8, seed=673, selection_method='cluster_degree', target_class=0, target_loss_weight=1, test_model='GraphSage', thrd=0.5, train_lr=0.01, trigger_size=3, trojan_epochs=800, use_vs_number=True, vs_number=160, vs_ratio=0, weight_decay=0.0005)
target class rate on Vs: 1.0000
accuracy on clean test nodes: 0.6516
Overall ASR: 0.9673
Flip ASR: 0.9672/16875 nodes
Namespace(cuda=True, dataset='ogbn-arxiv', debug=True, defense_mode='none', device_id=0, dis_weight=0.0, dropout=0.5, epochs=800, evaluate_mode='1by1', hidden=32, homo_boost_thrd=0.2, homo_loss_weight=100.0, inner=1, lr=0.01, model='GCN', no_cuda=False, prune_thr=0.8, seed=904, selection_method='cluster_degree', target_class=0, target_loss_weight=1, test_model='GraphSage', thrd=0.5, train_lr=0.01, trigger_size=3, trojan_epochs=800, use_vs_number=True, vs_number=160, vs_ratio=0, weight_decay=0.0005)
target class rate on Vs: 1.0000
accuracy on clean test nodes: 0.6554
Overall ASR: 0.9685
Flip ASR: 0.9684/16875 nodes
Namespace(cuda=True, dataset='ogbn-arxiv', debug=True, defense_mode='none', device_id=0, dis_weight=0.0, dropout=0.5, epochs=800, evaluate_mode='1by1', hidden=32, homo_boost_thrd=0.2, homo_loss_weight=100.0, inner=1, lr=0.01, model='GCN', no_cuda=False, prune_thr=0.8, seed=56, selection_method='cluster_degree', target_class=0, target_loss_weight=1, test_model='GraphSage', thrd=0.5, train_lr=0.01, trigger_size=3, trojan_epochs=800, use_vs_number=True, vs_number=160, vs_ratio=0, weight_decay=0.0005)
target class rate on Vs: 1.0000
accuracy on clean test nodes: 0.6548
Overall ASR: 0.9645
Flip ASR: 0.9644/16875 nodes
Namespace(cuda=True, dataset='ogbn-arxiv', debug=True, defense_mode='none', device_id=0, dis_weight=0.0, dropout=0.5, epochs=800, evaluate_mode='1by1', hidden=32, homo_boost_thrd=0.2, homo_loss_weight=100.0, inner=1, lr=0.01, model='GCN', no_cuda=False, prune_thr=0.8, seed=1, selection_method='cluster_degree', target_class=0, target_loss_weight=1, test_model='GraphSage', thrd=0.5, train_lr=0.01, trigger_size=3, trojan_epochs=800, use_vs_number=True, vs_number=160, vs_ratio=0, weight_decay=0.0005)
target class rate on Vs: 0.9938
accuracy on clean test nodes: 0.6588
Overall ASR: 0.9609
Flip ASR: 0.9608/16875 nodes
Namespace(cuda=True, dataset='ogbn-arxiv', debug=True, defense_mode='none', device_id=0, dis_weight=0.0, dropout=0.5, epochs=800, evaluate_mode='1by1', hidden=32, homo_boost_thrd=0.2, homo_loss_weight=100.0, inner=1, lr=0.01, model='GCN', no_cuda=False, prune_thr=0.8, seed=694, selection_method='cluster_degree', target_class=0, target_loss_weight=1, test_model='GraphSage', thrd=0.5, train_lr=0.01, trigger_size=3, trojan_epochs=800, use_vs_number=True, vs_number=160, vs_ratio=0, weight_decay=0.0005)
target class rate on Vs: 1.0000
accuracy on clean test nodes: 0.6512
Overall ASR: 0.9646
Flip ASR: 0.9644/16875 nodes
Overall ASR: 0.9651 (GraphSage model, Seed: 694)
Overall Clean Accuracy: 0.6544
Total Overall ASR: 0.9872 
Total Clean Accuracy: 0.6540
