nohup: ignoring input
run_adaptive.py:8: DeprecationWarning: the imp module is deprecated in favour of importlib; see the module's documentation for alternative uses
  import imp
Namespace(cuda=True, dataset='ogbn-arxiv', debug=True, defense_mode='none', device_id=1, dis_weight=0.0, dropout=0.5, epochs=800, evaluate_mode='1by1', hidden=32, homo_boost_thrd=0.8, homo_loss_weight=100.0, inner=1, lr=0.01, model='GCN', no_cuda=False, prune_thr=0.8, seed=10, selection_method='cluster_degree', target_class=0, target_loss_weight=1, test_model='GCN', thrd=0.5, train_lr=0.01, trigger_size=1, trojan_epochs=800, use_vs_number=True, vs_number=160, vs_ratio=0, weight_decay=0.0005)
#Attach Nodes:160
./selected_nodes/ogbn-arxiv/Overall/seed10/nodes.txt
idx_attach: tensor([132437, 159342, 115859,  11103, 127522,  67544,  82569, 161886,  62976,
         13773,  68963, 144203,  19681,    750, 156733,  86828,  18909,  82685,
         81700, 164714, 103734,  65352,  47692,  14294, 153213,  78523,   1385,
         50714, 156839, 144199,  88403,  58221,  56228,  88511,  12909, 156645,
         93340, 136107,  80139,    622,   1438,   7666, 133129, 127534, 106596,
        102712,   4269,  55140, 125068, 152827, 135150,  23527,   3609,   6462,
        121168, 152542,   6165, 126338,  90948,  77520,  47397, 106658,  68636,
        109074,  69509, 138501,  13873,  20117,  83448,   3102, 143264,  91042,
         54237,  58770, 165138, 126351,  55671,  99141,  13704, 136218,  16458,
         43368, 146276,  31105, 112018,  77110, 104399,  46245, 147007,   5821,
         19313,  91731,  20583, 142204,  80573,   7668,  83587, 128743, 143180,
         91852,  75911,  65787, 153365, 126297,  39114, 104240,  77327,   4583,
           512,  48952,  28134,  38432,  10832,  61628, 127678, 138417, 147495,
         98345,  93057,  33697, 138811, 124659, 133488,  71285,  47676,   1298,
        167767,  47649, 124811,  39955,  70652, 138116,  94425, 163083,  21820,
        133451,  73518, 132097,  23608,  13837, 125639,  40347, 163907,   5087,
          6422, 119164, 165901,   5059,  83768,  27180, 100388,  35462, 116799,
          3703,   5670,  48904,  68159, 113552, 160597,  96989],
       device='cuda:1')
tensor([     1,      2,      3,  ..., 169334, 169336, 169338], device='cuda:1')
/root/anaconda3/envs/py38_torch110/lib/python3.8/site-packages/torch/nn/init.py:405: UserWarning: Initializing zero-element tensors is a no-op
  warnings.warn("Initializing zero-element tensors is a no-op")
Epoch 0, loss_inner: 3.74861, loss_target: 3.63128, homo loss: 0.71486 
acc_train_clean: 0.0089, ASR_train_attach: 0.0000, ASR_train_outter: 0.0000
Epoch 10, loss_inner: 3.01360, loss_target: 3.17369, homo loss: 0.00562 
acc_train_clean: 0.2635, ASR_train_attach: 0.0000, ASR_train_outter: 0.0000
Epoch 20, loss_inner: 2.76157, loss_target: 2.85941, homo loss: 0.00254 
acc_train_clean: 0.2820, ASR_train_attach: 0.0000, ASR_train_outter: 0.0000
Epoch 30, loss_inner: 2.47314, loss_target: 2.54697, homo loss: 0.00183 
acc_train_clean: 0.3722, ASR_train_attach: 0.0000, ASR_train_outter: 0.0000
Epoch 40, loss_inner: 2.18787, loss_target: 2.25480, homo loss: 0.00131 
acc_train_clean: 0.4458, ASR_train_attach: 0.0000, ASR_train_outter: 0.0000
Epoch 50, loss_inner: 1.94634, loss_target: 1.97786, homo loss: 0.00092 
acc_train_clean: 0.5049, ASR_train_attach: 0.0000, ASR_train_outter: 0.0160
Epoch 60, loss_inner: 1.74905, loss_target: 1.75671, homo loss: 0.00070 
acc_train_clean: 0.5418, ASR_train_attach: 0.0500, ASR_train_outter: 0.2981
Epoch 70, loss_inner: 1.59885, loss_target: 1.59752, homo loss: 0.00042 
acc_train_clean: 0.5746, ASR_train_attach: 0.2812, ASR_train_outter: 0.5051
Epoch 80, loss_inner: 1.48857, loss_target: 1.48626, homo loss: 0.00023 
acc_train_clean: 0.5971, ASR_train_attach: 0.6063, ASR_train_outter: 0.6520
Epoch 90, loss_inner: 1.41428, loss_target: 1.41385, homo loss: 0.00009 
acc_train_clean: 0.6092, ASR_train_attach: 0.7313, ASR_train_outter: 0.7188
Epoch 100, loss_inner: 1.36553, loss_target: 1.36676, homo loss: 0.00002 
acc_train_clean: 0.6183, ASR_train_attach: 0.7875, ASR_train_outter: 0.7373
Epoch 110, loss_inner: 1.33163, loss_target: 1.33262, homo loss: 0.00001 
acc_train_clean: 0.6235, ASR_train_attach: 0.8063, ASR_train_outter: 0.7601
Epoch 120, loss_inner: 1.30435, loss_target: 1.30437, homo loss: 0.00001 
acc_train_clean: 0.6296, ASR_train_attach: 0.8250, ASR_train_outter: 0.7711
Epoch 130, loss_inner: 1.27804, loss_target: 1.27813, homo loss: 0.00000 
acc_train_clean: 0.6359, ASR_train_attach: 0.7938, ASR_train_outter: 0.7694
Epoch 140, loss_inner: 1.25425, loss_target: 1.25390, homo loss: 0.00000 
acc_train_clean: 0.6409, ASR_train_attach: 0.8313, ASR_train_outter: 0.7880
Epoch 150, loss_inner: 1.23678, loss_target: 1.23600, homo loss: 0.00001 
acc_train_clean: 0.6443, ASR_train_attach: 0.8438, ASR_train_outter: 0.8057
Epoch 160, loss_inner: 1.22441, loss_target: 1.22345, homo loss: 0.00000 
acc_train_clean: 0.6466, ASR_train_attach: 0.8500, ASR_train_outter: 0.8100
Epoch 170, loss_inner: 1.21513, loss_target: 1.21378, homo loss: 0.00000 
acc_train_clean: 0.6482, ASR_train_attach: 0.8563, ASR_train_outter: 0.8184
Epoch 180, loss_inner: 1.20727, loss_target: 1.20535, homo loss: 0.00001 
acc_train_clean: 0.6498, ASR_train_attach: 0.8750, ASR_train_outter: 0.8328
Epoch 190, loss_inner: 1.20066, loss_target: 1.19868, homo loss: 0.00000 
acc_train_clean: 0.6513, ASR_train_attach: 0.8750, ASR_train_outter: 0.8370
Epoch 200, loss_inner: 1.19454, loss_target: 1.19263, homo loss: 0.00000 
acc_train_clean: 0.6527, ASR_train_attach: 0.8813, ASR_train_outter: 0.8395
Epoch 210, loss_inner: 1.18875, loss_target: 1.18651, homo loss: 0.00000 
acc_train_clean: 0.6538, ASR_train_attach: 0.8813, ASR_train_outter: 0.8497
Epoch 220, loss_inner: 1.18161, loss_target: 1.17897, homo loss: 0.00001 
acc_train_clean: 0.6560, ASR_train_attach: 0.8938, ASR_train_outter: 0.8522
Epoch 230, loss_inner: 1.17471, loss_target: 1.17200, homo loss: 0.00000 
acc_train_clean: 0.6569, ASR_train_attach: 0.8938, ASR_train_outter: 0.8497
Epoch 240, loss_inner: 1.16775, loss_target: 1.16540, homo loss: 0.00000 
acc_train_clean: 0.6593, ASR_train_attach: 0.8938, ASR_train_outter: 0.8547
Epoch 250, loss_inner: 1.16267, loss_target: 1.16068, homo loss: 0.00000 
acc_train_clean: 0.6604, ASR_train_attach: 0.8938, ASR_train_outter: 0.8539
Epoch 260, loss_inner: 1.15851, loss_target: 1.15618, homo loss: 0.00001 
acc_train_clean: 0.6625, ASR_train_attach: 0.8938, ASR_train_outter: 0.8590
Epoch 270, loss_inner: 1.15501, loss_target: 1.15337, homo loss: 0.00000 
acc_train_clean: 0.6627, ASR_train_attach: 0.8875, ASR_train_outter: 0.8514
Epoch 280, loss_inner: 1.15173, loss_target: 1.14971, homo loss: 0.00000 
acc_train_clean: 0.6638, ASR_train_attach: 0.8938, ASR_train_outter: 0.8556
Epoch 290, loss_inner: 1.14897, loss_target: 1.14705, homo loss: 0.00000 
acc_train_clean: 0.6651, ASR_train_attach: 0.8938, ASR_train_outter: 0.8564
Epoch 300, loss_inner: 1.14602, loss_target: 1.14388, homo loss: 0.00000 
acc_train_clean: 0.6659, ASR_train_attach: 0.9000, ASR_train_outter: 0.8615
Epoch 310, loss_inner: 1.14325, loss_target: 1.14155, homo loss: 0.00000 
acc_train_clean: 0.6660, ASR_train_attach: 0.8875, ASR_train_outter: 0.8514
Epoch 320, loss_inner: 1.13927, loss_target: 1.13720, homo loss: 0.00000 
acc_train_clean: 0.6667, ASR_train_attach: 0.9000, ASR_train_outter: 0.8657
Epoch 330, loss_inner: 1.13504, loss_target: 1.13277, homo loss: 0.00000 
acc_train_clean: 0.6681, ASR_train_attach: 0.9000, ASR_train_outter: 0.8623
Epoch 340, loss_inner: 1.13185, loss_target: 1.12894, homo loss: 0.00000 
acc_train_clean: 0.6690, ASR_train_attach: 0.9062, ASR_train_outter: 0.8725
Epoch 350, loss_inner: 1.12908, loss_target: 1.12583, homo loss: 0.00000 
acc_train_clean: 0.6705, ASR_train_attach: 0.9125, ASR_train_outter: 0.8733
Epoch 360, loss_inner: 1.12688, loss_target: 1.12360, homo loss: 0.00000 
acc_train_clean: 0.6708, ASR_train_attach: 0.9000, ASR_train_outter: 0.8716
Epoch 370, loss_inner: 1.12508, loss_target: 1.12168, homo loss: 0.00000 
acc_train_clean: 0.6710, ASR_train_attach: 0.9125, ASR_train_outter: 0.8742
Epoch 380, loss_inner: 1.12345, loss_target: 1.12003, homo loss: 0.00000 
acc_train_clean: 0.6713, ASR_train_attach: 0.9125, ASR_train_outter: 0.8758
Epoch 390, loss_inner: 1.12197, loss_target: 1.11846, homo loss: 0.00000 
acc_train_clean: 0.6720, ASR_train_attach: 0.9062, ASR_train_outter: 0.8716
Epoch 400, loss_inner: 1.12073, loss_target: 1.11660, homo loss: 0.00000 
acc_train_clean: 0.6720, ASR_train_attach: 0.9062, ASR_train_outter: 0.8750
Epoch 410, loss_inner: 1.11937, loss_target: 1.11561, homo loss: 0.00000 
acc_train_clean: 0.6725, ASR_train_attach: 0.9125, ASR_train_outter: 0.8775
Epoch 420, loss_inner: 1.11842, loss_target: 1.11409, homo loss: 0.00000 
acc_train_clean: 0.6730, ASR_train_attach: 0.9125, ASR_train_outter: 0.8792
Epoch 430, loss_inner: 1.11723, loss_target: 1.11281, homo loss: 0.00000 
acc_train_clean: 0.6731, ASR_train_attach: 0.9125, ASR_train_outter: 0.8818
Epoch 440, loss_inner: 1.11618, loss_target: 1.11185, homo loss: 0.00000 
acc_train_clean: 0.6736, ASR_train_attach: 0.9125, ASR_train_outter: 0.8767
Epoch 450, loss_inner: 1.11516, loss_target: 1.11024, homo loss: 0.00001 
acc_train_clean: 0.6742, ASR_train_attach: 0.9125, ASR_train_outter: 0.8843
Epoch 460, loss_inner: 1.11475, loss_target: 1.10998, homo loss: 0.00000 
acc_train_clean: 0.6732, ASR_train_attach: 0.9125, ASR_train_outter: 0.8818
Epoch 470, loss_inner: 1.11345, loss_target: 1.10864, homo loss: 0.00000 
acc_train_clean: 0.6743, ASR_train_attach: 0.9125, ASR_train_outter: 0.8818
Epoch 480, loss_inner: 1.11271, loss_target: 1.10756, homo loss: 0.00000 
acc_train_clean: 0.6743, ASR_train_attach: 0.9125, ASR_train_outter: 0.8860
Epoch 490, loss_inner: 1.11195, loss_target: 1.10699, homo loss: 0.00000 
acc_train_clean: 0.6746, ASR_train_attach: 0.9125, ASR_train_outter: 0.8775
Epoch 500, loss_inner: 1.11190, loss_target: 1.10705, homo loss: 0.00000 
acc_train_clean: 0.6749, ASR_train_attach: 0.9125, ASR_train_outter: 0.8843
Epoch 510, loss_inner: 1.11140, loss_target: 1.10543, homo loss: 0.00000 
acc_train_clean: 0.6736, ASR_train_attach: 0.9125, ASR_train_outter: 0.8868
Epoch 520, loss_inner: 1.11007, loss_target: 1.10433, homo loss: 0.00000 
acc_train_clean: 0.6747, ASR_train_attach: 0.9125, ASR_train_outter: 0.8877
Epoch 530, loss_inner: 1.10924, loss_target: 1.10351, homo loss: 0.00000 
acc_train_clean: 0.6749, ASR_train_attach: 0.9125, ASR_train_outter: 0.8894
Epoch 540, loss_inner: 1.10848, loss_target: 1.10255, homo loss: 0.00000 
acc_train_clean: 0.6754, ASR_train_attach: 0.9125, ASR_train_outter: 0.8894
Epoch 550, loss_inner: 1.10785, loss_target: 1.10172, homo loss: 0.00000 
acc_train_clean: 0.6758, ASR_train_attach: 0.9125, ASR_train_outter: 0.8902
Epoch 560, loss_inner: 1.10722, loss_target: 1.10108, homo loss: 0.00000 
acc_train_clean: 0.6758, ASR_train_attach: 0.9250, ASR_train_outter: 0.8927
Epoch 570, loss_inner: 1.10687, loss_target: 1.10142, homo loss: 0.00000 
acc_train_clean: 0.6760, ASR_train_attach: 0.9062, ASR_train_outter: 0.8750
Epoch 580, loss_inner: 1.10616, loss_target: 1.09960, homo loss: 0.00000 
acc_train_clean: 0.6761, ASR_train_attach: 0.9125, ASR_train_outter: 0.8910
Epoch 590, loss_inner: 1.10578, loss_target: 1.09921, homo loss: 0.00000 
acc_train_clean: 0.6755, ASR_train_attach: 0.9125, ASR_train_outter: 0.8919
Epoch 600, loss_inner: 1.10543, loss_target: 1.09885, homo loss: 0.00000 
acc_train_clean: 0.6758, ASR_train_attach: 0.9250, ASR_train_outter: 0.8902
Epoch 610, loss_inner: 1.10465, loss_target: 1.09801, homo loss: 0.00000 
acc_train_clean: 0.6761, ASR_train_attach: 0.9125, ASR_train_outter: 0.8902
Epoch 620, loss_inner: 1.10413, loss_target: 1.09727, homo loss: 0.00000 
acc_train_clean: 0.6762, ASR_train_attach: 0.9125, ASR_train_outter: 0.8910
Epoch 630, loss_inner: 1.10350, loss_target: 1.09659, homo loss: 0.00000 
acc_train_clean: 0.6766, ASR_train_attach: 0.9125, ASR_train_outter: 0.8919
Epoch 640, loss_inner: 1.10364, loss_target: 1.09698, homo loss: 0.00000 
acc_train_clean: 0.6754, ASR_train_attach: 0.9125, ASR_train_outter: 0.8910
Epoch 650, loss_inner: 1.10326, loss_target: 1.09684, homo loss: 0.00000 
acc_train_clean: 0.6765, ASR_train_attach: 0.9125, ASR_train_outter: 0.8936
Epoch 660, loss_inner: 1.10204, loss_target: 1.09511, homo loss: 0.00000 
acc_train_clean: 0.6768, ASR_train_attach: 0.9250, ASR_train_outter: 0.8944
Epoch 670, loss_inner: 1.10164, loss_target: 1.09432, homo loss: 0.00000 
acc_train_clean: 0.6765, ASR_train_attach: 0.9188, ASR_train_outter: 0.8944
Epoch 680, loss_inner: 1.10119, loss_target: 1.09383, homo loss: 0.00000 
acc_train_clean: 0.6767, ASR_train_attach: 0.9188, ASR_train_outter: 0.8927
Epoch 690, loss_inner: 1.10071, loss_target: 1.09318, homo loss: 0.00000 
acc_train_clean: 0.6771, ASR_train_attach: 0.9188, ASR_train_outter: 0.8944
Epoch 700, loss_inner: 1.10029, loss_target: 1.09276, homo loss: 0.00000 
acc_train_clean: 0.6770, ASR_train_attach: 0.9188, ASR_train_outter: 0.8936
Epoch 710, loss_inner: 1.09990, loss_target: 1.09214, homo loss: 0.00000 
acc_train_clean: 0.6772, ASR_train_attach: 0.9188, ASR_train_outter: 0.8936
Epoch 720, loss_inner: 1.09941, loss_target: 1.09171, homo loss: 0.00000 
acc_train_clean: 0.6775, ASR_train_attach: 0.9188, ASR_train_outter: 0.8953
Epoch 730, loss_inner: 1.09916, loss_target: 1.09147, homo loss: 0.00000 
acc_train_clean: 0.6775, ASR_train_attach: 0.9188, ASR_train_outter: 0.8953
Epoch 740, loss_inner: 1.09942, loss_target: 1.09188, homo loss: 0.00000 
acc_train_clean: 0.6776, ASR_train_attach: 0.9125, ASR_train_outter: 0.8851
Epoch 750, loss_inner: 1.09840, loss_target: 1.09044, homo loss: 0.00000 
acc_train_clean: 0.6770, ASR_train_attach: 0.9188, ASR_train_outter: 0.8936
Epoch 760, loss_inner: 1.09786, loss_target: 1.08998, homo loss: 0.00000 
acc_train_clean: 0.6772, ASR_train_attach: 0.9250, ASR_train_outter: 0.8936
Epoch 770, loss_inner: 1.09729, loss_target: 1.08933, homo loss: 0.00000 
acc_train_clean: 0.6779, ASR_train_attach: 0.9188, ASR_train_outter: 0.8936
Epoch 780, loss_inner: 1.09699, loss_target: 1.08879, homo loss: 0.00000 
acc_train_clean: 0.6777, ASR_train_attach: 0.9250, ASR_train_outter: 0.9003
Epoch 790, loss_inner: 1.09778, loss_target: 1.08922, homo loss: 0.00000 
acc_train_clean: 0.6778, ASR_train_attach: 0.9188, ASR_train_outter: 0.8936
load best weight based on the loss outter
precent of left attach nodes: 1.000
Namespace(cuda=True, dataset='ogbn-arxiv', debug=True, defense_mode='none', device_id=1, dis_weight=0.0, dropout=0.5, epochs=800, evaluate_mode='1by1', hidden=32, homo_boost_thrd=0.8, homo_loss_weight=100.0, inner=1, lr=0.01, model='GCN', no_cuda=False, prune_thr=0.8, seed=265, selection_method='cluster_degree', target_class=0, target_loss_weight=1, test_model='GCN', thrd=0.5, train_lr=0.01, trigger_size=1, trojan_epochs=800, use_vs_number=True, vs_number=160, vs_ratio=0, weight_decay=0.0005)
target class rate on Vs: 0.9187
accuracy on clean test nodes: 0.6562
Overall ASR: 0.8088
Flip ASR: 0.8081/16875 nodes
Namespace(cuda=True, dataset='ogbn-arxiv', debug=True, defense_mode='none', device_id=1, dis_weight=0.0, dropout=0.5, epochs=800, evaluate_mode='1by1', hidden=32, homo_boost_thrd=0.8, homo_loss_weight=100.0, inner=1, lr=0.01, model='GCN', no_cuda=False, prune_thr=0.8, seed=125, selection_method='cluster_degree', target_class=0, target_loss_weight=1, test_model='GCN', thrd=0.5, train_lr=0.01, trigger_size=1, trojan_epochs=800, use_vs_number=True, vs_number=160, vs_ratio=0, weight_decay=0.0005)
target class rate on Vs: 0.9313
accuracy on clean test nodes: 0.6571
Overall ASR: 0.8045
Flip ASR: 0.8039/16875 nodes
Namespace(cuda=True, dataset='ogbn-arxiv', debug=True, defense_mode='none', device_id=1, dis_weight=0.0, dropout=0.5, epochs=800, evaluate_mode='1by1', hidden=32, homo_boost_thrd=0.8, homo_loss_weight=100.0, inner=1, lr=0.01, model='GCN', no_cuda=False, prune_thr=0.8, seed=996, selection_method='cluster_degree', target_class=0, target_loss_weight=1, test_model='GCN', thrd=0.5, train_lr=0.01, trigger_size=1, trojan_epochs=800, use_vs_number=True, vs_number=160, vs_ratio=0, weight_decay=0.0005)
target class rate on Vs: 0.9250
accuracy on clean test nodes: 0.6594
Overall ASR: 0.8137
Flip ASR: 0.8131/16875 nodes
Namespace(cuda=True, dataset='ogbn-arxiv', debug=True, defense_mode='none', device_id=1, dis_weight=0.0, dropout=0.5, epochs=800, evaluate_mode='1by1', hidden=32, homo_boost_thrd=0.8, homo_loss_weight=100.0, inner=1, lr=0.01, model='GCN', no_cuda=False, prune_thr=0.8, seed=527, selection_method='cluster_degree', target_class=0, target_loss_weight=1, test_model='GCN', thrd=0.5, train_lr=0.01, trigger_size=1, trojan_epochs=800, use_vs_number=True, vs_number=160, vs_ratio=0, weight_decay=0.0005)
target class rate on Vs: 0.9375
accuracy on clean test nodes: 0.6575
Overall ASR: 0.8048
Flip ASR: 0.8041/16875 nodes
Namespace(cuda=True, dataset='ogbn-arxiv', debug=True, defense_mode='none', device_id=1, dis_weight=0.0, dropout=0.5, epochs=800, evaluate_mode='1by1', hidden=32, homo_boost_thrd=0.8, homo_loss_weight=100.0, inner=1, lr=0.01, model='GCN', no_cuda=False, prune_thr=0.8, seed=320, selection_method='cluster_degree', target_class=0, target_loss_weight=1, test_model='GCN', thrd=0.5, train_lr=0.01, trigger_size=1, trojan_epochs=800, use_vs_number=True, vs_number=160, vs_ratio=0, weight_decay=0.0005)
target class rate on Vs: 0.9250
accuracy on clean test nodes: 0.6532
Overall ASR: 0.8199
Flip ASR: 0.8193/16875 nodes
Overall ASR: 0.8104 (GCN model, Seed: 320)
Overall Clean Accuracy: 0.6567
Namespace(cuda=True, dataset='ogbn-arxiv', debug=True, defense_mode='none', device_id=1, dis_weight=0.0, dropout=0.5, epochs=800, evaluate_mode='1by1', hidden=32, homo_boost_thrd=0.8, homo_loss_weight=100.0, inner=1, lr=0.01, model='GCN', no_cuda=False, prune_thr=0.8, seed=781, selection_method='cluster_degree', target_class=0, target_loss_weight=1, test_model='GAT', thrd=0.5, train_lr=0.01, trigger_size=1, trojan_epochs=800, use_vs_number=True, vs_number=160, vs_ratio=0, weight_decay=0.0005)
/home/project-graph-backdoor/Backdoor/models/GAT.py:61: UserWarning: To copy construct from a tensor, it is recommended to use sourceTensor.clone().detach() or sourceTensor.clone().detach().requires_grad_(True), rather than torch.tensor(sourceTensor).
  self.labels = torch.tensor(labels, dtype=torch.long)
target class rate on Vs: 1.0000
accuracy on clean test nodes: 0.6502
Overall ASR: 0.9842
Flip ASR: 0.9842/16875 nodes
Namespace(cuda=True, dataset='ogbn-arxiv', debug=True, defense_mode='none', device_id=1, dis_weight=0.0, dropout=0.5, epochs=800, evaluate_mode='1by1', hidden=32, homo_boost_thrd=0.8, homo_loss_weight=100.0, inner=1, lr=0.01, model='GCN', no_cuda=False, prune_thr=0.8, seed=706, selection_method='cluster_degree', target_class=0, target_loss_weight=1, test_model='GAT', thrd=0.5, train_lr=0.01, trigger_size=1, trojan_epochs=800, use_vs_number=True, vs_number=160, vs_ratio=0, weight_decay=0.0005)
target class rate on Vs: 0.7688
accuracy on clean test nodes: 0.6511
Overall ASR: 0.7311
Flip ASR: 0.7302/16875 nodes
Namespace(cuda=True, dataset='ogbn-arxiv', debug=True, defense_mode='none', device_id=1, dis_weight=0.0, dropout=0.5, epochs=800, evaluate_mode='1by1', hidden=32, homo_boost_thrd=0.8, homo_loss_weight=100.0, inner=1, lr=0.01, model='GCN', no_cuda=False, prune_thr=0.8, seed=778, selection_method='cluster_degree', target_class=0, target_loss_weight=1, test_model='GAT', thrd=0.5, train_lr=0.01, trigger_size=1, trojan_epochs=800, use_vs_number=True, vs_number=160, vs_ratio=0, weight_decay=0.0005)
target class rate on Vs: 1.0000
accuracy on clean test nodes: 0.6545
Overall ASR: 0.9917
Flip ASR: 0.9916/16875 nodes
Namespace(cuda=True, dataset='ogbn-arxiv', debug=True, defense_mode='none', device_id=1, dis_weight=0.0, dropout=0.5, epochs=800, evaluate_mode='1by1', hidden=32, homo_boost_thrd=0.8, homo_loss_weight=100.0, inner=1, lr=0.01, model='GCN', no_cuda=False, prune_thr=0.8, seed=604, selection_method='cluster_degree', target_class=0, target_loss_weight=1, test_model='GAT', thrd=0.5, train_lr=0.01, trigger_size=1, trojan_epochs=800, use_vs_number=True, vs_number=160, vs_ratio=0, weight_decay=0.0005)
target class rate on Vs: 1.0000
accuracy on clean test nodes: 0.6512
Overall ASR: 0.9949
Flip ASR: 0.9949/16875 nodes
Namespace(cuda=True, dataset='ogbn-arxiv', debug=True, defense_mode='none', device_id=1, dis_weight=0.0, dropout=0.5, epochs=800, evaluate_mode='1by1', hidden=32, homo_boost_thrd=0.8, homo_loss_weight=100.0, inner=1, lr=0.01, model='GCN', no_cuda=False, prune_thr=0.8, seed=133, selection_method='cluster_degree', target_class=0, target_loss_weight=1, test_model='GAT', thrd=0.5, train_lr=0.01, trigger_size=1, trojan_epochs=800, use_vs_number=True, vs_number=160, vs_ratio=0, weight_decay=0.0005)
target class rate on Vs: 0.6938
accuracy on clean test nodes: 0.6515
Overall ASR: 0.6799
Flip ASR: 0.6789/16875 nodes
Overall ASR: 0.8764 (GAT model, Seed: 133)
Overall Clean Accuracy: 0.6517
Namespace(cuda=True, dataset='ogbn-arxiv', debug=True, defense_mode='none', device_id=1, dis_weight=0.0, dropout=0.5, epochs=800, evaluate_mode='1by1', hidden=32, homo_boost_thrd=0.8, homo_loss_weight=100.0, inner=1, lr=0.01, model='GCN', no_cuda=False, prune_thr=0.8, seed=673, selection_method='cluster_degree', target_class=0, target_loss_weight=1, test_model='GraphSage', thrd=0.5, train_lr=0.01, trigger_size=1, trojan_epochs=800, use_vs_number=True, vs_number=160, vs_ratio=0, weight_decay=0.0005)
target class rate on Vs: 0.7563
accuracy on clean test nodes: 0.6558
Overall ASR: 0.7164
Flip ASR: 0.7155/16875 nodes
Namespace(cuda=True, dataset='ogbn-arxiv', debug=True, defense_mode='none', device_id=1, dis_weight=0.0, dropout=0.5, epochs=800, evaluate_mode='1by1', hidden=32, homo_boost_thrd=0.8, homo_loss_weight=100.0, inner=1, lr=0.01, model='GCN', no_cuda=False, prune_thr=0.8, seed=904, selection_method='cluster_degree', target_class=0, target_loss_weight=1, test_model='GraphSage', thrd=0.5, train_lr=0.01, trigger_size=1, trojan_epochs=800, use_vs_number=True, vs_number=160, vs_ratio=0, weight_decay=0.0005)
target class rate on Vs: 0.7937
accuracy on clean test nodes: 0.6528
Overall ASR: 0.7128
Flip ASR: 0.7119/16875 nodes
Namespace(cuda=True, dataset='ogbn-arxiv', debug=True, defense_mode='none', device_id=1, dis_weight=0.0, dropout=0.5, epochs=800, evaluate_mode='1by1', hidden=32, homo_boost_thrd=0.8, homo_loss_weight=100.0, inner=1, lr=0.01, model='GCN', no_cuda=False, prune_thr=0.8, seed=56, selection_method='cluster_degree', target_class=0, target_loss_weight=1, test_model='GraphSage', thrd=0.5, train_lr=0.01, trigger_size=1, trojan_epochs=800, use_vs_number=True, vs_number=160, vs_ratio=0, weight_decay=0.0005)
target class rate on Vs: 0.8125
accuracy on clean test nodes: 0.6529
Overall ASR: 0.7207
Flip ASR: 0.7198/16875 nodes
Namespace(cuda=True, dataset='ogbn-arxiv', debug=True, defense_mode='none', device_id=1, dis_weight=0.0, dropout=0.5, epochs=800, evaluate_mode='1by1', hidden=32, homo_boost_thrd=0.8, homo_loss_weight=100.0, inner=1, lr=0.01, model='GCN', no_cuda=False, prune_thr=0.8, seed=1, selection_method='cluster_degree', target_class=0, target_loss_weight=1, test_model='GraphSage', thrd=0.5, train_lr=0.01, trigger_size=1, trojan_epochs=800, use_vs_number=True, vs_number=160, vs_ratio=0, weight_decay=0.0005)
target class rate on Vs: 0.8188
accuracy on clean test nodes: 0.6586
Overall ASR: 0.7350
Flip ASR: 0.7342/16875 nodes
Namespace(cuda=True, dataset='ogbn-arxiv', debug=True, defense_mode='none', device_id=1, dis_weight=0.0, dropout=0.5, epochs=800, evaluate_mode='1by1', hidden=32, homo_boost_thrd=0.8, homo_loss_weight=100.0, inner=1, lr=0.01, model='GCN', no_cuda=False, prune_thr=0.8, seed=694, selection_method='cluster_degree', target_class=0, target_loss_weight=1, test_model='GraphSage', thrd=0.5, train_lr=0.01, trigger_size=1, trojan_epochs=800, use_vs_number=True, vs_number=160, vs_ratio=0, weight_decay=0.0005)
target class rate on Vs: 0.7688
accuracy on clean test nodes: 0.6549
Overall ASR: 0.7181
Flip ASR: 0.7172/16875 nodes
Overall ASR: 0.7206 (GraphSage model, Seed: 694)
Overall Clean Accuracy: 0.6550
Total Overall ASR: 0.8024 
Total Clean Accuracy: 0.6545
