nohup: ignoring input
run_adaptive.py:8: DeprecationWarning: the imp module is deprecated in favour of importlib; see the module's documentation for alternative uses
  import imp
Namespace(cuda=True, dataset='ogbn-arxiv', debug=True, defense_mode='none', device_id=1, dis_weight=0.0, dropout=0.5, epochs=800, evaluate_mode='1by1', hidden=32, homo_boost_thrd=1.0, homo_loss_weight=100.0, inner=1, lr=0.01, model='GCN', no_cuda=False, prune_thr=0.8, seed=10, selection_method='cluster_degree', target_class=0, target_loss_weight=1, test_model='GCN', thrd=0.5, train_lr=0.01, trigger_size=3, trojan_epochs=800, use_vs_number=True, vs_number=160, vs_ratio=0, weight_decay=0.0005)
#Attach Nodes:160
./selected_nodes/ogbn-arxiv/Overall/seed10/nodes.txt
idx_attach: tensor([132437, 159342, 115859,  11103, 127522,  67544,  82569, 161886,  62976,
         13773,  68963, 144203,  19681,    750, 156733,  86828,  18909,  82685,
         81700, 164714, 103734,  65352,  47692,  14294, 153213,  78523,   1385,
         50714, 156839, 144199,  88403,  58221,  56228,  88511,  12909, 156645,
         93340, 136107,  80139,    622,   1438,   7666, 133129, 127534, 106596,
        102712,   4269,  55140, 125068, 152827, 135150,  23527,   3609,   6462,
        121168, 152542,   6165, 126338,  90948,  77520,  47397, 106658,  68636,
        109074,  69509, 138501,  13873,  20117,  83448,   3102, 143264,  91042,
         54237,  58770, 165138, 126351,  55671,  99141,  13704, 136218,  16458,
         43368, 146276,  31105, 112018,  77110, 104399,  46245, 147007,   5821,
         19313,  91731,  20583, 142204,  80573,   7668,  83587, 128743, 143180,
         91852,  75911,  65787, 153365, 126297,  39114, 104240,  77327,   4583,
           512,  48952,  28134,  38432,  10832,  61628, 127678, 138417, 147495,
         98345,  93057,  33697, 138811, 124659, 133488,  71285,  47676,   1298,
        167767,  47649, 124811,  39955,  70652, 138116,  94425, 163083,  21820,
        133451,  73518, 132097,  23608,  13837, 125639,  40347, 163907,   5087,
          6422, 119164, 165901,   5059,  83768,  27180, 100388,  35462, 116799,
          3703,   5670,  48904,  68159, 113552, 160597,  96989],
       device='cuda:1')
tensor([     1,      2,      3,  ..., 169334, 169336, 169338], device='cuda:1')
Epoch 0, loss_inner: 3.74859, loss_target: 3.62642, homo loss: 1.00480 
acc_train_clean: 0.0089, ASR_train_attach: 0.0000, ASR_train_outter: 0.0000
Epoch 10, loss_inner: 3.01945, loss_target: 3.11692, homo loss: 0.06252 
acc_train_clean: 0.2630, ASR_train_attach: 0.0000, ASR_train_outter: 0.0000
Epoch 20, loss_inner: 2.77010, loss_target: 2.82392, homo loss: 0.04384 
acc_train_clean: 0.2847, ASR_train_attach: 0.0000, ASR_train_outter: 0.0000
Epoch 30, loss_inner: 2.48406, loss_target: 2.52122, homo loss: 0.03640 
acc_train_clean: 0.3747, ASR_train_attach: 0.0000, ASR_train_outter: 0.0000
Epoch 40, loss_inner: 2.19664, loss_target: 2.22446, homo loss: 0.03166 
acc_train_clean: 0.4478, ASR_train_attach: 0.0000, ASR_train_outter: 0.0000
Epoch 50, loss_inner: 1.94863, loss_target: 1.95734, homo loss: 0.03007 
acc_train_clean: 0.5077, ASR_train_attach: 0.0000, ASR_train_outter: 0.0000
Epoch 60, loss_inner: 1.75473, loss_target: 1.74671, homo loss: 0.02912 
acc_train_clean: 0.5407, ASR_train_attach: 0.0125, ASR_train_outter: 0.0729
Epoch 70, loss_inner: 1.62205, loss_target: 1.61190, homo loss: 0.02834 
acc_train_clean: 0.5669, ASR_train_attach: 0.1750, ASR_train_outter: 0.4256
Epoch 80, loss_inner: 1.53007, loss_target: 1.52197, homo loss: 0.02713 
acc_train_clean: 0.5881, ASR_train_attach: 0.3250, ASR_train_outter: 0.5312
Epoch 90, loss_inner: 1.46357, loss_target: 1.46301, homo loss: 0.02560 
acc_train_clean: 0.6009, ASR_train_attach: 0.3375, ASR_train_outter: 0.5089
Epoch 100, loss_inner: 1.40611, loss_target: 1.41238, homo loss: 0.02422 
acc_train_clean: 0.6115, ASR_train_attach: 0.4188, ASR_train_outter: 0.5387
Epoch 110, loss_inner: 1.35644, loss_target: 1.35934, homo loss: 0.02379 
acc_train_clean: 0.6211, ASR_train_attach: 0.5875, ASR_train_outter: 0.6161
Epoch 120, loss_inner: 1.31545, loss_target: 1.31316, homo loss: 0.03149 
acc_train_clean: 0.6274, ASR_train_attach: 0.7375, ASR_train_outter: 0.7202
Epoch 130, loss_inner: 1.28211, loss_target: 1.28143, homo loss: 0.03087 
acc_train_clean: 0.6348, ASR_train_attach: 0.7688, ASR_train_outter: 0.7321
Epoch 140, loss_inner: 1.25785, loss_target: 1.25886, homo loss: 0.03089 
acc_train_clean: 0.6408, ASR_train_attach: 0.7000, ASR_train_outter: 0.7336
Epoch 150, loss_inner: 1.24115, loss_target: 1.24241, homo loss: 0.03049 
acc_train_clean: 0.6439, ASR_train_attach: 0.7563, ASR_train_outter: 0.7351
Epoch 160, loss_inner: 1.22928, loss_target: 1.23116, homo loss: 0.03023 
acc_train_clean: 0.6465, ASR_train_attach: 0.7563, ASR_train_outter: 0.7366
Epoch 170, loss_inner: 1.22025, loss_target: 1.22248, homo loss: 0.02990 
acc_train_clean: 0.6486, ASR_train_attach: 0.7688, ASR_train_outter: 0.7485
Epoch 180, loss_inner: 1.21258, loss_target: 1.21477, homo loss: 0.02964 
acc_train_clean: 0.6502, ASR_train_attach: 0.7938, ASR_train_outter: 0.7768
Epoch 190, loss_inner: 1.20548, loss_target: 1.20725, homo loss: 0.03005 
acc_train_clean: 0.6518, ASR_train_attach: 0.8188, ASR_train_outter: 0.7932
Epoch 200, loss_inner: 1.19915, loss_target: 1.20037, homo loss: 0.03019 
acc_train_clean: 0.6527, ASR_train_attach: 0.8500, ASR_train_outter: 0.8080
Epoch 210, loss_inner: 1.19322, loss_target: 1.19360, homo loss: 0.02968 
acc_train_clean: 0.6548, ASR_train_attach: 0.8750, ASR_train_outter: 0.8214
Epoch 220, loss_inner: 1.18757, loss_target: 1.18664, homo loss: 0.02930 
acc_train_clean: 0.6551, ASR_train_attach: 0.8875, ASR_train_outter: 0.8438
Epoch 230, loss_inner: 1.18338, loss_target: 1.18173, homo loss: 0.03041 
acc_train_clean: 0.6555, ASR_train_attach: 0.8875, ASR_train_outter: 0.8616
Epoch 240, loss_inner: 1.17764, loss_target: 1.17553, homo loss: 0.02946 
acc_train_clean: 0.6572, ASR_train_attach: 0.9000, ASR_train_outter: 0.8720
Epoch 250, loss_inner: 1.17102, loss_target: 1.16834, homo loss: 0.02939 
acc_train_clean: 0.6599, ASR_train_attach: 0.9062, ASR_train_outter: 0.8899
Epoch 260, loss_inner: 1.16392, loss_target: 1.16094, homo loss: 0.03129 
acc_train_clean: 0.6616, ASR_train_attach: 0.9125, ASR_train_outter: 0.8988
Epoch 270, loss_inner: 1.15812, loss_target: 1.15549, homo loss: 0.02912 
acc_train_clean: 0.6633, ASR_train_attach: 0.9375, ASR_train_outter: 0.9048
Epoch 280, loss_inner: 1.15344, loss_target: 1.15232, homo loss: 0.03187 
acc_train_clean: 0.6640, ASR_train_attach: 0.9563, ASR_train_outter: 0.9256
Epoch 290, loss_inner: 1.14898, loss_target: 1.14444, homo loss: 0.03004 
acc_train_clean: 0.6652, ASR_train_attach: 0.9750, ASR_train_outter: 0.9539
Epoch 300, loss_inner: 1.14633, loss_target: 1.14351, homo loss: 0.02926 
acc_train_clean: 0.6656, ASR_train_attach: 0.9500, ASR_train_outter: 0.9330
Epoch 310, loss_inner: 1.14368, loss_target: 1.14362, homo loss: 0.03973 
acc_train_clean: 0.6674, ASR_train_attach: 0.9188, ASR_train_outter: 0.9062
Epoch 320, loss_inner: 1.13726, loss_target: 1.14937, homo loss: 0.03682 
acc_train_clean: 0.6682, ASR_train_attach: 1.0000, ASR_train_outter: 0.9866
Epoch 330, loss_inner: 1.13307, loss_target: 1.15395, homo loss: 0.03543 
acc_train_clean: 0.6685, ASR_train_attach: 1.0000, ASR_train_outter: 0.9881
Epoch 340, loss_inner: 1.13008, loss_target: 1.15246, homo loss: 0.03538 
acc_train_clean: 0.6696, ASR_train_attach: 1.0000, ASR_train_outter: 0.9911
Epoch 350, loss_inner: 1.12800, loss_target: 1.14981, homo loss: 0.03534 
acc_train_clean: 0.6698, ASR_train_attach: 1.0000, ASR_train_outter: 0.9926
Epoch 360, loss_inner: 1.12626, loss_target: 1.14468, homo loss: 0.03525 
acc_train_clean: 0.6703, ASR_train_attach: 1.0000, ASR_train_outter: 0.9926
Epoch 370, loss_inner: 1.12418, loss_target: 1.13706, homo loss: 0.03494 
acc_train_clean: 0.6716, ASR_train_attach: 1.0000, ASR_train_outter: 0.9926
Epoch 380, loss_inner: 1.12267, loss_target: 1.12352, homo loss: 0.03418 
acc_train_clean: 0.6713, ASR_train_attach: 1.0000, ASR_train_outter: 0.9926
Epoch 390, loss_inner: 1.12227, loss_target: 1.13686, homo loss: 0.03852 
acc_train_clean: 0.6725, ASR_train_attach: 1.0000, ASR_train_outter: 0.9926
Epoch 400, loss_inner: 1.12086, loss_target: 1.15882, homo loss: 0.03741 
acc_train_clean: 0.6721, ASR_train_attach: 1.0000, ASR_train_outter: 0.9926
Epoch 410, loss_inner: 1.12095, loss_target: 1.16827, homo loss: 0.03746 
acc_train_clean: 0.6718, ASR_train_attach: 0.9938, ASR_train_outter: 0.9940
Epoch 420, loss_inner: 1.11882, loss_target: 1.16680, homo loss: 0.03748 
acc_train_clean: 0.6723, ASR_train_attach: 0.9938, ASR_train_outter: 0.9955
Epoch 430, loss_inner: 1.11814, loss_target: 1.15939, homo loss: 0.03743 
acc_train_clean: 0.6728, ASR_train_attach: 1.0000, ASR_train_outter: 0.9940
Epoch 440, loss_inner: 1.11627, loss_target: 1.14802, homo loss: 0.03727 
acc_train_clean: 0.6728, ASR_train_attach: 0.9938, ASR_train_outter: 0.9955
Epoch 450, loss_inner: 1.11516, loss_target: 1.14259, homo loss: 0.03691 
acc_train_clean: 0.6738, ASR_train_attach: 0.9938, ASR_train_outter: 0.9955
Epoch 460, loss_inner: 1.11402, loss_target: 1.12428, homo loss: 0.03617 
acc_train_clean: 0.6735, ASR_train_attach: 0.9938, ASR_train_outter: 0.9955
Epoch 470, loss_inner: 1.12603, loss_target: 1.20253, homo loss: 0.04283 
acc_train_clean: 0.6716, ASR_train_attach: 1.0000, ASR_train_outter: 0.9955
Epoch 480, loss_inner: 1.11627, loss_target: 1.20180, homo loss: 0.04078 
acc_train_clean: 0.6748, ASR_train_attach: 1.0000, ASR_train_outter: 0.9940
Epoch 490, loss_inner: 1.12762, loss_target: 1.33622, homo loss: 0.04018 
acc_train_clean: 0.6723, ASR_train_attach: 1.0000, ASR_train_outter: 0.9926
Epoch 500, loss_inner: 1.65961, loss_target: 3.06752, homo loss: 0.06132 
acc_train_clean: 0.6055, ASR_train_attach: 1.0000, ASR_train_outter: 0.9568
Epoch 510, loss_inner: 1.34257, loss_target: 2.60830, homo loss: 0.05920 
acc_train_clean: 0.6398, ASR_train_attach: 1.0000, ASR_train_outter: 0.0074
Epoch 520, loss_inner: 1.40807, loss_target: 3.88584, homo loss: 0.06371 
acc_train_clean: 0.6152, ASR_train_attach: 1.0000, ASR_train_outter: 0.0938
Epoch 530, loss_inner: 1.30940, loss_target: 2.87164, homo loss: 0.06311 
acc_train_clean: 0.6468, ASR_train_attach: 1.0000, ASR_train_outter: 0.5655
Epoch 540, loss_inner: 1.29278, loss_target: 2.81509, homo loss: 0.07379 
acc_train_clean: 0.6439, ASR_train_attach: 1.0000, ASR_train_outter: 0.8363
Epoch 550, loss_inner: 1.81088, loss_target: 4.94815, homo loss: 0.11612 
acc_train_clean: 0.5888, ASR_train_attach: 1.0000, ASR_train_outter: 1.0000
Epoch 560, loss_inner: 1.84289, loss_target: 4.43460, homo loss: 0.12067 
acc_train_clean: 0.5832, ASR_train_attach: 1.0000, ASR_train_outter: 1.0000
Epoch 570, loss_inner: 1.55705, loss_target: 10.93634, homo loss: 0.12305 
acc_train_clean: 0.6136, ASR_train_attach: 1.0000, ASR_train_outter: 0.0000
Epoch 580, loss_inner: 1.69669, loss_target: 4.52610, homo loss: 0.16251 
acc_train_clean: 0.5810, ASR_train_attach: 1.0000, ASR_train_outter: 0.4926
Epoch 590, loss_inner: 1.75638, loss_target: 3.81007, homo loss: 0.17658 
acc_train_clean: 0.5599, ASR_train_attach: 1.0000, ASR_train_outter: 1.0000
Epoch 600, loss_inner: 1.84624, loss_target: 5.96751, homo loss: 0.19354 
acc_train_clean: 0.5643, ASR_train_attach: 1.0000, ASR_train_outter: 1.0000
Epoch 610, loss_inner: 1.84093, loss_target: 4.23702, homo loss: 0.21060 
acc_train_clean: 0.5722, ASR_train_attach: 1.0000, ASR_train_outter: 1.0000
Epoch 620, loss_inner: 1.64268, loss_target: 5.15699, homo loss: 0.23831 
acc_train_clean: 0.5738, ASR_train_attach: 1.0000, ASR_train_outter: 0.2500
Epoch 630, loss_inner: 1.61739, loss_target: 5.72830, homo loss: 0.26958 
acc_train_clean: 0.5904, ASR_train_attach: 1.0000, ASR_train_outter: 1.0000
Epoch 640, loss_inner: 1.48162, loss_target: 4.84091, homo loss: 0.25937 
acc_train_clean: 0.6066, ASR_train_attach: 1.0000, ASR_train_outter: 1.0000
Epoch 650, loss_inner: 1.34734, loss_target: 3.88267, homo loss: 0.25111 
acc_train_clean: 0.6194, ASR_train_attach: 1.0000, ASR_train_outter: 1.0000
Epoch 660, loss_inner: 1.35220, loss_target: 3.75041, homo loss: 0.21775 
acc_train_clean: 0.6229, ASR_train_attach: 1.0000, ASR_train_outter: 1.0000
Epoch 670, loss_inner: 1.33979, loss_target: 3.74799, homo loss: 0.20358 
acc_train_clean: 0.6259, ASR_train_attach: 1.0000, ASR_train_outter: 1.0000
Epoch 680, loss_inner: 1.51154, loss_target: 4.02638, homo loss: 0.27431 
acc_train_clean: 0.6208, ASR_train_attach: 1.0000, ASR_train_outter: 1.0000
Epoch 690, loss_inner: 1.31503, loss_target: 2.01669, homo loss: 0.23043 
acc_train_clean: 0.6306, ASR_train_attach: 1.0000, ASR_train_outter: 1.0000
Epoch 700, loss_inner: 1.28974, loss_target: 1.47602, homo loss: 0.20816 
acc_train_clean: 0.6349, ASR_train_attach: 1.0000, ASR_train_outter: 1.0000
Epoch 710, loss_inner: 1.24102, loss_target: 1.26912, homo loss: 0.19289 
acc_train_clean: 0.6428, ASR_train_attach: 1.0000, ASR_train_outter: 1.0000
Epoch 720, loss_inner: 1.25244, loss_target: 1.51972, homo loss: 0.18199 
acc_train_clean: 0.6423, ASR_train_attach: 1.0000, ASR_train_outter: 1.0000
Epoch 730, loss_inner: 1.21582, loss_target: 1.20664, homo loss: 0.17513 
acc_train_clean: 0.6471, ASR_train_attach: 1.0000, ASR_train_outter: 1.0000
Epoch 740, loss_inner: 1.20649, loss_target: 1.19382, homo loss: 0.16608 
acc_train_clean: 0.6495, ASR_train_attach: 1.0000, ASR_train_outter: 1.0000
Epoch 750, loss_inner: 1.22320, loss_target: 1.57795, homo loss: 0.15933 
acc_train_clean: 0.6487, ASR_train_attach: 1.0000, ASR_train_outter: 1.0000
Epoch 760, loss_inner: 1.19592, loss_target: 1.17923, homo loss: 0.15561 
acc_train_clean: 0.6521, ASR_train_attach: 1.0000, ASR_train_outter: 1.0000
Epoch 770, loss_inner: 1.19208, loss_target: 1.17560, homo loss: 0.14949 
acc_train_clean: 0.6530, ASR_train_attach: 1.0000, ASR_train_outter: 1.0000
Epoch 780, loss_inner: 1.18811, loss_target: 1.21308, homo loss: 0.14197 
acc_train_clean: 0.6536, ASR_train_attach: 1.0000, ASR_train_outter: 1.0000
Epoch 790, loss_inner: 1.18314, loss_target: 1.16729, homo loss: 0.13666 
acc_train_clean: 0.6553, ASR_train_attach: 1.0000, ASR_train_outter: 0.9970
load best weight based on the loss outter
precent of left attach nodes: 1.000
Namespace(cuda=True, dataset='ogbn-arxiv', debug=True, defense_mode='none', device_id=1, dis_weight=0.0, dropout=0.5, epochs=800, evaluate_mode='1by1', hidden=32, homo_boost_thrd=1.0, homo_loss_weight=100.0, inner=1, lr=0.01, model='GCN', no_cuda=False, prune_thr=0.8, seed=265, selection_method='cluster_degree', target_class=0, target_loss_weight=1, test_model='GCN', thrd=0.5, train_lr=0.01, trigger_size=3, trojan_epochs=800, use_vs_number=True, vs_number=160, vs_ratio=0, weight_decay=0.0005)
target class rate on Vs: 0.9313
accuracy on clean test nodes: 0.6552
Overall ASR: 0.8601
Flip ASR: 0.8596/16875 nodes
Namespace(cuda=True, dataset='ogbn-arxiv', debug=True, defense_mode='none', device_id=1, dis_weight=0.0, dropout=0.5, epochs=800, evaluate_mode='1by1', hidden=32, homo_boost_thrd=1.0, homo_loss_weight=100.0, inner=1, lr=0.01, model='GCN', no_cuda=False, prune_thr=0.8, seed=125, selection_method='cluster_degree', target_class=0, target_loss_weight=1, test_model='GCN', thrd=0.5, train_lr=0.01, trigger_size=3, trojan_epochs=800, use_vs_number=True, vs_number=160, vs_ratio=0, weight_decay=0.0005)
target class rate on Vs: 0.9062
accuracy on clean test nodes: 0.6570
Overall ASR: 0.8368
Flip ASR: 0.8363/16875 nodes
Namespace(cuda=True, dataset='ogbn-arxiv', debug=True, defense_mode='none', device_id=1, dis_weight=0.0, dropout=0.5, epochs=800, evaluate_mode='1by1', hidden=32, homo_boost_thrd=1.0, homo_loss_weight=100.0, inner=1, lr=0.01, model='GCN', no_cuda=False, prune_thr=0.8, seed=996, selection_method='cluster_degree', target_class=0, target_loss_weight=1, test_model='GCN', thrd=0.5, train_lr=0.01, trigger_size=3, trojan_epochs=800, use_vs_number=True, vs_number=160, vs_ratio=0, weight_decay=0.0005)
target class rate on Vs: 0.8938
accuracy on clean test nodes: 0.6601
Overall ASR: 0.8449
Flip ASR: 0.8443/16875 nodes
Namespace(cuda=True, dataset='ogbn-arxiv', debug=True, defense_mode='none', device_id=1, dis_weight=0.0, dropout=0.5, epochs=800, evaluate_mode='1by1', hidden=32, homo_boost_thrd=1.0, homo_loss_weight=100.0, inner=1, lr=0.01, model='GCN', no_cuda=False, prune_thr=0.8, seed=527, selection_method='cluster_degree', target_class=0, target_loss_weight=1, test_model='GCN', thrd=0.5, train_lr=0.01, trigger_size=3, trojan_epochs=800, use_vs_number=True, vs_number=160, vs_ratio=0, weight_decay=0.0005)
target class rate on Vs: 0.8938
accuracy on clean test nodes: 0.6541
Overall ASR: 0.8564
Flip ASR: 0.8559/16875 nodes
Namespace(cuda=True, dataset='ogbn-arxiv', debug=True, defense_mode='none', device_id=1, dis_weight=0.0, dropout=0.5, epochs=800, evaluate_mode='1by1', hidden=32, homo_boost_thrd=1.0, homo_loss_weight=100.0, inner=1, lr=0.01, model='GCN', no_cuda=False, prune_thr=0.8, seed=320, selection_method='cluster_degree', target_class=0, target_loss_weight=1, test_model='GCN', thrd=0.5, train_lr=0.01, trigger_size=3, trojan_epochs=800, use_vs_number=True, vs_number=160, vs_ratio=0, weight_decay=0.0005)
target class rate on Vs: 0.8813
accuracy on clean test nodes: 0.6540
Overall ASR: 0.8435
Flip ASR: 0.8429/16875 nodes
Overall ASR: 0.8483 (GCN model, Seed: 320)
Overall Clean Accuracy: 0.6561
Namespace(cuda=True, dataset='ogbn-arxiv', debug=True, defense_mode='none', device_id=1, dis_weight=0.0, dropout=0.5, epochs=800, evaluate_mode='1by1', hidden=32, homo_boost_thrd=1.0, homo_loss_weight=100.0, inner=1, lr=0.01, model='GCN', no_cuda=False, prune_thr=0.8, seed=781, selection_method='cluster_degree', target_class=0, target_loss_weight=1, test_model='GAT', thrd=0.5, train_lr=0.01, trigger_size=3, trojan_epochs=800, use_vs_number=True, vs_number=160, vs_ratio=0, weight_decay=0.0005)
/home/project-graph-backdoor/Backdoor/models/GAT.py:61: UserWarning: To copy construct from a tensor, it is recommended to use sourceTensor.clone().detach() or sourceTensor.clone().detach().requires_grad_(True), rather than torch.tensor(sourceTensor).
  self.labels = torch.tensor(labels, dtype=torch.long)
target class rate on Vs: 0.3688
accuracy on clean test nodes: 0.6512
Overall ASR: 0.5792
Flip ASR: 0.5778/16875 nodes
Namespace(cuda=True, dataset='ogbn-arxiv', debug=True, defense_mode='none', device_id=1, dis_weight=0.0, dropout=0.5, epochs=800, evaluate_mode='1by1', hidden=32, homo_boost_thrd=1.0, homo_loss_weight=100.0, inner=1, lr=0.01, model='GCN', no_cuda=False, prune_thr=0.8, seed=706, selection_method='cluster_degree', target_class=0, target_loss_weight=1, test_model='GAT', thrd=0.5, train_lr=0.01, trigger_size=3, trojan_epochs=800, use_vs_number=True, vs_number=160, vs_ratio=0, weight_decay=0.0005)
target class rate on Vs: 0.6813
accuracy on clean test nodes: 0.6545
Overall ASR: 0.6237
Flip ASR: 0.6227/16875 nodes
Namespace(cuda=True, dataset='ogbn-arxiv', debug=True, defense_mode='none', device_id=1, dis_weight=0.0, dropout=0.5, epochs=800, evaluate_mode='1by1', hidden=32, homo_boost_thrd=1.0, homo_loss_weight=100.0, inner=1, lr=0.01, model='GCN', no_cuda=False, prune_thr=0.8, seed=778, selection_method='cluster_degree', target_class=0, target_loss_weight=1, test_model='GAT', thrd=0.5, train_lr=0.01, trigger_size=3, trojan_epochs=800, use_vs_number=True, vs_number=160, vs_ratio=0, weight_decay=0.0005)
target class rate on Vs: 0.4375
accuracy on clean test nodes: 0.6494
Overall ASR: 0.5599
Flip ASR: 0.5588/16875 nodes
Namespace(cuda=True, dataset='ogbn-arxiv', debug=True, defense_mode='none', device_id=1, dis_weight=0.0, dropout=0.5, epochs=800, evaluate_mode='1by1', hidden=32, homo_boost_thrd=1.0, homo_loss_weight=100.0, inner=1, lr=0.01, model='GCN', no_cuda=False, prune_thr=0.8, seed=604, selection_method='cluster_degree', target_class=0, target_loss_weight=1, test_model='GAT', thrd=0.5, train_lr=0.01, trigger_size=3, trojan_epochs=800, use_vs_number=True, vs_number=160, vs_ratio=0, weight_decay=0.0005)
target class rate on Vs: 0.6250
accuracy on clean test nodes: 0.6526
Overall ASR: 0.6345
Flip ASR: 0.6335/16875 nodes
Namespace(cuda=True, dataset='ogbn-arxiv', debug=True, defense_mode='none', device_id=1, dis_weight=0.0, dropout=0.5, epochs=800, evaluate_mode='1by1', hidden=32, homo_boost_thrd=1.0, homo_loss_weight=100.0, inner=1, lr=0.01, model='GCN', no_cuda=False, prune_thr=0.8, seed=133, selection_method='cluster_degree', target_class=0, target_loss_weight=1, test_model='GAT', thrd=0.5, train_lr=0.01, trigger_size=3, trojan_epochs=800, use_vs_number=True, vs_number=160, vs_ratio=0, weight_decay=0.0005)
target class rate on Vs: 0.4938
accuracy on clean test nodes: 0.6519
Overall ASR: 0.6176
Flip ASR: 0.6163/16875 nodes
Overall ASR: 0.6030 (GAT model, Seed: 133)
Overall Clean Accuracy: 0.6519
Namespace(cuda=True, dataset='ogbn-arxiv', debug=True, defense_mode='none', device_id=1, dis_weight=0.0, dropout=0.5, epochs=800, evaluate_mode='1by1', hidden=32, homo_boost_thrd=1.0, homo_loss_weight=100.0, inner=1, lr=0.01, model='GCN', no_cuda=False, prune_thr=0.8, seed=673, selection_method='cluster_degree', target_class=0, target_loss_weight=1, test_model='GraphSage', thrd=0.5, train_lr=0.01, trigger_size=3, trojan_epochs=800, use_vs_number=True, vs_number=160, vs_ratio=0, weight_decay=0.0005)
target class rate on Vs: 0.7312
accuracy on clean test nodes: 0.6529
Overall ASR: 0.6785
Flip ASR: 0.6775/16875 nodes
Namespace(cuda=True, dataset='ogbn-arxiv', debug=True, defense_mode='none', device_id=1, dis_weight=0.0, dropout=0.5, epochs=800, evaluate_mode='1by1', hidden=32, homo_boost_thrd=1.0, homo_loss_weight=100.0, inner=1, lr=0.01, model='GCN', no_cuda=False, prune_thr=0.8, seed=904, selection_method='cluster_degree', target_class=0, target_loss_weight=1, test_model='GraphSage', thrd=0.5, train_lr=0.01, trigger_size=3, trojan_epochs=800, use_vs_number=True, vs_number=160, vs_ratio=0, weight_decay=0.0005)
target class rate on Vs: 0.7812
accuracy on clean test nodes: 0.6548
Overall ASR: 0.6961
Flip ASR: 0.6951/16875 nodes
Namespace(cuda=True, dataset='ogbn-arxiv', debug=True, defense_mode='none', device_id=1, dis_weight=0.0, dropout=0.5, epochs=800, evaluate_mode='1by1', hidden=32, homo_boost_thrd=1.0, homo_loss_weight=100.0, inner=1, lr=0.01, model='GCN', no_cuda=False, prune_thr=0.8, seed=56, selection_method='cluster_degree', target_class=0, target_loss_weight=1, test_model='GraphSage', thrd=0.5, train_lr=0.01, trigger_size=3, trojan_epochs=800, use_vs_number=True, vs_number=160, vs_ratio=0, weight_decay=0.0005)
target class rate on Vs: 0.8125
accuracy on clean test nodes: 0.6556
Overall ASR: 0.7199
Flip ASR: 0.7189/16875 nodes
Namespace(cuda=True, dataset='ogbn-arxiv', debug=True, defense_mode='none', device_id=1, dis_weight=0.0, dropout=0.5, epochs=800, evaluate_mode='1by1', hidden=32, homo_boost_thrd=1.0, homo_loss_weight=100.0, inner=1, lr=0.01, model='GCN', no_cuda=False, prune_thr=0.8, seed=1, selection_method='cluster_degree', target_class=0, target_loss_weight=1, test_model='GraphSage', thrd=0.5, train_lr=0.01, trigger_size=3, trojan_epochs=800, use_vs_number=True, vs_number=160, vs_ratio=0, weight_decay=0.0005)
target class rate on Vs: 0.8125
accuracy on clean test nodes: 0.6607
Overall ASR: 0.7346
Flip ASR: 0.7337/16875 nodes
Namespace(cuda=True, dataset='ogbn-arxiv', debug=True, defense_mode='none', device_id=1, dis_weight=0.0, dropout=0.5, epochs=800, evaluate_mode='1by1', hidden=32, homo_boost_thrd=1.0, homo_loss_weight=100.0, inner=1, lr=0.01, model='GCN', no_cuda=False, prune_thr=0.8, seed=694, selection_method='cluster_degree', target_class=0, target_loss_weight=1, test_model='GraphSage', thrd=0.5, train_lr=0.01, trigger_size=3, trojan_epochs=800, use_vs_number=True, vs_number=160, vs_ratio=0, weight_decay=0.0005)
target class rate on Vs: 0.7750
accuracy on clean test nodes: 0.6553
Overall ASR: 0.7115
Flip ASR: 0.7105/16875 nodes
Overall ASR: 0.7081 (GraphSage model, Seed: 694)
Overall Clean Accuracy: 0.6559
Total Overall ASR: 0.7198 
Total Clean Accuracy: 0.6546
