nohup: ignoring input
run_adaptive.py:8: DeprecationWarning: the imp module is deprecated in favour of importlib; see the module's documentation for alternative uses
  import imp
Namespace(cuda=True, dataset='ogbn-arxiv', debug=True, defense_mode='none', device_id=1, dis_weight=0.0, dropout=0.5, epochs=200, evaluate_mode='1by1', hidden=32, homo_boost_thrd=0.8, homo_loss_weight=100.0, inner=1, lr=0.01, model='GCN', no_cuda=False, prune_thr=0.8, seed=10, selection_method='cluster_degree', target_class=0, target_loss_weight=1, test_model='GCN', thrd=0.5, train_lr=0.01, trigger_size=3, trojan_epochs=800, use_vs_number=True, vs_number=400, vs_ratio=0, weight_decay=0.0005)
#Attach Nodes:400
./selected_nodes/ogbn-arxiv/Overall/seed10/nodes.txt
idx_attach: tensor([132437, 159342, 115859,  11103, 127522,  67544,  82569, 161886,  62976,
         13773,  68963, 144203,  19681,    750, 156733,  86828,  18909,  82685,
         81700, 164714, 103734,  65352,  47692,  14294, 153213,  78523,   1385,
         50714, 156839, 144199,  88403,  58221,  56228,  88511,  12909, 156645,
         93340, 136107,  80139,    622,   1438,   7666, 133129, 127534, 106596,
        102712,   4269,  55140, 125068, 152827, 135150,  23527,   3609,   6462,
        121168, 152542,   6165, 126338,  90948,  77520,  47397, 106658,  68636,
        109074,  69509, 138501,  13873,  20117,  83448,   3102, 143264,  91042,
         54237,  58770, 165138, 126351,  55671,  99141,  13704, 136218,  16458,
         43368, 146276,  31105, 112018,  77110, 104399,  46245, 147007,   5821,
         19313,  91731,  20583, 142204,  80573,   7668,  83587, 128743, 143180,
         91852,  75911,  65787, 153365, 126297,  39114, 104240,  77327,   4583,
           512,  48952,  28134,  38432,  10832,  61628, 127678, 138417, 147495,
         98345,  93057,  33697, 138811, 124659, 133488,  71285,  47676,   1298,
        167767,  47649, 124811,  39955,  70652, 138116,  94425, 163083,  21820,
        133451,  73518, 132097,  23608,  13837, 125639,  40347, 163907,   5087,
          6422, 119164, 165901,   5059,  83768,  27180, 100388,  35462, 116799,
          3703,   5670,  48904,  68159, 113552, 160597,  96989, 127472, 136647,
        148726, 125053, 138149, 138315, 141422,  76351,  76598,  59904, 148285,
         70903, 165759,  39375, 136221, 140976,  63383,  42932,  75075,  71850,
         73993,  30102,  65808,  62714,  45851,  95186,  36002,  74863,  64652,
        161830, 145444, 126027,  60679,  73713,  93896, 146527, 169172, 114189,
         95782,  93842, 148869, 112848,  68654,   4485, 168944, 140981,  72175,
         45679,  20436,   7628, 115596, 130154, 135469,  14337,  63022,  17599,
        122842, 103833,  45706,  81303,  13852,  81871, 114723, 142817,  28988,
         48225,  21674,  34318, 111176, 158279, 146881,  34991,  76669,  13346,
         17731, 138128, 136891, 117554,  40123,  52955, 103517, 141078,  75105,
         82512, 168762, 139593, 118896,  12297, 138395,  64922,  55710,  22340,
         76111,  93384, 111925,   5010,  13015, 116348, 150061, 130103, 141021,
         64826, 144901, 106175,  92109,  89940,  71933, 144027,  36882,  41628,
         55044,  12828,  41681,  14340,  23638, 144925,  62265,  35737, 155976,
        161925,  63089, 135644, 164665,   9848, 124525,  66260,  78580,  66041,
          4226, 128942,  52300,  86426, 146623,  42022,  64582,  63272, 144613,
         12980,  93063, 146301, 166120, 109587, 144883,  58222, 119761, 126871,
        112989,  47264,  44224,  76605, 125250,  85029, 139694, 119661,  82517,
         10258,   5687,  86843,  93827,  30524, 146837, 142859,   3796, 104188,
         59645, 150266,  63460, 152939, 132153,  87353, 155538,  28127,  86437,
           591,  14225, 111064,  72841,  91588, 121367, 129042,  82694, 139395,
        116755,  46308,  15022,  85320,  72395, 143355, 128020,  15828, 143322,
         55075,  51976,  81577,  12925,  52480,  77357, 123824, 117210, 101747,
         38371,  89521, 120166,  15685,  29096,  24361,   9035, 130319,   6402,
         54168, 138793,  78393,  97894,  85421, 150077, 147429,  30273,  47541,
        101610, 157814,  45601, 169188, 146774,  52883,  71248, 152946,  56090,
         48566,  94860,  87246, 155373,  48973, 147804,  56436,  69861, 158491,
        124225, 157846,  36579,  12832], device='cuda:1')
tensor([     1,      2,      3,  ..., 169334, 169336, 169338], device='cuda:1')
Epoch 0, loss_inner: 3.74860, loss_target: 3.62830, homo loss: 0.80375 
acc_train_clean: 0.0089, ASR_train_attach: 0.0000, ASR_train_outter: 0.0000
Epoch 10, loss_inner: 3.03975, loss_target: 3.08981, homo loss: 0.00409 
acc_train_clean: 0.2705, ASR_train_attach: 0.0000, ASR_train_outter: 0.0000
Epoch 20, loss_inner: 2.77765, loss_target: 2.75928, homo loss: 0.00120 
acc_train_clean: 0.2861, ASR_train_attach: 0.0000, ASR_train_outter: 0.0000
Epoch 30, loss_inner: 2.47134, loss_target: 2.42657, homo loss: 0.00065 
acc_train_clean: 0.3586, ASR_train_attach: 0.1775, ASR_train_outter: 0.3794
Epoch 40, loss_inner: 2.16297, loss_target: 2.11353, homo loss: 0.00058 
acc_train_clean: 0.4414, ASR_train_attach: 0.9125, ASR_train_outter: 0.8849
Epoch 50, loss_inner: 1.91383, loss_target: 1.87081, homo loss: 0.00054 
acc_train_clean: 0.5029, ASR_train_attach: 0.9325, ASR_train_outter: 0.9189
Epoch 60, loss_inner: 1.72647, loss_target: 1.69148, homo loss: 0.00059 
acc_train_clean: 0.5368, ASR_train_attach: 0.9500, ASR_train_outter: 0.9331
Epoch 70, loss_inner: 1.59805, loss_target: 1.56809, homo loss: 0.00052 
acc_train_clean: 0.5638, ASR_train_attach: 0.9875, ASR_train_outter: 0.9704
Epoch 80, loss_inner: 1.50541, loss_target: 1.47949, homo loss: 0.00047 
acc_train_clean: 0.5860, ASR_train_attach: 0.9850, ASR_train_outter: 0.9671
Epoch 90, loss_inner: 1.43708, loss_target: 1.41411, homo loss: 0.00042 
acc_train_clean: 0.6002, ASR_train_attach: 0.9900, ASR_train_outter: 0.9704
Epoch 100, loss_inner: 1.38703, loss_target: 1.36583, homo loss: 0.00037 
acc_train_clean: 0.6102, ASR_train_attach: 0.9925, ASR_train_outter: 0.9770
Epoch 110, loss_inner: 1.34991, loss_target: 1.32991, homo loss: 0.00031 
acc_train_clean: 0.6174, ASR_train_attach: 0.9925, ASR_train_outter: 0.9781
Epoch 120, loss_inner: 1.31852, loss_target: 1.29859, homo loss: 0.00024 
acc_train_clean: 0.6233, ASR_train_attach: 0.9950, ASR_train_outter: 0.9814
Epoch 130, loss_inner: 1.28785, loss_target: 1.26820, homo loss: 0.00015 
acc_train_clean: 0.6297, ASR_train_attach: 0.9975, ASR_train_outter: 0.9868
Epoch 140, loss_inner: 1.26227, loss_target: 1.24350, homo loss: 0.00010 
acc_train_clean: 0.6359, ASR_train_attach: 0.9950, ASR_train_outter: 0.9846
Epoch 150, loss_inner: 1.24324, loss_target: 1.22525, homo loss: 0.00005 
acc_train_clean: 0.6396, ASR_train_attach: 0.9975, ASR_train_outter: 0.9868
Epoch 160, loss_inner: 1.22919, loss_target: 1.21174, homo loss: 0.00006 
acc_train_clean: 0.6428, ASR_train_attach: 1.0000, ASR_train_outter: 0.9879
Epoch 170, loss_inner: 1.21828, loss_target: 1.20074, homo loss: 0.00002 
acc_train_clean: 0.6445, ASR_train_attach: 1.0000, ASR_train_outter: 0.9901
Epoch 180, loss_inner: 1.20928, loss_target: 1.19179, homo loss: 0.00002 
acc_train_clean: 0.6465, ASR_train_attach: 1.0000, ASR_train_outter: 0.9923
Epoch 190, loss_inner: 1.20148, loss_target: 1.18414, homo loss: 0.00001 
acc_train_clean: 0.6480, ASR_train_attach: 1.0000, ASR_train_outter: 0.9912
Epoch 200, loss_inner: 1.19253, loss_target: 1.17498, homo loss: 0.00001 
acc_train_clean: 0.6502, ASR_train_attach: 1.0000, ASR_train_outter: 0.9934
Epoch 210, loss_inner: 1.18201, loss_target: 1.16464, homo loss: 0.00001 
acc_train_clean: 0.6532, ASR_train_attach: 1.0000, ASR_train_outter: 0.9934
Epoch 220, loss_inner: 1.17344, loss_target: 1.15658, homo loss: 0.00003 
acc_train_clean: 0.6558, ASR_train_attach: 1.0000, ASR_train_outter: 0.9901
Epoch 230, loss_inner: 1.16662, loss_target: 1.15024, homo loss: 0.00000 
acc_train_clean: 0.6581, ASR_train_attach: 1.0000, ASR_train_outter: 0.9901
Epoch 240, loss_inner: 1.16186, loss_target: 1.14567, homo loss: 0.00011 
acc_train_clean: 0.6603, ASR_train_attach: 1.0000, ASR_train_outter: 0.9923
Epoch 250, loss_inner: 1.15789, loss_target: 1.14152, homo loss: 0.00000 
acc_train_clean: 0.6611, ASR_train_attach: 1.0000, ASR_train_outter: 0.9912
Epoch 260, loss_inner: 1.15432, loss_target: 1.13794, homo loss: 0.00000 
acc_train_clean: 0.6617, ASR_train_attach: 1.0000, ASR_train_outter: 0.9945
Epoch 270, loss_inner: 1.15044, loss_target: 1.13401, homo loss: 0.00000 
acc_train_clean: 0.6627, ASR_train_attach: 1.0000, ASR_train_outter: 0.9934
Epoch 280, loss_inner: 1.14533, loss_target: 1.12907, homo loss: 0.00001 
acc_train_clean: 0.6635, ASR_train_attach: 1.0000, ASR_train_outter: 0.9934
Epoch 290, loss_inner: 1.13904, loss_target: 1.12302, homo loss: 0.00001 
acc_train_clean: 0.6658, ASR_train_attach: 1.0000, ASR_train_outter: 0.9945
Epoch 300, loss_inner: 1.13411, loss_target: 1.11802, homo loss: 0.00002 
acc_train_clean: 0.6664, ASR_train_attach: 1.0000, ASR_train_outter: 0.9945
Epoch 310, loss_inner: 1.13039, loss_target: 1.11406, homo loss: 0.00001 
acc_train_clean: 0.6679, ASR_train_attach: 1.0000, ASR_train_outter: 0.9945
Epoch 320, loss_inner: 1.12645, loss_target: 1.11028, homo loss: 0.00000 
acc_train_clean: 0.6686, ASR_train_attach: 1.0000, ASR_train_outter: 0.9945
Epoch 330, loss_inner: 1.12303, loss_target: 1.10700, homo loss: 0.00000 
acc_train_clean: 0.6693, ASR_train_attach: 1.0000, ASR_train_outter: 0.9956
Epoch 340, loss_inner: 1.12073, loss_target: 1.10503, homo loss: 0.00000 
acc_train_clean: 0.6698, ASR_train_attach: 1.0000, ASR_train_outter: 0.9901
Epoch 350, loss_inner: 1.11833, loss_target: 1.10256, homo loss: 0.00002 
acc_train_clean: 0.6701, ASR_train_attach: 1.0000, ASR_train_outter: 0.9945
Epoch 360, loss_inner: 1.11652, loss_target: 1.10068, homo loss: 0.00000 
acc_train_clean: 0.6707, ASR_train_attach: 1.0000, ASR_train_outter: 0.9956
Epoch 370, loss_inner: 1.11488, loss_target: 1.09911, homo loss: 0.00003 
acc_train_clean: 0.6713, ASR_train_attach: 1.0000, ASR_train_outter: 0.9967
Epoch 380, loss_inner: 1.11534, loss_target: 1.09921, homo loss: 0.00000 
acc_train_clean: 0.6700, ASR_train_attach: 1.0000, ASR_train_outter: 0.9956
Epoch 390, loss_inner: 1.11261, loss_target: 1.09686, homo loss: 0.00001 
acc_train_clean: 0.6713, ASR_train_attach: 1.0000, ASR_train_outter: 0.9956
Epoch 400, loss_inner: 1.11130, loss_target: 1.09551, homo loss: 0.00001 
acc_train_clean: 0.6723, ASR_train_attach: 1.0000, ASR_train_outter: 0.9945
Epoch 410, loss_inner: 1.11001, loss_target: 1.09425, homo loss: 0.00001 
acc_train_clean: 0.6726, ASR_train_attach: 1.0000, ASR_train_outter: 0.9956
Epoch 420, loss_inner: 1.10895, loss_target: 1.09316, homo loss: 0.00000 
acc_train_clean: 0.6729, ASR_train_attach: 1.0000, ASR_train_outter: 0.9956
Epoch 430, loss_inner: 1.10805, loss_target: 1.09260, homo loss: 0.00004 
acc_train_clean: 0.6731, ASR_train_attach: 1.0000, ASR_train_outter: 0.9934
Epoch 440, loss_inner: 1.10704, loss_target: 1.09143, homo loss: 0.00002 
acc_train_clean: 0.6734, ASR_train_attach: 1.0000, ASR_train_outter: 0.9956
Epoch 450, loss_inner: 1.10661, loss_target: 1.09094, homo loss: 0.00002 
acc_train_clean: 0.6741, ASR_train_attach: 1.0000, ASR_train_outter: 0.9967
Epoch 460, loss_inner: 1.10584, loss_target: 1.09265, homo loss: 0.00206 
acc_train_clean: 0.6735, ASR_train_attach: 0.9950, ASR_train_outter: 0.9846
Epoch 470, loss_inner: 1.17369, loss_target: 1.20051, homo loss: 0.00101 
acc_train_clean: 0.6618, ASR_train_attach: 0.9975, ASR_train_outter: 0.9616
Epoch 480, loss_inner: 1.15012, loss_target: 1.15693, homo loss: 0.00167 
acc_train_clean: 0.6621, ASR_train_attach: 1.0000, ASR_train_outter: 0.9868
Epoch 490, loss_inner: 1.12707, loss_target: 1.13728, homo loss: 0.00179 
acc_train_clean: 0.6695, ASR_train_attach: 1.0000, ASR_train_outter: 0.9989
Epoch 500, loss_inner: 1.11321, loss_target: 1.10600, homo loss: 0.00067 
acc_train_clean: 0.6715, ASR_train_attach: 1.0000, ASR_train_outter: 1.0000
Epoch 510, loss_inner: 1.10767, loss_target: 1.10145, homo loss: 0.00068 
acc_train_clean: 0.6743, ASR_train_attach: 1.0000, ASR_train_outter: 1.0000
Epoch 520, loss_inner: 1.10597, loss_target: 1.09674, homo loss: 0.00059 
acc_train_clean: 0.6742, ASR_train_attach: 1.0000, ASR_train_outter: 1.0000
Epoch 530, loss_inner: 1.10515, loss_target: 1.09341, homo loss: 0.00056 
acc_train_clean: 0.6742, ASR_train_attach: 1.0000, ASR_train_outter: 0.9989
Epoch 540, loss_inner: 1.10430, loss_target: 1.09224, homo loss: 0.00055 
acc_train_clean: 0.6745, ASR_train_attach: 1.0000, ASR_train_outter: 0.9989
Epoch 550, loss_inner: 1.10354, loss_target: 1.09136, homo loss: 0.00055 
acc_train_clean: 0.6746, ASR_train_attach: 1.0000, ASR_train_outter: 0.9989
Epoch 560, loss_inner: 1.10296, loss_target: 1.09080, homo loss: 0.00055 
acc_train_clean: 0.6744, ASR_train_attach: 1.0000, ASR_train_outter: 0.9989
Epoch 570, loss_inner: 1.10238, loss_target: 1.09019, homo loss: 0.00055 
acc_train_clean: 0.6746, ASR_train_attach: 1.0000, ASR_train_outter: 0.9978
Epoch 580, loss_inner: 1.10187, loss_target: 1.08963, homo loss: 0.00055 
acc_train_clean: 0.6745, ASR_train_attach: 1.0000, ASR_train_outter: 0.9978
Epoch 590, loss_inner: 1.10138, loss_target: 1.08915, homo loss: 0.00055 
acc_train_clean: 0.6750, ASR_train_attach: 1.0000, ASR_train_outter: 0.9978
Epoch 600, loss_inner: 1.10094, loss_target: 1.08871, homo loss: 0.00056 
acc_train_clean: 0.6751, ASR_train_attach: 1.0000, ASR_train_outter: 0.9978
Epoch 610, loss_inner: 1.10053, loss_target: 1.08830, homo loss: 0.00056 
acc_train_clean: 0.6750, ASR_train_attach: 1.0000, ASR_train_outter: 0.9978
Epoch 620, loss_inner: 1.10013, loss_target: 1.08793, homo loss: 0.00056 
acc_train_clean: 0.6752, ASR_train_attach: 1.0000, ASR_train_outter: 0.9978
Epoch 630, loss_inner: 1.09975, loss_target: 1.08753, homo loss: 0.00056 
acc_train_clean: 0.6753, ASR_train_attach: 1.0000, ASR_train_outter: 0.9978
Epoch 640, loss_inner: 1.09937, loss_target: 1.08717, homo loss: 0.00056 
acc_train_clean: 0.6753, ASR_train_attach: 1.0000, ASR_train_outter: 0.9978
Epoch 650, loss_inner: 1.09901, loss_target: 1.08681, homo loss: 0.00056 
acc_train_clean: 0.6752, ASR_train_attach: 1.0000, ASR_train_outter: 0.9978
Epoch 660, loss_inner: 1.09866, loss_target: 1.08647, homo loss: 0.00056 
acc_train_clean: 0.6753, ASR_train_attach: 1.0000, ASR_train_outter: 0.9978
Epoch 670, loss_inner: 1.09832, loss_target: 1.08615, homo loss: 0.00056 
acc_train_clean: 0.6753, ASR_train_attach: 1.0000, ASR_train_outter: 0.9989
Epoch 680, loss_inner: 1.09799, loss_target: 1.08584, homo loss: 0.00056 
acc_train_clean: 0.6754, ASR_train_attach: 1.0000, ASR_train_outter: 0.9989
Epoch 690, loss_inner: 1.09768, loss_target: 1.08555, homo loss: 0.00056 
acc_train_clean: 0.6755, ASR_train_attach: 1.0000, ASR_train_outter: 1.0000
Epoch 700, loss_inner: 1.09737, loss_target: 1.08526, homo loss: 0.00056 
acc_train_clean: 0.6755, ASR_train_attach: 1.0000, ASR_train_outter: 1.0000
Epoch 710, loss_inner: 1.09707, loss_target: 1.08498, homo loss: 0.00057 
acc_train_clean: 0.6757, ASR_train_attach: 1.0000, ASR_train_outter: 1.0000
Epoch 720, loss_inner: 1.09678, loss_target: 1.08471, homo loss: 0.00057 
acc_train_clean: 0.6756, ASR_train_attach: 1.0000, ASR_train_outter: 1.0000
Epoch 730, loss_inner: 1.09649, loss_target: 1.08445, homo loss: 0.00057 
acc_train_clean: 0.6755, ASR_train_attach: 1.0000, ASR_train_outter: 1.0000
Epoch 740, loss_inner: 1.09621, loss_target: 1.08419, homo loss: 0.00057 
acc_train_clean: 0.6755, ASR_train_attach: 1.0000, ASR_train_outter: 1.0000
Epoch 750, loss_inner: 1.09593, loss_target: 1.08394, homo loss: 0.00057 
acc_train_clean: 0.6755, ASR_train_attach: 1.0000, ASR_train_outter: 1.0000
Epoch 760, loss_inner: 1.09566, loss_target: 1.08371, homo loss: 0.00057 
acc_train_clean: 0.6756, ASR_train_attach: 1.0000, ASR_train_outter: 1.0000
Epoch 770, loss_inner: 1.09539, loss_target: 1.08345, homo loss: 0.00057 
acc_train_clean: 0.6758, ASR_train_attach: 1.0000, ASR_train_outter: 1.0000
Epoch 780, loss_inner: 1.09513, loss_target: 1.08322, homo loss: 0.00057 
acc_train_clean: 0.6758, ASR_train_attach: 1.0000, ASR_train_outter: 1.0000
Epoch 790, loss_inner: 1.09488, loss_target: 1.08300, homo loss: 0.00057 
acc_train_clean: 0.6759, ASR_train_attach: 1.0000, ASR_train_outter: 1.0000
load best weight based on the loss outter
precent of left attach nodes: 1.000
Namespace(cuda=True, dataset='ogbn-arxiv', debug=True, defense_mode='none', device_id=1, dis_weight=0.0, dropout=0.5, epochs=200, evaluate_mode='1by1', hidden=32, homo_boost_thrd=0.8, homo_loss_weight=100.0, inner=1, lr=0.01, model='GCN', no_cuda=False, prune_thr=0.8, seed=265, selection_method='cluster_degree', target_class=0, target_loss_weight=1, test_model='GCN', thrd=0.5, train_lr=0.01, trigger_size=3, trojan_epochs=800, use_vs_number=True, vs_number=400, vs_ratio=0, weight_decay=0.0005)
target class rate on Vs: 1.0000
accuracy on clean test nodes: 0.6394
Overall ASR: 0.9816
Flip ASR: 0.9816/16875 nodes
Namespace(cuda=True, dataset='ogbn-arxiv', debug=True, defense_mode='none', device_id=1, dis_weight=0.0, dropout=0.5, epochs=200, evaluate_mode='1by1', hidden=32, homo_boost_thrd=0.8, homo_loss_weight=100.0, inner=1, lr=0.01, model='GCN', no_cuda=False, prune_thr=0.8, seed=125, selection_method='cluster_degree', target_class=0, target_loss_weight=1, test_model='GCN', thrd=0.5, train_lr=0.01, trigger_size=3, trojan_epochs=800, use_vs_number=True, vs_number=400, vs_ratio=0, weight_decay=0.0005)
target class rate on Vs: 1.0000
accuracy on clean test nodes: 0.6350
Overall ASR: 0.9815
Flip ASR: 0.9815/16875 nodes
Namespace(cuda=True, dataset='ogbn-arxiv', debug=True, defense_mode='none', device_id=1, dis_weight=0.0, dropout=0.5, epochs=200, evaluate_mode='1by1', hidden=32, homo_boost_thrd=0.8, homo_loss_weight=100.0, inner=1, lr=0.01, model='GCN', no_cuda=False, prune_thr=0.8, seed=996, selection_method='cluster_degree', target_class=0, target_loss_weight=1, test_model='GCN', thrd=0.5, train_lr=0.01, trigger_size=3, trojan_epochs=800, use_vs_number=True, vs_number=400, vs_ratio=0, weight_decay=0.0005)
target class rate on Vs: 1.0000
accuracy on clean test nodes: 0.6398
Overall ASR: 0.9740
Flip ASR: 0.9739/16875 nodes
Namespace(cuda=True, dataset='ogbn-arxiv', debug=True, defense_mode='none', device_id=1, dis_weight=0.0, dropout=0.5, epochs=200, evaluate_mode='1by1', hidden=32, homo_boost_thrd=0.8, homo_loss_weight=100.0, inner=1, lr=0.01, model='GCN', no_cuda=False, prune_thr=0.8, seed=527, selection_method='cluster_degree', target_class=0, target_loss_weight=1, test_model='GCN', thrd=0.5, train_lr=0.01, trigger_size=3, trojan_epochs=800, use_vs_number=True, vs_number=400, vs_ratio=0, weight_decay=0.0005)
target class rate on Vs: 1.0000
accuracy on clean test nodes: 0.6431
Overall ASR: 0.9837
Flip ASR: 0.9836/16875 nodes
Namespace(cuda=True, dataset='ogbn-arxiv', debug=True, defense_mode='none', device_id=1, dis_weight=0.0, dropout=0.5, epochs=200, evaluate_mode='1by1', hidden=32, homo_boost_thrd=0.8, homo_loss_weight=100.0, inner=1, lr=0.01, model='GCN', no_cuda=False, prune_thr=0.8, seed=320, selection_method='cluster_degree', target_class=0, target_loss_weight=1, test_model='GCN', thrd=0.5, train_lr=0.01, trigger_size=3, trojan_epochs=800, use_vs_number=True, vs_number=400, vs_ratio=0, weight_decay=0.0005)
target class rate on Vs: 1.0000
accuracy on clean test nodes: 0.6329
Overall ASR: 0.9875
Flip ASR: 0.9874/16875 nodes
Overall ASR: 0.9817 (GCN model, Seed: 320)
Overall Clean Accuracy: 0.6380
Namespace(cuda=True, dataset='ogbn-arxiv', debug=True, defense_mode='none', device_id=1, dis_weight=0.0, dropout=0.5, epochs=200, evaluate_mode='1by1', hidden=32, homo_boost_thrd=0.8, homo_loss_weight=100.0, inner=1, lr=0.01, model='GCN', no_cuda=False, prune_thr=0.8, seed=781, selection_method='cluster_degree', target_class=0, target_loss_weight=1, test_model='GAT', thrd=0.5, train_lr=0.01, trigger_size=3, trojan_epochs=800, use_vs_number=True, vs_number=400, vs_ratio=0, weight_decay=0.0005)
/home/project-graph-backdoor/Backdoor/models/GAT.py:61: UserWarning: To copy construct from a tensor, it is recommended to use sourceTensor.clone().detach() or sourceTensor.clone().detach().requires_grad_(True), rather than torch.tensor(sourceTensor).
  self.labels = torch.tensor(labels, dtype=torch.long)
target class rate on Vs: 1.0000
accuracy on clean test nodes: 0.6469
Overall ASR: 1.0000
Flip ASR: 1.0000/16875 nodes
Namespace(cuda=True, dataset='ogbn-arxiv', debug=True, defense_mode='none', device_id=1, dis_weight=0.0, dropout=0.5, epochs=200, evaluate_mode='1by1', hidden=32, homo_boost_thrd=0.8, homo_loss_weight=100.0, inner=1, lr=0.01, model='GCN', no_cuda=False, prune_thr=0.8, seed=706, selection_method='cluster_degree', target_class=0, target_loss_weight=1, test_model='GAT', thrd=0.5, train_lr=0.01, trigger_size=3, trojan_epochs=800, use_vs_number=True, vs_number=400, vs_ratio=0, weight_decay=0.0005)
target class rate on Vs: 1.0000
accuracy on clean test nodes: 0.6477
Overall ASR: 1.0000
Flip ASR: 1.0000/16875 nodes
Namespace(cuda=True, dataset='ogbn-arxiv', debug=True, defense_mode='none', device_id=1, dis_weight=0.0, dropout=0.5, epochs=200, evaluate_mode='1by1', hidden=32, homo_boost_thrd=0.8, homo_loss_weight=100.0, inner=1, lr=0.01, model='GCN', no_cuda=False, prune_thr=0.8, seed=778, selection_method='cluster_degree', target_class=0, target_loss_weight=1, test_model='GAT', thrd=0.5, train_lr=0.01, trigger_size=3, trojan_epochs=800, use_vs_number=True, vs_number=400, vs_ratio=0, weight_decay=0.0005)
target class rate on Vs: 1.0000
accuracy on clean test nodes: 0.6486
Overall ASR: 1.0000
Flip ASR: 1.0000/16875 nodes
Namespace(cuda=True, dataset='ogbn-arxiv', debug=True, defense_mode='none', device_id=1, dis_weight=0.0, dropout=0.5, epochs=200, evaluate_mode='1by1', hidden=32, homo_boost_thrd=0.8, homo_loss_weight=100.0, inner=1, lr=0.01, model='GCN', no_cuda=False, prune_thr=0.8, seed=604, selection_method='cluster_degree', target_class=0, target_loss_weight=1, test_model='GAT', thrd=0.5, train_lr=0.01, trigger_size=3, trojan_epochs=800, use_vs_number=True, vs_number=400, vs_ratio=0, weight_decay=0.0005)
target class rate on Vs: 1.0000
accuracy on clean test nodes: 0.6469
Overall ASR: 1.0000
Flip ASR: 1.0000/16875 nodes
Namespace(cuda=True, dataset='ogbn-arxiv', debug=True, defense_mode='none', device_id=1, dis_weight=0.0, dropout=0.5, epochs=200, evaluate_mode='1by1', hidden=32, homo_boost_thrd=0.8, homo_loss_weight=100.0, inner=1, lr=0.01, model='GCN', no_cuda=False, prune_thr=0.8, seed=133, selection_method='cluster_degree', target_class=0, target_loss_weight=1, test_model='GAT', thrd=0.5, train_lr=0.01, trigger_size=3, trojan_epochs=800, use_vs_number=True, vs_number=400, vs_ratio=0, weight_decay=0.0005)
target class rate on Vs: 1.0000
accuracy on clean test nodes: 0.6456
Overall ASR: 1.0000
Flip ASR: 1.0000/16875 nodes
Overall ASR: 1.0000 (GAT model, Seed: 133)
Overall Clean Accuracy: 0.6471
Namespace(cuda=True, dataset='ogbn-arxiv', debug=True, defense_mode='none', device_id=1, dis_weight=0.0, dropout=0.5, epochs=200, evaluate_mode='1by1', hidden=32, homo_boost_thrd=0.8, homo_loss_weight=100.0, inner=1, lr=0.01, model='GCN', no_cuda=False, prune_thr=0.8, seed=673, selection_method='cluster_degree', target_class=0, target_loss_weight=1, test_model='GraphSage', thrd=0.5, train_lr=0.01, trigger_size=3, trojan_epochs=800, use_vs_number=True, vs_number=400, vs_ratio=0, weight_decay=0.0005)
target class rate on Vs: 0.9600
accuracy on clean test nodes: 0.6359
Overall ASR: 0.9150
Flip ASR: 0.9147/16875 nodes
Namespace(cuda=True, dataset='ogbn-arxiv', debug=True, defense_mode='none', device_id=1, dis_weight=0.0, dropout=0.5, epochs=200, evaluate_mode='1by1', hidden=32, homo_boost_thrd=0.8, homo_loss_weight=100.0, inner=1, lr=0.01, model='GCN', no_cuda=False, prune_thr=0.8, seed=904, selection_method='cluster_degree', target_class=0, target_loss_weight=1, test_model='GraphSage', thrd=0.5, train_lr=0.01, trigger_size=3, trojan_epochs=800, use_vs_number=True, vs_number=400, vs_ratio=0, weight_decay=0.0005)
target class rate on Vs: 0.9650
accuracy on clean test nodes: 0.6337
Overall ASR: 0.9152
Flip ASR: 0.9149/16875 nodes
Namespace(cuda=True, dataset='ogbn-arxiv', debug=True, defense_mode='none', device_id=1, dis_weight=0.0, dropout=0.5, epochs=200, evaluate_mode='1by1', hidden=32, homo_boost_thrd=0.8, homo_loss_weight=100.0, inner=1, lr=0.01, model='GCN', no_cuda=False, prune_thr=0.8, seed=56, selection_method='cluster_degree', target_class=0, target_loss_weight=1, test_model='GraphSage', thrd=0.5, train_lr=0.01, trigger_size=3, trojan_epochs=800, use_vs_number=True, vs_number=400, vs_ratio=0, weight_decay=0.0005)
target class rate on Vs: 0.9775
accuracy on clean test nodes: 0.6362
Overall ASR: 0.9274
Flip ASR: 0.9271/16875 nodes
Namespace(cuda=True, dataset='ogbn-arxiv', debug=True, defense_mode='none', device_id=1, dis_weight=0.0, dropout=0.5, epochs=200, evaluate_mode='1by1', hidden=32, homo_boost_thrd=0.8, homo_loss_weight=100.0, inner=1, lr=0.01, model='GCN', no_cuda=False, prune_thr=0.8, seed=1, selection_method='cluster_degree', target_class=0, target_loss_weight=1, test_model='GraphSage', thrd=0.5, train_lr=0.01, trigger_size=3, trojan_epochs=800, use_vs_number=True, vs_number=400, vs_ratio=0, weight_decay=0.0005)
target class rate on Vs: 0.9650
accuracy on clean test nodes: 0.6427
Overall ASR: 0.9293
Flip ASR: 0.9290/16875 nodes
Namespace(cuda=True, dataset='ogbn-arxiv', debug=True, defense_mode='none', device_id=1, dis_weight=0.0, dropout=0.5, epochs=200, evaluate_mode='1by1', hidden=32, homo_boost_thrd=0.8, homo_loss_weight=100.0, inner=1, lr=0.01, model='GCN', no_cuda=False, prune_thr=0.8, seed=694, selection_method='cluster_degree', target_class=0, target_loss_weight=1, test_model='GraphSage', thrd=0.5, train_lr=0.01, trigger_size=3, trojan_epochs=800, use_vs_number=True, vs_number=400, vs_ratio=0, weight_decay=0.0005)
target class rate on Vs: 0.9600
accuracy on clean test nodes: 0.6319
Overall ASR: 0.9140
Flip ASR: 0.9137/16875 nodes
Overall ASR: 0.9202 (GraphSage model, Seed: 694)
Overall Clean Accuracy: 0.6361
Total Overall ASR: 0.9673 
Total Clean Accuracy: 0.6404
