nohup: ignoring input
run_adaptive.py:8: DeprecationWarning: the imp module is deprecated in favour of importlib; see the module's documentation for alternative uses
  import imp
Namespace(cuda=True, dataset='ogbn-arxiv', debug=True, defense_mode='prune', device_id=1, dis_weight=0.0, dropout=0.5, epochs=200, evaluate_mode='1by1', hidden=32, homo_boost_thrd=0.8, homo_loss_weight=200.0, inner=1, lr=0.01, model='GCN', no_cuda=False, prune_thr=0.8, seed=10, selection_method='cluster_degree', target_class=0, target_loss_weight=1, test_model='GCN', thrd=0.5, train_lr=0.01, trigger_size=3, trojan_epochs=800, use_vs_number=True, vs_number=400, vs_ratio=0, weight_decay=0.0005)
#Attach Nodes:400
./selected_nodes/ogbn-arxiv/Overall/seed10/nodes.txt
idx_attach: tensor([132437, 159342, 115859,  11103, 127522,  67544,  82569, 161886,  62976,
         13773,  68963, 144203,  19681,    750, 156733,  86828,  18909,  82685,
         81700, 164714, 103734,  65352,  47692,  14294, 153213,  78523,   1385,
         50714, 156839, 144199,  88403,  58221,  56228,  88511,  12909, 156645,
         93340, 136107,  80139,    622,   1438,   7666, 133129, 127534, 106596,
        102712,   4269,  55140, 125068, 152827, 135150,  23527,   3609,   6462,
        121168, 152542,   6165, 126338,  90948,  77520,  47397, 106658,  68636,
        109074,  69509, 138501,  13873,  20117,  83448,   3102, 143264,  91042,
         54237,  58770, 165138, 126351,  55671,  99141,  13704, 136218,  16458,
         43368, 146276,  31105, 112018,  77110, 104399,  46245, 147007,   5821,
         19313,  91731,  20583, 142204,  80573,   7668,  83587, 128743, 143180,
         91852,  75911,  65787, 153365, 126297,  39114, 104240,  77327,   4583,
           512,  48952,  28134,  38432,  10832,  61628, 127678, 138417, 147495,
         98345,  93057,  33697, 138811, 124659, 133488,  71285,  47676,   1298,
        167767,  47649, 124811,  39955,  70652, 138116,  94425, 163083,  21820,
        133451,  73518, 132097,  23608,  13837, 125639,  40347, 163907,   5087,
          6422, 119164, 165901,   5059,  83768,  27180, 100388,  35462, 116799,
          3703,   5670,  48904,  68159, 113552, 160597,  96989, 127472, 136647,
        148726, 125053, 138149, 138315, 141422,  76351,  76598,  59904, 148285,
         70903, 165759,  39375, 136221, 140976,  63383,  42932,  75075,  71850,
         73993,  30102,  65808,  62714,  45851,  95186,  36002,  74863,  64652,
        161830, 145444, 126027,  60679,  73713,  93896, 146527, 169172, 114189,
         95782,  93842, 148869, 112848,  68654,   4485, 168944, 140981,  72175,
         45679,  20436,   7628, 115596, 130154, 135469,  14337,  63022,  17599,
        122842, 103833,  45706,  81303,  13852,  81871, 114723, 142817,  28988,
         48225,  21674,  34318, 111176, 158279, 146881,  34991,  76669,  13346,
         17731, 138128, 136891, 117554,  40123,  52955, 103517, 141078,  75105,
         82512, 168762, 139593, 118896,  12297, 138395,  64922,  55710,  22340,
         76111,  93384, 111925,   5010,  13015, 116348, 150061, 130103, 141021,
         64826, 144901, 106175,  92109,  89940,  71933, 144027,  36882,  41628,
         55044,  12828,  41681,  14340,  23638, 144925,  62265,  35737, 155976,
        161925,  63089, 135644, 164665,   9848, 124525,  66260,  78580,  66041,
          4226, 128942,  52300,  86426, 146623,  42022,  64582,  63272, 144613,
         12980,  93063, 146301, 166120, 109587, 144883,  58222, 119761, 126871,
        112989,  47264,  44224,  76605, 125250,  85029, 139694, 119661,  82517,
         10258,   5687,  86843,  93827,  30524, 146837, 142859,   3796, 104188,
         59645, 150266,  63460, 152939, 132153,  87353, 155538,  28127,  86437,
           591,  14225, 111064,  72841,  91588, 121367, 129042,  82694, 139395,
        116755,  46308,  15022,  85320,  72395, 143355, 128020,  15828, 143322,
         55075,  51976,  81577,  12925,  52480,  77357, 123824, 117210, 101747,
         38371,  89521, 120166,  15685,  29096,  24361,   9035, 130319,   6402,
         54168, 138793,  78393,  97894,  85421, 150077, 147429,  30273,  47541,
        101610, 157814,  45601, 169188, 146774,  52883,  71248, 152946,  56090,
         48566,  94860,  87246, 155373,  48973, 147804,  56436,  69861, 158491,
        124225, 157846,  36579,  12832], device='cuda:1')
tensor([     1,      2,      3,  ..., 169334, 169336, 169338], device='cuda:1')
Epoch 0, loss_inner: 3.74860, loss_target: 3.62830, homo loss: 0.80375 
acc_train_clean: 0.0089, ASR_train_attach: 0.0000, ASR_train_outter: 0.0000
Epoch 10, loss_inner: 3.03979, loss_target: 3.08995, homo loss: 0.00409 
acc_train_clean: 0.2705, ASR_train_attach: 0.0000, ASR_train_outter: 0.0000
Epoch 20, loss_inner: 2.77897, loss_target: 2.76201, homo loss: 0.00088 
acc_train_clean: 0.2865, ASR_train_attach: 0.0000, ASR_train_outter: 0.0000
Epoch 30, loss_inner: 2.47155, loss_target: 2.42757, homo loss: 0.00058 
acc_train_clean: 0.3584, ASR_train_attach: 0.1900, ASR_train_outter: 0.3596
Epoch 40, loss_inner: 2.16450, loss_target: 2.11501, homo loss: 0.00049 
acc_train_clean: 0.4416, ASR_train_attach: 0.9100, ASR_train_outter: 0.8816
Epoch 50, loss_inner: 1.91367, loss_target: 1.87079, homo loss: 0.00041 
acc_train_clean: 0.5029, ASR_train_attach: 0.9350, ASR_train_outter: 0.9167
Epoch 60, loss_inner: 1.72649, loss_target: 1.69145, homo loss: 0.00046 
acc_train_clean: 0.5369, ASR_train_attach: 0.9450, ASR_train_outter: 0.9320
Epoch 70, loss_inner: 1.59763, loss_target: 1.56741, homo loss: 0.00038 
acc_train_clean: 0.5642, ASR_train_attach: 0.9825, ASR_train_outter: 0.9649
Epoch 80, loss_inner: 1.49903, loss_target: 1.47233, homo loss: 0.00028 
acc_train_clean: 0.5873, ASR_train_attach: 0.9825, ASR_train_outter: 0.9682
Epoch 90, loss_inner: 1.42346, loss_target: 1.40015, homo loss: 0.00019 
acc_train_clean: 0.6031, ASR_train_attach: 0.9800, ASR_train_outter: 0.9671
Epoch 100, loss_inner: 1.36972, loss_target: 1.34845, homo loss: 0.00014 
acc_train_clean: 0.6130, ASR_train_attach: 0.9875, ASR_train_outter: 0.9726
Epoch 110, loss_inner: 1.33067, loss_target: 1.31040, homo loss: 0.00010 
acc_train_clean: 0.6200, ASR_train_attach: 0.9925, ASR_train_outter: 0.9803
Epoch 120, loss_inner: 1.29711, loss_target: 1.27710, homo loss: 0.00006 
acc_train_clean: 0.6272, ASR_train_attach: 0.9975, ASR_train_outter: 0.9879
Epoch 130, loss_inner: 1.26834, loss_target: 1.24921, homo loss: 0.00003 
acc_train_clean: 0.6342, ASR_train_attach: 0.9975, ASR_train_outter: 0.9879
Epoch 140, loss_inner: 1.24589, loss_target: 1.22770, homo loss: 0.00001 
acc_train_clean: 0.6396, ASR_train_attach: 0.9975, ASR_train_outter: 0.9868
Epoch 150, loss_inner: 1.22883, loss_target: 1.21118, homo loss: 0.00001 
acc_train_clean: 0.6430, ASR_train_attach: 1.0000, ASR_train_outter: 0.9901
Epoch 160, loss_inner: 1.21583, loss_target: 1.19851, homo loss: 0.00001 
acc_train_clean: 0.6457, ASR_train_attach: 1.0000, ASR_train_outter: 0.9901
Epoch 170, loss_inner: 1.20561, loss_target: 1.18848, homo loss: 0.00001 
acc_train_clean: 0.6475, ASR_train_attach: 1.0000, ASR_train_outter: 0.9901
Epoch 180, loss_inner: 1.19731, loss_target: 1.18025, homo loss: 0.00000 
acc_train_clean: 0.6503, ASR_train_attach: 1.0000, ASR_train_outter: 0.9923
Epoch 190, loss_inner: 1.19020, loss_target: 1.17337, homo loss: 0.00001 
acc_train_clean: 0.6513, ASR_train_attach: 1.0000, ASR_train_outter: 0.9912
Epoch 200, loss_inner: 1.18379, loss_target: 1.16718, homo loss: 0.00000 
acc_train_clean: 0.6529, ASR_train_attach: 1.0000, ASR_train_outter: 0.9912
Epoch 210, loss_inner: 1.17817, loss_target: 1.16151, homo loss: 0.00000 
acc_train_clean: 0.6542, ASR_train_attach: 1.0000, ASR_train_outter: 0.9934
Epoch 220, loss_inner: 1.17311, loss_target: 1.15673, homo loss: 0.00001 
acc_train_clean: 0.6555, ASR_train_attach: 1.0000, ASR_train_outter: 0.9912
Epoch 230, loss_inner: 1.16836, loss_target: 1.15234, homo loss: 0.00002 
acc_train_clean: 0.6566, ASR_train_attach: 1.0000, ASR_train_outter: 0.9901
Epoch 240, loss_inner: 1.16397, loss_target: 1.14794, homo loss: 0.00001 
acc_train_clean: 0.6575, ASR_train_attach: 1.0000, ASR_train_outter: 0.9901
Epoch 250, loss_inner: 1.15978, loss_target: 1.14348, homo loss: 0.00001 
acc_train_clean: 0.6586, ASR_train_attach: 1.0000, ASR_train_outter: 0.9934
Epoch 260, loss_inner: 1.15591, loss_target: 1.13961, homo loss: 0.00000 
acc_train_clean: 0.6603, ASR_train_attach: 1.0000, ASR_train_outter: 0.9967
Epoch 270, loss_inner: 1.15200, loss_target: 1.13572, homo loss: 0.00001 
acc_train_clean: 0.6616, ASR_train_attach: 1.0000, ASR_train_outter: 0.9967
Epoch 280, loss_inner: 1.14733, loss_target: 1.13087, homo loss: 0.00001 
acc_train_clean: 0.6633, ASR_train_attach: 1.0000, ASR_train_outter: 0.9923
Epoch 290, loss_inner: 1.14012, loss_target: 1.12357, homo loss: 0.00000 
acc_train_clean: 0.6651, ASR_train_attach: 1.0000, ASR_train_outter: 0.9956
Epoch 300, loss_inner: 1.13512, loss_target: 1.11910, homo loss: 0.00001 
acc_train_clean: 0.6649, ASR_train_attach: 1.0000, ASR_train_outter: 0.9956
Epoch 310, loss_inner: 1.13139, loss_target: 1.11579, homo loss: 0.00001 
acc_train_clean: 0.6669, ASR_train_attach: 1.0000, ASR_train_outter: 0.9923
Epoch 320, loss_inner: 1.12847, loss_target: 1.11239, homo loss: 0.00000 
acc_train_clean: 0.6682, ASR_train_attach: 1.0000, ASR_train_outter: 0.9956
Epoch 330, loss_inner: 1.12535, loss_target: 1.11021, homo loss: 0.00003 
acc_train_clean: 0.6690, ASR_train_attach: 1.0000, ASR_train_outter: 0.9901
Epoch 340, loss_inner: 1.12268, loss_target: 1.10728, homo loss: 0.00003 
acc_train_clean: 0.6690, ASR_train_attach: 1.0000, ASR_train_outter: 0.9934
Epoch 350, loss_inner: 1.12115, loss_target: 1.10555, homo loss: 0.00002 
acc_train_clean: 0.6689, ASR_train_attach: 1.0000, ASR_train_outter: 0.9901
Epoch 360, loss_inner: 1.11854, loss_target: 1.10282, homo loss: 0.00000 
acc_train_clean: 0.6699, ASR_train_attach: 1.0000, ASR_train_outter: 0.9956
Epoch 370, loss_inner: 1.11652, loss_target: 1.10057, homo loss: 0.00000 
acc_train_clean: 0.6710, ASR_train_attach: 1.0000, ASR_train_outter: 0.9967
Epoch 380, loss_inner: 1.11495, loss_target: 1.09921, homo loss: 0.00000 
acc_train_clean: 0.6717, ASR_train_attach: 1.0000, ASR_train_outter: 0.9956
Epoch 390, loss_inner: 1.11353, loss_target: 1.09768, homo loss: 0.00001 
acc_train_clean: 0.6713, ASR_train_attach: 1.0000, ASR_train_outter: 0.9956
Epoch 400, loss_inner: 1.11211, loss_target: 1.09646, homo loss: 0.00000 
acc_train_clean: 0.6716, ASR_train_attach: 1.0000, ASR_train_outter: 0.9956
Epoch 410, loss_inner: 1.11076, loss_target: 1.09507, homo loss: 0.00001 
acc_train_clean: 0.6725, ASR_train_attach: 1.0000, ASR_train_outter: 0.9956
Epoch 420, loss_inner: 1.10945, loss_target: 1.09399, homo loss: 0.00005 
acc_train_clean: 0.6732, ASR_train_attach: 1.0000, ASR_train_outter: 0.9967
Epoch 430, loss_inner: 1.11003, loss_target: 1.09491, homo loss: 0.00007 
acc_train_clean: 0.6720, ASR_train_attach: 1.0000, ASR_train_outter: 0.9934
Epoch 440, loss_inner: 1.10742, loss_target: 1.09194, homo loss: 0.00002 
acc_train_clean: 0.6729, ASR_train_attach: 1.0000, ASR_train_outter: 0.9945
Epoch 450, loss_inner: 1.10619, loss_target: 1.09051, homo loss: 0.00000 
acc_train_clean: 0.6738, ASR_train_attach: 1.0000, ASR_train_outter: 0.9956
Epoch 460, loss_inner: 1.10524, loss_target: 1.08923, homo loss: 0.00000 
acc_train_clean: 0.6740, ASR_train_attach: 1.0000, ASR_train_outter: 0.9967
Epoch 470, loss_inner: 1.10436, loss_target: 1.08838, homo loss: 0.00000 
acc_train_clean: 0.6741, ASR_train_attach: 1.0000, ASR_train_outter: 0.9967
Epoch 480, loss_inner: 1.10363, loss_target: 1.08800, homo loss: 0.00000 
acc_train_clean: 0.6743, ASR_train_attach: 1.0000, ASR_train_outter: 0.9967
Epoch 490, loss_inner: 1.10293, loss_target: 1.08698, homo loss: 0.00000 
acc_train_clean: 0.6744, ASR_train_attach: 1.0000, ASR_train_outter: 0.9967
Epoch 500, loss_inner: 1.10216, loss_target: 1.08626, homo loss: 0.00000 
acc_train_clean: 0.6741, ASR_train_attach: 1.0000, ASR_train_outter: 0.9967
Epoch 510, loss_inner: 1.10139, loss_target: 1.08593, homo loss: 0.00004 
acc_train_clean: 0.6754, ASR_train_attach: 1.0000, ASR_train_outter: 0.9956
Epoch 520, loss_inner: 1.10098, loss_target: 1.08633, homo loss: 0.00002 
acc_train_clean: 0.6755, ASR_train_attach: 1.0000, ASR_train_outter: 0.9912
Epoch 530, loss_inner: 1.10009, loss_target: 1.08535, homo loss: 0.00011 
acc_train_clean: 0.6762, ASR_train_attach: 1.0000, ASR_train_outter: 0.9956
Epoch 540, loss_inner: 1.10014, loss_target: 1.08532, homo loss: 0.00002 
acc_train_clean: 0.6744, ASR_train_attach: 1.0000, ASR_train_outter: 0.9967
Epoch 550, loss_inner: 1.09914, loss_target: 1.08347, homo loss: 0.00001 
acc_train_clean: 0.6751, ASR_train_attach: 1.0000, ASR_train_outter: 0.9978
Epoch 560, loss_inner: 1.09796, loss_target: 1.08253, homo loss: 0.00000 
acc_train_clean: 0.6760, ASR_train_attach: 1.0000, ASR_train_outter: 0.9945
Epoch 570, loss_inner: 1.09737, loss_target: 1.08168, homo loss: 0.00000 
acc_train_clean: 0.6763, ASR_train_attach: 1.0000, ASR_train_outter: 0.9956
Epoch 580, loss_inner: 1.09672, loss_target: 1.08099, homo loss: 0.00000 
acc_train_clean: 0.6763, ASR_train_attach: 1.0000, ASR_train_outter: 0.9978
Epoch 590, loss_inner: 1.09613, loss_target: 1.08065, homo loss: 0.00001 
acc_train_clean: 0.6768, ASR_train_attach: 1.0000, ASR_train_outter: 0.9978
Epoch 600, loss_inner: 1.09556, loss_target: 1.08039, homo loss: 0.00002 
acc_train_clean: 0.6766, ASR_train_attach: 1.0000, ASR_train_outter: 0.9967
Epoch 610, loss_inner: 1.09506, loss_target: 1.07935, homo loss: 0.00001 
acc_train_clean: 0.6769, ASR_train_attach: 1.0000, ASR_train_outter: 0.9978
Epoch 620, loss_inner: 1.09532, loss_target: 1.08050, homo loss: 0.00016 
acc_train_clean: 0.6764, ASR_train_attach: 1.0000, ASR_train_outter: 0.9967
Epoch 630, loss_inner: 1.09474, loss_target: 1.07982, homo loss: 0.00008 
acc_train_clean: 0.6773, ASR_train_attach: 1.0000, ASR_train_outter: 0.9978
Epoch 640, loss_inner: 1.09403, loss_target: 1.07900, homo loss: 0.00000 
acc_train_clean: 0.6760, ASR_train_attach: 1.0000, ASR_train_outter: 0.9978
Epoch 650, loss_inner: 1.09314, loss_target: 1.07768, homo loss: 0.00000 
acc_train_clean: 0.6773, ASR_train_attach: 1.0000, ASR_train_outter: 0.9956
Epoch 660, loss_inner: 1.09348, loss_target: 1.07875, homo loss: 0.00002 
acc_train_clean: 0.6770, ASR_train_attach: 1.0000, ASR_train_outter: 0.9945
Epoch 670, loss_inner: 1.09249, loss_target: 1.07731, homo loss: 0.00001 
acc_train_clean: 0.6770, ASR_train_attach: 1.0000, ASR_train_outter: 0.9956
Epoch 680, loss_inner: 1.09174, loss_target: 1.07599, homo loss: 0.00000 
acc_train_clean: 0.6774, ASR_train_attach: 1.0000, ASR_train_outter: 0.9978
Epoch 690, loss_inner: 1.09143, loss_target: 1.07580, homo loss: 0.00001 
acc_train_clean: 0.6778, ASR_train_attach: 1.0000, ASR_train_outter: 0.9978
Epoch 700, loss_inner: 1.09101, loss_target: 1.07520, homo loss: 0.00001 
acc_train_clean: 0.6773, ASR_train_attach: 1.0000, ASR_train_outter: 0.9978
Epoch 710, loss_inner: 1.09047, loss_target: 1.07500, homo loss: 0.00002 
acc_train_clean: 0.6777, ASR_train_attach: 1.0000, ASR_train_outter: 0.9978
Epoch 720, loss_inner: 1.09046, loss_target: 1.07566, homo loss: 0.00002 
acc_train_clean: 0.6784, ASR_train_attach: 1.0000, ASR_train_outter: 0.9956
Epoch 730, loss_inner: 1.09083, loss_target: 1.07776, homo loss: 0.00043 
acc_train_clean: 0.6778, ASR_train_attach: 1.0000, ASR_train_outter: 0.9967
Epoch 740, loss_inner: 1.08992, loss_target: 1.07722, homo loss: 0.00008 
acc_train_clean: 0.6773, ASR_train_attach: 1.0000, ASR_train_outter: 0.9967
Epoch 750, loss_inner: 1.08914, loss_target: 1.07362, homo loss: 0.00000 
acc_train_clean: 0.6781, ASR_train_attach: 1.0000, ASR_train_outter: 0.9978
Epoch 760, loss_inner: 1.08883, loss_target: 1.07320, homo loss: 0.00000 
acc_train_clean: 0.6780, ASR_train_attach: 1.0000, ASR_train_outter: 0.9967
Epoch 770, loss_inner: 1.08871, loss_target: 1.07308, homo loss: 0.00000 
acc_train_clean: 0.6778, ASR_train_attach: 1.0000, ASR_train_outter: 0.9967
Epoch 780, loss_inner: 1.08865, loss_target: 1.07307, homo loss: 0.00000 
acc_train_clean: 0.6776, ASR_train_attach: 1.0000, ASR_train_outter: 0.9967
Epoch 790, loss_inner: 1.08787, loss_target: 1.07217, homo loss: 0.00000 
acc_train_clean: 0.6789, ASR_train_attach: 1.0000, ASR_train_outter: 0.9978
load best weight based on the loss outter
precent of left attach nodes: 1.000
Namespace(cuda=True, dataset='ogbn-arxiv', debug=True, defense_mode='prune', device_id=1, dis_weight=0.0, dropout=0.5, epochs=200, evaluate_mode='1by1', hidden=32, homo_boost_thrd=0.8, homo_loss_weight=200.0, inner=1, lr=0.01, model='GCN', no_cuda=False, prune_thr=0.8, seed=265, selection_method='cluster_degree', target_class=0, target_loss_weight=1, test_model='GCN', thrd=0.5, train_lr=0.01, trigger_size=3, trojan_epochs=800, use_vs_number=True, vs_number=400, vs_ratio=0, weight_decay=0.0005)
target class rate on Vs: 1.0000
accuracy on clean test nodes: 0.6156
Overall ASR: 0.9430
Flip ASR: 0.9428/16875 nodes
Namespace(cuda=True, dataset='ogbn-arxiv', debug=True, defense_mode='prune', device_id=1, dis_weight=0.0, dropout=0.5, epochs=200, evaluate_mode='1by1', hidden=32, homo_boost_thrd=0.8, homo_loss_weight=200.0, inner=1, lr=0.01, model='GCN', no_cuda=False, prune_thr=0.8, seed=125, selection_method='cluster_degree', target_class=0, target_loss_weight=1, test_model='GCN', thrd=0.5, train_lr=0.01, trigger_size=3, trojan_epochs=800, use_vs_number=True, vs_number=400, vs_ratio=0, weight_decay=0.0005)
target class rate on Vs: 1.0000
accuracy on clean test nodes: 0.6200
Overall ASR: 0.9457
Flip ASR: 0.9455/16875 nodes
Namespace(cuda=True, dataset='ogbn-arxiv', debug=True, defense_mode='prune', device_id=1, dis_weight=0.0, dropout=0.5, epochs=200, evaluate_mode='1by1', hidden=32, homo_boost_thrd=0.8, homo_loss_weight=200.0, inner=1, lr=0.01, model='GCN', no_cuda=False, prune_thr=0.8, seed=996, selection_method='cluster_degree', target_class=0, target_loss_weight=1, test_model='GCN', thrd=0.5, train_lr=0.01, trigger_size=3, trojan_epochs=800, use_vs_number=True, vs_number=400, vs_ratio=0, weight_decay=0.0005)
target class rate on Vs: 1.0000
accuracy on clean test nodes: 0.6261
Overall ASR: 0.9473
Flip ASR: 0.9471/16875 nodes
Namespace(cuda=True, dataset='ogbn-arxiv', debug=True, defense_mode='prune', device_id=1, dis_weight=0.0, dropout=0.5, epochs=200, evaluate_mode='1by1', hidden=32, homo_boost_thrd=0.8, homo_loss_weight=200.0, inner=1, lr=0.01, model='GCN', no_cuda=False, prune_thr=0.8, seed=527, selection_method='cluster_degree', target_class=0, target_loss_weight=1, test_model='GCN', thrd=0.5, train_lr=0.01, trigger_size=3, trojan_epochs=800, use_vs_number=True, vs_number=400, vs_ratio=0, weight_decay=0.0005)
target class rate on Vs: 1.0000
accuracy on clean test nodes: 0.6266
Overall ASR: 0.9396
Flip ASR: 0.9394/16875 nodes
Namespace(cuda=True, dataset='ogbn-arxiv', debug=True, defense_mode='prune', device_id=1, dis_weight=0.0, dropout=0.5, epochs=200, evaluate_mode='1by1', hidden=32, homo_boost_thrd=0.8, homo_loss_weight=200.0, inner=1, lr=0.01, model='GCN', no_cuda=False, prune_thr=0.8, seed=320, selection_method='cluster_degree', target_class=0, target_loss_weight=1, test_model='GCN', thrd=0.5, train_lr=0.01, trigger_size=3, trojan_epochs=800, use_vs_number=True, vs_number=400, vs_ratio=0, weight_decay=0.0005)
target class rate on Vs: 1.0000
accuracy on clean test nodes: 0.6150
Overall ASR: 0.9443
Flip ASR: 0.9441/16875 nodes
Overall ASR: 0.9440 (GCN model, Seed: 320)
Overall Clean Accuracy: 0.6206
Namespace(cuda=True, dataset='ogbn-arxiv', debug=True, defense_mode='prune', device_id=1, dis_weight=0.0, dropout=0.5, epochs=200, evaluate_mode='1by1', hidden=32, homo_boost_thrd=0.8, homo_loss_weight=200.0, inner=1, lr=0.01, model='GCN', no_cuda=False, prune_thr=0.8, seed=781, selection_method='cluster_degree', target_class=0, target_loss_weight=1, test_model='GAT', thrd=0.5, train_lr=0.01, trigger_size=3, trojan_epochs=800, use_vs_number=True, vs_number=400, vs_ratio=0, weight_decay=0.0005)
/home/project-graph-backdoor/Backdoor/models/GAT.py:61: UserWarning: To copy construct from a tensor, it is recommended to use sourceTensor.clone().detach() or sourceTensor.clone().detach().requires_grad_(True), rather than torch.tensor(sourceTensor).
  self.labels = torch.tensor(labels, dtype=torch.long)
target class rate on Vs: 1.0000
accuracy on clean test nodes: 0.6273
Overall ASR: 0.9606
Flip ASR: 0.9605/16875 nodes
Namespace(cuda=True, dataset='ogbn-arxiv', debug=True, defense_mode='prune', device_id=1, dis_weight=0.0, dropout=0.5, epochs=200, evaluate_mode='1by1', hidden=32, homo_boost_thrd=0.8, homo_loss_weight=200.0, inner=1, lr=0.01, model='GCN', no_cuda=False, prune_thr=0.8, seed=706, selection_method='cluster_degree', target_class=0, target_loss_weight=1, test_model='GAT', thrd=0.5, train_lr=0.01, trigger_size=3, trojan_epochs=800, use_vs_number=True, vs_number=400, vs_ratio=0, weight_decay=0.0005)
target class rate on Vs: 1.0000
accuracy on clean test nodes: 0.6273
Overall ASR: 0.9209
Flip ASR: 0.9207/16875 nodes
Namespace(cuda=True, dataset='ogbn-arxiv', debug=True, defense_mode='prune', device_id=1, dis_weight=0.0, dropout=0.5, epochs=200, evaluate_mode='1by1', hidden=32, homo_boost_thrd=0.8, homo_loss_weight=200.0, inner=1, lr=0.01, model='GCN', no_cuda=False, prune_thr=0.8, seed=778, selection_method='cluster_degree', target_class=0, target_loss_weight=1, test_model='GAT', thrd=0.5, train_lr=0.01, trigger_size=3, trojan_epochs=800, use_vs_number=True, vs_number=400, vs_ratio=0, weight_decay=0.0005)
target class rate on Vs: 1.0000
accuracy on clean test nodes: 0.6284
Overall ASR: 0.9607
Flip ASR: 0.9605/16875 nodes
Namespace(cuda=True, dataset='ogbn-arxiv', debug=True, defense_mode='prune', device_id=1, dis_weight=0.0, dropout=0.5, epochs=200, evaluate_mode='1by1', hidden=32, homo_boost_thrd=0.8, homo_loss_weight=200.0, inner=1, lr=0.01, model='GCN', no_cuda=False, prune_thr=0.8, seed=604, selection_method='cluster_degree', target_class=0, target_loss_weight=1, test_model='GAT', thrd=0.5, train_lr=0.01, trigger_size=3, trojan_epochs=800, use_vs_number=True, vs_number=400, vs_ratio=0, weight_decay=0.0005)
target class rate on Vs: 1.0000
accuracy on clean test nodes: 0.6255
Overall ASR: 0.9606
Flip ASR: 0.9605/16875 nodes
Namespace(cuda=True, dataset='ogbn-arxiv', debug=True, defense_mode='prune', device_id=1, dis_weight=0.0, dropout=0.5, epochs=200, evaluate_mode='1by1', hidden=32, homo_boost_thrd=0.8, homo_loss_weight=200.0, inner=1, lr=0.01, model='GCN', no_cuda=False, prune_thr=0.8, seed=133, selection_method='cluster_degree', target_class=0, target_loss_weight=1, test_model='GAT', thrd=0.5, train_lr=0.01, trigger_size=3, trojan_epochs=800, use_vs_number=True, vs_number=400, vs_ratio=0, weight_decay=0.0005)
target class rate on Vs: 1.0000
accuracy on clean test nodes: 0.6289
Overall ASR: 0.9606
Flip ASR: 0.9605/16875 nodes
Overall ASR: 0.9527 (GAT model, Seed: 133)
Overall Clean Accuracy: 0.6275
Namespace(cuda=True, dataset='ogbn-arxiv', debug=True, defense_mode='prune', device_id=1, dis_weight=0.0, dropout=0.5, epochs=200, evaluate_mode='1by1', hidden=32, homo_boost_thrd=0.8, homo_loss_weight=200.0, inner=1, lr=0.01, model='GCN', no_cuda=False, prune_thr=0.8, seed=673, selection_method='cluster_degree', target_class=0, target_loss_weight=1, test_model='GraphSage', thrd=0.5, train_lr=0.01, trigger_size=3, trojan_epochs=800, use_vs_number=True, vs_number=400, vs_ratio=0, weight_decay=0.0005)
target class rate on Vs: 0.9775
accuracy on clean test nodes: 0.6231
Overall ASR: 0.8971
Flip ASR: 0.8968/16875 nodes
Namespace(cuda=True, dataset='ogbn-arxiv', debug=True, defense_mode='prune', device_id=1, dis_weight=0.0, dropout=0.5, epochs=200, evaluate_mode='1by1', hidden=32, homo_boost_thrd=0.8, homo_loss_weight=200.0, inner=1, lr=0.01, model='GCN', no_cuda=False, prune_thr=0.8, seed=904, selection_method='cluster_degree', target_class=0, target_loss_weight=1, test_model='GraphSage', thrd=0.5, train_lr=0.01, trigger_size=3, trojan_epochs=800, use_vs_number=True, vs_number=400, vs_ratio=0, weight_decay=0.0005)
target class rate on Vs: 0.9825
accuracy on clean test nodes: 0.6238
Overall ASR: 0.9034
Flip ASR: 0.9031/16875 nodes
Namespace(cuda=True, dataset='ogbn-arxiv', debug=True, defense_mode='prune', device_id=1, dis_weight=0.0, dropout=0.5, epochs=200, evaluate_mode='1by1', hidden=32, homo_boost_thrd=0.8, homo_loss_weight=200.0, inner=1, lr=0.01, model='GCN', no_cuda=False, prune_thr=0.8, seed=56, selection_method='cluster_degree', target_class=0, target_loss_weight=1, test_model='GraphSage', thrd=0.5, train_lr=0.01, trigger_size=3, trojan_epochs=800, use_vs_number=True, vs_number=400, vs_ratio=0, weight_decay=0.0005)
target class rate on Vs: 0.9850
accuracy on clean test nodes: 0.6257
Overall ASR: 0.9067
Flip ASR: 0.9064/16875 nodes
Namespace(cuda=True, dataset='ogbn-arxiv', debug=True, defense_mode='prune', device_id=1, dis_weight=0.0, dropout=0.5, epochs=200, evaluate_mode='1by1', hidden=32, homo_boost_thrd=0.8, homo_loss_weight=200.0, inner=1, lr=0.01, model='GCN', no_cuda=False, prune_thr=0.8, seed=1, selection_method='cluster_degree', target_class=0, target_loss_weight=1, test_model='GraphSage', thrd=0.5, train_lr=0.01, trigger_size=3, trojan_epochs=800, use_vs_number=True, vs_number=400, vs_ratio=0, weight_decay=0.0005)
target class rate on Vs: 0.9850
accuracy on clean test nodes: 0.6356
Overall ASR: 0.9097
Flip ASR: 0.9095/16875 nodes
Namespace(cuda=True, dataset='ogbn-arxiv', debug=True, defense_mode='prune', device_id=1, dis_weight=0.0, dropout=0.5, epochs=200, evaluate_mode='1by1', hidden=32, homo_boost_thrd=0.8, homo_loss_weight=200.0, inner=1, lr=0.01, model='GCN', no_cuda=False, prune_thr=0.8, seed=694, selection_method='cluster_degree', target_class=0, target_loss_weight=1, test_model='GraphSage', thrd=0.5, train_lr=0.01, trigger_size=3, trojan_epochs=800, use_vs_number=True, vs_number=400, vs_ratio=0, weight_decay=0.0005)
target class rate on Vs: 0.9750
accuracy on clean test nodes: 0.6177
Overall ASR: 0.9071
Flip ASR: 0.9068/16875 nodes
Overall ASR: 0.9048 (GraphSage model, Seed: 694)
Overall Clean Accuracy: 0.6252
Total Overall ASR: 0.9338 
Total Clean Accuracy: 0.6244
