nohup: ignoring input
run_adaptive.py:8: DeprecationWarning: the imp module is deprecated in favour of importlib; see the module's documentation for alternative uses
  import imp
Namespace(cuda=True, dataset='ogbn-arxiv', debug=True, defense_mode='none', device_id=0, dis_weight=0.0, dropout=0.5, epochs=800, evaluate_mode='1by1', hidden=32, homo_boost_thrd=0.4, homo_loss_weight=100.0, inner=1, lr=0.01, model='GCN', no_cuda=False, prune_thr=0.8, seed=10, selection_method='cluster_degree', target_class=0, target_loss_weight=1, test_model='GCN', thrd=0.5, train_lr=0.01, trigger_size=3, trojan_epochs=800, use_vs_number=True, vs_number=160, vs_ratio=0, weight_decay=0.0005)
#Attach Nodes:160
./selected_nodes/ogbn-arxiv/Overall/seed10/nodes.txt
idx_attach: tensor([132437, 159342, 115859,  11103, 127522,  67544,  82569, 161886,  62976,
         13773,  68963, 144203,  19681,    750, 156733,  86828,  18909,  82685,
         81700, 164714, 103734,  65352,  47692,  14294, 153213,  78523,   1385,
         50714, 156839, 144199,  88403,  58221,  56228,  88511,  12909, 156645,
         93340, 136107,  80139,    622,   1438,   7666, 133129, 127534, 106596,
        102712,   4269,  55140, 125068, 152827, 135150,  23527,   3609,   6462,
        121168, 152542,   6165, 126338,  90948,  77520,  47397, 106658,  68636,
        109074,  69509, 138501,  13873,  20117,  83448,   3102, 143264,  91042,
         54237,  58770, 165138, 126351,  55671,  99141,  13704, 136218,  16458,
         43368, 146276,  31105, 112018,  77110, 104399,  46245, 147007,   5821,
         19313,  91731,  20583, 142204,  80573,   7668,  83587, 128743, 143180,
         91852,  75911,  65787, 153365, 126297,  39114, 104240,  77327,   4583,
           512,  48952,  28134,  38432,  10832,  61628, 127678, 138417, 147495,
         98345,  93057,  33697, 138811, 124659, 133488,  71285,  47676,   1298,
        167767,  47649, 124811,  39955,  70652, 138116,  94425, 163083,  21820,
        133451,  73518, 132097,  23608,  13837, 125639,  40347, 163907,   5087,
          6422, 119164, 165901,   5059,  83768,  27180, 100388,  35462, 116799,
          3703,   5670,  48904,  68159, 113552, 160597,  96989],
       device='cuda:0')
tensor([     1,      2,      3,  ..., 169334, 169336, 169338], device='cuda:0')
Epoch 0, loss_inner: 3.74859, loss_target: 3.62642, homo loss: 0.40480 
acc_train_clean: 0.0089, ASR_train_attach: 0.0000, ASR_train_outter: 0.0000
Epoch 10, loss_inner: 3.01712, loss_target: 3.10172, homo loss: 0.00004 
acc_train_clean: 0.2629, ASR_train_attach: 0.0000, ASR_train_outter: 0.0000
Epoch 20, loss_inner: 2.75879, loss_target: 2.76866, homo loss: 0.00001 
acc_train_clean: 0.2799, ASR_train_attach: 0.0000, ASR_train_outter: 0.0000
Epoch 30, loss_inner: 2.45969, loss_target: 2.42051, homo loss: 0.00000 
acc_train_clean: 0.3672, ASR_train_attach: 0.1688, ASR_train_outter: 0.4762
Epoch 40, loss_inner: 2.16378, loss_target: 2.11429, homo loss: 0.00000 
acc_train_clean: 0.4414, ASR_train_attach: 0.9375, ASR_train_outter: 0.9211
Epoch 50, loss_inner: 1.91735, loss_target: 1.87576, homo loss: 0.00000 
acc_train_clean: 0.5066, ASR_train_attach: 0.9750, ASR_train_outter: 0.9494
Epoch 60, loss_inner: 1.72019, loss_target: 1.68298, homo loss: 0.00000 
acc_train_clean: 0.5441, ASR_train_attach: 1.0000, ASR_train_outter: 0.9821
Epoch 70, loss_inner: 1.57101, loss_target: 1.54123, homo loss: 0.00000 
acc_train_clean: 0.5782, ASR_train_attach: 1.0000, ASR_train_outter: 0.9688
Epoch 80, loss_inner: 1.46097, loss_target: 1.43544, homo loss: 0.00000 
acc_train_clean: 0.5998, ASR_train_attach: 0.9938, ASR_train_outter: 0.9747
Epoch 90, loss_inner: 1.38843, loss_target: 1.36620, homo loss: 0.00000 
acc_train_clean: 0.6130, ASR_train_attach: 1.0000, ASR_train_outter: 0.9836
Epoch 100, loss_inner: 1.34090, loss_target: 1.32058, homo loss: 0.00000 
acc_train_clean: 0.6217, ASR_train_attach: 1.0000, ASR_train_outter: 0.9866
Epoch 110, loss_inner: 1.30792, loss_target: 1.28886, homo loss: 0.00000 
acc_train_clean: 0.6275, ASR_train_attach: 1.0000, ASR_train_outter: 0.9866
Epoch 120, loss_inner: 1.28388, loss_target: 1.26568, homo loss: 0.00000 
acc_train_clean: 0.6325, ASR_train_attach: 1.0000, ASR_train_outter: 0.9866
Epoch 130, loss_inner: 1.26550, loss_target: 1.24826, homo loss: 0.00000 
acc_train_clean: 0.6357, ASR_train_attach: 1.0000, ASR_train_outter: 0.9896
Epoch 140, loss_inner: 1.25096, loss_target: 1.23381, homo loss: 0.00000 
acc_train_clean: 0.6391, ASR_train_attach: 1.0000, ASR_train_outter: 0.9911
Epoch 150, loss_inner: 1.23899, loss_target: 1.22233, homo loss: 0.00001 
acc_train_clean: 0.6430, ASR_train_attach: 1.0000, ASR_train_outter: 0.9911
Epoch 160, loss_inner: 1.22917, loss_target: 1.21410, homo loss: 0.00000 
acc_train_clean: 0.6451, ASR_train_attach: 1.0000, ASR_train_outter: 0.9881
Epoch 170, loss_inner: 1.22044, loss_target: 1.20459, homo loss: 0.00000 
acc_train_clean: 0.6476, ASR_train_attach: 1.0000, ASR_train_outter: 0.9940
Epoch 180, loss_inner: 1.21279, loss_target: 1.19694, homo loss: 0.00000 
acc_train_clean: 0.6490, ASR_train_attach: 1.0000, ASR_train_outter: 0.9940
Epoch 190, loss_inner: 1.20583, loss_target: 1.19000, homo loss: 0.00000 
acc_train_clean: 0.6505, ASR_train_attach: 1.0000, ASR_train_outter: 0.9940
Epoch 200, loss_inner: 1.19948, loss_target: 1.18365, homo loss: 0.00000 
acc_train_clean: 0.6522, ASR_train_attach: 1.0000, ASR_train_outter: 0.9940
Epoch 210, loss_inner: 1.19385, loss_target: 1.17817, homo loss: 0.00000 
acc_train_clean: 0.6542, ASR_train_attach: 1.0000, ASR_train_outter: 0.9940
Epoch 220, loss_inner: 1.18822, loss_target: 1.17256, homo loss: 0.00000 
acc_train_clean: 0.6555, ASR_train_attach: 1.0000, ASR_train_outter: 0.9940
Epoch 230, loss_inner: 1.18288, loss_target: 1.16736, homo loss: 0.00000 
acc_train_clean: 0.6566, ASR_train_attach: 1.0000, ASR_train_outter: 0.9940
Epoch 240, loss_inner: 1.17584, loss_target: 1.16071, homo loss: 0.00000 
acc_train_clean: 0.6583, ASR_train_attach: 1.0000, ASR_train_outter: 0.9940
Epoch 250, loss_inner: 1.16759, loss_target: 1.15421, homo loss: 0.00000 
acc_train_clean: 0.6599, ASR_train_attach: 1.0000, ASR_train_outter: 0.9940
Epoch 260, loss_inner: 1.15975, loss_target: 1.14564, homo loss: 0.00000 
acc_train_clean: 0.6614, ASR_train_attach: 1.0000, ASR_train_outter: 0.9955
Epoch 270, loss_inner: 1.15484, loss_target: 1.14058, homo loss: 0.00000 
acc_train_clean: 0.6624, ASR_train_attach: 1.0000, ASR_train_outter: 0.9940
Epoch 280, loss_inner: 1.15103, loss_target: 1.13639, homo loss: 0.00000 
acc_train_clean: 0.6634, ASR_train_attach: 1.0000, ASR_train_outter: 0.9940
Epoch 290, loss_inner: 1.14769, loss_target: 1.13313, homo loss: 0.00000 
acc_train_clean: 0.6643, ASR_train_attach: 1.0000, ASR_train_outter: 0.9955
Epoch 300, loss_inner: 1.14474, loss_target: 1.12996, homo loss: 0.00000 
acc_train_clean: 0.6651, ASR_train_attach: 1.0000, ASR_train_outter: 0.9940
Epoch 310, loss_inner: 1.14185, loss_target: 1.12692, homo loss: 0.00000 
acc_train_clean: 0.6658, ASR_train_attach: 1.0000, ASR_train_outter: 0.9940
Epoch 320, loss_inner: 1.13870, loss_target: 1.12333, homo loss: 0.00000 
acc_train_clean: 0.6659, ASR_train_attach: 1.0000, ASR_train_outter: 0.9940
Epoch 330, loss_inner: 1.13349, loss_target: 1.12035, homo loss: 0.00000 
acc_train_clean: 0.6675, ASR_train_attach: 1.0000, ASR_train_outter: 0.9955
Epoch 340, loss_inner: 1.12989, loss_target: 1.11598, homo loss: 0.00000 
acc_train_clean: 0.6689, ASR_train_attach: 1.0000, ASR_train_outter: 0.9940
Epoch 350, loss_inner: 1.12759, loss_target: 1.11349, homo loss: 0.00000 
acc_train_clean: 0.6697, ASR_train_attach: 1.0000, ASR_train_outter: 0.9955
Epoch 360, loss_inner: 1.12525, loss_target: 1.11168, homo loss: 0.00000 
acc_train_clean: 0.6702, ASR_train_attach: 1.0000, ASR_train_outter: 0.9955
Epoch 370, loss_inner: 1.12352, loss_target: 1.10935, homo loss: 0.00000 
acc_train_clean: 0.6704, ASR_train_attach: 1.0000, ASR_train_outter: 0.9955
Epoch 380, loss_inner: 1.12231, loss_target: 1.10995, homo loss: 0.00000 
acc_train_clean: 0.6714, ASR_train_attach: 1.0000, ASR_train_outter: 0.9940
Epoch 390, loss_inner: 1.12086, loss_target: 1.10889, homo loss: 0.00000 
acc_train_clean: 0.6719, ASR_train_attach: 1.0000, ASR_train_outter: 0.9955
Epoch 400, loss_inner: 1.11965, loss_target: 1.11129, homo loss: 0.00000 
acc_train_clean: 0.6723, ASR_train_attach: 1.0000, ASR_train_outter: 0.9955
Epoch 410, loss_inner: 1.12006, loss_target: 1.12085, homo loss: 0.00000 
acc_train_clean: 0.6724, ASR_train_attach: 0.9688, ASR_train_outter: 0.9955
Epoch 420, loss_inner: 1.15031, loss_target: 1.50613, homo loss: 0.00039 
acc_train_clean: 0.6672, ASR_train_attach: 1.0000, ASR_train_outter: 0.9985
Epoch 430, loss_inner: 1.13815, loss_target: 1.57655, homo loss: 0.00000 
acc_train_clean: 0.6699, ASR_train_attach: 0.9875, ASR_train_outter: 0.9955
Epoch 440, loss_inner: 1.13086, loss_target: 1.42267, homo loss: 0.00000 
acc_train_clean: 0.6713, ASR_train_attach: 1.0000, ASR_train_outter: 0.9955
Epoch 450, loss_inner: 1.14292, loss_target: 1.49149, homo loss: 0.00000 
acc_train_clean: 0.6670, ASR_train_attach: 1.0000, ASR_train_outter: 0.9955
Epoch 460, loss_inner: 1.22511, loss_target: 1.83862, homo loss: 0.00033 
acc_train_clean: 0.6516, ASR_train_attach: 1.0000, ASR_train_outter: 0.9955
Epoch 470, loss_inner: 1.29248, loss_target: 2.13839, homo loss: 0.01073 
acc_train_clean: 0.6337, ASR_train_attach: 1.0000, ASR_train_outter: 0.9985
Epoch 480, loss_inner: 1.36997, loss_target: 3.69094, homo loss: 0.00495 
acc_train_clean: 0.6225, ASR_train_attach: 1.0000, ASR_train_outter: 0.9673
Epoch 490, loss_inner: 1.51074, loss_target: 6.48245, homo loss: 0.01357 
acc_train_clean: 0.6211, ASR_train_attach: 1.0000, ASR_train_outter: 0.9985
Epoch 500, loss_inner: 2.02886, loss_target: 10.11603, homo loss: 0.01738 
acc_train_clean: 0.5887, ASR_train_attach: 1.0000, ASR_train_outter: 0.9985
Epoch 510, loss_inner: 2.52271, loss_target: 21.92720, homo loss: 0.01895 
acc_train_clean: 0.4900, ASR_train_attach: 1.0000, ASR_train_outter: 0.8185
Epoch 520, loss_inner: 2.63489, loss_target: 17.52051, homo loss: 0.02532 
acc_train_clean: 0.5064, ASR_train_attach: 0.6500, ASR_train_outter: 0.9688
Epoch 530, loss_inner: 1.91638, loss_target: 20.08670, homo loss: 0.02851 
acc_train_clean: 0.5127, ASR_train_attach: 1.0000, ASR_train_outter: 0.7232
Epoch 540, loss_inner: 2.12690, loss_target: 14.46811, homo loss: 0.02635 
acc_train_clean: 0.5174, ASR_train_attach: 1.0000, ASR_train_outter: 0.9985
Epoch 550, loss_inner: 2.11860, loss_target: 32.22141, homo loss: 0.02620 
acc_train_clean: 0.5005, ASR_train_attach: 1.0000, ASR_train_outter: 0.7232
Epoch 560, loss_inner: 2.24716, loss_target: 19.38743, homo loss: 0.03024 
acc_train_clean: 0.5106, ASR_train_attach: 1.0000, ASR_train_outter: 0.9985
Epoch 570, loss_inner: 2.03844, loss_target: 18.48693, homo loss: 0.02779 
acc_train_clean: 0.5363, ASR_train_attach: 1.0000, ASR_train_outter: 0.9985
Epoch 580, loss_inner: 2.51619, loss_target: 18.09826, homo loss: 0.02379 
acc_train_clean: 0.5510, ASR_train_attach: 1.0000, ASR_train_outter: 0.9985
Epoch 590, loss_inner: 2.22583, loss_target: 30.12275, homo loss: 0.02054 
acc_train_clean: 0.5215, ASR_train_attach: 1.0000, ASR_train_outter: 0.8185
Epoch 600, loss_inner: 2.16976, loss_target: 46.86027, homo loss: 0.02400 
acc_train_clean: 0.5277, ASR_train_attach: 1.0000, ASR_train_outter: 0.8185
Epoch 610, loss_inner: 3.02750, loss_target: 31.91613, homo loss: 0.02361 
acc_train_clean: 0.5271, ASR_train_attach: 1.0000, ASR_train_outter: 0.9985
Epoch 620, loss_inner: 2.47883, loss_target: 56.43325, homo loss: 0.02351 
acc_train_clean: 0.5376, ASR_train_attach: 1.0000, ASR_train_outter: 0.8185
Epoch 630, loss_inner: 2.24540, loss_target: 39.08736, homo loss: 0.02426 
acc_train_clean: 0.5589, ASR_train_attach: 1.0000, ASR_train_outter: 0.9673
Epoch 640, loss_inner: 2.40113, loss_target: 31.23033, homo loss: 0.02027 
acc_train_clean: 0.5409, ASR_train_attach: 1.0000, ASR_train_outter: 0.9985
Epoch 650, loss_inner: 2.36162, loss_target: 28.74618, homo loss: 0.01657 
acc_train_clean: 0.5542, ASR_train_attach: 1.0000, ASR_train_outter: 0.9985
Epoch 660, loss_inner: 2.11798, loss_target: 21.68738, homo loss: 0.01183 
acc_train_clean: 0.5545, ASR_train_attach: 1.0000, ASR_train_outter: 0.9985
Epoch 670, loss_inner: 1.90557, loss_target: 22.61303, homo loss: 0.00809 
acc_train_clean: 0.5279, ASR_train_attach: 1.0000, ASR_train_outter: 1.0000
Epoch 680, loss_inner: 2.63319, loss_target: 28.73383, homo loss: 0.00641 
acc_train_clean: 0.5443, ASR_train_attach: 1.0000, ASR_train_outter: 1.0000
Epoch 690, loss_inner: 1.83825, loss_target: 22.64072, homo loss: 0.00526 
acc_train_clean: 0.5774, ASR_train_attach: 1.0000, ASR_train_outter: 1.0000
Epoch 700, loss_inner: 1.84794, loss_target: 25.03475, homo loss: 0.00395 
acc_train_clean: 0.5668, ASR_train_attach: 1.0000, ASR_train_outter: 0.9985
Epoch 710, loss_inner: 2.09165, loss_target: 23.98094, homo loss: 0.00296 
acc_train_clean: 0.5847, ASR_train_attach: 1.0000, ASR_train_outter: 0.9985
Epoch 720, loss_inner: 1.60699, loss_target: 17.75732, homo loss: 0.00207 
acc_train_clean: 0.5948, ASR_train_attach: 1.0000, ASR_train_outter: 1.0000
Epoch 730, loss_inner: 1.61583, loss_target: 13.17581, homo loss: 0.00157 
acc_train_clean: 0.5961, ASR_train_attach: 1.0000, ASR_train_outter: 0.9985
Epoch 740, loss_inner: 1.61608, loss_target: 12.74074, homo loss: 0.00142 
acc_train_clean: 0.5920, ASR_train_attach: 1.0000, ASR_train_outter: 1.0000
Epoch 750, loss_inner: 1.67802, loss_target: 6.55489, homo loss: 0.00142 
acc_train_clean: 0.5899, ASR_train_attach: 1.0000, ASR_train_outter: 1.0000
Epoch 760, loss_inner: 1.53292, loss_target: 5.52063, homo loss: 0.00157 
acc_train_clean: 0.5864, ASR_train_attach: 1.0000, ASR_train_outter: 1.0000
Epoch 770, loss_inner: 1.45805, loss_target: 3.63451, homo loss: 0.00190 
acc_train_clean: 0.5916, ASR_train_attach: 1.0000, ASR_train_outter: 1.0000
Epoch 780, loss_inner: 1.48444, loss_target: 1.72261, homo loss: 0.00244 
acc_train_clean: 0.5902, ASR_train_attach: 1.0000, ASR_train_outter: 1.0000
Epoch 790, loss_inner: 1.41424, loss_target: 1.39265, homo loss: 0.00239 
acc_train_clean: 0.5970, ASR_train_attach: 1.0000, ASR_train_outter: 1.0000
load best weight based on the loss outter
precent of left attach nodes: 1.000
Namespace(cuda=True, dataset='ogbn-arxiv', debug=True, defense_mode='none', device_id=0, dis_weight=0.0, dropout=0.5, epochs=800, evaluate_mode='1by1', hidden=32, homo_boost_thrd=0.4, homo_loss_weight=100.0, inner=1, lr=0.01, model='GCN', no_cuda=False, prune_thr=0.8, seed=265, selection_method='cluster_degree', target_class=0, target_loss_weight=1, test_model='GCN', thrd=0.5, train_lr=0.01, trigger_size=3, trojan_epochs=800, use_vs_number=True, vs_number=160, vs_ratio=0, weight_decay=0.0005)
target class rate on Vs: 1.0000
accuracy on clean test nodes: 0.6563
Overall ASR: 0.9899
Flip ASR: 0.9899/16875 nodes
Namespace(cuda=True, dataset='ogbn-arxiv', debug=True, defense_mode='none', device_id=0, dis_weight=0.0, dropout=0.5, epochs=800, evaluate_mode='1by1', hidden=32, homo_boost_thrd=0.4, homo_loss_weight=100.0, inner=1, lr=0.01, model='GCN', no_cuda=False, prune_thr=0.8, seed=125, selection_method='cluster_degree', target_class=0, target_loss_weight=1, test_model='GCN', thrd=0.5, train_lr=0.01, trigger_size=3, trojan_epochs=800, use_vs_number=True, vs_number=160, vs_ratio=0, weight_decay=0.0005)
target class rate on Vs: 1.0000
accuracy on clean test nodes: 0.6561
Overall ASR: 0.9899
Flip ASR: 0.9899/16875 nodes
Namespace(cuda=True, dataset='ogbn-arxiv', debug=True, defense_mode='none', device_id=0, dis_weight=0.0, dropout=0.5, epochs=800, evaluate_mode='1by1', hidden=32, homo_boost_thrd=0.4, homo_loss_weight=100.0, inner=1, lr=0.01, model='GCN', no_cuda=False, prune_thr=0.8, seed=996, selection_method='cluster_degree', target_class=0, target_loss_weight=1, test_model='GCN', thrd=0.5, train_lr=0.01, trigger_size=3, trojan_epochs=800, use_vs_number=True, vs_number=160, vs_ratio=0, weight_decay=0.0005)
target class rate on Vs: 1.0000
accuracy on clean test nodes: 0.6584
Overall ASR: 0.9921
Flip ASR: 0.9921/16875 nodes
Namespace(cuda=True, dataset='ogbn-arxiv', debug=True, defense_mode='none', device_id=0, dis_weight=0.0, dropout=0.5, epochs=800, evaluate_mode='1by1', hidden=32, homo_boost_thrd=0.4, homo_loss_weight=100.0, inner=1, lr=0.01, model='GCN', no_cuda=False, prune_thr=0.8, seed=527, selection_method='cluster_degree', target_class=0, target_loss_weight=1, test_model='GCN', thrd=0.5, train_lr=0.01, trigger_size=3, trojan_epochs=800, use_vs_number=True, vs_number=160, vs_ratio=0, weight_decay=0.0005)
target class rate on Vs: 1.0000
accuracy on clean test nodes: 0.6555
Overall ASR: 0.9946
Flip ASR: 0.9946/16875 nodes
Namespace(cuda=True, dataset='ogbn-arxiv', debug=True, defense_mode='none', device_id=0, dis_weight=0.0, dropout=0.5, epochs=800, evaluate_mode='1by1', hidden=32, homo_boost_thrd=0.4, homo_loss_weight=100.0, inner=1, lr=0.01, model='GCN', no_cuda=False, prune_thr=0.8, seed=320, selection_method='cluster_degree', target_class=0, target_loss_weight=1, test_model='GCN', thrd=0.5, train_lr=0.01, trigger_size=3, trojan_epochs=800, use_vs_number=True, vs_number=160, vs_ratio=0, weight_decay=0.0005)
target class rate on Vs: 1.0000
accuracy on clean test nodes: 0.6506
Overall ASR: 0.9918
Flip ASR: 0.9918/16875 nodes
Overall ASR: 0.9917 (GCN model, Seed: 320)
Overall Clean Accuracy: 0.6554
Namespace(cuda=True, dataset='ogbn-arxiv', debug=True, defense_mode='none', device_id=0, dis_weight=0.0, dropout=0.5, epochs=800, evaluate_mode='1by1', hidden=32, homo_boost_thrd=0.4, homo_loss_weight=100.0, inner=1, lr=0.01, model='GCN', no_cuda=False, prune_thr=0.8, seed=781, selection_method='cluster_degree', target_class=0, target_loss_weight=1, test_model='GAT', thrd=0.5, train_lr=0.01, trigger_size=3, trojan_epochs=800, use_vs_number=True, vs_number=160, vs_ratio=0, weight_decay=0.0005)
/home/project-graph-backdoor/Backdoor/models/GAT.py:61: UserWarning: To copy construct from a tensor, it is recommended to use sourceTensor.clone().detach() or sourceTensor.clone().detach().requires_grad_(True), rather than torch.tensor(sourceTensor).
  self.labels = torch.tensor(labels, dtype=torch.long)
target class rate on Vs: 1.0000
accuracy on clean test nodes: 0.6522
Overall ASR: 1.0000
Flip ASR: 1.0000/16875 nodes
Namespace(cuda=True, dataset='ogbn-arxiv', debug=True, defense_mode='none', device_id=0, dis_weight=0.0, dropout=0.5, epochs=800, evaluate_mode='1by1', hidden=32, homo_boost_thrd=0.4, homo_loss_weight=100.0, inner=1, lr=0.01, model='GCN', no_cuda=False, prune_thr=0.8, seed=706, selection_method='cluster_degree', target_class=0, target_loss_weight=1, test_model='GAT', thrd=0.5, train_lr=0.01, trigger_size=3, trojan_epochs=800, use_vs_number=True, vs_number=160, vs_ratio=0, weight_decay=0.0005)
target class rate on Vs: 1.0000
accuracy on clean test nodes: 0.6528
Overall ASR: 0.9998
Flip ASR: 0.9998/16875 nodes
Namespace(cuda=True, dataset='ogbn-arxiv', debug=True, defense_mode='none', device_id=0, dis_weight=0.0, dropout=0.5, epochs=800, evaluate_mode='1by1', hidden=32, homo_boost_thrd=0.4, homo_loss_weight=100.0, inner=1, lr=0.01, model='GCN', no_cuda=False, prune_thr=0.8, seed=778, selection_method='cluster_degree', target_class=0, target_loss_weight=1, test_model='GAT', thrd=0.5, train_lr=0.01, trigger_size=3, trojan_epochs=800, use_vs_number=True, vs_number=160, vs_ratio=0, weight_decay=0.0005)
target class rate on Vs: 1.0000
accuracy on clean test nodes: 0.6517
Overall ASR: 1.0000
Flip ASR: 1.0000/16875 nodes
Namespace(cuda=True, dataset='ogbn-arxiv', debug=True, defense_mode='none', device_id=0, dis_weight=0.0, dropout=0.5, epochs=800, evaluate_mode='1by1', hidden=32, homo_boost_thrd=0.4, homo_loss_weight=100.0, inner=1, lr=0.01, model='GCN', no_cuda=False, prune_thr=0.8, seed=604, selection_method='cluster_degree', target_class=0, target_loss_weight=1, test_model='GAT', thrd=0.5, train_lr=0.01, trigger_size=3, trojan_epochs=800, use_vs_number=True, vs_number=160, vs_ratio=0, weight_decay=0.0005)
target class rate on Vs: 1.0000
accuracy on clean test nodes: 0.6507
Overall ASR: 1.0000
Flip ASR: 1.0000/16875 nodes
Namespace(cuda=True, dataset='ogbn-arxiv', debug=True, defense_mode='none', device_id=0, dis_weight=0.0, dropout=0.5, epochs=800, evaluate_mode='1by1', hidden=32, homo_boost_thrd=0.4, homo_loss_weight=100.0, inner=1, lr=0.01, model='GCN', no_cuda=False, prune_thr=0.8, seed=133, selection_method='cluster_degree', target_class=0, target_loss_weight=1, test_model='GAT', thrd=0.5, train_lr=0.01, trigger_size=3, trojan_epochs=800, use_vs_number=True, vs_number=160, vs_ratio=0, weight_decay=0.0005)
target class rate on Vs: 1.0000
accuracy on clean test nodes: 0.6493
Overall ASR: 1.0000
Flip ASR: 1.0000/16875 nodes
Overall ASR: 1.0000 (GAT model, Seed: 133)
Overall Clean Accuracy: 0.6514
Namespace(cuda=True, dataset='ogbn-arxiv', debug=True, defense_mode='none', device_id=0, dis_weight=0.0, dropout=0.5, epochs=800, evaluate_mode='1by1', hidden=32, homo_boost_thrd=0.4, homo_loss_weight=100.0, inner=1, lr=0.01, model='GCN', no_cuda=False, prune_thr=0.8, seed=673, selection_method='cluster_degree', target_class=0, target_loss_weight=1, test_model='GraphSage', thrd=0.5, train_lr=0.01, trigger_size=3, trojan_epochs=800, use_vs_number=True, vs_number=160, vs_ratio=0, weight_decay=0.0005)
target class rate on Vs: 0.9938
accuracy on clean test nodes: 0.6535
Overall ASR: 0.9440
Flip ASR: 0.9438/16875 nodes
Namespace(cuda=True, dataset='ogbn-arxiv', debug=True, defense_mode='none', device_id=0, dis_weight=0.0, dropout=0.5, epochs=800, evaluate_mode='1by1', hidden=32, homo_boost_thrd=0.4, homo_loss_weight=100.0, inner=1, lr=0.01, model='GCN', no_cuda=False, prune_thr=0.8, seed=904, selection_method='cluster_degree', target_class=0, target_loss_weight=1, test_model='GraphSage', thrd=0.5, train_lr=0.01, trigger_size=3, trojan_epochs=800, use_vs_number=True, vs_number=160, vs_ratio=0, weight_decay=0.0005)
target class rate on Vs: 0.9938
accuracy on clean test nodes: 0.6547
Overall ASR: 0.9536
Flip ASR: 0.9535/16875 nodes
Namespace(cuda=True, dataset='ogbn-arxiv', debug=True, defense_mode='none', device_id=0, dis_weight=0.0, dropout=0.5, epochs=800, evaluate_mode='1by1', hidden=32, homo_boost_thrd=0.4, homo_loss_weight=100.0, inner=1, lr=0.01, model='GCN', no_cuda=False, prune_thr=0.8, seed=56, selection_method='cluster_degree', target_class=0, target_loss_weight=1, test_model='GraphSage', thrd=0.5, train_lr=0.01, trigger_size=3, trojan_epochs=800, use_vs_number=True, vs_number=160, vs_ratio=0, weight_decay=0.0005)
target class rate on Vs: 1.0000
accuracy on clean test nodes: 0.6538
Overall ASR: 0.9520
Flip ASR: 0.9518/16875 nodes
Namespace(cuda=True, dataset='ogbn-arxiv', debug=True, defense_mode='none', device_id=0, dis_weight=0.0, dropout=0.5, epochs=800, evaluate_mode='1by1', hidden=32, homo_boost_thrd=0.4, homo_loss_weight=100.0, inner=1, lr=0.01, model='GCN', no_cuda=False, prune_thr=0.8, seed=1, selection_method='cluster_degree', target_class=0, target_loss_weight=1, test_model='GraphSage', thrd=0.5, train_lr=0.01, trigger_size=3, trojan_epochs=800, use_vs_number=True, vs_number=160, vs_ratio=0, weight_decay=0.0005)
target class rate on Vs: 0.9875
accuracy on clean test nodes: 0.6591
Overall ASR: 0.9453
Flip ASR: 0.9451/16875 nodes
Namespace(cuda=True, dataset='ogbn-arxiv', debug=True, defense_mode='none', device_id=0, dis_weight=0.0, dropout=0.5, epochs=800, evaluate_mode='1by1', hidden=32, homo_boost_thrd=0.4, homo_loss_weight=100.0, inner=1, lr=0.01, model='GCN', no_cuda=False, prune_thr=0.8, seed=694, selection_method='cluster_degree', target_class=0, target_loss_weight=1, test_model='GraphSage', thrd=0.5, train_lr=0.01, trigger_size=3, trojan_epochs=800, use_vs_number=True, vs_number=160, vs_ratio=0, weight_decay=0.0005)
target class rate on Vs: 0.9938
accuracy on clean test nodes: 0.6548
Overall ASR: 0.9450
Flip ASR: 0.9448/16875 nodes
Overall ASR: 0.9480 (GraphSage model, Seed: 694)
Overall Clean Accuracy: 0.6552
Total Overall ASR: 0.9799 
Total Clean Accuracy: 0.6540
