nohup: ignoring input
run_adaptive.py:8: DeprecationWarning: the imp module is deprecated in favour of importlib; see the module's documentation for alternative uses
  import imp
Namespace(cuda=True, dataset='ogbn-arxiv', debug=True, defense_mode='isolate', device_id=2, dis_weight=0.0, dropout=0.5, epochs=800, evaluate_mode='1by1', hidden=32, homo_boost_thrd=0.2, homo_loss_weight=100.0, inner=1, lr=0.01, model='GCN', no_cuda=False, prune_thr=0.8, seed=10, selection_method='cluster_degree', target_class=0, target_loss_weight=1, test_model='GCN', thrd=0.5, train_lr=0.01, trigger_size=3, trojan_epochs=800, use_vs_number=True, vs_number=160, vs_ratio=0, weight_decay=0.0005)
#Attach Nodes:160
./selected_nodes/ogbn-arxiv/Overall/seed10/nodes.txt
idx_attach: tensor([132437, 159342, 115859,  11103, 127522,  67544,  82569, 161886,  62976,
         13773,  68963, 144203,  19681,    750, 156733,  86828,  18909,  82685,
         81700, 164714, 103734,  65352,  47692,  14294, 153213,  78523,   1385,
         50714, 156839, 144199,  88403,  58221,  56228,  88511,  12909, 156645,
         93340, 136107,  80139,    622,   1438,   7666, 133129, 127534, 106596,
        102712,   4269,  55140, 125068, 152827, 135150,  23527,   3609,   6462,
        121168, 152542,   6165, 126338,  90948,  77520,  47397, 106658,  68636,
        109074,  69509, 138501,  13873,  20117,  83448,   3102, 143264,  91042,
         54237,  58770, 165138, 126351,  55671,  99141,  13704, 136218,  16458,
         43368, 146276,  31105, 112018,  77110, 104399,  46245, 147007,   5821,
         19313,  91731,  20583, 142204,  80573,   7668,  83587, 128743, 143180,
         91852,  75911,  65787, 153365, 126297,  39114, 104240,  77327,   4583,
           512,  48952,  28134,  38432,  10832,  61628, 127678, 138417, 147495,
         98345,  93057,  33697, 138811, 124659, 133488,  71285,  47676,   1298,
        167767,  47649, 124811,  39955,  70652, 138116,  94425, 163083,  21820,
        133451,  73518, 132097,  23608,  13837, 125639,  40347, 163907,   5087,
          6422, 119164, 165901,   5059,  83768,  27180, 100388,  35462, 116799,
          3703,   5670,  48904,  68159, 113552, 160597,  96989],
       device='cuda:2')
tensor([     1,      2,      3,  ..., 169334, 169336, 169338], device='cuda:2')
Epoch 0, loss_inner: 3.74859, loss_target: 3.62642, homo loss: 0.20480 
acc_train_clean: 0.0089, ASR_train_attach: 0.0000, ASR_train_outter: 0.0000
Epoch 10, loss_inner: 3.01699, loss_target: 3.10112, homo loss: 0.00000 
acc_train_clean: 0.2628, ASR_train_attach: 0.0000, ASR_train_outter: 0.0000
Epoch 20, loss_inner: 2.75811, loss_target: 2.76416, homo loss: 0.00000 
acc_train_clean: 0.2798, ASR_train_attach: 0.0000, ASR_train_outter: 0.0000
Epoch 30, loss_inner: 2.45853, loss_target: 2.41572, homo loss: 0.00000 
acc_train_clean: 0.3675, ASR_train_attach: 0.2563, ASR_train_outter: 0.5908
Epoch 40, loss_inner: 2.16321, loss_target: 2.11397, homo loss: 0.00000 
acc_train_clean: 0.4418, ASR_train_attach: 0.9438, ASR_train_outter: 0.9315
Epoch 50, loss_inner: 1.91490, loss_target: 1.87439, homo loss: 0.00000 
acc_train_clean: 0.5072, ASR_train_attach: 0.9688, ASR_train_outter: 0.9494
Epoch 60, loss_inner: 1.71510, loss_target: 1.67931, homo loss: 0.00000 
acc_train_clean: 0.5463, ASR_train_attach: 1.0000, ASR_train_outter: 0.9717
Epoch 70, loss_inner: 1.56794, loss_target: 1.53838, homo loss: 0.00000 
acc_train_clean: 0.5794, ASR_train_attach: 1.0000, ASR_train_outter: 0.9688
Epoch 80, loss_inner: 1.46006, loss_target: 1.43478, homo loss: 0.00000 
acc_train_clean: 0.6002, ASR_train_attach: 1.0000, ASR_train_outter: 0.9732
Epoch 90, loss_inner: 1.38892, loss_target: 1.36710, homo loss: 0.00000 
acc_train_clean: 0.6130, ASR_train_attach: 1.0000, ASR_train_outter: 0.9821
Epoch 100, loss_inner: 1.34213, loss_target: 1.32207, homo loss: 0.00000 
acc_train_clean: 0.6223, ASR_train_attach: 1.0000, ASR_train_outter: 0.9851
Epoch 110, loss_inner: 1.30945, loss_target: 1.29045, homo loss: 0.00000 
acc_train_clean: 0.6270, ASR_train_attach: 1.0000, ASR_train_outter: 0.9866
Epoch 120, loss_inner: 1.28528, loss_target: 1.26712, homo loss: 0.00000 
acc_train_clean: 0.6311, ASR_train_attach: 1.0000, ASR_train_outter: 0.9866
Epoch 130, loss_inner: 1.26641, loss_target: 1.24881, homo loss: 0.00000 
acc_train_clean: 0.6364, ASR_train_attach: 1.0000, ASR_train_outter: 0.9866
Epoch 140, loss_inner: 1.25126, loss_target: 1.23421, homo loss: 0.00000 
acc_train_clean: 0.6396, ASR_train_attach: 1.0000, ASR_train_outter: 0.9881
Epoch 150, loss_inner: 1.23869, loss_target: 1.22201, homo loss: 0.00000 
acc_train_clean: 0.6425, ASR_train_attach: 1.0000, ASR_train_outter: 0.9896
Epoch 160, loss_inner: 1.22834, loss_target: 1.21192, homo loss: 0.00000 
acc_train_clean: 0.6451, ASR_train_attach: 1.0000, ASR_train_outter: 0.9911
Epoch 170, loss_inner: 1.21944, loss_target: 1.20326, homo loss: 0.00000 
acc_train_clean: 0.6474, ASR_train_attach: 1.0000, ASR_train_outter: 0.9911
Epoch 180, loss_inner: 1.21162, loss_target: 1.19558, homo loss: 0.00000 
acc_train_clean: 0.6491, ASR_train_attach: 1.0000, ASR_train_outter: 0.9911
Epoch 190, loss_inner: 1.20474, loss_target: 1.18875, homo loss: 0.00000 
acc_train_clean: 0.6509, ASR_train_attach: 1.0000, ASR_train_outter: 0.9940
Epoch 200, loss_inner: 1.19833, loss_target: 1.18252, homo loss: 0.00000 
acc_train_clean: 0.6522, ASR_train_attach: 1.0000, ASR_train_outter: 0.9940
Epoch 210, loss_inner: 1.19150, loss_target: 1.17549, homo loss: 0.00000 
acc_train_clean: 0.6540, ASR_train_attach: 1.0000, ASR_train_outter: 0.9940
Epoch 220, loss_inner: 1.18218, loss_target: 1.16594, homo loss: 0.00000 
acc_train_clean: 0.6563, ASR_train_attach: 1.0000, ASR_train_outter: 0.9926
Epoch 230, loss_inner: 1.17281, loss_target: 1.15714, homo loss: 0.00000 
acc_train_clean: 0.6581, ASR_train_attach: 1.0000, ASR_train_outter: 0.9940
Epoch 240, loss_inner: 1.16621, loss_target: 1.15103, homo loss: 0.00000 
acc_train_clean: 0.6599, ASR_train_attach: 1.0000, ASR_train_outter: 0.9926
Epoch 250, loss_inner: 1.16155, loss_target: 1.14647, homo loss: 0.00000 
acc_train_clean: 0.6608, ASR_train_attach: 1.0000, ASR_train_outter: 0.9926
Epoch 260, loss_inner: 1.15782, loss_target: 1.14289, homo loss: 0.00000 
acc_train_clean: 0.6619, ASR_train_attach: 1.0000, ASR_train_outter: 0.9926
Epoch 270, loss_inner: 1.15462, loss_target: 1.13971, homo loss: 0.00000 
acc_train_clean: 0.6620, ASR_train_attach: 1.0000, ASR_train_outter: 0.9955
Epoch 280, loss_inner: 1.15143, loss_target: 1.13666, homo loss: 0.00000 
acc_train_clean: 0.6630, ASR_train_attach: 1.0000, ASR_train_outter: 0.9940
Epoch 290, loss_inner: 1.14842, loss_target: 1.13379, homo loss: 0.00000 
acc_train_clean: 0.6640, ASR_train_attach: 1.0000, ASR_train_outter: 0.9926
Epoch 300, loss_inner: 1.14593, loss_target: 1.13232, homo loss: 0.00000 
acc_train_clean: 0.6643, ASR_train_attach: 1.0000, ASR_train_outter: 0.9940
Epoch 310, loss_inner: 1.14240, loss_target: 1.12922, homo loss: 0.00000 
acc_train_clean: 0.6654, ASR_train_attach: 1.0000, ASR_train_outter: 0.9926
Epoch 320, loss_inner: 1.13838, loss_target: 1.12704, homo loss: 0.00000 
acc_train_clean: 0.6665, ASR_train_attach: 1.0000, ASR_train_outter: 0.9955
Epoch 330, loss_inner: 1.13407, loss_target: 1.14296, homo loss: 0.00000 
acc_train_clean: 0.6679, ASR_train_attach: 1.0000, ASR_train_outter: 0.9955
Epoch 340, loss_inner: 1.13226, loss_target: 1.15961, homo loss: 0.00000 
acc_train_clean: 0.6690, ASR_train_attach: 1.0000, ASR_train_outter: 0.9955
Epoch 350, loss_inner: 1.12930, loss_target: 1.12580, homo loss: 0.00000 
acc_train_clean: 0.6693, ASR_train_attach: 1.0000, ASR_train_outter: 0.9940
Epoch 360, loss_inner: 1.12789, loss_target: 1.12674, homo loss: 0.00000 
acc_train_clean: 0.6693, ASR_train_attach: 1.0000, ASR_train_outter: 0.9955
Epoch 370, loss_inner: 1.12642, loss_target: 1.12281, homo loss: 0.00000 
acc_train_clean: 0.6707, ASR_train_attach: 1.0000, ASR_train_outter: 0.9940
Epoch 380, loss_inner: 1.12572, loss_target: 1.12897, homo loss: 0.00000 
acc_train_clean: 0.6704, ASR_train_attach: 1.0000, ASR_train_outter: 0.9955
Epoch 390, loss_inner: 1.12372, loss_target: 1.12262, homo loss: 0.00000 
acc_train_clean: 0.6712, ASR_train_attach: 1.0000, ASR_train_outter: 0.9970
Epoch 400, loss_inner: 1.12258, loss_target: 1.12334, homo loss: 0.00000 
acc_train_clean: 0.6713, ASR_train_attach: 1.0000, ASR_train_outter: 0.9970
Epoch 410, loss_inner: 1.12210, loss_target: 1.12860, homo loss: 0.00000 
acc_train_clean: 0.6711, ASR_train_attach: 1.0000, ASR_train_outter: 0.9955
Epoch 420, loss_inner: 1.12035, loss_target: 1.13039, homo loss: 0.00000 
acc_train_clean: 0.6719, ASR_train_attach: 1.0000, ASR_train_outter: 0.9970
Epoch 430, loss_inner: 1.12199, loss_target: 1.12676, homo loss: 0.00000 
acc_train_clean: 0.6714, ASR_train_attach: 1.0000, ASR_train_outter: 0.9970
Epoch 440, loss_inner: 1.11888, loss_target: 1.11880, homo loss: 0.00005 
acc_train_clean: 0.6723, ASR_train_attach: 1.0000, ASR_train_outter: 0.9985
Epoch 450, loss_inner: 1.11785, loss_target: 1.11751, homo loss: 0.00001 
acc_train_clean: 0.6725, ASR_train_attach: 1.0000, ASR_train_outter: 0.9970
Epoch 460, loss_inner: 1.11699, loss_target: 1.11518, homo loss: 0.00000 
acc_train_clean: 0.6724, ASR_train_attach: 1.0000, ASR_train_outter: 0.9970
Epoch 470, loss_inner: 1.11609, loss_target: 1.10540, homo loss: 0.00000 
acc_train_clean: 0.6739, ASR_train_attach: 1.0000, ASR_train_outter: 0.9985
Epoch 480, loss_inner: 1.11478, loss_target: 1.09941, homo loss: 0.00000 
acc_train_clean: 0.6731, ASR_train_attach: 1.0000, ASR_train_outter: 0.9970
Epoch 490, loss_inner: 1.11331, loss_target: 1.09799, homo loss: 0.00000 
acc_train_clean: 0.6738, ASR_train_attach: 1.0000, ASR_train_outter: 0.9985
Epoch 500, loss_inner: 1.11195, loss_target: 1.09700, homo loss: 0.00000 
acc_train_clean: 0.6744, ASR_train_attach: 1.0000, ASR_train_outter: 0.9985
Epoch 510, loss_inner: 1.11093, loss_target: 1.09599, homo loss: 0.00000 
acc_train_clean: 0.6744, ASR_train_attach: 1.0000, ASR_train_outter: 0.9985
Epoch 520, loss_inner: 1.11037, loss_target: 1.09590, homo loss: 0.00000 
acc_train_clean: 0.6750, ASR_train_attach: 1.0000, ASR_train_outter: 0.9985
Epoch 530, loss_inner: 1.11147, loss_target: 1.09958, homo loss: 0.00000 
acc_train_clean: 0.6740, ASR_train_attach: 1.0000, ASR_train_outter: 0.9985
Epoch 540, loss_inner: 1.11218, loss_target: 1.10644, homo loss: 0.00000 
acc_train_clean: 0.6744, ASR_train_attach: 1.0000, ASR_train_outter: 0.9985
Epoch 550, loss_inner: 1.11860, loss_target: 1.13424, homo loss: 0.00000 
acc_train_clean: 0.6730, ASR_train_attach: 1.0000, ASR_train_outter: 0.9985
Epoch 560, loss_inner: 1.13427, loss_target: 1.18835, homo loss: 0.00000 
acc_train_clean: 0.6692, ASR_train_attach: 1.0000, ASR_train_outter: 0.9955
Epoch 570, loss_inner: 1.17957, loss_target: 1.54451, homo loss: 0.00001 
acc_train_clean: 0.6612, ASR_train_attach: 1.0000, ASR_train_outter: 0.9985
Epoch 580, loss_inner: 1.47158, loss_target: 2.09958, homo loss: 0.00019 
acc_train_clean: 0.6123, ASR_train_attach: 1.0000, ASR_train_outter: 1.0000
Epoch 590, loss_inner: 2.37300, loss_target: 3.44298, homo loss: 0.00029 
acc_train_clean: 0.5753, ASR_train_attach: 0.0000, ASR_train_outter: 1.0000
Epoch 600, loss_inner: 1.68916, loss_target: 4.23278, homo loss: 0.00043 
acc_train_clean: 0.5644, ASR_train_attach: 1.0000, ASR_train_outter: 1.0000
Epoch 610, loss_inner: 1.51395, loss_target: 4.53945, homo loss: 0.00046 
acc_train_clean: 0.5828, ASR_train_attach: 1.0000, ASR_train_outter: 1.0000
Epoch 620, loss_inner: 1.75809, loss_target: 5.70771, homo loss: 0.00022 
acc_train_clean: 0.5821, ASR_train_attach: 1.0000, ASR_train_outter: 1.0000
Epoch 630, loss_inner: 1.77405, loss_target: 7.98350, homo loss: 0.00016 
acc_train_clean: 0.5686, ASR_train_attach: 1.0000, ASR_train_outter: 0.9673
Epoch 640, loss_inner: 1.88191, loss_target: 13.59153, homo loss: 0.00051 
acc_train_clean: 0.5467, ASR_train_attach: 1.0000, ASR_train_outter: 1.0000
Epoch 650, loss_inner: 1.79997, loss_target: 8.71903, homo loss: 0.00197 
acc_train_clean: 0.5411, ASR_train_attach: 1.0000, ASR_train_outter: 0.9985
Epoch 660, loss_inner: 1.65754, loss_target: 9.07061, homo loss: 0.00245 
acc_train_clean: 0.5734, ASR_train_attach: 1.0000, ASR_train_outter: 1.0000
Epoch 670, loss_inner: 1.54395, loss_target: 6.57245, homo loss: 0.00386 
acc_train_clean: 0.5961, ASR_train_attach: 1.0000, ASR_train_outter: 1.0000
Epoch 680, loss_inner: 1.46188, loss_target: 4.59085, homo loss: 0.00127 
acc_train_clean: 0.6017, ASR_train_attach: 1.0000, ASR_train_outter: 1.0000
Epoch 690, loss_inner: 1.33002, loss_target: 1.30897, homo loss: 0.00150 
acc_train_clean: 0.6187, ASR_train_attach: 1.0000, ASR_train_outter: 1.0000
Epoch 700, loss_inner: 1.30729, loss_target: 1.28721, homo loss: 0.00127 
acc_train_clean: 0.6252, ASR_train_attach: 1.0000, ASR_train_outter: 1.0000
Epoch 710, loss_inner: 1.28664, loss_target: 1.26716, homo loss: 0.00090 
acc_train_clean: 0.6299, ASR_train_attach: 1.0000, ASR_train_outter: 1.0000
Epoch 720, loss_inner: 1.27171, loss_target: 1.25308, homo loss: 0.00067 
acc_train_clean: 0.6336, ASR_train_attach: 1.0000, ASR_train_outter: 1.0000
Epoch 730, loss_inner: 1.25995, loss_target: 1.24162, homo loss: 0.00053 
acc_train_clean: 0.6363, ASR_train_attach: 1.0000, ASR_train_outter: 1.0000
Epoch 740, loss_inner: 1.25035, loss_target: 1.23236, homo loss: 0.00044 
acc_train_clean: 0.6390, ASR_train_attach: 1.0000, ASR_train_outter: 1.0000
Epoch 750, loss_inner: 1.24223, loss_target: 1.22447, homo loss: 0.00039 
acc_train_clean: 0.6403, ASR_train_attach: 1.0000, ASR_train_outter: 1.0000
Epoch 760, loss_inner: 1.23518, loss_target: 1.21762, homo loss: 0.00035 
acc_train_clean: 0.6414, ASR_train_attach: 1.0000, ASR_train_outter: 1.0000
Epoch 770, loss_inner: 1.22895, loss_target: 1.21156, homo loss: 0.00032 
acc_train_clean: 0.6428, ASR_train_attach: 1.0000, ASR_train_outter: 1.0000
Epoch 780, loss_inner: 1.22311, loss_target: 1.24996, homo loss: 0.00028 
acc_train_clean: 0.6441, ASR_train_attach: 1.0000, ASR_train_outter: 1.0000
Epoch 790, loss_inner: 1.21792, loss_target: 1.24848, homo loss: 0.00026 
acc_train_clean: 0.6459, ASR_train_attach: 1.0000, ASR_train_outter: 1.0000
load best weight based on the loss outter
precent of left attach nodes: 0.000
Namespace(cuda=True, dataset='ogbn-arxiv', debug=True, defense_mode='isolate', device_id=2, dis_weight=0.0, dropout=0.5, epochs=800, evaluate_mode='1by1', hidden=32, homo_boost_thrd=0.2, homo_loss_weight=100.0, inner=1, lr=0.01, model='GCN', no_cuda=False, prune_thr=0.8, seed=265, selection_method='cluster_degree', target_class=0, target_loss_weight=1, test_model='GCN', thrd=0.5, train_lr=0.01, trigger_size=3, trojan_epochs=800, use_vs_number=True, vs_number=160, vs_ratio=0, weight_decay=0.0005)
target class rate on Vs: 0.0000
accuracy on clean test nodes: 0.6447
Overall ASR: 0.0002
Flip ASR: 0.0000/16875 nodes
Namespace(cuda=True, dataset='ogbn-arxiv', debug=True, defense_mode='isolate', device_id=2, dis_weight=0.0, dropout=0.5, epochs=800, evaluate_mode='1by1', hidden=32, homo_boost_thrd=0.2, homo_loss_weight=100.0, inner=1, lr=0.01, model='GCN', no_cuda=False, prune_thr=0.8, seed=125, selection_method='cluster_degree', target_class=0, target_loss_weight=1, test_model='GCN', thrd=0.5, train_lr=0.01, trigger_size=3, trojan_epochs=800, use_vs_number=True, vs_number=160, vs_ratio=0, weight_decay=0.0005)
target class rate on Vs: 0.0000
accuracy on clean test nodes: 0.6439
Overall ASR: 0.0002
Flip ASR: 0.0000/16875 nodes
Namespace(cuda=True, dataset='ogbn-arxiv', debug=True, defense_mode='isolate', device_id=2, dis_weight=0.0, dropout=0.5, epochs=800, evaluate_mode='1by1', hidden=32, homo_boost_thrd=0.2, homo_loss_weight=100.0, inner=1, lr=0.01, model='GCN', no_cuda=False, prune_thr=0.8, seed=996, selection_method='cluster_degree', target_class=0, target_loss_weight=1, test_model='GCN', thrd=0.5, train_lr=0.01, trigger_size=3, trojan_epochs=800, use_vs_number=True, vs_number=160, vs_ratio=0, weight_decay=0.0005)
target class rate on Vs: 0.0000
accuracy on clean test nodes: 0.6472
Overall ASR: 0.0001
Flip ASR: 0.0000/16875 nodes
Namespace(cuda=True, dataset='ogbn-arxiv', debug=True, defense_mode='isolate', device_id=2, dis_weight=0.0, dropout=0.5, epochs=800, evaluate_mode='1by1', hidden=32, homo_boost_thrd=0.2, homo_loss_weight=100.0, inner=1, lr=0.01, model='GCN', no_cuda=False, prune_thr=0.8, seed=527, selection_method='cluster_degree', target_class=0, target_loss_weight=1, test_model='GCN', thrd=0.5, train_lr=0.01, trigger_size=3, trojan_epochs=800, use_vs_number=True, vs_number=160, vs_ratio=0, weight_decay=0.0005)
target class rate on Vs: 0.0000
accuracy on clean test nodes: 0.6482
Overall ASR: 0.0001
Flip ASR: 0.0000/16875 nodes
Namespace(cuda=True, dataset='ogbn-arxiv', debug=True, defense_mode='isolate', device_id=2, dis_weight=0.0, dropout=0.5, epochs=800, evaluate_mode='1by1', hidden=32, homo_boost_thrd=0.2, homo_loss_weight=100.0, inner=1, lr=0.01, model='GCN', no_cuda=False, prune_thr=0.8, seed=320, selection_method='cluster_degree', target_class=0, target_loss_weight=1, test_model='GCN', thrd=0.5, train_lr=0.01, trigger_size=3, trojan_epochs=800, use_vs_number=True, vs_number=160, vs_ratio=0, weight_decay=0.0005)
target class rate on Vs: 0.0000
accuracy on clean test nodes: 0.6448
Overall ASR: 0.0001
Flip ASR: 0.0000/16875 nodes
Overall ASR: 0.0002 (GCN model, Seed: 320)
Overall Clean Accuracy: 0.6458
Namespace(cuda=True, dataset='ogbn-arxiv', debug=True, defense_mode='isolate', device_id=2, dis_weight=0.0, dropout=0.5, epochs=800, evaluate_mode='1by1', hidden=32, homo_boost_thrd=0.2, homo_loss_weight=100.0, inner=1, lr=0.01, model='GCN', no_cuda=False, prune_thr=0.8, seed=781, selection_method='cluster_degree', target_class=0, target_loss_weight=1, test_model='GAT', thrd=0.5, train_lr=0.01, trigger_size=3, trojan_epochs=800, use_vs_number=True, vs_number=160, vs_ratio=0, weight_decay=0.0005)
/home/project-graph-backdoor/Backdoor/models/GAT.py:61: UserWarning: To copy construct from a tensor, it is recommended to use sourceTensor.clone().detach() or sourceTensor.clone().detach().requires_grad_(True), rather than torch.tensor(sourceTensor).
  self.labels = torch.tensor(labels, dtype=torch.long)
target class rate on Vs: 0.0000
accuracy on clean test nodes: 0.6414
Overall ASR: 0.0004
Flip ASR: 0.0002/16875 nodes
Namespace(cuda=True, dataset='ogbn-arxiv', debug=True, defense_mode='isolate', device_id=2, dis_weight=0.0, dropout=0.5, epochs=800, evaluate_mode='1by1', hidden=32, homo_boost_thrd=0.2, homo_loss_weight=100.0, inner=1, lr=0.01, model='GCN', no_cuda=False, prune_thr=0.8, seed=706, selection_method='cluster_degree', target_class=0, target_loss_weight=1, test_model='GAT', thrd=0.5, train_lr=0.01, trigger_size=3, trojan_epochs=800, use_vs_number=True, vs_number=160, vs_ratio=0, weight_decay=0.0005)
target class rate on Vs: 0.0000
accuracy on clean test nodes: 0.6397
Overall ASR: 0.0002
Flip ASR: 0.0001/16875 nodes
Namespace(cuda=True, dataset='ogbn-arxiv', debug=True, defense_mode='isolate', device_id=2, dis_weight=0.0, dropout=0.5, epochs=800, evaluate_mode='1by1', hidden=32, homo_boost_thrd=0.2, homo_loss_weight=100.0, inner=1, lr=0.01, model='GCN', no_cuda=False, prune_thr=0.8, seed=778, selection_method='cluster_degree', target_class=0, target_loss_weight=1, test_model='GAT', thrd=0.5, train_lr=0.01, trigger_size=3, trojan_epochs=800, use_vs_number=True, vs_number=160, vs_ratio=0, weight_decay=0.0005)
target class rate on Vs: 0.0000
accuracy on clean test nodes: 0.6414
Overall ASR: 0.0004
Flip ASR: 0.0002/16875 nodes
Namespace(cuda=True, dataset='ogbn-arxiv', debug=True, defense_mode='isolate', device_id=2, dis_weight=0.0, dropout=0.5, epochs=800, evaluate_mode='1by1', hidden=32, homo_boost_thrd=0.2, homo_loss_weight=100.0, inner=1, lr=0.01, model='GCN', no_cuda=False, prune_thr=0.8, seed=604, selection_method='cluster_degree', target_class=0, target_loss_weight=1, test_model='GAT', thrd=0.5, train_lr=0.01, trigger_size=3, trojan_epochs=800, use_vs_number=True, vs_number=160, vs_ratio=0, weight_decay=0.0005)
target class rate on Vs: 0.0000
accuracy on clean test nodes: 0.6412
Overall ASR: 0.0005
Flip ASR: 0.0002/16875 nodes
Namespace(cuda=True, dataset='ogbn-arxiv', debug=True, defense_mode='isolate', device_id=2, dis_weight=0.0, dropout=0.5, epochs=800, evaluate_mode='1by1', hidden=32, homo_boost_thrd=0.2, homo_loss_weight=100.0, inner=1, lr=0.01, model='GCN', no_cuda=False, prune_thr=0.8, seed=133, selection_method='cluster_degree', target_class=0, target_loss_weight=1, test_model='GAT', thrd=0.5, train_lr=0.01, trigger_size=3, trojan_epochs=800, use_vs_number=True, vs_number=160, vs_ratio=0, weight_decay=0.0005)
target class rate on Vs: 0.0000
accuracy on clean test nodes: 0.6410
Overall ASR: 0.0002
Flip ASR: 0.0001/16875 nodes
Overall ASR: 0.0003 (GAT model, Seed: 133)
Overall Clean Accuracy: 0.6409
Namespace(cuda=True, dataset='ogbn-arxiv', debug=True, defense_mode='isolate', device_id=2, dis_weight=0.0, dropout=0.5, epochs=800, evaluate_mode='1by1', hidden=32, homo_boost_thrd=0.2, homo_loss_weight=100.0, inner=1, lr=0.01, model='GCN', no_cuda=False, prune_thr=0.8, seed=673, selection_method='cluster_degree', target_class=0, target_loss_weight=1, test_model='GraphSage', thrd=0.5, train_lr=0.01, trigger_size=3, trojan_epochs=800, use_vs_number=True, vs_number=160, vs_ratio=0, weight_decay=0.0005)
target class rate on Vs: 0.0000
accuracy on clean test nodes: 0.6452
Overall ASR: 0.0003
Flip ASR: 0.0001/16875 nodes
Namespace(cuda=True, dataset='ogbn-arxiv', debug=True, defense_mode='isolate', device_id=2, dis_weight=0.0, dropout=0.5, epochs=800, evaluate_mode='1by1', hidden=32, homo_boost_thrd=0.2, homo_loss_weight=100.0, inner=1, lr=0.01, model='GCN', no_cuda=False, prune_thr=0.8, seed=904, selection_method='cluster_degree', target_class=0, target_loss_weight=1, test_model='GraphSage', thrd=0.5, train_lr=0.01, trigger_size=3, trojan_epochs=800, use_vs_number=True, vs_number=160, vs_ratio=0, weight_decay=0.0005)
target class rate on Vs: 0.0000
accuracy on clean test nodes: 0.6362
Overall ASR: 0.0002
Flip ASR: 0.0001/16875 nodes
Namespace(cuda=True, dataset='ogbn-arxiv', debug=True, defense_mode='isolate', device_id=2, dis_weight=0.0, dropout=0.5, epochs=800, evaluate_mode='1by1', hidden=32, homo_boost_thrd=0.2, homo_loss_weight=100.0, inner=1, lr=0.01, model='GCN', no_cuda=False, prune_thr=0.8, seed=56, selection_method='cluster_degree', target_class=0, target_loss_weight=1, test_model='GraphSage', thrd=0.5, train_lr=0.01, trigger_size=3, trojan_epochs=800, use_vs_number=True, vs_number=160, vs_ratio=0, weight_decay=0.0005)
target class rate on Vs: 0.0000
accuracy on clean test nodes: 0.6407
Overall ASR: 0.0002
Flip ASR: 0.0001/16875 nodes
Namespace(cuda=True, dataset='ogbn-arxiv', debug=True, defense_mode='isolate', device_id=2, dis_weight=0.0, dropout=0.5, epochs=800, evaluate_mode='1by1', hidden=32, homo_boost_thrd=0.2, homo_loss_weight=100.0, inner=1, lr=0.01, model='GCN', no_cuda=False, prune_thr=0.8, seed=1, selection_method='cluster_degree', target_class=0, target_loss_weight=1, test_model='GraphSage', thrd=0.5, train_lr=0.01, trigger_size=3, trojan_epochs=800, use_vs_number=True, vs_number=160, vs_ratio=0, weight_decay=0.0005)
target class rate on Vs: 0.0000
accuracy on clean test nodes: 0.6465
Overall ASR: 0.0005
Flip ASR: 0.0002/16875 nodes
Namespace(cuda=True, dataset='ogbn-arxiv', debug=True, defense_mode='isolate', device_id=2, dis_weight=0.0, dropout=0.5, epochs=800, evaluate_mode='1by1', hidden=32, homo_boost_thrd=0.2, homo_loss_weight=100.0, inner=1, lr=0.01, model='GCN', no_cuda=False, prune_thr=0.8, seed=694, selection_method='cluster_degree', target_class=0, target_loss_weight=1, test_model='GraphSage', thrd=0.5, train_lr=0.01, trigger_size=3, trojan_epochs=800, use_vs_number=True, vs_number=160, vs_ratio=0, weight_decay=0.0005)
target class rate on Vs: 0.0000
accuracy on clean test nodes: 0.6408
Overall ASR: 0.0001
Flip ASR: 0.0001/16875 nodes
Overall ASR: 0.0003 (GraphSage model, Seed: 694)
Overall Clean Accuracy: 0.6419
Total Overall ASR: 0.0002 
Total Clean Accuracy: 0.6428
