nohup: ignoring input
run_adaptive.py:8: DeprecationWarning: the imp module is deprecated in favour of importlib; see the module's documentation for alternative uses
  import imp
Namespace(cuda=True, dataset='ogbn-arxiv', debug=True, defense_mode='prune', device_id=2, dis_weight=0.0, dropout=0.5, epochs=200, evaluate_mode='1by1', hidden=32, homo_boost_thrd=0.8, homo_loss_weight=300.0, inner=1, lr=0.01, model='GCN', no_cuda=False, prune_thr=0.8, seed=10, selection_method='cluster_degree', target_class=0, target_loss_weight=1, test_model='GCN', thrd=0.5, train_lr=0.01, trigger_size=3, trojan_epochs=800, use_vs_number=True, vs_number=480, vs_ratio=0, weight_decay=0.0005)
#Attach Nodes:480
./selected_nodes/ogbn-arxiv/Overall/seed10/nodes.txt
idx_attach: tensor([132437, 159342, 115859,  11103, 127522,  67544,  82569, 161886,  62976,
         13773,  68963, 144203,  19681,    750, 156733,  86828,  18909,  82685,
         81700, 164714, 103734,  65352,  47692,  14294, 153213,  78523,   1385,
         50714, 156839, 144199,  88403,  58221,  56228,  88511,  12909, 156645,
         93340, 136107,  80139,    622,   1438,   7666, 133129, 127534, 106596,
        102712,   4269,  55140, 125068, 152827, 135150,  23527,   3609,   6462,
        121168, 152542,   6165, 126338,  90948,  77520,  47397, 106658,  68636,
        109074,  69509, 138501,  13873,  20117,  83448,   3102, 143264,  91042,
         54237,  58770, 165138, 126351,  55671,  99141,  13704, 136218,  16458,
         43368, 146276,  31105, 112018,  77110, 104399,  46245, 147007,   5821,
         19313,  91731,  20583, 142204,  80573,   7668,  83587, 128743, 143180,
         91852,  75911,  65787, 153365, 126297,  39114, 104240,  77327,   4583,
           512,  48952,  28134,  38432,  10832,  61628, 127678, 138417, 147495,
         98345,  93057,  33697, 138811, 124659, 133488,  71285,  47676,   1298,
        167767,  47649, 124811,  39955,  70652, 138116,  94425, 163083,  21820,
        133451,  73518, 132097,  23608,  13837, 125639,  40347, 163907,   5087,
          6422, 119164, 165901,   5059,  83768,  27180, 100388,  35462, 116799,
          3703,   5670,  48904,  68159, 113552, 160597,  96989, 127472, 136647,
        148726, 125053, 138149, 138315, 141422,  76351,  76598,  59904, 148285,
         70903, 165759,  39375, 136221, 140976,  63383,  42932,  75075,  71850,
         73993,  30102,  65808,  62714,  45851,  95186,  36002,  74863,  64652,
        161830, 145444, 126027,  60679,  73713,  93896, 146527, 169172, 114189,
         95782,  93842, 148869, 112848,  68654,   4485, 168944, 140981,  72175,
         45679,  20436,   7628, 115596, 130154, 135469,  14337,  63022,  17599,
        122842, 103833,  45706,  81303,  13852,  81871, 114723, 142817,  28988,
         48225,  21674,  34318, 111176, 158279, 146881,  34991,  76669,  13346,
         17731, 138128, 136891, 117554,  40123,  52955, 103517, 141078,  75105,
         82512, 168762, 139593, 118896,  12297, 138395,  64922,  55710,  22340,
         76111,  93384, 111925,   5010,  13015, 116348, 150061, 130103, 141021,
         64826, 144901, 106175,  92109,  89940,  71933, 144027,  36882,  41628,
         55044,  12828,  41681,  14340,  23638, 144925,  62265,  35737, 155976,
        161925,  63089, 135644, 164665,   9848, 124525,  66260,  78580,  66041,
          4226, 128942,  52300,  86426, 146623,  42022,  64582,  63272, 144613,
         12980,  93063, 146301, 166120, 109587, 144883,  58222, 119761, 126871,
        112989,  47264,  44224,  76605, 125250,  85029, 139694, 119661,  82517,
         10258,   5687,  86843,  93827,  30524, 146837, 142859,   3796, 104188,
         59645, 150266,  63460, 152939, 132153,  87353, 155538,  28127,  86437,
           591,  14225, 111064,  72841,  91588, 121367, 129042,  82694, 139395,
        116755,  46308,  15022,  85320,  72395, 143355, 128020,  15828, 143322,
         55075,  51976,  81577,  12925,  52480,  77357, 123824, 117210, 101747,
         38371,  89521, 120166,  15685,  29096,  24361,   9035, 130319,   6402,
         54168, 138793,  78393,  97894,  85421, 150077, 147429,  30273,  47541,
        101610, 157814,  45601, 169188, 146774,  52883,  71248, 152946,  56090,
         48566,  94860,  87246, 155373,  48973, 147804,  56436,  69861, 158491,
        124225, 157846,  36579,  12832, 105166,  49721, 128954, 148078,  56062,
        130915,  28744, 155979,  93417,  88471,  39751,  44343,  12516,  53050,
         23226,  28658,  22922, 139240, 113205,  27673,  41397,  99820,  40770,
         52043, 140123,   8016, 110285,   9523, 141587,  42198,  41116,  56625,
         49108, 145426, 143510,  78940,  39641, 103830,  28317, 137361, 113738,
         95930,  43828,  59183,  10174, 100999,  73621,  70772, 168782,    316,
         63065,   1216, 150717, 142054,  43635,  42956, 104683, 153366,  55743,
        159972,  50428,  97269,  99636,  86383, 167276,  30354, 109791, 108465,
         33452, 167353, 132780, 148658, 140035,  90596,  92925, 148665, 127724,
         12927,  19694, 108961], device='cuda:2')
tensor([     1,      2,      3,  ..., 169334, 169336, 169338], device='cuda:2')
Epoch 0, loss_inner: 3.74859, loss_target: 3.63285, homo loss: 0.80559 
acc_train_clean: 0.0089, ASR_train_attach: 0.0000, ASR_train_outter: 0.0000
Epoch 10, loss_inner: 3.04140, loss_target: 3.14472, homo loss: 0.00627 
acc_train_clean: 0.2734, ASR_train_attach: 0.0000, ASR_train_outter: 0.0000
Epoch 20, loss_inner: 2.78127, loss_target: 2.76002, homo loss: 0.00113 
acc_train_clean: 0.2866, ASR_train_attach: 0.0000, ASR_train_outter: 0.0000
Epoch 30, loss_inner: 2.47316, loss_target: 2.41346, homo loss: 0.00067 
acc_train_clean: 0.3560, ASR_train_attach: 0.1104, ASR_train_outter: 0.3949
Epoch 40, loss_inner: 2.16097, loss_target: 2.08927, homo loss: 0.00052 
acc_train_clean: 0.4405, ASR_train_attach: 0.9229, ASR_train_outter: 0.8763
Epoch 50, loss_inner: 1.90882, loss_target: 1.84188, homo loss: 0.00061 
acc_train_clean: 0.5034, ASR_train_attach: 0.9667, ASR_train_outter: 0.9455
Epoch 60, loss_inner: 1.72283, loss_target: 1.66700, homo loss: 0.00053 
acc_train_clean: 0.5374, ASR_train_attach: 0.9708, ASR_train_outter: 0.9515
Epoch 70, loss_inner: 1.59404, loss_target: 1.54523, homo loss: 0.00037 
acc_train_clean: 0.5635, ASR_train_attach: 0.9833, ASR_train_outter: 0.9628
Epoch 80, loss_inner: 1.50190, loss_target: 1.45717, homo loss: 0.00023 
acc_train_clean: 0.5866, ASR_train_attach: 0.9875, ASR_train_outter: 0.9741
Epoch 90, loss_inner: 1.43099, loss_target: 1.38954, homo loss: 0.00016 
acc_train_clean: 0.6014, ASR_train_attach: 0.9875, ASR_train_outter: 0.9747
Epoch 100, loss_inner: 1.37172, loss_target: 1.33227, homo loss: 0.00011 
acc_train_clean: 0.6129, ASR_train_attach: 0.9917, ASR_train_outter: 0.9787
Epoch 110, loss_inner: 1.32719, loss_target: 1.28918, homo loss: 0.00009 
acc_train_clean: 0.6208, ASR_train_attach: 1.0000, ASR_train_outter: 0.9874
Epoch 120, loss_inner: 1.29252, loss_target: 1.25567, homo loss: 0.00007 
acc_train_clean: 0.6274, ASR_train_attach: 1.0000, ASR_train_outter: 0.9887
Epoch 130, loss_inner: 1.26158, loss_target: 1.22547, homo loss: 0.00006 
acc_train_clean: 0.6332, ASR_train_attach: 1.0000, ASR_train_outter: 0.9900
Epoch 140, loss_inner: 1.23779, loss_target: 1.20287, homo loss: 0.00007 
acc_train_clean: 0.6397, ASR_train_attach: 1.0000, ASR_train_outter: 0.9914
Epoch 150, loss_inner: 1.22103, loss_target: 1.18746, homo loss: 0.00003 
acc_train_clean: 0.6440, ASR_train_attach: 1.0000, ASR_train_outter: 0.9900
Epoch 160, loss_inner: 1.20951, loss_target: 1.17638, homo loss: 0.00005 
acc_train_clean: 0.6457, ASR_train_attach: 1.0000, ASR_train_outter: 0.9907
Epoch 170, loss_inner: 1.20062, loss_target: 1.16742, homo loss: 0.00004 
acc_train_clean: 0.6480, ASR_train_attach: 1.0000, ASR_train_outter: 0.9947
Epoch 180, loss_inner: 1.19340, loss_target: 1.16072, homo loss: 0.00003 
acc_train_clean: 0.6496, ASR_train_attach: 1.0000, ASR_train_outter: 0.9934
Epoch 190, loss_inner: 1.18720, loss_target: 1.15455, homo loss: 0.00002 
acc_train_clean: 0.6508, ASR_train_attach: 1.0000, ASR_train_outter: 0.9927
Epoch 200, loss_inner: 1.18150, loss_target: 1.15003, homo loss: 0.00004 
acc_train_clean: 0.6521, ASR_train_attach: 0.9979, ASR_train_outter: 0.9887
Epoch 210, loss_inner: 1.17609, loss_target: 1.14422, homo loss: 0.00001 
acc_train_clean: 0.6532, ASR_train_attach: 1.0000, ASR_train_outter: 0.9920
Epoch 220, loss_inner: 1.17127, loss_target: 1.13907, homo loss: 0.00001 
acc_train_clean: 0.6545, ASR_train_attach: 1.0000, ASR_train_outter: 0.9953
Epoch 230, loss_inner: 1.16666, loss_target: 1.13450, homo loss: 0.00001 
acc_train_clean: 0.6555, ASR_train_attach: 1.0000, ASR_train_outter: 0.9953
Epoch 240, loss_inner: 1.16259, loss_target: 1.13058, homo loss: 0.00003 
acc_train_clean: 0.6570, ASR_train_attach: 1.0000, ASR_train_outter: 0.9953
Epoch 250, loss_inner: 1.15856, loss_target: 1.12695, homo loss: 0.00002 
acc_train_clean: 0.6581, ASR_train_attach: 1.0000, ASR_train_outter: 0.9947
Epoch 260, loss_inner: 1.15523, loss_target: 1.12348, homo loss: 0.00001 
acc_train_clean: 0.6590, ASR_train_attach: 1.0000, ASR_train_outter: 0.9953
Epoch 270, loss_inner: 1.15129, loss_target: 1.11966, homo loss: 0.00001 
acc_train_clean: 0.6602, ASR_train_attach: 1.0000, ASR_train_outter: 0.9947
Epoch 280, loss_inner: 1.14649, loss_target: 1.11463, homo loss: 0.00001 
acc_train_clean: 0.6618, ASR_train_attach: 1.0000, ASR_train_outter: 0.9953
Epoch 290, loss_inner: 1.14132, loss_target: 1.10902, homo loss: 0.00000 
acc_train_clean: 0.6625, ASR_train_attach: 1.0000, ASR_train_outter: 0.9953
Epoch 300, loss_inner: 1.13482, loss_target: 1.10402, homo loss: 0.00001 
acc_train_clean: 0.6644, ASR_train_attach: 1.0000, ASR_train_outter: 0.9920
Epoch 310, loss_inner: 1.12989, loss_target: 1.09897, homo loss: 0.00001 
acc_train_clean: 0.6653, ASR_train_attach: 1.0000, ASR_train_outter: 0.9947
Epoch 320, loss_inner: 1.12613, loss_target: 1.09545, homo loss: 0.00002 
acc_train_clean: 0.6666, ASR_train_attach: 1.0000, ASR_train_outter: 0.9947
Epoch 330, loss_inner: 1.12343, loss_target: 1.09305, homo loss: 0.00001 
acc_train_clean: 0.6678, ASR_train_attach: 1.0000, ASR_train_outter: 0.9953
Epoch 340, loss_inner: 1.12150, loss_target: 1.09083, homo loss: 0.00003 
acc_train_clean: 0.6683, ASR_train_attach: 1.0000, ASR_train_outter: 0.9947
Epoch 350, loss_inner: 1.11979, loss_target: 1.08983, homo loss: 0.00002 
acc_train_clean: 0.6693, ASR_train_attach: 1.0000, ASR_train_outter: 0.9960
Epoch 360, loss_inner: 1.11777, loss_target: 1.08746, homo loss: 0.00001 
acc_train_clean: 0.6691, ASR_train_attach: 1.0000, ASR_train_outter: 0.9960
Epoch 370, loss_inner: 1.11596, loss_target: 1.08492, homo loss: 0.00001 
acc_train_clean: 0.6702, ASR_train_attach: 1.0000, ASR_train_outter: 0.9953
Epoch 380, loss_inner: 1.11458, loss_target: 1.08393, homo loss: 0.00002 
acc_train_clean: 0.6703, ASR_train_attach: 1.0000, ASR_train_outter: 0.9973
Epoch 390, loss_inner: 1.11333, loss_target: 1.08290, homo loss: 0.00000 
acc_train_clean: 0.6708, ASR_train_attach: 1.0000, ASR_train_outter: 0.9940
Epoch 400, loss_inner: 1.11263, loss_target: 1.08539, homo loss: 0.00013 
acc_train_clean: 0.6708, ASR_train_attach: 1.0000, ASR_train_outter: 0.9927
Epoch 410, loss_inner: 1.11126, loss_target: 1.08074, homo loss: 0.00001 
acc_train_clean: 0.6721, ASR_train_attach: 1.0000, ASR_train_outter: 0.9960
Epoch 420, loss_inner: 1.10962, loss_target: 1.07940, homo loss: 0.00001 
acc_train_clean: 0.6723, ASR_train_attach: 1.0000, ASR_train_outter: 0.9960
Epoch 430, loss_inner: 1.10853, loss_target: 1.07764, homo loss: 0.00000 
acc_train_clean: 0.6728, ASR_train_attach: 1.0000, ASR_train_outter: 0.9987
Epoch 440, loss_inner: 1.10747, loss_target: 1.07637, homo loss: 0.00000 
acc_train_clean: 0.6726, ASR_train_attach: 1.0000, ASR_train_outter: 0.9993
Epoch 450, loss_inner: 1.10647, loss_target: 1.07518, homo loss: 0.00000 
acc_train_clean: 0.6733, ASR_train_attach: 1.0000, ASR_train_outter: 0.9993
Epoch 460, loss_inner: 1.10561, loss_target: 1.07476, homo loss: 0.00001 
acc_train_clean: 0.6736, ASR_train_attach: 1.0000, ASR_train_outter: 0.9993
Epoch 470, loss_inner: 1.10481, loss_target: 1.07425, homo loss: 0.00002 
acc_train_clean: 0.6741, ASR_train_attach: 1.0000, ASR_train_outter: 0.9973
Epoch 480, loss_inner: 1.10392, loss_target: 1.07315, homo loss: 0.00002 
acc_train_clean: 0.6742, ASR_train_attach: 1.0000, ASR_train_outter: 0.9987
Epoch 490, loss_inner: 1.10332, loss_target: 1.07390, homo loss: 0.00014 
acc_train_clean: 0.6744, ASR_train_attach: 1.0000, ASR_train_outter: 0.9980
Epoch 500, loss_inner: 1.10240, loss_target: 1.07293, homo loss: 0.00009 
acc_train_clean: 0.6743, ASR_train_attach: 1.0000, ASR_train_outter: 0.9993
Epoch 510, loss_inner: 1.10402, loss_target: 1.07432, homo loss: 0.00000 
acc_train_clean: 0.6742, ASR_train_attach: 1.0000, ASR_train_outter: 0.9980
Epoch 520, loss_inner: 1.10111, loss_target: 1.07142, homo loss: 0.00000 
acc_train_clean: 0.6750, ASR_train_attach: 1.0000, ASR_train_outter: 0.9953
Epoch 530, loss_inner: 1.10036, loss_target: 1.07038, homo loss: 0.00000 
acc_train_clean: 0.6751, ASR_train_attach: 1.0000, ASR_train_outter: 0.9987
Epoch 540, loss_inner: 1.09974, loss_target: 1.06938, homo loss: 0.00000 
acc_train_clean: 0.6749, ASR_train_attach: 1.0000, ASR_train_outter: 0.9993
Epoch 550, loss_inner: 1.09900, loss_target: 1.06906, homo loss: 0.00000 
acc_train_clean: 0.6750, ASR_train_attach: 1.0000, ASR_train_outter: 0.9953
Epoch 560, loss_inner: 1.09842, loss_target: 1.06823, homo loss: 0.00001 
acc_train_clean: 0.6751, ASR_train_attach: 1.0000, ASR_train_outter: 0.9980
Epoch 570, loss_inner: 1.10014, loss_target: 1.07522, homo loss: 0.00105 
acc_train_clean: 0.6747, ASR_train_attach: 1.0000, ASR_train_outter: 0.9967
Epoch 580, loss_inner: 1.58891, loss_target: 1.57892, homo loss: 0.00090 
acc_train_clean: 0.5916, ASR_train_attach: 0.1354, ASR_train_outter: 1.0000
Epoch 590, loss_inner: 1.34867, loss_target: 1.41680, homo loss: 0.00078 
acc_train_clean: 0.6250, ASR_train_attach: 0.9958, ASR_train_outter: 0.9953
Epoch 600, loss_inner: 1.34998, loss_target: 1.72932, homo loss: 0.00660 
acc_train_clean: 0.6095, ASR_train_attach: 1.0000, ASR_train_outter: 1.0000
Epoch 610, loss_inner: 1.24987, loss_target: 1.61393, homo loss: 0.00160 
acc_train_clean: 0.6421, ASR_train_attach: 1.0000, ASR_train_outter: 0.9993
Epoch 620, loss_inner: 1.23775, loss_target: 1.47064, homo loss: 0.00168 
acc_train_clean: 0.6472, ASR_train_attach: 1.0000, ASR_train_outter: 1.0000
Epoch 630, loss_inner: 1.18854, loss_target: 1.31647, homo loss: 0.00098 
acc_train_clean: 0.6563, ASR_train_attach: 1.0000, ASR_train_outter: 1.0000
Epoch 640, loss_inner: 1.19306, loss_target: 1.25900, homo loss: 0.00088 
acc_train_clean: 0.6502, ASR_train_attach: 1.0000, ASR_train_outter: 1.0000
Epoch 650, loss_inner: 1.22012, loss_target: 1.34673, homo loss: 0.00080 
acc_train_clean: 0.6471, ASR_train_attach: 1.0000, ASR_train_outter: 1.0000
Epoch 660, loss_inner: 1.28124, loss_target: 1.47388, homo loss: 0.00087 
acc_train_clean: 0.6248, ASR_train_attach: 1.0000, ASR_train_outter: 1.0000
Epoch 670, loss_inner: 1.88977, loss_target: 2.57079, homo loss: 0.00116 
acc_train_clean: 0.5428, ASR_train_attach: 1.0000, ASR_train_outter: 1.0000
Epoch 680, loss_inner: 1.58937, loss_target: 2.44883, homo loss: 0.00148 
acc_train_clean: 0.5614, ASR_train_attach: 1.0000, ASR_train_outter: 1.0000
Epoch 690, loss_inner: 1.64819, loss_target: 2.36615, homo loss: 0.00251 
acc_train_clean: 0.5616, ASR_train_attach: 1.0000, ASR_train_outter: 1.0000
Epoch 700, loss_inner: 1.94075, loss_target: 3.19347, homo loss: 0.00755 
acc_train_clean: 0.5106, ASR_train_attach: 1.0000, ASR_train_outter: 0.9993
Epoch 710, loss_inner: 1.88639, loss_target: 3.87518, homo loss: 0.01572 
acc_train_clean: 0.5087, ASR_train_attach: 1.0000, ASR_train_outter: 1.0000
Epoch 720, loss_inner: 2.17387, loss_target: 4.50858, homo loss: 0.01980 
acc_train_clean: 0.4408, ASR_train_attach: 1.0000, ASR_train_outter: 1.0000
Epoch 730, loss_inner: 2.41988, loss_target: 9.30046, homo loss: 0.05611 
acc_train_clean: 0.4531, ASR_train_attach: 1.0000, ASR_train_outter: 1.0000
Epoch 740, loss_inner: 1.92142, loss_target: 8.41062, homo loss: 0.06321 
acc_train_clean: 0.5380, ASR_train_attach: 1.0000, ASR_train_outter: 1.0000
Epoch 750, loss_inner: 1.63782, loss_target: 5.44311, homo loss: 0.05250 
acc_train_clean: 0.5656, ASR_train_attach: 1.0000, ASR_train_outter: 1.0000
Epoch 760, loss_inner: 1.53692, loss_target: 3.18695, homo loss: 0.04214 
acc_train_clean: 0.5882, ASR_train_attach: 1.0000, ASR_train_outter: 1.0000
Epoch 770, loss_inner: 1.46712, loss_target: 2.22701, homo loss: 0.01817 
acc_train_clean: 0.5952, ASR_train_attach: 1.0000, ASR_train_outter: 1.0000
Epoch 780, loss_inner: 1.41903, loss_target: 2.07465, homo loss: 0.00537 
acc_train_clean: 0.6057, ASR_train_attach: 1.0000, ASR_train_outter: 1.0000
Epoch 790, loss_inner: 1.37246, loss_target: 2.07073, homo loss: 0.00324 
acc_train_clean: 0.6163, ASR_train_attach: 1.0000, ASR_train_outter: 1.0000
load best weight based on the loss outter
precent of left attach nodes: 1.000
Namespace(cuda=True, dataset='ogbn-arxiv', debug=True, defense_mode='prune', device_id=2, dis_weight=0.0, dropout=0.5, epochs=200, evaluate_mode='1by1', hidden=32, homo_boost_thrd=0.8, homo_loss_weight=300.0, inner=1, lr=0.01, model='GCN', no_cuda=False, prune_thr=0.8, seed=265, selection_method='cluster_degree', target_class=0, target_loss_weight=1, test_model='GCN', thrd=0.5, train_lr=0.01, trigger_size=3, trojan_epochs=800, use_vs_number=True, vs_number=480, vs_ratio=0, weight_decay=0.0005)
target class rate on Vs: 0.9917
accuracy on clean test nodes: 0.6153
Overall ASR: 0.9403
Flip ASR: 0.9401/16875 nodes
Namespace(cuda=True, dataset='ogbn-arxiv', debug=True, defense_mode='prune', device_id=2, dis_weight=0.0, dropout=0.5, epochs=200, evaluate_mode='1by1', hidden=32, homo_boost_thrd=0.8, homo_loss_weight=300.0, inner=1, lr=0.01, model='GCN', no_cuda=False, prune_thr=0.8, seed=125, selection_method='cluster_degree', target_class=0, target_loss_weight=1, test_model='GCN', thrd=0.5, train_lr=0.01, trigger_size=3, trojan_epochs=800, use_vs_number=True, vs_number=480, vs_ratio=0, weight_decay=0.0005)
target class rate on Vs: 0.9917
accuracy on clean test nodes: 0.6181
Overall ASR: 0.9435
Flip ASR: 0.9433/16875 nodes
Namespace(cuda=True, dataset='ogbn-arxiv', debug=True, defense_mode='prune', device_id=2, dis_weight=0.0, dropout=0.5, epochs=200, evaluate_mode='1by1', hidden=32, homo_boost_thrd=0.8, homo_loss_weight=300.0, inner=1, lr=0.01, model='GCN', no_cuda=False, prune_thr=0.8, seed=996, selection_method='cluster_degree', target_class=0, target_loss_weight=1, test_model='GCN', thrd=0.5, train_lr=0.01, trigger_size=3, trojan_epochs=800, use_vs_number=True, vs_number=480, vs_ratio=0, weight_decay=0.0005)
target class rate on Vs: 0.9917
accuracy on clean test nodes: 0.6260
Overall ASR: 0.9433
Flip ASR: 0.9431/16875 nodes
Namespace(cuda=True, dataset='ogbn-arxiv', debug=True, defense_mode='prune', device_id=2, dis_weight=0.0, dropout=0.5, epochs=200, evaluate_mode='1by1', hidden=32, homo_boost_thrd=0.8, homo_loss_weight=300.0, inner=1, lr=0.01, model='GCN', no_cuda=False, prune_thr=0.8, seed=527, selection_method='cluster_degree', target_class=0, target_loss_weight=1, test_model='GCN', thrd=0.5, train_lr=0.01, trigger_size=3, trojan_epochs=800, use_vs_number=True, vs_number=480, vs_ratio=0, weight_decay=0.0005)
target class rate on Vs: 0.9917
accuracy on clean test nodes: 0.6271
Overall ASR: 0.9414
Flip ASR: 0.9412/16875 nodes
Namespace(cuda=True, dataset='ogbn-arxiv', debug=True, defense_mode='prune', device_id=2, dis_weight=0.0, dropout=0.5, epochs=200, evaluate_mode='1by1', hidden=32, homo_boost_thrd=0.8, homo_loss_weight=300.0, inner=1, lr=0.01, model='GCN', no_cuda=False, prune_thr=0.8, seed=320, selection_method='cluster_degree', target_class=0, target_loss_weight=1, test_model='GCN', thrd=0.5, train_lr=0.01, trigger_size=3, trojan_epochs=800, use_vs_number=True, vs_number=480, vs_ratio=0, weight_decay=0.0005)
target class rate on Vs: 0.9917
accuracy on clean test nodes: 0.6179
Overall ASR: 0.9392
Flip ASR: 0.9390/16875 nodes
Overall ASR: 0.9416 (GCN model, Seed: 320)
Overall Clean Accuracy: 0.6209
Namespace(cuda=True, dataset='ogbn-arxiv', debug=True, defense_mode='prune', device_id=2, dis_weight=0.0, dropout=0.5, epochs=200, evaluate_mode='1by1', hidden=32, homo_boost_thrd=0.8, homo_loss_weight=300.0, inner=1, lr=0.01, model='GCN', no_cuda=False, prune_thr=0.8, seed=781, selection_method='cluster_degree', target_class=0, target_loss_weight=1, test_model='GAT', thrd=0.5, train_lr=0.01, trigger_size=3, trojan_epochs=800, use_vs_number=True, vs_number=480, vs_ratio=0, weight_decay=0.0005)
/home/project-graph-backdoor/Backdoor/models/GAT.py:61: UserWarning: To copy construct from a tensor, it is recommended to use sourceTensor.clone().detach() or sourceTensor.clone().detach().requires_grad_(True), rather than torch.tensor(sourceTensor).
  self.labels = torch.tensor(labels, dtype=torch.long)
target class rate on Vs: 0.9917
accuracy on clean test nodes: 0.6258
Overall ASR: 0.9451
Flip ASR: 0.9449/16875 nodes
Namespace(cuda=True, dataset='ogbn-arxiv', debug=True, defense_mode='prune', device_id=2, dis_weight=0.0, dropout=0.5, epochs=200, evaluate_mode='1by1', hidden=32, homo_boost_thrd=0.8, homo_loss_weight=300.0, inner=1, lr=0.01, model='GCN', no_cuda=False, prune_thr=0.8, seed=706, selection_method='cluster_degree', target_class=0, target_loss_weight=1, test_model='GAT', thrd=0.5, train_lr=0.01, trigger_size=3, trojan_epochs=800, use_vs_number=True, vs_number=480, vs_ratio=0, weight_decay=0.0005)
target class rate on Vs: 0.9917
accuracy on clean test nodes: 0.6283
Overall ASR: 0.9490
Flip ASR: 0.9488/16875 nodes
Namespace(cuda=True, dataset='ogbn-arxiv', debug=True, defense_mode='prune', device_id=2, dis_weight=0.0, dropout=0.5, epochs=200, evaluate_mode='1by1', hidden=32, homo_boost_thrd=0.8, homo_loss_weight=300.0, inner=1, lr=0.01, model='GCN', no_cuda=False, prune_thr=0.8, seed=778, selection_method='cluster_degree', target_class=0, target_loss_weight=1, test_model='GAT', thrd=0.5, train_lr=0.01, trigger_size=3, trojan_epochs=800, use_vs_number=True, vs_number=480, vs_ratio=0, weight_decay=0.0005)
target class rate on Vs: 0.9917
accuracy on clean test nodes: 0.6290
Overall ASR: 0.9490
Flip ASR: 0.9488/16875 nodes
Namespace(cuda=True, dataset='ogbn-arxiv', debug=True, defense_mode='prune', device_id=2, dis_weight=0.0, dropout=0.5, epochs=200, evaluate_mode='1by1', hidden=32, homo_boost_thrd=0.8, homo_loss_weight=300.0, inner=1, lr=0.01, model='GCN', no_cuda=False, prune_thr=0.8, seed=604, selection_method='cluster_degree', target_class=0, target_loss_weight=1, test_model='GAT', thrd=0.5, train_lr=0.01, trigger_size=3, trojan_epochs=800, use_vs_number=True, vs_number=480, vs_ratio=0, weight_decay=0.0005)
target class rate on Vs: 0.9917
accuracy on clean test nodes: 0.6272
Overall ASR: 0.9490
Flip ASR: 0.9489/16875 nodes
Namespace(cuda=True, dataset='ogbn-arxiv', debug=True, defense_mode='prune', device_id=2, dis_weight=0.0, dropout=0.5, epochs=200, evaluate_mode='1by1', hidden=32, homo_boost_thrd=0.8, homo_loss_weight=300.0, inner=1, lr=0.01, model='GCN', no_cuda=False, prune_thr=0.8, seed=133, selection_method='cluster_degree', target_class=0, target_loss_weight=1, test_model='GAT', thrd=0.5, train_lr=0.01, trigger_size=3, trojan_epochs=800, use_vs_number=True, vs_number=480, vs_ratio=0, weight_decay=0.0005)
target class rate on Vs: 0.9917
accuracy on clean test nodes: 0.6270
Overall ASR: 0.9490
Flip ASR: 0.9489/16875 nodes
Overall ASR: 0.9482 (GAT model, Seed: 133)
Overall Clean Accuracy: 0.6274
Namespace(cuda=True, dataset='ogbn-arxiv', debug=True, defense_mode='prune', device_id=2, dis_weight=0.0, dropout=0.5, epochs=200, evaluate_mode='1by1', hidden=32, homo_boost_thrd=0.8, homo_loss_weight=300.0, inner=1, lr=0.01, model='GCN', no_cuda=False, prune_thr=0.8, seed=673, selection_method='cluster_degree', target_class=0, target_loss_weight=1, test_model='GraphSage', thrd=0.5, train_lr=0.01, trigger_size=3, trojan_epochs=800, use_vs_number=True, vs_number=480, vs_ratio=0, weight_decay=0.0005)
target class rate on Vs: 0.9917
accuracy on clean test nodes: 0.6214
Overall ASR: 0.9162
Flip ASR: 0.9160/16875 nodes
Namespace(cuda=True, dataset='ogbn-arxiv', debug=True, defense_mode='prune', device_id=2, dis_weight=0.0, dropout=0.5, epochs=200, evaluate_mode='1by1', hidden=32, homo_boost_thrd=0.8, homo_loss_weight=300.0, inner=1, lr=0.01, model='GCN', no_cuda=False, prune_thr=0.8, seed=904, selection_method='cluster_degree', target_class=0, target_loss_weight=1, test_model='GraphSage', thrd=0.5, train_lr=0.01, trigger_size=3, trojan_epochs=800, use_vs_number=True, vs_number=480, vs_ratio=0, weight_decay=0.0005)
target class rate on Vs: 0.9917
accuracy on clean test nodes: 0.6244
Overall ASR: 0.9171
Flip ASR: 0.9169/16875 nodes
Namespace(cuda=True, dataset='ogbn-arxiv', debug=True, defense_mode='prune', device_id=2, dis_weight=0.0, dropout=0.5, epochs=200, evaluate_mode='1by1', hidden=32, homo_boost_thrd=0.8, homo_loss_weight=300.0, inner=1, lr=0.01, model='GCN', no_cuda=False, prune_thr=0.8, seed=56, selection_method='cluster_degree', target_class=0, target_loss_weight=1, test_model='GraphSage', thrd=0.5, train_lr=0.01, trigger_size=3, trojan_epochs=800, use_vs_number=True, vs_number=480, vs_ratio=0, weight_decay=0.0005)
target class rate on Vs: 0.9917
accuracy on clean test nodes: 0.6318
Overall ASR: 0.9277
Flip ASR: 0.9275/16875 nodes
Namespace(cuda=True, dataset='ogbn-arxiv', debug=True, defense_mode='prune', device_id=2, dis_weight=0.0, dropout=0.5, epochs=200, evaluate_mode='1by1', hidden=32, homo_boost_thrd=0.8, homo_loss_weight=300.0, inner=1, lr=0.01, model='GCN', no_cuda=False, prune_thr=0.8, seed=1, selection_method='cluster_degree', target_class=0, target_loss_weight=1, test_model='GraphSage', thrd=0.5, train_lr=0.01, trigger_size=3, trojan_epochs=800, use_vs_number=True, vs_number=480, vs_ratio=0, weight_decay=0.0005)
target class rate on Vs: 0.9896
accuracy on clean test nodes: 0.6361
Overall ASR: 0.9145
Flip ASR: 0.9143/16875 nodes
Namespace(cuda=True, dataset='ogbn-arxiv', debug=True, defense_mode='prune', device_id=2, dis_weight=0.0, dropout=0.5, epochs=200, evaluate_mode='1by1', hidden=32, homo_boost_thrd=0.8, homo_loss_weight=300.0, inner=1, lr=0.01, model='GCN', no_cuda=False, prune_thr=0.8, seed=694, selection_method='cluster_degree', target_class=0, target_loss_weight=1, test_model='GraphSage', thrd=0.5, train_lr=0.01, trigger_size=3, trojan_epochs=800, use_vs_number=True, vs_number=480, vs_ratio=0, weight_decay=0.0005)
target class rate on Vs: 0.9917
accuracy on clean test nodes: 0.6278
Overall ASR: 0.9228
Flip ASR: 0.9225/16875 nodes
Overall ASR: 0.9197 (GraphSage model, Seed: 694)
Overall Clean Accuracy: 0.6283
Total Overall ASR: 0.9365 
Total Clean Accuracy: 0.6255
