nohup: ignoring input
run_adaptive.py:8: DeprecationWarning: the imp module is deprecated in favour of importlib; see the module's documentation for alternative uses
  import imp
Namespace(cuda=True, dataset='ogbn-arxiv', debug=True, defense_mode='none', device_id=1, dis_weight=0.0, dropout=0.5, epochs=200, evaluate_mode='1by1', hidden=32, homo_boost_thrd=0.8, homo_loss_weight=50.0, inner=1, lr=0.01, model='GCN', no_cuda=False, prune_thr=0.8, seed=10, selection_method='cluster_degree', target_class=0, target_loss_weight=1, test_model='GCN', thrd=0.5, train_lr=0.01, trigger_size=3, trojan_epochs=1500, use_vs_number=True, vs_number=480, vs_ratio=0, weight_decay=0.0005)
#Attach Nodes:480
./selected_nodes/ogbn-arxiv/Overall/seed10/nodes.txt
idx_attach: tensor([132437, 159342, 115859,  11103, 127522,  67544,  82569, 161886,  62976,
         13773,  68963, 144203,  19681,    750, 156733,  86828,  18909,  82685,
         81700, 164714, 103734,  65352,  47692,  14294, 153213,  78523,   1385,
         50714, 156839, 144199,  88403,  58221,  56228,  88511,  12909, 156645,
         93340, 136107,  80139,    622,   1438,   7666, 133129, 127534, 106596,
        102712,   4269,  55140, 125068, 152827, 135150,  23527,   3609,   6462,
        121168, 152542,   6165, 126338,  90948,  77520,  47397, 106658,  68636,
        109074,  69509, 138501,  13873,  20117,  83448,   3102, 143264,  91042,
         54237,  58770, 165138, 126351,  55671,  99141,  13704, 136218,  16458,
         43368, 146276,  31105, 112018,  77110, 104399,  46245, 147007,   5821,
         19313,  91731,  20583, 142204,  80573,   7668,  83587, 128743, 143180,
         91852,  75911,  65787, 153365, 126297,  39114, 104240,  77327,   4583,
           512,  48952,  28134,  38432,  10832,  61628, 127678, 138417, 147495,
         98345,  93057,  33697, 138811, 124659, 133488,  71285,  47676,   1298,
        167767,  47649, 124811,  39955,  70652, 138116,  94425, 163083,  21820,
        133451,  73518, 132097,  23608,  13837, 125639,  40347, 163907,   5087,
          6422, 119164, 165901,   5059,  83768,  27180, 100388,  35462, 116799,
          3703,   5670,  48904,  68159, 113552, 160597,  96989, 127472, 136647,
        148726, 125053, 138149, 138315, 141422,  76351,  76598,  59904, 148285,
         70903, 165759,  39375, 136221, 140976,  63383,  42932,  75075,  71850,
         73993,  30102,  65808,  62714,  45851,  95186,  36002,  74863,  64652,
        161830, 145444, 126027,  60679,  73713,  93896, 146527, 169172, 114189,
         95782,  93842, 148869, 112848,  68654,   4485, 168944, 140981,  72175,
         45679,  20436,   7628, 115596, 130154, 135469,  14337,  63022,  17599,
        122842, 103833,  45706,  81303,  13852,  81871, 114723, 142817,  28988,
         48225,  21674,  34318, 111176, 158279, 146881,  34991,  76669,  13346,
         17731, 138128, 136891, 117554,  40123,  52955, 103517, 141078,  75105,
         82512, 168762, 139593, 118896,  12297, 138395,  64922,  55710,  22340,
         76111,  93384, 111925,   5010,  13015, 116348, 150061, 130103, 141021,
         64826, 144901, 106175,  92109,  89940,  71933, 144027,  36882,  41628,
         55044,  12828,  41681,  14340,  23638, 144925,  62265,  35737, 155976,
        161925,  63089, 135644, 164665,   9848, 124525,  66260,  78580,  66041,
          4226, 128942,  52300,  86426, 146623,  42022,  64582,  63272, 144613,
         12980,  93063, 146301, 166120, 109587, 144883,  58222, 119761, 126871,
        112989,  47264,  44224,  76605, 125250,  85029, 139694, 119661,  82517,
         10258,   5687,  86843,  93827,  30524, 146837, 142859,   3796, 104188,
         59645, 150266,  63460, 152939, 132153,  87353, 155538,  28127,  86437,
           591,  14225, 111064,  72841,  91588, 121367, 129042,  82694, 139395,
        116755,  46308,  15022,  85320,  72395, 143355, 128020,  15828, 143322,
         55075,  51976,  81577,  12925,  52480,  77357, 123824, 117210, 101747,
         38371,  89521, 120166,  15685,  29096,  24361,   9035, 130319,   6402,
         54168, 138793,  78393,  97894,  85421, 150077, 147429,  30273,  47541,
        101610, 157814,  45601, 169188, 146774,  52883,  71248, 152946,  56090,
         48566,  94860,  87246, 155373,  48973, 147804,  56436,  69861, 158491,
        124225, 157846,  36579,  12832, 105166,  49721, 128954, 148078,  56062,
        130915,  28744, 155979,  93417,  88471,  39751,  44343,  12516,  53050,
         23226,  28658,  22922, 139240, 113205,  27673,  41397,  99820,  40770,
         52043, 140123,   8016, 110285,   9523, 141587,  42198,  41116,  56625,
         49108, 145426, 143510,  78940,  39641, 103830,  28317, 137361, 113738,
         95930,  43828,  59183,  10174, 100999,  73621,  70772, 168782,    316,
         63065,   1216, 150717, 142054,  43635,  42956, 104683, 153366,  55743,
        159972,  50428,  97269,  99636,  86383, 167276,  30354, 109791, 108465,
         33452, 167353, 132780, 148658, 140035,  90596,  92925, 148665, 127724,
         12927,  19694, 108961], device='cuda:1')
tensor([     1,      2,      3,  ..., 169334, 169336, 169338], device='cuda:1')
Epoch 0, loss_inner: 3.74859, loss_target: 3.62873, homo loss: 0.80466 
acc_train_clean: 0.0089, ASR_train_attach: 0.0000, ASR_train_outter: 0.0000
Epoch 10, loss_inner: 3.04246, loss_target: 3.08192, homo loss: 0.00470 
acc_train_clean: 0.2745, ASR_train_attach: 0.0000, ASR_train_outter: 0.0000
Epoch 20, loss_inner: 2.77908, loss_target: 2.75168, homo loss: 0.00070 
acc_train_clean: 0.2859, ASR_train_attach: 0.0000, ASR_train_outter: 0.0000
Epoch 30, loss_inner: 2.46192, loss_target: 2.41016, homo loss: 0.00050 
acc_train_clean: 0.3490, ASR_train_attach: 0.7542, ASR_train_outter: 0.7540
Epoch 40, loss_inner: 2.15162, loss_target: 2.10038, homo loss: 0.00069 
acc_train_clean: 0.4414, ASR_train_attach: 0.9479, ASR_train_outter: 0.9365
Epoch 50, loss_inner: 1.90420, loss_target: 1.86077, homo loss: 0.00070 
acc_train_clean: 0.5047, ASR_train_attach: 0.9771, ASR_train_outter: 0.9637
Epoch 60, loss_inner: 1.72275, loss_target: 1.68843, homo loss: 0.00114 
acc_train_clean: 0.5366, ASR_train_attach: 0.9625, ASR_train_outter: 0.9607
Epoch 70, loss_inner: 1.59601, loss_target: 1.56884, homo loss: 0.00137 
acc_train_clean: 0.5635, ASR_train_attach: 0.9646, ASR_train_outter: 0.9577
Epoch 80, loss_inner: 1.49869, loss_target: 1.47424, homo loss: 0.00082 
acc_train_clean: 0.5874, ASR_train_attach: 0.9792, ASR_train_outter: 0.9677
Epoch 90, loss_inner: 1.42005, loss_target: 1.39797, homo loss: 0.00060 
acc_train_clean: 0.6028, ASR_train_attach: 0.9896, ASR_train_outter: 0.9718
Epoch 100, loss_inner: 1.36512, loss_target: 1.34542, homo loss: 0.00052 
acc_train_clean: 0.6141, ASR_train_attach: 0.9917, ASR_train_outter: 0.9788
Epoch 110, loss_inner: 1.32679, loss_target: 1.30801, homo loss: 0.00049 
acc_train_clean: 0.6219, ASR_train_attach: 0.9938, ASR_train_outter: 0.9849
Epoch 120, loss_inner: 1.29679, loss_target: 1.27862, homo loss: 0.00047 
acc_train_clean: 0.6289, ASR_train_attach: 0.9958, ASR_train_outter: 0.9869
Epoch 130, loss_inner: 1.26976, loss_target: 1.25191, homo loss: 0.00045 
acc_train_clean: 0.6360, ASR_train_attach: 0.9979, ASR_train_outter: 0.9909
Epoch 140, loss_inner: 1.24695, loss_target: 1.22998, homo loss: 0.00044 
acc_train_clean: 0.6402, ASR_train_attach: 0.9979, ASR_train_outter: 0.9909
Epoch 150, loss_inner: 1.22888, loss_target: 1.21261, homo loss: 0.00044 
acc_train_clean: 0.6435, ASR_train_attach: 0.9979, ASR_train_outter: 0.9909
Epoch 160, loss_inner: 1.21504, loss_target: 1.19905, homo loss: 0.00044 
acc_train_clean: 0.6460, ASR_train_attach: 1.0000, ASR_train_outter: 0.9919
Epoch 170, loss_inner: 1.20398, loss_target: 1.18825, homo loss: 0.00043 
acc_train_clean: 0.6481, ASR_train_attach: 1.0000, ASR_train_outter: 0.9929
Epoch 180, loss_inner: 1.19499, loss_target: 1.17939, homo loss: 0.00043 
acc_train_clean: 0.6501, ASR_train_attach: 1.0000, ASR_train_outter: 0.9940
Epoch 190, loss_inner: 1.18749, loss_target: 1.17201, homo loss: 0.00042 
acc_train_clean: 0.6525, ASR_train_attach: 1.0000, ASR_train_outter: 0.9940
Epoch 200, loss_inner: 1.18100, loss_target: 1.16548, homo loss: 0.00042 
acc_train_clean: 0.6537, ASR_train_attach: 1.0000, ASR_train_outter: 0.9940
Epoch 210, loss_inner: 1.17528, loss_target: 1.15976, homo loss: 0.00040 
acc_train_clean: 0.6546, ASR_train_attach: 1.0000, ASR_train_outter: 0.9940
Epoch 220, loss_inner: 1.17003, loss_target: 1.15449, homo loss: 0.00039 
acc_train_clean: 0.6563, ASR_train_attach: 1.0000, ASR_train_outter: 0.9940
Epoch 230, loss_inner: 1.16523, loss_target: 1.14957, homo loss: 0.00036 
acc_train_clean: 0.6568, ASR_train_attach: 1.0000, ASR_train_outter: 0.9950
Epoch 240, loss_inner: 1.16111, loss_target: 1.14521, homo loss: 0.00032 
acc_train_clean: 0.6570, ASR_train_attach: 1.0000, ASR_train_outter: 0.9950
Epoch 250, loss_inner: 1.15705, loss_target: 1.14083, homo loss: 0.00025 
acc_train_clean: 0.6592, ASR_train_attach: 1.0000, ASR_train_outter: 0.9940
Epoch 260, loss_inner: 1.15313, loss_target: 1.13745, homo loss: 0.00019 
acc_train_clean: 0.6601, ASR_train_attach: 1.0000, ASR_train_outter: 0.9929
Epoch 270, loss_inner: 1.14969, loss_target: 1.13405, homo loss: 0.00021 
acc_train_clean: 0.6605, ASR_train_attach: 1.0000, ASR_train_outter: 0.9929
Epoch 280, loss_inner: 1.14622, loss_target: 1.13019, homo loss: 0.00021 
acc_train_clean: 0.6613, ASR_train_attach: 1.0000, ASR_train_outter: 0.9950
Epoch 290, loss_inner: 1.14148, loss_target: 1.12537, homo loss: 0.00019 
acc_train_clean: 0.6631, ASR_train_attach: 1.0000, ASR_train_outter: 0.9929
Epoch 300, loss_inner: 1.13430, loss_target: 1.11849, homo loss: 0.00016 
acc_train_clean: 0.6646, ASR_train_attach: 1.0000, ASR_train_outter: 0.9950
Epoch 310, loss_inner: 1.12877, loss_target: 1.11339, homo loss: 0.00014 
acc_train_clean: 0.6666, ASR_train_attach: 1.0000, ASR_train_outter: 0.9929
Epoch 320, loss_inner: 1.12615, loss_target: 1.10933, homo loss: 0.00008 
acc_train_clean: 0.6681, ASR_train_attach: 1.0000, ASR_train_outter: 0.9970
Epoch 330, loss_inner: 1.12194, loss_target: 1.10715, homo loss: 0.00023 
acc_train_clean: 0.6699, ASR_train_attach: 1.0000, ASR_train_outter: 0.9929
Epoch 340, loss_inner: 1.11944, loss_target: 1.10332, homo loss: 0.00011 
acc_train_clean: 0.6696, ASR_train_attach: 1.0000, ASR_train_outter: 0.9960
Epoch 350, loss_inner: 1.11736, loss_target: 1.10178, homo loss: 0.00011 
acc_train_clean: 0.6709, ASR_train_attach: 0.9979, ASR_train_outter: 0.9950
Epoch 360, loss_inner: 1.11535, loss_target: 1.09955, homo loss: 0.00006 
acc_train_clean: 0.6719, ASR_train_attach: 1.0000, ASR_train_outter: 0.9950
Epoch 370, loss_inner: 1.11371, loss_target: 1.09800, homo loss: 0.00014 
acc_train_clean: 0.6725, ASR_train_attach: 1.0000, ASR_train_outter: 0.9960
Epoch 380, loss_inner: 1.11214, loss_target: 1.09636, homo loss: 0.00010 
acc_train_clean: 0.6725, ASR_train_attach: 1.0000, ASR_train_outter: 0.9980
Epoch 390, loss_inner: 1.11103, loss_target: 1.09654, homo loss: 0.00015 
acc_train_clean: 0.6727, ASR_train_attach: 1.0000, ASR_train_outter: 0.9940
Epoch 400, loss_inner: 1.10954, loss_target: 1.09384, homo loss: 0.00008 
acc_train_clean: 0.6733, ASR_train_attach: 1.0000, ASR_train_outter: 0.9960
Epoch 410, loss_inner: 1.10849, loss_target: 1.09284, homo loss: 0.00005 
acc_train_clean: 0.6741, ASR_train_attach: 1.0000, ASR_train_outter: 0.9970
Epoch 420, loss_inner: 1.10742, loss_target: 1.09216, homo loss: 0.00009 
acc_train_clean: 0.6738, ASR_train_attach: 1.0000, ASR_train_outter: 0.9980
Epoch 430, loss_inner: 1.11671, loss_target: 1.10200, homo loss: 0.00152 
acc_train_clean: 0.6679, ASR_train_attach: 0.9708, ASR_train_outter: 0.9929
Epoch 440, loss_inner: 1.10882, loss_target: 1.09808, homo loss: 0.00048 
acc_train_clean: 0.6727, ASR_train_attach: 1.0000, ASR_train_outter: 0.9940
Epoch 450, loss_inner: 1.10585, loss_target: 1.09269, homo loss: 0.00047 
acc_train_clean: 0.6746, ASR_train_attach: 1.0000, ASR_train_outter: 1.0000
Epoch 460, loss_inner: 1.10433, loss_target: 1.09040, homo loss: 0.00045 
acc_train_clean: 0.6738, ASR_train_attach: 1.0000, ASR_train_outter: 0.9990
Epoch 470, loss_inner: 1.10326, loss_target: 1.08944, homo loss: 0.00046 
acc_train_clean: 0.6748, ASR_train_attach: 1.0000, ASR_train_outter: 1.0000
Epoch 480, loss_inner: 1.10221, loss_target: 1.08815, homo loss: 0.00046 
acc_train_clean: 0.6747, ASR_train_attach: 1.0000, ASR_train_outter: 0.9990
Epoch 490, loss_inner: 1.10144, loss_target: 1.08726, homo loss: 0.00046 
acc_train_clean: 0.6751, ASR_train_attach: 1.0000, ASR_train_outter: 1.0000
Epoch 500, loss_inner: 1.10071, loss_target: 1.08651, homo loss: 0.00046 
acc_train_clean: 0.6752, ASR_train_attach: 1.0000, ASR_train_outter: 1.0000
Epoch 510, loss_inner: 1.10005, loss_target: 1.08576, homo loss: 0.00046 
acc_train_clean: 0.6756, ASR_train_attach: 1.0000, ASR_train_outter: 1.0000
Epoch 520, loss_inner: 1.10099, loss_target: 1.08694, homo loss: 0.00046 
acc_train_clean: 0.6730, ASR_train_attach: 1.0000, ASR_train_outter: 1.0000
Epoch 530, loss_inner: 1.09888, loss_target: 1.08437, homo loss: 0.00046 
acc_train_clean: 0.6756, ASR_train_attach: 1.0000, ASR_train_outter: 1.0000
Epoch 540, loss_inner: 1.09818, loss_target: 1.08382, homo loss: 0.00046 
acc_train_clean: 0.6759, ASR_train_attach: 1.0000, ASR_train_outter: 1.0000
Epoch 550, loss_inner: 1.09752, loss_target: 1.08303, homo loss: 0.00046 
acc_train_clean: 0.6759, ASR_train_attach: 1.0000, ASR_train_outter: 1.0000
Epoch 560, loss_inner: 1.09694, loss_target: 1.08240, homo loss: 0.00045 
acc_train_clean: 0.6758, ASR_train_attach: 1.0000, ASR_train_outter: 1.0000
Epoch 570, loss_inner: 1.09637, loss_target: 1.08174, homo loss: 0.00045 
acc_train_clean: 0.6762, ASR_train_attach: 1.0000, ASR_train_outter: 1.0000
Epoch 580, loss_inner: 1.09582, loss_target: 1.08112, homo loss: 0.00044 
acc_train_clean: 0.6759, ASR_train_attach: 1.0000, ASR_train_outter: 1.0000
Epoch 590, loss_inner: 1.09532, loss_target: 1.08060, homo loss: 0.00043 
acc_train_clean: 0.6766, ASR_train_attach: 1.0000, ASR_train_outter: 1.0000
Epoch 600, loss_inner: 1.09583, loss_target: 1.08117, homo loss: 0.00041 
acc_train_clean: 0.6753, ASR_train_attach: 1.0000, ASR_train_outter: 1.0000
Epoch 610, loss_inner: 1.09455, loss_target: 1.07953, homo loss: 0.00039 
acc_train_clean: 0.6759, ASR_train_attach: 1.0000, ASR_train_outter: 1.0000
Epoch 620, loss_inner: 1.09379, loss_target: 1.07862, homo loss: 0.00036 
acc_train_clean: 0.6767, ASR_train_attach: 1.0000, ASR_train_outter: 0.9990
Epoch 630, loss_inner: 1.09324, loss_target: 1.07796, homo loss: 0.00029 
acc_train_clean: 0.6768, ASR_train_attach: 1.0000, ASR_train_outter: 1.0000
Epoch 640, loss_inner: 1.09291, loss_target: 1.07772, homo loss: 0.00014 
acc_train_clean: 0.6770, ASR_train_attach: 1.0000, ASR_train_outter: 0.9990
Epoch 650, loss_inner: 1.78432, loss_target: 2.08009, homo loss: 0.00925 
acc_train_clean: 0.5103, ASR_train_attach: 1.0000, ASR_train_outter: 0.9960
Epoch 660, loss_inner: 1.54083, loss_target: 1.90632, homo loss: 0.00510 
acc_train_clean: 0.5902, ASR_train_attach: 1.0000, ASR_train_outter: 1.0000
Epoch 670, loss_inner: 1.31910, loss_target: 1.51202, homo loss: 0.00271 
acc_train_clean: 0.6343, ASR_train_attach: 0.9979, ASR_train_outter: 0.9970
Epoch 680, loss_inner: 1.25574, loss_target: 1.41013, homo loss: 0.00234 
acc_train_clean: 0.6429, ASR_train_attach: 0.9958, ASR_train_outter: 1.0000
Epoch 690, loss_inner: 1.22121, loss_target: 1.33562, homo loss: 0.00230 
acc_train_clean: 0.6496, ASR_train_attach: 1.0000, ASR_train_outter: 0.9990
Epoch 700, loss_inner: 1.22296, loss_target: 1.31442, homo loss: 0.00279 
acc_train_clean: 0.6415, ASR_train_attach: 1.0000, ASR_train_outter: 0.9940
Epoch 710, loss_inner: 1.36572, loss_target: 1.64201, homo loss: 0.01435 
acc_train_clean: 0.6048, ASR_train_attach: 1.0000, ASR_train_outter: 1.0000
Epoch 720, loss_inner: 1.58044, loss_target: 2.26101, homo loss: 0.03210 
acc_train_clean: 0.5416, ASR_train_attach: 1.0000, ASR_train_outter: 1.0000
Epoch 730, loss_inner: 1.64604, loss_target: 3.88917, homo loss: 0.05229 
acc_train_clean: 0.5366, ASR_train_attach: 1.0000, ASR_train_outter: 0.0000
Epoch 740, loss_inner: 1.75173, loss_target: 2.92099, homo loss: 0.06815 
acc_train_clean: 0.5298, ASR_train_attach: 1.0000, ASR_train_outter: 0.9708
Epoch 750, loss_inner: 1.85205, loss_target: 4.15416, homo loss: 0.11282 
acc_train_clean: 0.5471, ASR_train_attach: 1.0000, ASR_train_outter: 1.0000
Epoch 760, loss_inner: 2.04193, loss_target: 5.15127, homo loss: 0.16300 
acc_train_clean: 0.5505, ASR_train_attach: 1.0000, ASR_train_outter: 0.0696
Epoch 770, loss_inner: 2.59915, loss_target: 5.25075, homo loss: 0.23015 
acc_train_clean: 0.5519, ASR_train_attach: 1.0000, ASR_train_outter: 1.0000
Epoch 780, loss_inner: 2.96925, loss_target: 13.19353, homo loss: 0.27112 
acc_train_clean: 0.5459, ASR_train_attach: 1.0000, ASR_train_outter: 0.9849
Epoch 790, loss_inner: 2.36142, loss_target: 59.09933, homo loss: 0.26552 
acc_train_clean: 0.5524, ASR_train_attach: 1.0000, ASR_train_outter: 0.0000
Epoch 800, loss_inner: 3.39149, loss_target: 11.45698, homo loss: 0.26852 
acc_train_clean: 0.5399, ASR_train_attach: 1.0000, ASR_train_outter: 1.0000
Epoch 810, loss_inner: 2.75927, loss_target: 18.40648, homo loss: 0.26540 
acc_train_clean: 0.5705, ASR_train_attach: 1.0000, ASR_train_outter: 0.9869
Epoch 820, loss_inner: 4.78581, loss_target: 41.19257, homo loss: 0.26106 
acc_train_clean: 0.5702, ASR_train_attach: 1.0000, ASR_train_outter: 0.6512
Epoch 830, loss_inner: 3.37709, loss_target: 42.74342, homo loss: 0.26204 
acc_train_clean: 0.5273, ASR_train_attach: 1.0000, ASR_train_outter: 0.0232
Epoch 840, loss_inner: 4.46115, loss_target: 31.74947, homo loss: 0.27319 
acc_train_clean: 0.5278, ASR_train_attach: 1.0000, ASR_train_outter: 0.9849
Epoch 850, loss_inner: 6.70489, loss_target: 31.33527, homo loss: 0.27997 
acc_train_clean: 0.5084, ASR_train_attach: 1.0000, ASR_train_outter: 1.0000
Epoch 860, loss_inner: 3.34167, loss_target: 27.61944, homo loss: 0.29497 
acc_train_clean: 0.5121, ASR_train_attach: 1.0000, ASR_train_outter: 1.0000
Epoch 870, loss_inner: 7.19807, loss_target: 38.10448, homo loss: 0.30781 
acc_train_clean: 0.5551, ASR_train_attach: 1.0000, ASR_train_outter: 1.0000
Epoch 880, loss_inner: 3.17622, loss_target: 20.79263, homo loss: 0.32185 
acc_train_clean: 0.5638, ASR_train_attach: 1.0000, ASR_train_outter: 1.0000
Epoch 890, loss_inner: 3.22150, loss_target: 17.61185, homo loss: 0.33317 
acc_train_clean: 0.5759, ASR_train_attach: 1.0000, ASR_train_outter: 1.0000
Epoch 900, loss_inner: 2.65989, loss_target: 16.48992, homo loss: 0.34653 
acc_train_clean: 0.5827, ASR_train_attach: 1.0000, ASR_train_outter: 1.0000
Epoch 910, loss_inner: 3.06888, loss_target: 12.40798, homo loss: 0.36556 
acc_train_clean: 0.5850, ASR_train_attach: 1.0000, ASR_train_outter: 1.0000
Epoch 920, loss_inner: 2.16048, loss_target: 17.59326, homo loss: 0.38517 
acc_train_clean: 0.5968, ASR_train_attach: 1.0000, ASR_train_outter: 0.9849
Epoch 930, loss_inner: 2.86676, loss_target: 13.44911, homo loss: 0.40065 
acc_train_clean: 0.5981, ASR_train_attach: 1.0000, ASR_train_outter: 1.0000
Epoch 940, loss_inner: 2.24688, loss_target: 8.95870, homo loss: 0.42302 
acc_train_clean: 0.5988, ASR_train_attach: 1.0000, ASR_train_outter: 0.9839
Epoch 950, loss_inner: 1.43430, loss_target: 4.05913, homo loss: 0.44771 
acc_train_clean: 0.6134, ASR_train_attach: 1.0000, ASR_train_outter: 1.0000
Epoch 960, loss_inner: 1.30384, loss_target: 1.28466, homo loss: 0.46535 
acc_train_clean: 0.6228, ASR_train_attach: 1.0000, ASR_train_outter: 1.0000
Epoch 970, loss_inner: 1.29241, loss_target: 1.27355, homo loss: 0.46313 
acc_train_clean: 0.6250, ASR_train_attach: 1.0000, ASR_train_outter: 1.0000
Epoch 980, loss_inner: 1.28329, loss_target: 1.26471, homo loss: 0.45300 
acc_train_clean: 0.6279, ASR_train_attach: 1.0000, ASR_train_outter: 1.0000
Epoch 990, loss_inner: 1.27561, loss_target: 1.25728, homo loss: 0.44024 
acc_train_clean: 0.6298, ASR_train_attach: 1.0000, ASR_train_outter: 1.0000
Epoch 1000, loss_inner: 1.26893, loss_target: 1.25080, homo loss: 0.42678 
acc_train_clean: 0.6320, ASR_train_attach: 1.0000, ASR_train_outter: 1.0000
Epoch 1010, loss_inner: 1.26295, loss_target: 1.24495, homo loss: 0.41330 
acc_train_clean: 0.6332, ASR_train_attach: 1.0000, ASR_train_outter: 1.0000
Epoch 1020, loss_inner: 1.25762, loss_target: 1.23977, homo loss: 0.40004 
acc_train_clean: 0.6346, ASR_train_attach: 1.0000, ASR_train_outter: 1.0000
Epoch 1030, loss_inner: 1.25272, loss_target: 1.23497, homo loss: 0.38710 
acc_train_clean: 0.6354, ASR_train_attach: 1.0000, ASR_train_outter: 1.0000
Epoch 1040, loss_inner: 1.24818, loss_target: 1.23054, homo loss: 0.37452 
acc_train_clean: 0.6364, ASR_train_attach: 1.0000, ASR_train_outter: 1.0000
Epoch 1050, loss_inner: 1.24407, loss_target: 1.22653, homo loss: 0.36231 
acc_train_clean: 0.6370, ASR_train_attach: 1.0000, ASR_train_outter: 1.0000
Epoch 1060, loss_inner: 1.24032, loss_target: 1.22286, homo loss: 0.35048 
acc_train_clean: 0.6382, ASR_train_attach: 1.0000, ASR_train_outter: 1.0000
Epoch 1070, loss_inner: 1.23682, loss_target: 1.21943, homo loss: 0.33904 
acc_train_clean: 0.6387, ASR_train_attach: 1.0000, ASR_train_outter: 1.0000
Epoch 1080, loss_inner: 1.23354, loss_target: 1.21619, homo loss: 0.32799 
acc_train_clean: 0.6396, ASR_train_attach: 1.0000, ASR_train_outter: 1.0000
Epoch 1090, loss_inner: 1.23050, loss_target: 1.21317, homo loss: 0.31733 
acc_train_clean: 0.6402, ASR_train_attach: 1.0000, ASR_train_outter: 1.0000
Epoch 1100, loss_inner: 1.22752, loss_target: 1.21033, homo loss: 0.30705 
acc_train_clean: 0.6410, ASR_train_attach: 1.0000, ASR_train_outter: 1.0000
Epoch 1110, loss_inner: 1.22479, loss_target: 1.20764, homo loss: 0.29716 
acc_train_clean: 0.6413, ASR_train_attach: 1.0000, ASR_train_outter: 1.0000
Epoch 1120, loss_inner: 1.22217, loss_target: 1.20508, homo loss: 0.28765 
acc_train_clean: 0.6421, ASR_train_attach: 1.0000, ASR_train_outter: 1.0000
Epoch 1130, loss_inner: 1.21965, loss_target: 1.20261, homo loss: 0.27851 
acc_train_clean: 0.6426, ASR_train_attach: 1.0000, ASR_train_outter: 1.0000
Epoch 1140, loss_inner: 1.21723, loss_target: 1.20024, homo loss: 0.27262 
acc_train_clean: 0.6434, ASR_train_attach: 1.0000, ASR_train_outter: 1.0000
Epoch 1150, loss_inner: 1.21492, loss_target: 1.19794, homo loss: 0.26815 
acc_train_clean: 0.6440, ASR_train_attach: 1.0000, ASR_train_outter: 1.0000
Epoch 1160, loss_inner: 1.21269, loss_target: 1.19576, homo loss: 0.26389 
acc_train_clean: 0.6444, ASR_train_attach: 1.0000, ASR_train_outter: 1.0000
Epoch 1170, loss_inner: 1.21054, loss_target: 1.19365, homo loss: 0.25975 
acc_train_clean: 0.6452, ASR_train_attach: 1.0000, ASR_train_outter: 1.0000
Epoch 1180, loss_inner: 1.20845, loss_target: 1.19161, homo loss: 0.25743 
acc_train_clean: 0.6460, ASR_train_attach: 1.0000, ASR_train_outter: 1.0000
Epoch 1190, loss_inner: 1.20642, loss_target: 1.18958, homo loss: 0.25528 
acc_train_clean: 0.6462, ASR_train_attach: 1.0000, ASR_train_outter: 1.0000
Epoch 1200, loss_inner: 1.20439, loss_target: 1.18757, homo loss: 0.25302 
acc_train_clean: 0.6465, ASR_train_attach: 1.0000, ASR_train_outter: 1.0000
Epoch 1210, loss_inner: 1.20224, loss_target: 1.18545, homo loss: 0.25072 
acc_train_clean: 0.6470, ASR_train_attach: 1.0000, ASR_train_outter: 1.0000
Epoch 1220, loss_inner: 1.20001, loss_target: 1.18326, homo loss: 0.24849 
acc_train_clean: 0.6478, ASR_train_attach: 1.0000, ASR_train_outter: 1.0000
Epoch 1230, loss_inner: 1.19800, loss_target: 1.18129, homo loss: 0.24626 
acc_train_clean: 0.6487, ASR_train_attach: 1.0000, ASR_train_outter: 1.0000
Epoch 1240, loss_inner: 1.19612, loss_target: 1.17945, homo loss: 0.24401 
acc_train_clean: 0.6488, ASR_train_attach: 1.0000, ASR_train_outter: 1.0000
Epoch 1250, loss_inner: 1.19430, loss_target: 1.17766, homo loss: 0.24177 
acc_train_clean: 0.6495, ASR_train_attach: 1.0000, ASR_train_outter: 1.0000
Epoch 1260, loss_inner: 1.19256, loss_target: 1.17597, homo loss: 0.23952 
acc_train_clean: 0.6500, ASR_train_attach: 1.0000, ASR_train_outter: 1.0000
Epoch 1270, loss_inner: 1.19087, loss_target: 1.17429, homo loss: 0.23727 
acc_train_clean: 0.6505, ASR_train_attach: 1.0000, ASR_train_outter: 1.0000
Epoch 1280, loss_inner: 1.18931, loss_target: 1.17266, homo loss: 0.23501 
acc_train_clean: 0.6508, ASR_train_attach: 1.0000, ASR_train_outter: 1.0000
Epoch 1290, loss_inner: 1.18759, loss_target: 1.17107, homo loss: 0.23274 
acc_train_clean: 0.6509, ASR_train_attach: 1.0000, ASR_train_outter: 1.0000
Epoch 1300, loss_inner: 1.18601, loss_target: 1.16954, homo loss: 0.23047 
acc_train_clean: 0.6513, ASR_train_attach: 1.0000, ASR_train_outter: 1.0000
Epoch 1310, loss_inner: 1.18447, loss_target: 1.16800, homo loss: 0.22823 
acc_train_clean: 0.6517, ASR_train_attach: 1.0000, ASR_train_outter: 1.0000
Epoch 1320, loss_inner: 1.18297, loss_target: 1.16653, homo loss: 0.22601 
acc_train_clean: 0.6520, ASR_train_attach: 1.0000, ASR_train_outter: 1.0000
Epoch 1330, loss_inner: 1.18149, loss_target: 1.16508, homo loss: 0.22379 
acc_train_clean: 0.6522, ASR_train_attach: 1.0000, ASR_train_outter: 1.0000
Epoch 1340, loss_inner: 1.18005, loss_target: 1.16365, homo loss: 0.22180 
acc_train_clean: 0.6526, ASR_train_attach: 1.0000, ASR_train_outter: 1.0000
Epoch 1350, loss_inner: 1.17865, loss_target: 1.16228, homo loss: 0.21986 
acc_train_clean: 0.6527, ASR_train_attach: 1.0000, ASR_train_outter: 1.0000
Epoch 1360, loss_inner: 1.17726, loss_target: 1.16092, homo loss: 0.21773 
acc_train_clean: 0.6531, ASR_train_attach: 1.0000, ASR_train_outter: 1.0000
Epoch 1370, loss_inner: 1.17588, loss_target: 1.15955, homo loss: 0.21553 
acc_train_clean: 0.6538, ASR_train_attach: 1.0000, ASR_train_outter: 1.0000
Epoch 1380, loss_inner: 1.17440, loss_target: 1.15817, homo loss: 0.21332 
acc_train_clean: 0.6540, ASR_train_attach: 1.0000, ASR_train_outter: 1.0000
Epoch 1390, loss_inner: 1.17312, loss_target: 1.15682, homo loss: 0.21110 
acc_train_clean: 0.6544, ASR_train_attach: 1.0000, ASR_train_outter: 1.0000
Epoch 1400, loss_inner: 1.17176, loss_target: 1.15549, homo loss: 0.20912 
acc_train_clean: 0.6549, ASR_train_attach: 1.0000, ASR_train_outter: 1.0000
Epoch 1410, loss_inner: 1.17042, loss_target: 1.18568, homo loss: 0.20703 
acc_train_clean: 0.6548, ASR_train_attach: 1.0000, ASR_train_outter: 1.0000
Epoch 1420, loss_inner: 1.16925, loss_target: 1.15304, homo loss: 0.20489 
acc_train_clean: 0.6552, ASR_train_attach: 1.0000, ASR_train_outter: 1.0000
Epoch 1430, loss_inner: 1.16805, loss_target: 1.15182, homo loss: 0.20271 
acc_train_clean: 0.6554, ASR_train_attach: 1.0000, ASR_train_outter: 1.0000
Epoch 1440, loss_inner: 1.16678, loss_target: 1.15060, homo loss: 0.20051 
acc_train_clean: 0.6556, ASR_train_attach: 1.0000, ASR_train_outter: 1.0000
Epoch 1450, loss_inner: 1.16557, loss_target: 1.14940, homo loss: 0.19844 
acc_train_clean: 0.6558, ASR_train_attach: 1.0000, ASR_train_outter: 1.0000
Epoch 1460, loss_inner: 1.16437, loss_target: 1.14822, homo loss: 0.19645 
acc_train_clean: 0.6563, ASR_train_attach: 1.0000, ASR_train_outter: 1.0000
Epoch 1470, loss_inner: 1.16321, loss_target: 1.14710, homo loss: 0.19432 
acc_train_clean: 0.6565, ASR_train_attach: 1.0000, ASR_train_outter: 1.0000
Epoch 1480, loss_inner: 1.16215, loss_target: 1.14596, homo loss: 0.19215 
acc_train_clean: 0.6568, ASR_train_attach: 1.0000, ASR_train_outter: 1.0000
Epoch 1490, loss_inner: 1.16084, loss_target: 1.16216, homo loss: 0.19000 
acc_train_clean: 0.6571, ASR_train_attach: 1.0000, ASR_train_outter: 1.0000
load best weight based on the loss outter
precent of left attach nodes: 1.000
Namespace(cuda=True, dataset='ogbn-arxiv', debug=True, defense_mode='none', device_id=1, dis_weight=0.0, dropout=0.5, epochs=200, evaluate_mode='1by1', hidden=32, homo_boost_thrd=0.8, homo_loss_weight=50.0, inner=1, lr=0.01, model='GCN', no_cuda=False, prune_thr=0.8, seed=265, selection_method='cluster_degree', target_class=0, target_loss_weight=1, test_model='GCN', thrd=0.5, train_lr=0.01, trigger_size=3, trojan_epochs=1500, use_vs_number=True, vs_number=480, vs_ratio=0, weight_decay=0.0005)
target class rate on Vs: 1.0000
accuracy on clean test nodes: 0.6387
Overall ASR: 0.9926
Flip ASR: 0.9925/16875 nodes
Namespace(cuda=True, dataset='ogbn-arxiv', debug=True, defense_mode='none', device_id=1, dis_weight=0.0, dropout=0.5, epochs=200, evaluate_mode='1by1', hidden=32, homo_boost_thrd=0.8, homo_loss_weight=50.0, inner=1, lr=0.01, model='GCN', no_cuda=False, prune_thr=0.8, seed=125, selection_method='cluster_degree', target_class=0, target_loss_weight=1, test_model='GCN', thrd=0.5, train_lr=0.01, trigger_size=3, trojan_epochs=1500, use_vs_number=True, vs_number=480, vs_ratio=0, weight_decay=0.0005)
target class rate on Vs: 1.0000
accuracy on clean test nodes: 0.6337
Overall ASR: 0.9911
Flip ASR: 0.9911/16875 nodes
Namespace(cuda=True, dataset='ogbn-arxiv', debug=True, defense_mode='none', device_id=1, dis_weight=0.0, dropout=0.5, epochs=200, evaluate_mode='1by1', hidden=32, homo_boost_thrd=0.8, homo_loss_weight=50.0, inner=1, lr=0.01, model='GCN', no_cuda=False, prune_thr=0.8, seed=996, selection_method='cluster_degree', target_class=0, target_loss_weight=1, test_model='GCN', thrd=0.5, train_lr=0.01, trigger_size=3, trojan_epochs=1500, use_vs_number=True, vs_number=480, vs_ratio=0, weight_decay=0.0005)
target class rate on Vs: 1.0000
accuracy on clean test nodes: 0.6446
Overall ASR: 0.9911
Flip ASR: 0.9911/16875 nodes
Namespace(cuda=True, dataset='ogbn-arxiv', debug=True, defense_mode='none', device_id=1, dis_weight=0.0, dropout=0.5, epochs=200, evaluate_mode='1by1', hidden=32, homo_boost_thrd=0.8, homo_loss_weight=50.0, inner=1, lr=0.01, model='GCN', no_cuda=False, prune_thr=0.8, seed=527, selection_method='cluster_degree', target_class=0, target_loss_weight=1, test_model='GCN', thrd=0.5, train_lr=0.01, trigger_size=3, trojan_epochs=1500, use_vs_number=True, vs_number=480, vs_ratio=0, weight_decay=0.0005)
target class rate on Vs: 1.0000
accuracy on clean test nodes: 0.6438
Overall ASR: 0.9917
Flip ASR: 0.9917/16875 nodes
Namespace(cuda=True, dataset='ogbn-arxiv', debug=True, defense_mode='none', device_id=1, dis_weight=0.0, dropout=0.5, epochs=200, evaluate_mode='1by1', hidden=32, homo_boost_thrd=0.8, homo_loss_weight=50.0, inner=1, lr=0.01, model='GCN', no_cuda=False, prune_thr=0.8, seed=320, selection_method='cluster_degree', target_class=0, target_loss_weight=1, test_model='GCN', thrd=0.5, train_lr=0.01, trigger_size=3, trojan_epochs=1500, use_vs_number=True, vs_number=480, vs_ratio=0, weight_decay=0.0005)
target class rate on Vs: 1.0000
accuracy on clean test nodes: 0.6287
Overall ASR: 0.9929
Flip ASR: 0.9929/16875 nodes
Overall ASR: 0.9919 (GCN model, Seed: 320)
Overall Clean Accuracy: 0.6379
Namespace(cuda=True, dataset='ogbn-arxiv', debug=True, defense_mode='none', device_id=1, dis_weight=0.0, dropout=0.5, epochs=200, evaluate_mode='1by1', hidden=32, homo_boost_thrd=0.8, homo_loss_weight=50.0, inner=1, lr=0.01, model='GCN', no_cuda=False, prune_thr=0.8, seed=781, selection_method='cluster_degree', target_class=0, target_loss_weight=1, test_model='GAT', thrd=0.5, train_lr=0.01, trigger_size=3, trojan_epochs=1500, use_vs_number=True, vs_number=480, vs_ratio=0, weight_decay=0.0005)
/home/project-graph-backdoor/Backdoor/models/GAT.py:61: UserWarning: To copy construct from a tensor, it is recommended to use sourceTensor.clone().detach() or sourceTensor.clone().detach().requires_grad_(True), rather than torch.tensor(sourceTensor).
  self.labels = torch.tensor(labels, dtype=torch.long)
target class rate on Vs: 1.0000
accuracy on clean test nodes: 0.6462
Overall ASR: 1.0000
Flip ASR: 1.0000/16875 nodes
Namespace(cuda=True, dataset='ogbn-arxiv', debug=True, defense_mode='none', device_id=1, dis_weight=0.0, dropout=0.5, epochs=200, evaluate_mode='1by1', hidden=32, homo_boost_thrd=0.8, homo_loss_weight=50.0, inner=1, lr=0.01, model='GCN', no_cuda=False, prune_thr=0.8, seed=706, selection_method='cluster_degree', target_class=0, target_loss_weight=1, test_model='GAT', thrd=0.5, train_lr=0.01, trigger_size=3, trojan_epochs=1500, use_vs_number=True, vs_number=480, vs_ratio=0, weight_decay=0.0005)
target class rate on Vs: 1.0000
accuracy on clean test nodes: 0.6439
Overall ASR: 0.9953
Flip ASR: 0.9953/16875 nodes
Namespace(cuda=True, dataset='ogbn-arxiv', debug=True, defense_mode='none', device_id=1, dis_weight=0.0, dropout=0.5, epochs=200, evaluate_mode='1by1', hidden=32, homo_boost_thrd=0.8, homo_loss_weight=50.0, inner=1, lr=0.01, model='GCN', no_cuda=False, prune_thr=0.8, seed=778, selection_method='cluster_degree', target_class=0, target_loss_weight=1, test_model='GAT', thrd=0.5, train_lr=0.01, trigger_size=3, trojan_epochs=1500, use_vs_number=True, vs_number=480, vs_ratio=0, weight_decay=0.0005)
target class rate on Vs: 1.0000
accuracy on clean test nodes: 0.6464
Overall ASR: 1.0000
Flip ASR: 1.0000/16875 nodes
Namespace(cuda=True, dataset='ogbn-arxiv', debug=True, defense_mode='none', device_id=1, dis_weight=0.0, dropout=0.5, epochs=200, evaluate_mode='1by1', hidden=32, homo_boost_thrd=0.8, homo_loss_weight=50.0, inner=1, lr=0.01, model='GCN', no_cuda=False, prune_thr=0.8, seed=604, selection_method='cluster_degree', target_class=0, target_loss_weight=1, test_model='GAT', thrd=0.5, train_lr=0.01, trigger_size=3, trojan_epochs=1500, use_vs_number=True, vs_number=480, vs_ratio=0, weight_decay=0.0005)
target class rate on Vs: 1.0000
accuracy on clean test nodes: 0.6466
Overall ASR: 1.0000
Flip ASR: 1.0000/16875 nodes
Namespace(cuda=True, dataset='ogbn-arxiv', debug=True, defense_mode='none', device_id=1, dis_weight=0.0, dropout=0.5, epochs=200, evaluate_mode='1by1', hidden=32, homo_boost_thrd=0.8, homo_loss_weight=50.0, inner=1, lr=0.01, model='GCN', no_cuda=False, prune_thr=0.8, seed=133, selection_method='cluster_degree', target_class=0, target_loss_weight=1, test_model='GAT', thrd=0.5, train_lr=0.01, trigger_size=3, trojan_epochs=1500, use_vs_number=True, vs_number=480, vs_ratio=0, weight_decay=0.0005)
target class rate on Vs: 1.0000
accuracy on clean test nodes: 0.6460
Overall ASR: 1.0000
Flip ASR: 1.0000/16875 nodes
Overall ASR: 0.9991 (GAT model, Seed: 133)
Overall Clean Accuracy: 0.6458
Namespace(cuda=True, dataset='ogbn-arxiv', debug=True, defense_mode='none', device_id=1, dis_weight=0.0, dropout=0.5, epochs=200, evaluate_mode='1by1', hidden=32, homo_boost_thrd=0.8, homo_loss_weight=50.0, inner=1, lr=0.01, model='GCN', no_cuda=False, prune_thr=0.8, seed=673, selection_method='cluster_degree', target_class=0, target_loss_weight=1, test_model='GraphSage', thrd=0.5, train_lr=0.01, trigger_size=3, trojan_epochs=1500, use_vs_number=True, vs_number=480, vs_ratio=0, weight_decay=0.0005)
target class rate on Vs: 0.9979
accuracy on clean test nodes: 0.6356
Overall ASR: 0.9530
Flip ASR: 0.9528/16875 nodes
Namespace(cuda=True, dataset='ogbn-arxiv', debug=True, defense_mode='none', device_id=1, dis_weight=0.0, dropout=0.5, epochs=200, evaluate_mode='1by1', hidden=32, homo_boost_thrd=0.8, homo_loss_weight=50.0, inner=1, lr=0.01, model='GCN', no_cuda=False, prune_thr=0.8, seed=904, selection_method='cluster_degree', target_class=0, target_loss_weight=1, test_model='GraphSage', thrd=0.5, train_lr=0.01, trigger_size=3, trojan_epochs=1500, use_vs_number=True, vs_number=480, vs_ratio=0, weight_decay=0.0005)
target class rate on Vs: 1.0000
accuracy on clean test nodes: 0.6392
Overall ASR: 0.9611
Flip ASR: 0.9609/16875 nodes
Namespace(cuda=True, dataset='ogbn-arxiv', debug=True, defense_mode='none', device_id=1, dis_weight=0.0, dropout=0.5, epochs=200, evaluate_mode='1by1', hidden=32, homo_boost_thrd=0.8, homo_loss_weight=50.0, inner=1, lr=0.01, model='GCN', no_cuda=False, prune_thr=0.8, seed=56, selection_method='cluster_degree', target_class=0, target_loss_weight=1, test_model='GraphSage', thrd=0.5, train_lr=0.01, trigger_size=3, trojan_epochs=1500, use_vs_number=True, vs_number=480, vs_ratio=0, weight_decay=0.0005)
target class rate on Vs: 1.0000
accuracy on clean test nodes: 0.6369
Overall ASR: 0.9621
Flip ASR: 0.9620/16875 nodes
Namespace(cuda=True, dataset='ogbn-arxiv', debug=True, defense_mode='none', device_id=1, dis_weight=0.0, dropout=0.5, epochs=200, evaluate_mode='1by1', hidden=32, homo_boost_thrd=0.8, homo_loss_weight=50.0, inner=1, lr=0.01, model='GCN', no_cuda=False, prune_thr=0.8, seed=1, selection_method='cluster_degree', target_class=0, target_loss_weight=1, test_model='GraphSage', thrd=0.5, train_lr=0.01, trigger_size=3, trojan_epochs=1500, use_vs_number=True, vs_number=480, vs_ratio=0, weight_decay=0.0005)
target class rate on Vs: 1.0000
accuracy on clean test nodes: 0.6414
Overall ASR: 0.9617
Flip ASR: 0.9615/16875 nodes
Namespace(cuda=True, dataset='ogbn-arxiv', debug=True, defense_mode='none', device_id=1, dis_weight=0.0, dropout=0.5, epochs=200, evaluate_mode='1by1', hidden=32, homo_boost_thrd=0.8, homo_loss_weight=50.0, inner=1, lr=0.01, model='GCN', no_cuda=False, prune_thr=0.8, seed=694, selection_method='cluster_degree', target_class=0, target_loss_weight=1, test_model='GraphSage', thrd=0.5, train_lr=0.01, trigger_size=3, trojan_epochs=1500, use_vs_number=True, vs_number=480, vs_ratio=0, weight_decay=0.0005)
target class rate on Vs: 0.9958
accuracy on clean test nodes: 0.6276
Overall ASR: 0.9520
Flip ASR: 0.9519/16875 nodes
Overall ASR: 0.9580 (GraphSage model, Seed: 694)
Overall Clean Accuracy: 0.6362
Total Overall ASR: 0.9830 
Total Clean Accuracy: 0.6399
