nohup: ignoring input
run_adaptive.py:8: DeprecationWarning: the imp module is deprecated in favour of importlib; see the module's documentation for alternative uses
  import imp
Namespace(cuda=True, dataset='ogbn-arxiv', debug=True, defense_mode='prune', device_id=2, dis_weight=0.0, dropout=0.5, epochs=200, evaluate_mode='1by1', hidden=32, homo_boost_thrd=0.8, homo_loss_weight=200.0, inner=1, lr=0.01, model='GCN', no_cuda=False, prune_thr=0.8, seed=10, selection_method='cluster_degree', target_class=0, target_loss_weight=1, test_model='GCN', thrd=0.5, train_lr=0.01, trigger_size=3, trojan_epochs=800, use_vs_number=True, vs_number=480, vs_ratio=0, weight_decay=0.0005)
#Attach Nodes:480
./selected_nodes/ogbn-arxiv/Overall/seed10/nodes.txt
idx_attach: tensor([132437, 159342, 115859,  11103, 127522,  67544,  82569, 161886,  62976,
         13773,  68963, 144203,  19681,    750, 156733,  86828,  18909,  82685,
         81700, 164714, 103734,  65352,  47692,  14294, 153213,  78523,   1385,
         50714, 156839, 144199,  88403,  58221,  56228,  88511,  12909, 156645,
         93340, 136107,  80139,    622,   1438,   7666, 133129, 127534, 106596,
        102712,   4269,  55140, 125068, 152827, 135150,  23527,   3609,   6462,
        121168, 152542,   6165, 126338,  90948,  77520,  47397, 106658,  68636,
        109074,  69509, 138501,  13873,  20117,  83448,   3102, 143264,  91042,
         54237,  58770, 165138, 126351,  55671,  99141,  13704, 136218,  16458,
         43368, 146276,  31105, 112018,  77110, 104399,  46245, 147007,   5821,
         19313,  91731,  20583, 142204,  80573,   7668,  83587, 128743, 143180,
         91852,  75911,  65787, 153365, 126297,  39114, 104240,  77327,   4583,
           512,  48952,  28134,  38432,  10832,  61628, 127678, 138417, 147495,
         98345,  93057,  33697, 138811, 124659, 133488,  71285,  47676,   1298,
        167767,  47649, 124811,  39955,  70652, 138116,  94425, 163083,  21820,
        133451,  73518, 132097,  23608,  13837, 125639,  40347, 163907,   5087,
          6422, 119164, 165901,   5059,  83768,  27180, 100388,  35462, 116799,
          3703,   5670,  48904,  68159, 113552, 160597,  96989, 127472, 136647,
        148726, 125053, 138149, 138315, 141422,  76351,  76598,  59904, 148285,
         70903, 165759,  39375, 136221, 140976,  63383,  42932,  75075,  71850,
         73993,  30102,  65808,  62714,  45851,  95186,  36002,  74863,  64652,
        161830, 145444, 126027,  60679,  73713,  93896, 146527, 169172, 114189,
         95782,  93842, 148869, 112848,  68654,   4485, 168944, 140981,  72175,
         45679,  20436,   7628, 115596, 130154, 135469,  14337,  63022,  17599,
        122842, 103833,  45706,  81303,  13852,  81871, 114723, 142817,  28988,
         48225,  21674,  34318, 111176, 158279, 146881,  34991,  76669,  13346,
         17731, 138128, 136891, 117554,  40123,  52955, 103517, 141078,  75105,
         82512, 168762, 139593, 118896,  12297, 138395,  64922,  55710,  22340,
         76111,  93384, 111925,   5010,  13015, 116348, 150061, 130103, 141021,
         64826, 144901, 106175,  92109,  89940,  71933, 144027,  36882,  41628,
         55044,  12828,  41681,  14340,  23638, 144925,  62265,  35737, 155976,
        161925,  63089, 135644, 164665,   9848, 124525,  66260,  78580,  66041,
          4226, 128942,  52300,  86426, 146623,  42022,  64582,  63272, 144613,
         12980,  93063, 146301, 166120, 109587, 144883,  58222, 119761, 126871,
        112989,  47264,  44224,  76605, 125250,  85029, 139694, 119661,  82517,
         10258,   5687,  86843,  93827,  30524, 146837, 142859,   3796, 104188,
         59645, 150266,  63460, 152939, 132153,  87353, 155538,  28127,  86437,
           591,  14225, 111064,  72841,  91588, 121367, 129042,  82694, 139395,
        116755,  46308,  15022,  85320,  72395, 143355, 128020,  15828, 143322,
         55075,  51976,  81577,  12925,  52480,  77357, 123824, 117210, 101747,
         38371,  89521, 120166,  15685,  29096,  24361,   9035, 130319,   6402,
         54168, 138793,  78393,  97894,  85421, 150077, 147429,  30273,  47541,
        101610, 157814,  45601, 169188, 146774,  52883,  71248, 152946,  56090,
         48566,  94860,  87246, 155373,  48973, 147804,  56436,  69861, 158491,
        124225, 157846,  36579,  12832, 105166,  49721, 128954, 148078,  56062,
        130915,  28744, 155979,  93417,  88471,  39751,  44343,  12516,  53050,
         23226,  28658,  22922, 139240, 113205,  27673,  41397,  99820,  40770,
         52043, 140123,   8016, 110285,   9523, 141587,  42198,  41116,  56625,
         49108, 145426, 143510,  78940,  39641, 103830,  28317, 137361, 113738,
         95930,  43828,  59183,  10174, 100999,  73621,  70772, 168782,    316,
         63065,   1216, 150717, 142054,  43635,  42956, 104683, 153366,  55743,
        159972,  50428,  97269,  99636,  86383, 167276,  30354, 109791, 108465,
         33452, 167353, 132780, 148658, 140035,  90596,  92925, 148665, 127724,
         12927,  19694, 108961], device='cuda:2')
tensor([     1,      2,      3,  ..., 169334, 169336, 169338], device='cuda:2')
Epoch 0, loss_inner: 3.74859, loss_target: 3.62873, homo loss: 0.80466 
acc_train_clean: 0.0089, ASR_train_attach: 0.0000, ASR_train_outter: 0.0000
Epoch 10, loss_inner: 3.04287, loss_target: 3.08286, homo loss: 0.00507 
acc_train_clean: 0.2746, ASR_train_attach: 0.0000, ASR_train_outter: 0.0000
Epoch 20, loss_inner: 2.78337, loss_target: 2.75861, homo loss: 0.00077 
acc_train_clean: 0.2875, ASR_train_attach: 0.0000, ASR_train_outter: 0.0000
Epoch 30, loss_inner: 2.47575, loss_target: 2.42913, homo loss: 0.00053 
acc_train_clean: 0.3564, ASR_train_attach: 0.1625, ASR_train_outter: 0.4123
Epoch 40, loss_inner: 2.16079, loss_target: 2.11036, homo loss: 0.00038 
acc_train_clean: 0.4408, ASR_train_attach: 0.9354, ASR_train_outter: 0.9073
Epoch 50, loss_inner: 1.90705, loss_target: 1.86289, homo loss: 0.00050 
acc_train_clean: 0.5048, ASR_train_attach: 0.9854, ASR_train_outter: 0.9657
Epoch 60, loss_inner: 1.72254, loss_target: 1.68802, homo loss: 0.00042 
acc_train_clean: 0.5371, ASR_train_attach: 0.9583, ASR_train_outter: 0.9506
Epoch 70, loss_inner: 1.59315, loss_target: 1.56365, homo loss: 0.00036 
acc_train_clean: 0.5638, ASR_train_attach: 0.9854, ASR_train_outter: 0.9698
Epoch 80, loss_inner: 1.49265, loss_target: 1.46591, homo loss: 0.00028 
acc_train_clean: 0.5879, ASR_train_attach: 0.9917, ASR_train_outter: 0.9798
Epoch 90, loss_inner: 1.41735, loss_target: 1.39419, homo loss: 0.00018 
acc_train_clean: 0.6040, ASR_train_attach: 0.9896, ASR_train_outter: 0.9778
Epoch 100, loss_inner: 1.36421, loss_target: 1.34363, homo loss: 0.00010 
acc_train_clean: 0.6138, ASR_train_attach: 0.9979, ASR_train_outter: 0.9839
Epoch 110, loss_inner: 1.32562, loss_target: 1.30634, homo loss: 0.00005 
acc_train_clean: 0.6211, ASR_train_attach: 0.9979, ASR_train_outter: 0.9879
Epoch 120, loss_inner: 1.29664, loss_target: 1.27818, homo loss: 0.00001 
acc_train_clean: 0.6269, ASR_train_attach: 0.9979, ASR_train_outter: 0.9879
Epoch 130, loss_inner: 1.27466, loss_target: 1.25683, homo loss: 0.00002 
acc_train_clean: 0.6307, ASR_train_attach: 0.9979, ASR_train_outter: 0.9889
Epoch 140, loss_inner: 1.25736, loss_target: 1.24011, homo loss: 0.00003 
acc_train_clean: 0.6344, ASR_train_attach: 1.0000, ASR_train_outter: 0.9889
Epoch 150, loss_inner: 1.24369, loss_target: 1.22694, homo loss: 0.00002 
acc_train_clean: 0.6382, ASR_train_attach: 0.9979, ASR_train_outter: 0.9859
Epoch 160, loss_inner: 1.23183, loss_target: 1.21509, homo loss: 0.00001 
acc_train_clean: 0.6408, ASR_train_attach: 1.0000, ASR_train_outter: 0.9909
Epoch 170, loss_inner: 1.22197, loss_target: 1.20496, homo loss: 0.00001 
acc_train_clean: 0.6436, ASR_train_attach: 1.0000, ASR_train_outter: 0.9929
Epoch 180, loss_inner: 1.21318, loss_target: 1.19660, homo loss: 0.00001 
acc_train_clean: 0.6460, ASR_train_attach: 1.0000, ASR_train_outter: 0.9919
Epoch 190, loss_inner: 1.20318, loss_target: 1.18679, homo loss: 0.00001 
acc_train_clean: 0.6488, ASR_train_attach: 1.0000, ASR_train_outter: 0.9909
Epoch 200, loss_inner: 1.19151, loss_target: 1.17456, homo loss: 0.00001 
acc_train_clean: 0.6498, ASR_train_attach: 1.0000, ASR_train_outter: 0.9929
Epoch 210, loss_inner: 1.18073, loss_target: 1.16426, homo loss: 0.00001 
acc_train_clean: 0.6527, ASR_train_attach: 1.0000, ASR_train_outter: 0.9929
Epoch 220, loss_inner: 1.17303, loss_target: 1.15736, homo loss: 0.00001 
acc_train_clean: 0.6543, ASR_train_attach: 1.0000, ASR_train_outter: 0.9919
Epoch 230, loss_inner: 1.16755, loss_target: 1.15177, homo loss: 0.00000 
acc_train_clean: 0.6551, ASR_train_attach: 1.0000, ASR_train_outter: 0.9940
Epoch 240, loss_inner: 1.16328, loss_target: 1.14747, homo loss: 0.00001 
acc_train_clean: 0.6562, ASR_train_attach: 1.0000, ASR_train_outter: 0.9950
Epoch 250, loss_inner: 1.15928, loss_target: 1.14358, homo loss: 0.00001 
acc_train_clean: 0.6572, ASR_train_attach: 1.0000, ASR_train_outter: 0.9950
Epoch 260, loss_inner: 1.15573, loss_target: 1.13991, homo loss: 0.00001 
acc_train_clean: 0.6579, ASR_train_attach: 1.0000, ASR_train_outter: 0.9950
Epoch 270, loss_inner: 1.15208, loss_target: 1.13628, homo loss: 0.00000 
acc_train_clean: 0.6590, ASR_train_attach: 1.0000, ASR_train_outter: 0.9950
Epoch 280, loss_inner: 1.14907, loss_target: 1.13372, homo loss: 0.00004 
acc_train_clean: 0.6592, ASR_train_attach: 1.0000, ASR_train_outter: 0.9950
Epoch 290, loss_inner: 1.14067, loss_target: 1.12483, homo loss: 0.00000 
acc_train_clean: 0.6632, ASR_train_attach: 1.0000, ASR_train_outter: 0.9950
Epoch 300, loss_inner: 1.13515, loss_target: 1.12001, homo loss: 0.00002 
acc_train_clean: 0.6643, ASR_train_attach: 1.0000, ASR_train_outter: 0.9929
Epoch 310, loss_inner: 1.13094, loss_target: 1.11581, homo loss: 0.00001 
acc_train_clean: 0.6661, ASR_train_attach: 1.0000, ASR_train_outter: 0.9950
Epoch 320, loss_inner: 1.12698, loss_target: 1.11123, homo loss: 0.00002 
acc_train_clean: 0.6677, ASR_train_attach: 1.0000, ASR_train_outter: 0.9950
Epoch 330, loss_inner: 1.12369, loss_target: 1.10815, homo loss: 0.00001 
acc_train_clean: 0.6685, ASR_train_attach: 1.0000, ASR_train_outter: 0.9940
Epoch 340, loss_inner: 1.12100, loss_target: 1.10526, homo loss: 0.00000 
acc_train_clean: 0.6696, ASR_train_attach: 1.0000, ASR_train_outter: 0.9960
Epoch 350, loss_inner: 1.11934, loss_target: 1.10344, homo loss: 0.00001 
acc_train_clean: 0.6696, ASR_train_attach: 1.0000, ASR_train_outter: 0.9970
Epoch 360, loss_inner: 1.11724, loss_target: 1.10216, homo loss: 0.00003 
acc_train_clean: 0.6709, ASR_train_attach: 0.9979, ASR_train_outter: 0.9940
Epoch 370, loss_inner: 1.11555, loss_target: 1.10042, homo loss: 0.00001 
acc_train_clean: 0.6710, ASR_train_attach: 1.0000, ASR_train_outter: 0.9960
Epoch 380, loss_inner: 1.11419, loss_target: 1.09999, homo loss: 0.00001 
acc_train_clean: 0.6717, ASR_train_attach: 1.0000, ASR_train_outter: 0.9940
Epoch 390, loss_inner: 1.11269, loss_target: 1.09709, homo loss: 0.00001 
acc_train_clean: 0.6715, ASR_train_attach: 1.0000, ASR_train_outter: 0.9960
Epoch 400, loss_inner: 1.11148, loss_target: 1.09610, homo loss: 0.00000 
acc_train_clean: 0.6728, ASR_train_attach: 1.0000, ASR_train_outter: 0.9970
Epoch 410, loss_inner: 1.11006, loss_target: 1.09481, homo loss: 0.00000 
acc_train_clean: 0.6730, ASR_train_attach: 1.0000, ASR_train_outter: 0.9950
Epoch 420, loss_inner: 1.10906, loss_target: 1.09377, homo loss: 0.00002 
acc_train_clean: 0.6729, ASR_train_attach: 1.0000, ASR_train_outter: 0.9970
Epoch 430, loss_inner: 1.11032, loss_target: 1.09815, homo loss: 0.00012 
acc_train_clean: 0.6731, ASR_train_attach: 0.9979, ASR_train_outter: 0.9940
Epoch 440, loss_inner: 1.10989, loss_target: 1.10017, homo loss: 0.00034 
acc_train_clean: 0.6722, ASR_train_attach: 1.0000, ASR_train_outter: 0.9960
Epoch 450, loss_inner: 1.10796, loss_target: 1.10063, homo loss: 0.00044 
acc_train_clean: 0.6728, ASR_train_attach: 0.9917, ASR_train_outter: 0.9919
Epoch 460, loss_inner: 1.16074, loss_target: 1.23163, homo loss: 0.00338 
acc_train_clean: 0.6548, ASR_train_attach: 1.0000, ASR_train_outter: 0.9950
Epoch 470, loss_inner: 1.14396, loss_target: 1.19687, homo loss: 0.00081 
acc_train_clean: 0.6645, ASR_train_attach: 0.9938, ASR_train_outter: 0.8266
Epoch 480, loss_inner: 1.13030, loss_target: 1.14523, homo loss: 0.00072 
acc_train_clean: 0.6682, ASR_train_attach: 1.0000, ASR_train_outter: 0.9980
Epoch 490, loss_inner: 1.11536, loss_target: 1.12791, homo loss: 0.00069 
acc_train_clean: 0.6718, ASR_train_attach: 1.0000, ASR_train_outter: 0.9960
Epoch 500, loss_inner: 1.11021, loss_target: 1.11789, homo loss: 0.00064 
acc_train_clean: 0.6732, ASR_train_attach: 1.0000, ASR_train_outter: 0.9960
Epoch 510, loss_inner: 1.10803, loss_target: 1.11138, homo loss: 0.00060 
acc_train_clean: 0.6737, ASR_train_attach: 1.0000, ASR_train_outter: 0.9960
Epoch 520, loss_inner: 1.10657, loss_target: 1.10771, homo loss: 0.00057 
acc_train_clean: 0.6742, ASR_train_attach: 1.0000, ASR_train_outter: 0.9899
Epoch 530, loss_inner: 1.10549, loss_target: 1.10574, homo loss: 0.00055 
acc_train_clean: 0.6742, ASR_train_attach: 1.0000, ASR_train_outter: 0.9960
Epoch 540, loss_inner: 1.10452, loss_target: 1.10453, homo loss: 0.00054 
acc_train_clean: 0.6744, ASR_train_attach: 1.0000, ASR_train_outter: 0.9940
Epoch 550, loss_inner: 1.10362, loss_target: 1.10333, homo loss: 0.00053 
acc_train_clean: 0.6745, ASR_train_attach: 1.0000, ASR_train_outter: 0.9940
Epoch 560, loss_inner: 1.10283, loss_target: 1.10214, homo loss: 0.00053 
acc_train_clean: 0.6744, ASR_train_attach: 1.0000, ASR_train_outter: 0.9960
Epoch 570, loss_inner: 1.10210, loss_target: 1.10145, homo loss: 0.00053 
acc_train_clean: 0.6747, ASR_train_attach: 1.0000, ASR_train_outter: 0.9950
Epoch 580, loss_inner: 1.10145, loss_target: 1.10067, homo loss: 0.00053 
acc_train_clean: 0.6749, ASR_train_attach: 1.0000, ASR_train_outter: 0.9970
Epoch 590, loss_inner: 1.10085, loss_target: 1.10014, homo loss: 0.00053 
acc_train_clean: 0.6750, ASR_train_attach: 1.0000, ASR_train_outter: 0.9970
Epoch 600, loss_inner: 1.10030, loss_target: 1.09961, homo loss: 0.00053 
acc_train_clean: 0.6752, ASR_train_attach: 1.0000, ASR_train_outter: 0.9970
Epoch 610, loss_inner: 1.09977, loss_target: 1.09919, homo loss: 0.00053 
acc_train_clean: 0.6753, ASR_train_attach: 1.0000, ASR_train_outter: 0.9970
Epoch 620, loss_inner: 1.09927, loss_target: 1.09884, homo loss: 0.00054 
acc_train_clean: 0.6752, ASR_train_attach: 1.0000, ASR_train_outter: 0.9970
Epoch 630, loss_inner: 1.09880, loss_target: 1.09849, homo loss: 0.00054 
acc_train_clean: 0.6754, ASR_train_attach: 1.0000, ASR_train_outter: 0.9970
Epoch 640, loss_inner: 1.09835, loss_target: 1.09818, homo loss: 0.00054 
acc_train_clean: 0.6756, ASR_train_attach: 1.0000, ASR_train_outter: 0.9970
Epoch 650, loss_inner: 1.09791, loss_target: 1.09787, homo loss: 0.00054 
acc_train_clean: 0.6755, ASR_train_attach: 1.0000, ASR_train_outter: 0.9970
Epoch 660, loss_inner: 1.09748, loss_target: 1.09763, homo loss: 0.00055 
acc_train_clean: 0.6757, ASR_train_attach: 1.0000, ASR_train_outter: 0.9970
Epoch 670, loss_inner: 1.09708, loss_target: 1.09753, homo loss: 0.00055 
acc_train_clean: 0.6759, ASR_train_attach: 1.0000, ASR_train_outter: 0.9970
Epoch 680, loss_inner: 1.09723, loss_target: 1.09864, homo loss: 0.00055 
acc_train_clean: 0.6759, ASR_train_attach: 1.0000, ASR_train_outter: 0.9970
Epoch 690, loss_inner: 1.09669, loss_target: 1.09806, homo loss: 0.00056 
acc_train_clean: 0.6760, ASR_train_attach: 1.0000, ASR_train_outter: 0.9990
Epoch 700, loss_inner: 1.09653, loss_target: 1.09814, homo loss: 0.00056 
acc_train_clean: 0.6758, ASR_train_attach: 1.0000, ASR_train_outter: 0.9990
Epoch 710, loss_inner: 1.09638, loss_target: 1.09844, homo loss: 0.00056 
acc_train_clean: 0.6757, ASR_train_attach: 1.0000, ASR_train_outter: 0.9990
Epoch 720, loss_inner: 1.09619, loss_target: 1.09879, homo loss: 0.00057 
acc_train_clean: 0.6758, ASR_train_attach: 1.0000, ASR_train_outter: 0.9990
Epoch 730, loss_inner: 1.09589, loss_target: 1.09904, homo loss: 0.00057 
acc_train_clean: 0.6759, ASR_train_attach: 1.0000, ASR_train_outter: 0.9990
Epoch 740, loss_inner: 1.09547, loss_target: 1.09934, homo loss: 0.00057 
acc_train_clean: 0.6761, ASR_train_attach: 1.0000, ASR_train_outter: 0.9980
Epoch 750, loss_inner: 1.09557, loss_target: 1.10095, homo loss: 0.00057 
acc_train_clean: 0.6763, ASR_train_attach: 1.0000, ASR_train_outter: 0.9970
Epoch 760, loss_inner: 1.10106, loss_target: 1.11909, homo loss: 0.00060 
acc_train_clean: 0.6753, ASR_train_attach: 1.0000, ASR_train_outter: 0.9274
Epoch 770, loss_inner: 1.31278, loss_target: 1.51523, homo loss: 0.00153 
acc_train_clean: 0.6298, ASR_train_attach: 1.0000, ASR_train_outter: 1.0000
Epoch 780, loss_inner: 1.63351, loss_target: 3.74776, homo loss: 0.01592 
acc_train_clean: 0.5644, ASR_train_attach: 1.0000, ASR_train_outter: 0.0000
Epoch 790, loss_inner: 2.16084, loss_target: 2.97288, homo loss: 0.03720 
acc_train_clean: 0.5433, ASR_train_attach: 1.0000, ASR_train_outter: 1.0000
load best weight based on the loss outter
precent of left attach nodes: 1.000
Namespace(cuda=True, dataset='ogbn-arxiv', debug=True, defense_mode='prune', device_id=2, dis_weight=0.0, dropout=0.5, epochs=200, evaluate_mode='1by1', hidden=32, homo_boost_thrd=0.8, homo_loss_weight=200.0, inner=1, lr=0.01, model='GCN', no_cuda=False, prune_thr=0.8, seed=265, selection_method='cluster_degree', target_class=0, target_loss_weight=1, test_model='GCN', thrd=0.5, train_lr=0.01, trigger_size=3, trojan_epochs=800, use_vs_number=True, vs_number=480, vs_ratio=0, weight_decay=0.0005)
target class rate on Vs: 0.9833
accuracy on clean test nodes: 0.6212
Overall ASR: 0.9271
Flip ASR: 0.9269/16875 nodes
Namespace(cuda=True, dataset='ogbn-arxiv', debug=True, defense_mode='prune', device_id=2, dis_weight=0.0, dropout=0.5, epochs=200, evaluate_mode='1by1', hidden=32, homo_boost_thrd=0.8, homo_loss_weight=200.0, inner=1, lr=0.01, model='GCN', no_cuda=False, prune_thr=0.8, seed=125, selection_method='cluster_degree', target_class=0, target_loss_weight=1, test_model='GCN', thrd=0.5, train_lr=0.01, trigger_size=3, trojan_epochs=800, use_vs_number=True, vs_number=480, vs_ratio=0, weight_decay=0.0005)
target class rate on Vs: 0.9833
accuracy on clean test nodes: 0.6237
Overall ASR: 0.9298
Flip ASR: 0.9296/16875 nodes
Namespace(cuda=True, dataset='ogbn-arxiv', debug=True, defense_mode='prune', device_id=2, dis_weight=0.0, dropout=0.5, epochs=200, evaluate_mode='1by1', hidden=32, homo_boost_thrd=0.8, homo_loss_weight=200.0, inner=1, lr=0.01, model='GCN', no_cuda=False, prune_thr=0.8, seed=996, selection_method='cluster_degree', target_class=0, target_loss_weight=1, test_model='GCN', thrd=0.5, train_lr=0.01, trigger_size=3, trojan_epochs=800, use_vs_number=True, vs_number=480, vs_ratio=0, weight_decay=0.0005)
target class rate on Vs: 0.9833
accuracy on clean test nodes: 0.6281
Overall ASR: 0.9290
Flip ASR: 0.9288/16875 nodes
Namespace(cuda=True, dataset='ogbn-arxiv', debug=True, defense_mode='prune', device_id=2, dis_weight=0.0, dropout=0.5, epochs=200, evaluate_mode='1by1', hidden=32, homo_boost_thrd=0.8, homo_loss_weight=200.0, inner=1, lr=0.01, model='GCN', no_cuda=False, prune_thr=0.8, seed=527, selection_method='cluster_degree', target_class=0, target_loss_weight=1, test_model='GCN', thrd=0.5, train_lr=0.01, trigger_size=3, trojan_epochs=800, use_vs_number=True, vs_number=480, vs_ratio=0, weight_decay=0.0005)
target class rate on Vs: 0.9833
accuracy on clean test nodes: 0.6300
Overall ASR: 0.9299
Flip ASR: 0.9297/16875 nodes
Namespace(cuda=True, dataset='ogbn-arxiv', debug=True, defense_mode='prune', device_id=2, dis_weight=0.0, dropout=0.5, epochs=200, evaluate_mode='1by1', hidden=32, homo_boost_thrd=0.8, homo_loss_weight=200.0, inner=1, lr=0.01, model='GCN', no_cuda=False, prune_thr=0.8, seed=320, selection_method='cluster_degree', target_class=0, target_loss_weight=1, test_model='GCN', thrd=0.5, train_lr=0.01, trigger_size=3, trojan_epochs=800, use_vs_number=True, vs_number=480, vs_ratio=0, weight_decay=0.0005)
target class rate on Vs: 0.9833
accuracy on clean test nodes: 0.6131
Overall ASR: 0.9280
Flip ASR: 0.9278/16875 nodes
Overall ASR: 0.9288 (GCN model, Seed: 320)
Overall Clean Accuracy: 0.6233
Namespace(cuda=True, dataset='ogbn-arxiv', debug=True, defense_mode='prune', device_id=2, dis_weight=0.0, dropout=0.5, epochs=200, evaluate_mode='1by1', hidden=32, homo_boost_thrd=0.8, homo_loss_weight=200.0, inner=1, lr=0.01, model='GCN', no_cuda=False, prune_thr=0.8, seed=781, selection_method='cluster_degree', target_class=0, target_loss_weight=1, test_model='GAT', thrd=0.5, train_lr=0.01, trigger_size=3, trojan_epochs=800, use_vs_number=True, vs_number=480, vs_ratio=0, weight_decay=0.0005)
/home/project-graph-backdoor/Backdoor/models/GAT.py:61: UserWarning: To copy construct from a tensor, it is recommended to use sourceTensor.clone().detach() or sourceTensor.clone().detach().requires_grad_(True), rather than torch.tensor(sourceTensor).
  self.labels = torch.tensor(labels, dtype=torch.long)
target class rate on Vs: 0.9833
accuracy on clean test nodes: 0.6297
Overall ASR: 0.9371
Flip ASR: 0.9370/16875 nodes
Namespace(cuda=True, dataset='ogbn-arxiv', debug=True, defense_mode='prune', device_id=2, dis_weight=0.0, dropout=0.5, epochs=200, evaluate_mode='1by1', hidden=32, homo_boost_thrd=0.8, homo_loss_weight=200.0, inner=1, lr=0.01, model='GCN', no_cuda=False, prune_thr=0.8, seed=706, selection_method='cluster_degree', target_class=0, target_loss_weight=1, test_model='GAT', thrd=0.5, train_lr=0.01, trigger_size=3, trojan_epochs=800, use_vs_number=True, vs_number=480, vs_ratio=0, weight_decay=0.0005)
target class rate on Vs: 0.9833
accuracy on clean test nodes: 0.6295
Overall ASR: 0.9395
Flip ASR: 0.9394/16875 nodes
Namespace(cuda=True, dataset='ogbn-arxiv', debug=True, defense_mode='prune', device_id=2, dis_weight=0.0, dropout=0.5, epochs=200, evaluate_mode='1by1', hidden=32, homo_boost_thrd=0.8, homo_loss_weight=200.0, inner=1, lr=0.01, model='GCN', no_cuda=False, prune_thr=0.8, seed=778, selection_method='cluster_degree', target_class=0, target_loss_weight=1, test_model='GAT', thrd=0.5, train_lr=0.01, trigger_size=3, trojan_epochs=800, use_vs_number=True, vs_number=480, vs_ratio=0, weight_decay=0.0005)
target class rate on Vs: 0.9833
accuracy on clean test nodes: 0.6267
Overall ASR: 0.9213
Flip ASR: 0.9212/16875 nodes
Namespace(cuda=True, dataset='ogbn-arxiv', debug=True, defense_mode='prune', device_id=2, dis_weight=0.0, dropout=0.5, epochs=200, evaluate_mode='1by1', hidden=32, homo_boost_thrd=0.8, homo_loss_weight=200.0, inner=1, lr=0.01, model='GCN', no_cuda=False, prune_thr=0.8, seed=604, selection_method='cluster_degree', target_class=0, target_loss_weight=1, test_model='GAT', thrd=0.5, train_lr=0.01, trigger_size=3, trojan_epochs=800, use_vs_number=True, vs_number=480, vs_ratio=0, weight_decay=0.0005)
target class rate on Vs: 0.9833
accuracy on clean test nodes: 0.6266
Overall ASR: 0.9352
Flip ASR: 0.9351/16875 nodes
Namespace(cuda=True, dataset='ogbn-arxiv', debug=True, defense_mode='prune', device_id=2, dis_weight=0.0, dropout=0.5, epochs=200, evaluate_mode='1by1', hidden=32, homo_boost_thrd=0.8, homo_loss_weight=200.0, inner=1, lr=0.01, model='GCN', no_cuda=False, prune_thr=0.8, seed=133, selection_method='cluster_degree', target_class=0, target_loss_weight=1, test_model='GAT', thrd=0.5, train_lr=0.01, trigger_size=3, trojan_epochs=800, use_vs_number=True, vs_number=480, vs_ratio=0, weight_decay=0.0005)
target class rate on Vs: 0.9833
accuracy on clean test nodes: 0.6274
Overall ASR: 0.9391
Flip ASR: 0.9390/16875 nodes
Overall ASR: 0.9345 (GAT model, Seed: 133)
Overall Clean Accuracy: 0.6280
Namespace(cuda=True, dataset='ogbn-arxiv', debug=True, defense_mode='prune', device_id=2, dis_weight=0.0, dropout=0.5, epochs=200, evaluate_mode='1by1', hidden=32, homo_boost_thrd=0.8, homo_loss_weight=200.0, inner=1, lr=0.01, model='GCN', no_cuda=False, prune_thr=0.8, seed=673, selection_method='cluster_degree', target_class=0, target_loss_weight=1, test_model='GraphSage', thrd=0.5, train_lr=0.01, trigger_size=3, trojan_epochs=800, use_vs_number=True, vs_number=480, vs_ratio=0, weight_decay=0.0005)
target class rate on Vs: 0.9708
accuracy on clean test nodes: 0.6246
Overall ASR: 0.8889
Flip ASR: 0.8886/16875 nodes
Namespace(cuda=True, dataset='ogbn-arxiv', debug=True, defense_mode='prune', device_id=2, dis_weight=0.0, dropout=0.5, epochs=200, evaluate_mode='1by1', hidden=32, homo_boost_thrd=0.8, homo_loss_weight=200.0, inner=1, lr=0.01, model='GCN', no_cuda=False, prune_thr=0.8, seed=904, selection_method='cluster_degree', target_class=0, target_loss_weight=1, test_model='GraphSage', thrd=0.5, train_lr=0.01, trigger_size=3, trojan_epochs=800, use_vs_number=True, vs_number=480, vs_ratio=0, weight_decay=0.0005)
target class rate on Vs: 0.9813
accuracy on clean test nodes: 0.6253
Overall ASR: 0.9008
Flip ASR: 0.9006/16875 nodes
Namespace(cuda=True, dataset='ogbn-arxiv', debug=True, defense_mode='prune', device_id=2, dis_weight=0.0, dropout=0.5, epochs=200, evaluate_mode='1by1', hidden=32, homo_boost_thrd=0.8, homo_loss_weight=200.0, inner=1, lr=0.01, model='GCN', no_cuda=False, prune_thr=0.8, seed=56, selection_method='cluster_degree', target_class=0, target_loss_weight=1, test_model='GraphSage', thrd=0.5, train_lr=0.01, trigger_size=3, trojan_epochs=800, use_vs_number=True, vs_number=480, vs_ratio=0, weight_decay=0.0005)
target class rate on Vs: 0.9813
accuracy on clean test nodes: 0.6277
Overall ASR: 0.9011
Flip ASR: 0.9009/16875 nodes
Namespace(cuda=True, dataset='ogbn-arxiv', debug=True, defense_mode='prune', device_id=2, dis_weight=0.0, dropout=0.5, epochs=200, evaluate_mode='1by1', hidden=32, homo_boost_thrd=0.8, homo_loss_weight=200.0, inner=1, lr=0.01, model='GCN', no_cuda=False, prune_thr=0.8, seed=1, selection_method='cluster_degree', target_class=0, target_loss_weight=1, test_model='GraphSage', thrd=0.5, train_lr=0.01, trigger_size=3, trojan_epochs=800, use_vs_number=True, vs_number=480, vs_ratio=0, weight_decay=0.0005)
target class rate on Vs: 0.9771
accuracy on clean test nodes: 0.6346
Overall ASR: 0.8975
Flip ASR: 0.8972/16875 nodes
Namespace(cuda=True, dataset='ogbn-arxiv', debug=True, defense_mode='prune', device_id=2, dis_weight=0.0, dropout=0.5, epochs=200, evaluate_mode='1by1', hidden=32, homo_boost_thrd=0.8, homo_loss_weight=200.0, inner=1, lr=0.01, model='GCN', no_cuda=False, prune_thr=0.8, seed=694, selection_method='cluster_degree', target_class=0, target_loss_weight=1, test_model='GraphSage', thrd=0.5, train_lr=0.01, trigger_size=3, trojan_epochs=800, use_vs_number=True, vs_number=480, vs_ratio=0, weight_decay=0.0005)
target class rate on Vs: 0.9750
accuracy on clean test nodes: 0.6186
Overall ASR: 0.9047
Flip ASR: 0.9045/16875 nodes
Overall ASR: 0.8986 (GraphSage model, Seed: 694)
Overall Clean Accuracy: 0.6262
Total Overall ASR: 0.9206 
Total Clean Accuracy: 0.6258
