nohup: ignoring input
run_adaptive.py:8: DeprecationWarning: the imp module is deprecated in favour of importlib; see the module's documentation for alternative uses
  import imp
Namespace(cuda=True, dataset='ogbn-arxiv', debug=True, defense_mode='isolate', device_id=2, dis_weight=0.0, dropout=0.5, epochs=200, evaluate_mode='1by1', hidden=32, homo_boost_thrd=0.8, homo_loss_weight=200.0, inner=1, lr=0.01, model='GCN', no_cuda=False, prune_thr=0.8, seed=10, selection_method='cluster_degree', target_class=0, target_loss_weight=1, test_model='GCN', thrd=0.5, train_lr=0.01, trigger_size=3, trojan_epochs=800, use_vs_number=True, vs_number=480, vs_ratio=0, weight_decay=0.0005)
#Attach Nodes:480
./selected_nodes/ogbn-arxiv/Overall/seed10/nodes.txt
idx_attach: tensor([132437, 159342, 115859,  11103, 127522,  67544,  82569, 161886,  62976,
         13773,  68963, 144203,  19681,    750, 156733,  86828,  18909,  82685,
         81700, 164714, 103734,  65352,  47692,  14294, 153213,  78523,   1385,
         50714, 156839, 144199,  88403,  58221,  56228,  88511,  12909, 156645,
         93340, 136107,  80139,    622,   1438,   7666, 133129, 127534, 106596,
        102712,   4269,  55140, 125068, 152827, 135150,  23527,   3609,   6462,
        121168, 152542,   6165, 126338,  90948,  77520,  47397, 106658,  68636,
        109074,  69509, 138501,  13873,  20117,  83448,   3102, 143264,  91042,
         54237,  58770, 165138, 126351,  55671,  99141,  13704, 136218,  16458,
         43368, 146276,  31105, 112018,  77110, 104399,  46245, 147007,   5821,
         19313,  91731,  20583, 142204,  80573,   7668,  83587, 128743, 143180,
         91852,  75911,  65787, 153365, 126297,  39114, 104240,  77327,   4583,
           512,  48952,  28134,  38432,  10832,  61628, 127678, 138417, 147495,
         98345,  93057,  33697, 138811, 124659, 133488,  71285,  47676,   1298,
        167767,  47649, 124811,  39955,  70652, 138116,  94425, 163083,  21820,
        133451,  73518, 132097,  23608,  13837, 125639,  40347, 163907,   5087,
          6422, 119164, 165901,   5059,  83768,  27180, 100388,  35462, 116799,
          3703,   5670,  48904,  68159, 113552, 160597,  96989, 127472, 136647,
        148726, 125053, 138149, 138315, 141422,  76351,  76598,  59904, 148285,
         70903, 165759,  39375, 136221, 140976,  63383,  42932,  75075,  71850,
         73993,  30102,  65808,  62714,  45851,  95186,  36002,  74863,  64652,
        161830, 145444, 126027,  60679,  73713,  93896, 146527, 169172, 114189,
         95782,  93842, 148869, 112848,  68654,   4485, 168944, 140981,  72175,
         45679,  20436,   7628, 115596, 130154, 135469,  14337,  63022,  17599,
        122842, 103833,  45706,  81303,  13852,  81871, 114723, 142817,  28988,
         48225,  21674,  34318, 111176, 158279, 146881,  34991,  76669,  13346,
         17731, 138128, 136891, 117554,  40123,  52955, 103517, 141078,  75105,
         82512, 168762, 139593, 118896,  12297, 138395,  64922,  55710,  22340,
         76111,  93384, 111925,   5010,  13015, 116348, 150061, 130103, 141021,
         64826, 144901, 106175,  92109,  89940,  71933, 144027,  36882,  41628,
         55044,  12828,  41681,  14340,  23638, 144925,  62265,  35737, 155976,
        161925,  63089, 135644, 164665,   9848, 124525,  66260,  78580,  66041,
          4226, 128942,  52300,  86426, 146623,  42022,  64582,  63272, 144613,
         12980,  93063, 146301, 166120, 109587, 144883,  58222, 119761, 126871,
        112989,  47264,  44224,  76605, 125250,  85029, 139694, 119661,  82517,
         10258,   5687,  86843,  93827,  30524, 146837, 142859,   3796, 104188,
         59645, 150266,  63460, 152939, 132153,  87353, 155538,  28127,  86437,
           591,  14225, 111064,  72841,  91588, 121367, 129042,  82694, 139395,
        116755,  46308,  15022,  85320,  72395, 143355, 128020,  15828, 143322,
         55075,  51976,  81577,  12925,  52480,  77357, 123824, 117210, 101747,
         38371,  89521, 120166,  15685,  29096,  24361,   9035, 130319,   6402,
         54168, 138793,  78393,  97894,  85421, 150077, 147429,  30273,  47541,
        101610, 157814,  45601, 169188, 146774,  52883,  71248, 152946,  56090,
         48566,  94860,  87246, 155373,  48973, 147804,  56436,  69861, 158491,
        124225, 157846,  36579,  12832, 105166,  49721, 128954, 148078,  56062,
        130915,  28744, 155979,  93417,  88471,  39751,  44343,  12516,  53050,
         23226,  28658,  22922, 139240, 113205,  27673,  41397,  99820,  40770,
         52043, 140123,   8016, 110285,   9523, 141587,  42198,  41116,  56625,
         49108, 145426, 143510,  78940,  39641, 103830,  28317, 137361, 113738,
         95930,  43828,  59183,  10174, 100999,  73621,  70772, 168782,    316,
         63065,   1216, 150717, 142054,  43635,  42956, 104683, 153366,  55743,
        159972,  50428,  97269,  99636,  86383, 167276,  30354, 109791, 108465,
         33452, 167353, 132780, 148658, 140035,  90596,  92925, 148665, 127724,
         12927,  19694, 108961], device='cuda:2')
tensor([     1,      2,      3,  ..., 169334, 169336, 169338], device='cuda:2')
Epoch 0, loss_inner: 3.74859, loss_target: 3.62873, homo loss: 0.80466 
acc_train_clean: 0.0089, ASR_train_attach: 0.0000, ASR_train_outter: 0.0000
Epoch 10, loss_inner: 3.04287, loss_target: 3.08286, homo loss: 0.00507 
acc_train_clean: 0.2746, ASR_train_attach: 0.0000, ASR_train_outter: 0.0000
Epoch 20, loss_inner: 2.78337, loss_target: 2.75861, homo loss: 0.00077 
acc_train_clean: 0.2875, ASR_train_attach: 0.0000, ASR_train_outter: 0.0000
Epoch 30, loss_inner: 2.47575, loss_target: 2.42913, homo loss: 0.00053 
acc_train_clean: 0.3564, ASR_train_attach: 0.1625, ASR_train_outter: 0.4123
Epoch 40, loss_inner: 2.16079, loss_target: 2.11036, homo loss: 0.00038 
acc_train_clean: 0.4408, ASR_train_attach: 0.9354, ASR_train_outter: 0.9073
Epoch 50, loss_inner: 1.90705, loss_target: 1.86289, homo loss: 0.00050 
acc_train_clean: 0.5048, ASR_train_attach: 0.9854, ASR_train_outter: 0.9657
Epoch 60, loss_inner: 1.72254, loss_target: 1.68802, homo loss: 0.00042 
acc_train_clean: 0.5371, ASR_train_attach: 0.9583, ASR_train_outter: 0.9506
Epoch 70, loss_inner: 1.59315, loss_target: 1.56364, homo loss: 0.00036 
acc_train_clean: 0.5639, ASR_train_attach: 0.9854, ASR_train_outter: 0.9698
Epoch 80, loss_inner: 1.49264, loss_target: 1.46590, homo loss: 0.00028 
acc_train_clean: 0.5879, ASR_train_attach: 0.9917, ASR_train_outter: 0.9798
Epoch 90, loss_inner: 1.41736, loss_target: 1.39419, homo loss: 0.00018 
acc_train_clean: 0.6039, ASR_train_attach: 0.9896, ASR_train_outter: 0.9778
Epoch 100, loss_inner: 1.36419, loss_target: 1.34361, homo loss: 0.00010 
acc_train_clean: 0.6139, ASR_train_attach: 0.9979, ASR_train_outter: 0.9839
Epoch 110, loss_inner: 1.32556, loss_target: 1.30629, homo loss: 0.00005 
acc_train_clean: 0.6211, ASR_train_attach: 0.9979, ASR_train_outter: 0.9879
Epoch 120, loss_inner: 1.29658, loss_target: 1.27812, homo loss: 0.00001 
acc_train_clean: 0.6269, ASR_train_attach: 0.9979, ASR_train_outter: 0.9879
Epoch 130, loss_inner: 1.27458, loss_target: 1.25676, homo loss: 0.00002 
acc_train_clean: 0.6308, ASR_train_attach: 0.9979, ASR_train_outter: 0.9889
Epoch 140, loss_inner: 1.25734, loss_target: 1.24024, homo loss: 0.00003 
acc_train_clean: 0.6346, ASR_train_attach: 1.0000, ASR_train_outter: 0.9889
Epoch 150, loss_inner: 1.24379, loss_target: 1.22702, homo loss: 0.00002 
acc_train_clean: 0.6384, ASR_train_attach: 0.9979, ASR_train_outter: 0.9859
Epoch 160, loss_inner: 1.23197, loss_target: 1.21514, homo loss: 0.00001 
acc_train_clean: 0.6407, ASR_train_attach: 1.0000, ASR_train_outter: 0.9909
Epoch 170, loss_inner: 1.22246, loss_target: 1.20656, homo loss: 0.00009 
acc_train_clean: 0.6431, ASR_train_attach: 0.9896, ASR_train_outter: 0.9819
Epoch 180, loss_inner: 1.21336, loss_target: 1.19696, homo loss: 0.00001 
acc_train_clean: 0.6455, ASR_train_attach: 1.0000, ASR_train_outter: 0.9929
Epoch 190, loss_inner: 1.20312, loss_target: 1.18648, homo loss: 0.00000 
acc_train_clean: 0.6483, ASR_train_attach: 1.0000, ASR_train_outter: 0.9940
Epoch 200, loss_inner: 1.19162, loss_target: 1.17434, homo loss: 0.00000 
acc_train_clean: 0.6506, ASR_train_attach: 1.0000, ASR_train_outter: 0.9940
Epoch 210, loss_inner: 1.18090, loss_target: 1.16453, homo loss: 0.00000 
acc_train_clean: 0.6528, ASR_train_attach: 1.0000, ASR_train_outter: 0.9940
Epoch 220, loss_inner: 1.17335, loss_target: 1.15718, homo loss: 0.00000 
acc_train_clean: 0.6539, ASR_train_attach: 1.0000, ASR_train_outter: 0.9940
Epoch 230, loss_inner: 1.16796, loss_target: 1.15231, homo loss: 0.00000 
acc_train_clean: 0.6549, ASR_train_attach: 1.0000, ASR_train_outter: 0.9929
Epoch 240, loss_inner: 1.16359, loss_target: 1.14811, homo loss: 0.00001 
acc_train_clean: 0.6560, ASR_train_attach: 1.0000, ASR_train_outter: 0.9929
Epoch 250, loss_inner: 1.15954, loss_target: 1.14389, homo loss: 0.00002 
acc_train_clean: 0.6574, ASR_train_attach: 1.0000, ASR_train_outter: 0.9940
Epoch 260, loss_inner: 1.15597, loss_target: 1.14027, homo loss: 0.00001 
acc_train_clean: 0.6581, ASR_train_attach: 1.0000, ASR_train_outter: 0.9950
Epoch 270, loss_inner: 1.15227, loss_target: 1.13653, homo loss: 0.00001 
acc_train_clean: 0.6591, ASR_train_attach: 1.0000, ASR_train_outter: 0.9950
Epoch 280, loss_inner: 1.14754, loss_target: 1.13171, homo loss: 0.00000 
acc_train_clean: 0.6599, ASR_train_attach: 1.0000, ASR_train_outter: 0.9950
Epoch 290, loss_inner: 1.14044, loss_target: 1.12452, homo loss: 0.00000 
acc_train_clean: 0.6629, ASR_train_attach: 1.0000, ASR_train_outter: 0.9950
Epoch 300, loss_inner: 1.13578, loss_target: 1.12000, homo loss: 0.00001 
acc_train_clean: 0.6646, ASR_train_attach: 1.0000, ASR_train_outter: 0.9950
Epoch 310, loss_inner: 1.13196, loss_target: 1.11671, homo loss: 0.00001 
acc_train_clean: 0.6657, ASR_train_attach: 1.0000, ASR_train_outter: 0.9929
Epoch 320, loss_inner: 1.26127, loss_target: 1.22379, homo loss: 0.00038 
acc_train_clean: 0.6292, ASR_train_attach: 1.0000, ASR_train_outter: 0.9899
Epoch 330, loss_inner: 1.19638, loss_target: 1.19403, homo loss: 0.00784 
acc_train_clean: 0.6501, ASR_train_attach: 0.9938, ASR_train_outter: 0.9889
Epoch 340, loss_inner: 1.17671, loss_target: 1.20721, homo loss: 0.00086 
acc_train_clean: 0.6540, ASR_train_attach: 1.0000, ASR_train_outter: 0.9980
Epoch 350, loss_inner: 1.15159, loss_target: 1.15894, homo loss: 0.00076 
acc_train_clean: 0.6602, ASR_train_attach: 1.0000, ASR_train_outter: 0.9990
Epoch 360, loss_inner: 1.13922, loss_target: 1.14143, homo loss: 0.00060 
acc_train_clean: 0.6638, ASR_train_attach: 1.0000, ASR_train_outter: 0.9980
Epoch 370, loss_inner: 1.13434, loss_target: 1.13395, homo loss: 0.00051 
acc_train_clean: 0.6647, ASR_train_attach: 1.0000, ASR_train_outter: 0.9980
Epoch 380, loss_inner: 1.13069, loss_target: 1.12637, homo loss: 0.00048 
acc_train_clean: 0.6661, ASR_train_attach: 1.0000, ASR_train_outter: 0.9980
Epoch 390, loss_inner: 1.12824, loss_target: 1.12245, homo loss: 0.00047 
acc_train_clean: 0.6670, ASR_train_attach: 1.0000, ASR_train_outter: 0.9980
Epoch 400, loss_inner: 1.12612, loss_target: 1.11948, homo loss: 0.00046 
acc_train_clean: 0.6666, ASR_train_attach: 1.0000, ASR_train_outter: 0.9980
Epoch 410, loss_inner: 1.12446, loss_target: 1.11796, homo loss: 0.00046 
acc_train_clean: 0.6677, ASR_train_attach: 1.0000, ASR_train_outter: 0.9980
Epoch 420, loss_inner: 1.12294, loss_target: 1.11638, homo loss: 0.00046 
acc_train_clean: 0.6684, ASR_train_attach: 1.0000, ASR_train_outter: 0.9980
Epoch 430, loss_inner: 1.12158, loss_target: 1.11490, homo loss: 0.00046 
acc_train_clean: 0.6684, ASR_train_attach: 1.0000, ASR_train_outter: 0.9990
Epoch 440, loss_inner: 1.12032, loss_target: 1.11356, homo loss: 0.00046 
acc_train_clean: 0.6690, ASR_train_attach: 1.0000, ASR_train_outter: 0.9990
Epoch 450, loss_inner: 1.11913, loss_target: 1.11232, homo loss: 0.00047 
acc_train_clean: 0.6695, ASR_train_attach: 1.0000, ASR_train_outter: 0.9990
Epoch 460, loss_inner: 1.11801, loss_target: 1.11114, homo loss: 0.00047 
acc_train_clean: 0.6697, ASR_train_attach: 1.0000, ASR_train_outter: 0.9990
Epoch 470, loss_inner: 1.11693, loss_target: 1.11003, homo loss: 0.00047 
acc_train_clean: 0.6698, ASR_train_attach: 1.0000, ASR_train_outter: 0.9990
Epoch 480, loss_inner: 1.11589, loss_target: 1.10896, homo loss: 0.00047 
acc_train_clean: 0.6702, ASR_train_attach: 1.0000, ASR_train_outter: 0.9990
Epoch 490, loss_inner: 1.11487, loss_target: 1.10787, homo loss: 0.00047 
acc_train_clean: 0.6704, ASR_train_attach: 1.0000, ASR_train_outter: 0.9990
Epoch 500, loss_inner: 1.11385, loss_target: 1.10681, homo loss: 0.00048 
acc_train_clean: 0.6708, ASR_train_attach: 1.0000, ASR_train_outter: 0.9990
Epoch 510, loss_inner: 1.11285, loss_target: 1.10576, homo loss: 0.00048 
acc_train_clean: 0.6711, ASR_train_attach: 1.0000, ASR_train_outter: 0.9990
Epoch 520, loss_inner: 1.11185, loss_target: 1.10473, homo loss: 0.00048 
acc_train_clean: 0.6719, ASR_train_attach: 1.0000, ASR_train_outter: 0.9990
Epoch 530, loss_inner: 1.11086, loss_target: 1.10367, homo loss: 0.00048 
acc_train_clean: 0.6722, ASR_train_attach: 1.0000, ASR_train_outter: 0.9990
Epoch 540, loss_inner: 1.10987, loss_target: 1.10269, homo loss: 0.00048 
acc_train_clean: 0.6724, ASR_train_attach: 1.0000, ASR_train_outter: 0.9990
Epoch 550, loss_inner: 1.10890, loss_target: 1.10169, homo loss: 0.00049 
acc_train_clean: 0.6729, ASR_train_attach: 1.0000, ASR_train_outter: 0.9990
Epoch 560, loss_inner: 1.10795, loss_target: 1.10074, homo loss: 0.00049 
acc_train_clean: 0.6732, ASR_train_attach: 1.0000, ASR_train_outter: 0.9990
Epoch 570, loss_inner: 1.10703, loss_target: 1.09983, homo loss: 0.00049 
acc_train_clean: 0.6733, ASR_train_attach: 1.0000, ASR_train_outter: 0.9990
Epoch 580, loss_inner: 1.10615, loss_target: 1.09902, homo loss: 0.00049 
acc_train_clean: 0.6738, ASR_train_attach: 1.0000, ASR_train_outter: 0.9990
Epoch 590, loss_inner: 1.10533, loss_target: 1.09823, homo loss: 0.00049 
acc_train_clean: 0.6739, ASR_train_attach: 1.0000, ASR_train_outter: 0.9990
Epoch 600, loss_inner: 1.10455, loss_target: 1.09756, homo loss: 0.00049 
acc_train_clean: 0.6739, ASR_train_attach: 1.0000, ASR_train_outter: 0.9990
Epoch 610, loss_inner: 1.10382, loss_target: 1.09692, homo loss: 0.00050 
acc_train_clean: 0.6742, ASR_train_attach: 1.0000, ASR_train_outter: 0.9990
Epoch 620, loss_inner: 1.10312, loss_target: 1.09637, homo loss: 0.00050 
acc_train_clean: 0.6743, ASR_train_attach: 1.0000, ASR_train_outter: 1.0000
Epoch 630, loss_inner: 1.10248, loss_target: 1.09585, homo loss: 0.00050 
acc_train_clean: 0.6742, ASR_train_attach: 1.0000, ASR_train_outter: 1.0000
Epoch 640, loss_inner: 1.10186, loss_target: 1.09531, homo loss: 0.00050 
acc_train_clean: 0.6745, ASR_train_attach: 1.0000, ASR_train_outter: 1.0000
Epoch 650, loss_inner: 1.10126, loss_target: 1.09481, homo loss: 0.00050 
acc_train_clean: 0.6746, ASR_train_attach: 1.0000, ASR_train_outter: 1.0000
Epoch 660, loss_inner: 1.10069, loss_target: 1.09441, homo loss: 0.00050 
acc_train_clean: 0.6749, ASR_train_attach: 1.0000, ASR_train_outter: 1.0000
Epoch 670, loss_inner: 1.10015, loss_target: 1.09404, homo loss: 0.00051 
acc_train_clean: 0.6752, ASR_train_attach: 1.0000, ASR_train_outter: 1.0000
Epoch 680, loss_inner: 1.09964, loss_target: 1.09366, homo loss: 0.00051 
acc_train_clean: 0.6753, ASR_train_attach: 1.0000, ASR_train_outter: 1.0000
Epoch 690, loss_inner: 1.09916, loss_target: 1.09331, homo loss: 0.00051 
acc_train_clean: 0.6757, ASR_train_attach: 1.0000, ASR_train_outter: 1.0000
Epoch 700, loss_inner: 1.09878, loss_target: 1.09313, homo loss: 0.00051 
acc_train_clean: 0.6759, ASR_train_attach: 1.0000, ASR_train_outter: 1.0000
Epoch 710, loss_inner: 1.09828, loss_target: 1.09275, homo loss: 0.00051 
acc_train_clean: 0.6756, ASR_train_attach: 1.0000, ASR_train_outter: 1.0000
Epoch 720, loss_inner: 1.09783, loss_target: 1.09249, homo loss: 0.00052 
acc_train_clean: 0.6757, ASR_train_attach: 1.0000, ASR_train_outter: 1.0000
Epoch 730, loss_inner: 1.09758, loss_target: 1.09263, homo loss: 0.00052 
acc_train_clean: 0.6757, ASR_train_attach: 1.0000, ASR_train_outter: 1.0000
Epoch 740, loss_inner: 1.09712, loss_target: 1.09226, homo loss: 0.00052 
acc_train_clean: 0.6757, ASR_train_attach: 1.0000, ASR_train_outter: 1.0000
Epoch 750, loss_inner: 1.09748, loss_target: 1.09477, homo loss: 0.00052 
acc_train_clean: 0.6747, ASR_train_attach: 1.0000, ASR_train_outter: 1.0000
Epoch 760, loss_inner: 1.09789, loss_target: 1.09922, homo loss: 0.00053 
acc_train_clean: 0.6750, ASR_train_attach: 1.0000, ASR_train_outter: 1.0000
Epoch 770, loss_inner: 1.10667, loss_target: 1.12625, homo loss: 0.00053 
acc_train_clean: 0.6741, ASR_train_attach: 1.0000, ASR_train_outter: 0.9990
Epoch 780, loss_inner: 1.15349, loss_target: 1.22602, homo loss: 0.00054 
acc_train_clean: 0.6657, ASR_train_attach: 1.0000, ASR_train_outter: 1.0000
Epoch 790, loss_inner: 1.17154, loss_target: 1.41279, homo loss: 0.00064 
acc_train_clean: 0.6592, ASR_train_attach: 1.0000, ASR_train_outter: 1.0000
load best weight based on the loss outter
precent of left attach nodes: 0.198
Namespace(cuda=True, dataset='ogbn-arxiv', debug=True, defense_mode='isolate', device_id=2, dis_weight=0.0, dropout=0.5, epochs=200, evaluate_mode='1by1', hidden=32, homo_boost_thrd=0.8, homo_loss_weight=200.0, inner=1, lr=0.01, model='GCN', no_cuda=False, prune_thr=0.8, seed=265, selection_method='cluster_degree', target_class=0, target_loss_weight=1, test_model='GCN', thrd=0.5, train_lr=0.01, trigger_size=3, trojan_epochs=800, use_vs_number=True, vs_number=480, vs_ratio=0, weight_decay=0.0005)
target class rate on Vs: 0.9938
accuracy on clean test nodes: 0.6258
Overall ASR: 0.9377
Flip ASR: 0.9375/16875 nodes
Namespace(cuda=True, dataset='ogbn-arxiv', debug=True, defense_mode='isolate', device_id=2, dis_weight=0.0, dropout=0.5, epochs=200, evaluate_mode='1by1', hidden=32, homo_boost_thrd=0.8, homo_loss_weight=200.0, inner=1, lr=0.01, model='GCN', no_cuda=False, prune_thr=0.8, seed=125, selection_method='cluster_degree', target_class=0, target_loss_weight=1, test_model='GCN', thrd=0.5, train_lr=0.01, trigger_size=3, trojan_epochs=800, use_vs_number=True, vs_number=480, vs_ratio=0, weight_decay=0.0005)
target class rate on Vs: 0.9938
accuracy on clean test nodes: 0.6330
Overall ASR: 0.9383
Flip ASR: 0.9382/16875 nodes
Namespace(cuda=True, dataset='ogbn-arxiv', debug=True, defense_mode='isolate', device_id=2, dis_weight=0.0, dropout=0.5, epochs=200, evaluate_mode='1by1', hidden=32, homo_boost_thrd=0.8, homo_loss_weight=200.0, inner=1, lr=0.01, model='GCN', no_cuda=False, prune_thr=0.8, seed=996, selection_method='cluster_degree', target_class=0, target_loss_weight=1, test_model='GCN', thrd=0.5, train_lr=0.01, trigger_size=3, trojan_epochs=800, use_vs_number=True, vs_number=480, vs_ratio=0, weight_decay=0.0005)
target class rate on Vs: 0.9938
accuracy on clean test nodes: 0.6328
Overall ASR: 0.9386
Flip ASR: 0.9385/16875 nodes
Namespace(cuda=True, dataset='ogbn-arxiv', debug=True, defense_mode='isolate', device_id=2, dis_weight=0.0, dropout=0.5, epochs=200, evaluate_mode='1by1', hidden=32, homo_boost_thrd=0.8, homo_loss_weight=200.0, inner=1, lr=0.01, model='GCN', no_cuda=False, prune_thr=0.8, seed=527, selection_method='cluster_degree', target_class=0, target_loss_weight=1, test_model='GCN', thrd=0.5, train_lr=0.01, trigger_size=3, trojan_epochs=800, use_vs_number=True, vs_number=480, vs_ratio=0, weight_decay=0.0005)
target class rate on Vs: 0.9938
accuracy on clean test nodes: 0.6345
Overall ASR: 0.9370
Flip ASR: 0.9368/16875 nodes
Namespace(cuda=True, dataset='ogbn-arxiv', debug=True, defense_mode='isolate', device_id=2, dis_weight=0.0, dropout=0.5, epochs=200, evaluate_mode='1by1', hidden=32, homo_boost_thrd=0.8, homo_loss_weight=200.0, inner=1, lr=0.01, model='GCN', no_cuda=False, prune_thr=0.8, seed=320, selection_method='cluster_degree', target_class=0, target_loss_weight=1, test_model='GCN', thrd=0.5, train_lr=0.01, trigger_size=3, trojan_epochs=800, use_vs_number=True, vs_number=480, vs_ratio=0, weight_decay=0.0005)
target class rate on Vs: 0.9938
accuracy on clean test nodes: 0.6251
Overall ASR: 0.9417
Flip ASR: 0.9415/16875 nodes
Overall ASR: 0.9387 (GCN model, Seed: 320)
Overall Clean Accuracy: 0.6302
Namespace(cuda=True, dataset='ogbn-arxiv', debug=True, defense_mode='isolate', device_id=2, dis_weight=0.0, dropout=0.5, epochs=200, evaluate_mode='1by1', hidden=32, homo_boost_thrd=0.8, homo_loss_weight=200.0, inner=1, lr=0.01, model='GCN', no_cuda=False, prune_thr=0.8, seed=781, selection_method='cluster_degree', target_class=0, target_loss_weight=1, test_model='GAT', thrd=0.5, train_lr=0.01, trigger_size=3, trojan_epochs=800, use_vs_number=True, vs_number=480, vs_ratio=0, weight_decay=0.0005)
/home/project-graph-backdoor/Backdoor/models/GAT.py:61: UserWarning: To copy construct from a tensor, it is recommended to use sourceTensor.clone().detach() or sourceTensor.clone().detach().requires_grad_(True), rather than torch.tensor(sourceTensor).
  self.labels = torch.tensor(labels, dtype=torch.long)
target class rate on Vs: 0.9938
accuracy on clean test nodes: 0.6393
Overall ASR: 0.9500
Flip ASR: 0.9499/16875 nodes
Namespace(cuda=True, dataset='ogbn-arxiv', debug=True, defense_mode='isolate', device_id=2, dis_weight=0.0, dropout=0.5, epochs=200, evaluate_mode='1by1', hidden=32, homo_boost_thrd=0.8, homo_loss_weight=200.0, inner=1, lr=0.01, model='GCN', no_cuda=False, prune_thr=0.8, seed=706, selection_method='cluster_degree', target_class=0, target_loss_weight=1, test_model='GAT', thrd=0.5, train_lr=0.01, trigger_size=3, trojan_epochs=800, use_vs_number=True, vs_number=480, vs_ratio=0, weight_decay=0.0005)
target class rate on Vs: 0.9938
accuracy on clean test nodes: 0.6365
Overall ASR: 0.9500
Flip ASR: 0.9499/16875 nodes
Namespace(cuda=True, dataset='ogbn-arxiv', debug=True, defense_mode='isolate', device_id=2, dis_weight=0.0, dropout=0.5, epochs=200, evaluate_mode='1by1', hidden=32, homo_boost_thrd=0.8, homo_loss_weight=200.0, inner=1, lr=0.01, model='GCN', no_cuda=False, prune_thr=0.8, seed=778, selection_method='cluster_degree', target_class=0, target_loss_weight=1, test_model='GAT', thrd=0.5, train_lr=0.01, trigger_size=3, trojan_epochs=800, use_vs_number=True, vs_number=480, vs_ratio=0, weight_decay=0.0005)
target class rate on Vs: 0.9938
accuracy on clean test nodes: 0.6391
Overall ASR: 0.9501
Flip ASR: 0.9500/16875 nodes
Namespace(cuda=True, dataset='ogbn-arxiv', debug=True, defense_mode='isolate', device_id=2, dis_weight=0.0, dropout=0.5, epochs=200, evaluate_mode='1by1', hidden=32, homo_boost_thrd=0.8, homo_loss_weight=200.0, inner=1, lr=0.01, model='GCN', no_cuda=False, prune_thr=0.8, seed=604, selection_method='cluster_degree', target_class=0, target_loss_weight=1, test_model='GAT', thrd=0.5, train_lr=0.01, trigger_size=3, trojan_epochs=800, use_vs_number=True, vs_number=480, vs_ratio=0, weight_decay=0.0005)
target class rate on Vs: 0.9938
accuracy on clean test nodes: 0.6365
Overall ASR: 0.9500
Flip ASR: 0.9499/16875 nodes
Namespace(cuda=True, dataset='ogbn-arxiv', debug=True, defense_mode='isolate', device_id=2, dis_weight=0.0, dropout=0.5, epochs=200, evaluate_mode='1by1', hidden=32, homo_boost_thrd=0.8, homo_loss_weight=200.0, inner=1, lr=0.01, model='GCN', no_cuda=False, prune_thr=0.8, seed=133, selection_method='cluster_degree', target_class=0, target_loss_weight=1, test_model='GAT', thrd=0.5, train_lr=0.01, trigger_size=3, trojan_epochs=800, use_vs_number=True, vs_number=480, vs_ratio=0, weight_decay=0.0005)
target class rate on Vs: 0.9938
accuracy on clean test nodes: 0.6389
Overall ASR: 0.9500
Flip ASR: 0.9499/16875 nodes
Overall ASR: 0.9501 (GAT model, Seed: 133)
Overall Clean Accuracy: 0.6381
Namespace(cuda=True, dataset='ogbn-arxiv', debug=True, defense_mode='isolate', device_id=2, dis_weight=0.0, dropout=0.5, epochs=200, evaluate_mode='1by1', hidden=32, homo_boost_thrd=0.8, homo_loss_weight=200.0, inner=1, lr=0.01, model='GCN', no_cuda=False, prune_thr=0.8, seed=673, selection_method='cluster_degree', target_class=0, target_loss_weight=1, test_model='GraphSage', thrd=0.5, train_lr=0.01, trigger_size=3, trojan_epochs=800, use_vs_number=True, vs_number=480, vs_ratio=0, weight_decay=0.0005)
target class rate on Vs: 0.9583
accuracy on clean test nodes: 0.6312
Overall ASR: 0.8657
Flip ASR: 0.8654/16875 nodes
Namespace(cuda=True, dataset='ogbn-arxiv', debug=True, defense_mode='isolate', device_id=2, dis_weight=0.0, dropout=0.5, epochs=200, evaluate_mode='1by1', hidden=32, homo_boost_thrd=0.8, homo_loss_weight=200.0, inner=1, lr=0.01, model='GCN', no_cuda=False, prune_thr=0.8, seed=904, selection_method='cluster_degree', target_class=0, target_loss_weight=1, test_model='GraphSage', thrd=0.5, train_lr=0.01, trigger_size=3, trojan_epochs=800, use_vs_number=True, vs_number=480, vs_ratio=0, weight_decay=0.0005)
target class rate on Vs: 0.9542
accuracy on clean test nodes: 0.6247
Overall ASR: 0.8661
Flip ASR: 0.8657/16875 nodes
Namespace(cuda=True, dataset='ogbn-arxiv', debug=True, defense_mode='isolate', device_id=2, dis_weight=0.0, dropout=0.5, epochs=200, evaluate_mode='1by1', hidden=32, homo_boost_thrd=0.8, homo_loss_weight=200.0, inner=1, lr=0.01, model='GCN', no_cuda=False, prune_thr=0.8, seed=56, selection_method='cluster_degree', target_class=0, target_loss_weight=1, test_model='GraphSage', thrd=0.5, train_lr=0.01, trigger_size=3, trojan_epochs=800, use_vs_number=True, vs_number=480, vs_ratio=0, weight_decay=0.0005)
target class rate on Vs: 0.9729
accuracy on clean test nodes: 0.6257
Overall ASR: 0.8753
Flip ASR: 0.8750/16875 nodes
Namespace(cuda=True, dataset='ogbn-arxiv', debug=True, defense_mode='isolate', device_id=2, dis_weight=0.0, dropout=0.5, epochs=200, evaluate_mode='1by1', hidden=32, homo_boost_thrd=0.8, homo_loss_weight=200.0, inner=1, lr=0.01, model='GCN', no_cuda=False, prune_thr=0.8, seed=1, selection_method='cluster_degree', target_class=0, target_loss_weight=1, test_model='GraphSage', thrd=0.5, train_lr=0.01, trigger_size=3, trojan_epochs=800, use_vs_number=True, vs_number=480, vs_ratio=0, weight_decay=0.0005)
target class rate on Vs: 0.9688
accuracy on clean test nodes: 0.6316
Overall ASR: 0.8776
Flip ASR: 0.8773/16875 nodes
Namespace(cuda=True, dataset='ogbn-arxiv', debug=True, defense_mode='isolate', device_id=2, dis_weight=0.0, dropout=0.5, epochs=200, evaluate_mode='1by1', hidden=32, homo_boost_thrd=0.8, homo_loss_weight=200.0, inner=1, lr=0.01, model='GCN', no_cuda=False, prune_thr=0.8, seed=694, selection_method='cluster_degree', target_class=0, target_loss_weight=1, test_model='GraphSage', thrd=0.5, train_lr=0.01, trigger_size=3, trojan_epochs=800, use_vs_number=True, vs_number=480, vs_ratio=0, weight_decay=0.0005)
target class rate on Vs: 0.9583
accuracy on clean test nodes: 0.6219
Overall ASR: 0.8673
Flip ASR: 0.8670/16875 nodes
Overall ASR: 0.8704 (GraphSage model, Seed: 694)
Overall Clean Accuracy: 0.6270
Total Overall ASR: 0.9197 
Total Clean Accuracy: 0.6318
