nohup: ignoring input
run_adaptive.py:8: DeprecationWarning: the imp module is deprecated in favour of importlib; see the module's documentation for alternative uses
  import imp
Namespace(cuda=True, dataset='ogbn-arxiv', debug=True, defense_mode='prune', device_id=0, dis_weight=0.0, dropout=0.5, epochs=200, evaluate_mode='1by1', hidden=32, homo_boost_thrd=0.8, homo_loss_weight=300.0, inner=1, lr=0.01, model='GCN', no_cuda=False, prune_thr=0.8, seed=10, selection_method='cluster_degree', target_class=0, target_loss_weight=1, test_model='GCN', thrd=0.5, train_lr=0.01, trigger_size=3, trojan_epochs=1000, use_vs_number=True, vs_number=480, vs_ratio=0, weight_decay=0.0005)
#Attach Nodes:480
./selected_nodes/ogbn-arxiv/Overall/seed10/nodes.txt
idx_attach: tensor([132437, 159342, 115859,  11103, 127522,  67544,  82569, 161886,  62976,
         13773,  68963, 144203,  19681,    750, 156733,  86828,  18909,  82685,
         81700, 164714, 103734,  65352,  47692,  14294, 153213,  78523,   1385,
         50714, 156839, 144199,  88403,  58221,  56228,  88511,  12909, 156645,
         93340, 136107,  80139,    622,   1438,   7666, 133129, 127534, 106596,
        102712,   4269,  55140, 125068, 152827, 135150,  23527,   3609,   6462,
        121168, 152542,   6165, 126338,  90948,  77520,  47397, 106658,  68636,
        109074,  69509, 138501,  13873,  20117,  83448,   3102, 143264,  91042,
         54237,  58770, 165138, 126351,  55671,  99141,  13704, 136218,  16458,
         43368, 146276,  31105, 112018,  77110, 104399,  46245, 147007,   5821,
         19313,  91731,  20583, 142204,  80573,   7668,  83587, 128743, 143180,
         91852,  75911,  65787, 153365, 126297,  39114, 104240,  77327,   4583,
           512,  48952,  28134,  38432,  10832,  61628, 127678, 138417, 147495,
         98345,  93057,  33697, 138811, 124659, 133488,  71285,  47676,   1298,
        167767,  47649, 124811,  39955,  70652, 138116,  94425, 163083,  21820,
        133451,  73518, 132097,  23608,  13837, 125639,  40347, 163907,   5087,
          6422, 119164, 165901,   5059,  83768,  27180, 100388,  35462, 116799,
          3703,   5670,  48904,  68159, 113552, 160597,  96989, 127472, 136647,
        148726, 125053, 138149, 138315, 141422,  76351,  76598,  59904, 148285,
         70903, 165759,  39375, 136221, 140976,  63383,  42932,  75075,  71850,
         73993,  30102,  65808,  62714,  45851,  95186,  36002,  74863,  64652,
        161830, 145444, 126027,  60679,  73713,  93896, 146527, 169172, 114189,
         95782,  93842, 148869, 112848,  68654,   4485, 168944, 140981,  72175,
         45679,  20436,   7628, 115596, 130154, 135469,  14337,  63022,  17599,
        122842, 103833,  45706,  81303,  13852,  81871, 114723, 142817,  28988,
         48225,  21674,  34318, 111176, 158279, 146881,  34991,  76669,  13346,
         17731, 138128, 136891, 117554,  40123,  52955, 103517, 141078,  75105,
         82512, 168762, 139593, 118896,  12297, 138395,  64922,  55710,  22340,
         76111,  93384, 111925,   5010,  13015, 116348, 150061, 130103, 141021,
         64826, 144901, 106175,  92109,  89940,  71933, 144027,  36882,  41628,
         55044,  12828,  41681,  14340,  23638, 144925,  62265,  35737, 155976,
        161925,  63089, 135644, 164665,   9848, 124525,  66260,  78580,  66041,
          4226, 128942,  52300,  86426, 146623,  42022,  64582,  63272, 144613,
         12980,  93063, 146301, 166120, 109587, 144883,  58222, 119761, 126871,
        112989,  47264,  44224,  76605, 125250,  85029, 139694, 119661,  82517,
         10258,   5687,  86843,  93827,  30524, 146837, 142859,   3796, 104188,
         59645, 150266,  63460, 152939, 132153,  87353, 155538,  28127,  86437,
           591,  14225, 111064,  72841,  91588, 121367, 129042,  82694, 139395,
        116755,  46308,  15022,  85320,  72395, 143355, 128020,  15828, 143322,
         55075,  51976,  81577,  12925,  52480,  77357, 123824, 117210, 101747,
         38371,  89521, 120166,  15685,  29096,  24361,   9035, 130319,   6402,
         54168, 138793,  78393,  97894,  85421, 150077, 147429,  30273,  47541,
        101610, 157814,  45601, 169188, 146774,  52883,  71248, 152946,  56090,
         48566,  94860,  87246, 155373,  48973, 147804,  56436,  69861, 158491,
        124225, 157846,  36579,  12832, 105166,  49721, 128954, 148078,  56062,
        130915,  28744, 155979,  93417,  88471,  39751,  44343,  12516,  53050,
         23226,  28658,  22922, 139240, 113205,  27673,  41397,  99820,  40770,
         52043, 140123,   8016, 110285,   9523, 141587,  42198,  41116,  56625,
         49108, 145426, 143510,  78940,  39641, 103830,  28317, 137361, 113738,
         95930,  43828,  59183,  10174, 100999,  73621,  70772, 168782,    316,
         63065,   1216, 150717, 142054,  43635,  42956, 104683, 153366,  55743,
        159972,  50428,  97269,  99636,  86383, 167276,  30354, 109791, 108465,
         33452, 167353, 132780, 148658, 140035,  90596,  92925, 148665, 127724,
         12927,  19694, 108961], device='cuda:0')
tensor([     1,      2,      3,  ..., 169334, 169336, 169338], device='cuda:0')
Epoch 0, loss_inner: 3.74859, loss_target: 3.63285, homo loss: 0.80559 
acc_train_clean: 0.0089, ASR_train_attach: 0.0000, ASR_train_outter: 0.0000
Epoch 10, loss_inner: 3.04140, loss_target: 3.14472, homo loss: 0.00627 
acc_train_clean: 0.2734, ASR_train_attach: 0.0000, ASR_train_outter: 0.0000
Epoch 20, loss_inner: 2.78127, loss_target: 2.76002, homo loss: 0.00113 
acc_train_clean: 0.2866, ASR_train_attach: 0.0000, ASR_train_outter: 0.0000
Epoch 30, loss_inner: 2.47316, loss_target: 2.41346, homo loss: 0.00067 
acc_train_clean: 0.3560, ASR_train_attach: 0.1104, ASR_train_outter: 0.3949
Epoch 40, loss_inner: 2.16097, loss_target: 2.08927, homo loss: 0.00052 
acc_train_clean: 0.4405, ASR_train_attach: 0.9229, ASR_train_outter: 0.8763
Epoch 50, loss_inner: 1.90882, loss_target: 1.84188, homo loss: 0.00061 
acc_train_clean: 0.5034, ASR_train_attach: 0.9667, ASR_train_outter: 0.9455
Epoch 60, loss_inner: 1.72283, loss_target: 1.66701, homo loss: 0.00053 
acc_train_clean: 0.5374, ASR_train_attach: 0.9708, ASR_train_outter: 0.9515
Epoch 70, loss_inner: 1.59404, loss_target: 1.54523, homo loss: 0.00037 
acc_train_clean: 0.5635, ASR_train_attach: 0.9833, ASR_train_outter: 0.9628
Epoch 80, loss_inner: 1.50190, loss_target: 1.45717, homo loss: 0.00023 
acc_train_clean: 0.5866, ASR_train_attach: 0.9875, ASR_train_outter: 0.9741
Epoch 90, loss_inner: 1.43099, loss_target: 1.38954, homo loss: 0.00016 
acc_train_clean: 0.6014, ASR_train_attach: 0.9875, ASR_train_outter: 0.9747
Epoch 100, loss_inner: 1.37172, loss_target: 1.33227, homo loss: 0.00011 
acc_train_clean: 0.6129, ASR_train_attach: 0.9917, ASR_train_outter: 0.9787
Epoch 110, loss_inner: 1.32719, loss_target: 1.28918, homo loss: 0.00009 
acc_train_clean: 0.6208, ASR_train_attach: 1.0000, ASR_train_outter: 0.9874
Epoch 120, loss_inner: 1.29252, loss_target: 1.25567, homo loss: 0.00007 
acc_train_clean: 0.6274, ASR_train_attach: 1.0000, ASR_train_outter: 0.9887
Epoch 130, loss_inner: 1.26158, loss_target: 1.22548, homo loss: 0.00006 
acc_train_clean: 0.6331, ASR_train_attach: 1.0000, ASR_train_outter: 0.9900
Epoch 140, loss_inner: 1.23780, loss_target: 1.20287, homo loss: 0.00007 
acc_train_clean: 0.6397, ASR_train_attach: 1.0000, ASR_train_outter: 0.9914
Epoch 150, loss_inner: 1.22105, loss_target: 1.18747, homo loss: 0.00003 
acc_train_clean: 0.6438, ASR_train_attach: 1.0000, ASR_train_outter: 0.9900
Epoch 160, loss_inner: 1.20952, loss_target: 1.17640, homo loss: 0.00005 
acc_train_clean: 0.6456, ASR_train_attach: 1.0000, ASR_train_outter: 0.9907
Epoch 170, loss_inner: 1.20063, loss_target: 1.16742, homo loss: 0.00002 
acc_train_clean: 0.6479, ASR_train_attach: 1.0000, ASR_train_outter: 0.9947
Epoch 180, loss_inner: 1.19342, loss_target: 1.16062, homo loss: 0.00003 
acc_train_clean: 0.6497, ASR_train_attach: 1.0000, ASR_train_outter: 0.9947
Epoch 190, loss_inner: 1.18701, loss_target: 1.15441, homo loss: 0.00002 
acc_train_clean: 0.6508, ASR_train_attach: 1.0000, ASR_train_outter: 0.9934
Epoch 200, loss_inner: 1.18149, loss_target: 1.14930, homo loss: 0.00003 
acc_train_clean: 0.6520, ASR_train_attach: 1.0000, ASR_train_outter: 0.9940
Epoch 210, loss_inner: 1.17620, loss_target: 1.14416, homo loss: 0.00002 
acc_train_clean: 0.6533, ASR_train_attach: 1.0000, ASR_train_outter: 0.9947
Epoch 220, loss_inner: 1.17135, loss_target: 1.13991, homo loss: 0.00004 
acc_train_clean: 0.6542, ASR_train_attach: 1.0000, ASR_train_outter: 0.9914
Epoch 230, loss_inner: 1.16678, loss_target: 1.13438, homo loss: 0.00001 
acc_train_clean: 0.6562, ASR_train_attach: 1.0000, ASR_train_outter: 0.9953
Epoch 240, loss_inner: 1.16252, loss_target: 1.13060, homo loss: 0.00001 
acc_train_clean: 0.6571, ASR_train_attach: 1.0000, ASR_train_outter: 0.9947
Epoch 250, loss_inner: 1.15861, loss_target: 1.12667, homo loss: 0.00002 
acc_train_clean: 0.6583, ASR_train_attach: 1.0000, ASR_train_outter: 0.9953
Epoch 260, loss_inner: 1.15479, loss_target: 1.12308, homo loss: 0.00001 
acc_train_clean: 0.6595, ASR_train_attach: 1.0000, ASR_train_outter: 0.9953
Epoch 270, loss_inner: 1.15140, loss_target: 1.12060, homo loss: 0.00019 
acc_train_clean: 0.6599, ASR_train_attach: 0.9979, ASR_train_outter: 0.9894
Epoch 280, loss_inner: 1.14751, loss_target: 1.11619, homo loss: 0.00010 
acc_train_clean: 0.6608, ASR_train_attach: 1.0000, ASR_train_outter: 0.9960
Epoch 290, loss_inner: 1.14207, loss_target: 1.11042, homo loss: 0.00001 
acc_train_clean: 0.6620, ASR_train_attach: 1.0000, ASR_train_outter: 0.9960
Epoch 300, loss_inner: 1.13513, loss_target: 1.10437, homo loss: 0.00000 
acc_train_clean: 0.6639, ASR_train_attach: 1.0000, ASR_train_outter: 0.9953
Epoch 310, loss_inner: 1.13020, loss_target: 1.09902, homo loss: 0.00000 
acc_train_clean: 0.6658, ASR_train_attach: 1.0000, ASR_train_outter: 0.9953
Epoch 320, loss_inner: 1.12701, loss_target: 1.09649, homo loss: 0.00000 
acc_train_clean: 0.6662, ASR_train_attach: 1.0000, ASR_train_outter: 0.9947
Epoch 330, loss_inner: 1.12409, loss_target: 1.09353, homo loss: 0.00000 
acc_train_clean: 0.6675, ASR_train_attach: 1.0000, ASR_train_outter: 0.9953
Epoch 340, loss_inner: 1.12227, loss_target: 1.09167, homo loss: 0.00001 
acc_train_clean: 0.6677, ASR_train_attach: 1.0000, ASR_train_outter: 0.9960
Epoch 350, loss_inner: 1.12039, loss_target: 1.09084, homo loss: 0.00021 
acc_train_clean: 0.6684, ASR_train_attach: 0.9979, ASR_train_outter: 0.9927
Epoch 360, loss_inner: 1.11919, loss_target: 1.09118, homo loss: 0.00024 
acc_train_clean: 0.6690, ASR_train_attach: 1.0000, ASR_train_outter: 0.9947
Epoch 370, loss_inner: 1.11682, loss_target: 1.08752, homo loss: 0.00013 
acc_train_clean: 0.6699, ASR_train_attach: 1.0000, ASR_train_outter: 0.9987
Epoch 380, loss_inner: 1.11496, loss_target: 1.08491, homo loss: 0.00001 
acc_train_clean: 0.6704, ASR_train_attach: 1.0000, ASR_train_outter: 0.9967
Epoch 390, loss_inner: 1.11341, loss_target: 1.08311, homo loss: 0.00000 
acc_train_clean: 0.6709, ASR_train_attach: 1.0000, ASR_train_outter: 0.9960
Epoch 400, loss_inner: 1.11205, loss_target: 1.08150, homo loss: 0.00000 
acc_train_clean: 0.6712, ASR_train_attach: 1.0000, ASR_train_outter: 0.9980
Epoch 410, loss_inner: 1.11123, loss_target: 1.08037, homo loss: 0.00000 
acc_train_clean: 0.6704, ASR_train_attach: 1.0000, ASR_train_outter: 0.9980
Epoch 420, loss_inner: 1.10984, loss_target: 1.07913, homo loss: 0.00000 
acc_train_clean: 0.6725, ASR_train_attach: 1.0000, ASR_train_outter: 0.9993
Epoch 430, loss_inner: 1.10872, loss_target: 1.07753, homo loss: 0.00000 
acc_train_clean: 0.6716, ASR_train_attach: 1.0000, ASR_train_outter: 0.9993
Epoch 440, loss_inner: 1.10763, loss_target: 1.07669, homo loss: 0.00001 
acc_train_clean: 0.6731, ASR_train_attach: 1.0000, ASR_train_outter: 0.9980
Epoch 450, loss_inner: 1.10650, loss_target: 1.07580, homo loss: 0.00003 
acc_train_clean: 0.6726, ASR_train_attach: 1.0000, ASR_train_outter: 0.9960
Epoch 460, loss_inner: 1.10579, loss_target: 1.07897, homo loss: 0.00032 
acc_train_clean: 0.6738, ASR_train_attach: 1.0000, ASR_train_outter: 0.9973
Epoch 470, loss_inner: 1.10511, loss_target: 1.07671, homo loss: 0.00020 
acc_train_clean: 0.6721, ASR_train_attach: 1.0000, ASR_train_outter: 0.9993
Epoch 480, loss_inner: 1.10512, loss_target: 1.07630, homo loss: 0.00004 
acc_train_clean: 0.6734, ASR_train_attach: 1.0000, ASR_train_outter: 0.9987
Epoch 490, loss_inner: 1.10384, loss_target: 1.07470, homo loss: 0.00001 
acc_train_clean: 0.6741, ASR_train_attach: 0.9979, ASR_train_outter: 0.9940
Epoch 500, loss_inner: 1.10249, loss_target: 1.07266, homo loss: 0.00000 
acc_train_clean: 0.6743, ASR_train_attach: 1.0000, ASR_train_outter: 0.9960
Epoch 510, loss_inner: 1.10164, loss_target: 1.07104, homo loss: 0.00000 
acc_train_clean: 0.6746, ASR_train_attach: 1.0000, ASR_train_outter: 0.9993
Epoch 520, loss_inner: 1.10078, loss_target: 1.07024, homo loss: 0.00000 
acc_train_clean: 0.6752, ASR_train_attach: 1.0000, ASR_train_outter: 0.9987
Epoch 530, loss_inner: 1.10007, loss_target: 1.06962, homo loss: 0.00000 
acc_train_clean: 0.6751, ASR_train_attach: 1.0000, ASR_train_outter: 0.9980
Epoch 540, loss_inner: 1.09942, loss_target: 1.06912, homo loss: 0.00001 
acc_train_clean: 0.6752, ASR_train_attach: 1.0000, ASR_train_outter: 0.9987
Epoch 550, loss_inner: 1.09872, loss_target: 1.06794, homo loss: 0.00002 
acc_train_clean: 0.6747, ASR_train_attach: 1.0000, ASR_train_outter: 0.9980
Epoch 560, loss_inner: 1.09971, loss_target: 1.07315, homo loss: 0.00014 
acc_train_clean: 0.6747, ASR_train_attach: 0.9854, ASR_train_outter: 0.9914
Epoch 570, loss_inner: 1.09975, loss_target: 1.07330, homo loss: 0.00020 
acc_train_clean: 0.6746, ASR_train_attach: 1.0000, ASR_train_outter: 0.9973
Epoch 580, loss_inner: 1.09727, loss_target: 1.06752, homo loss: 0.00002 
acc_train_clean: 0.6750, ASR_train_attach: 1.0000, ASR_train_outter: 0.9993
Epoch 590, loss_inner: 1.09669, loss_target: 1.06837, homo loss: 0.00002 
acc_train_clean: 0.6754, ASR_train_attach: 1.0000, ASR_train_outter: 0.9967
Epoch 600, loss_inner: 1.09639, loss_target: 1.07136, homo loss: 0.00030 
acc_train_clean: 0.6743, ASR_train_attach: 1.0000, ASR_train_outter: 1.0000
Epoch 610, loss_inner: 1.09584, loss_target: 1.07545, homo loss: 0.00036 
acc_train_clean: 0.6761, ASR_train_attach: 1.0000, ASR_train_outter: 1.0000
Epoch 620, loss_inner: 1.09514, loss_target: 1.07337, homo loss: 0.00032 
acc_train_clean: 0.6763, ASR_train_attach: 1.0000, ASR_train_outter: 1.0000
Epoch 630, loss_inner: 1.09431, loss_target: 1.06833, homo loss: 0.00023 
acc_train_clean: 0.6752, ASR_train_attach: 1.0000, ASR_train_outter: 1.0000
Epoch 640, loss_inner: 1.09352, loss_target: 1.06403, homo loss: 0.00003 
acc_train_clean: 0.6759, ASR_train_attach: 1.0000, ASR_train_outter: 1.0000
Epoch 650, loss_inner: 1.09348, loss_target: 1.06480, homo loss: 0.00001 
acc_train_clean: 0.6761, ASR_train_attach: 0.9875, ASR_train_outter: 0.9947
Epoch 660, loss_inner: 1.09440, loss_target: 1.06585, homo loss: 0.00001 
acc_train_clean: 0.6774, ASR_train_attach: 1.0000, ASR_train_outter: 0.9953
Epoch 670, loss_inner: 1.09237, loss_target: 1.06274, homo loss: 0.00003 
acc_train_clean: 0.6764, ASR_train_attach: 1.0000, ASR_train_outter: 0.9993
Epoch 680, loss_inner: 1.09176, loss_target: 1.06168, homo loss: 0.00002 
acc_train_clean: 0.6760, ASR_train_attach: 1.0000, ASR_train_outter: 0.9980
Epoch 690, loss_inner: 1.09114, loss_target: 1.06185, homo loss: 0.00002 
acc_train_clean: 0.6766, ASR_train_attach: 1.0000, ASR_train_outter: 1.0000
Epoch 700, loss_inner: 1.09139, loss_target: 1.06275, homo loss: 0.00003 
acc_train_clean: 0.6771, ASR_train_attach: 1.0000, ASR_train_outter: 1.0000
Epoch 710, loss_inner: 1.09585, loss_target: 1.07838, homo loss: 0.00021 
acc_train_clean: 0.6754, ASR_train_attach: 1.0000, ASR_train_outter: 1.0000
Epoch 720, loss_inner: 1.09175, loss_target: 1.06578, homo loss: 0.00006 
acc_train_clean: 0.6780, ASR_train_attach: 1.0000, ASR_train_outter: 1.0000
Epoch 730, loss_inner: 1.08984, loss_target: 1.06202, homo loss: 0.00005 
acc_train_clean: 0.6776, ASR_train_attach: 1.0000, ASR_train_outter: 0.9973
Epoch 740, loss_inner: 1.09050, loss_target: 1.06258, homo loss: 0.00005 
acc_train_clean: 0.6775, ASR_train_attach: 1.0000, ASR_train_outter: 1.0000
Epoch 750, loss_inner: 1.09082, loss_target: 1.06086, homo loss: 0.00001 
acc_train_clean: 0.6774, ASR_train_attach: 1.0000, ASR_train_outter: 0.9993
Epoch 760, loss_inner: 1.08883, loss_target: 1.05997, homo loss: 0.00002 
acc_train_clean: 0.6776, ASR_train_attach: 1.0000, ASR_train_outter: 1.0000
Epoch 770, loss_inner: 1.08901, loss_target: 1.06047, homo loss: 0.00002 
acc_train_clean: 0.6767, ASR_train_attach: 1.0000, ASR_train_outter: 0.9987
Epoch 780, loss_inner: 1.08857, loss_target: 1.05932, homo loss: 0.00002 
acc_train_clean: 0.6783, ASR_train_attach: 1.0000, ASR_train_outter: 0.9987
Epoch 790, loss_inner: 1.09102, loss_target: 1.07549, homo loss: 0.00021 
acc_train_clean: 0.6773, ASR_train_attach: 1.0000, ASR_train_outter: 1.0000
Epoch 800, loss_inner: 1.08892, loss_target: 1.06102, homo loss: 0.00005 
acc_train_clean: 0.6778, ASR_train_attach: 1.0000, ASR_train_outter: 1.0000
Epoch 810, loss_inner: 1.82513, loss_target: 2.14796, homo loss: 0.11109 
acc_train_clean: 0.5090, ASR_train_attach: 1.0000, ASR_train_outter: 1.0000
Epoch 820, loss_inner: 1.39245, loss_target: 3.15531, homo loss: 0.00396 
acc_train_clean: 0.6242, ASR_train_attach: 0.9417, ASR_train_outter: 0.0000
Epoch 830, loss_inner: 1.63753, loss_target: 2.68327, homo loss: 0.00403 
acc_train_clean: 0.5701, ASR_train_attach: 1.0000, ASR_train_outter: 1.0000
Epoch 840, loss_inner: 1.37536, loss_target: 2.26597, homo loss: 0.00269 
acc_train_clean: 0.6237, ASR_train_attach: 1.0000, ASR_train_outter: 1.0000
Epoch 850, loss_inner: 1.25585, loss_target: 1.91555, homo loss: 0.00212 
acc_train_clean: 0.6398, ASR_train_attach: 1.0000, ASR_train_outter: 1.0000
Epoch 860, loss_inner: 1.18601, loss_target: 1.58679, homo loss: 0.00182 
acc_train_clean: 0.6494, ASR_train_attach: 1.0000, ASR_train_outter: 1.0000
Epoch 870, loss_inner: 1.16251, loss_target: 1.45674, homo loss: 0.00160 
acc_train_clean: 0.6588, ASR_train_attach: 1.0000, ASR_train_outter: 1.0000
Epoch 880, loss_inner: 1.14811, loss_target: 1.36796, homo loss: 0.00148 
acc_train_clean: 0.6610, ASR_train_attach: 1.0000, ASR_train_outter: 1.0000
Epoch 890, loss_inner: 1.17072, loss_target: 1.50490, homo loss: 0.00157 
acc_train_clean: 0.6561, ASR_train_attach: 1.0000, ASR_train_outter: 1.0000
Epoch 900, loss_inner: 1.30440, loss_target: 2.13095, homo loss: 0.00300 
acc_train_clean: 0.6336, ASR_train_attach: 1.0000, ASR_train_outter: 1.0000
Epoch 910, loss_inner: 1.58528, loss_target: 4.41754, homo loss: 0.02238 
acc_train_clean: 0.5560, ASR_train_attach: 1.0000, ASR_train_outter: 0.0439
Epoch 920, loss_inner: 1.56110, loss_target: 4.68726, homo loss: 0.03471 
acc_train_clean: 0.5817, ASR_train_attach: 1.0000, ASR_train_outter: 1.0000
Epoch 930, loss_inner: 1.46679, loss_target: 3.82186, homo loss: 0.00864 
acc_train_clean: 0.6002, ASR_train_attach: 1.0000, ASR_train_outter: 1.0000
Epoch 940, loss_inner: 1.94150, loss_target: 10.18406, homo loss: 0.00424 
acc_train_clean: 0.4915, ASR_train_attach: 1.0000, ASR_train_outter: 0.0000
Epoch 950, loss_inner: 2.73560, loss_target: 6.65306, homo loss: 0.06485 
acc_train_clean: 0.4387, ASR_train_attach: 1.0000, ASR_train_outter: 0.5725
Epoch 960, loss_inner: 3.24080, loss_target: 25.24040, homo loss: 0.16213 
acc_train_clean: 0.3367, ASR_train_attach: 1.0000, ASR_train_outter: 0.0000
Epoch 970, loss_inner: 7.92436, loss_target: 30.74442, homo loss: 0.23583 
acc_train_clean: 0.2756, ASR_train_attach: 1.0000, ASR_train_outter: 1.0000
Epoch 980, loss_inner: 5.65216, loss_target: 28.66196, homo loss: 0.24648 
acc_train_clean: 0.4065, ASR_train_attach: 1.0000, ASR_train_outter: 1.0000
Epoch 990, loss_inner: 3.11689, loss_target: 23.99026, homo loss: 0.23847 
acc_train_clean: 0.5155, ASR_train_attach: 1.0000, ASR_train_outter: 1.0000
load best weight based on the loss outter
precent of left attach nodes: 1.000
Namespace(cuda=True, dataset='ogbn-arxiv', debug=True, defense_mode='prune', device_id=0, dis_weight=0.0, dropout=0.5, epochs=200, evaluate_mode='1by1', hidden=32, homo_boost_thrd=0.8, homo_loss_weight=300.0, inner=1, lr=0.01, model='GCN', no_cuda=False, prune_thr=0.8, seed=265, selection_method='cluster_degree', target_class=0, target_loss_weight=1, test_model='GCN', thrd=0.5, train_lr=0.01, trigger_size=3, trojan_epochs=1000, use_vs_number=True, vs_number=480, vs_ratio=0, weight_decay=0.0005)
target class rate on Vs: 0.9896
accuracy on clean test nodes: 0.6120
Overall ASR: 0.9449
Flip ASR: 0.9447/16875 nodes
Namespace(cuda=True, dataset='ogbn-arxiv', debug=True, defense_mode='prune', device_id=0, dis_weight=0.0, dropout=0.5, epochs=200, evaluate_mode='1by1', hidden=32, homo_boost_thrd=0.8, homo_loss_weight=300.0, inner=1, lr=0.01, model='GCN', no_cuda=False, prune_thr=0.8, seed=125, selection_method='cluster_degree', target_class=0, target_loss_weight=1, test_model='GCN', thrd=0.5, train_lr=0.01, trigger_size=3, trojan_epochs=1000, use_vs_number=True, vs_number=480, vs_ratio=0, weight_decay=0.0005)
target class rate on Vs: 0.9896
accuracy on clean test nodes: 0.6193
Overall ASR: 0.9474
Flip ASR: 0.9472/16875 nodes
Namespace(cuda=True, dataset='ogbn-arxiv', debug=True, defense_mode='prune', device_id=0, dis_weight=0.0, dropout=0.5, epochs=200, evaluate_mode='1by1', hidden=32, homo_boost_thrd=0.8, homo_loss_weight=300.0, inner=1, lr=0.01, model='GCN', no_cuda=False, prune_thr=0.8, seed=996, selection_method='cluster_degree', target_class=0, target_loss_weight=1, test_model='GCN', thrd=0.5, train_lr=0.01, trigger_size=3, trojan_epochs=1000, use_vs_number=True, vs_number=480, vs_ratio=0, weight_decay=0.0005)
target class rate on Vs: 0.9896
accuracy on clean test nodes: 0.6284
Overall ASR: 0.9461
Flip ASR: 0.9459/16875 nodes
Namespace(cuda=True, dataset='ogbn-arxiv', debug=True, defense_mode='prune', device_id=0, dis_weight=0.0, dropout=0.5, epochs=200, evaluate_mode='1by1', hidden=32, homo_boost_thrd=0.8, homo_loss_weight=300.0, inner=1, lr=0.01, model='GCN', no_cuda=False, prune_thr=0.8, seed=527, selection_method='cluster_degree', target_class=0, target_loss_weight=1, test_model='GCN', thrd=0.5, train_lr=0.01, trigger_size=3, trojan_epochs=1000, use_vs_number=True, vs_number=480, vs_ratio=0, weight_decay=0.0005)
target class rate on Vs: 0.9896
accuracy on clean test nodes: 0.6177
Overall ASR: 0.9470
Flip ASR: 0.9468/16875 nodes
Namespace(cuda=True, dataset='ogbn-arxiv', debug=True, defense_mode='prune', device_id=0, dis_weight=0.0, dropout=0.5, epochs=200, evaluate_mode='1by1', hidden=32, homo_boost_thrd=0.8, homo_loss_weight=300.0, inner=1, lr=0.01, model='GCN', no_cuda=False, prune_thr=0.8, seed=320, selection_method='cluster_degree', target_class=0, target_loss_weight=1, test_model='GCN', thrd=0.5, train_lr=0.01, trigger_size=3, trojan_epochs=1000, use_vs_number=True, vs_number=480, vs_ratio=0, weight_decay=0.0005)
target class rate on Vs: 0.9896
accuracy on clean test nodes: 0.6082
Overall ASR: 0.9428
Flip ASR: 0.9426/16875 nodes
Overall ASR: 0.9456 (GCN model, Seed: 320)
Overall Clean Accuracy: 0.6171
Namespace(cuda=True, dataset='ogbn-arxiv', debug=True, defense_mode='prune', device_id=0, dis_weight=0.0, dropout=0.5, epochs=200, evaluate_mode='1by1', hidden=32, homo_boost_thrd=0.8, homo_loss_weight=300.0, inner=1, lr=0.01, model='GCN', no_cuda=False, prune_thr=0.8, seed=781, selection_method='cluster_degree', target_class=0, target_loss_weight=1, test_model='GAT', thrd=0.5, train_lr=0.01, trigger_size=3, trojan_epochs=1000, use_vs_number=True, vs_number=480, vs_ratio=0, weight_decay=0.0005)
/home/project-graph-backdoor/Backdoor/models/GAT.py:61: UserWarning: To copy construct from a tensor, it is recommended to use sourceTensor.clone().detach() or sourceTensor.clone().detach().requires_grad_(True), rather than torch.tensor(sourceTensor).
  self.labels = torch.tensor(labels, dtype=torch.long)
target class rate on Vs: 0.9896
accuracy on clean test nodes: 0.6206
Overall ASR: 0.9497
Flip ASR: 0.9496/16875 nodes
Namespace(cuda=True, dataset='ogbn-arxiv', debug=True, defense_mode='prune', device_id=0, dis_weight=0.0, dropout=0.5, epochs=200, evaluate_mode='1by1', hidden=32, homo_boost_thrd=0.8, homo_loss_weight=300.0, inner=1, lr=0.01, model='GCN', no_cuda=False, prune_thr=0.8, seed=706, selection_method='cluster_degree', target_class=0, target_loss_weight=1, test_model='GAT', thrd=0.5, train_lr=0.01, trigger_size=3, trojan_epochs=1000, use_vs_number=True, vs_number=480, vs_ratio=0, weight_decay=0.0005)
target class rate on Vs: 0.9792
accuracy on clean test nodes: 0.6244
Overall ASR: 0.9056
Flip ASR: 0.9054/16875 nodes
Namespace(cuda=True, dataset='ogbn-arxiv', debug=True, defense_mode='prune', device_id=0, dis_weight=0.0, dropout=0.5, epochs=200, evaluate_mode='1by1', hidden=32, homo_boost_thrd=0.8, homo_loss_weight=300.0, inner=1, lr=0.01, model='GCN', no_cuda=False, prune_thr=0.8, seed=778, selection_method='cluster_degree', target_class=0, target_loss_weight=1, test_model='GAT', thrd=0.5, train_lr=0.01, trigger_size=3, trojan_epochs=1000, use_vs_number=True, vs_number=480, vs_ratio=0, weight_decay=0.0005)
target class rate on Vs: 0.9896
accuracy on clean test nodes: 0.6238
Overall ASR: 0.9497
Flip ASR: 0.9496/16875 nodes
Namespace(cuda=True, dataset='ogbn-arxiv', debug=True, defense_mode='prune', device_id=0, dis_weight=0.0, dropout=0.5, epochs=200, evaluate_mode='1by1', hidden=32, homo_boost_thrd=0.8, homo_loss_weight=300.0, inner=1, lr=0.01, model='GCN', no_cuda=False, prune_thr=0.8, seed=604, selection_method='cluster_degree', target_class=0, target_loss_weight=1, test_model='GAT', thrd=0.5, train_lr=0.01, trigger_size=3, trojan_epochs=1000, use_vs_number=True, vs_number=480, vs_ratio=0, weight_decay=0.0005)
target class rate on Vs: 0.9729
accuracy on clean test nodes: 0.6263
Overall ASR: 0.8959
Flip ASR: 0.8956/16875 nodes
Namespace(cuda=True, dataset='ogbn-arxiv', debug=True, defense_mode='prune', device_id=0, dis_weight=0.0, dropout=0.5, epochs=200, evaluate_mode='1by1', hidden=32, homo_boost_thrd=0.8, homo_loss_weight=300.0, inner=1, lr=0.01, model='GCN', no_cuda=False, prune_thr=0.8, seed=133, selection_method='cluster_degree', target_class=0, target_loss_weight=1, test_model='GAT', thrd=0.5, train_lr=0.01, trigger_size=3, trojan_epochs=1000, use_vs_number=True, vs_number=480, vs_ratio=0, weight_decay=0.0005)
target class rate on Vs: 0.9896
accuracy on clean test nodes: 0.6262
Overall ASR: 0.9498
Flip ASR: 0.9496/16875 nodes
Overall ASR: 0.9301 (GAT model, Seed: 133)
Overall Clean Accuracy: 0.6243
Namespace(cuda=True, dataset='ogbn-arxiv', debug=True, defense_mode='prune', device_id=0, dis_weight=0.0, dropout=0.5, epochs=200, evaluate_mode='1by1', hidden=32, homo_boost_thrd=0.8, homo_loss_weight=300.0, inner=1, lr=0.01, model='GCN', no_cuda=False, prune_thr=0.8, seed=673, selection_method='cluster_degree', target_class=0, target_loss_weight=1, test_model='GraphSage', thrd=0.5, train_lr=0.01, trigger_size=3, trojan_epochs=1000, use_vs_number=True, vs_number=480, vs_ratio=0, weight_decay=0.0005)
target class rate on Vs: 0.9896
accuracy on clean test nodes: 0.6225
Overall ASR: 0.9251
Flip ASR: 0.9249/16875 nodes
Namespace(cuda=True, dataset='ogbn-arxiv', debug=True, defense_mode='prune', device_id=0, dis_weight=0.0, dropout=0.5, epochs=200, evaluate_mode='1by1', hidden=32, homo_boost_thrd=0.8, homo_loss_weight=300.0, inner=1, lr=0.01, model='GCN', no_cuda=False, prune_thr=0.8, seed=904, selection_method='cluster_degree', target_class=0, target_loss_weight=1, test_model='GraphSage', thrd=0.5, train_lr=0.01, trigger_size=3, trojan_epochs=1000, use_vs_number=True, vs_number=480, vs_ratio=0, weight_decay=0.0005)
target class rate on Vs: 0.9896
accuracy on clean test nodes: 0.6300
Overall ASR: 0.9308
Flip ASR: 0.9306/16875 nodes
Namespace(cuda=True, dataset='ogbn-arxiv', debug=True, defense_mode='prune', device_id=0, dis_weight=0.0, dropout=0.5, epochs=200, evaluate_mode='1by1', hidden=32, homo_boost_thrd=0.8, homo_loss_weight=300.0, inner=1, lr=0.01, model='GCN', no_cuda=False, prune_thr=0.8, seed=56, selection_method='cluster_degree', target_class=0, target_loss_weight=1, test_model='GraphSage', thrd=0.5, train_lr=0.01, trigger_size=3, trojan_epochs=1000, use_vs_number=True, vs_number=480, vs_ratio=0, weight_decay=0.0005)
target class rate on Vs: 0.9896
accuracy on clean test nodes: 0.6288
Overall ASR: 0.9335
Flip ASR: 0.9333/16875 nodes
Namespace(cuda=True, dataset='ogbn-arxiv', debug=True, defense_mode='prune', device_id=0, dis_weight=0.0, dropout=0.5, epochs=200, evaluate_mode='1by1', hidden=32, homo_boost_thrd=0.8, homo_loss_weight=300.0, inner=1, lr=0.01, model='GCN', no_cuda=False, prune_thr=0.8, seed=1, selection_method='cluster_degree', target_class=0, target_loss_weight=1, test_model='GraphSage', thrd=0.5, train_lr=0.01, trigger_size=3, trojan_epochs=1000, use_vs_number=True, vs_number=480, vs_ratio=0, weight_decay=0.0005)
target class rate on Vs: 0.9896
accuracy on clean test nodes: 0.6297
Overall ASR: 0.9233
Flip ASR: 0.9231/16875 nodes
Namespace(cuda=True, dataset='ogbn-arxiv', debug=True, defense_mode='prune', device_id=0, dis_weight=0.0, dropout=0.5, epochs=200, evaluate_mode='1by1', hidden=32, homo_boost_thrd=0.8, homo_loss_weight=300.0, inner=1, lr=0.01, model='GCN', no_cuda=False, prune_thr=0.8, seed=694, selection_method='cluster_degree', target_class=0, target_loss_weight=1, test_model='GraphSage', thrd=0.5, train_lr=0.01, trigger_size=3, trojan_epochs=1000, use_vs_number=True, vs_number=480, vs_ratio=0, weight_decay=0.0005)
target class rate on Vs: 0.9896
accuracy on clean test nodes: 0.6271
Overall ASR: 0.9307
Flip ASR: 0.9305/16875 nodes
Overall ASR: 0.9287 (GraphSage model, Seed: 694)
Overall Clean Accuracy: 0.6276
Total Overall ASR: 0.9348 
Total Clean Accuracy: 0.6230
