nohup: ignoring input
run_adaptive.py:8: DeprecationWarning: the imp module is deprecated in favour of importlib; see the module's documentation for alternative uses
  import imp
Namespace(cuda=True, dataset='ogbn-arxiv', debug=True, defense_mode='prune', device_id=2, dis_weight=0.0, dropout=0.5, epochs=200, evaluate_mode='1by1', hidden=32, homo_boost_thrd=0.8, homo_loss_weight=100.0, inner=1, lr=0.01, model='GCN', no_cuda=False, prune_thr=0.8, seed=10, selection_method='cluster_degree', target_class=0, target_loss_weight=1, test_model='GCN', thrd=0.5, train_lr=0.01, trigger_size=3, trojan_epochs=800, use_vs_number=True, vs_number=240, vs_ratio=0, weight_decay=0.0005)
#Attach Nodes:240
./selected_nodes/ogbn-arxiv/Overall/seed10/nodes.txt
idx_attach: tensor([132437, 159342, 115859,  11103, 127522,  67544,  82569, 161886,  62976,
         13773,  68963, 144203,  19681,    750, 156733,  86828,  18909,  82685,
         81700, 164714, 103734,  65352,  47692,  14294, 153213,  78523,   1385,
         50714, 156839, 144199,  88403,  58221,  56228,  88511,  12909, 156645,
         93340, 136107,  80139,    622,   1438,   7666, 133129, 127534, 106596,
        102712,   4269,  55140, 125068, 152827, 135150,  23527,   3609,   6462,
        121168, 152542,   6165, 126338,  90948,  77520,  47397, 106658,  68636,
        109074,  69509, 138501,  13873,  20117,  83448,   3102, 143264,  91042,
         54237,  58770, 165138, 126351,  55671,  99141,  13704, 136218,  16458,
         43368, 146276,  31105, 112018,  77110, 104399,  46245, 147007,   5821,
         19313,  91731,  20583, 142204,  80573,   7668,  83587, 128743, 143180,
         91852,  75911,  65787, 153365, 126297,  39114, 104240,  77327,   4583,
           512,  48952,  28134,  38432,  10832,  61628, 127678, 138417, 147495,
         98345,  93057,  33697, 138811, 124659, 133488,  71285,  47676,   1298,
        167767,  47649, 124811,  39955,  70652, 138116,  94425, 163083,  21820,
        133451,  73518, 132097,  23608,  13837, 125639,  40347, 163907,   5087,
          6422, 119164, 165901,   5059,  83768,  27180, 100388,  35462, 116799,
          3703,   5670,  48904,  68159, 113552, 160597,  96989, 127472, 136647,
        148726, 125053, 138149, 138315, 141422,  76351,  76598,  59904, 148285,
         70903, 165759,  39375, 136221, 140976,  63383,  42932,  75075,  71850,
         73993,  30102,  65808,  62714,  45851,  95186,  36002,  74863,  64652,
        161830, 145444, 126027,  60679,  73713,  93896, 146527, 169172, 114189,
         95782,  93842, 148869, 112848,  68654,   4485, 168944, 140981,  72175,
         45679,  20436,   7628, 115596, 130154, 135469,  14337,  63022,  17599,
        122842, 103833,  45706,  81303,  13852,  81871, 114723, 142817,  28988,
         48225,  21674,  34318, 111176, 158279, 146881,  34991,  76669,  13346,
         17731, 138128, 136891, 117554,  40123,  52955], device='cuda:2')
tensor([     1,      2,      3,  ..., 169334, 169336, 169338], device='cuda:2')
Epoch 0, loss_inner: 3.74860, loss_target: 3.62721, homo loss: 0.80634 
acc_train_clean: 0.0089, ASR_train_attach: 0.0000, ASR_train_outter: 0.0000
Epoch 10, loss_inner: 3.02723, loss_target: 3.10336, homo loss: 0.00537 
acc_train_clean: 0.2657, ASR_train_attach: 0.0000, ASR_train_outter: 0.0000
Epoch 20, loss_inner: 2.77444, loss_target: 2.79532, homo loss: 0.00092 
acc_train_clean: 0.2865, ASR_train_attach: 0.0000, ASR_train_outter: 0.0000
Epoch 30, loss_inner: 2.47629, loss_target: 2.46256, homo loss: 0.00053 
acc_train_clean: 0.3659, ASR_train_attach: 0.0000, ASR_train_outter: 0.0000
Epoch 40, loss_inner: 2.17090, loss_target: 2.12777, homo loss: 0.00040 
acc_train_clean: 0.4424, ASR_train_attach: 0.7458, ASR_train_outter: 0.7686
Epoch 50, loss_inner: 1.91633, loss_target: 1.87953, homo loss: 0.00031 
acc_train_clean: 0.5065, ASR_train_attach: 0.8792, ASR_train_outter: 0.8604
Epoch 60, loss_inner: 1.72863, loss_target: 1.69950, homo loss: 0.00025 
acc_train_clean: 0.5380, ASR_train_attach: 0.9333, ASR_train_outter: 0.9109
Epoch 70, loss_inner: 1.60039, loss_target: 1.57617, homo loss: 0.00027 
acc_train_clean: 0.5650, ASR_train_attach: 0.9917, ASR_train_outter: 0.9508
Epoch 80, loss_inner: 1.50924, loss_target: 1.48800, homo loss: 0.00019 
acc_train_clean: 0.5868, ASR_train_attach: 0.9917, ASR_train_outter: 0.9548
Epoch 90, loss_inner: 1.44163, loss_target: 1.42319, homo loss: 0.00014 
acc_train_clean: 0.6001, ASR_train_attach: 0.9958, ASR_train_outter: 0.9548
Epoch 100, loss_inner: 1.39033, loss_target: 1.37262, homo loss: 0.00010 
acc_train_clean: 0.6104, ASR_train_attach: 0.9958, ASR_train_outter: 0.9574
Epoch 110, loss_inner: 1.34648, loss_target: 1.32982, homo loss: 0.00006 
acc_train_clean: 0.6185, ASR_train_attach: 0.9958, ASR_train_outter: 0.9574
Epoch 120, loss_inner: 1.30794, loss_target: 1.29183, homo loss: 0.00006 
acc_train_clean: 0.6261, ASR_train_attach: 1.0000, ASR_train_outter: 0.9614
Epoch 130, loss_inner: 1.27463, loss_target: 1.25801, homo loss: 0.00003 
acc_train_clean: 0.6338, ASR_train_attach: 0.9958, ASR_train_outter: 0.9654
Epoch 140, loss_inner: 1.24831, loss_target: 1.23230, homo loss: 0.00003 
acc_train_clean: 0.6401, ASR_train_attach: 1.0000, ASR_train_outter: 0.9721
Epoch 150, loss_inner: 1.22979, loss_target: 1.21397, homo loss: 0.00005 
acc_train_clean: 0.6443, ASR_train_attach: 1.0000, ASR_train_outter: 0.9747
Epoch 160, loss_inner: 1.21697, loss_target: 1.20067, homo loss: 0.00004 
acc_train_clean: 0.6466, ASR_train_attach: 1.0000, ASR_train_outter: 0.9814
Epoch 170, loss_inner: 1.20748, loss_target: 1.19139, homo loss: 0.00003 
acc_train_clean: 0.6484, ASR_train_attach: 1.0000, ASR_train_outter: 0.9787
Epoch 180, loss_inner: 1.19959, loss_target: 1.18326, homo loss: 0.00004 
acc_train_clean: 0.6499, ASR_train_attach: 1.0000, ASR_train_outter: 0.9840
Epoch 190, loss_inner: 1.19288, loss_target: 1.17673, homo loss: 0.00010 
acc_train_clean: 0.6518, ASR_train_attach: 1.0000, ASR_train_outter: 0.9854
Epoch 200, loss_inner: 1.18689, loss_target: 1.17020, homo loss: 0.00001 
acc_train_clean: 0.6533, ASR_train_attach: 1.0000, ASR_train_outter: 0.9880
Epoch 210, loss_inner: 1.18117, loss_target: 1.16467, homo loss: 0.00004 
acc_train_clean: 0.6550, ASR_train_attach: 1.0000, ASR_train_outter: 0.9880
Epoch 220, loss_inner: 1.17635, loss_target: 1.15964, homo loss: 0.00002 
acc_train_clean: 0.6565, ASR_train_attach: 1.0000, ASR_train_outter: 0.9880
Epoch 230, loss_inner: 1.17161, loss_target: 1.15512, homo loss: 0.00000 
acc_train_clean: 0.6575, ASR_train_attach: 1.0000, ASR_train_outter: 0.9894
Epoch 240, loss_inner: 1.16747, loss_target: 1.15447, homo loss: 0.00028 
acc_train_clean: 0.6583, ASR_train_attach: 1.0000, ASR_train_outter: 0.9814
Epoch 250, loss_inner: 1.16327, loss_target: 1.14816, homo loss: 0.00016 
acc_train_clean: 0.6595, ASR_train_attach: 1.0000, ASR_train_outter: 0.9894
Epoch 260, loss_inner: 1.15810, loss_target: 1.14160, homo loss: 0.00002 
acc_train_clean: 0.6612, ASR_train_attach: 1.0000, ASR_train_outter: 0.9920
Epoch 270, loss_inner: 1.15179, loss_target: 1.13537, homo loss: 0.00001 
acc_train_clean: 0.6630, ASR_train_attach: 1.0000, ASR_train_outter: 0.9920
Epoch 280, loss_inner: 1.14599, loss_target: 1.12989, homo loss: 0.00000 
acc_train_clean: 0.6645, ASR_train_attach: 1.0000, ASR_train_outter: 0.9894
Epoch 290, loss_inner: 1.14159, loss_target: 1.12525, homo loss: 0.00001 
acc_train_clean: 0.6655, ASR_train_attach: 1.0000, ASR_train_outter: 0.9907
Epoch 300, loss_inner: 1.13822, loss_target: 1.12222, homo loss: 0.00004 
acc_train_clean: 0.6659, ASR_train_attach: 1.0000, ASR_train_outter: 0.9920
Epoch 310, loss_inner: 1.13518, loss_target: 1.12031, homo loss: 0.00025 
acc_train_clean: 0.6676, ASR_train_attach: 1.0000, ASR_train_outter: 0.9920
Epoch 320, loss_inner: 1.13097, loss_target: 1.11483, homo loss: 0.00006 
acc_train_clean: 0.6684, ASR_train_attach: 1.0000, ASR_train_outter: 0.9934
Epoch 330, loss_inner: 1.12776, loss_target: 1.11183, homo loss: 0.00002 
acc_train_clean: 0.6698, ASR_train_attach: 1.0000, ASR_train_outter: 0.9894
Epoch 340, loss_inner: 1.12488, loss_target: 1.10923, homo loss: 0.00001 
acc_train_clean: 0.6710, ASR_train_attach: 1.0000, ASR_train_outter: 0.9894
Epoch 350, loss_inner: 1.12279, loss_target: 1.10693, homo loss: 0.00002 
acc_train_clean: 0.6709, ASR_train_attach: 1.0000, ASR_train_outter: 0.9920
Epoch 360, loss_inner: 1.12107, loss_target: 1.10498, homo loss: 0.00005 
acc_train_clean: 0.6720, ASR_train_attach: 1.0000, ASR_train_outter: 0.9934
Epoch 370, loss_inner: 1.11940, loss_target: 1.10352, homo loss: 0.00002 
acc_train_clean: 0.6726, ASR_train_attach: 1.0000, ASR_train_outter: 0.9947
Epoch 380, loss_inner: 1.11796, loss_target: 1.10290, homo loss: 0.00019 
acc_train_clean: 0.6723, ASR_train_attach: 1.0000, ASR_train_outter: 0.9920
Epoch 390, loss_inner: 1.11695, loss_target: 1.10178, homo loss: 0.00018 
acc_train_clean: 0.6721, ASR_train_attach: 1.0000, ASR_train_outter: 0.9960
Epoch 400, loss_inner: 1.11575, loss_target: 1.10009, homo loss: 0.00002 
acc_train_clean: 0.6738, ASR_train_attach: 1.0000, ASR_train_outter: 0.9947
Epoch 410, loss_inner: 1.11440, loss_target: 1.09861, homo loss: 0.00000 
acc_train_clean: 0.6739, ASR_train_attach: 1.0000, ASR_train_outter: 0.9920
Epoch 420, loss_inner: 1.11313, loss_target: 1.09724, homo loss: 0.00000 
acc_train_clean: 0.6741, ASR_train_attach: 1.0000, ASR_train_outter: 0.9947
Epoch 430, loss_inner: 1.11222, loss_target: 1.09639, homo loss: 0.00003 
acc_train_clean: 0.6737, ASR_train_attach: 1.0000, ASR_train_outter: 0.9947
Epoch 440, loss_inner: 1.11109, loss_target: 1.09565, homo loss: 0.00010 
acc_train_clean: 0.6743, ASR_train_attach: 1.0000, ASR_train_outter: 0.9947
Epoch 450, loss_inner: 1.11027, loss_target: 1.09620, homo loss: 0.00026 
acc_train_clean: 0.6747, ASR_train_attach: 1.0000, ASR_train_outter: 0.9947
Epoch 460, loss_inner: 1.11023, loss_target: 1.09488, homo loss: 0.00009 
acc_train_clean: 0.6744, ASR_train_attach: 1.0000, ASR_train_outter: 0.9973
Epoch 470, loss_inner: 1.10920, loss_target: 1.09439, homo loss: 0.00002 
acc_train_clean: 0.6733, ASR_train_attach: 1.0000, ASR_train_outter: 0.9894
Epoch 480, loss_inner: 1.10776, loss_target: 1.09221, homo loss: 0.00001 
acc_train_clean: 0.6749, ASR_train_attach: 1.0000, ASR_train_outter: 0.9947
Epoch 490, loss_inner: 1.10703, loss_target: 1.09143, homo loss: 0.00003 
acc_train_clean: 0.6749, ASR_train_attach: 1.0000, ASR_train_outter: 0.9960
Epoch 500, loss_inner: 1.10629, loss_target: 1.09129, homo loss: 0.00021 
acc_train_clean: 0.6750, ASR_train_attach: 1.0000, ASR_train_outter: 0.9987
Epoch 510, loss_inner: 1.10569, loss_target: 1.09109, homo loss: 0.00013 
acc_train_clean: 0.6751, ASR_train_attach: 1.0000, ASR_train_outter: 0.9973
Epoch 520, loss_inner: 1.10494, loss_target: 1.08965, homo loss: 0.00007 
acc_train_clean: 0.6753, ASR_train_attach: 1.0000, ASR_train_outter: 0.9973
Epoch 530, loss_inner: 1.10538, loss_target: 1.09505, homo loss: 0.00020 
acc_train_clean: 0.6737, ASR_train_attach: 1.0000, ASR_train_outter: 0.9934
Epoch 540, loss_inner: 1.10603, loss_target: 1.09966, homo loss: 0.00044 
acc_train_clean: 0.6746, ASR_train_attach: 1.0000, ASR_train_outter: 1.0000
Epoch 550, loss_inner: 1.10402, loss_target: 1.09304, homo loss: 0.00034 
acc_train_clean: 0.6756, ASR_train_attach: 1.0000, ASR_train_outter: 1.0000
Epoch 560, loss_inner: 1.10275, loss_target: 1.08915, homo loss: 0.00029 
acc_train_clean: 0.6758, ASR_train_attach: 1.0000, ASR_train_outter: 1.0000
Epoch 570, loss_inner: 1.10209, loss_target: 1.08697, homo loss: 0.00014 
acc_train_clean: 0.6754, ASR_train_attach: 1.0000, ASR_train_outter: 1.0000
Epoch 580, loss_inner: 1.10171, loss_target: 1.08812, homo loss: 0.00011 
acc_train_clean: 0.6759, ASR_train_attach: 1.0000, ASR_train_outter: 0.9934
Epoch 590, loss_inner: 1.10248, loss_target: 1.08847, homo loss: 0.00018 
acc_train_clean: 0.6759, ASR_train_attach: 1.0000, ASR_train_outter: 1.0000
Epoch 600, loss_inner: 1.10097, loss_target: 1.08591, homo loss: 0.00004 
acc_train_clean: 0.6758, ASR_train_attach: 1.0000, ASR_train_outter: 0.9973
Epoch 610, loss_inner: 1.10029, loss_target: 1.08775, homo loss: 0.00027 
acc_train_clean: 0.6755, ASR_train_attach: 1.0000, ASR_train_outter: 0.9947
Epoch 620, loss_inner: 1.09945, loss_target: 1.08529, homo loss: 0.00023 
acc_train_clean: 0.6762, ASR_train_attach: 1.0000, ASR_train_outter: 1.0000
Epoch 630, loss_inner: 1.09913, loss_target: 1.08386, homo loss: 0.00006 
acc_train_clean: 0.6762, ASR_train_attach: 1.0000, ASR_train_outter: 1.0000
Epoch 640, loss_inner: 1.11654, loss_target: 1.10035, homo loss: 0.00015 
acc_train_clean: 0.6682, ASR_train_attach: 1.0000, ASR_train_outter: 0.9987
Epoch 650, loss_inner: 1.10823, loss_target: 1.09587, homo loss: 0.00031 
acc_train_clean: 0.6759, ASR_train_attach: 1.0000, ASR_train_outter: 0.9987
Epoch 660, loss_inner: 1.10110, loss_target: 1.08948, homo loss: 0.00033 
acc_train_clean: 0.6760, ASR_train_attach: 1.0000, ASR_train_outter: 1.0000
Epoch 670, loss_inner: 1.09891, loss_target: 1.08440, homo loss: 0.00021 
acc_train_clean: 0.6769, ASR_train_attach: 1.0000, ASR_train_outter: 1.0000
Epoch 680, loss_inner: 1.09744, loss_target: 1.08209, homo loss: 0.00005 
acc_train_clean: 0.6763, ASR_train_attach: 1.0000, ASR_train_outter: 0.9973
Epoch 690, loss_inner: 1.09902, loss_target: 1.08865, homo loss: 0.00034 
acc_train_clean: 0.6765, ASR_train_attach: 1.0000, ASR_train_outter: 0.9920
Epoch 700, loss_inner: 1.09698, loss_target: 1.08516, homo loss: 0.00025 
acc_train_clean: 0.6767, ASR_train_attach: 1.0000, ASR_train_outter: 1.0000
Epoch 710, loss_inner: 1.09613, loss_target: 1.08344, homo loss: 0.00010 
acc_train_clean: 0.6766, ASR_train_attach: 1.0000, ASR_train_outter: 0.9973
Epoch 720, loss_inner: 1.09859, loss_target: 1.09914, homo loss: 0.00035 
acc_train_clean: 0.6763, ASR_train_attach: 1.0000, ASR_train_outter: 1.0000
Epoch 730, loss_inner: 1.09768, loss_target: 1.09130, homo loss: 0.00031 
acc_train_clean: 0.6757, ASR_train_attach: 1.0000, ASR_train_outter: 1.0000
Epoch 740, loss_inner: 1.09915, loss_target: 1.11149, homo loss: 0.00050 
acc_train_clean: 0.6771, ASR_train_attach: 1.0000, ASR_train_outter: 1.0000
Epoch 750, loss_inner: 1.10414, loss_target: 1.11694, homo loss: 0.00060 
acc_train_clean: 0.6741, ASR_train_attach: 1.0000, ASR_train_outter: 1.0000
Epoch 760, loss_inner: 1.09742, loss_target: 1.11420, homo loss: 0.00045 
acc_train_clean: 0.6773, ASR_train_attach: 1.0000, ASR_train_outter: 1.0000
Epoch 770, loss_inner: 1.10199, loss_target: 1.11232, homo loss: 0.00052 
acc_train_clean: 0.6764, ASR_train_attach: 1.0000, ASR_train_outter: 1.0000
Epoch 780, loss_inner: 1.09654, loss_target: 1.11405, homo loss: 0.00048 
acc_train_clean: 0.6768, ASR_train_attach: 1.0000, ASR_train_outter: 1.0000
Epoch 790, loss_inner: 1.09653, loss_target: 1.09913, homo loss: 0.00049 
acc_train_clean: 0.6764, ASR_train_attach: 1.0000, ASR_train_outter: 1.0000
load best weight based on the loss outter
precent of left attach nodes: 1.000
Namespace(cuda=True, dataset='ogbn-arxiv', debug=True, defense_mode='prune', device_id=2, dis_weight=0.0, dropout=0.5, epochs=200, evaluate_mode='1by1', hidden=32, homo_boost_thrd=0.8, homo_loss_weight=100.0, inner=1, lr=0.01, model='GCN', no_cuda=False, prune_thr=0.8, seed=265, selection_method='cluster_degree', target_class=0, target_loss_weight=1, test_model='GCN', thrd=0.5, train_lr=0.01, trigger_size=3, trojan_epochs=800, use_vs_number=True, vs_number=240, vs_ratio=0, weight_decay=0.0005)
target class rate on Vs: 0.9875
accuracy on clean test nodes: 0.6146
Overall ASR: 0.9321
Flip ASR: 0.9319/16875 nodes
Namespace(cuda=True, dataset='ogbn-arxiv', debug=True, defense_mode='prune', device_id=2, dis_weight=0.0, dropout=0.5, epochs=200, evaluate_mode='1by1', hidden=32, homo_boost_thrd=0.8, homo_loss_weight=100.0, inner=1, lr=0.01, model='GCN', no_cuda=False, prune_thr=0.8, seed=125, selection_method='cluster_degree', target_class=0, target_loss_weight=1, test_model='GCN', thrd=0.5, train_lr=0.01, trigger_size=3, trojan_epochs=800, use_vs_number=True, vs_number=240, vs_ratio=0, weight_decay=0.0005)
target class rate on Vs: 0.9875
accuracy on clean test nodes: 0.6240
Overall ASR: 0.9319
Flip ASR: 0.9317/16875 nodes
Namespace(cuda=True, dataset='ogbn-arxiv', debug=True, defense_mode='prune', device_id=2, dis_weight=0.0, dropout=0.5, epochs=200, evaluate_mode='1by1', hidden=32, homo_boost_thrd=0.8, homo_loss_weight=100.0, inner=1, lr=0.01, model='GCN', no_cuda=False, prune_thr=0.8, seed=996, selection_method='cluster_degree', target_class=0, target_loss_weight=1, test_model='GCN', thrd=0.5, train_lr=0.01, trigger_size=3, trojan_epochs=800, use_vs_number=True, vs_number=240, vs_ratio=0, weight_decay=0.0005)
target class rate on Vs: 0.9875
accuracy on clean test nodes: 0.6242
Overall ASR: 0.9304
Flip ASR: 0.9303/16875 nodes
Namespace(cuda=True, dataset='ogbn-arxiv', debug=True, defense_mode='prune', device_id=2, dis_weight=0.0, dropout=0.5, epochs=200, evaluate_mode='1by1', hidden=32, homo_boost_thrd=0.8, homo_loss_weight=100.0, inner=1, lr=0.01, model='GCN', no_cuda=False, prune_thr=0.8, seed=527, selection_method='cluster_degree', target_class=0, target_loss_weight=1, test_model='GCN', thrd=0.5, train_lr=0.01, trigger_size=3, trojan_epochs=800, use_vs_number=True, vs_number=240, vs_ratio=0, weight_decay=0.0005)
target class rate on Vs: 0.9875
accuracy on clean test nodes: 0.6261
Overall ASR: 0.9319
Flip ASR: 0.9317/16875 nodes
Namespace(cuda=True, dataset='ogbn-arxiv', debug=True, defense_mode='prune', device_id=2, dis_weight=0.0, dropout=0.5, epochs=200, evaluate_mode='1by1', hidden=32, homo_boost_thrd=0.8, homo_loss_weight=100.0, inner=1, lr=0.01, model='GCN', no_cuda=False, prune_thr=0.8, seed=320, selection_method='cluster_degree', target_class=0, target_loss_weight=1, test_model='GCN', thrd=0.5, train_lr=0.01, trigger_size=3, trojan_epochs=800, use_vs_number=True, vs_number=240, vs_ratio=0, weight_decay=0.0005)
target class rate on Vs: 0.9875
accuracy on clean test nodes: 0.6172
Overall ASR: 0.9327
Flip ASR: 0.9326/16875 nodes
Overall ASR: 0.9318 (GCN model, Seed: 320)
Overall Clean Accuracy: 0.6212
Namespace(cuda=True, dataset='ogbn-arxiv', debug=True, defense_mode='prune', device_id=2, dis_weight=0.0, dropout=0.5, epochs=200, evaluate_mode='1by1', hidden=32, homo_boost_thrd=0.8, homo_loss_weight=100.0, inner=1, lr=0.01, model='GCN', no_cuda=False, prune_thr=0.8, seed=781, selection_method='cluster_degree', target_class=0, target_loss_weight=1, test_model='GAT', thrd=0.5, train_lr=0.01, trigger_size=3, trojan_epochs=800, use_vs_number=True, vs_number=240, vs_ratio=0, weight_decay=0.0005)
/home/project-graph-backdoor/Backdoor/models/GAT.py:61: UserWarning: To copy construct from a tensor, it is recommended to use sourceTensor.clone().detach() or sourceTensor.clone().detach().requires_grad_(True), rather than torch.tensor(sourceTensor).
  self.labels = torch.tensor(labels, dtype=torch.long)
target class rate on Vs: 0.9875
accuracy on clean test nodes: 0.6278
Overall ASR: 0.9380
Flip ASR: 0.9379/16875 nodes
Namespace(cuda=True, dataset='ogbn-arxiv', debug=True, defense_mode='prune', device_id=2, dis_weight=0.0, dropout=0.5, epochs=200, evaluate_mode='1by1', hidden=32, homo_boost_thrd=0.8, homo_loss_weight=100.0, inner=1, lr=0.01, model='GCN', no_cuda=False, prune_thr=0.8, seed=706, selection_method='cluster_degree', target_class=0, target_loss_weight=1, test_model='GAT', thrd=0.5, train_lr=0.01, trigger_size=3, trojan_epochs=800, use_vs_number=True, vs_number=240, vs_ratio=0, weight_decay=0.0005)
target class rate on Vs: 0.9875
accuracy on clean test nodes: 0.6294
Overall ASR: 0.9381
Flip ASR: 0.9379/16875 nodes
Namespace(cuda=True, dataset='ogbn-arxiv', debug=True, defense_mode='prune', device_id=2, dis_weight=0.0, dropout=0.5, epochs=200, evaluate_mode='1by1', hidden=32, homo_boost_thrd=0.8, homo_loss_weight=100.0, inner=1, lr=0.01, model='GCN', no_cuda=False, prune_thr=0.8, seed=778, selection_method='cluster_degree', target_class=0, target_loss_weight=1, test_model='GAT', thrd=0.5, train_lr=0.01, trigger_size=3, trojan_epochs=800, use_vs_number=True, vs_number=240, vs_ratio=0, weight_decay=0.0005)
target class rate on Vs: 0.9875
accuracy on clean test nodes: 0.6241
Overall ASR: 0.9380
Flip ASR: 0.9379/16875 nodes
Namespace(cuda=True, dataset='ogbn-arxiv', debug=True, defense_mode='prune', device_id=2, dis_weight=0.0, dropout=0.5, epochs=200, evaluate_mode='1by1', hidden=32, homo_boost_thrd=0.8, homo_loss_weight=100.0, inner=1, lr=0.01, model='GCN', no_cuda=False, prune_thr=0.8, seed=604, selection_method='cluster_degree', target_class=0, target_loss_weight=1, test_model='GAT', thrd=0.5, train_lr=0.01, trigger_size=3, trojan_epochs=800, use_vs_number=True, vs_number=240, vs_ratio=0, weight_decay=0.0005)
target class rate on Vs: 0.9875
accuracy on clean test nodes: 0.6251
Overall ASR: 0.9381
Flip ASR: 0.9380/16875 nodes
Namespace(cuda=True, dataset='ogbn-arxiv', debug=True, defense_mode='prune', device_id=2, dis_weight=0.0, dropout=0.5, epochs=200, evaluate_mode='1by1', hidden=32, homo_boost_thrd=0.8, homo_loss_weight=100.0, inner=1, lr=0.01, model='GCN', no_cuda=False, prune_thr=0.8, seed=133, selection_method='cluster_degree', target_class=0, target_loss_weight=1, test_model='GAT', thrd=0.5, train_lr=0.01, trigger_size=3, trojan_epochs=800, use_vs_number=True, vs_number=240, vs_ratio=0, weight_decay=0.0005)
target class rate on Vs: 0.9875
accuracy on clean test nodes: 0.6236
Overall ASR: 0.9381
Flip ASR: 0.9380/16875 nodes
Overall ASR: 0.9381 (GAT model, Seed: 133)
Overall Clean Accuracy: 0.6260
Namespace(cuda=True, dataset='ogbn-arxiv', debug=True, defense_mode='prune', device_id=2, dis_weight=0.0, dropout=0.5, epochs=200, evaluate_mode='1by1', hidden=32, homo_boost_thrd=0.8, homo_loss_weight=100.0, inner=1, lr=0.01, model='GCN', no_cuda=False, prune_thr=0.8, seed=673, selection_method='cluster_degree', target_class=0, target_loss_weight=1, test_model='GraphSage', thrd=0.5, train_lr=0.01, trigger_size=3, trojan_epochs=800, use_vs_number=True, vs_number=240, vs_ratio=0, weight_decay=0.0005)
target class rate on Vs: 0.9875
accuracy on clean test nodes: 0.6251
Overall ASR: 0.9091
Flip ASR: 0.9089/16875 nodes
Namespace(cuda=True, dataset='ogbn-arxiv', debug=True, defense_mode='prune', device_id=2, dis_weight=0.0, dropout=0.5, epochs=200, evaluate_mode='1by1', hidden=32, homo_boost_thrd=0.8, homo_loss_weight=100.0, inner=1, lr=0.01, model='GCN', no_cuda=False, prune_thr=0.8, seed=904, selection_method='cluster_degree', target_class=0, target_loss_weight=1, test_model='GraphSage', thrd=0.5, train_lr=0.01, trigger_size=3, trojan_epochs=800, use_vs_number=True, vs_number=240, vs_ratio=0, weight_decay=0.0005)
target class rate on Vs: 0.9833
accuracy on clean test nodes: 0.6236
Overall ASR: 0.9075
Flip ASR: 0.9073/16875 nodes
Namespace(cuda=True, dataset='ogbn-arxiv', debug=True, defense_mode='prune', device_id=2, dis_weight=0.0, dropout=0.5, epochs=200, evaluate_mode='1by1', hidden=32, homo_boost_thrd=0.8, homo_loss_weight=100.0, inner=1, lr=0.01, model='GCN', no_cuda=False, prune_thr=0.8, seed=56, selection_method='cluster_degree', target_class=0, target_loss_weight=1, test_model='GraphSage', thrd=0.5, train_lr=0.01, trigger_size=3, trojan_epochs=800, use_vs_number=True, vs_number=240, vs_ratio=0, weight_decay=0.0005)
target class rate on Vs: 0.9875
accuracy on clean test nodes: 0.6275
Overall ASR: 0.9131
Flip ASR: 0.9129/16875 nodes
Namespace(cuda=True, dataset='ogbn-arxiv', debug=True, defense_mode='prune', device_id=2, dis_weight=0.0, dropout=0.5, epochs=200, evaluate_mode='1by1', hidden=32, homo_boost_thrd=0.8, homo_loss_weight=100.0, inner=1, lr=0.01, model='GCN', no_cuda=False, prune_thr=0.8, seed=1, selection_method='cluster_degree', target_class=0, target_loss_weight=1, test_model='GraphSage', thrd=0.5, train_lr=0.01, trigger_size=3, trojan_epochs=800, use_vs_number=True, vs_number=240, vs_ratio=0, weight_decay=0.0005)
target class rate on Vs: 0.9875
accuracy on clean test nodes: 0.6314
Overall ASR: 0.9043
Flip ASR: 0.9041/16875 nodes
Namespace(cuda=True, dataset='ogbn-arxiv', debug=True, defense_mode='prune', device_id=2, dis_weight=0.0, dropout=0.5, epochs=200, evaluate_mode='1by1', hidden=32, homo_boost_thrd=0.8, homo_loss_weight=100.0, inner=1, lr=0.01, model='GCN', no_cuda=False, prune_thr=0.8, seed=694, selection_method='cluster_degree', target_class=0, target_loss_weight=1, test_model='GraphSage', thrd=0.5, train_lr=0.01, trigger_size=3, trojan_epochs=800, use_vs_number=True, vs_number=240, vs_ratio=0, weight_decay=0.0005)
target class rate on Vs: 0.9875
accuracy on clean test nodes: 0.6185
Overall ASR: 0.9101
Flip ASR: 0.9099/16875 nodes
Overall ASR: 0.9088 (GraphSage model, Seed: 694)
Overall Clean Accuracy: 0.6252
Total Overall ASR: 0.9262 
Total Clean Accuracy: 0.6241
