nohup: ignoring input
run_adaptive.py:8: DeprecationWarning: the imp module is deprecated in favour of importlib; see the module's documentation for alternative uses
  import imp
Namespace(cuda=True, dataset='ogbn-arxiv', debug=True, defense_mode='none', device_id=0, dis_weight=0.0, dropout=0.5, epochs=800, evaluate_mode='1by1', hidden=32, homo_boost_thrd=0.8, homo_loss_weight=100.0, inner=1, lr=0.01, model='GCN', no_cuda=False, prune_thr=0.8, seed=10, selection_method='cluster_degree', target_class=0, target_loss_weight=1, test_model='GCN', thrd=0.5, train_lr=0.01, trigger_size=3, trojan_epochs=800, use_vs_number=True, vs_number=160, vs_ratio=0, weight_decay=0.0005)
#Attach Nodes:160
./selected_nodes/ogbn-arxiv/Overall/seed10/nodes.txt
idx_attach: tensor([132437, 159342, 115859,  11103, 127522,  67544,  82569, 161886,  62976,
         13773,  68963, 144203,  19681,    750, 156733,  86828,  18909,  82685,
         81700, 164714, 103734,  65352,  47692,  14294, 153213,  78523,   1385,
         50714, 156839, 144199,  88403,  58221,  56228,  88511,  12909, 156645,
         93340, 136107,  80139,    622,   1438,   7666, 133129, 127534, 106596,
        102712,   4269,  55140, 125068, 152827, 135150,  23527,   3609,   6462,
        121168, 152542,   6165, 126338,  90948,  77520,  47397, 106658,  68636,
        109074,  69509, 138501,  13873,  20117,  83448,   3102, 143264,  91042,
         54237,  58770, 165138, 126351,  55671,  99141,  13704, 136218,  16458,
         43368, 146276,  31105, 112018,  77110, 104399,  46245, 147007,   5821,
         19313,  91731,  20583, 142204,  80573,   7668,  83587, 128743, 143180,
         91852,  75911,  65787, 153365, 126297,  39114, 104240,  77327,   4583,
           512,  48952,  28134,  38432,  10832,  61628, 127678, 138417, 147495,
         98345,  93057,  33697, 138811, 124659, 133488,  71285,  47676,   1298,
        167767,  47649, 124811,  39955,  70652, 138116,  94425, 163083,  21820,
        133451,  73518, 132097,  23608,  13837, 125639,  40347, 163907,   5087,
          6422, 119164, 165901,   5059,  83768,  27180, 100388,  35462, 116799,
          3703,   5670,  48904,  68159, 113552, 160597,  96989],
       device='cuda:0')
tensor([     1,      2,      3,  ..., 169334, 169336, 169338], device='cuda:0')
Epoch 0, loss_inner: 3.74859, loss_target: 3.63096, homo loss: 0.80589 
acc_train_clean: 0.0089, ASR_train_attach: 0.0000, ASR_train_outter: 0.0000
Epoch 10, loss_inner: 3.01911, loss_target: 3.22522, homo loss: 0.00597 
acc_train_clean: 0.2630, ASR_train_attach: 0.0000, ASR_train_outter: 0.0000
Epoch 20, loss_inner: 2.76840, loss_target: 2.88373, homo loss: 0.00117 
acc_train_clean: 0.2843, ASR_train_attach: 0.0000, ASR_train_outter: 0.0000
Epoch 30, loss_inner: 2.47670, loss_target: 2.52603, homo loss: 0.00101 
acc_train_clean: 0.3696, ASR_train_attach: 0.0000, ASR_train_outter: 0.0000
Epoch 40, loss_inner: 2.18016, loss_target: 2.15219, homo loss: 0.00099 
acc_train_clean: 0.4433, ASR_train_attach: 0.0000, ASR_train_outter: 0.0490
Epoch 50, loss_inner: 1.92555, loss_target: 1.87237, homo loss: 0.00069 
acc_train_clean: 0.5058, ASR_train_attach: 0.8375, ASR_train_outter: 0.8133
Epoch 60, loss_inner: 1.73448, loss_target: 1.68512, homo loss: 0.00063 
acc_train_clean: 0.5381, ASR_train_attach: 0.8938, ASR_train_outter: 0.9020
Epoch 70, loss_inner: 1.60523, loss_target: 1.56094, homo loss: 0.00060 
acc_train_clean: 0.5649, ASR_train_attach: 0.9625, ASR_train_outter: 0.9476
Epoch 80, loss_inner: 1.51343, loss_target: 1.47137, homo loss: 0.00074 
acc_train_clean: 0.5871, ASR_train_attach: 1.0000, ASR_train_outter: 0.9764
Epoch 90, loss_inner: 1.44593, loss_target: 1.40787, homo loss: 0.00068 
acc_train_clean: 0.6002, ASR_train_attach: 0.9938, ASR_train_outter: 0.9764
Epoch 100, loss_inner: 1.39599, loss_target: 1.35974, homo loss: 0.00055 
acc_train_clean: 0.6095, ASR_train_attach: 1.0000, ASR_train_outter: 0.9789
Epoch 110, loss_inner: 1.35813, loss_target: 1.32229, homo loss: 0.00034 
acc_train_clean: 0.6161, ASR_train_attach: 0.9938, ASR_train_outter: 0.9780
Epoch 120, loss_inner: 1.32489, loss_target: 1.29071, homo loss: 0.00021 
acc_train_clean: 0.6236, ASR_train_attach: 0.9813, ASR_train_outter: 0.9679
Epoch 130, loss_inner: 1.29357, loss_target: 1.25971, homo loss: 0.00016 
acc_train_clean: 0.6312, ASR_train_attach: 1.0000, ASR_train_outter: 0.9823
Epoch 140, loss_inner: 1.26851, loss_target: 1.23495, homo loss: 0.00011 
acc_train_clean: 0.6366, ASR_train_attach: 1.0000, ASR_train_outter: 0.9856
Epoch 150, loss_inner: 1.25025, loss_target: 1.21791, homo loss: 0.00024 
acc_train_clean: 0.6396, ASR_train_attach: 1.0000, ASR_train_outter: 0.9848
Epoch 160, loss_inner: 1.23647, loss_target: 1.20450, homo loss: 0.00012 
acc_train_clean: 0.6428, ASR_train_attach: 1.0000, ASR_train_outter: 0.9873
Epoch 170, loss_inner: 1.22568, loss_target: 1.19393, homo loss: 0.00002 
acc_train_clean: 0.6446, ASR_train_attach: 1.0000, ASR_train_outter: 0.9890
Epoch 180, loss_inner: 1.21675, loss_target: 1.18560, homo loss: 0.00003 
acc_train_clean: 0.6467, ASR_train_attach: 1.0000, ASR_train_outter: 0.9865
Epoch 190, loss_inner: 1.20875, loss_target: 1.17732, homo loss: 0.00001 
acc_train_clean: 0.6487, ASR_train_attach: 1.0000, ASR_train_outter: 0.9907
Epoch 200, loss_inner: 1.19896, loss_target: 1.16740, homo loss: 0.00001 
acc_train_clean: 0.6515, ASR_train_attach: 1.0000, ASR_train_outter: 0.9907
Epoch 210, loss_inner: 1.18857, loss_target: 1.15769, homo loss: 0.00004 
acc_train_clean: 0.6537, ASR_train_attach: 1.0000, ASR_train_outter: 0.9873
Epoch 220, loss_inner: 1.17819, loss_target: 1.14784, homo loss: 0.00028 
acc_train_clean: 0.6568, ASR_train_attach: 1.0000, ASR_train_outter: 0.9890
Epoch 230, loss_inner: 1.16833, loss_target: 1.13841, homo loss: 0.00008 
acc_train_clean: 0.6595, ASR_train_attach: 1.0000, ASR_train_outter: 0.9907
Epoch 240, loss_inner: 1.16203, loss_target: 1.13189, homo loss: 0.00002 
acc_train_clean: 0.6625, ASR_train_attach: 1.0000, ASR_train_outter: 0.9890
Epoch 250, loss_inner: 1.15626, loss_target: 1.12644, homo loss: 0.00001 
acc_train_clean: 0.6634, ASR_train_attach: 1.0000, ASR_train_outter: 0.9916
Epoch 260, loss_inner: 1.15248, loss_target: 1.12252, homo loss: 0.00018 
acc_train_clean: 0.6640, ASR_train_attach: 1.0000, ASR_train_outter: 0.9941
Epoch 270, loss_inner: 1.17745, loss_target: 1.16418, homo loss: 0.00208 
acc_train_clean: 0.6570, ASR_train_attach: 1.0000, ASR_train_outter: 0.9586
Epoch 280, loss_inner: 1.15743, loss_target: 1.14972, homo loss: 0.00228 
acc_train_clean: 0.6638, ASR_train_attach: 1.0000, ASR_train_outter: 0.9941
Epoch 290, loss_inner: 1.15079, loss_target: 1.24939, homo loss: 0.00208 
acc_train_clean: 0.6656, ASR_train_attach: 0.9875, ASR_train_outter: 0.9856
Epoch 300, loss_inner: 1.14427, loss_target: 1.15718, homo loss: 0.00200 
acc_train_clean: 0.6670, ASR_train_attach: 0.9938, ASR_train_outter: 0.9848
Epoch 310, loss_inner: 1.14129, loss_target: 1.16754, homo loss: 0.00162 
acc_train_clean: 0.6666, ASR_train_attach: 1.0000, ASR_train_outter: 0.9924
Epoch 320, loss_inner: 1.13991, loss_target: 1.14588, homo loss: 0.00134 
acc_train_clean: 0.6673, ASR_train_attach: 1.0000, ASR_train_outter: 0.9941
Epoch 330, loss_inner: 1.13739, loss_target: 1.13506, homo loss: 0.00109 
acc_train_clean: 0.6675, ASR_train_attach: 1.0000, ASR_train_outter: 0.9958
Epoch 340, loss_inner: 1.13583, loss_target: 1.12772, homo loss: 0.00104 
acc_train_clean: 0.6679, ASR_train_attach: 1.0000, ASR_train_outter: 0.9958
Epoch 350, loss_inner: 1.13425, loss_target: 1.12403, homo loss: 0.00104 
acc_train_clean: 0.6684, ASR_train_attach: 1.0000, ASR_train_outter: 0.9966
Epoch 360, loss_inner: 1.13231, loss_target: 1.12051, homo loss: 0.00104 
acc_train_clean: 0.6692, ASR_train_attach: 1.0000, ASR_train_outter: 0.9966
Epoch 370, loss_inner: 1.13018, loss_target: 1.11705, homo loss: 0.00104 
acc_train_clean: 0.6697, ASR_train_attach: 1.0000, ASR_train_outter: 0.9966
Epoch 380, loss_inner: 1.12657, loss_target: 1.11567, homo loss: 0.00103 
acc_train_clean: 0.6711, ASR_train_attach: 1.0000, ASR_train_outter: 0.9966
Epoch 390, loss_inner: 1.12409, loss_target: 1.11397, homo loss: 0.00103 
acc_train_clean: 0.6719, ASR_train_attach: 1.0000, ASR_train_outter: 0.9966
Epoch 400, loss_inner: 1.12219, loss_target: 1.11233, homo loss: 0.00103 
acc_train_clean: 0.6721, ASR_train_attach: 1.0000, ASR_train_outter: 0.9966
Epoch 410, loss_inner: 1.12068, loss_target: 1.11131, homo loss: 0.00104 
acc_train_clean: 0.6723, ASR_train_attach: 1.0000, ASR_train_outter: 0.9966
Epoch 420, loss_inner: 1.11944, loss_target: 1.11071, homo loss: 0.00104 
acc_train_clean: 0.6728, ASR_train_attach: 1.0000, ASR_train_outter: 0.9966
Epoch 430, loss_inner: 1.11870, loss_target: 1.11116, homo loss: 0.00104 
acc_train_clean: 0.6733, ASR_train_attach: 1.0000, ASR_train_outter: 0.9966
Epoch 440, loss_inner: 1.11761, loss_target: 1.11020, homo loss: 0.00105 
acc_train_clean: 0.6733, ASR_train_attach: 1.0000, ASR_train_outter: 0.9966
Epoch 450, loss_inner: 1.11667, loss_target: 1.10971, homo loss: 0.00105 
acc_train_clean: 0.6734, ASR_train_attach: 1.0000, ASR_train_outter: 0.9966
Epoch 460, loss_inner: 1.11589, loss_target: 1.10980, homo loss: 0.00106 
acc_train_clean: 0.6734, ASR_train_attach: 1.0000, ASR_train_outter: 0.9975
Epoch 470, loss_inner: 1.11530, loss_target: 1.11208, homo loss: 0.00106 
acc_train_clean: 0.6735, ASR_train_attach: 1.0000, ASR_train_outter: 0.9975
Epoch 480, loss_inner: 1.11581, loss_target: 1.13178, homo loss: 0.00107 
acc_train_clean: 0.6728, ASR_train_attach: 1.0000, ASR_train_outter: 0.9966
Epoch 490, loss_inner: 1.11556, loss_target: 1.13489, homo loss: 0.00108 
acc_train_clean: 0.6731, ASR_train_attach: 1.0000, ASR_train_outter: 0.9975
Epoch 500, loss_inner: 1.12095, loss_target: 1.18454, homo loss: 0.00111 
acc_train_clean: 0.6709, ASR_train_attach: 1.0000, ASR_train_outter: 0.9975
Epoch 510, loss_inner: 1.17763, loss_target: 2.00841, homo loss: 0.00241 
acc_train_clean: 0.6652, ASR_train_attach: 1.0000, ASR_train_outter: 1.0000
Epoch 520, loss_inner: 1.17565, loss_target: 1.60532, homo loss: 0.00196 
acc_train_clean: 0.6617, ASR_train_attach: 1.0000, ASR_train_outter: 0.9958
Epoch 530, loss_inner: 1.71824, loss_target: 3.86633, homo loss: 0.01630 
acc_train_clean: 0.6142, ASR_train_attach: 1.0000, ASR_train_outter: 1.0000
Epoch 540, loss_inner: 1.43077, loss_target: 3.05195, homo loss: 0.00456 
acc_train_clean: 0.6149, ASR_train_attach: 1.0000, ASR_train_outter: 0.0743
Epoch 550, loss_inner: 1.41309, loss_target: 2.18213, homo loss: 0.01226 
acc_train_clean: 0.6036, ASR_train_attach: 1.0000, ASR_train_outter: 0.8556
Epoch 560, loss_inner: 1.28548, loss_target: 2.21344, homo loss: 0.00586 
acc_train_clean: 0.6324, ASR_train_attach: 1.0000, ASR_train_outter: 0.9992
Epoch 570, loss_inner: 1.54071, loss_target: 4.28354, homo loss: 0.01249 
acc_train_clean: 0.6082, ASR_train_attach: 1.0000, ASR_train_outter: 1.0000
Epoch 580, loss_inner: 1.31413, loss_target: 3.48193, homo loss: 0.01048 
acc_train_clean: 0.6191, ASR_train_attach: 1.0000, ASR_train_outter: 1.0000
Epoch 590, loss_inner: 1.32867, loss_target: 3.74582, homo loss: 0.01599 
acc_train_clean: 0.6127, ASR_train_attach: 1.0000, ASR_train_outter: 1.0000
Epoch 600, loss_inner: 1.36362, loss_target: 2.93456, homo loss: 0.01385 
acc_train_clean: 0.5992, ASR_train_attach: 1.0000, ASR_train_outter: 1.0000
Epoch 610, loss_inner: 1.52706, loss_target: 3.08834, homo loss: 0.00931 
acc_train_clean: 0.5891, ASR_train_attach: 1.0000, ASR_train_outter: 0.9983
Epoch 620, loss_inner: 1.57558, loss_target: 2.71710, homo loss: 0.01523 
acc_train_clean: 0.5560, ASR_train_attach: 1.0000, ASR_train_outter: 0.9983
Epoch 630, loss_inner: 1.65855, loss_target: 3.48434, homo loss: 0.01548 
acc_train_clean: 0.5526, ASR_train_attach: 1.0000, ASR_train_outter: 0.9983
Epoch 640, loss_inner: 2.22933, loss_target: 8.90722, homo loss: 0.02239 
acc_train_clean: 0.4984, ASR_train_attach: 1.0000, ASR_train_outter: 1.0000
Epoch 650, loss_inner: 2.15784, loss_target: 10.28692, homo loss: 0.02440 
acc_train_clean: 0.5005, ASR_train_attach: 1.0000, ASR_train_outter: 0.9983
Epoch 660, loss_inner: 1.72827, loss_target: 9.75085, homo loss: 0.03800 
acc_train_clean: 0.5467, ASR_train_attach: 1.0000, ASR_train_outter: 1.0000
Epoch 670, loss_inner: 1.61108, loss_target: 6.74147, homo loss: 0.06093 
acc_train_clean: 0.5978, ASR_train_attach: 1.0000, ASR_train_outter: 1.0000
Epoch 680, loss_inner: 1.81884, loss_target: 18.92159, homo loss: 0.08619 
acc_train_clean: 0.5670, ASR_train_attach: 1.0000, ASR_train_outter: 0.7188
Epoch 690, loss_inner: 1.93817, loss_target: 22.83354, homo loss: 0.15098 
acc_train_clean: 0.5573, ASR_train_attach: 1.0000, ASR_train_outter: 1.0000
Epoch 700, loss_inner: 1.70273, loss_target: 4.40566, homo loss: 0.17069 
acc_train_clean: 0.5662, ASR_train_attach: 1.0000, ASR_train_outter: 1.0000
Epoch 710, loss_inner: 1.43978, loss_target: 5.30662, homo loss: 0.17339 
acc_train_clean: 0.5975, ASR_train_attach: 1.0000, ASR_train_outter: 0.0000
Epoch 720, loss_inner: 1.37715, loss_target: 1.33441, homo loss: 0.15608 
acc_train_clean: 0.6085, ASR_train_attach: 1.0000, ASR_train_outter: 1.0000
Epoch 730, loss_inner: 1.33509, loss_target: 1.29524, homo loss: 0.14251 
acc_train_clean: 0.6195, ASR_train_attach: 1.0000, ASR_train_outter: 1.0000
Epoch 740, loss_inner: 1.30596, loss_target: 1.26779, homo loss: 0.12884 
acc_train_clean: 0.6267, ASR_train_attach: 1.0000, ASR_train_outter: 1.0000
Epoch 750, loss_inner: 1.28473, loss_target: 1.24788, homo loss: 0.11573 
acc_train_clean: 0.6330, ASR_train_attach: 1.0000, ASR_train_outter: 1.0000
Epoch 760, loss_inner: 1.26851, loss_target: 1.23241, homo loss: 0.10327 
acc_train_clean: 0.6359, ASR_train_attach: 1.0000, ASR_train_outter: 1.0000
Epoch 770, loss_inner: 1.25550, loss_target: 1.22012, homo loss: 0.09228 
acc_train_clean: 0.6392, ASR_train_attach: 1.0000, ASR_train_outter: 1.0000
Epoch 780, loss_inner: 1.24505, loss_target: 1.21016, homo loss: 0.08251 
acc_train_clean: 0.6421, ASR_train_attach: 1.0000, ASR_train_outter: 1.0000
Epoch 790, loss_inner: 1.23673, loss_target: 1.20226, homo loss: 0.07387 
acc_train_clean: 0.6436, ASR_train_attach: 1.0000, ASR_train_outter: 1.0000
load best weight based on the loss outter
precent of left attach nodes: 1.000
Namespace(cuda=True, dataset='ogbn-arxiv', debug=True, defense_mode='none', device_id=0, dis_weight=0.0, dropout=0.5, epochs=800, evaluate_mode='1by1', hidden=32, homo_boost_thrd=0.8, homo_loss_weight=100.0, inner=1, lr=0.01, model='GCN', no_cuda=False, prune_thr=0.8, seed=265, selection_method='cluster_degree', target_class=0, target_loss_weight=1, test_model='GCN', thrd=0.5, train_lr=0.01, trigger_size=3, trojan_epochs=800, use_vs_number=True, vs_number=160, vs_ratio=0, weight_decay=0.0005)
target class rate on Vs: 1.0000
accuracy on clean test nodes: 0.6551
Overall ASR: 0.9937
Flip ASR: 0.9937/16875 nodes
Namespace(cuda=True, dataset='ogbn-arxiv', debug=True, defense_mode='none', device_id=0, dis_weight=0.0, dropout=0.5, epochs=800, evaluate_mode='1by1', hidden=32, homo_boost_thrd=0.8, homo_loss_weight=100.0, inner=1, lr=0.01, model='GCN', no_cuda=False, prune_thr=0.8, seed=125, selection_method='cluster_degree', target_class=0, target_loss_weight=1, test_model='GCN', thrd=0.5, train_lr=0.01, trigger_size=3, trojan_epochs=800, use_vs_number=True, vs_number=160, vs_ratio=0, weight_decay=0.0005)
target class rate on Vs: 1.0000
accuracy on clean test nodes: 0.6572
Overall ASR: 0.9914
Flip ASR: 0.9913/16875 nodes
Namespace(cuda=True, dataset='ogbn-arxiv', debug=True, defense_mode='none', device_id=0, dis_weight=0.0, dropout=0.5, epochs=800, evaluate_mode='1by1', hidden=32, homo_boost_thrd=0.8, homo_loss_weight=100.0, inner=1, lr=0.01, model='GCN', no_cuda=False, prune_thr=0.8, seed=996, selection_method='cluster_degree', target_class=0, target_loss_weight=1, test_model='GCN', thrd=0.5, train_lr=0.01, trigger_size=3, trojan_epochs=800, use_vs_number=True, vs_number=160, vs_ratio=0, weight_decay=0.0005)
target class rate on Vs: 1.0000
accuracy on clean test nodes: 0.6583
