nohup: ignoring input
run_adaptive.py:8: DeprecationWarning: the imp module is deprecated in favour of importlib; see the module's documentation for alternative uses
  import imp
Namespace(cuda=True, dataset='ogbn-arxiv', debug=True, defense_mode='prune', device_id=0, dis_weight=0.0, dropout=0.5, epochs=200, evaluate_mode='1by1', hidden=32, homo_boost_thrd=0.8, homo_loss_weight=100.0, inner=1, lr=0.01, model='GCN', no_cuda=False, prune_thr=0.8, seed=10, selection_method='cluster_degree', target_class=0, target_loss_weight=1, test_model='GCN', thrd=0.5, train_lr=0.01, trigger_size=3, trojan_epochs=400, use_vs_number=True, vs_number=400, vs_ratio=0, weight_decay=0.0005)
#Attach Nodes:400
./selected_nodes/ogbn-arxiv/Overall/seed10/nodes.txt
idx_attach: tensor([132437, 159342, 115859,  11103, 127522,  67544,  82569, 161886,  62976,
         13773,  68963, 144203,  19681,    750, 156733,  86828,  18909,  82685,
         81700, 164714, 103734,  65352,  47692,  14294, 153213,  78523,   1385,
         50714, 156839, 144199,  88403,  58221,  56228,  88511,  12909, 156645,
         93340, 136107,  80139,    622,   1438,   7666, 133129, 127534, 106596,
        102712,   4269,  55140, 125068, 152827, 135150,  23527,   3609,   6462,
        121168, 152542,   6165, 126338,  90948,  77520,  47397, 106658,  68636,
        109074,  69509, 138501,  13873,  20117,  83448,   3102, 143264,  91042,
         54237,  58770, 165138, 126351,  55671,  99141,  13704, 136218,  16458,
         43368, 146276,  31105, 112018,  77110, 104399,  46245, 147007,   5821,
         19313,  91731,  20583, 142204,  80573,   7668,  83587, 128743, 143180,
         91852,  75911,  65787, 153365, 126297,  39114, 104240,  77327,   4583,
           512,  48952,  28134,  38432,  10832,  61628, 127678, 138417, 147495,
         98345,  93057,  33697, 138811, 124659, 133488,  71285,  47676,   1298,
        167767,  47649, 124811,  39955,  70652, 138116,  94425, 163083,  21820,
        133451,  73518, 132097,  23608,  13837, 125639,  40347, 163907,   5087,
          6422, 119164, 165901,   5059,  83768,  27180, 100388,  35462, 116799,
          3703,   5670,  48904,  68159, 113552, 160597,  96989, 127472, 136647,
        148726, 125053, 138149, 138315, 141422,  76351,  76598,  59904, 148285,
         70903, 165759,  39375, 136221, 140976,  63383,  42932,  75075,  71850,
         73993,  30102,  65808,  62714,  45851,  95186,  36002,  74863,  64652,
        161830, 145444, 126027,  60679,  73713,  93896, 146527, 169172, 114189,
         95782,  93842, 148869, 112848,  68654,   4485, 168944, 140981,  72175,
         45679,  20436,   7628, 115596, 130154, 135469,  14337,  63022,  17599,
        122842, 103833,  45706,  81303,  13852,  81871, 114723, 142817,  28988,
         48225,  21674,  34318, 111176, 158279, 146881,  34991,  76669,  13346,
         17731, 138128, 136891, 117554,  40123,  52955, 103517, 141078,  75105,
         82512, 168762, 139593, 118896,  12297, 138395,  64922,  55710,  22340,
         76111,  93384, 111925,   5010,  13015, 116348, 150061, 130103, 141021,
         64826, 144901, 106175,  92109,  89940,  71933, 144027,  36882,  41628,
         55044,  12828,  41681,  14340,  23638, 144925,  62265,  35737, 155976,
        161925,  63089, 135644, 164665,   9848, 124525,  66260,  78580,  66041,
          4226, 128942,  52300,  86426, 146623,  42022,  64582,  63272, 144613,
         12980,  93063, 146301, 166120, 109587, 144883,  58222, 119761, 126871,
        112989,  47264,  44224,  76605, 125250,  85029, 139694, 119661,  82517,
         10258,   5687,  86843,  93827,  30524, 146837, 142859,   3796, 104188,
         59645, 150266,  63460, 152939, 132153,  87353, 155538,  28127,  86437,
           591,  14225, 111064,  72841,  91588, 121367, 129042,  82694, 139395,
        116755,  46308,  15022,  85320,  72395, 143355, 128020,  15828, 143322,
         55075,  51976,  81577,  12925,  52480,  77357, 123824, 117210, 101747,
         38371,  89521, 120166,  15685,  29096,  24361,   9035, 130319,   6402,
         54168, 138793,  78393,  97894,  85421, 150077, 147429,  30273,  47541,
        101610, 157814,  45601, 169188, 146774,  52883,  71248, 152946,  56090,
         48566,  94860,  87246, 155373,  48973, 147804,  56436,  69861, 158491,
        124225, 157846,  36579,  12832], device='cuda:0')
tensor([     1,      2,      3,  ..., 169334, 169336, 169338], device='cuda:0')
Epoch 0, loss_inner: 3.74860, loss_target: 3.62830, homo loss: 0.80375 
acc_train_clean: 0.0089, ASR_train_attach: 0.0000, ASR_train_outter: 0.0000
Epoch 10, loss_inner: 3.03975, loss_target: 3.08981, homo loss: 0.00409 
acc_train_clean: 0.2705, ASR_train_attach: 0.0000, ASR_train_outter: 0.0000
Epoch 20, loss_inner: 2.77765, loss_target: 2.75928, homo loss: 0.00120 
acc_train_clean: 0.2861, ASR_train_attach: 0.0000, ASR_train_outter: 0.0000
Epoch 30, loss_inner: 2.47134, loss_target: 2.42657, homo loss: 0.00065 
acc_train_clean: 0.3586, ASR_train_attach: 0.1775, ASR_train_outter: 0.3794
Epoch 40, loss_inner: 2.16297, loss_target: 2.11353, homo loss: 0.00058 
acc_train_clean: 0.4414, ASR_train_attach: 0.9125, ASR_train_outter: 0.8849
Epoch 50, loss_inner: 1.91383, loss_target: 1.87081, homo loss: 0.00054 
acc_train_clean: 0.5029, ASR_train_attach: 0.9325, ASR_train_outter: 0.9189
Epoch 60, loss_inner: 1.72647, loss_target: 1.69148, homo loss: 0.00059 
acc_train_clean: 0.5368, ASR_train_attach: 0.9500, ASR_train_outter: 0.9331
Epoch 70, loss_inner: 1.59805, loss_target: 1.56809, homo loss: 0.00052 
acc_train_clean: 0.5638, ASR_train_attach: 0.9875, ASR_train_outter: 0.9704
Epoch 80, loss_inner: 1.50541, loss_target: 1.47949, homo loss: 0.00047 
acc_train_clean: 0.5860, ASR_train_attach: 0.9850, ASR_train_outter: 0.9671
Epoch 90, loss_inner: 1.43708, loss_target: 1.41411, homo loss: 0.00042 
acc_train_clean: 0.6002, ASR_train_attach: 0.9900, ASR_train_outter: 0.9704
Epoch 100, loss_inner: 1.38703, loss_target: 1.36583, homo loss: 0.00037 
acc_train_clean: 0.6102, ASR_train_attach: 0.9925, ASR_train_outter: 0.9770
Epoch 110, loss_inner: 1.34991, loss_target: 1.32991, homo loss: 0.00031 
acc_train_clean: 0.6174, ASR_train_attach: 0.9925, ASR_train_outter: 0.9781
Epoch 120, loss_inner: 1.31852, loss_target: 1.29860, homo loss: 0.00024 
acc_train_clean: 0.6233, ASR_train_attach: 0.9950, ASR_train_outter: 0.9814
Epoch 130, loss_inner: 1.28785, loss_target: 1.26820, homo loss: 0.00015 
acc_train_clean: 0.6297, ASR_train_attach: 0.9975, ASR_train_outter: 0.9868
Epoch 140, loss_inner: 1.26227, loss_target: 1.24350, homo loss: 0.00010 
acc_train_clean: 0.6359, ASR_train_attach: 0.9950, ASR_train_outter: 0.9846
Epoch 150, loss_inner: 1.24324, loss_target: 1.22525, homo loss: 0.00005 
acc_train_clean: 0.6396, ASR_train_attach: 0.9975, ASR_train_outter: 0.9868
Epoch 160, loss_inner: 1.22920, loss_target: 1.21175, homo loss: 0.00006 
acc_train_clean: 0.6428, ASR_train_attach: 1.0000, ASR_train_outter: 0.9879
Epoch 170, loss_inner: 1.21829, loss_target: 1.20075, homo loss: 0.00002 
acc_train_clean: 0.6446, ASR_train_attach: 1.0000, ASR_train_outter: 0.9901
Epoch 180, loss_inner: 1.20928, loss_target: 1.19179, homo loss: 0.00002 
acc_train_clean: 0.6464, ASR_train_attach: 1.0000, ASR_train_outter: 0.9923
Epoch 190, loss_inner: 1.20152, loss_target: 1.18416, homo loss: 0.00001 
acc_train_clean: 0.6480, ASR_train_attach: 1.0000, ASR_train_outter: 0.9912
Epoch 200, loss_inner: 1.19236, loss_target: 1.17478, homo loss: 0.00001 
acc_train_clean: 0.6506, ASR_train_attach: 1.0000, ASR_train_outter: 0.9934
Epoch 210, loss_inner: 1.18163, loss_target: 1.16443, homo loss: 0.00000 
acc_train_clean: 0.6533, ASR_train_attach: 1.0000, ASR_train_outter: 0.9934
Epoch 220, loss_inner: 1.17318, loss_target: 1.15647, homo loss: 0.00003 
acc_train_clean: 0.6559, ASR_train_attach: 1.0000, ASR_train_outter: 0.9901
Epoch 230, loss_inner: 1.16657, loss_target: 1.15028, homo loss: 0.00000 
acc_train_clean: 0.6582, ASR_train_attach: 1.0000, ASR_train_outter: 0.9901
Epoch 240, loss_inner: 1.16183, loss_target: 1.14544, homo loss: 0.00011 
acc_train_clean: 0.6594, ASR_train_attach: 1.0000, ASR_train_outter: 0.9923
Epoch 250, loss_inner: 1.15779, loss_target: 1.14140, homo loss: 0.00000 
acc_train_clean: 0.6612, ASR_train_attach: 1.0000, ASR_train_outter: 0.9912
Epoch 260, loss_inner: 1.15415, loss_target: 1.13777, homo loss: 0.00001 
acc_train_clean: 0.6616, ASR_train_attach: 1.0000, ASR_train_outter: 0.9945
Epoch 270, loss_inner: 1.14979, loss_target: 1.13334, homo loss: 0.00001 
acc_train_clean: 0.6626, ASR_train_attach: 1.0000, ASR_train_outter: 0.9934
Epoch 280, loss_inner: 1.14685, loss_target: 1.12916, homo loss: 0.00000 
acc_train_clean: 0.6625, ASR_train_attach: 1.0000, ASR_train_outter: 0.9945
Epoch 290, loss_inner: 1.13919, loss_target: 1.12256, homo loss: 0.00000 
acc_train_clean: 0.6651, ASR_train_attach: 1.0000, ASR_train_outter: 0.9945
Epoch 300, loss_inner: 1.13478, loss_target: 1.11856, homo loss: 0.00001 
acc_train_clean: 0.6663, ASR_train_attach: 1.0000, ASR_train_outter: 0.9945
Epoch 310, loss_inner: 1.13059, loss_target: 1.11449, homo loss: 0.00001 
acc_train_clean: 0.6680, ASR_train_attach: 1.0000, ASR_train_outter: 0.9945
Epoch 320, loss_inner: 1.12641, loss_target: 1.11034, homo loss: 0.00002 
acc_train_clean: 0.6690, ASR_train_attach: 1.0000, ASR_train_outter: 0.9945
Epoch 330, loss_inner: 1.12306, loss_target: 1.10718, homo loss: 0.00001 
acc_train_clean: 0.6693, ASR_train_attach: 1.0000, ASR_train_outter: 0.9934
Epoch 340, loss_inner: 1.12040, loss_target: 1.10436, homo loss: 0.00001 
acc_train_clean: 0.6700, ASR_train_attach: 1.0000, ASR_train_outter: 0.9945
Epoch 350, loss_inner: 1.11838, loss_target: 1.10261, homo loss: 0.00000 
acc_train_clean: 0.6700, ASR_train_attach: 1.0000, ASR_train_outter: 0.9945
Epoch 360, loss_inner: 1.11658, loss_target: 1.10083, homo loss: 0.00003 
acc_train_clean: 0.6712, ASR_train_attach: 1.0000, ASR_train_outter: 0.9956
Epoch 370, loss_inner: 1.11495, loss_target: 1.09912, homo loss: 0.00000 
acc_train_clean: 0.6710, ASR_train_attach: 1.0000, ASR_train_outter: 0.9956
Epoch 380, loss_inner: 1.11351, loss_target: 1.09775, homo loss: 0.00000 
acc_train_clean: 0.6722, ASR_train_attach: 1.0000, ASR_train_outter: 0.9956
Epoch 390, loss_inner: 1.11271, loss_target: 1.09676, homo loss: 0.00000 
acc_train_clean: 0.6726, ASR_train_attach: 1.0000, ASR_train_outter: 0.9956
load best weight based on the loss outter
precent of left attach nodes: 1.000
Namespace(cuda=True, dataset='ogbn-arxiv', debug=True, defense_mode='prune', device_id=0, dis_weight=0.0, dropout=0.5, epochs=200, evaluate_mode='1by1', hidden=32, homo_boost_thrd=0.8, homo_loss_weight=100.0, inner=1, lr=0.01, model='GCN', no_cuda=False, prune_thr=0.8, seed=265, selection_method='cluster_degree', target_class=0, target_loss_weight=1, test_model='GCN', thrd=0.5, train_lr=0.01, trigger_size=3, trojan_epochs=400, use_vs_number=True, vs_number=400, vs_ratio=0, weight_decay=0.0005)
target class rate on Vs: 0.9950
accuracy on clean test nodes: 0.6218
Overall ASR: 0.9295
Flip ASR: 0.9292/16875 nodes
Namespace(cuda=True, dataset='ogbn-arxiv', debug=True, defense_mode='prune', device_id=0, dis_weight=0.0, dropout=0.5, epochs=200, evaluate_mode='1by1', hidden=32, homo_boost_thrd=0.8, homo_loss_weight=100.0, inner=1, lr=0.01, model='GCN', no_cuda=False, prune_thr=0.8, seed=125, selection_method='cluster_degree', target_class=0, target_loss_weight=1, test_model='GCN', thrd=0.5, train_lr=0.01, trigger_size=3, trojan_epochs=400, use_vs_number=True, vs_number=400, vs_ratio=0, weight_decay=0.0005)
target class rate on Vs: 0.9950
accuracy on clean test nodes: 0.6201
Overall ASR: 0.9312
Flip ASR: 0.9310/16875 nodes
Namespace(cuda=True, dataset='ogbn-arxiv', debug=True, defense_mode='prune', device_id=0, dis_weight=0.0, dropout=0.5, epochs=200, evaluate_mode='1by1', hidden=32, homo_boost_thrd=0.8, homo_loss_weight=100.0, inner=1, lr=0.01, model='GCN', no_cuda=False, prune_thr=0.8, seed=996, selection_method='cluster_degree', target_class=0, target_loss_weight=1, test_model='GCN', thrd=0.5, train_lr=0.01, trigger_size=3, trojan_epochs=400, use_vs_number=True, vs_number=400, vs_ratio=0, weight_decay=0.0005)
target class rate on Vs: 0.9950
accuracy on clean test nodes: 0.6308
Overall ASR: 0.9278
Flip ASR: 0.9276/16875 nodes
Namespace(cuda=True, dataset='ogbn-arxiv', debug=True, defense_mode='prune', device_id=0, dis_weight=0.0, dropout=0.5, epochs=200, evaluate_mode='1by1', hidden=32, homo_boost_thrd=0.8, homo_loss_weight=100.0, inner=1, lr=0.01, model='GCN', no_cuda=False, prune_thr=0.8, seed=527, selection_method='cluster_degree', target_class=0, target_loss_weight=1, test_model='GCN', thrd=0.5, train_lr=0.01, trigger_size=3, trojan_epochs=400, use_vs_number=True, vs_number=400, vs_ratio=0, weight_decay=0.0005)
target class rate on Vs: 0.9950
accuracy on clean test nodes: 0.6270
Overall ASR: 0.9391
Flip ASR: 0.9389/16875 nodes
Namespace(cuda=True, dataset='ogbn-arxiv', debug=True, defense_mode='prune', device_id=0, dis_weight=0.0, dropout=0.5, epochs=200, evaluate_mode='1by1', hidden=32, homo_boost_thrd=0.8, homo_loss_weight=100.0, inner=1, lr=0.01, model='GCN', no_cuda=False, prune_thr=0.8, seed=320, selection_method='cluster_degree', target_class=0, target_loss_weight=1, test_model='GCN', thrd=0.5, train_lr=0.01, trigger_size=3, trojan_epochs=400, use_vs_number=True, vs_number=400, vs_ratio=0, weight_decay=0.0005)
target class rate on Vs: 0.9950
accuracy on clean test nodes: 0.6154
Overall ASR: 0.9391
Flip ASR: 0.9388/16875 nodes
Overall ASR: 0.9333 (GCN model, Seed: 320)
Overall Clean Accuracy: 0.6230
Namespace(cuda=True, dataset='ogbn-arxiv', debug=True, defense_mode='prune', device_id=0, dis_weight=0.0, dropout=0.5, epochs=200, evaluate_mode='1by1', hidden=32, homo_boost_thrd=0.8, homo_loss_weight=100.0, inner=1, lr=0.01, model='GCN', no_cuda=False, prune_thr=0.8, seed=781, selection_method='cluster_degree', target_class=0, target_loss_weight=1, test_model='GAT', thrd=0.5, train_lr=0.01, trigger_size=3, trojan_epochs=400, use_vs_number=True, vs_number=400, vs_ratio=0, weight_decay=0.0005)
/home/project-graph-backdoor/Backdoor/models/GAT.py:61: UserWarning: To copy construct from a tensor, it is recommended to use sourceTensor.clone().detach() or sourceTensor.clone().detach().requires_grad_(True), rather than torch.tensor(sourceTensor).
  self.labels = torch.tensor(labels, dtype=torch.long)
target class rate on Vs: 0.9950
accuracy on clean test nodes: 0.6281
Overall ASR: 0.9591
Flip ASR: 0.9590/16875 nodes
Namespace(cuda=True, dataset='ogbn-arxiv', debug=True, defense_mode='prune', device_id=0, dis_weight=0.0, dropout=0.5, epochs=200, evaluate_mode='1by1', hidden=32, homo_boost_thrd=0.8, homo_loss_weight=100.0, inner=1, lr=0.01, model='GCN', no_cuda=False, prune_thr=0.8, seed=706, selection_method='cluster_degree', target_class=0, target_loss_weight=1, test_model='GAT', thrd=0.5, train_lr=0.01, trigger_size=3, trojan_epochs=400, use_vs_number=True, vs_number=400, vs_ratio=0, weight_decay=0.0005)
target class rate on Vs: 0.9950
accuracy on clean test nodes: 0.6296
Overall ASR: 0.9591
Flip ASR: 0.9589/16875 nodes
Namespace(cuda=True, dataset='ogbn-arxiv', debug=True, defense_mode='prune', device_id=0, dis_weight=0.0, dropout=0.5, epochs=200, evaluate_mode='1by1', hidden=32, homo_boost_thrd=0.8, homo_loss_weight=100.0, inner=1, lr=0.01, model='GCN', no_cuda=False, prune_thr=0.8, seed=778, selection_method='cluster_degree', target_class=0, target_loss_weight=1, test_model='GAT', thrd=0.5, train_lr=0.01, trigger_size=3, trojan_epochs=400, use_vs_number=True, vs_number=400, vs_ratio=0, weight_decay=0.0005)
target class rate on Vs: 0.9950
accuracy on clean test nodes: 0.6269
Overall ASR: 0.9591
Flip ASR: 0.9589/16875 nodes
Namespace(cuda=True, dataset='ogbn-arxiv', debug=True, defense_mode='prune', device_id=0, dis_weight=0.0, dropout=0.5, epochs=200, evaluate_mode='1by1', hidden=32, homo_boost_thrd=0.8, homo_loss_weight=100.0, inner=1, lr=0.01, model='GCN', no_cuda=False, prune_thr=0.8, seed=604, selection_method='cluster_degree', target_class=0, target_loss_weight=1, test_model='GAT', thrd=0.5, train_lr=0.01, trigger_size=3, trojan_epochs=400, use_vs_number=True, vs_number=400, vs_ratio=0, weight_decay=0.0005)
target class rate on Vs: 0.9950
accuracy on clean test nodes: 0.6289
Overall ASR: 0.9591
Flip ASR: 0.9589/16875 nodes
Namespace(cuda=True, dataset='ogbn-arxiv', debug=True, defense_mode='prune', device_id=0, dis_weight=0.0, dropout=0.5, epochs=200, evaluate_mode='1by1', hidden=32, homo_boost_thrd=0.8, homo_loss_weight=100.0, inner=1, lr=0.01, model='GCN', no_cuda=False, prune_thr=0.8, seed=133, selection_method='cluster_degree', target_class=0, target_loss_weight=1, test_model='GAT', thrd=0.5, train_lr=0.01, trigger_size=3, trojan_epochs=400, use_vs_number=True, vs_number=400, vs_ratio=0, weight_decay=0.0005)
target class rate on Vs: 0.9950
accuracy on clean test nodes: 0.6266
Overall ASR: 0.9591
Flip ASR: 0.9589/16875 nodes
Overall ASR: 0.9591 (GAT model, Seed: 133)
Overall Clean Accuracy: 0.6280
Namespace(cuda=True, dataset='ogbn-arxiv', debug=True, defense_mode='prune', device_id=0, dis_weight=0.0, dropout=0.5, epochs=200, evaluate_mode='1by1', hidden=32, homo_boost_thrd=0.8, homo_loss_weight=100.0, inner=1, lr=0.01, model='GCN', no_cuda=False, prune_thr=0.8, seed=673, selection_method='cluster_degree', target_class=0, target_loss_weight=1, test_model='GraphSage', thrd=0.5, train_lr=0.01, trigger_size=3, trojan_epochs=400, use_vs_number=True, vs_number=400, vs_ratio=0, weight_decay=0.0005)
target class rate on Vs: 0.9700
accuracy on clean test nodes: 0.6260
Overall ASR: 0.8905
Flip ASR: 0.8901/16875 nodes
Namespace(cuda=True, dataset='ogbn-arxiv', debug=True, defense_mode='prune', device_id=0, dis_weight=0.0, dropout=0.5, epochs=200, evaluate_mode='1by1', hidden=32, homo_boost_thrd=0.8, homo_loss_weight=100.0, inner=1, lr=0.01, model='GCN', no_cuda=False, prune_thr=0.8, seed=904, selection_method='cluster_degree', target_class=0, target_loss_weight=1, test_model='GraphSage', thrd=0.5, train_lr=0.01, trigger_size=3, trojan_epochs=400, use_vs_number=True, vs_number=400, vs_ratio=0, weight_decay=0.0005)
target class rate on Vs: 0.9700
accuracy on clean test nodes: 0.6253
Overall ASR: 0.8810
Flip ASR: 0.8806/16875 nodes
Namespace(cuda=True, dataset='ogbn-arxiv', debug=True, defense_mode='prune', device_id=0, dis_weight=0.0, dropout=0.5, epochs=200, evaluate_mode='1by1', hidden=32, homo_boost_thrd=0.8, homo_loss_weight=100.0, inner=1, lr=0.01, model='GCN', no_cuda=False, prune_thr=0.8, seed=56, selection_method='cluster_degree', target_class=0, target_loss_weight=1, test_model='GraphSage', thrd=0.5, train_lr=0.01, trigger_size=3, trojan_epochs=400, use_vs_number=True, vs_number=400, vs_ratio=0, weight_decay=0.0005)
target class rate on Vs: 0.9750
accuracy on clean test nodes: 0.6254
Overall ASR: 0.8843
Flip ASR: 0.8839/16875 nodes
Namespace(cuda=True, dataset='ogbn-arxiv', debug=True, defense_mode='prune', device_id=0, dis_weight=0.0, dropout=0.5, epochs=200, evaluate_mode='1by1', hidden=32, homo_boost_thrd=0.8, homo_loss_weight=100.0, inner=1, lr=0.01, model='GCN', no_cuda=False, prune_thr=0.8, seed=1, selection_method='cluster_degree', target_class=0, target_loss_weight=1, test_model='GraphSage', thrd=0.5, train_lr=0.01, trigger_size=3, trojan_epochs=400, use_vs_number=True, vs_number=400, vs_ratio=0, weight_decay=0.0005)
target class rate on Vs: 0.9625
accuracy on clean test nodes: 0.6353
Overall ASR: 0.8861
Flip ASR: 0.8857/16875 nodes
Namespace(cuda=True, dataset='ogbn-arxiv', debug=True, defense_mode='prune', device_id=0, dis_weight=0.0, dropout=0.5, epochs=200, evaluate_mode='1by1', hidden=32, homo_boost_thrd=0.8, homo_loss_weight=100.0, inner=1, lr=0.01, model='GCN', no_cuda=False, prune_thr=0.8, seed=694, selection_method='cluster_degree', target_class=0, target_loss_weight=1, test_model='GraphSage', thrd=0.5, train_lr=0.01, trigger_size=3, trojan_epochs=400, use_vs_number=True, vs_number=400, vs_ratio=0, weight_decay=0.0005)
target class rate on Vs: 0.9650
accuracy on clean test nodes: 0.6202
Overall ASR: 0.8832
Flip ASR: 0.8828/16875 nodes
Overall ASR: 0.8850 (GraphSage model, Seed: 694)
Overall Clean Accuracy: 0.6264
Total Overall ASR: 0.9258 
Total Clean Accuracy: 0.6258
