nohup: ignoring input
run_adaptive.py:8: DeprecationWarning: the imp module is deprecated in favour of importlib; see the module's documentation for alternative uses
  import imp
Namespace(cuda=True, dataset='ogbn-arxiv', debug=True, defense_mode='prune', device_id=1, dis_weight=0.0, dropout=0.5, epochs=200, evaluate_mode='1by1', hidden=32, homo_boost_thrd=0.8, homo_loss_weight=100.0, inner=1, lr=0.01, model='GCN', no_cuda=False, prune_thr=0.8, seed=10, selection_method='cluster_degree', target_class=0, target_loss_weight=1, test_model='GCN', thrd=0.5, train_lr=0.01, trigger_size=3, trojan_epochs=400, use_vs_number=True, vs_number=160, vs_ratio=0, weight_decay=0.0005)
#Attach Nodes:160
Length of training set: 33868
=== training gcn model ===
Epoch 0, training loss: 3.723762273788452
acc_val: 0.1627
Epoch 10, training loss: 3.1244380474090576
acc_val: 0.2077
Epoch 20, training loss: 2.903806686401367
acc_val: 0.2803
Epoch 30, training loss: 2.5592551231384277
acc_val: 0.3181
Epoch 40, training loss: 2.318530321121216
acc_val: 0.4280
Epoch 50, training loss: 2.137796640396118
acc_val: 0.4724
Epoch 60, training loss: 2.0451629161834717
acc_val: 0.4978
Epoch 70, training loss: 1.9729688167572021
acc_val: 0.5164
Epoch 80, training loss: 1.9153382778167725
acc_val: 0.5400
Epoch 90, training loss: 1.8536076545715332
acc_val: 0.5529
Epoch 100, training loss: 1.813143014907837
acc_val: 0.5692
Epoch 110, training loss: 1.7736912965774536
acc_val: 0.5773
Epoch 120, training loss: 1.7633124589920044
acc_val: 0.5761
Epoch 130, training loss: 1.7373838424682617
acc_val: 0.5796
Epoch 140, training loss: 1.7212650775909424
acc_val: 0.5840
Epoch 150, training loss: 1.7108726501464844
acc_val: 0.5876
Epoch 160, training loss: 1.7046470642089844
acc_val: 0.5929
Epoch 170, training loss: 1.6928151845932007
acc_val: 0.5932
Epoch 180, training loss: 1.6860078573226929
acc_val: 0.5941
Epoch 190, training loss: 1.681004524230957
acc_val: 0.5978
=== picking the best model according to the performance on validation ===
Training encoder Finished!
Total time elapsed: 4.5898s
Encoder CA on clean test nodes: 0.6042
[29 21 33 ... 30 16  7]
idx_attach: tensor([132437, 159342, 115859,  11103, 127522,  67544,  82569, 161886,  62976,
         13773,  68963, 144203,  19681,    750, 156733,  86828,  18909,  82685,
         81700, 164714, 103734,  65352,  47692,  14294, 153213,  78523,   1385,
         50714, 156839, 144199,  88403,  58221,  56228,  88511,  12909, 156645,
         93340, 136107,  80139,    622,   1438,   7666, 133129, 127534, 106596,
        102712,   4269,  55140, 125068, 152827, 135150,  23527,   3609,   6462,
        121168, 152542,   6165, 126338,  90948,  77520,  47397, 106658,  68636,
        109074,  69509, 138501,  13873,  20117,  83448,   3102, 143264,  91042,
         54237,  58770, 165138, 126351,  55671,  99141,  13704, 136218,  16458,
         43368, 146276,  31105, 112018,  77110, 104399,  46245, 147007,   5821,
         19313,  91731,  20583, 142204,  80573,   7668,  83587, 128743, 143180,
         91852,  75911,  65787, 153365, 126297,  39114, 104240,  77327,   4583,
           512,  48952,  28134,  38432,  10832,  61628, 127678, 138417, 147495,
         98345,  93057,  33697, 138811, 124659, 133488,  71285,  47676,   1298,
        167767,  47649, 124811,  39955,  70652, 138116,  94425, 163083,  21820,
        133451,  73518, 132097,  23608,  13837, 125639,  40347, 163907,   5087,
          6422, 119164, 165901,   5059,  83768,  27180, 100388,  35462, 116799,
          3703,   5670,  48904,  68159, 113552, 160597,  96989],
       device='cuda:1')
tensor([     1,      2,      3,  ..., 169334, 169336, 169338], device='cuda:1')
Epoch 0, loss_inner: 3.67884, loss_target: 3.56407, homo loss: 0.72111 
acc_train_clean: 0.0062, ASR_train_attach: 0.0000, ASR_train_outter: 0.0000
Epoch 10, loss_inner: 2.97871, loss_target: 3.06215, homo loss: 0.00886 
acc_train_clean: 0.1831, ASR_train_attach: 0.0000, ASR_train_outter: 0.0000
Epoch 20, loss_inner: 2.72131, loss_target: 2.74320, homo loss: 0.00125 
acc_train_clean: 0.3636, ASR_train_attach: 0.0000, ASR_train_outter: 0.0000
Epoch 30, loss_inner: 2.39865, loss_target: 2.43002, homo loss: 0.00081 
acc_train_clean: 0.3913, ASR_train_attach: 0.0000, ASR_train_outter: 0.0000
Epoch 40, loss_inner: 2.08836, loss_target: 2.06021, homo loss: 0.00073 
acc_train_clean: 0.4754, ASR_train_attach: 0.0438, ASR_train_outter: 0.3512
Epoch 50, loss_inner: 1.84366, loss_target: 1.81354, homo loss: 0.00059 
acc_train_clean: 0.5216, ASR_train_attach: 0.7875, ASR_train_outter: 0.7336
Epoch 60, loss_inner: 1.66096, loss_target: 1.63202, homo loss: 0.00050 
acc_train_clean: 0.5576, ASR_train_attach: 0.9062, ASR_train_outter: 0.8676
Epoch 70, loss_inner: 1.52718, loss_target: 1.50304, homo loss: 0.00046 
acc_train_clean: 0.5885, ASR_train_attach: 0.9438, ASR_train_outter: 0.9077
Epoch 80, loss_inner: 1.43187, loss_target: 1.41055, homo loss: 0.00056 
acc_train_clean: 0.6055, ASR_train_attach: 0.9750, ASR_train_outter: 0.9420
Epoch 90, loss_inner: 1.36688, loss_target: 1.34884, homo loss: 0.00050 
acc_train_clean: 0.6158, ASR_train_attach: 0.9625, ASR_train_outter: 0.9390
Epoch 100, loss_inner: 1.32224, loss_target: 1.30645, homo loss: 0.00044 
acc_train_clean: 0.6233, ASR_train_attach: 0.9625, ASR_train_outter: 0.9375
Epoch 110, loss_inner: 1.29017, loss_target: 1.27542, homo loss: 0.00039 
acc_train_clean: 0.6294, ASR_train_attach: 0.9750, ASR_train_outter: 0.9524
Epoch 120, loss_inner: 1.26628, loss_target: 1.25198, homo loss: 0.00035 
acc_train_clean: 0.6352, ASR_train_attach: 0.9875, ASR_train_outter: 0.9628
Epoch 130, loss_inner: 1.24576, loss_target: 1.23136, homo loss: 0.00029 
acc_train_clean: 0.6400, ASR_train_attach: 1.0000, ASR_train_outter: 0.9717
Epoch 140, loss_inner: 1.22668, loss_target: 1.21233, homo loss: 0.00019 
acc_train_clean: 0.6448, ASR_train_attach: 1.0000, ASR_train_outter: 0.9807
Epoch 150, loss_inner: 1.21115, loss_target: 1.19681, homo loss: 0.00010 
acc_train_clean: 0.6484, ASR_train_attach: 1.0000, ASR_train_outter: 0.9851
Epoch 160, loss_inner: 1.19936, loss_target: 1.18499, homo loss: 0.00005 
acc_train_clean: 0.6511, ASR_train_attach: 1.0000, ASR_train_outter: 0.9866
Epoch 170, loss_inner: 1.19061, loss_target: 1.17634, homo loss: 0.00004 
acc_train_clean: 0.6544, ASR_train_attach: 1.0000, ASR_train_outter: 0.9866
Epoch 180, loss_inner: 1.18354, loss_target: 1.16914, homo loss: 0.00002 
acc_train_clean: 0.6558, ASR_train_attach: 1.0000, ASR_train_outter: 0.9866
Epoch 190, loss_inner: 1.17747, loss_target: 1.16299, homo loss: 0.00001 
acc_train_clean: 0.6575, ASR_train_attach: 1.0000, ASR_train_outter: 0.9866
Epoch 200, loss_inner: 1.17196, loss_target: 1.15751, homo loss: 0.00003 
acc_train_clean: 0.6589, ASR_train_attach: 1.0000, ASR_train_outter: 0.9866
Epoch 210, loss_inner: 1.16687, loss_target: 1.15266, homo loss: 0.00001 
acc_train_clean: 0.6607, ASR_train_attach: 1.0000, ASR_train_outter: 0.9866
Epoch 220, loss_inner: 1.16127, loss_target: 1.14674, homo loss: 0.00002 
acc_train_clean: 0.6624, ASR_train_attach: 1.0000, ASR_train_outter: 0.9896
Epoch 230, loss_inner: 1.15557, loss_target: 1.14111, homo loss: 0.00000 
acc_train_clean: 0.6633, ASR_train_attach: 1.0000, ASR_train_outter: 0.9881
Epoch 240, loss_inner: 1.15010, loss_target: 1.13576, homo loss: 0.00001 
acc_train_clean: 0.6646, ASR_train_attach: 1.0000, ASR_train_outter: 0.9866
Epoch 250, loss_inner: 1.14581, loss_target: 1.13178, homo loss: 0.00001 
acc_train_clean: 0.6657, ASR_train_attach: 1.0000, ASR_train_outter: 0.9866
Epoch 260, loss_inner: 1.14214, loss_target: 1.12790, homo loss: 0.00002 
acc_train_clean: 0.6666, ASR_train_attach: 1.0000, ASR_train_outter: 0.9881
Epoch 270, loss_inner: 1.13888, loss_target: 1.12486, homo loss: 0.00009 
acc_train_clean: 0.6678, ASR_train_attach: 1.0000, ASR_train_outter: 0.9911
Epoch 280, loss_inner: 1.13612, loss_target: 1.12191, homo loss: 0.00001 
acc_train_clean: 0.6683, ASR_train_attach: 1.0000, ASR_train_outter: 0.9940
Epoch 290, loss_inner: 1.13454, loss_target: 1.12068, homo loss: 0.00000 
acc_train_clean: 0.6679, ASR_train_attach: 1.0000, ASR_train_outter: 0.9926
Epoch 300, loss_inner: 1.13153, loss_target: 1.11788, homo loss: 0.00001 
acc_train_clean: 0.6692, ASR_train_attach: 1.0000, ASR_train_outter: 0.9911
Epoch 310, loss_inner: 1.12952, loss_target: 1.11570, homo loss: 0.00002 
acc_train_clean: 0.6697, ASR_train_attach: 1.0000, ASR_train_outter: 0.9896
Epoch 320, loss_inner: 1.12757, loss_target: 1.11360, homo loss: 0.00000 
acc_train_clean: 0.6702, ASR_train_attach: 1.0000, ASR_train_outter: 0.9911
Epoch 330, loss_inner: 1.12583, loss_target: 1.11189, homo loss: 0.00005 
acc_train_clean: 0.6706, ASR_train_attach: 1.0000, ASR_train_outter: 0.9911
Epoch 340, loss_inner: 1.12424, loss_target: 1.11030, homo loss: 0.00004 
acc_train_clean: 0.6710, ASR_train_attach: 1.0000, ASR_train_outter: 0.9940
Epoch 350, loss_inner: 1.12266, loss_target: 1.10868, homo loss: 0.00004 
acc_train_clean: 0.6716, ASR_train_attach: 1.0000, ASR_train_outter: 0.9926
Epoch 360, loss_inner: 1.12130, loss_target: 1.10762, homo loss: 0.00006 
acc_train_clean: 0.6721, ASR_train_attach: 1.0000, ASR_train_outter: 0.9926
Epoch 370, loss_inner: 1.12040, loss_target: 1.10631, homo loss: 0.00002 
acc_train_clean: 0.6715, ASR_train_attach: 1.0000, ASR_train_outter: 0.9940
Epoch 380, loss_inner: 1.11856, loss_target: 1.10473, homo loss: 0.00001 
acc_train_clean: 0.6733, ASR_train_attach: 1.0000, ASR_train_outter: 0.9926
Epoch 390, loss_inner: 1.11728, loss_target: 1.10325, homo loss: 0.00000 
acc_train_clean: 0.6735, ASR_train_attach: 1.0000, ASR_train_outter: 0.9940
load best weight based on the loss outter
precent of left attach nodes: 1.000
Namespace(cuda=True, dataset='ogbn-arxiv', debug=True, defense_mode='prune', device_id=1, dis_weight=0.0, dropout=0.5, epochs=200, evaluate_mode='1by1', hidden=32, homo_boost_thrd=0.8, homo_loss_weight=100.0, inner=1, lr=0.01, model='GCN', no_cuda=False, prune_thr=0.8, seed=265, selection_method='cluster_degree', target_class=0, target_loss_weight=1, test_model='GCN', thrd=0.5, train_lr=0.01, trigger_size=3, trojan_epochs=400, use_vs_number=True, vs_number=160, vs_ratio=0, weight_decay=0.0005)
target class rate on Vs: 1.0000
accuracy on clean test nodes: 0.6234
Overall ASR: 0.9302
Flip ASR: 0.9300/16875 nodes
Namespace(cuda=True, dataset='ogbn-arxiv', debug=True, defense_mode='prune', device_id=1, dis_weight=0.0, dropout=0.5, epochs=200, evaluate_mode='1by1', hidden=32, homo_boost_thrd=0.8, homo_loss_weight=100.0, inner=1, lr=0.01, model='GCN', no_cuda=False, prune_thr=0.8, seed=125, selection_method='cluster_degree', target_class=0, target_loss_weight=1, test_model='GCN', thrd=0.5, train_lr=0.01, trigger_size=3, trojan_epochs=400, use_vs_number=True, vs_number=160, vs_ratio=0, weight_decay=0.0005)
target class rate on Vs: 1.0000
accuracy on clean test nodes: 0.6221
Overall ASR: 0.9294
Flip ASR: 0.9291/16875 nodes
Namespace(cuda=True, dataset='ogbn-arxiv', debug=True, defense_mode='prune', device_id=1, dis_weight=0.0, dropout=0.5, epochs=200, evaluate_mode='1by1', hidden=32, homo_boost_thrd=0.8, homo_loss_weight=100.0, inner=1, lr=0.01, model='GCN', no_cuda=False, prune_thr=0.8, seed=996, selection_method='cluster_degree', target_class=0, target_loss_weight=1, test_model='GCN', thrd=0.5, train_lr=0.01, trigger_size=3, trojan_epochs=400, use_vs_number=True, vs_number=160, vs_ratio=0, weight_decay=0.0005)
target class rate on Vs: 1.0000
accuracy on clean test nodes: 0.6305
Overall ASR: 0.9337
Flip ASR: 0.9335/16875 nodes
Namespace(cuda=True, dataset='ogbn-arxiv', debug=True, defense_mode='prune', device_id=1, dis_weight=0.0, dropout=0.5, epochs=200, evaluate_mode='1by1', hidden=32, homo_boost_thrd=0.8, homo_loss_weight=100.0, inner=1, lr=0.01, model='GCN', no_cuda=False, prune_thr=0.8, seed=527, selection_method='cluster_degree', target_class=0, target_loss_weight=1, test_model='GCN', thrd=0.5, train_lr=0.01, trigger_size=3, trojan_epochs=400, use_vs_number=True, vs_number=160, vs_ratio=0, weight_decay=0.0005)
target class rate on Vs: 1.0000
accuracy on clean test nodes: 0.6268
Overall ASR: 0.9338
Flip ASR: 0.9336/16875 nodes
Namespace(cuda=True, dataset='ogbn-arxiv', debug=True, defense_mode='prune', device_id=1, dis_weight=0.0, dropout=0.5, epochs=200, evaluate_mode='1by1', hidden=32, homo_boost_thrd=0.8, homo_loss_weight=100.0, inner=1, lr=0.01, model='GCN', no_cuda=False, prune_thr=0.8, seed=320, selection_method='cluster_degree', target_class=0, target_loss_weight=1, test_model='GCN', thrd=0.5, train_lr=0.01, trigger_size=3, trojan_epochs=400, use_vs_number=True, vs_number=160, vs_ratio=0, weight_decay=0.0005)
target class rate on Vs: 1.0000
accuracy on clean test nodes: 0.6141
Overall ASR: 0.9258
Flip ASR: 0.9255/16875 nodes
Overall ASR: 0.9306 (GCN model, Seed: 320)
Overall Clean Accuracy: 0.6234
Namespace(cuda=True, dataset='ogbn-arxiv', debug=True, defense_mode='prune', device_id=1, dis_weight=0.0, dropout=0.5, epochs=200, evaluate_mode='1by1', hidden=32, homo_boost_thrd=0.8, homo_loss_weight=100.0, inner=1, lr=0.01, model='GCN', no_cuda=False, prune_thr=0.8, seed=781, selection_method='cluster_degree', target_class=0, target_loss_weight=1, test_model='GAT', thrd=0.5, train_lr=0.01, trigger_size=3, trojan_epochs=400, use_vs_number=True, vs_number=160, vs_ratio=0, weight_decay=0.0005)
/home/project-graph-backdoor/Backdoor/models/GAT.py:61: UserWarning: To copy construct from a tensor, it is recommended to use sourceTensor.clone().detach() or sourceTensor.clone().detach().requires_grad_(True), rather than torch.tensor(sourceTensor).
  self.labels = torch.tensor(labels, dtype=torch.long)
target class rate on Vs: 1.0000
accuracy on clean test nodes: 0.6309
Overall ASR: 0.9532
Flip ASR: 0.9531/16875 nodes
Namespace(cuda=True, dataset='ogbn-arxiv', debug=True, defense_mode='prune', device_id=1, dis_weight=0.0, dropout=0.5, epochs=200, evaluate_mode='1by1', hidden=32, homo_boost_thrd=0.8, homo_loss_weight=100.0, inner=1, lr=0.01, model='GCN', no_cuda=False, prune_thr=0.8, seed=706, selection_method='cluster_degree', target_class=0, target_loss_weight=1, test_model='GAT', thrd=0.5, train_lr=0.01, trigger_size=3, trojan_epochs=400, use_vs_number=True, vs_number=160, vs_ratio=0, weight_decay=0.0005)
target class rate on Vs: 1.0000
accuracy on clean test nodes: 0.6322
Overall ASR: 0.9532
Flip ASR: 0.9530/16875 nodes
Namespace(cuda=True, dataset='ogbn-arxiv', debug=True, defense_mode='prune', device_id=1, dis_weight=0.0, dropout=0.5, epochs=200, evaluate_mode='1by1', hidden=32, homo_boost_thrd=0.8, homo_loss_weight=100.0, inner=1, lr=0.01, model='GCN', no_cuda=False, prune_thr=0.8, seed=778, selection_method='cluster_degree', target_class=0, target_loss_weight=1, test_model='GAT', thrd=0.5, train_lr=0.01, trigger_size=3, trojan_epochs=400, use_vs_number=True, vs_number=160, vs_ratio=0, weight_decay=0.0005)
target class rate on Vs: 1.0000
accuracy on clean test nodes: 0.6294
Overall ASR: 0.9532
Flip ASR: 0.9530/16875 nodes
Namespace(cuda=True, dataset='ogbn-arxiv', debug=True, defense_mode='prune', device_id=1, dis_weight=0.0, dropout=0.5, epochs=200, evaluate_mode='1by1', hidden=32, homo_boost_thrd=0.8, homo_loss_weight=100.0, inner=1, lr=0.01, model='GCN', no_cuda=False, prune_thr=0.8, seed=604, selection_method='cluster_degree', target_class=0, target_loss_weight=1, test_model='GAT', thrd=0.5, train_lr=0.01, trigger_size=3, trojan_epochs=400, use_vs_number=True, vs_number=160, vs_ratio=0, weight_decay=0.0005)
target class rate on Vs: 1.0000
accuracy on clean test nodes: 0.6296
Overall ASR: 0.9532
Flip ASR: 0.9530/16875 nodes
Namespace(cuda=True, dataset='ogbn-arxiv', debug=True, defense_mode='prune', device_id=1, dis_weight=0.0, dropout=0.5, epochs=200, evaluate_mode='1by1', hidden=32, homo_boost_thrd=0.8, homo_loss_weight=100.0, inner=1, lr=0.01, model='GCN', no_cuda=False, prune_thr=0.8, seed=133, selection_method='cluster_degree', target_class=0, target_loss_weight=1, test_model='GAT', thrd=0.5, train_lr=0.01, trigger_size=3, trojan_epochs=400, use_vs_number=True, vs_number=160, vs_ratio=0, weight_decay=0.0005)
target class rate on Vs: 1.0000
accuracy on clean test nodes: 0.6270
Overall ASR: 0.9532
Flip ASR: 0.9530/16875 nodes
Overall ASR: 0.9532 (GAT model, Seed: 133)
Overall Clean Accuracy: 0.6298
Namespace(cuda=True, dataset='ogbn-arxiv', debug=True, defense_mode='prune', device_id=1, dis_weight=0.0, dropout=0.5, epochs=200, evaluate_mode='1by1', hidden=32, homo_boost_thrd=0.8, homo_loss_weight=100.0, inner=1, lr=0.01, model='GCN', no_cuda=False, prune_thr=0.8, seed=673, selection_method='cluster_degree', target_class=0, target_loss_weight=1, test_model='GraphSage', thrd=0.5, train_lr=0.01, trigger_size=3, trojan_epochs=400, use_vs_number=True, vs_number=160, vs_ratio=0, weight_decay=0.0005)
target class rate on Vs: 0.9563
accuracy on clean test nodes: 0.6278
Overall ASR: 0.8706
Flip ASR: 0.8702/16875 nodes
Namespace(cuda=True, dataset='ogbn-arxiv', debug=True, defense_mode='prune', device_id=1, dis_weight=0.0, dropout=0.5, epochs=200, evaluate_mode='1by1', hidden=32, homo_boost_thrd=0.8, homo_loss_weight=100.0, inner=1, lr=0.01, model='GCN', no_cuda=False, prune_thr=0.8, seed=904, selection_method='cluster_degree', target_class=0, target_loss_weight=1, test_model='GraphSage', thrd=0.5, train_lr=0.01, trigger_size=3, trojan_epochs=400, use_vs_number=True, vs_number=160, vs_ratio=0, weight_decay=0.0005)
target class rate on Vs: 0.9688
accuracy on clean test nodes: 0.6248
Overall ASR: 0.8593
Flip ASR: 0.8589/16875 nodes
Namespace(cuda=True, dataset='ogbn-arxiv', debug=True, defense_mode='prune', device_id=1, dis_weight=0.0, dropout=0.5, epochs=200, evaluate_mode='1by1', hidden=32, homo_boost_thrd=0.8, homo_loss_weight=100.0, inner=1, lr=0.01, model='GCN', no_cuda=False, prune_thr=0.8, seed=56, selection_method='cluster_degree', target_class=0, target_loss_weight=1, test_model='GraphSage', thrd=0.5, train_lr=0.01, trigger_size=3, trojan_epochs=400, use_vs_number=True, vs_number=160, vs_ratio=0, weight_decay=0.0005)
target class rate on Vs: 0.9625
accuracy on clean test nodes: 0.6250
Overall ASR: 0.8622
Flip ASR: 0.8618/16875 nodes
Namespace(cuda=True, dataset='ogbn-arxiv', debug=True, defense_mode='prune', device_id=1, dis_weight=0.0, dropout=0.5, epochs=200, evaluate_mode='1by1', hidden=32, homo_boost_thrd=0.8, homo_loss_weight=100.0, inner=1, lr=0.01, model='GCN', no_cuda=False, prune_thr=0.8, seed=1, selection_method='cluster_degree', target_class=0, target_loss_weight=1, test_model='GraphSage', thrd=0.5, train_lr=0.01, trigger_size=3, trojan_epochs=400, use_vs_number=True, vs_number=160, vs_ratio=0, weight_decay=0.0005)
target class rate on Vs: 0.9563
accuracy on clean test nodes: 0.6323
Overall ASR: 0.8499
Flip ASR: 0.8494/16875 nodes
Namespace(cuda=True, dataset='ogbn-arxiv', debug=True, defense_mode='prune', device_id=1, dis_weight=0.0, dropout=0.5, epochs=200, evaluate_mode='1by1', hidden=32, homo_boost_thrd=0.8, homo_loss_weight=100.0, inner=1, lr=0.01, model='GCN', no_cuda=False, prune_thr=0.8, seed=694, selection_method='cluster_degree', target_class=0, target_loss_weight=1, test_model='GraphSage', thrd=0.5, train_lr=0.01, trigger_size=3, trojan_epochs=400, use_vs_number=True, vs_number=160, vs_ratio=0, weight_decay=0.0005)
target class rate on Vs: 0.9563
accuracy on clean test nodes: 0.6240
Overall ASR: 0.8543
Flip ASR: 0.8538/16875 nodes
Overall ASR: 0.8593 (GraphSage model, Seed: 694)
Overall Clean Accuracy: 0.6268
Total Overall ASR: 0.9143 
Total Clean Accuracy: 0.6267
