nohup: ignoring input
run_adaptive.py:8: DeprecationWarning: the imp module is deprecated in favour of importlib; see the module's documentation for alternative uses
  import imp
Namespace(cuda=True, dataset='ogbn-arxiv', debug=True, defense_mode='none', device_id=1, dis_weight=0.0, dropout=0.5, epochs=200, evaluate_mode='1by1', hidden=32, homo_boost_thrd=0.8, homo_loss_weight=50.0, inner=1, lr=0.01, model='GCN', no_cuda=False, prune_thr=0.8, seed=10, selection_method='cluster_degree', target_class=0, target_loss_weight=1, test_model='GCN', thrd=0.5, train_lr=0.01, trigger_size=3, trojan_epochs=400, use_vs_number=True, vs_number=400, vs_ratio=0, weight_decay=0.0005)
#Attach Nodes:400
./selected_nodes/ogbn-arxiv/Overall/seed10/nodes.txt
idx_attach: tensor([132437, 159342, 115859,  11103, 127522,  67544,  82569, 161886,  62976,
         13773,  68963, 144203,  19681,    750, 156733,  86828,  18909,  82685,
         81700, 164714, 103734,  65352,  47692,  14294, 153213,  78523,   1385,
         50714, 156839, 144199,  88403,  58221,  56228,  88511,  12909, 156645,
         93340, 136107,  80139,    622,   1438,   7666, 133129, 127534, 106596,
        102712,   4269,  55140, 125068, 152827, 135150,  23527,   3609,   6462,
        121168, 152542,   6165, 126338,  90948,  77520,  47397, 106658,  68636,
        109074,  69509, 138501,  13873,  20117,  83448,   3102, 143264,  91042,
         54237,  58770, 165138, 126351,  55671,  99141,  13704, 136218,  16458,
         43368, 146276,  31105, 112018,  77110, 104399,  46245, 147007,   5821,
         19313,  91731,  20583, 142204,  80573,   7668,  83587, 128743, 143180,
         91852,  75911,  65787, 153365, 126297,  39114, 104240,  77327,   4583,
           512,  48952,  28134,  38432,  10832,  61628, 127678, 138417, 147495,
         98345,  93057,  33697, 138811, 124659, 133488,  71285,  47676,   1298,
        167767,  47649, 124811,  39955,  70652, 138116,  94425, 163083,  21820,
        133451,  73518, 132097,  23608,  13837, 125639,  40347, 163907,   5087,
          6422, 119164, 165901,   5059,  83768,  27180, 100388,  35462, 116799,
          3703,   5670,  48904,  68159, 113552, 160597,  96989, 127472, 136647,
        148726, 125053, 138149, 138315, 141422,  76351,  76598,  59904, 148285,
         70903, 165759,  39375, 136221, 140976,  63383,  42932,  75075,  71850,
         73993,  30102,  65808,  62714,  45851,  95186,  36002,  74863,  64652,
        161830, 145444, 126027,  60679,  73713,  93896, 146527, 169172, 114189,
         95782,  93842, 148869, 112848,  68654,   4485, 168944, 140981,  72175,
         45679,  20436,   7628, 115596, 130154, 135469,  14337,  63022,  17599,
        122842, 103833,  45706,  81303,  13852,  81871, 114723, 142817,  28988,
         48225,  21674,  34318, 111176, 158279, 146881,  34991,  76669,  13346,
         17731, 138128, 136891, 117554,  40123,  52955, 103517, 141078,  75105,
         82512, 168762, 139593, 118896,  12297, 138395,  64922,  55710,  22340,
         76111,  93384, 111925,   5010,  13015, 116348, 150061, 130103, 141021,
         64826, 144901, 106175,  92109,  89940,  71933, 144027,  36882,  41628,
         55044,  12828,  41681,  14340,  23638, 144925,  62265,  35737, 155976,
        161925,  63089, 135644, 164665,   9848, 124525,  66260,  78580,  66041,
          4226, 128942,  52300,  86426, 146623,  42022,  64582,  63272, 144613,
         12980,  93063, 146301, 166120, 109587, 144883,  58222, 119761, 126871,
        112989,  47264,  44224,  76605, 125250,  85029, 139694, 119661,  82517,
         10258,   5687,  86843,  93827,  30524, 146837, 142859,   3796, 104188,
         59645, 150266,  63460, 152939, 132153,  87353, 155538,  28127,  86437,
           591,  14225, 111064,  72841,  91588, 121367, 129042,  82694, 139395,
        116755,  46308,  15022,  85320,  72395, 143355, 128020,  15828, 143322,
         55075,  51976,  81577,  12925,  52480,  77357, 123824, 117210, 101747,
         38371,  89521, 120166,  15685,  29096,  24361,   9035, 130319,   6402,
         54168, 138793,  78393,  97894,  85421, 150077, 147429,  30273,  47541,
        101610, 157814,  45601, 169188, 146774,  52883,  71248, 152946,  56090,
         48566,  94860,  87246, 155373,  48973, 147804,  56436,  69861, 158491,
        124225, 157846,  36579,  12832], device='cuda:1')
tensor([     1,      2,      3,  ..., 169334, 169336, 169338], device='cuda:1')
Epoch 0, loss_inner: 3.74860, loss_target: 3.62830, homo loss: 0.80375 
acc_train_clean: 0.0089, ASR_train_attach: 0.0000, ASR_train_outter: 0.0000
Epoch 10, loss_inner: 3.03969, loss_target: 3.08958, homo loss: 0.00430 
acc_train_clean: 0.2705, ASR_train_attach: 0.0000, ASR_train_outter: 0.0000
Epoch 20, loss_inner: 2.77651, loss_target: 2.75634, homo loss: 0.00105 
acc_train_clean: 0.2857, ASR_train_attach: 0.0000, ASR_train_outter: 0.0000
Epoch 30, loss_inner: 2.46729, loss_target: 2.42023, homo loss: 0.00065 
acc_train_clean: 0.3561, ASR_train_attach: 0.3525, ASR_train_outter: 0.5033
Epoch 40, loss_inner: 2.15944, loss_target: 2.10912, homo loss: 0.00059 
acc_train_clean: 0.4420, ASR_train_attach: 0.9325, ASR_train_outter: 0.9134
Epoch 50, loss_inner: 1.91183, loss_target: 1.86861, homo loss: 0.00052 
acc_train_clean: 0.5029, ASR_train_attach: 0.9375, ASR_train_outter: 0.9276
Epoch 60, loss_inner: 1.72623, loss_target: 1.69065, homo loss: 0.00061 
acc_train_clean: 0.5369, ASR_train_attach: 0.9600, ASR_train_outter: 0.9496
Epoch 70, loss_inner: 1.59680, loss_target: 1.56609, homo loss: 0.00056 
acc_train_clean: 0.5640, ASR_train_attach: 0.9900, ASR_train_outter: 0.9726
Epoch 80, loss_inner: 1.49637, loss_target: 1.46908, homo loss: 0.00052 
acc_train_clean: 0.5889, ASR_train_attach: 0.9900, ASR_train_outter: 0.9726
Epoch 90, loss_inner: 1.41894, loss_target: 1.39539, homo loss: 0.00049 
acc_train_clean: 0.6031, ASR_train_attach: 0.9925, ASR_train_outter: 0.9748
Epoch 100, loss_inner: 1.36773, loss_target: 1.34648, homo loss: 0.00045 
acc_train_clean: 0.6145, ASR_train_attach: 0.9950, ASR_train_outter: 0.9803
Epoch 110, loss_inner: 1.33309, loss_target: 1.31308, homo loss: 0.00042 
acc_train_clean: 0.6192, ASR_train_attach: 0.9975, ASR_train_outter: 0.9857
Epoch 120, loss_inner: 1.30569, loss_target: 1.28586, homo loss: 0.00037 
acc_train_clean: 0.6254, ASR_train_attach: 0.9975, ASR_train_outter: 0.9890
Epoch 130, loss_inner: 1.27790, loss_target: 1.25827, homo loss: 0.00031 
acc_train_clean: 0.6318, ASR_train_attach: 1.0000, ASR_train_outter: 0.9923
Epoch 140, loss_inner: 1.25346, loss_target: 1.23463, homo loss: 0.00022 
acc_train_clean: 0.6386, ASR_train_attach: 1.0000, ASR_train_outter: 0.9912
Epoch 150, loss_inner: 1.23505, loss_target: 1.21741, homo loss: 0.00015 
acc_train_clean: 0.6423, ASR_train_attach: 0.9925, ASR_train_outter: 0.9803
Epoch 160, loss_inner: 1.22114, loss_target: 1.20367, homo loss: 0.00012 
acc_train_clean: 0.6447, ASR_train_attach: 0.9975, ASR_train_outter: 0.9879
Epoch 170, loss_inner: 1.21019, loss_target: 1.19251, homo loss: 0.00006 
acc_train_clean: 0.6476, ASR_train_attach: 1.0000, ASR_train_outter: 0.9923
Epoch 180, loss_inner: 1.20124, loss_target: 1.18378, homo loss: 0.00003 
acc_train_clean: 0.6487, ASR_train_attach: 1.0000, ASR_train_outter: 0.9923
Epoch 190, loss_inner: 1.19362, loss_target: 1.17626, homo loss: 0.00002 
acc_train_clean: 0.6514, ASR_train_attach: 1.0000, ASR_train_outter: 0.9923
Epoch 200, loss_inner: 1.18680, loss_target: 1.16965, homo loss: 0.00003 
acc_train_clean: 0.6525, ASR_train_attach: 1.0000, ASR_train_outter: 0.9934
Epoch 210, loss_inner: 1.18068, loss_target: 1.16402, homo loss: 0.00016 
acc_train_clean: 0.6535, ASR_train_attach: 1.0000, ASR_train_outter: 0.9901
Epoch 220, loss_inner: 1.17505, loss_target: 1.15870, homo loss: 0.00013 
acc_train_clean: 0.6551, ASR_train_attach: 1.0000, ASR_train_outter: 0.9923
Epoch 230, loss_inner: 1.16991, loss_target: 1.15299, homo loss: 0.00002 
acc_train_clean: 0.6561, ASR_train_attach: 1.0000, ASR_train_outter: 0.9945
Epoch 240, loss_inner: 1.16535, loss_target: 1.14845, homo loss: 0.00000 
acc_train_clean: 0.6572, ASR_train_attach: 1.0000, ASR_train_outter: 0.9945
Epoch 250, loss_inner: 1.16089, loss_target: 1.14416, homo loss: 0.00001 
acc_train_clean: 0.6581, ASR_train_attach: 1.0000, ASR_train_outter: 0.9956
Epoch 260, loss_inner: 1.15694, loss_target: 1.14033, homo loss: 0.00001 
acc_train_clean: 0.6591, ASR_train_attach: 1.0000, ASR_train_outter: 0.9956
Epoch 270, loss_inner: 1.15310, loss_target: 1.13651, homo loss: 0.00001 
acc_train_clean: 0.6602, ASR_train_attach: 1.0000, ASR_train_outter: 0.9956
Epoch 280, loss_inner: 1.14886, loss_target: 1.13237, homo loss: 0.00002 
acc_train_clean: 0.6610, ASR_train_attach: 1.0000, ASR_train_outter: 0.9945
Epoch 290, loss_inner: 1.14438, loss_target: 1.12761, homo loss: 0.00001 
acc_train_clean: 0.6627, ASR_train_attach: 1.0000, ASR_train_outter: 0.9945
Epoch 300, loss_inner: 1.18527, loss_target: 1.19762, homo loss: 0.00164 
acc_train_clean: 0.6598, ASR_train_attach: 0.1450, ASR_train_outter: 0.9901
Epoch 310, loss_inner: 1.16004, loss_target: 1.14792, homo loss: 0.00087 
acc_train_clean: 0.6604, ASR_train_attach: 1.0000, ASR_train_outter: 0.9945
Epoch 320, loss_inner: 1.14666, loss_target: 1.13508, homo loss: 0.00071 
acc_train_clean: 0.6651, ASR_train_attach: 1.0000, ASR_train_outter: 0.9967
Epoch 330, loss_inner: 1.13790, loss_target: 1.12447, homo loss: 0.00065 
acc_train_clean: 0.6664, ASR_train_attach: 1.0000, ASR_train_outter: 0.9978
Epoch 340, loss_inner: 1.13299, loss_target: 1.11918, homo loss: 0.00064 
acc_train_clean: 0.6673, ASR_train_attach: 1.0000, ASR_train_outter: 0.9989
Epoch 350, loss_inner: 1.12981, loss_target: 1.11598, homo loss: 0.00063 
acc_train_clean: 0.6671, ASR_train_attach: 1.0000, ASR_train_outter: 0.9978
Epoch 360, loss_inner: 1.12764, loss_target: 1.11385, homo loss: 0.00062 
acc_train_clean: 0.6680, ASR_train_attach: 1.0000, ASR_train_outter: 0.9978
Epoch 370, loss_inner: 1.12580, loss_target: 1.11183, homo loss: 0.00061 
acc_train_clean: 0.6688, ASR_train_attach: 1.0000, ASR_train_outter: 0.9978
Epoch 380, loss_inner: 1.12407, loss_target: 1.10992, homo loss: 0.00059 
acc_train_clean: 0.6693, ASR_train_attach: 1.0000, ASR_train_outter: 0.9978
Epoch 390, loss_inner: 1.12235, loss_target: 1.10790, homo loss: 0.00058 
acc_train_clean: 0.6694, ASR_train_attach: 1.0000, ASR_train_outter: 0.9978
load best weight based on the loss outter
precent of left attach nodes: 1.000
Namespace(cuda=True, dataset='ogbn-arxiv', debug=True, defense_mode='none', device_id=1, dis_weight=0.0, dropout=0.5, epochs=200, evaluate_mode='1by1', hidden=32, homo_boost_thrd=0.8, homo_loss_weight=50.0, inner=1, lr=0.01, model='GCN', no_cuda=False, prune_thr=0.8, seed=265, selection_method='cluster_degree', target_class=0, target_loss_weight=1, test_model='GCN', thrd=0.5, train_lr=0.01, trigger_size=3, trojan_epochs=400, use_vs_number=True, vs_number=400, vs_ratio=0, weight_decay=0.0005)
target class rate on Vs: 1.0000
accuracy on clean test nodes: 0.6365
Overall ASR: 0.9769
Flip ASR: 0.9768/16875 nodes
Namespace(cuda=True, dataset='ogbn-arxiv', debug=True, defense_mode='none', device_id=1, dis_weight=0.0, dropout=0.5, epochs=200, evaluate_mode='1by1', hidden=32, homo_boost_thrd=0.8, homo_loss_weight=50.0, inner=1, lr=0.01, model='GCN', no_cuda=False, prune_thr=0.8, seed=125, selection_method='cluster_degree', target_class=0, target_loss_weight=1, test_model='GCN', thrd=0.5, train_lr=0.01, trigger_size=3, trojan_epochs=400, use_vs_number=True, vs_number=400, vs_ratio=0, weight_decay=0.0005)
target class rate on Vs: 1.0000
accuracy on clean test nodes: 0.6347
Overall ASR: 0.9768
Flip ASR: 0.9767/16875 nodes
Namespace(cuda=True, dataset='ogbn-arxiv', debug=True, defense_mode='none', device_id=1, dis_weight=0.0, dropout=0.5, epochs=200, evaluate_mode='1by1', hidden=32, homo_boost_thrd=0.8, homo_loss_weight=50.0, inner=1, lr=0.01, model='GCN', no_cuda=False, prune_thr=0.8, seed=996, selection_method='cluster_degree', target_class=0, target_loss_weight=1, test_model='GCN', thrd=0.5, train_lr=0.01, trigger_size=3, trojan_epochs=400, use_vs_number=True, vs_number=400, vs_ratio=0, weight_decay=0.0005)
target class rate on Vs: 1.0000
accuracy on clean test nodes: 0.6424
Overall ASR: 0.9730
Flip ASR: 0.9729/16875 nodes
Namespace(cuda=True, dataset='ogbn-arxiv', debug=True, defense_mode='none', device_id=1, dis_weight=0.0, dropout=0.5, epochs=200, evaluate_mode='1by1', hidden=32, homo_boost_thrd=0.8, homo_loss_weight=50.0, inner=1, lr=0.01, model='GCN', no_cuda=False, prune_thr=0.8, seed=527, selection_method='cluster_degree', target_class=0, target_loss_weight=1, test_model='GCN', thrd=0.5, train_lr=0.01, trigger_size=3, trojan_epochs=400, use_vs_number=True, vs_number=400, vs_ratio=0, weight_decay=0.0005)
target class rate on Vs: 1.0000
accuracy on clean test nodes: 0.6434
Overall ASR: 0.9829
Flip ASR: 0.9828/16875 nodes
Namespace(cuda=True, dataset='ogbn-arxiv', debug=True, defense_mode='none', device_id=1, dis_weight=0.0, dropout=0.5, epochs=200, evaluate_mode='1by1', hidden=32, homo_boost_thrd=0.8, homo_loss_weight=50.0, inner=1, lr=0.01, model='GCN', no_cuda=False, prune_thr=0.8, seed=320, selection_method='cluster_degree', target_class=0, target_loss_weight=1, test_model='GCN', thrd=0.5, train_lr=0.01, trigger_size=3, trojan_epochs=400, use_vs_number=True, vs_number=400, vs_ratio=0, weight_decay=0.0005)
target class rate on Vs: 1.0000
accuracy on clean test nodes: 0.6310
Overall ASR: 0.9828
Flip ASR: 0.9828/16875 nodes
Overall ASR: 0.9785 (GCN model, Seed: 320)
Overall Clean Accuracy: 0.6376
Namespace(cuda=True, dataset='ogbn-arxiv', debug=True, defense_mode='none', device_id=1, dis_weight=0.0, dropout=0.5, epochs=200, evaluate_mode='1by1', hidden=32, homo_boost_thrd=0.8, homo_loss_weight=50.0, inner=1, lr=0.01, model='GCN', no_cuda=False, prune_thr=0.8, seed=781, selection_method='cluster_degree', target_class=0, target_loss_weight=1, test_model='GAT', thrd=0.5, train_lr=0.01, trigger_size=3, trojan_epochs=400, use_vs_number=True, vs_number=400, vs_ratio=0, weight_decay=0.0005)
/home/project-graph-backdoor/Backdoor/models/GAT.py:61: UserWarning: To copy construct from a tensor, it is recommended to use sourceTensor.clone().detach() or sourceTensor.clone().detach().requires_grad_(True), rather than torch.tensor(sourceTensor).
  self.labels = torch.tensor(labels, dtype=torch.long)
target class rate on Vs: 1.0000
accuracy on clean test nodes: 0.6483
Overall ASR: 1.0000
Flip ASR: 1.0000/16875 nodes
Namespace(cuda=True, dataset='ogbn-arxiv', debug=True, defense_mode='none', device_id=1, dis_weight=0.0, dropout=0.5, epochs=200, evaluate_mode='1by1', hidden=32, homo_boost_thrd=0.8, homo_loss_weight=50.0, inner=1, lr=0.01, model='GCN', no_cuda=False, prune_thr=0.8, seed=706, selection_method='cluster_degree', target_class=0, target_loss_weight=1, test_model='GAT', thrd=0.5, train_lr=0.01, trigger_size=3, trojan_epochs=400, use_vs_number=True, vs_number=400, vs_ratio=0, weight_decay=0.0005)
target class rate on Vs: 1.0000
accuracy on clean test nodes: 0.6489
Overall ASR: 1.0000
Flip ASR: 1.0000/16875 nodes
Namespace(cuda=True, dataset='ogbn-arxiv', debug=True, defense_mode='none', device_id=1, dis_weight=0.0, dropout=0.5, epochs=200, evaluate_mode='1by1', hidden=32, homo_boost_thrd=0.8, homo_loss_weight=50.0, inner=1, lr=0.01, model='GCN', no_cuda=False, prune_thr=0.8, seed=778, selection_method='cluster_degree', target_class=0, target_loss_weight=1, test_model='GAT', thrd=0.5, train_lr=0.01, trigger_size=3, trojan_epochs=400, use_vs_number=True, vs_number=400, vs_ratio=0, weight_decay=0.0005)
target class rate on Vs: 1.0000
accuracy on clean test nodes: 0.6485
Overall ASR: 1.0000
Flip ASR: 1.0000/16875 nodes
Namespace(cuda=True, dataset='ogbn-arxiv', debug=True, defense_mode='none', device_id=1, dis_weight=0.0, dropout=0.5, epochs=200, evaluate_mode='1by1', hidden=32, homo_boost_thrd=0.8, homo_loss_weight=50.0, inner=1, lr=0.01, model='GCN', no_cuda=False, prune_thr=0.8, seed=604, selection_method='cluster_degree', target_class=0, target_loss_weight=1, test_model='GAT', thrd=0.5, train_lr=0.01, trigger_size=3, trojan_epochs=400, use_vs_number=True, vs_number=400, vs_ratio=0, weight_decay=0.0005)
target class rate on Vs: 1.0000
accuracy on clean test nodes: 0.6462
Overall ASR: 1.0000
Flip ASR: 1.0000/16875 nodes
Namespace(cuda=True, dataset='ogbn-arxiv', debug=True, defense_mode='none', device_id=1, dis_weight=0.0, dropout=0.5, epochs=200, evaluate_mode='1by1', hidden=32, homo_boost_thrd=0.8, homo_loss_weight=50.0, inner=1, lr=0.01, model='GCN', no_cuda=False, prune_thr=0.8, seed=133, selection_method='cluster_degree', target_class=0, target_loss_weight=1, test_model='GAT', thrd=0.5, train_lr=0.01, trigger_size=3, trojan_epochs=400, use_vs_number=True, vs_number=400, vs_ratio=0, weight_decay=0.0005)
target class rate on Vs: 1.0000
accuracy on clean test nodes: 0.6470
Overall ASR: 1.0000
Flip ASR: 1.0000/16875 nodes
Overall ASR: 1.0000 (GAT model, Seed: 133)
Overall Clean Accuracy: 0.6478
Namespace(cuda=True, dataset='ogbn-arxiv', debug=True, defense_mode='none', device_id=1, dis_weight=0.0, dropout=0.5, epochs=200, evaluate_mode='1by1', hidden=32, homo_boost_thrd=0.8, homo_loss_weight=50.0, inner=1, lr=0.01, model='GCN', no_cuda=False, prune_thr=0.8, seed=673, selection_method='cluster_degree', target_class=0, target_loss_weight=1, test_model='GraphSage', thrd=0.5, train_lr=0.01, trigger_size=3, trojan_epochs=400, use_vs_number=True, vs_number=400, vs_ratio=0, weight_decay=0.0005)
target class rate on Vs: 0.9575
accuracy on clean test nodes: 0.6328
Overall ASR: 0.9112
Flip ASR: 0.9109/16875 nodes
Namespace(cuda=True, dataset='ogbn-arxiv', debug=True, defense_mode='none', device_id=1, dis_weight=0.0, dropout=0.5, epochs=200, evaluate_mode='1by1', hidden=32, homo_boost_thrd=0.8, homo_loss_weight=50.0, inner=1, lr=0.01, model='GCN', no_cuda=False, prune_thr=0.8, seed=904, selection_method='cluster_degree', target_class=0, target_loss_weight=1, test_model='GraphSage', thrd=0.5, train_lr=0.01, trigger_size=3, trojan_epochs=400, use_vs_number=True, vs_number=400, vs_ratio=0, weight_decay=0.0005)
target class rate on Vs: 0.9700
accuracy on clean test nodes: 0.6335
Overall ASR: 0.9192
Flip ASR: 0.9189/16875 nodes
Namespace(cuda=True, dataset='ogbn-arxiv', debug=True, defense_mode='none', device_id=1, dis_weight=0.0, dropout=0.5, epochs=200, evaluate_mode='1by1', hidden=32, homo_boost_thrd=0.8, homo_loss_weight=50.0, inner=1, lr=0.01, model='GCN', no_cuda=False, prune_thr=0.8, seed=56, selection_method='cluster_degree', target_class=0, target_loss_weight=1, test_model='GraphSage', thrd=0.5, train_lr=0.01, trigger_size=3, trojan_epochs=400, use_vs_number=True, vs_number=400, vs_ratio=0, weight_decay=0.0005)
target class rate on Vs: 0.9575
accuracy on clean test nodes: 0.6369
Overall ASR: 0.9150
Flip ASR: 0.9148/16875 nodes
Namespace(cuda=True, dataset='ogbn-arxiv', debug=True, defense_mode='none', device_id=1, dis_weight=0.0, dropout=0.5, epochs=200, evaluate_mode='1by1', hidden=32, homo_boost_thrd=0.8, homo_loss_weight=50.0, inner=1, lr=0.01, model='GCN', no_cuda=False, prune_thr=0.8, seed=1, selection_method='cluster_degree', target_class=0, target_loss_weight=1, test_model='GraphSage', thrd=0.5, train_lr=0.01, trigger_size=3, trojan_epochs=400, use_vs_number=True, vs_number=400, vs_ratio=0, weight_decay=0.0005)
target class rate on Vs: 0.9650
accuracy on clean test nodes: 0.6453
Overall ASR: 0.9231
Flip ASR: 0.9228/16875 nodes
Namespace(cuda=True, dataset='ogbn-arxiv', debug=True, defense_mode='none', device_id=1, dis_weight=0.0, dropout=0.5, epochs=200, evaluate_mode='1by1', hidden=32, homo_boost_thrd=0.8, homo_loss_weight=50.0, inner=1, lr=0.01, model='GCN', no_cuda=False, prune_thr=0.8, seed=694, selection_method='cluster_degree', target_class=0, target_loss_weight=1, test_model='GraphSage', thrd=0.5, train_lr=0.01, trigger_size=3, trojan_epochs=400, use_vs_number=True, vs_number=400, vs_ratio=0, weight_decay=0.0005)
target class rate on Vs: 0.9500
accuracy on clean test nodes: 0.6313
Overall ASR: 0.9066
Flip ASR: 0.9063/16875 nodes
Overall ASR: 0.9150 (GraphSage model, Seed: 694)
Overall Clean Accuracy: 0.6360
Total Overall ASR: 0.9645 
Total Clean Accuracy: 0.6404
