nohup: ignoring input
run_adaptive.py:8: DeprecationWarning: the imp module is deprecated in favour of importlib; see the module's documentation for alternative uses
  import imp
Namespace(cuda=True, dataset='ogbn-arxiv', debug=True, defense_mode='isolate', device_id=2, dis_weight=0.0, dropout=0.5, epochs=800, evaluate_mode='1by1', hidden=32, homo_boost_thrd=0.8, homo_loss_weight=200.0, inner=1, lr=0.01, model='GCN', no_cuda=False, prune_thr=0.8, seed=10, selection_method='cluster_degree', target_class=0, target_loss_weight=1, test_model='GCN', thrd=0.5, train_lr=0.01, trigger_size=3, trojan_epochs=800, use_vs_number=True, vs_number=160, vs_ratio=0, weight_decay=0.0005)
#Attach Nodes:160
./selected_nodes/ogbn-arxiv/Overall/seed10/nodes.txt
idx_attach: tensor([132437, 159342, 115859,  11103, 127522,  67544,  82569, 161886,  62976,
         13773,  68963, 144203,  19681,    750, 156733,  86828,  18909,  82685,
         81700, 164714, 103734,  65352,  47692,  14294, 153213,  78523,   1385,
         50714, 156839, 144199,  88403,  58221,  56228,  88511,  12909, 156645,
         93340, 136107,  80139,    622,   1438,   7666, 133129, 127534, 106596,
        102712,   4269,  55140, 125068, 152827, 135150,  23527,   3609,   6462,
        121168, 152542,   6165, 126338,  90948,  77520,  47397, 106658,  68636,
        109074,  69509, 138501,  13873,  20117,  83448,   3102, 143264,  91042,
         54237,  58770, 165138, 126351,  55671,  99141,  13704, 136218,  16458,
         43368, 146276,  31105, 112018,  77110, 104399,  46245, 147007,   5821,
         19313,  91731,  20583, 142204,  80573,   7668,  83587, 128743, 143180,
         91852,  75911,  65787, 153365, 126297,  39114, 104240,  77327,   4583,
           512,  48952,  28134,  38432,  10832,  61628, 127678, 138417, 147495,
         98345,  93057,  33697, 138811, 124659, 133488,  71285,  47676,   1298,
        167767,  47649, 124811,  39955,  70652, 138116,  94425, 163083,  21820,
        133451,  73518, 132097,  23608,  13837, 125639,  40347, 163907,   5087,
          6422, 119164, 165901,   5059,  83768,  27180, 100388,  35462, 116799,
          3703,   5670,  48904,  68159, 113552, 160597,  96989],
       device='cuda:2')
tensor([     1,      2,      3,  ..., 169334, 169336, 169338], device='cuda:2')
Epoch 0, loss_inner: 3.74859, loss_target: 3.63096, homo loss: 0.80589 
acc_train_clean: 0.0089, ASR_train_attach: 0.0000, ASR_train_outter: 0.0000
Epoch 10, loss_inner: 3.01915, loss_target: 3.22561, homo loss: 0.00592 
acc_train_clean: 0.2630, ASR_train_attach: 0.0000, ASR_train_outter: 0.0000
Epoch 20, loss_inner: 2.76900, loss_target: 2.88897, homo loss: 0.00113 
acc_train_clean: 0.2845, ASR_train_attach: 0.0000, ASR_train_outter: 0.0000
Epoch 30, loss_inner: 2.47851, loss_target: 2.53816, homo loss: 0.00099 
acc_train_clean: 0.3705, ASR_train_attach: 0.0000, ASR_train_outter: 0.0000
Epoch 40, loss_inner: 2.18343, loss_target: 2.16941, homo loss: 0.00099 
acc_train_clean: 0.4437, ASR_train_attach: 0.0000, ASR_train_outter: 0.0008
Epoch 50, loss_inner: 1.92890, loss_target: 1.88164, homo loss: 0.00085 
acc_train_clean: 0.5059, ASR_train_attach: 0.6250, ASR_train_outter: 0.7145
Epoch 60, loss_inner: 1.73621, loss_target: 1.69182, homo loss: 0.00070 
acc_train_clean: 0.5386, ASR_train_attach: 0.8813, ASR_train_outter: 0.8471
Epoch 70, loss_inner: 1.60619, loss_target: 1.56715, homo loss: 0.00061 
acc_train_clean: 0.5650, ASR_train_attach: 0.9000, ASR_train_outter: 0.8877
Epoch 80, loss_inner: 1.51447, loss_target: 1.47921, homo loss: 0.00055 
acc_train_clean: 0.5869, ASR_train_attach: 0.9313, ASR_train_outter: 0.9122
Epoch 90, loss_inner: 1.44582, loss_target: 1.41367, homo loss: 0.00051 
acc_train_clean: 0.6005, ASR_train_attach: 0.9375, ASR_train_outter: 0.9223
Epoch 100, loss_inner: 1.38778, loss_target: 1.35448, homo loss: 0.00060 
acc_train_clean: 0.6133, ASR_train_attach: 0.9750, ASR_train_outter: 0.9578
Epoch 110, loss_inner: 1.34106, loss_target: 1.30890, homo loss: 0.00046 
acc_train_clean: 0.6210, ASR_train_attach: 0.9938, ASR_train_outter: 0.9645
Epoch 120, loss_inner: 1.30414, loss_target: 1.27155, homo loss: 0.00033 
acc_train_clean: 0.6273, ASR_train_attach: 0.9938, ASR_train_outter: 0.9764
Epoch 130, loss_inner: 1.27227, loss_target: 1.24059, homo loss: 0.00024 
acc_train_clean: 0.6343, ASR_train_attach: 0.9938, ASR_train_outter: 0.9755
Epoch 140, loss_inner: 1.24806, loss_target: 1.21756, homo loss: 0.00017 
acc_train_clean: 0.6415, ASR_train_attach: 0.9938, ASR_train_outter: 0.9747
Epoch 150, loss_inner: 1.23150, loss_target: 1.20135, homo loss: 0.00016 
acc_train_clean: 0.6444, ASR_train_attach: 1.0000, ASR_train_outter: 0.9806
Epoch 160, loss_inner: 1.21962, loss_target: 1.18917, homo loss: 0.00010 
acc_train_clean: 0.6465, ASR_train_attach: 1.0000, ASR_train_outter: 0.9882
Epoch 170, loss_inner: 1.21064, loss_target: 1.18039, homo loss: 0.00007 
acc_train_clean: 0.6482, ASR_train_attach: 1.0000, ASR_train_outter: 0.9865
Epoch 180, loss_inner: 1.20338, loss_target: 1.17338, homo loss: 0.00005 
acc_train_clean: 0.6497, ASR_train_attach: 1.0000, ASR_train_outter: 0.9890
Epoch 190, loss_inner: 1.19658, loss_target: 1.16683, homo loss: 0.00003 
acc_train_clean: 0.6514, ASR_train_attach: 1.0000, ASR_train_outter: 0.9865
Epoch 200, loss_inner: 1.19078, loss_target: 1.16105, homo loss: 0.00002 
acc_train_clean: 0.6529, ASR_train_attach: 1.0000, ASR_train_outter: 0.9899
Epoch 210, loss_inner: 1.18534, loss_target: 1.15563, homo loss: 0.00003 
acc_train_clean: 0.6542, ASR_train_attach: 1.0000, ASR_train_outter: 0.9899
Epoch 220, loss_inner: 1.17966, loss_target: 1.14999, homo loss: 0.00002 
acc_train_clean: 0.6555, ASR_train_attach: 1.0000, ASR_train_outter: 0.9899
Epoch 230, loss_inner: 1.17356, loss_target: 1.14320, homo loss: 0.00002 
acc_train_clean: 0.6567, ASR_train_attach: 1.0000, ASR_train_outter: 0.9907
Epoch 240, loss_inner: 1.16548, loss_target: 1.13603, homo loss: 0.00003 
acc_train_clean: 0.6594, ASR_train_attach: 1.0000, ASR_train_outter: 0.9907
Epoch 250, loss_inner: 1.15899, loss_target: 1.12995, homo loss: 0.00002 
acc_train_clean: 0.6614, ASR_train_attach: 1.0000, ASR_train_outter: 0.9907
Epoch 260, loss_inner: 1.15420, loss_target: 1.12501, homo loss: 0.00002 
acc_train_clean: 0.6628, ASR_train_attach: 1.0000, ASR_train_outter: 0.9907
Epoch 270, loss_inner: 1.15030, loss_target: 1.12100, homo loss: 0.00001 
acc_train_clean: 0.6636, ASR_train_attach: 1.0000, ASR_train_outter: 0.9907
Epoch 280, loss_inner: 1.14709, loss_target: 1.11790, homo loss: 0.00003 
acc_train_clean: 0.6646, ASR_train_attach: 1.0000, ASR_train_outter: 0.9907
Epoch 290, loss_inner: 1.14426, loss_target: 1.11575, homo loss: 0.00006 
acc_train_clean: 0.6652, ASR_train_attach: 1.0000, ASR_train_outter: 0.9907
Epoch 300, loss_inner: 1.14168, loss_target: 1.11285, homo loss: 0.00003 
acc_train_clean: 0.6658, ASR_train_attach: 1.0000, ASR_train_outter: 0.9907
Epoch 310, loss_inner: 1.13986, loss_target: 1.11084, homo loss: 0.00001 
acc_train_clean: 0.6658, ASR_train_attach: 1.0000, ASR_train_outter: 0.9907
Epoch 320, loss_inner: 1.13550, loss_target: 1.10659, homo loss: 0.00001 
acc_train_clean: 0.6673, ASR_train_attach: 1.0000, ASR_train_outter: 0.9932
Epoch 330, loss_inner: 1.13160, loss_target: 1.10268, homo loss: 0.00000 
acc_train_clean: 0.6688, ASR_train_attach: 1.0000, ASR_train_outter: 0.9916
Epoch 340, loss_inner: 1.12848, loss_target: 1.09950, homo loss: 0.00002 
acc_train_clean: 0.6696, ASR_train_attach: 1.0000, ASR_train_outter: 0.9924
Epoch 350, loss_inner: 1.12625, loss_target: 1.09763, homo loss: 0.00004 
acc_train_clean: 0.6703, ASR_train_attach: 1.0000, ASR_train_outter: 0.9932
Epoch 360, loss_inner: 1.12448, loss_target: 1.10183, homo loss: 0.00081 
acc_train_clean: 0.6716, ASR_train_attach: 1.0000, ASR_train_outter: 0.9924
Epoch 370, loss_inner: 1.12271, loss_target: 1.09697, homo loss: 0.00029 
acc_train_clean: 0.6718, ASR_train_attach: 1.0000, ASR_train_outter: 0.9949
Epoch 380, loss_inner: 1.12148, loss_target: 1.09315, homo loss: 0.00004 
acc_train_clean: 0.6713, ASR_train_attach: 1.0000, ASR_train_outter: 0.9949
Epoch 390, loss_inner: 1.12005, loss_target: 1.09197, homo loss: 0.00000 
acc_train_clean: 0.6725, ASR_train_attach: 1.0000, ASR_train_outter: 0.9907
Epoch 400, loss_inner: 1.11862, loss_target: 1.09008, homo loss: 0.00000 
acc_train_clean: 0.6728, ASR_train_attach: 1.0000, ASR_train_outter: 0.9932
Epoch 410, loss_inner: 1.11801, loss_target: 1.08934, homo loss: 0.00000 
acc_train_clean: 0.6719, ASR_train_attach: 1.0000, ASR_train_outter: 0.9949
Epoch 420, loss_inner: 1.11678, loss_target: 1.08768, homo loss: 0.00000 
acc_train_clean: 0.6728, ASR_train_attach: 1.0000, ASR_train_outter: 0.9949
Epoch 430, loss_inner: 1.11560, loss_target: 1.08629, homo loss: 0.00000 
acc_train_clean: 0.6727, ASR_train_attach: 1.0000, ASR_train_outter: 0.9958
Epoch 440, loss_inner: 1.11463, loss_target: 1.08524, homo loss: 0.00000 
acc_train_clean: 0.6735, ASR_train_attach: 1.0000, ASR_train_outter: 0.9958
Epoch 450, loss_inner: 1.11366, loss_target: 1.08447, homo loss: 0.00000 
acc_train_clean: 0.6733, ASR_train_attach: 1.0000, ASR_train_outter: 0.9958
Epoch 460, loss_inner: 1.11336, loss_target: 1.08410, homo loss: 0.00000 
acc_train_clean: 0.6725, ASR_train_attach: 1.0000, ASR_train_outter: 0.9958
Epoch 470, loss_inner: 1.11215, loss_target: 1.08321, homo loss: 0.00000 
acc_train_clean: 0.6736, ASR_train_attach: 1.0000, ASR_train_outter: 0.9958
Epoch 480, loss_inner: 1.11125, loss_target: 1.08262, homo loss: 0.00002 
acc_train_clean: 0.6742, ASR_train_attach: 1.0000, ASR_train_outter: 0.9949
Epoch 490, loss_inner: 1.11065, loss_target: 1.08232, homo loss: 0.00001 
acc_train_clean: 0.6734, ASR_train_attach: 1.0000, ASR_train_outter: 0.9924
Epoch 500, loss_inner: 1.10989, loss_target: 1.08111, homo loss: 0.00004 
acc_train_clean: 0.6738, ASR_train_attach: 1.0000, ASR_train_outter: 0.9949
Epoch 510, loss_inner: 1.10908, loss_target: 1.08027, homo loss: 0.00002 
acc_train_clean: 0.6745, ASR_train_attach: 1.0000, ASR_train_outter: 0.9949
Epoch 520, loss_inner: 1.10903, loss_target: 1.08000, homo loss: 0.00001 
acc_train_clean: 0.6734, ASR_train_attach: 1.0000, ASR_train_outter: 0.9958
Epoch 530, loss_inner: 1.10794, loss_target: 1.08057, homo loss: 0.00020 
acc_train_clean: 0.6743, ASR_train_attach: 1.0000, ASR_train_outter: 0.9907
Epoch 540, loss_inner: 1.10720, loss_target: 1.07902, homo loss: 0.00004 
acc_train_clean: 0.6745, ASR_train_attach: 1.0000, ASR_train_outter: 0.9949
Epoch 550, loss_inner: 1.10655, loss_target: 1.07805, homo loss: 0.00002 
acc_train_clean: 0.6750, ASR_train_attach: 1.0000, ASR_train_outter: 0.9924
Epoch 560, loss_inner: 1.10601, loss_target: 1.07675, homo loss: 0.00000 
acc_train_clean: 0.6752, ASR_train_attach: 1.0000, ASR_train_outter: 0.9966
Epoch 570, loss_inner: 1.10556, loss_target: 1.07624, homo loss: 0.00000 
acc_train_clean: 0.6753, ASR_train_attach: 1.0000, ASR_train_outter: 0.9966
Epoch 580, loss_inner: 1.10514, loss_target: 1.07611, homo loss: 0.00000 
acc_train_clean: 0.6755, ASR_train_attach: 1.0000, ASR_train_outter: 0.9958
Epoch 590, loss_inner: 1.10453, loss_target: 1.07521, homo loss: 0.00000 
acc_train_clean: 0.6756, ASR_train_attach: 1.0000, ASR_train_outter: 0.9966
Epoch 600, loss_inner: 1.10384, loss_target: 1.07431, homo loss: 0.00000 
acc_train_clean: 0.6756, ASR_train_attach: 1.0000, ASR_train_outter: 0.9966
Epoch 610, loss_inner: 1.10360, loss_target: 1.07575, homo loss: 0.00020 
acc_train_clean: 0.6757, ASR_train_attach: 1.0000, ASR_train_outter: 0.9924
Epoch 620, loss_inner: 1.10330, loss_target: 1.07401, homo loss: 0.00002 
acc_train_clean: 0.6754, ASR_train_attach: 1.0000, ASR_train_outter: 0.9958
Epoch 630, loss_inner: 1.10244, loss_target: 1.07398, homo loss: 0.00001 
acc_train_clean: 0.6762, ASR_train_attach: 1.0000, ASR_train_outter: 0.9958
Epoch 640, loss_inner: 1.10206, loss_target: 1.07266, homo loss: 0.00000 
acc_train_clean: 0.6762, ASR_train_attach: 1.0000, ASR_train_outter: 0.9966
Epoch 650, loss_inner: 1.10144, loss_target: 1.07214, homo loss: 0.00000 
acc_train_clean: 0.6768, ASR_train_attach: 1.0000, ASR_train_outter: 0.9966
Epoch 660, loss_inner: 1.10119, loss_target: 1.07172, homo loss: 0.00002 
acc_train_clean: 0.6767, ASR_train_attach: 1.0000, ASR_train_outter: 0.9966
Epoch 670, loss_inner: 1.10095, loss_target: 1.07101, homo loss: 0.00003 
acc_train_clean: 0.6765, ASR_train_attach: 1.0000, ASR_train_outter: 0.9958
Epoch 680, loss_inner: 1.10045, loss_target: 1.09171, homo loss: 0.00159 
acc_train_clean: 0.6768, ASR_train_attach: 1.0000, ASR_train_outter: 0.9865
Epoch 690, loss_inner: 1.10010, loss_target: 1.08222, homo loss: 0.00070 
acc_train_clean: 0.6765, ASR_train_attach: 1.0000, ASR_train_outter: 0.9966
Epoch 700, loss_inner: 1.09957, loss_target: 1.08042, homo loss: 0.00072 
acc_train_clean: 0.6772, ASR_train_attach: 1.0000, ASR_train_outter: 0.9966
Epoch 710, loss_inner: 1.09924, loss_target: 1.07729, homo loss: 0.00073 
acc_train_clean: 0.6769, ASR_train_attach: 1.0000, ASR_train_outter: 0.9966
Epoch 720, loss_inner: 1.09880, loss_target: 1.07642, homo loss: 0.00072 
acc_train_clean: 0.6769, ASR_train_attach: 1.0000, ASR_train_outter: 0.9966
Epoch 730, loss_inner: 1.09913, loss_target: 1.07617, homo loss: 0.00070 
acc_train_clean: 0.6770, ASR_train_attach: 1.0000, ASR_train_outter: 0.9975
Epoch 740, loss_inner: 1.09801, loss_target: 1.07382, homo loss: 0.00068 
acc_train_clean: 0.6767, ASR_train_attach: 1.0000, ASR_train_outter: 0.9975
Epoch 750, loss_inner: 1.09745, loss_target: 1.07240, homo loss: 0.00064 
acc_train_clean: 0.6770, ASR_train_attach: 1.0000, ASR_train_outter: 0.9983
Epoch 760, loss_inner: 1.09722, loss_target: 1.07134, homo loss: 0.00058 
acc_train_clean: 0.6775, ASR_train_attach: 1.0000, ASR_train_outter: 0.9983
Epoch 770, loss_inner: 1.09679, loss_target: 1.06916, homo loss: 0.00039 
acc_train_clean: 0.6778, ASR_train_attach: 1.0000, ASR_train_outter: 0.9983
Epoch 780, loss_inner: 1.09622, loss_target: 1.06968, homo loss: 0.00035 
acc_train_clean: 0.6779, ASR_train_attach: 1.0000, ASR_train_outter: 0.9966
Epoch 790, loss_inner: 1.09661, loss_target: 1.06980, homo loss: 0.00028 
acc_train_clean: 0.6774, ASR_train_attach: 1.0000, ASR_train_outter: 0.9941
load best weight based on the loss outter
precent of left attach nodes: 0.181
Namespace(cuda=True, dataset='ogbn-arxiv', debug=True, defense_mode='isolate', device_id=2, dis_weight=0.0, dropout=0.5, epochs=800, evaluate_mode='1by1', hidden=32, homo_boost_thrd=0.8, homo_loss_weight=200.0, inner=1, lr=0.01, model='GCN', no_cuda=False, prune_thr=0.8, seed=265, selection_method='cluster_degree', target_class=0, target_loss_weight=1, test_model='GCN', thrd=0.5, train_lr=0.01, trigger_size=3, trojan_epochs=800, use_vs_number=True, vs_number=160, vs_ratio=0, weight_decay=0.0005)
target class rate on Vs: 0.9875
accuracy on clean test nodes: 0.6426
Overall ASR: 0.9608
Flip ASR: 0.9607/16875 nodes
Namespace(cuda=True, dataset='ogbn-arxiv', debug=True, defense_mode='isolate', device_id=2, dis_weight=0.0, dropout=0.5, epochs=800, evaluate_mode='1by1', hidden=32, homo_boost_thrd=0.8, homo_loss_weight=200.0, inner=1, lr=0.01, model='GCN', no_cuda=False, prune_thr=0.8, seed=125, selection_method='cluster_degree', target_class=0, target_loss_weight=1, test_model='GCN', thrd=0.5, train_lr=0.01, trigger_size=3, trojan_epochs=800, use_vs_number=True, vs_number=160, vs_ratio=0, weight_decay=0.0005)
target class rate on Vs: 0.9875
accuracy on clean test nodes: 0.6450
Overall ASR: 0.9600
Flip ASR: 0.9599/16875 nodes
Namespace(cuda=True, dataset='ogbn-arxiv', debug=True, defense_mode='isolate', device_id=2, dis_weight=0.0, dropout=0.5, epochs=800, evaluate_mode='1by1', hidden=32, homo_boost_thrd=0.8, homo_loss_weight=200.0, inner=1, lr=0.01, model='GCN', no_cuda=False, prune_thr=0.8, seed=996, selection_method='cluster_degree', target_class=0, target_loss_weight=1, test_model='GCN', thrd=0.5, train_lr=0.01, trigger_size=3, trojan_epochs=800, use_vs_number=True, vs_number=160, vs_ratio=0, weight_decay=0.0005)
target class rate on Vs: 0.9875
accuracy on clean test nodes: 0.6471
Overall ASR: 0.9611
Flip ASR: 0.9611/16875 nodes
Namespace(cuda=True, dataset='ogbn-arxiv', debug=True, defense_mode='isolate', device_id=2, dis_weight=0.0, dropout=0.5, epochs=800, evaluate_mode='1by1', hidden=32, homo_boost_thrd=0.8, homo_loss_weight=200.0, inner=1, lr=0.01, model='GCN', no_cuda=False, prune_thr=0.8, seed=527, selection_method='cluster_degree', target_class=0, target_loss_weight=1, test_model='GCN', thrd=0.5, train_lr=0.01, trigger_size=3, trojan_epochs=800, use_vs_number=True, vs_number=160, vs_ratio=0, weight_decay=0.0005)
target class rate on Vs: 0.9875
accuracy on clean test nodes: 0.6484
Overall ASR: 0.9598
Flip ASR: 0.9597/16875 nodes
Namespace(cuda=True, dataset='ogbn-arxiv', debug=True, defense_mode='isolate', device_id=2, dis_weight=0.0, dropout=0.5, epochs=800, evaluate_mode='1by1', hidden=32, homo_boost_thrd=0.8, homo_loss_weight=200.0, inner=1, lr=0.01, model='GCN', no_cuda=False, prune_thr=0.8, seed=320, selection_method='cluster_degree', target_class=0, target_loss_weight=1, test_model='GCN', thrd=0.5, train_lr=0.01, trigger_size=3, trojan_epochs=800, use_vs_number=True, vs_number=160, vs_ratio=0, weight_decay=0.0005)
target class rate on Vs: 0.9875
accuracy on clean test nodes: 0.6385
Overall ASR: 0.9608
Flip ASR: 0.9607/16875 nodes
Overall ASR: 0.9605 (GCN model, Seed: 320)
Overall Clean Accuracy: 0.6443
Namespace(cuda=True, dataset='ogbn-arxiv', debug=True, defense_mode='isolate', device_id=2, dis_weight=0.0, dropout=0.5, epochs=800, evaluate_mode='1by1', hidden=32, homo_boost_thrd=0.8, homo_loss_weight=200.0, inner=1, lr=0.01, model='GCN', no_cuda=False, prune_thr=0.8, seed=781, selection_method='cluster_degree', target_class=0, target_loss_weight=1, test_model='GAT', thrd=0.5, train_lr=0.01, trigger_size=3, trojan_epochs=800, use_vs_number=True, vs_number=160, vs_ratio=0, weight_decay=0.0005)
/home/project-graph-backdoor/Backdoor/models/GAT.py:61: UserWarning: To copy construct from a tensor, it is recommended to use sourceTensor.clone().detach() or sourceTensor.clone().detach().requires_grad_(True), rather than torch.tensor(sourceTensor).
  self.labels = torch.tensor(labels, dtype=torch.long)
target class rate on Vs: 0.9875
accuracy on clean test nodes: 0.6387
Overall ASR: 0.9637
Flip ASR: 0.9637/16875 nodes
Namespace(cuda=True, dataset='ogbn-arxiv', debug=True, defense_mode='isolate', device_id=2, dis_weight=0.0, dropout=0.5, epochs=800, evaluate_mode='1by1', hidden=32, homo_boost_thrd=0.8, homo_loss_weight=200.0, inner=1, lr=0.01, model='GCN', no_cuda=False, prune_thr=0.8, seed=706, selection_method='cluster_degree', target_class=0, target_loss_weight=1, test_model='GAT', thrd=0.5, train_lr=0.01, trigger_size=3, trojan_epochs=800, use_vs_number=True, vs_number=160, vs_ratio=0, weight_decay=0.0005)
target class rate on Vs: 0.9875
accuracy on clean test nodes: 0.6394
Overall ASR: 0.9638
Flip ASR: 0.9637/16875 nodes
Namespace(cuda=True, dataset='ogbn-arxiv', debug=True, defense_mode='isolate', device_id=2, dis_weight=0.0, dropout=0.5, epochs=800, evaluate_mode='1by1', hidden=32, homo_boost_thrd=0.8, homo_loss_weight=200.0, inner=1, lr=0.01, model='GCN', no_cuda=False, prune_thr=0.8, seed=778, selection_method='cluster_degree', target_class=0, target_loss_weight=1, test_model='GAT', thrd=0.5, train_lr=0.01, trigger_size=3, trojan_epochs=800, use_vs_number=True, vs_number=160, vs_ratio=0, weight_decay=0.0005)
target class rate on Vs: 0.9875
accuracy on clean test nodes: 0.6402
Overall ASR: 0.9638
Flip ASR: 0.9637/16875 nodes
Namespace(cuda=True, dataset='ogbn-arxiv', debug=True, defense_mode='isolate', device_id=2, dis_weight=0.0, dropout=0.5, epochs=800, evaluate_mode='1by1', hidden=32, homo_boost_thrd=0.8, homo_loss_weight=200.0, inner=1, lr=0.01, model='GCN', no_cuda=False, prune_thr=0.8, seed=604, selection_method='cluster_degree', target_class=0, target_loss_weight=1, test_model='GAT', thrd=0.5, train_lr=0.01, trigger_size=3, trojan_epochs=800, use_vs_number=True, vs_number=160, vs_ratio=0, weight_decay=0.0005)
target class rate on Vs: 0.9875
accuracy on clean test nodes: 0.6406
Overall ASR: 0.9637
Flip ASR: 0.9637/16875 nodes
Namespace(cuda=True, dataset='ogbn-arxiv', debug=True, defense_mode='isolate', device_id=2, dis_weight=0.0, dropout=0.5, epochs=800, evaluate_mode='1by1', hidden=32, homo_boost_thrd=0.8, homo_loss_weight=200.0, inner=1, lr=0.01, model='GCN', no_cuda=False, prune_thr=0.8, seed=133, selection_method='cluster_degree', target_class=0, target_loss_weight=1, test_model='GAT', thrd=0.5, train_lr=0.01, trigger_size=3, trojan_epochs=800, use_vs_number=True, vs_number=160, vs_ratio=0, weight_decay=0.0005)
target class rate on Vs: 0.9875
accuracy on clean test nodes: 0.6395
Overall ASR: 0.9637
Flip ASR: 0.9636/16875 nodes
Overall ASR: 0.9638 (GAT model, Seed: 133)
Overall Clean Accuracy: 0.6397
Namespace(cuda=True, dataset='ogbn-arxiv', debug=True, defense_mode='isolate', device_id=2, dis_weight=0.0, dropout=0.5, epochs=800, evaluate_mode='1by1', hidden=32, homo_boost_thrd=0.8, homo_loss_weight=200.0, inner=1, lr=0.01, model='GCN', no_cuda=False, prune_thr=0.8, seed=673, selection_method='cluster_degree', target_class=0, target_loss_weight=1, test_model='GraphSage', thrd=0.5, train_lr=0.01, trigger_size=3, trojan_epochs=800, use_vs_number=True, vs_number=160, vs_ratio=0, weight_decay=0.0005)
target class rate on Vs: 0.9563
accuracy on clean test nodes: 0.6451
