nohup: ignoring input
run_adaptive.py:8: DeprecationWarning: the imp module is deprecated in favour of importlib; see the module's documentation for alternative uses
  import imp
Namespace(cuda=True, dataset='ogbn-arxiv', debug=True, defense_mode='none', device_id=0, dis_weight=0.0, dropout=0.5, epochs=200, evaluate_mode='1by1', hidden=32, homo_boost_thrd=0.8, homo_loss_weight=100.0, inner=1, lr=0.01, model='GCN', no_cuda=False, prune_thr=0.8, seed=10, selection_method='cluster_degree', target_class=0, target_loss_weight=1, test_model='GCN', thrd=0.5, train_lr=0.01, trigger_size=3, trojan_epochs=400, use_vs_number=True, vs_number=160, vs_ratio=0, weight_decay=0.0005)
#Attach Nodes:160
./selected_nodes/ogbn-arxiv/Overall/seed10/nodes.txt
idx_attach: tensor([132437, 159342, 115859,  11103, 127522,  67544,  82569, 161886,  62976,
         13773,  68963, 144203,  19681,    750, 156733,  86828,  18909,  82685,
         81700, 164714, 103734,  65352,  47692,  14294, 153213,  78523,   1385,
         50714, 156839, 144199,  88403,  58221,  56228,  88511,  12909, 156645,
         93340, 136107,  80139,    622,   1438,   7666, 133129, 127534, 106596,
        102712,   4269,  55140, 125068, 152827, 135150,  23527,   3609,   6462,
        121168, 152542,   6165, 126338,  90948,  77520,  47397, 106658,  68636,
        109074,  69509, 138501,  13873,  20117,  83448,   3102, 143264,  91042,
         54237,  58770, 165138, 126351,  55671,  99141,  13704, 136218,  16458,
         43368, 146276,  31105, 112018,  77110, 104399,  46245, 147007,   5821,
         19313,  91731,  20583, 142204,  80573,   7668,  83587, 128743, 143180,
         91852,  75911,  65787, 153365, 126297,  39114, 104240,  77327,   4583,
           512,  48952,  28134,  38432,  10832,  61628, 127678, 138417, 147495,
         98345,  93057,  33697, 138811, 124659, 133488,  71285,  47676,   1298,
        167767,  47649, 124811,  39955,  70652, 138116,  94425, 163083,  21820,
        133451,  73518, 132097,  23608,  13837, 125639,  40347, 163907,   5087,
          6422, 119164, 165901,   5059,  83768,  27180, 100388,  35462, 116799,
          3703,   5670,  48904,  68159, 113552, 160597,  96989],
       device='cuda:0')
tensor([     1,      2,      3,  ..., 169334, 169336, 169338], device='cuda:0')
Epoch 0, loss_inner: 3.74859, loss_target: 3.62642, homo loss: 0.80480 
acc_train_clean: 0.0089, ASR_train_attach: 0.0000, ASR_train_outter: 0.0000
Epoch 10, loss_inner: 3.01926, loss_target: 3.11450, homo loss: 0.00578 
acc_train_clean: 0.2632, ASR_train_attach: 0.0000, ASR_train_outter: 0.0000
Epoch 20, loss_inner: 2.76866, loss_target: 2.81559, homo loss: 0.00118 
acc_train_clean: 0.2847, ASR_train_attach: 0.0000, ASR_train_outter: 0.0000
Epoch 30, loss_inner: 2.47592, loss_target: 2.48527, homo loss: 0.00079 
acc_train_clean: 0.3698, ASR_train_attach: 0.0000, ASR_train_outter: 0.0000
Epoch 40, loss_inner: 2.17845, loss_target: 2.14965, homo loss: 0.00070 
acc_train_clean: 0.4432, ASR_train_attach: 0.0250, ASR_train_outter: 0.0804
Epoch 50, loss_inner: 1.92609, loss_target: 1.88981, homo loss: 0.00061 
acc_train_clean: 0.5057, ASR_train_attach: 0.7438, ASR_train_outter: 0.7798
Epoch 60, loss_inner: 1.73477, loss_target: 1.70494, homo loss: 0.00052 
acc_train_clean: 0.5379, ASR_train_attach: 0.8875, ASR_train_outter: 0.8676
Epoch 70, loss_inner: 1.60552, loss_target: 1.58057, homo loss: 0.00043 
acc_train_clean: 0.5649, ASR_train_attach: 0.9500, ASR_train_outter: 0.9211
Epoch 80, loss_inner: 1.51370, loss_target: 1.49160, homo loss: 0.00036 
acc_train_clean: 0.5869, ASR_train_attach: 0.9563, ASR_train_outter: 0.9390
Epoch 90, loss_inner: 1.44114, loss_target: 1.41996, homo loss: 0.00038 
acc_train_clean: 0.6016, ASR_train_attach: 0.9750, ASR_train_outter: 0.9613
Epoch 100, loss_inner: 1.38044, loss_target: 1.36065, homo loss: 0.00023 
acc_train_clean: 0.6147, ASR_train_attach: 0.9875, ASR_train_outter: 0.9613
Epoch 110, loss_inner: 1.33575, loss_target: 1.31725, homo loss: 0.00012 
acc_train_clean: 0.6214, ASR_train_attach: 0.9813, ASR_train_outter: 0.9643
Epoch 120, loss_inner: 1.30146, loss_target: 1.28301, homo loss: 0.00008 
acc_train_clean: 0.6285, ASR_train_attach: 0.9938, ASR_train_outter: 0.9792
Epoch 130, loss_inner: 1.27101, loss_target: 1.25359, homo loss: 0.00005 
acc_train_clean: 0.6351, ASR_train_attach: 0.9938, ASR_train_outter: 0.9836
Epoch 140, loss_inner: 1.24751, loss_target: 1.23096, homo loss: 0.00007 
acc_train_clean: 0.6408, ASR_train_attach: 1.0000, ASR_train_outter: 0.9807
Epoch 150, loss_inner: 1.23069, loss_target: 1.21451, homo loss: 0.00004 
acc_train_clean: 0.6443, ASR_train_attach: 1.0000, ASR_train_outter: 0.9866
Epoch 160, loss_inner: 1.21892, loss_target: 1.20323, homo loss: 0.00000 
acc_train_clean: 0.6465, ASR_train_attach: 1.0000, ASR_train_outter: 0.9866
Epoch 170, loss_inner: 1.21022, loss_target: 1.19471, homo loss: 0.00001 
acc_train_clean: 0.6481, ASR_train_attach: 1.0000, ASR_train_outter: 0.9896
Epoch 180, loss_inner: 1.20285, loss_target: 1.18763, homo loss: 0.00002 
acc_train_clean: 0.6496, ASR_train_attach: 1.0000, ASR_train_outter: 0.9896
Epoch 190, loss_inner: 1.19653, loss_target: 1.18146, homo loss: 0.00001 
acc_train_clean: 0.6509, ASR_train_attach: 1.0000, ASR_train_outter: 0.9911
Epoch 200, loss_inner: 1.19077, loss_target: 1.17591, homo loss: 0.00001 
acc_train_clean: 0.6519, ASR_train_attach: 1.0000, ASR_train_outter: 0.9911
Epoch 210, loss_inner: 1.18541, loss_target: 1.17041, homo loss: 0.00002 
acc_train_clean: 0.6540, ASR_train_attach: 1.0000, ASR_train_outter: 0.9911
Epoch 220, loss_inner: 1.18055, loss_target: 1.16591, homo loss: 0.00002 
acc_train_clean: 0.6548, ASR_train_attach: 1.0000, ASR_train_outter: 0.9881
Epoch 230, loss_inner: 1.17615, loss_target: 1.16173, homo loss: 0.00001 
acc_train_clean: 0.6558, ASR_train_attach: 1.0000, ASR_train_outter: 0.9896
Epoch 240, loss_inner: 1.17128, loss_target: 1.15652, homo loss: 0.00001 
acc_train_clean: 0.6575, ASR_train_attach: 1.0000, ASR_train_outter: 0.9926
Epoch 250, loss_inner: 1.16428, loss_target: 1.14987, homo loss: 0.00001 
acc_train_clean: 0.6592, ASR_train_attach: 1.0000, ASR_train_outter: 0.9911
Epoch 260, loss_inner: 1.15753, loss_target: 1.14284, homo loss: 0.00000 
acc_train_clean: 0.6617, ASR_train_attach: 1.0000, ASR_train_outter: 0.9940
Epoch 270, loss_inner: 1.15226, loss_target: 1.13802, homo loss: 0.00003 
acc_train_clean: 0.6623, ASR_train_attach: 1.0000, ASR_train_outter: 0.9911
Epoch 280, loss_inner: 1.14841, loss_target: 1.13526, homo loss: 0.00014 
acc_train_clean: 0.6636, ASR_train_attach: 1.0000, ASR_train_outter: 0.9911
Epoch 290, loss_inner: 1.14545, loss_target: 1.13137, homo loss: 0.00002 
acc_train_clean: 0.6644, ASR_train_attach: 1.0000, ASR_train_outter: 0.9940
Epoch 300, loss_inner: 1.14277, loss_target: 1.12845, homo loss: 0.00000 
acc_train_clean: 0.6651, ASR_train_attach: 1.0000, ASR_train_outter: 0.9940
Epoch 310, loss_inner: 1.13946, loss_target: 1.12517, homo loss: 0.00000 
acc_train_clean: 0.6662, ASR_train_attach: 1.0000, ASR_train_outter: 0.9940
Epoch 320, loss_inner: 1.13521, loss_target: 1.12059, homo loss: 0.00001 
acc_train_clean: 0.6674, ASR_train_attach: 1.0000, ASR_train_outter: 0.9940
Epoch 330, loss_inner: 1.13178, loss_target: 1.11714, homo loss: 0.00000 
acc_train_clean: 0.6681, ASR_train_attach: 1.0000, ASR_train_outter: 0.9940
Epoch 340, loss_inner: 1.12824, loss_target: 1.11431, homo loss: 0.00002 
acc_train_clean: 0.6694, ASR_train_attach: 1.0000, ASR_train_outter: 0.9940
Epoch 350, loss_inner: 1.12600, loss_target: 1.11212, homo loss: 0.00002 
acc_train_clean: 0.6707, ASR_train_attach: 1.0000, ASR_train_outter: 0.9940
Epoch 360, loss_inner: 1.12418, loss_target: 1.11128, homo loss: 0.00016 
acc_train_clean: 0.6707, ASR_train_attach: 1.0000, ASR_train_outter: 0.9881
Epoch 370, loss_inner: 1.12278, loss_target: 1.10910, homo loss: 0.00006 
acc_train_clean: 0.6705, ASR_train_attach: 1.0000, ASR_train_outter: 0.9955
Epoch 380, loss_inner: 1.12111, loss_target: 1.10716, homo loss: 0.00001 
acc_train_clean: 0.6716, ASR_train_attach: 1.0000, ASR_train_outter: 0.9940
Epoch 390, loss_inner: 1.11971, loss_target: 1.10566, homo loss: 0.00000 
acc_train_clean: 0.6727, ASR_train_attach: 1.0000, ASR_train_outter: 0.9940
load best weight based on the loss outter
precent of left attach nodes: 1.000
Namespace(cuda=True, dataset='ogbn-arxiv', debug=True, defense_mode='none', device_id=0, dis_weight=0.0, dropout=0.5, epochs=200, evaluate_mode='1by1', hidden=32, homo_boost_thrd=0.8, homo_loss_weight=100.0, inner=1, lr=0.01, model='GCN', no_cuda=False, prune_thr=0.8, seed=265, selection_method='cluster_degree', target_class=0, target_loss_weight=1, test_model='GCN', thrd=0.5, train_lr=0.01, trigger_size=3, trojan_epochs=400, use_vs_number=True, vs_number=160, vs_ratio=0, weight_decay=0.0005)
target class rate on Vs: 1.0000
accuracy on clean test nodes: 0.6408
Overall ASR: 0.9808
Flip ASR: 0.9807/16875 nodes
Namespace(cuda=True, dataset='ogbn-arxiv', debug=True, defense_mode='none', device_id=0, dis_weight=0.0, dropout=0.5, epochs=200, evaluate_mode='1by1', hidden=32, homo_boost_thrd=0.8, homo_loss_weight=100.0, inner=1, lr=0.01, model='GCN', no_cuda=False, prune_thr=0.8, seed=125, selection_method='cluster_degree', target_class=0, target_loss_weight=1, test_model='GCN', thrd=0.5, train_lr=0.01, trigger_size=3, trojan_epochs=400, use_vs_number=True, vs_number=160, vs_ratio=0, weight_decay=0.0005)
target class rate on Vs: 1.0000
accuracy on clean test nodes: 0.6369
Overall ASR: 0.9805
Flip ASR: 0.9804/16875 nodes
Namespace(cuda=True, dataset='ogbn-arxiv', debug=True, defense_mode='none', device_id=0, dis_weight=0.0, dropout=0.5, epochs=200, evaluate_mode='1by1', hidden=32, homo_boost_thrd=0.8, homo_loss_weight=100.0, inner=1, lr=0.01, model='GCN', no_cuda=False, prune_thr=0.8, seed=996, selection_method='cluster_degree', target_class=0, target_loss_weight=1, test_model='GCN', thrd=0.5, train_lr=0.01, trigger_size=3, trojan_epochs=400, use_vs_number=True, vs_number=160, vs_ratio=0, weight_decay=0.0005)
target class rate on Vs: 1.0000
accuracy on clean test nodes: 0.6433
Overall ASR: 0.9777
Flip ASR: 0.9776/16875 nodes
Namespace(cuda=True, dataset='ogbn-arxiv', debug=True, defense_mode='none', device_id=0, dis_weight=0.0, dropout=0.5, epochs=200, evaluate_mode='1by1', hidden=32, homo_boost_thrd=0.8, homo_loss_weight=100.0, inner=1, lr=0.01, model='GCN', no_cuda=False, prune_thr=0.8, seed=527, selection_method='cluster_degree', target_class=0, target_loss_weight=1, test_model='GCN', thrd=0.5, train_lr=0.01, trigger_size=3, trojan_epochs=400, use_vs_number=True, vs_number=160, vs_ratio=0, weight_decay=0.0005)
target class rate on Vs: 1.0000
accuracy on clean test nodes: 0.6420
Overall ASR: 0.9863
Flip ASR: 0.9863/16875 nodes
Namespace(cuda=True, dataset='ogbn-arxiv', debug=True, defense_mode='none', device_id=0, dis_weight=0.0, dropout=0.5, epochs=200, evaluate_mode='1by1', hidden=32, homo_boost_thrd=0.8, homo_loss_weight=100.0, inner=1, lr=0.01, model='GCN', no_cuda=False, prune_thr=0.8, seed=320, selection_method='cluster_degree', target_class=0, target_loss_weight=1, test_model='GCN', thrd=0.5, train_lr=0.01, trigger_size=3, trojan_epochs=400, use_vs_number=True, vs_number=160, vs_ratio=0, weight_decay=0.0005)
target class rate on Vs: 1.0000
accuracy on clean test nodes: 0.6326
Overall ASR: 0.9839
Flip ASR: 0.9839/16875 nodes
Overall ASR: 0.9818 (GCN model, Seed: 320)
Overall Clean Accuracy: 0.6391
Namespace(cuda=True, dataset='ogbn-arxiv', debug=True, defense_mode='none', device_id=0, dis_weight=0.0, dropout=0.5, epochs=200, evaluate_mode='1by1', hidden=32, homo_boost_thrd=0.8, homo_loss_weight=100.0, inner=1, lr=0.01, model='GCN', no_cuda=False, prune_thr=0.8, seed=781, selection_method='cluster_degree', target_class=0, target_loss_weight=1, test_model='GAT', thrd=0.5, train_lr=0.01, trigger_size=3, trojan_epochs=400, use_vs_number=True, vs_number=160, vs_ratio=0, weight_decay=0.0005)
/home/project-graph-backdoor/Backdoor/models/GAT.py:61: UserWarning: To copy construct from a tensor, it is recommended to use sourceTensor.clone().detach() or sourceTensor.clone().detach().requires_grad_(True), rather than torch.tensor(sourceTensor).
  self.labels = torch.tensor(labels, dtype=torch.long)
target class rate on Vs: 1.0000
accuracy on clean test nodes: 0.6458
Overall ASR: 1.0000
Flip ASR: 1.0000/16875 nodes
Namespace(cuda=True, dataset='ogbn-arxiv', debug=True, defense_mode='none', device_id=0, dis_weight=0.0, dropout=0.5, epochs=200, evaluate_mode='1by1', hidden=32, homo_boost_thrd=0.8, homo_loss_weight=100.0, inner=1, lr=0.01, model='GCN', no_cuda=False, prune_thr=0.8, seed=706, selection_method='cluster_degree', target_class=0, target_loss_weight=1, test_model='GAT', thrd=0.5, train_lr=0.01, trigger_size=3, trojan_epochs=400, use_vs_number=True, vs_number=160, vs_ratio=0, weight_decay=0.0005)
target class rate on Vs: 1.0000
accuracy on clean test nodes: 0.6479
Overall ASR: 1.0000
Flip ASR: 1.0000/16875 nodes
Namespace(cuda=True, dataset='ogbn-arxiv', debug=True, defense_mode='none', device_id=0, dis_weight=0.0, dropout=0.5, epochs=200, evaluate_mode='1by1', hidden=32, homo_boost_thrd=0.8, homo_loss_weight=100.0, inner=1, lr=0.01, model='GCN', no_cuda=False, prune_thr=0.8, seed=778, selection_method='cluster_degree', target_class=0, target_loss_weight=1, test_model='GAT', thrd=0.5, train_lr=0.01, trigger_size=3, trojan_epochs=400, use_vs_number=True, vs_number=160, vs_ratio=0, weight_decay=0.0005)
target class rate on Vs: 1.0000
accuracy on clean test nodes: 0.6486
Overall ASR: 1.0000
Flip ASR: 1.0000/16875 nodes
Namespace(cuda=True, dataset='ogbn-arxiv', debug=True, defense_mode='none', device_id=0, dis_weight=0.0, dropout=0.5, epochs=200, evaluate_mode='1by1', hidden=32, homo_boost_thrd=0.8, homo_loss_weight=100.0, inner=1, lr=0.01, model='GCN', no_cuda=False, prune_thr=0.8, seed=604, selection_method='cluster_degree', target_class=0, target_loss_weight=1, test_model='GAT', thrd=0.5, train_lr=0.01, trigger_size=3, trojan_epochs=400, use_vs_number=True, vs_number=160, vs_ratio=0, weight_decay=0.0005)
target class rate on Vs: 1.0000
accuracy on clean test nodes: 0.6453
Overall ASR: 1.0000
Flip ASR: 1.0000/16875 nodes
Namespace(cuda=True, dataset='ogbn-arxiv', debug=True, defense_mode='none', device_id=0, dis_weight=0.0, dropout=0.5, epochs=200, evaluate_mode='1by1', hidden=32, homo_boost_thrd=0.8, homo_loss_weight=100.0, inner=1, lr=0.01, model='GCN', no_cuda=False, prune_thr=0.8, seed=133, selection_method='cluster_degree', target_class=0, target_loss_weight=1, test_model='GAT', thrd=0.5, train_lr=0.01, trigger_size=3, trojan_epochs=400, use_vs_number=True, vs_number=160, vs_ratio=0, weight_decay=0.0005)
target class rate on Vs: 1.0000
accuracy on clean test nodes: 0.6472
Overall ASR: 1.0000
Flip ASR: 1.0000/16875 nodes
Overall ASR: 1.0000 (GAT model, Seed: 133)
Overall Clean Accuracy: 0.6469
Namespace(cuda=True, dataset='ogbn-arxiv', debug=True, defense_mode='none', device_id=0, dis_weight=0.0, dropout=0.5, epochs=200, evaluate_mode='1by1', hidden=32, homo_boost_thrd=0.8, homo_loss_weight=100.0, inner=1, lr=0.01, model='GCN', no_cuda=False, prune_thr=0.8, seed=673, selection_method='cluster_degree', target_class=0, target_loss_weight=1, test_model='GraphSage', thrd=0.5, train_lr=0.01, trigger_size=3, trojan_epochs=400, use_vs_number=True, vs_number=160, vs_ratio=0, weight_decay=0.0005)
target class rate on Vs: 0.9438
accuracy on clean test nodes: 0.6343
Overall ASR: 0.8914
Flip ASR: 0.8910/16875 nodes
Namespace(cuda=True, dataset='ogbn-arxiv', debug=True, defense_mode='none', device_id=0, dis_weight=0.0, dropout=0.5, epochs=200, evaluate_mode='1by1', hidden=32, homo_boost_thrd=0.8, homo_loss_weight=100.0, inner=1, lr=0.01, model='GCN', no_cuda=False, prune_thr=0.8, seed=904, selection_method='cluster_degree', target_class=0, target_loss_weight=1, test_model='GraphSage', thrd=0.5, train_lr=0.01, trigger_size=3, trojan_epochs=400, use_vs_number=True, vs_number=160, vs_ratio=0, weight_decay=0.0005)
target class rate on Vs: 0.9563
accuracy on clean test nodes: 0.6332
Overall ASR: 0.9000
Flip ASR: 0.8996/16875 nodes
Namespace(cuda=True, dataset='ogbn-arxiv', debug=True, defense_mode='none', device_id=0, dis_weight=0.0, dropout=0.5, epochs=200, evaluate_mode='1by1', hidden=32, homo_boost_thrd=0.8, homo_loss_weight=100.0, inner=1, lr=0.01, model='GCN', no_cuda=False, prune_thr=0.8, seed=56, selection_method='cluster_degree', target_class=0, target_loss_weight=1, test_model='GraphSage', thrd=0.5, train_lr=0.01, trigger_size=3, trojan_epochs=400, use_vs_number=True, vs_number=160, vs_ratio=0, weight_decay=0.0005)
target class rate on Vs: 0.9438
accuracy on clean test nodes: 0.6394
Overall ASR: 0.8900
Flip ASR: 0.8896/16875 nodes
Namespace(cuda=True, dataset='ogbn-arxiv', debug=True, defense_mode='none', device_id=0, dis_weight=0.0, dropout=0.5, epochs=200, evaluate_mode='1by1', hidden=32, homo_boost_thrd=0.8, homo_loss_weight=100.0, inner=1, lr=0.01, model='GCN', no_cuda=False, prune_thr=0.8, seed=1, selection_method='cluster_degree', target_class=0, target_loss_weight=1, test_model='GraphSage', thrd=0.5, train_lr=0.01, trigger_size=3, trojan_epochs=400, use_vs_number=True, vs_number=160, vs_ratio=0, weight_decay=0.0005)
target class rate on Vs: 0.9375
accuracy on clean test nodes: 0.6433
Overall ASR: 0.8944
Flip ASR: 0.8940/16875 nodes
Namespace(cuda=True, dataset='ogbn-arxiv', debug=True, defense_mode='none', device_id=0, dis_weight=0.0, dropout=0.5, epochs=200, evaluate_mode='1by1', hidden=32, homo_boost_thrd=0.8, homo_loss_weight=100.0, inner=1, lr=0.01, model='GCN', no_cuda=False, prune_thr=0.8, seed=694, selection_method='cluster_degree', target_class=0, target_loss_weight=1, test_model='GraphSage', thrd=0.5, train_lr=0.01, trigger_size=3, trojan_epochs=400, use_vs_number=True, vs_number=160, vs_ratio=0, weight_decay=0.0005)
target class rate on Vs: 0.9313
accuracy on clean test nodes: 0.6307
Overall ASR: 0.8836
Flip ASR: 0.8832/16875 nodes
Overall ASR: 0.8919 (GraphSage model, Seed: 694)
Overall Clean Accuracy: 0.6362
Total Overall ASR: 0.9579 
Total Clean Accuracy: 0.6407
