nohup: ignoring input
run_adaptive.py:8: DeprecationWarning: the imp module is deprecated in favour of importlib; see the module's documentation for alternative uses
  import imp
Namespace(cuda=True, dataset='ogbn-arxiv', debug=True, defense_mode='isolate', device_id=1, dis_weight=0.0, dropout=0.5, epochs=200, evaluate_mode='1by1', hidden=32, homo_boost_thrd=0.8, homo_loss_weight=400.0, inner=1, lr=0.01, model='GCN', no_cuda=False, prune_thr=0.8, seed=10, selection_method='cluster_degree', target_class=0, target_loss_weight=1, test_model='GCN', thrd=0.5, train_lr=0.01, trigger_size=3, trojan_epochs=800, use_vs_number=True, vs_number=480, vs_ratio=0, weight_decay=0.0005)
#Attach Nodes:480
./selected_nodes/ogbn-arxiv/Overall/seed10/nodes.txt
idx_attach: tensor([132437, 159342, 115859,  11103, 127522,  67544,  82569, 161886,  62976,
         13773,  68963, 144203,  19681,    750, 156733,  86828,  18909,  82685,
         81700, 164714, 103734,  65352,  47692,  14294, 153213,  78523,   1385,
         50714, 156839, 144199,  88403,  58221,  56228,  88511,  12909, 156645,
         93340, 136107,  80139,    622,   1438,   7666, 133129, 127534, 106596,
        102712,   4269,  55140, 125068, 152827, 135150,  23527,   3609,   6462,
        121168, 152542,   6165, 126338,  90948,  77520,  47397, 106658,  68636,
        109074,  69509, 138501,  13873,  20117,  83448,   3102, 143264,  91042,
         54237,  58770, 165138, 126351,  55671,  99141,  13704, 136218,  16458,
         43368, 146276,  31105, 112018,  77110, 104399,  46245, 147007,   5821,
         19313,  91731,  20583, 142204,  80573,   7668,  83587, 128743, 143180,
         91852,  75911,  65787, 153365, 126297,  39114, 104240,  77327,   4583,
           512,  48952,  28134,  38432,  10832,  61628, 127678, 138417, 147495,
         98345,  93057,  33697, 138811, 124659, 133488,  71285,  47676,   1298,
        167767,  47649, 124811,  39955,  70652, 138116,  94425, 163083,  21820,
        133451,  73518, 132097,  23608,  13837, 125639,  40347, 163907,   5087,
          6422, 119164, 165901,   5059,  83768,  27180, 100388,  35462, 116799,
          3703,   5670,  48904,  68159, 113552, 160597,  96989, 127472, 136647,
        148726, 125053, 138149, 138315, 141422,  76351,  76598,  59904, 148285,
         70903, 165759,  39375, 136221, 140976,  63383,  42932,  75075,  71850,
         73993,  30102,  65808,  62714,  45851,  95186,  36002,  74863,  64652,
        161830, 145444, 126027,  60679,  73713,  93896, 146527, 169172, 114189,
         95782,  93842, 148869, 112848,  68654,   4485, 168944, 140981,  72175,
         45679,  20436,   7628, 115596, 130154, 135469,  14337,  63022,  17599,
        122842, 103833,  45706,  81303,  13852,  81871, 114723, 142817,  28988,
         48225,  21674,  34318, 111176, 158279, 146881,  34991,  76669,  13346,
         17731, 138128, 136891, 117554,  40123,  52955, 103517, 141078,  75105,
         82512, 168762, 139593, 118896,  12297, 138395,  64922,  55710,  22340,
         76111,  93384, 111925,   5010,  13015, 116348, 150061, 130103, 141021,
         64826, 144901, 106175,  92109,  89940,  71933, 144027,  36882,  41628,
         55044,  12828,  41681,  14340,  23638, 144925,  62265,  35737, 155976,
        161925,  63089, 135644, 164665,   9848, 124525,  66260,  78580,  66041,
          4226, 128942,  52300,  86426, 146623,  42022,  64582,  63272, 144613,
         12980,  93063, 146301, 166120, 109587, 144883,  58222, 119761, 126871,
        112989,  47264,  44224,  76605, 125250,  85029, 139694, 119661,  82517,
         10258,   5687,  86843,  93827,  30524, 146837, 142859,   3796, 104188,
         59645, 150266,  63460, 152939, 132153,  87353, 155538,  28127,  86437,
           591,  14225, 111064,  72841,  91588, 121367, 129042,  82694, 139395,
        116755,  46308,  15022,  85320,  72395, 143355, 128020,  15828, 143322,
         55075,  51976,  81577,  12925,  52480,  77357, 123824, 117210, 101747,
         38371,  89521, 120166,  15685,  29096,  24361,   9035, 130319,   6402,
         54168, 138793,  78393,  97894,  85421, 150077, 147429,  30273,  47541,
        101610, 157814,  45601, 169188, 146774,  52883,  71248, 152946,  56090,
         48566,  94860,  87246, 155373,  48973, 147804,  56436,  69861, 158491,
        124225, 157846,  36579,  12832, 105166,  49721, 128954, 148078,  56062,
        130915,  28744, 155979,  93417,  88471,  39751,  44343,  12516,  53050,
         23226,  28658,  22922, 139240, 113205,  27673,  41397,  99820,  40770,
         52043, 140123,   8016, 110285,   9523, 141587,  42198,  41116,  56625,
         49108, 145426, 143510,  78940,  39641, 103830,  28317, 137361, 113738,
         95930,  43828,  59183,  10174, 100999,  73621,  70772, 168782,    316,
         63065,   1216, 150717, 142054,  43635,  42956, 104683, 153366,  55743,
        159972,  50428,  97269,  99636,  86383, 167276,  30354, 109791, 108465,
         33452, 167353, 132780, 148658, 140035,  90596,  92925, 148665, 127724,
         12927,  19694, 108961], device='cuda:1')
tensor([     1,      2,      3,  ..., 169334, 169336, 169338], device='cuda:1')
Epoch 0, loss_inner: 3.74859, loss_target: 3.62873, homo loss: 0.80466 
acc_train_clean: 0.0089, ASR_train_attach: 0.0000, ASR_train_outter: 0.0000
Epoch 10, loss_inner: 3.04291, loss_target: 3.08293, homo loss: 0.00523 
acc_train_clean: 0.2745, ASR_train_attach: 0.0000, ASR_train_outter: 0.0000
Epoch 20, loss_inner: 2.78394, loss_target: 2.75947, homo loss: 0.00078 
acc_train_clean: 0.2875, ASR_train_attach: 0.0000, ASR_train_outter: 0.0000
Epoch 30, loss_inner: 2.47865, loss_target: 2.43376, homo loss: 0.00054 
acc_train_clean: 0.3585, ASR_train_attach: 0.0292, ASR_train_outter: 0.2490
Epoch 40, loss_inner: 2.16542, loss_target: 2.11475, homo loss: 0.00040 
acc_train_clean: 0.4396, ASR_train_attach: 0.9354, ASR_train_outter: 0.9042
Epoch 50, loss_inner: 1.90864, loss_target: 1.86462, homo loss: 0.00047 
acc_train_clean: 0.5046, ASR_train_attach: 0.9771, ASR_train_outter: 0.9587
Epoch 60, loss_inner: 1.72320, loss_target: 1.68863, homo loss: 0.00042 
acc_train_clean: 0.5373, ASR_train_attach: 0.9604, ASR_train_outter: 0.9516
Epoch 70, loss_inner: 1.59355, loss_target: 1.56423, homo loss: 0.00038 
acc_train_clean: 0.5640, ASR_train_attach: 0.9792, ASR_train_outter: 0.9627
Epoch 80, loss_inner: 1.49307, loss_target: 1.46697, homo loss: 0.00033 
acc_train_clean: 0.5882, ASR_train_attach: 0.9854, ASR_train_outter: 0.9718
Epoch 90, loss_inner: 1.41755, loss_target: 1.39481, homo loss: 0.00028 
acc_train_clean: 0.6035, ASR_train_attach: 0.9812, ASR_train_outter: 0.9728
Epoch 100, loss_inner: 1.36116, loss_target: 1.34023, homo loss: 0.00023 
acc_train_clean: 0.6153, ASR_train_attach: 0.9854, ASR_train_outter: 0.9738
Epoch 110, loss_inner: 1.31632, loss_target: 1.29692, homo loss: 0.00017 
acc_train_clean: 0.6234, ASR_train_attach: 0.9875, ASR_train_outter: 0.9788
Epoch 120, loss_inner: 1.28333, loss_target: 1.26521, homo loss: 0.00012 
acc_train_clean: 0.6306, ASR_train_attach: 0.9917, ASR_train_outter: 0.9788
Epoch 130, loss_inner: 1.25949, loss_target: 1.24233, homo loss: 0.00008 
acc_train_clean: 0.6343, ASR_train_attach: 0.9875, ASR_train_outter: 0.9788
Epoch 140, loss_inner: 1.24175, loss_target: 1.22498, homo loss: 0.00005 
acc_train_clean: 0.6376, ASR_train_attach: 0.9938, ASR_train_outter: 0.9849
Epoch 150, loss_inner: 1.22827, loss_target: 1.21190, homo loss: 0.00003 
acc_train_clean: 0.6409, ASR_train_attach: 0.9979, ASR_train_outter: 0.9869
Epoch 160, loss_inner: 1.21796, loss_target: 1.20183, homo loss: 0.00002 
acc_train_clean: 0.6430, ASR_train_attach: 0.9958, ASR_train_outter: 0.9869
Epoch 170, loss_inner: 1.20911, loss_target: 1.19318, homo loss: 0.00001 
acc_train_clean: 0.6452, ASR_train_attach: 0.9979, ASR_train_outter: 0.9879
Epoch 180, loss_inner: 1.20160, loss_target: 1.18580, homo loss: 0.00001 
acc_train_clean: 0.6478, ASR_train_attach: 0.9979, ASR_train_outter: 0.9879
Epoch 190, loss_inner: 1.19486, loss_target: 1.17894, homo loss: 0.00000 
acc_train_clean: 0.6496, ASR_train_attach: 1.0000, ASR_train_outter: 0.9899
Epoch 200, loss_inner: 1.18895, loss_target: 1.17319, homo loss: 0.00000 
acc_train_clean: 0.6505, ASR_train_attach: 1.0000, ASR_train_outter: 0.9899
Epoch 210, loss_inner: 1.18337, loss_target: 1.16766, homo loss: 0.00000 
acc_train_clean: 0.6521, ASR_train_attach: 1.0000, ASR_train_outter: 0.9899
Epoch 220, loss_inner: 1.17822, loss_target: 1.16243, homo loss: 0.00000 
acc_train_clean: 0.6541, ASR_train_attach: 1.0000, ASR_train_outter: 0.9919
Epoch 230, loss_inner: 1.17349, loss_target: 1.15804, homo loss: 0.00001 
acc_train_clean: 0.6552, ASR_train_attach: 0.9979, ASR_train_outter: 0.9879
Epoch 240, loss_inner: 1.16902, loss_target: 1.15374, homo loss: 0.00001 
acc_train_clean: 0.6565, ASR_train_attach: 1.0000, ASR_train_outter: 0.9899
Epoch 250, loss_inner: 1.16469, loss_target: 1.14899, homo loss: 0.00002 
acc_train_clean: 0.6573, ASR_train_attach: 1.0000, ASR_train_outter: 0.9929
Epoch 260, loss_inner: 1.16075, loss_target: 1.14583, homo loss: 0.00013 
acc_train_clean: 0.6586, ASR_train_attach: 1.0000, ASR_train_outter: 0.9899
Epoch 270, loss_inner: 1.15591, loss_target: 1.14022, homo loss: 0.00002 
acc_train_clean: 0.6593, ASR_train_attach: 1.0000, ASR_train_outter: 0.9929
Epoch 280, loss_inner: 1.14765, loss_target: 1.13159, homo loss: 0.00000 
acc_train_clean: 0.6621, ASR_train_attach: 1.0000, ASR_train_outter: 0.9940
Epoch 290, loss_inner: 1.13989, loss_target: 1.12375, homo loss: 0.00000 
acc_train_clean: 0.6648, ASR_train_attach: 0.9979, ASR_train_outter: 0.9929
Epoch 300, loss_inner: 1.13406, loss_target: 1.11812, homo loss: 0.00001 
acc_train_clean: 0.6649, ASR_train_attach: 1.0000, ASR_train_outter: 0.9940
Epoch 310, loss_inner: 1.12999, loss_target: 1.11536, homo loss: 0.00000 
acc_train_clean: 0.6661, ASR_train_attach: 0.9979, ASR_train_outter: 0.9879
Epoch 320, loss_inner: 1.12618, loss_target: 1.11085, homo loss: 0.00001 
acc_train_clean: 0.6670, ASR_train_attach: 1.0000, ASR_train_outter: 0.9940
Epoch 330, loss_inner: 1.12338, loss_target: 1.10817, homo loss: 0.00012 
acc_train_clean: 0.6682, ASR_train_attach: 1.0000, ASR_train_outter: 0.9950
Epoch 340, loss_inner: 1.12095, loss_target: 1.10640, homo loss: 0.00006 
acc_train_clean: 0.6689, ASR_train_attach: 1.0000, ASR_train_outter: 0.9940
Epoch 350, loss_inner: 1.11891, loss_target: 1.10347, homo loss: 0.00001 
acc_train_clean: 0.6693, ASR_train_attach: 1.0000, ASR_train_outter: 0.9960
Epoch 360, loss_inner: 1.11733, loss_target: 1.10246, homo loss: 0.00000 
acc_train_clean: 0.6692, ASR_train_attach: 1.0000, ASR_train_outter: 0.9950
Epoch 370, loss_inner: 1.11528, loss_target: 1.10000, homo loss: 0.00000 
acc_train_clean: 0.6704, ASR_train_attach: 1.0000, ASR_train_outter: 0.9950
Epoch 380, loss_inner: 1.11406, loss_target: 1.09851, homo loss: 0.00000 
acc_train_clean: 0.6706, ASR_train_attach: 1.0000, ASR_train_outter: 0.9950
Epoch 390, loss_inner: 1.11252, loss_target: 1.09704, homo loss: 0.00000 
acc_train_clean: 0.6712, ASR_train_attach: 1.0000, ASR_train_outter: 0.9950
Epoch 400, loss_inner: 1.11256, loss_target: 1.09646, homo loss: 0.00000 
acc_train_clean: 0.6701, ASR_train_attach: 1.0000, ASR_train_outter: 0.9970
Epoch 410, loss_inner: 1.11018, loss_target: 1.09494, homo loss: 0.00000 
acc_train_clean: 0.6713, ASR_train_attach: 1.0000, ASR_train_outter: 0.9950
Epoch 420, loss_inner: 1.10912, loss_target: 1.09414, homo loss: 0.00000 
acc_train_clean: 0.6728, ASR_train_attach: 1.0000, ASR_train_outter: 0.9950
Epoch 430, loss_inner: 1.10785, loss_target: 1.09258, homo loss: 0.00000 
acc_train_clean: 0.6728, ASR_train_attach: 1.0000, ASR_train_outter: 0.9960
Epoch 440, loss_inner: 1.10677, loss_target: 1.09148, homo loss: 0.00001 
acc_train_clean: 0.6728, ASR_train_attach: 1.0000, ASR_train_outter: 0.9940
Epoch 450, loss_inner: 1.10582, loss_target: 1.09085, homo loss: 0.00000 
acc_train_clean: 0.6731, ASR_train_attach: 1.0000, ASR_train_outter: 0.9950
Epoch 460, loss_inner: 1.10503, loss_target: 1.09000, homo loss: 0.00002 
acc_train_clean: 0.6732, ASR_train_attach: 1.0000, ASR_train_outter: 0.9940
Epoch 470, loss_inner: 1.10483, loss_target: 1.08843, homo loss: 0.00001 
acc_train_clean: 0.6727, ASR_train_attach: 1.0000, ASR_train_outter: 0.9970
Epoch 480, loss_inner: 1.10371, loss_target: 1.08828, homo loss: 0.00002 
acc_train_clean: 0.6729, ASR_train_attach: 1.0000, ASR_train_outter: 0.9960
Epoch 490, loss_inner: 1.10268, loss_target: 1.08758, homo loss: 0.00002 
acc_train_clean: 0.6734, ASR_train_attach: 1.0000, ASR_train_outter: 0.9970
Epoch 500, loss_inner: 1.10191, loss_target: 1.08746, homo loss: 0.00003 
acc_train_clean: 0.6741, ASR_train_attach: 1.0000, ASR_train_outter: 0.9950
Epoch 510, loss_inner: 1.10092, loss_target: 1.08637, homo loss: 0.00000 
acc_train_clean: 0.6746, ASR_train_attach: 1.0000, ASR_train_outter: 0.9940
Epoch 520, loss_inner: 1.10005, loss_target: 1.08576, homo loss: 0.00008 
acc_train_clean: 0.6747, ASR_train_attach: 1.0000, ASR_train_outter: 0.9960
Epoch 530, loss_inner: 1.09964, loss_target: 1.08446, homo loss: 0.00001 
acc_train_clean: 0.6744, ASR_train_attach: 1.0000, ASR_train_outter: 0.9990
Epoch 540, loss_inner: 1.09891, loss_target: 1.08386, homo loss: 0.00000 
acc_train_clean: 0.6749, ASR_train_attach: 1.0000, ASR_train_outter: 0.9980
Epoch 550, loss_inner: 1.09804, loss_target: 1.08245, homo loss: 0.00000 
acc_train_clean: 0.6750, ASR_train_attach: 1.0000, ASR_train_outter: 0.9980
Epoch 560, loss_inner: 1.09839, loss_target: 1.08213, homo loss: 0.00001 
acc_train_clean: 0.6744, ASR_train_attach: 1.0000, ASR_train_outter: 0.9980
Epoch 570, loss_inner: 1.09730, loss_target: 1.08144, homo loss: 0.00001 
acc_train_clean: 0.6748, ASR_train_attach: 1.0000, ASR_train_outter: 0.9960
Epoch 580, loss_inner: 1.09627, loss_target: 1.08088, homo loss: 0.00001 
acc_train_clean: 0.6754, ASR_train_attach: 1.0000, ASR_train_outter: 0.9950
Epoch 590, loss_inner: 1.09556, loss_target: 1.08032, homo loss: 0.00000 
acc_train_clean: 0.6759, ASR_train_attach: 1.0000, ASR_train_outter: 0.9970
Epoch 600, loss_inner: 1.09493, loss_target: 1.07969, homo loss: 0.00001 
acc_train_clean: 0.6759, ASR_train_attach: 1.0000, ASR_train_outter: 0.9960
Epoch 610, loss_inner: 1.09506, loss_target: 1.08242, homo loss: 0.00029 
acc_train_clean: 0.6758, ASR_train_attach: 1.0000, ASR_train_outter: 0.9960
Epoch 620, loss_inner: 1.09496, loss_target: 1.08390, homo loss: 0.00023 
acc_train_clean: 0.6760, ASR_train_attach: 1.0000, ASR_train_outter: 0.9970
Epoch 630, loss_inner: 1.09512, loss_target: 1.08261, homo loss: 0.00018 
acc_train_clean: 0.6748, ASR_train_attach: 1.0000, ASR_train_outter: 0.9919
Epoch 640, loss_inner: 1.09372, loss_target: 1.07937, homo loss: 0.00007 
acc_train_clean: 0.6764, ASR_train_attach: 1.0000, ASR_train_outter: 0.9990
Epoch 650, loss_inner: 1.09257, loss_target: 1.07726, homo loss: 0.00001 
acc_train_clean: 0.6761, ASR_train_attach: 1.0000, ASR_train_outter: 0.9990
Epoch 660, loss_inner: 1.09180, loss_target: 1.07634, homo loss: 0.00000 
acc_train_clean: 0.6774, ASR_train_attach: 1.0000, ASR_train_outter: 0.9990
Epoch 670, loss_inner: 1.09124, loss_target: 1.07677, homo loss: 0.00000 
acc_train_clean: 0.6770, ASR_train_attach: 1.0000, ASR_train_outter: 0.9990
Epoch 680, loss_inner: 1.09096, loss_target: 1.07571, homo loss: 0.00000 
acc_train_clean: 0.6767, ASR_train_attach: 1.0000, ASR_train_outter: 0.9990
Epoch 690, loss_inner: 1.09189, loss_target: 1.07597, homo loss: 0.00000 
acc_train_clean: 0.6756, ASR_train_attach: 1.0000, ASR_train_outter: 1.0000
Epoch 700, loss_inner: 1.09009, loss_target: 1.07418, homo loss: 0.00000 
acc_train_clean: 0.6779, ASR_train_attach: 1.0000, ASR_train_outter: 1.0000
Epoch 710, loss_inner: 1.08967, loss_target: 1.07447, homo loss: 0.00000 
acc_train_clean: 0.6775, ASR_train_attach: 1.0000, ASR_train_outter: 1.0000
Epoch 720, loss_inner: 1.08897, loss_target: 1.07368, homo loss: 0.00001 
acc_train_clean: 0.6773, ASR_train_attach: 1.0000, ASR_train_outter: 0.9990
Epoch 730, loss_inner: 1.08905, loss_target: 1.07450, homo loss: 0.00003 
acc_train_clean: 0.6772, ASR_train_attach: 1.0000, ASR_train_outter: 0.9990
Epoch 740, loss_inner: 1.08938, loss_target: 1.07831, homo loss: 0.00021 
acc_train_clean: 0.6770, ASR_train_attach: 1.0000, ASR_train_outter: 0.9970
Epoch 750, loss_inner: 1.09309, loss_target: 1.08791, homo loss: 0.00036 
acc_train_clean: 0.6747, ASR_train_attach: 1.0000, ASR_train_outter: 0.9980
Epoch 760, loss_inner: 1.09325, loss_target: 1.08872, homo loss: 0.00038 
acc_train_clean: 0.6771, ASR_train_attach: 1.0000, ASR_train_outter: 1.0000
Epoch 770, loss_inner: 1.08898, loss_target: 1.08652, homo loss: 0.00037 
acc_train_clean: 0.6782, ASR_train_attach: 1.0000, ASR_train_outter: 1.0000
Epoch 780, loss_inner: 1.08823, loss_target: 1.08268, homo loss: 0.00037 
acc_train_clean: 0.6773, ASR_train_attach: 1.0000, ASR_train_outter: 1.0000
Epoch 790, loss_inner: 1.08777, loss_target: 1.08088, homo loss: 0.00036 
acc_train_clean: 0.6778, ASR_train_attach: 1.0000, ASR_train_outter: 1.0000
load best weight based on the loss outter
precent of left attach nodes: 0.198
Namespace(cuda=True, dataset='ogbn-arxiv', debug=True, defense_mode='isolate', device_id=1, dis_weight=0.0, dropout=0.5, epochs=200, evaluate_mode='1by1', hidden=32, homo_boost_thrd=0.8, homo_loss_weight=400.0, inner=1, lr=0.01, model='GCN', no_cuda=False, prune_thr=0.8, seed=265, selection_method='cluster_degree', target_class=0, target_loss_weight=1, test_model='GCN', thrd=0.5, train_lr=0.01, trigger_size=3, trojan_epochs=800, use_vs_number=True, vs_number=480, vs_ratio=0, weight_decay=0.0005)
target class rate on Vs: 0.9979
accuracy on clean test nodes: 0.6222
Overall ASR: 0.9392
Flip ASR: 0.9391/16875 nodes
Namespace(cuda=True, dataset='ogbn-arxiv', debug=True, defense_mode='isolate', device_id=1, dis_weight=0.0, dropout=0.5, epochs=200, evaluate_mode='1by1', hidden=32, homo_boost_thrd=0.8, homo_loss_weight=400.0, inner=1, lr=0.01, model='GCN', no_cuda=False, prune_thr=0.8, seed=125, selection_method='cluster_degree', target_class=0, target_loss_weight=1, test_model='GCN', thrd=0.5, train_lr=0.01, trigger_size=3, trojan_epochs=800, use_vs_number=True, vs_number=480, vs_ratio=0, weight_decay=0.0005)
target class rate on Vs: 0.9979
accuracy on clean test nodes: 0.6256
Overall ASR: 0.9410
Flip ASR: 0.9409/16875 nodes
Namespace(cuda=True, dataset='ogbn-arxiv', debug=True, defense_mode='isolate', device_id=1, dis_weight=0.0, dropout=0.5, epochs=200, evaluate_mode='1by1', hidden=32, homo_boost_thrd=0.8, homo_loss_weight=400.0, inner=1, lr=0.01, model='GCN', no_cuda=False, prune_thr=0.8, seed=996, selection_method='cluster_degree', target_class=0, target_loss_weight=1, test_model='GCN', thrd=0.5, train_lr=0.01, trigger_size=3, trojan_epochs=800, use_vs_number=True, vs_number=480, vs_ratio=0, weight_decay=0.0005)
target class rate on Vs: 0.9979
accuracy on clean test nodes: 0.6336
Overall ASR: 0.9413
Flip ASR: 0.9412/16875 nodes
Namespace(cuda=True, dataset='ogbn-arxiv', debug=True, defense_mode='isolate', device_id=1, dis_weight=0.0, dropout=0.5, epochs=200, evaluate_mode='1by1', hidden=32, homo_boost_thrd=0.8, homo_loss_weight=400.0, inner=1, lr=0.01, model='GCN', no_cuda=False, prune_thr=0.8, seed=527, selection_method='cluster_degree', target_class=0, target_loss_weight=1, test_model='GCN', thrd=0.5, train_lr=0.01, trigger_size=3, trojan_epochs=800, use_vs_number=True, vs_number=480, vs_ratio=0, weight_decay=0.0005)
target class rate on Vs: 0.9979
accuracy on clean test nodes: 0.6297
Overall ASR: 0.9409
Flip ASR: 0.9408/16875 nodes
Namespace(cuda=True, dataset='ogbn-arxiv', debug=True, defense_mode='isolate', device_id=1, dis_weight=0.0, dropout=0.5, epochs=200, evaluate_mode='1by1', hidden=32, homo_boost_thrd=0.8, homo_loss_weight=400.0, inner=1, lr=0.01, model='GCN', no_cuda=False, prune_thr=0.8, seed=320, selection_method='cluster_degree', target_class=0, target_loss_weight=1, test_model='GCN', thrd=0.5, train_lr=0.01, trigger_size=3, trojan_epochs=800, use_vs_number=True, vs_number=480, vs_ratio=0, weight_decay=0.0005)
target class rate on Vs: 0.9979
accuracy on clean test nodes: 0.6240
Overall ASR: 0.9428
Flip ASR: 0.9427/16875 nodes
Overall ASR: 0.9411 (GCN model, Seed: 320)
Overall Clean Accuracy: 0.6270
Namespace(cuda=True, dataset='ogbn-arxiv', debug=True, defense_mode='isolate', device_id=1, dis_weight=0.0, dropout=0.5, epochs=200, evaluate_mode='1by1', hidden=32, homo_boost_thrd=0.8, homo_loss_weight=400.0, inner=1, lr=0.01, model='GCN', no_cuda=False, prune_thr=0.8, seed=781, selection_method='cluster_degree', target_class=0, target_loss_weight=1, test_model='GAT', thrd=0.5, train_lr=0.01, trigger_size=3, trojan_epochs=800, use_vs_number=True, vs_number=480, vs_ratio=0, weight_decay=0.0005)
/home/project-graph-backdoor/Backdoor/models/GAT.py:61: UserWarning: To copy construct from a tensor, it is recommended to use sourceTensor.clone().detach() or sourceTensor.clone().detach().requires_grad_(True), rather than torch.tensor(sourceTensor).
  self.labels = torch.tensor(labels, dtype=torch.long)
target class rate on Vs: 0.9979
accuracy on clean test nodes: 0.6358
Overall ASR: 0.9467
Flip ASR: 0.9466/16875 nodes
Namespace(cuda=True, dataset='ogbn-arxiv', debug=True, defense_mode='isolate', device_id=1, dis_weight=0.0, dropout=0.5, epochs=200, evaluate_mode='1by1', hidden=32, homo_boost_thrd=0.8, homo_loss_weight=400.0, inner=1, lr=0.01, model='GCN', no_cuda=False, prune_thr=0.8, seed=706, selection_method='cluster_degree', target_class=0, target_loss_weight=1, test_model='GAT', thrd=0.5, train_lr=0.01, trigger_size=3, trojan_epochs=800, use_vs_number=True, vs_number=480, vs_ratio=0, weight_decay=0.0005)
target class rate on Vs: 0.9979
accuracy on clean test nodes: 0.6359
Overall ASR: 0.9468
Flip ASR: 0.9467/16875 nodes
Namespace(cuda=True, dataset='ogbn-arxiv', debug=True, defense_mode='isolate', device_id=1, dis_weight=0.0, dropout=0.5, epochs=200, evaluate_mode='1by1', hidden=32, homo_boost_thrd=0.8, homo_loss_weight=400.0, inner=1, lr=0.01, model='GCN', no_cuda=False, prune_thr=0.8, seed=778, selection_method='cluster_degree', target_class=0, target_loss_weight=1, test_model='GAT', thrd=0.5, train_lr=0.01, trigger_size=3, trojan_epochs=800, use_vs_number=True, vs_number=480, vs_ratio=0, weight_decay=0.0005)
target class rate on Vs: 0.9979
accuracy on clean test nodes: 0.6370
Overall ASR: 0.9467
Flip ASR: 0.9466/16875 nodes
Namespace(cuda=True, dataset='ogbn-arxiv', debug=True, defense_mode='isolate', device_id=1, dis_weight=0.0, dropout=0.5, epochs=200, evaluate_mode='1by1', hidden=32, homo_boost_thrd=0.8, homo_loss_weight=400.0, inner=1, lr=0.01, model='GCN', no_cuda=False, prune_thr=0.8, seed=604, selection_method='cluster_degree', target_class=0, target_loss_weight=1, test_model='GAT', thrd=0.5, train_lr=0.01, trigger_size=3, trojan_epochs=800, use_vs_number=True, vs_number=480, vs_ratio=0, weight_decay=0.0005)
target class rate on Vs: 0.9979
accuracy on clean test nodes: 0.6358
Overall ASR: 0.9467
Flip ASR: 0.9466/16875 nodes
Namespace(cuda=True, dataset='ogbn-arxiv', debug=True, defense_mode='isolate', device_id=1, dis_weight=0.0, dropout=0.5, epochs=200, evaluate_mode='1by1', hidden=32, homo_boost_thrd=0.8, homo_loss_weight=400.0, inner=1, lr=0.01, model='GCN', no_cuda=False, prune_thr=0.8, seed=133, selection_method='cluster_degree', target_class=0, target_loss_weight=1, test_model='GAT', thrd=0.5, train_lr=0.01, trigger_size=3, trojan_epochs=800, use_vs_number=True, vs_number=480, vs_ratio=0, weight_decay=0.0005)
target class rate on Vs: 0.9979
accuracy on clean test nodes: 0.6386
Overall ASR: 0.9467
Flip ASR: 0.9466/16875 nodes
Overall ASR: 0.9467 (GAT model, Seed: 133)
Overall Clean Accuracy: 0.6366
Namespace(cuda=True, dataset='ogbn-arxiv', debug=True, defense_mode='isolate', device_id=1, dis_weight=0.0, dropout=0.5, epochs=200, evaluate_mode='1by1', hidden=32, homo_boost_thrd=0.8, homo_loss_weight=400.0, inner=1, lr=0.01, model='GCN', no_cuda=False, prune_thr=0.8, seed=673, selection_method='cluster_degree', target_class=0, target_loss_weight=1, test_model='GraphSage', thrd=0.5, train_lr=0.01, trigger_size=3, trojan_epochs=800, use_vs_number=True, vs_number=480, vs_ratio=0, weight_decay=0.0005)
target class rate on Vs: 0.9896
accuracy on clean test nodes: 0.6261
Overall ASR: 0.9006
Flip ASR: 0.9003/16875 nodes
Namespace(cuda=True, dataset='ogbn-arxiv', debug=True, defense_mode='isolate', device_id=1, dis_weight=0.0, dropout=0.5, epochs=200, evaluate_mode='1by1', hidden=32, homo_boost_thrd=0.8, homo_loss_weight=400.0, inner=1, lr=0.01, model='GCN', no_cuda=False, prune_thr=0.8, seed=904, selection_method='cluster_degree', target_class=0, target_loss_weight=1, test_model='GraphSage', thrd=0.5, train_lr=0.01, trigger_size=3, trojan_epochs=800, use_vs_number=True, vs_number=480, vs_ratio=0, weight_decay=0.0005)
target class rate on Vs: 0.9854
accuracy on clean test nodes: 0.6281
Overall ASR: 0.8993
Flip ASR: 0.8990/16875 nodes
Namespace(cuda=True, dataset='ogbn-arxiv', debug=True, defense_mode='isolate', device_id=1, dis_weight=0.0, dropout=0.5, epochs=200, evaluate_mode='1by1', hidden=32, homo_boost_thrd=0.8, homo_loss_weight=400.0, inner=1, lr=0.01, model='GCN', no_cuda=False, prune_thr=0.8, seed=56, selection_method='cluster_degree', target_class=0, target_loss_weight=1, test_model='GraphSage', thrd=0.5, train_lr=0.01, trigger_size=3, trojan_epochs=800, use_vs_number=True, vs_number=480, vs_ratio=0, weight_decay=0.0005)
target class rate on Vs: 0.9875
accuracy on clean test nodes: 0.6232
Overall ASR: 0.8998
Flip ASR: 0.8996/16875 nodes
Namespace(cuda=True, dataset='ogbn-arxiv', debug=True, defense_mode='isolate', device_id=1, dis_weight=0.0, dropout=0.5, epochs=200, evaluate_mode='1by1', hidden=32, homo_boost_thrd=0.8, homo_loss_weight=400.0, inner=1, lr=0.01, model='GCN', no_cuda=False, prune_thr=0.8, seed=1, selection_method='cluster_degree', target_class=0, target_loss_weight=1, test_model='GraphSage', thrd=0.5, train_lr=0.01, trigger_size=3, trojan_epochs=800, use_vs_number=True, vs_number=480, vs_ratio=0, weight_decay=0.0005)
target class rate on Vs: 0.9792
accuracy on clean test nodes: 0.6333
Overall ASR: 0.8958
Flip ASR: 0.8955/16875 nodes
Namespace(cuda=True, dataset='ogbn-arxiv', debug=True, defense_mode='isolate', device_id=1, dis_weight=0.0, dropout=0.5, epochs=200, evaluate_mode='1by1', hidden=32, homo_boost_thrd=0.8, homo_loss_weight=400.0, inner=1, lr=0.01, model='GCN', no_cuda=False, prune_thr=0.8, seed=694, selection_method='cluster_degree', target_class=0, target_loss_weight=1, test_model='GraphSage', thrd=0.5, train_lr=0.01, trigger_size=3, trojan_epochs=800, use_vs_number=True, vs_number=480, vs_ratio=0, weight_decay=0.0005)
target class rate on Vs: 0.9729
accuracy on clean test nodes: 0.6229
Overall ASR: 0.8882
Flip ASR: 0.8879/16875 nodes
Overall ASR: 0.8967 (GraphSage model, Seed: 694)
Overall Clean Accuracy: 0.6267
Total Overall ASR: 0.9282 
Total Clean Accuracy: 0.6301
