nohup: ignoring input
run_adaptive.py:8: DeprecationWarning: the imp module is deprecated in favour of importlib; see the module's documentation for alternative uses
  import imp
Namespace(cuda=True, dataset='ogbn-arxiv', debug=True, defense_mode='none', device_id=1, dis_weight=0.0, dropout=0.5, epochs=800, evaluate_mode='1by1', hidden=32, homo_boost_thrd=0.0, homo_loss_weight=100.0, inner=1, lr=0.01, model='GCN', no_cuda=False, prune_thr=0.8, seed=10, selection_method='cluster_degree', target_class=0, target_loss_weight=1, test_model='GCN', thrd=0.5, train_lr=0.01, trigger_size=3, trojan_epochs=800, use_vs_number=True, vs_number=160, vs_ratio=0, weight_decay=0.0005)
#Attach Nodes:160
./selected_nodes/ogbn-arxiv/Overall/seed10/nodes.txt
idx_attach: tensor([132437, 159342, 115859,  11103, 127522,  67544,  82569, 161886,  62976,
         13773,  68963, 144203,  19681,    750, 156733,  86828,  18909,  82685,
         81700, 164714, 103734,  65352,  47692,  14294, 153213,  78523,   1385,
         50714, 156839, 144199,  88403,  58221,  56228,  88511,  12909, 156645,
         93340, 136107,  80139,    622,   1438,   7666, 133129, 127534, 106596,
        102712,   4269,  55140, 125068, 152827, 135150,  23527,   3609,   6462,
        121168, 152542,   6165, 126338,  90948,  77520,  47397, 106658,  68636,
        109074,  69509, 138501,  13873,  20117,  83448,   3102, 143264,  91042,
         54237,  58770, 165138, 126351,  55671,  99141,  13704, 136218,  16458,
         43368, 146276,  31105, 112018,  77110, 104399,  46245, 147007,   5821,
         19313,  91731,  20583, 142204,  80573,   7668,  83587, 128743, 143180,
         91852,  75911,  65787, 153365, 126297,  39114, 104240,  77327,   4583,
           512,  48952,  28134,  38432,  10832,  61628, 127678, 138417, 147495,
         98345,  93057,  33697, 138811, 124659, 133488,  71285,  47676,   1298,
        167767,  47649, 124811,  39955,  70652, 138116,  94425, 163083,  21820,
        133451,  73518, 132097,  23608,  13837, 125639,  40347, 163907,   5087,
          6422, 119164, 165901,   5059,  83768,  27180, 100388,  35462, 116799,
          3703,   5670,  48904,  68159, 113552, 160597,  96989],
       device='cuda:1')
tensor([     1,      2,      3,  ..., 169334, 169336, 169338], device='cuda:1')
Epoch 0, loss_inner: 3.74859, loss_target: 3.62642, homo loss: 0.02058 
acc_train_clean: 0.0089, ASR_train_attach: 0.0000, ASR_train_outter: 0.0000
Epoch 10, loss_inner: 3.01384, loss_target: 3.07834, homo loss: 0.00000 
acc_train_clean: 0.2622, ASR_train_attach: 0.0000, ASR_train_outter: 0.0000
Epoch 20, loss_inner: 2.75258, loss_target: 2.73735, homo loss: 0.00000 
acc_train_clean: 0.2796, ASR_train_attach: 0.0000, ASR_train_outter: 0.0000
Epoch 30, loss_inner: 2.45764, loss_target: 2.41358, homo loss: 0.00000 
acc_train_clean: 0.3699, ASR_train_attach: 0.2000, ASR_train_outter: 0.5818
Epoch 40, loss_inner: 2.16368, loss_target: 2.11471, homo loss: 0.00000 
acc_train_clean: 0.4417, ASR_train_attach: 0.9438, ASR_train_outter: 0.9286
Epoch 50, loss_inner: 1.91835, loss_target: 1.87882, homo loss: 0.00000 
acc_train_clean: 0.5067, ASR_train_attach: 0.9563, ASR_train_outter: 0.9286
Epoch 60, loss_inner: 1.72331, loss_target: 1.68707, homo loss: 0.00000 
acc_train_clean: 0.5439, ASR_train_attach: 0.9813, ASR_train_outter: 0.9658
Epoch 70, loss_inner: 1.57552, loss_target: 1.54575, homo loss: 0.00000 
acc_train_clean: 0.5777, ASR_train_attach: 0.9875, ASR_train_outter: 0.9658
Epoch 80, loss_inner: 1.46521, loss_target: 1.44002, homo loss: 0.00000 
acc_train_clean: 0.5997, ASR_train_attach: 0.9938, ASR_train_outter: 0.9688
Epoch 90, loss_inner: 1.39158, loss_target: 1.36935, homo loss: 0.00000 
acc_train_clean: 0.6128, ASR_train_attach: 0.9938, ASR_train_outter: 0.9807
Epoch 100, loss_inner: 1.34294, loss_target: 1.32257, homo loss: 0.00000 
acc_train_clean: 0.6213, ASR_train_attach: 0.9938, ASR_train_outter: 0.9836
Epoch 110, loss_inner: 1.30917, loss_target: 1.29007, homo loss: 0.00000 
acc_train_clean: 0.6274, ASR_train_attach: 0.9938, ASR_train_outter: 0.9851
Epoch 120, loss_inner: 1.28468, loss_target: 1.26638, homo loss: 0.00000 
acc_train_clean: 0.6313, ASR_train_attach: 0.9938, ASR_train_outter: 0.9866
Epoch 130, loss_inner: 1.26601, loss_target: 1.24830, homo loss: 0.00000 
acc_train_clean: 0.6351, ASR_train_attach: 1.0000, ASR_train_outter: 0.9896
Epoch 140, loss_inner: 1.25164, loss_target: 1.23418, homo loss: 0.00000 
acc_train_clean: 0.6394, ASR_train_attach: 1.0000, ASR_train_outter: 0.9911
Epoch 150, loss_inner: 1.23951, loss_target: 1.22257, homo loss: 0.00000 
acc_train_clean: 0.6415, ASR_train_attach: 1.0000, ASR_train_outter: 0.9911
Epoch 160, loss_inner: 1.22946, loss_target: 1.21284, homo loss: 0.00000 
acc_train_clean: 0.6447, ASR_train_attach: 1.0000, ASR_train_outter: 0.9911
Epoch 170, loss_inner: 1.22073, loss_target: 1.20436, homo loss: 0.00000 
acc_train_clean: 0.6467, ASR_train_attach: 1.0000, ASR_train_outter: 0.9911
Epoch 180, loss_inner: 1.21301, loss_target: 1.19673, homo loss: 0.00000 
acc_train_clean: 0.6491, ASR_train_attach: 1.0000, ASR_train_outter: 0.9926
Epoch 190, loss_inner: 1.20601, loss_target: 1.18985, homo loss: 0.00000 
acc_train_clean: 0.6507, ASR_train_attach: 1.0000, ASR_train_outter: 0.9940
Epoch 200, loss_inner: 1.19963, loss_target: 1.18377, homo loss: 0.00000 
acc_train_clean: 0.6524, ASR_train_attach: 1.0000, ASR_train_outter: 0.9926
Epoch 210, loss_inner: 1.19375, loss_target: 1.17805, homo loss: 0.00000 
acc_train_clean: 0.6537, ASR_train_attach: 1.0000, ASR_train_outter: 0.9940
Epoch 220, loss_inner: 1.18823, loss_target: 1.17287, homo loss: 0.00000 
acc_train_clean: 0.6552, ASR_train_attach: 1.0000, ASR_train_outter: 0.9940
Epoch 230, loss_inner: 1.18314, loss_target: 1.16773, homo loss: 0.00000 
acc_train_clean: 0.6563, ASR_train_attach: 1.0000, ASR_train_outter: 0.9940
Epoch 240, loss_inner: 1.17808, loss_target: 1.16245, homo loss: 0.00000 
acc_train_clean: 0.6577, ASR_train_attach: 1.0000, ASR_train_outter: 0.9940
Epoch 250, loss_inner: 1.17054, loss_target: 1.15472, homo loss: 0.00000 
acc_train_clean: 0.6589, ASR_train_attach: 1.0000, ASR_train_outter: 0.9940
Epoch 260, loss_inner: 1.16290, loss_target: 1.14691, homo loss: 0.00000 
acc_train_clean: 0.6605, ASR_train_attach: 1.0000, ASR_train_outter: 0.9940
Epoch 270, loss_inner: 1.15603, loss_target: 1.14066, homo loss: 0.00000 
acc_train_clean: 0.6618, ASR_train_attach: 1.0000, ASR_train_outter: 0.9940
Epoch 280, loss_inner: 1.15139, loss_target: 1.13685, homo loss: 0.00000 
acc_train_clean: 0.6633, ASR_train_attach: 1.0000, ASR_train_outter: 0.9955
Epoch 290, loss_inner: 1.14804, loss_target: 1.13365, homo loss: 0.00000 
acc_train_clean: 0.6641, ASR_train_attach: 1.0000, ASR_train_outter: 0.9955
Epoch 300, loss_inner: 1.14496, loss_target: 1.13008, homo loss: 0.00000 
acc_train_clean: 0.6646, ASR_train_attach: 1.0000, ASR_train_outter: 0.9955
Epoch 310, loss_inner: 1.14210, loss_target: 1.12715, homo loss: 0.00000 
acc_train_clean: 0.6656, ASR_train_attach: 1.0000, ASR_train_outter: 0.9955
Epoch 320, loss_inner: 1.13984, loss_target: 1.12539, homo loss: 0.00000 
acc_train_clean: 0.6652, ASR_train_attach: 1.0000, ASR_train_outter: 0.9955
Epoch 330, loss_inner: 1.13604, loss_target: 1.12129, homo loss: 0.00000 
acc_train_clean: 0.6674, ASR_train_attach: 1.0000, ASR_train_outter: 0.9955
Epoch 340, loss_inner: 1.13272, loss_target: 1.11807, homo loss: 0.00000 
acc_train_clean: 0.6684, ASR_train_attach: 1.0000, ASR_train_outter: 0.9955
Epoch 350, loss_inner: 1.12969, loss_target: 1.11485, homo loss: 0.00000 
acc_train_clean: 0.6695, ASR_train_attach: 1.0000, ASR_train_outter: 0.9955
Epoch 360, loss_inner: 1.12685, loss_target: 1.11205, homo loss: 0.00000 
acc_train_clean: 0.6709, ASR_train_attach: 1.0000, ASR_train_outter: 0.9955
Epoch 370, loss_inner: 1.12472, loss_target: 1.11019, homo loss: 0.00000 
acc_train_clean: 0.6716, ASR_train_attach: 1.0000, ASR_train_outter: 0.9955
Epoch 380, loss_inner: 1.12352, loss_target: 1.11108, homo loss: 0.00000 
acc_train_clean: 0.6707, ASR_train_attach: 1.0000, ASR_train_outter: 0.9955
Epoch 390, loss_inner: 1.12208, loss_target: 1.11431, homo loss: 0.00000 
acc_train_clean: 0.6716, ASR_train_attach: 1.0000, ASR_train_outter: 0.9955
Epoch 400, loss_inner: 1.14470, loss_target: 1.18314, homo loss: 0.00000 
acc_train_clean: 0.6687, ASR_train_attach: 1.0000, ASR_train_outter: 0.9970
Epoch 410, loss_inner: 1.13137, loss_target: 1.16298, homo loss: 0.00000 
acc_train_clean: 0.6691, ASR_train_attach: 1.0000, ASR_train_outter: 0.9955
Epoch 420, loss_inner: 1.12728, loss_target: 1.14354, homo loss: 0.00000 
acc_train_clean: 0.6705, ASR_train_attach: 1.0000, ASR_train_outter: 0.9955
Epoch 430, loss_inner: 1.13170, loss_target: 1.14450, homo loss: 0.00000 
acc_train_clean: 0.6681, ASR_train_attach: 1.0000, ASR_train_outter: 0.9970
Epoch 440, loss_inner: 1.15226, loss_target: 1.17722, homo loss: 0.00000 
acc_train_clean: 0.6630, ASR_train_attach: 1.0000, ASR_train_outter: 0.9955
Epoch 450, loss_inner: 1.24341, loss_target: 1.31760, homo loss: 0.00000 
acc_train_clean: 0.6402, ASR_train_attach: 1.0000, ASR_train_outter: 0.9955
Epoch 460, loss_inner: 1.36327, loss_target: 1.69959, homo loss: 0.00000 
acc_train_clean: 0.6076, ASR_train_attach: 1.0000, ASR_train_outter: 0.9955
Epoch 470, loss_inner: 1.26542, loss_target: 2.02823, homo loss: 0.00000 
acc_train_clean: 0.6362, ASR_train_attach: 1.0000, ASR_train_outter: 0.9955
Epoch 480, loss_inner: 1.21217, loss_target: 2.56207, homo loss: 0.00000 
acc_train_clean: 0.6477, ASR_train_attach: 1.0000, ASR_train_outter: 0.9301
Epoch 490, loss_inner: 1.25599, loss_target: 4.57678, homo loss: 0.00000 
acc_train_clean: 0.6464, ASR_train_attach: 1.0000, ASR_train_outter: 0.8318
Epoch 500, loss_inner: 1.45107, loss_target: 5.96907, homo loss: 0.00026 
acc_train_clean: 0.6339, ASR_train_attach: 1.0000, ASR_train_outter: 1.0000
Epoch 510, loss_inner: 1.73639, loss_target: 10.50094, homo loss: 0.00032 
acc_train_clean: 0.6206, ASR_train_attach: 1.0000, ASR_train_outter: 1.0000
Epoch 520, loss_inner: 2.33804, loss_target: 10.48844, homo loss: 0.00028 
acc_train_clean: 0.6024, ASR_train_attach: 0.0000, ASR_train_outter: 0.9985
Epoch 530, loss_inner: 1.74074, loss_target: 11.29905, homo loss: 0.00028 
acc_train_clean: 0.6085, ASR_train_attach: 1.0000, ASR_train_outter: 0.9985
Epoch 540, loss_inner: 1.72844, loss_target: 14.64065, homo loss: 0.00045 
acc_train_clean: 0.6110, ASR_train_attach: 1.0000, ASR_train_outter: 1.0000
Epoch 550, loss_inner: 1.82694, loss_target: 20.91665, homo loss: 0.00071 
acc_train_clean: 0.6008, ASR_train_attach: 1.0000, ASR_train_outter: 0.6399
Epoch 560, loss_inner: 2.13988, loss_target: 14.97592, homo loss: 0.00143 
acc_train_clean: 0.5766, ASR_train_attach: 1.0000, ASR_train_outter: 1.0000
Epoch 570, loss_inner: 2.07674, loss_target: 17.89850, homo loss: 0.00147 
acc_train_clean: 0.5830, ASR_train_attach: 1.0000, ASR_train_outter: 0.9673
Epoch 580, loss_inner: 1.92699, loss_target: 21.19152, homo loss: 0.00118 
acc_train_clean: 0.6085, ASR_train_attach: 1.0000, ASR_train_outter: 0.9673
Epoch 590, loss_inner: 1.69982, loss_target: 20.91494, homo loss: 0.00105 
acc_train_clean: 0.6113, ASR_train_attach: 1.0000, ASR_train_outter: 1.0000
Epoch 600, loss_inner: 5.17061, loss_target: 29.61985, homo loss: 0.00094 
acc_train_clean: 0.6200, ASR_train_attach: 1.0000, ASR_train_outter: 1.0000
Epoch 610, loss_inner: 2.90547, loss_target: 34.24734, homo loss: 0.00139 
acc_train_clean: 0.6254, ASR_train_attach: 1.0000, ASR_train_outter: 1.0000
Epoch 620, loss_inner: 2.60126, loss_target: 39.90665, homo loss: 0.00087 
acc_train_clean: 0.6284, ASR_train_attach: 1.0000, ASR_train_outter: 0.8185
Epoch 630, loss_inner: 2.20195, loss_target: 22.40022, homo loss: 0.00037 
acc_train_clean: 0.6310, ASR_train_attach: 1.0000, ASR_train_outter: 1.0000
Epoch 640, loss_inner: 2.04208, loss_target: 16.85994, homo loss: 0.00031 
acc_train_clean: 0.6362, ASR_train_attach: 1.0000, ASR_train_outter: 0.9985
Epoch 650, loss_inner: 1.55166, loss_target: 22.74645, homo loss: 0.00034 
acc_train_clean: 0.6354, ASR_train_attach: 1.0000, ASR_train_outter: 0.9673
Epoch 660, loss_inner: 1.68719, loss_target: 18.56986, homo loss: 0.00050 
acc_train_clean: 0.6354, ASR_train_attach: 1.0000, ASR_train_outter: 1.0000
Epoch 670, loss_inner: 1.80888, loss_target: 16.88835, homo loss: 0.00085 
acc_train_clean: 0.6361, ASR_train_attach: 1.0000, ASR_train_outter: 0.9985
Epoch 680, loss_inner: 1.64304, loss_target: 19.42766, homo loss: 0.00103 
acc_train_clean: 0.6402, ASR_train_attach: 1.0000, ASR_train_outter: 0.9673
Epoch 690, loss_inner: 1.66715, loss_target: 22.81652, homo loss: 0.00132 
acc_train_clean: 0.6421, ASR_train_attach: 1.0000, ASR_train_outter: 0.9985
Epoch 700, loss_inner: 2.48768, loss_target: 30.23495, homo loss: 0.00107 
acc_train_clean: 0.6373, ASR_train_attach: 1.0000, ASR_train_outter: 1.0000
Epoch 710, loss_inner: 2.16545, loss_target: 17.79707, homo loss: 0.00048 
acc_train_clean: 0.6402, ASR_train_attach: 1.0000, ASR_train_outter: 1.0000
Epoch 720, loss_inner: 1.88002, loss_target: 22.95919, homo loss: 0.00023 
acc_train_clean: 0.6409, ASR_train_attach: 1.0000, ASR_train_outter: 1.0000
Epoch 730, loss_inner: 1.94437, loss_target: 28.46293, homo loss: 0.00011 
acc_train_clean: 0.6381, ASR_train_attach: 1.0000, ASR_train_outter: 0.8185
Epoch 740, loss_inner: 1.52592, loss_target: 20.69764, homo loss: 0.00005 
acc_train_clean: 0.6444, ASR_train_attach: 1.0000, ASR_train_outter: 0.9673
Epoch 750, loss_inner: 1.57257, loss_target: 13.43679, homo loss: 0.00005 
acc_train_clean: 0.6392, ASR_train_attach: 1.0000, ASR_train_outter: 0.9985
Epoch 760, loss_inner: 1.60392, loss_target: 11.95502, homo loss: 0.00008 
acc_train_clean: 0.6423, ASR_train_attach: 1.0000, ASR_train_outter: 1.0000
Epoch 770, loss_inner: 1.68234, loss_target: 15.02458, homo loss: 0.00012 
acc_train_clean: 0.6479, ASR_train_attach: 1.0000, ASR_train_outter: 0.9985
Epoch 780, loss_inner: 1.56247, loss_target: 17.41234, homo loss: 0.00017 
acc_train_clean: 0.6406, ASR_train_attach: 1.0000, ASR_train_outter: 1.0000
Epoch 790, loss_inner: 1.35881, loss_target: 12.02562, homo loss: 0.00024 
acc_train_clean: 0.6472, ASR_train_attach: 1.0000, ASR_train_outter: 1.0000
load best weight based on the loss outter
precent of left attach nodes: 1.000
Namespace(cuda=True, dataset='ogbn-arxiv', debug=True, defense_mode='none', device_id=1, dis_weight=0.0, dropout=0.5, epochs=800, evaluate_mode='1by1', hidden=32, homo_boost_thrd=0.0, homo_loss_weight=100.0, inner=1, lr=0.01, model='GCN', no_cuda=False, prune_thr=0.8, seed=265, selection_method='cluster_degree', target_class=0, target_loss_weight=1, test_model='GCN', thrd=0.5, train_lr=0.01, trigger_size=3, trojan_epochs=800, use_vs_number=True, vs_number=160, vs_ratio=0, weight_decay=0.0005)
target class rate on Vs: 1.0000
accuracy on clean test nodes: 0.6569
Overall ASR: 0.9920
Flip ASR: 0.9919/16875 nodes
Namespace(cuda=True, dataset='ogbn-arxiv', debug=True, defense_mode='none', device_id=1, dis_weight=0.0, dropout=0.5, epochs=800, evaluate_mode='1by1', hidden=32, homo_boost_thrd=0.0, homo_loss_weight=100.0, inner=1, lr=0.01, model='GCN', no_cuda=False, prune_thr=0.8, seed=125, selection_method='cluster_degree', target_class=0, target_loss_weight=1, test_model='GCN', thrd=0.5, train_lr=0.01, trigger_size=3, trojan_epochs=800, use_vs_number=True, vs_number=160, vs_ratio=0, weight_decay=0.0005)
target class rate on Vs: 1.0000
accuracy on clean test nodes: 0.6576
Overall ASR: 0.9880
Flip ASR: 0.9880/16875 nodes
Namespace(cuda=True, dataset='ogbn-arxiv', debug=True, defense_mode='none', device_id=1, dis_weight=0.0, dropout=0.5, epochs=800, evaluate_mode='1by1', hidden=32, homo_boost_thrd=0.0, homo_loss_weight=100.0, inner=1, lr=0.01, model='GCN', no_cuda=False, prune_thr=0.8, seed=996, selection_method='cluster_degree', target_class=0, target_loss_weight=1, test_model='GCN', thrd=0.5, train_lr=0.01, trigger_size=3, trojan_epochs=800, use_vs_number=True, vs_number=160, vs_ratio=0, weight_decay=0.0005)
target class rate on Vs: 1.0000
accuracy on clean test nodes: 0.6568
Overall ASR: 0.9930
Flip ASR: 0.9929/16875 nodes
Namespace(cuda=True, dataset='ogbn-arxiv', debug=True, defense_mode='none', device_id=1, dis_weight=0.0, dropout=0.5, epochs=800, evaluate_mode='1by1', hidden=32, homo_boost_thrd=0.0, homo_loss_weight=100.0, inner=1, lr=0.01, model='GCN', no_cuda=False, prune_thr=0.8, seed=527, selection_method='cluster_degree', target_class=0, target_loss_weight=1, test_model='GCN', thrd=0.5, train_lr=0.01, trigger_size=3, trojan_epochs=800, use_vs_number=True, vs_number=160, vs_ratio=0, weight_decay=0.0005)
target class rate on Vs: 1.0000
accuracy on clean test nodes: 0.6561
Overall ASR: 0.9931
Flip ASR: 0.9931/16875 nodes
Namespace(cuda=True, dataset='ogbn-arxiv', debug=True, defense_mode='none', device_id=1, dis_weight=0.0, dropout=0.5, epochs=800, evaluate_mode='1by1', hidden=32, homo_boost_thrd=0.0, homo_loss_weight=100.0, inner=1, lr=0.01, model='GCN', no_cuda=False, prune_thr=0.8, seed=320, selection_method='cluster_degree', target_class=0, target_loss_weight=1, test_model='GCN', thrd=0.5, train_lr=0.01, trigger_size=3, trojan_epochs=800, use_vs_number=True, vs_number=160, vs_ratio=0, weight_decay=0.0005)
target class rate on Vs: 1.0000
accuracy on clean test nodes: 0.6506
Overall ASR: 0.9919
Flip ASR: 0.9919/16875 nodes
Overall ASR: 0.9916 (GCN model, Seed: 320)
Overall Clean Accuracy: 0.6556
Namespace(cuda=True, dataset='ogbn-arxiv', debug=True, defense_mode='none', device_id=1, dis_weight=0.0, dropout=0.5, epochs=800, evaluate_mode='1by1', hidden=32, homo_boost_thrd=0.0, homo_loss_weight=100.0, inner=1, lr=0.01, model='GCN', no_cuda=False, prune_thr=0.8, seed=781, selection_method='cluster_degree', target_class=0, target_loss_weight=1, test_model='GAT', thrd=0.5, train_lr=0.01, trigger_size=3, trojan_epochs=800, use_vs_number=True, vs_number=160, vs_ratio=0, weight_decay=0.0005)
/home/project-graph-backdoor/Backdoor/models/GAT.py:61: UserWarning: To copy construct from a tensor, it is recommended to use sourceTensor.clone().detach() or sourceTensor.clone().detach().requires_grad_(True), rather than torch.tensor(sourceTensor).
  self.labels = torch.tensor(labels, dtype=torch.long)
target class rate on Vs: 1.0000
accuracy on clean test nodes: 0.6520
Overall ASR: 1.0000
Flip ASR: 1.0000/16875 nodes
Namespace(cuda=True, dataset='ogbn-arxiv', debug=True, defense_mode='none', device_id=1, dis_weight=0.0, dropout=0.5, epochs=800, evaluate_mode='1by1', hidden=32, homo_boost_thrd=0.0, homo_loss_weight=100.0, inner=1, lr=0.01, model='GCN', no_cuda=False, prune_thr=0.8, seed=706, selection_method='cluster_degree', target_class=0, target_loss_weight=1, test_model='GAT', thrd=0.5, train_lr=0.01, trigger_size=3, trojan_epochs=800, use_vs_number=True, vs_number=160, vs_ratio=0, weight_decay=0.0005)
target class rate on Vs: 1.0000
accuracy on clean test nodes: 0.6524
Overall ASR: 1.0000
Flip ASR: 1.0000/16875 nodes
Namespace(cuda=True, dataset='ogbn-arxiv', debug=True, defense_mode='none', device_id=1, dis_weight=0.0, dropout=0.5, epochs=800, evaluate_mode='1by1', hidden=32, homo_boost_thrd=0.0, homo_loss_weight=100.0, inner=1, lr=0.01, model='GCN', no_cuda=False, prune_thr=0.8, seed=778, selection_method='cluster_degree', target_class=0, target_loss_weight=1, test_model='GAT', thrd=0.5, train_lr=0.01, trigger_size=3, trojan_epochs=800, use_vs_number=True, vs_number=160, vs_ratio=0, weight_decay=0.0005)
target class rate on Vs: 1.0000
accuracy on clean test nodes: 0.6512
Overall ASR: 1.0000
Flip ASR: 1.0000/16875 nodes
Namespace(cuda=True, dataset='ogbn-arxiv', debug=True, defense_mode='none', device_id=1, dis_weight=0.0, dropout=0.5, epochs=800, evaluate_mode='1by1', hidden=32, homo_boost_thrd=0.0, homo_loss_weight=100.0, inner=1, lr=0.01, model='GCN', no_cuda=False, prune_thr=0.8, seed=604, selection_method='cluster_degree', target_class=0, target_loss_weight=1, test_model='GAT', thrd=0.5, train_lr=0.01, trigger_size=3, trojan_epochs=800, use_vs_number=True, vs_number=160, vs_ratio=0, weight_decay=0.0005)
target class rate on Vs: 1.0000
accuracy on clean test nodes: 0.6502
Overall ASR: 1.0000
Flip ASR: 1.0000/16875 nodes
Namespace(cuda=True, dataset='ogbn-arxiv', debug=True, defense_mode='none', device_id=1, dis_weight=0.0, dropout=0.5, epochs=800, evaluate_mode='1by1', hidden=32, homo_boost_thrd=0.0, homo_loss_weight=100.0, inner=1, lr=0.01, model='GCN', no_cuda=False, prune_thr=0.8, seed=133, selection_method='cluster_degree', target_class=0, target_loss_weight=1, test_model='GAT', thrd=0.5, train_lr=0.01, trigger_size=3, trojan_epochs=800, use_vs_number=True, vs_number=160, vs_ratio=0, weight_decay=0.0005)
target class rate on Vs: 1.0000
accuracy on clean test nodes: 0.6509
Overall ASR: 1.0000
Flip ASR: 1.0000/16875 nodes
Overall ASR: 1.0000 (GAT model, Seed: 133)
Overall Clean Accuracy: 0.6513
Namespace(cuda=True, dataset='ogbn-arxiv', debug=True, defense_mode='none', device_id=1, dis_weight=0.0, dropout=0.5, epochs=800, evaluate_mode='1by1', hidden=32, homo_boost_thrd=0.0, homo_loss_weight=100.0, inner=1, lr=0.01, model='GCN', no_cuda=False, prune_thr=0.8, seed=673, selection_method='cluster_degree', target_class=0, target_loss_weight=1, test_model='GraphSage', thrd=0.5, train_lr=0.01, trigger_size=3, trojan_epochs=800, use_vs_number=True, vs_number=160, vs_ratio=0, weight_decay=0.0005)
target class rate on Vs: 0.9688
accuracy on clean test nodes: 0.6527
Overall ASR: 0.9381
Flip ASR: 0.9379/16875 nodes
Namespace(cuda=True, dataset='ogbn-arxiv', debug=True, defense_mode='none', device_id=1, dis_weight=0.0, dropout=0.5, epochs=800, evaluate_mode='1by1', hidden=32, homo_boost_thrd=0.0, homo_loss_weight=100.0, inner=1, lr=0.01, model='GCN', no_cuda=False, prune_thr=0.8, seed=904, selection_method='cluster_degree', target_class=0, target_loss_weight=1, test_model='GraphSage', thrd=0.5, train_lr=0.01, trigger_size=3, trojan_epochs=800, use_vs_number=True, vs_number=160, vs_ratio=0, weight_decay=0.0005)
target class rate on Vs: 0.9938
accuracy on clean test nodes: 0.6553
Overall ASR: 0.9443
Flip ASR: 0.9441/16875 nodes
Namespace(cuda=True, dataset='ogbn-arxiv', debug=True, defense_mode='none', device_id=1, dis_weight=0.0, dropout=0.5, epochs=800, evaluate_mode='1by1', hidden=32, homo_boost_thrd=0.0, homo_loss_weight=100.0, inner=1, lr=0.01, model='GCN', no_cuda=False, prune_thr=0.8, seed=56, selection_method='cluster_degree', target_class=0, target_loss_weight=1, test_model='GraphSage', thrd=0.5, train_lr=0.01, trigger_size=3, trojan_epochs=800, use_vs_number=True, vs_number=160, vs_ratio=0, weight_decay=0.0005)
target class rate on Vs: 0.9938
accuracy on clean test nodes: 0.6565
Overall ASR: 0.9513
Flip ASR: 0.9511/16875 nodes
Namespace(cuda=True, dataset='ogbn-arxiv', debug=True, defense_mode='none', device_id=1, dis_weight=0.0, dropout=0.5, epochs=800, evaluate_mode='1by1', hidden=32, homo_boost_thrd=0.0, homo_loss_weight=100.0, inner=1, lr=0.01, model='GCN', no_cuda=False, prune_thr=0.8, seed=1, selection_method='cluster_degree', target_class=0, target_loss_weight=1, test_model='GraphSage', thrd=0.5, train_lr=0.01, trigger_size=3, trojan_epochs=800, use_vs_number=True, vs_number=160, vs_ratio=0, weight_decay=0.0005)
target class rate on Vs: 0.9938
accuracy on clean test nodes: 0.6632
Overall ASR: 0.9454
Flip ASR: 0.9452/16875 nodes
Namespace(cuda=True, dataset='ogbn-arxiv', debug=True, defense_mode='none', device_id=1, dis_weight=0.0, dropout=0.5, epochs=800, evaluate_mode='1by1', hidden=32, homo_boost_thrd=0.0, homo_loss_weight=100.0, inner=1, lr=0.01, model='GCN', no_cuda=False, prune_thr=0.8, seed=694, selection_method='cluster_degree', target_class=0, target_loss_weight=1, test_model='GraphSage', thrd=0.5, train_lr=0.01, trigger_size=3, trojan_epochs=800, use_vs_number=True, vs_number=160, vs_ratio=0, weight_decay=0.0005)
target class rate on Vs: 0.9938
accuracy on clean test nodes: 0.6548
Overall ASR: 0.9497
Flip ASR: 0.9496/16875 nodes
Overall ASR: 0.9458 (GraphSage model, Seed: 694)
Overall Clean Accuracy: 0.6565
Total Overall ASR: 0.9791 
Total Clean Accuracy: 0.6545
