nohup: ignoring input
run_adaptive.py:8: DeprecationWarning: the imp module is deprecated in favour of importlib; see the module's documentation for alternative uses
  import imp
Namespace(cuda=True, dataset='ogbn-arxiv', debug=True, defense_mode='isolate', device_id=2, dis_weight=0.0, dropout=0.5, epochs=200, evaluate_mode='1by1', hidden=32, homo_boost_thrd=0.8, homo_loss_weight=100.0, inner=1, lr=0.01, model='GCN', no_cuda=False, prune_thr=0.8, seed=10, selection_method='cluster_degree', target_class=0, target_loss_weight=1, test_model='GCN', thrd=0.5, train_lr=0.01, trigger_size=3, trojan_epochs=1500, use_vs_number=True, vs_number=320, vs_ratio=0, weight_decay=0.0005)
#Attach Nodes:320
./selected_nodes/ogbn-arxiv/Overall/seed10/nodes.txt
idx_attach: tensor([132437, 159342, 115859,  11103, 127522,  67544,  82569, 161886,  62976,
         13773,  68963, 144203,  19681,    750, 156733,  86828,  18909,  82685,
         81700, 164714, 103734,  65352,  47692,  14294, 153213,  78523,   1385,
         50714, 156839, 144199,  88403,  58221,  56228,  88511,  12909, 156645,
         93340, 136107,  80139,    622,   1438,   7666, 133129, 127534, 106596,
        102712,   4269,  55140, 125068, 152827, 135150,  23527,   3609,   6462,
        121168, 152542,   6165, 126338,  90948,  77520,  47397, 106658,  68636,
        109074,  69509, 138501,  13873,  20117,  83448,   3102, 143264,  91042,
         54237,  58770, 165138, 126351,  55671,  99141,  13704, 136218,  16458,
         43368, 146276,  31105, 112018,  77110, 104399,  46245, 147007,   5821,
         19313,  91731,  20583, 142204,  80573,   7668,  83587, 128743, 143180,
         91852,  75911,  65787, 153365, 126297,  39114, 104240,  77327,   4583,
           512,  48952,  28134,  38432,  10832,  61628, 127678, 138417, 147495,
         98345,  93057,  33697, 138811, 124659, 133488,  71285,  47676,   1298,
        167767,  47649, 124811,  39955,  70652, 138116,  94425, 163083,  21820,
        133451,  73518, 132097,  23608,  13837, 125639,  40347, 163907,   5087,
          6422, 119164, 165901,   5059,  83768,  27180, 100388,  35462, 116799,
          3703,   5670,  48904,  68159, 113552, 160597,  96989, 127472, 136647,
        148726, 125053, 138149, 138315, 141422,  76351,  76598,  59904, 148285,
         70903, 165759,  39375, 136221, 140976,  63383,  42932,  75075,  71850,
         73993,  30102,  65808,  62714,  45851,  95186,  36002,  74863,  64652,
        161830, 145444, 126027,  60679,  73713,  93896, 146527, 169172, 114189,
         95782,  93842, 148869, 112848,  68654,   4485, 168944, 140981,  72175,
         45679,  20436,   7628, 115596, 130154, 135469,  14337,  63022,  17599,
        122842, 103833,  45706,  81303,  13852,  81871, 114723, 142817,  28988,
         48225,  21674,  34318, 111176, 158279, 146881,  34991,  76669,  13346,
         17731, 138128, 136891, 117554,  40123,  52955, 103517, 141078,  75105,
         82512, 168762, 139593, 118896,  12297, 138395,  64922,  55710,  22340,
         76111,  93384, 111925,   5010,  13015, 116348, 150061, 130103, 141021,
         64826, 144901, 106175,  92109,  89940,  71933, 144027,  36882,  41628,
         55044,  12828,  41681,  14340,  23638, 144925,  62265,  35737, 155976,
        161925,  63089, 135644, 164665,   9848, 124525,  66260,  78580,  66041,
          4226, 128942,  52300,  86426, 146623,  42022,  64582,  63272, 144613,
         12980,  93063, 146301, 166120, 109587, 144883,  58222, 119761, 126871,
        112989,  47264,  44224,  76605, 125250,  85029, 139694, 119661,  82517,
         10258,   5687,  86843,  93827,  30524], device='cuda:2')
tensor([     1,      2,      3,  ..., 169334, 169336, 169338], device='cuda:2')
Epoch 0, loss_inner: 3.74860, loss_target: 3.62773, homo loss: 0.80685 
acc_train_clean: 0.0089, ASR_train_attach: 0.0000, ASR_train_outter: 0.0000
Epoch 10, loss_inner: 3.03397, loss_target: 3.09606, homo loss: 0.00530 
acc_train_clean: 0.2699, ASR_train_attach: 0.0000, ASR_train_outter: 0.0000
Epoch 20, loss_inner: 2.77849, loss_target: 2.78089, homo loss: 0.00066 
acc_train_clean: 0.2873, ASR_train_attach: 0.0000, ASR_train_outter: 0.0000
Epoch 30, loss_inner: 2.47312, loss_target: 2.44061, homo loss: 0.00036 
acc_train_clean: 0.3594, ASR_train_attach: 0.0000, ASR_train_outter: 0.0024
Epoch 40, loss_inner: 2.16524, loss_target: 2.11558, homo loss: 0.00028 
acc_train_clean: 0.4412, ASR_train_attach: 0.9094, ASR_train_outter: 0.8966
Epoch 50, loss_inner: 1.91571, loss_target: 1.87411, homo loss: 0.00029 
acc_train_clean: 0.5036, ASR_train_attach: 0.9094, ASR_train_outter: 0.9111
Epoch 60, loss_inner: 1.72850, loss_target: 1.69402, homo loss: 0.00035 
acc_train_clean: 0.5375, ASR_train_attach: 0.9844, ASR_train_outter: 0.9603
Epoch 70, loss_inner: 1.59976, loss_target: 1.57191, homo loss: 0.00022 
acc_train_clean: 0.5646, ASR_train_attach: 0.9813, ASR_train_outter: 0.9615
Epoch 80, loss_inner: 1.50668, loss_target: 1.48259, homo loss: 0.00017 
acc_train_clean: 0.5871, ASR_train_attach: 0.9875, ASR_train_outter: 0.9675
Epoch 90, loss_inner: 1.43160, loss_target: 1.40940, homo loss: 0.00013 
acc_train_clean: 0.6031, ASR_train_attach: 0.9906, ASR_train_outter: 0.9724
Epoch 100, loss_inner: 1.37117, loss_target: 1.35140, homo loss: 0.00009 
acc_train_clean: 0.6147, ASR_train_attach: 0.9906, ASR_train_outter: 0.9748
Epoch 110, loss_inner: 1.32840, loss_target: 1.31051, homo loss: 0.00011 
acc_train_clean: 0.6217, ASR_train_attach: 0.9906, ASR_train_outter: 0.9724
Epoch 120, loss_inner: 1.29602, loss_target: 1.27897, homo loss: 0.00009 
acc_train_clean: 0.6278, ASR_train_attach: 0.9844, ASR_train_outter: 0.9700
Epoch 130, loss_inner: 1.26612, loss_target: 1.24944, homo loss: 0.00004 
acc_train_clean: 0.6348, ASR_train_attach: 1.0000, ASR_train_outter: 0.9820
Epoch 140, loss_inner: 1.24246, loss_target: 1.22602, homo loss: 0.00002 
acc_train_clean: 0.6408, ASR_train_attach: 1.0000, ASR_train_outter: 0.9868
Epoch 150, loss_inner: 1.22594, loss_target: 1.20997, homo loss: 0.00000 
acc_train_clean: 0.6438, ASR_train_attach: 1.0000, ASR_train_outter: 0.9868
Epoch 160, loss_inner: 1.21426, loss_target: 1.19902, homo loss: 0.00000 
acc_train_clean: 0.6465, ASR_train_attach: 1.0000, ASR_train_outter: 0.9868
Epoch 170, loss_inner: 1.20557, loss_target: 1.19093, homo loss: 0.00001 
acc_train_clean: 0.6479, ASR_train_attach: 1.0000, ASR_train_outter: 0.9868
Epoch 180, loss_inner: 1.19821, loss_target: 1.18365, homo loss: 0.00002 
acc_train_clean: 0.6496, ASR_train_attach: 1.0000, ASR_train_outter: 0.9868
Epoch 190, loss_inner: 1.19185, loss_target: 1.17696, homo loss: 0.00002 
acc_train_clean: 0.6512, ASR_train_attach: 1.0000, ASR_train_outter: 0.9892
Epoch 200, loss_inner: 1.18621, loss_target: 1.17150, homo loss: 0.00001 
acc_train_clean: 0.6524, ASR_train_attach: 1.0000, ASR_train_outter: 0.9904
Epoch 210, loss_inner: 1.18088, loss_target: 1.16628, homo loss: 0.00002 
acc_train_clean: 0.6541, ASR_train_attach: 1.0000, ASR_train_outter: 0.9868
Epoch 220, loss_inner: 1.17591, loss_target: 1.16126, homo loss: 0.00001 
acc_train_clean: 0.6551, ASR_train_attach: 1.0000, ASR_train_outter: 0.9904
Epoch 230, loss_inner: 1.17148, loss_target: 1.15856, homo loss: 0.00043 
acc_train_clean: 0.6563, ASR_train_attach: 1.0000, ASR_train_outter: 0.9856
Epoch 240, loss_inner: 1.18564, loss_target: 1.21452, homo loss: 0.00214 
acc_train_clean: 0.6523, ASR_train_attach: 0.9125, ASR_train_outter: 0.9099
Epoch 250, loss_inner: 1.17336, loss_target: 1.19247, homo loss: 0.00143 
acc_train_clean: 0.6550, ASR_train_attach: 0.9844, ASR_train_outter: 0.9772
Epoch 260, loss_inner: 1.16486, loss_target: 1.17479, homo loss: 0.00114 
acc_train_clean: 0.6586, ASR_train_attach: 1.0000, ASR_train_outter: 0.9856
Epoch 270, loss_inner: 1.15981, loss_target: 1.16427, homo loss: 0.00094 
acc_train_clean: 0.6601, ASR_train_attach: 1.0000, ASR_train_outter: 0.9856
Epoch 280, loss_inner: 1.15600, loss_target: 1.15883, homo loss: 0.00082 
acc_train_clean: 0.6609, ASR_train_attach: 1.0000, ASR_train_outter: 0.9856
Epoch 290, loss_inner: 1.15268, loss_target: 1.15492, homo loss: 0.00074 
acc_train_clean: 0.6619, ASR_train_attach: 1.0000, ASR_train_outter: 0.9856
Epoch 300, loss_inner: 1.14968, loss_target: 1.15185, homo loss: 0.00070 
acc_train_clean: 0.6628, ASR_train_attach: 1.0000, ASR_train_outter: 0.9844
Epoch 310, loss_inner: 1.14686, loss_target: 1.14943, homo loss: 0.00066 
acc_train_clean: 0.6632, ASR_train_attach: 1.0000, ASR_train_outter: 0.9832
Epoch 320, loss_inner: 1.14322, loss_target: 1.14568, homo loss: 0.00064 
acc_train_clean: 0.6642, ASR_train_attach: 1.0000, ASR_train_outter: 0.9844
Epoch 330, loss_inner: 1.13961, loss_target: 1.14185, homo loss: 0.00063 
acc_train_clean: 0.6646, ASR_train_attach: 1.0000, ASR_train_outter: 0.9880
Epoch 340, loss_inner: 1.13445, loss_target: 1.13656, homo loss: 0.00062 
acc_train_clean: 0.6668, ASR_train_attach: 1.0000, ASR_train_outter: 0.9868
Epoch 350, loss_inner: 1.13111, loss_target: 1.13300, homo loss: 0.00062 
acc_train_clean: 0.6677, ASR_train_attach: 1.0000, ASR_train_outter: 0.9880
Epoch 360, loss_inner: 1.12814, loss_target: 1.12856, homo loss: 0.00062 
acc_train_clean: 0.6682, ASR_train_attach: 1.0000, ASR_train_outter: 0.9880
Epoch 370, loss_inner: 1.12571, loss_target: 1.12519, homo loss: 0.00062 
acc_train_clean: 0.6687, ASR_train_attach: 1.0000, ASR_train_outter: 0.9904
Epoch 380, loss_inner: 1.12362, loss_target: 1.12224, homo loss: 0.00062 
acc_train_clean: 0.6697, ASR_train_attach: 1.0000, ASR_train_outter: 0.9904
Epoch 390, loss_inner: 1.12289, loss_target: 1.12222, homo loss: 0.00062 
acc_train_clean: 0.6697, ASR_train_attach: 1.0000, ASR_train_outter: 0.9928
Epoch 400, loss_inner: 1.12125, loss_target: 1.11944, homo loss: 0.00062 
acc_train_clean: 0.6705, ASR_train_attach: 1.0000, ASR_train_outter: 0.9940
Epoch 410, loss_inner: 1.11974, loss_target: 1.11809, homo loss: 0.00063 
acc_train_clean: 0.6709, ASR_train_attach: 1.0000, ASR_train_outter: 0.9940
Epoch 420, loss_inner: 1.11888, loss_target: 1.11776, homo loss: 0.00063 
acc_train_clean: 0.6708, ASR_train_attach: 1.0000, ASR_train_outter: 0.9940
Epoch 430, loss_inner: 1.11783, loss_target: 1.11642, homo loss: 0.00064 
acc_train_clean: 0.6714, ASR_train_attach: 1.0000, ASR_train_outter: 0.9940
Epoch 440, loss_inner: 1.11820, loss_target: 1.11801, homo loss: 0.00064 
acc_train_clean: 0.6714, ASR_train_attach: 1.0000, ASR_train_outter: 0.9940
Epoch 450, loss_inner: 1.11692, loss_target: 1.11717, homo loss: 0.00065 
acc_train_clean: 0.6709, ASR_train_attach: 1.0000, ASR_train_outter: 0.9952
Epoch 460, loss_inner: 1.11594, loss_target: 1.11596, homo loss: 0.00066 
acc_train_clean: 0.6715, ASR_train_attach: 1.0000, ASR_train_outter: 0.9964
Epoch 470, loss_inner: 1.11503, loss_target: 1.11529, homo loss: 0.00067 
acc_train_clean: 0.6720, ASR_train_attach: 1.0000, ASR_train_outter: 0.9952
Epoch 480, loss_inner: 1.11537, loss_target: 1.11670, homo loss: 0.00068 
acc_train_clean: 0.6721, ASR_train_attach: 1.0000, ASR_train_outter: 0.9964
Epoch 490, loss_inner: 1.11563, loss_target: 1.11985, homo loss: 0.00070 
acc_train_clean: 0.6711, ASR_train_attach: 1.0000, ASR_train_outter: 0.9964
Epoch 500, loss_inner: 1.11598, loss_target: 1.11823, homo loss: 0.00072 
acc_train_clean: 0.6713, ASR_train_attach: 1.0000, ASR_train_outter: 0.9964
Epoch 510, loss_inner: 1.11584, loss_target: 1.12152, homo loss: 0.00074 
acc_train_clean: 0.6712, ASR_train_attach: 1.0000, ASR_train_outter: 0.9964
Epoch 520, loss_inner: 1.11806, loss_target: 1.12418, homo loss: 0.00079 
acc_train_clean: 0.6724, ASR_train_attach: 1.0000, ASR_train_outter: 0.9964
Epoch 530, loss_inner: 1.13700, loss_target: 1.16008, homo loss: 0.00095 
acc_train_clean: 0.6652, ASR_train_attach: 1.0000, ASR_train_outter: 0.9976
Epoch 540, loss_inner: 1.18158, loss_target: 1.45174, homo loss: 0.00152 
acc_train_clean: 0.6523, ASR_train_attach: 1.0000, ASR_train_outter: 0.7957
Epoch 550, loss_inner: 1.25342, loss_target: 5.78298, homo loss: 0.00383 
acc_train_clean: 0.6359, ASR_train_attach: 1.0000, ASR_train_outter: 0.0000
Epoch 560, loss_inner: 1.40594, loss_target: 2.50605, homo loss: 0.01213 
acc_train_clean: 0.5847, ASR_train_attach: 1.0000, ASR_train_outter: 0.9988
Epoch 570, loss_inner: 1.81240, loss_target: 2.70668, homo loss: 0.02579 
acc_train_clean: 0.5432, ASR_train_attach: 1.0000, ASR_train_outter: 1.0000
Epoch 580, loss_inner: 1.64738, loss_target: 5.35185, homo loss: 0.03620 
acc_train_clean: 0.5319, ASR_train_attach: 1.0000, ASR_train_outter: 0.0000
Epoch 590, loss_inner: 2.20675, loss_target: 10.54501, homo loss: 0.10441 
acc_train_clean: 0.5061, ASR_train_attach: 1.0000, ASR_train_outter: 0.0000
Epoch 600, loss_inner: 2.22250, loss_target: 9.27978, homo loss: 0.15899 
acc_train_clean: 0.5226, ASR_train_attach: 1.0000, ASR_train_outter: 0.0000
Epoch 610, loss_inner: 2.06686, loss_target: 5.86329, homo loss: 0.16161 
acc_train_clean: 0.5221, ASR_train_attach: 1.0000, ASR_train_outter: 0.8870
Epoch 620, loss_inner: 1.77636, loss_target: 3.40962, homo loss: 0.15439 
acc_train_clean: 0.5302, ASR_train_attach: 1.0000, ASR_train_outter: 1.0000
Epoch 630, loss_inner: 1.87992, loss_target: 5.23794, homo loss: 0.14981 
acc_train_clean: 0.5421, ASR_train_attach: 1.0000, ASR_train_outter: 1.0000
Epoch 640, loss_inner: 1.58560, loss_target: 19.11203, homo loss: 0.14197 
acc_train_clean: 0.5713, ASR_train_attach: 1.0000, ASR_train_outter: 0.0000
Epoch 650, loss_inner: 1.53236, loss_target: 2.44770, homo loss: 0.13036 
acc_train_clean: 0.5984, ASR_train_attach: 1.0000, ASR_train_outter: 1.0000
Epoch 660, loss_inner: 1.33732, loss_target: 1.31731, homo loss: 0.12028 
acc_train_clean: 0.6139, ASR_train_attach: 1.0000, ASR_train_outter: 1.0000
Epoch 670, loss_inner: 1.30584, loss_target: 1.28459, homo loss: 0.10973 
acc_train_clean: 0.6211, ASR_train_attach: 1.0000, ASR_train_outter: 1.0000
Epoch 680, loss_inner: 1.28048, loss_target: 1.27266, homo loss: 0.10088 
acc_train_clean: 0.6272, ASR_train_attach: 1.0000, ASR_train_outter: 1.0000
Epoch 690, loss_inner: 1.26240, loss_target: 1.24352, homo loss: 0.09322 
acc_train_clean: 0.6324, ASR_train_attach: 1.0000, ASR_train_outter: 1.0000
Epoch 700, loss_inner: 1.24948, loss_target: 1.23113, homo loss: 0.08636 
acc_train_clean: 0.6352, ASR_train_attach: 1.0000, ASR_train_outter: 1.0000
Epoch 710, loss_inner: 1.24005, loss_target: 1.22213, homo loss: 0.08029 
acc_train_clean: 0.6385, ASR_train_attach: 1.0000, ASR_train_outter: 1.0000
Epoch 720, loss_inner: 1.23188, loss_target: 1.21416, homo loss: 0.07474 
acc_train_clean: 0.6401, ASR_train_attach: 1.0000, ASR_train_outter: 1.0000
Epoch 730, loss_inner: 1.22520, loss_target: 1.20770, homo loss: 0.06962 
acc_train_clean: 0.6421, ASR_train_attach: 1.0000, ASR_train_outter: 1.0000
Epoch 740, loss_inner: 1.21888, loss_target: 1.20175, homo loss: 0.06481 
acc_train_clean: 0.6438, ASR_train_attach: 1.0000, ASR_train_outter: 1.0000
Epoch 750, loss_inner: 1.21505, loss_target: 1.19770, homo loss: 0.06055 
acc_train_clean: 0.6448, ASR_train_attach: 1.0000, ASR_train_outter: 1.0000
Epoch 760, loss_inner: 1.21184, loss_target: 1.19437, homo loss: 0.05675 
acc_train_clean: 0.6469, ASR_train_attach: 1.0000, ASR_train_outter: 1.0000
Epoch 770, loss_inner: 1.20692, loss_target: 1.18977, homo loss: 0.05296 
acc_train_clean: 0.6474, ASR_train_attach: 1.0000, ASR_train_outter: 1.0000
Epoch 780, loss_inner: 1.20307, loss_target: 1.18601, homo loss: 0.04927 
acc_train_clean: 0.6472, ASR_train_attach: 1.0000, ASR_train_outter: 1.0000
Epoch 790, loss_inner: 1.19898, loss_target: 1.18206, homo loss: 0.04576 
acc_train_clean: 0.6490, ASR_train_attach: 1.0000, ASR_train_outter: 1.0000
Epoch 800, loss_inner: 1.19495, loss_target: 1.17858, homo loss: 0.04251 
acc_train_clean: 0.6511, ASR_train_attach: 1.0000, ASR_train_outter: 1.0000
Epoch 810, loss_inner: 1.19231, loss_target: 1.17565, homo loss: 0.03949 
acc_train_clean: 0.6517, ASR_train_attach: 1.0000, ASR_train_outter: 1.0000
Epoch 820, loss_inner: 1.18959, loss_target: 1.17743, homo loss: 0.03654 
acc_train_clean: 0.6522, ASR_train_attach: 1.0000, ASR_train_outter: 0.9988
Epoch 830, loss_inner: 1.18628, loss_target: 1.17027, homo loss: 0.03381 
acc_train_clean: 0.6529, ASR_train_attach: 1.0000, ASR_train_outter: 0.9988
Epoch 840, loss_inner: 1.18319, loss_target: 1.17487, homo loss: 0.03135 
acc_train_clean: 0.6538, ASR_train_attach: 1.0000, ASR_train_outter: 0.9952
Epoch 850, loss_inner: 1.18027, loss_target: 1.17476, homo loss: 0.02921 
acc_train_clean: 0.6542, ASR_train_attach: 1.0000, ASR_train_outter: 0.9988
Epoch 860, loss_inner: 1.17746, loss_target: 1.17554, homo loss: 0.02739 
acc_train_clean: 0.6547, ASR_train_attach: 1.0000, ASR_train_outter: 0.9976
Epoch 870, loss_inner: 1.17486, loss_target: 1.17495, homo loss: 0.02585 
acc_train_clean: 0.6554, ASR_train_attach: 1.0000, ASR_train_outter: 0.9988
Epoch 880, loss_inner: 1.17360, loss_target: 1.17575, homo loss: 0.02465 
acc_train_clean: 0.6552, ASR_train_attach: 1.0000, ASR_train_outter: 0.9988
Epoch 890, loss_inner: 1.17537, loss_target: 1.16367, homo loss: 0.02327 
acc_train_clean: 0.6541, ASR_train_attach: 1.0000, ASR_train_outter: 1.0000
Epoch 900, loss_inner: 1.17571, loss_target: 1.15962, homo loss: 0.02145 
acc_train_clean: 0.6545, ASR_train_attach: 1.0000, ASR_train_outter: 1.0000
Epoch 910, loss_inner: 1.17312, loss_target: 1.15675, homo loss: 0.01928 
acc_train_clean: 0.6552, ASR_train_attach: 1.0000, ASR_train_outter: 1.0000
Epoch 920, loss_inner: 1.16970, loss_target: 1.15364, homo loss: 0.01718 
acc_train_clean: 0.6566, ASR_train_attach: 1.0000, ASR_train_outter: 1.0000
Epoch 930, loss_inner: 1.16687, loss_target: 1.15158, homo loss: 0.01529 
acc_train_clean: 0.6568, ASR_train_attach: 1.0000, ASR_train_outter: 0.9976
Epoch 940, loss_inner: 1.16462, loss_target: 1.14916, homo loss: 0.01367 
acc_train_clean: 0.6575, ASR_train_attach: 1.0000, ASR_train_outter: 0.9976
Epoch 950, loss_inner: 1.16273, loss_target: 1.14776, homo loss: 0.01225 
acc_train_clean: 0.6580, ASR_train_attach: 1.0000, ASR_train_outter: 0.9976
Epoch 960, loss_inner: 1.16247, loss_target: 1.15390, homo loss: 0.01119 
acc_train_clean: 0.6570, ASR_train_attach: 1.0000, ASR_train_outter: 0.9964
Epoch 970, loss_inner: 1.16622, loss_target: 1.14975, homo loss: 0.01051 
acc_train_clean: 0.6578, ASR_train_attach: 1.0000, ASR_train_outter: 0.9976
Epoch 980, loss_inner: 1.16285, loss_target: 1.14789, homo loss: 0.00976 
acc_train_clean: 0.6589, ASR_train_attach: 1.0000, ASR_train_outter: 0.9988
Epoch 990, loss_inner: 1.15985, loss_target: 1.17975, homo loss: 0.00900 
acc_train_clean: 0.6594, ASR_train_attach: 1.0000, ASR_train_outter: 0.9964
Epoch 1000, loss_inner: 1.15701, loss_target: 1.16076, homo loss: 0.00833 
acc_train_clean: 0.6596, ASR_train_attach: 1.0000, ASR_train_outter: 0.9976
Epoch 1010, loss_inner: 1.15475, loss_target: 1.16145, homo loss: 0.00778 
acc_train_clean: 0.6604, ASR_train_attach: 1.0000, ASR_train_outter: 0.9988
Epoch 1020, loss_inner: 1.15296, loss_target: 1.16038, homo loss: 0.00738 
acc_train_clean: 0.6609, ASR_train_attach: 1.0000, ASR_train_outter: 0.9976
Epoch 1030, loss_inner: 1.15129, loss_target: 1.17602, homo loss: 0.00691 
acc_train_clean: 0.6616, ASR_train_attach: 1.0000, ASR_train_outter: 0.9964
Epoch 1040, loss_inner: 1.14946, loss_target: 1.14314, homo loss: 0.00658 
acc_train_clean: 0.6621, ASR_train_attach: 1.0000, ASR_train_outter: 0.9964
Epoch 1050, loss_inner: 1.14683, loss_target: 1.15070, homo loss: 0.00653 
acc_train_clean: 0.6628, ASR_train_attach: 1.0000, ASR_train_outter: 0.9964
Epoch 1060, loss_inner: 1.14815, loss_target: 1.13218, homo loss: 0.00656 
acc_train_clean: 0.6628, ASR_train_attach: 1.0000, ASR_train_outter: 0.9964
Epoch 1070, loss_inner: 1.14706, loss_target: 1.13122, homo loss: 0.00636 
acc_train_clean: 0.6624, ASR_train_attach: 1.0000, ASR_train_outter: 0.9976
Epoch 1080, loss_inner: 1.14683, loss_target: 1.14132, homo loss: 0.00599 
acc_train_clean: 0.6623, ASR_train_attach: 1.0000, ASR_train_outter: 0.9976
Epoch 1090, loss_inner: 1.14662, loss_target: 1.13213, homo loss: 0.00571 
acc_train_clean: 0.6628, ASR_train_attach: 1.0000, ASR_train_outter: 0.9964
Epoch 1100, loss_inner: 1.14310, loss_target: 1.15664, homo loss: 0.00538 
acc_train_clean: 0.6647, ASR_train_attach: 1.0000, ASR_train_outter: 0.9964
Epoch 1110, loss_inner: 1.14206, loss_target: 1.13231, homo loss: 0.00519 
acc_train_clean: 0.6639, ASR_train_attach: 1.0000, ASR_train_outter: 0.9964
Epoch 1120, loss_inner: 1.13961, loss_target: 1.12498, homo loss: 0.00505 
acc_train_clean: 0.6648, ASR_train_attach: 1.0000, ASR_train_outter: 0.9976
Epoch 1130, loss_inner: 1.13765, loss_target: 1.12710, homo loss: 0.00486 
acc_train_clean: 0.6646, ASR_train_attach: 1.0000, ASR_train_outter: 0.9976
Epoch 1140, loss_inner: 1.13599, loss_target: 1.12514, homo loss: 0.00485 
acc_train_clean: 0.6651, ASR_train_attach: 1.0000, ASR_train_outter: 0.9976
Epoch 1150, loss_inner: 1.13453, loss_target: 1.12700, homo loss: 0.00479 
acc_train_clean: 0.6657, ASR_train_attach: 1.0000, ASR_train_outter: 0.9976
Epoch 1160, loss_inner: 1.13369, loss_target: 1.11863, homo loss: 0.00488 
acc_train_clean: 0.6656, ASR_train_attach: 1.0000, ASR_train_outter: 0.9976
Epoch 1170, loss_inner: 1.13294, loss_target: 1.11798, homo loss: 0.00476 
acc_train_clean: 0.6663, ASR_train_attach: 1.0000, ASR_train_outter: 0.9976
Epoch 1180, loss_inner: 1.13258, loss_target: 1.11896, homo loss: 0.00451 
acc_train_clean: 0.6663, ASR_train_attach: 1.0000, ASR_train_outter: 0.9976
Epoch 1190, loss_inner: 1.13276, loss_target: 1.11748, homo loss: 0.00439 
acc_train_clean: 0.6662, ASR_train_attach: 1.0000, ASR_train_outter: 0.9976
Epoch 1200, loss_inner: 1.13169, loss_target: 1.11929, homo loss: 0.00424 
acc_train_clean: 0.6659, ASR_train_attach: 1.0000, ASR_train_outter: 0.9988
Epoch 1210, loss_inner: 1.13084, loss_target: 1.12211, homo loss: 0.00429 
acc_train_clean: 0.6668, ASR_train_attach: 1.0000, ASR_train_outter: 0.9988
Epoch 1220, loss_inner: 1.13069, loss_target: 1.12725, homo loss: 0.00427 
acc_train_clean: 0.6672, ASR_train_attach: 1.0000, ASR_train_outter: 0.9988
Epoch 1230, loss_inner: 1.12911, loss_target: 1.11968, homo loss: 0.00430 
acc_train_clean: 0.6667, ASR_train_attach: 1.0000, ASR_train_outter: 0.9976
Epoch 1240, loss_inner: 1.12791, loss_target: 1.13511, homo loss: 0.00413 
acc_train_clean: 0.6670, ASR_train_attach: 1.0000, ASR_train_outter: 0.9976
Epoch 1250, loss_inner: 1.12727, loss_target: 1.13578, homo loss: 0.00395 
acc_train_clean: 0.6677, ASR_train_attach: 1.0000, ASR_train_outter: 0.9964
Epoch 1260, loss_inner: 1.12852, loss_target: 1.12241, homo loss: 0.00376 
acc_train_clean: 0.6679, ASR_train_attach: 1.0000, ASR_train_outter: 0.9976
Epoch 1270, loss_inner: 1.12716, loss_target: 1.15033, homo loss: 0.00365 
acc_train_clean: 0.6683, ASR_train_attach: 1.0000, ASR_train_outter: 0.9952
Epoch 1280, loss_inner: 1.28564, loss_target: 2.94571, homo loss: 0.00393 
acc_train_clean: 0.6508, ASR_train_attach: 1.0000, ASR_train_outter: 1.0000
Epoch 1290, loss_inner: 1.17787, loss_target: 1.53972, homo loss: 0.00460 
acc_train_clean: 0.6578, ASR_train_attach: 1.0000, ASR_train_outter: 1.0000
Epoch 1300, loss_inner: 1.14685, loss_target: 1.13042, homo loss: 0.00507 
acc_train_clean: 0.6637, ASR_train_attach: 1.0000, ASR_train_outter: 1.0000
Epoch 1310, loss_inner: 1.13854, loss_target: 1.12210, homo loss: 0.00484 
acc_train_clean: 0.6660, ASR_train_attach: 1.0000, ASR_train_outter: 1.0000
Epoch 1320, loss_inner: 1.13411, loss_target: 1.11831, homo loss: 0.00455 
acc_train_clean: 0.6665, ASR_train_attach: 1.0000, ASR_train_outter: 1.0000
Epoch 1330, loss_inner: 1.13220, loss_target: 1.11656, homo loss: 0.00410 
acc_train_clean: 0.6665, ASR_train_attach: 1.0000, ASR_train_outter: 1.0000
Epoch 1340, loss_inner: 1.13845, loss_target: 1.12174, homo loss: 0.00387 
acc_train_clean: 0.6657, ASR_train_attach: 1.0000, ASR_train_outter: 1.0000
Epoch 1350, loss_inner: 1.13422, loss_target: 1.11843, homo loss: 0.00360 
acc_train_clean: 0.6665, ASR_train_attach: 1.0000, ASR_train_outter: 1.0000
Epoch 1360, loss_inner: 1.13106, loss_target: 1.12293, homo loss: 0.00367 
acc_train_clean: 0.6671, ASR_train_attach: 1.0000, ASR_train_outter: 1.0000
Epoch 1370, loss_inner: 1.12935, loss_target: 1.11767, homo loss: 0.00375 
acc_train_clean: 0.6676, ASR_train_attach: 1.0000, ASR_train_outter: 1.0000
Epoch 1380, loss_inner: 1.12879, loss_target: 1.13025, homo loss: 0.00388 
acc_train_clean: 0.6681, ASR_train_attach: 1.0000, ASR_train_outter: 1.0000
Epoch 1390, loss_inner: 1.12850, loss_target: 1.12445, homo loss: 0.00411 
acc_train_clean: 0.6668, ASR_train_attach: 1.0000, ASR_train_outter: 1.0000
Epoch 1400, loss_inner: 1.12761, loss_target: 1.11832, homo loss: 0.00438 
acc_train_clean: 0.6685, ASR_train_attach: 1.0000, ASR_train_outter: 1.0000
Epoch 1410, loss_inner: 1.12630, loss_target: 1.11506, homo loss: 0.00451 
acc_train_clean: 0.6679, ASR_train_attach: 1.0000, ASR_train_outter: 1.0000
Epoch 1420, loss_inner: 1.12528, loss_target: 1.12254, homo loss: 0.00452 
acc_train_clean: 0.6682, ASR_train_attach: 1.0000, ASR_train_outter: 1.0000
Epoch 1430, loss_inner: 1.12483, loss_target: 1.11068, homo loss: 0.00426 
acc_train_clean: 0.6687, ASR_train_attach: 1.0000, ASR_train_outter: 1.0000
Epoch 1440, loss_inner: 1.12442, loss_target: 1.10914, homo loss: 0.00397 
acc_train_clean: 0.6687, ASR_train_attach: 1.0000, ASR_train_outter: 1.0000
Epoch 1450, loss_inner: 1.12360, loss_target: 1.11460, homo loss: 0.00370 
acc_train_clean: 0.6694, ASR_train_attach: 1.0000, ASR_train_outter: 1.0000
Epoch 1460, loss_inner: 1.12344, loss_target: 1.11088, homo loss: 0.00358 
acc_train_clean: 0.6692, ASR_train_attach: 1.0000, ASR_train_outter: 1.0000
Epoch 1470, loss_inner: 1.12293, loss_target: 1.10906, homo loss: 0.00353 
acc_train_clean: 0.6692, ASR_train_attach: 1.0000, ASR_train_outter: 1.0000
Epoch 1480, loss_inner: 1.12297, loss_target: 1.11648, homo loss: 0.00341 
acc_train_clean: 0.6684, ASR_train_attach: 1.0000, ASR_train_outter: 1.0000
Epoch 1490, loss_inner: 1.12366, loss_target: 1.11174, homo loss: 0.00332 
acc_train_clean: 0.6687, ASR_train_attach: 1.0000, ASR_train_outter: 1.0000
load best weight based on the loss outter
precent of left attach nodes: 0.200
Namespace(cuda=True, dataset='ogbn-arxiv', debug=True, defense_mode='isolate', device_id=2, dis_weight=0.0, dropout=0.5, epochs=200, evaluate_mode='1by1', hidden=32, homo_boost_thrd=0.8, homo_loss_weight=100.0, inner=1, lr=0.01, model='GCN', no_cuda=False, prune_thr=0.8, seed=265, selection_method='cluster_degree', target_class=0, target_loss_weight=1, test_model='GCN', thrd=0.5, train_lr=0.01, trigger_size=3, trojan_epochs=1500, use_vs_number=True, vs_number=320, vs_ratio=0, weight_decay=0.0005)
target class rate on Vs: 0.9969
accuracy on clean test nodes: 0.6241
Overall ASR: 0.9324
Flip ASR: 0.9322/16875 nodes
Namespace(cuda=True, dataset='ogbn-arxiv', debug=True, defense_mode='isolate', device_id=2, dis_weight=0.0, dropout=0.5, epochs=200, evaluate_mode='1by1', hidden=32, homo_boost_thrd=0.8, homo_loss_weight=100.0, inner=1, lr=0.01, model='GCN', no_cuda=False, prune_thr=0.8, seed=125, selection_method='cluster_degree', target_class=0, target_loss_weight=1, test_model='GCN', thrd=0.5, train_lr=0.01, trigger_size=3, trojan_epochs=1500, use_vs_number=True, vs_number=320, vs_ratio=0, weight_decay=0.0005)
target class rate on Vs: 0.9969
accuracy on clean test nodes: 0.6287
Overall ASR: 0.9311
Flip ASR: 0.9309/16875 nodes
Namespace(cuda=True, dataset='ogbn-arxiv', debug=True, defense_mode='isolate', device_id=2, dis_weight=0.0, dropout=0.5, epochs=200, evaluate_mode='1by1', hidden=32, homo_boost_thrd=0.8, homo_loss_weight=100.0, inner=1, lr=0.01, model='GCN', no_cuda=False, prune_thr=0.8, seed=996, selection_method='cluster_degree', target_class=0, target_loss_weight=1, test_model='GCN', thrd=0.5, train_lr=0.01, trigger_size=3, trojan_epochs=1500, use_vs_number=True, vs_number=320, vs_ratio=0, weight_decay=0.0005)
target class rate on Vs: 0.9969
accuracy on clean test nodes: 0.6333
Overall ASR: 0.9310
Flip ASR: 0.9308/16875 nodes
Namespace(cuda=True, dataset='ogbn-arxiv', debug=True, defense_mode='isolate', device_id=2, dis_weight=0.0, dropout=0.5, epochs=200, evaluate_mode='1by1', hidden=32, homo_boost_thrd=0.8, homo_loss_weight=100.0, inner=1, lr=0.01, model='GCN', no_cuda=False, prune_thr=0.8, seed=527, selection_method='cluster_degree', target_class=0, target_loss_weight=1, test_model='GCN', thrd=0.5, train_lr=0.01, trigger_size=3, trojan_epochs=1500, use_vs_number=True, vs_number=320, vs_ratio=0, weight_decay=0.0005)
target class rate on Vs: 0.9969
accuracy on clean test nodes: 0.6352
Overall ASR: 0.9342
Flip ASR: 0.9340/16875 nodes
Namespace(cuda=True, dataset='ogbn-arxiv', debug=True, defense_mode='isolate', device_id=2, dis_weight=0.0, dropout=0.5, epochs=200, evaluate_mode='1by1', hidden=32, homo_boost_thrd=0.8, homo_loss_weight=100.0, inner=1, lr=0.01, model='GCN', no_cuda=False, prune_thr=0.8, seed=320, selection_method='cluster_degree', target_class=0, target_loss_weight=1, test_model='GCN', thrd=0.5, train_lr=0.01, trigger_size=3, trojan_epochs=1500, use_vs_number=True, vs_number=320, vs_ratio=0, weight_decay=0.0005)
target class rate on Vs: 0.9969
accuracy on clean test nodes: 0.6240
Overall ASR: 0.9371
Flip ASR: 0.9369/16875 nodes
Overall ASR: 0.9332 (GCN model, Seed: 320)
Overall Clean Accuracy: 0.6291
Namespace(cuda=True, dataset='ogbn-arxiv', debug=True, defense_mode='isolate', device_id=2, dis_weight=0.0, dropout=0.5, epochs=200, evaluate_mode='1by1', hidden=32, homo_boost_thrd=0.8, homo_loss_weight=100.0, inner=1, lr=0.01, model='GCN', no_cuda=False, prune_thr=0.8, seed=781, selection_method='cluster_degree', target_class=0, target_loss_weight=1, test_model='GAT', thrd=0.5, train_lr=0.01, trigger_size=3, trojan_epochs=1500, use_vs_number=True, vs_number=320, vs_ratio=0, weight_decay=0.0005)
/home/project-graph-backdoor/Backdoor/models/GAT.py:61: UserWarning: To copy construct from a tensor, it is recommended to use sourceTensor.clone().detach() or sourceTensor.clone().detach().requires_grad_(True), rather than torch.tensor(sourceTensor).
  self.labels = torch.tensor(labels, dtype=torch.long)
target class rate on Vs: 0.9969
accuracy on clean test nodes: 0.6400
Overall ASR: 0.9460
Flip ASR: 0.9458/16875 nodes
Namespace(cuda=True, dataset='ogbn-arxiv', debug=True, defense_mode='isolate', device_id=2, dis_weight=0.0, dropout=0.5, epochs=200, evaluate_mode='1by1', hidden=32, homo_boost_thrd=0.8, homo_loss_weight=100.0, inner=1, lr=0.01, model='GCN', no_cuda=False, prune_thr=0.8, seed=706, selection_method='cluster_degree', target_class=0, target_loss_weight=1, test_model='GAT', thrd=0.5, train_lr=0.01, trigger_size=3, trojan_epochs=1500, use_vs_number=True, vs_number=320, vs_ratio=0, weight_decay=0.0005)
target class rate on Vs: 0.9969
accuracy on clean test nodes: 0.6399
Overall ASR: 0.9460
Flip ASR: 0.9458/16875 nodes
Namespace(cuda=True, dataset='ogbn-arxiv', debug=True, defense_mode='isolate', device_id=2, dis_weight=0.0, dropout=0.5, epochs=200, evaluate_mode='1by1', hidden=32, homo_boost_thrd=0.8, homo_loss_weight=100.0, inner=1, lr=0.01, model='GCN', no_cuda=False, prune_thr=0.8, seed=778, selection_method='cluster_degree', target_class=0, target_loss_weight=1, test_model='GAT', thrd=0.5, train_lr=0.01, trigger_size=3, trojan_epochs=1500, use_vs_number=True, vs_number=320, vs_ratio=0, weight_decay=0.0005)
target class rate on Vs: 0.9969
accuracy on clean test nodes: 0.6385
Overall ASR: 0.9460
Flip ASR: 0.9458/16875 nodes
Namespace(cuda=True, dataset='ogbn-arxiv', debug=True, defense_mode='isolate', device_id=2, dis_weight=0.0, dropout=0.5, epochs=200, evaluate_mode='1by1', hidden=32, homo_boost_thrd=0.8, homo_loss_weight=100.0, inner=1, lr=0.01, model='GCN', no_cuda=False, prune_thr=0.8, seed=604, selection_method='cluster_degree', target_class=0, target_loss_weight=1, test_model='GAT', thrd=0.5, train_lr=0.01, trigger_size=3, trojan_epochs=1500, use_vs_number=True, vs_number=320, vs_ratio=0, weight_decay=0.0005)
target class rate on Vs: 0.9969
accuracy on clean test nodes: 0.6385
Overall ASR: 0.9460
Flip ASR: 0.9458/16875 nodes
Namespace(cuda=True, dataset='ogbn-arxiv', debug=True, defense_mode='isolate', device_id=2, dis_weight=0.0, dropout=0.5, epochs=200, evaluate_mode='1by1', hidden=32, homo_boost_thrd=0.8, homo_loss_weight=100.0, inner=1, lr=0.01, model='GCN', no_cuda=False, prune_thr=0.8, seed=133, selection_method='cluster_degree', target_class=0, target_loss_weight=1, test_model='GAT', thrd=0.5, train_lr=0.01, trigger_size=3, trojan_epochs=1500, use_vs_number=True, vs_number=320, vs_ratio=0, weight_decay=0.0005)
target class rate on Vs: 0.9969
accuracy on clean test nodes: 0.6382
Overall ASR: 0.9459
Flip ASR: 0.9458/16875 nodes
Overall ASR: 0.9460 (GAT model, Seed: 133)
Overall Clean Accuracy: 0.6390
Namespace(cuda=True, dataset='ogbn-arxiv', debug=True, defense_mode='isolate', device_id=2, dis_weight=0.0, dropout=0.5, epochs=200, evaluate_mode='1by1', hidden=32, homo_boost_thrd=0.8, homo_loss_weight=100.0, inner=1, lr=0.01, model='GCN', no_cuda=False, prune_thr=0.8, seed=673, selection_method='cluster_degree', target_class=0, target_loss_weight=1, test_model='GraphSage', thrd=0.5, train_lr=0.01, trigger_size=3, trojan_epochs=1500, use_vs_number=True, vs_number=320, vs_ratio=0, weight_decay=0.0005)
target class rate on Vs: 0.9469
accuracy on clean test nodes: 0.6275
Overall ASR: 0.8420
Flip ASR: 0.8417/16875 nodes
Namespace(cuda=True, dataset='ogbn-arxiv', debug=True, defense_mode='isolate', device_id=2, dis_weight=0.0, dropout=0.5, epochs=200, evaluate_mode='1by1', hidden=32, homo_boost_thrd=0.8, homo_loss_weight=100.0, inner=1, lr=0.01, model='GCN', no_cuda=False, prune_thr=0.8, seed=904, selection_method='cluster_degree', target_class=0, target_loss_weight=1, test_model='GraphSage', thrd=0.5, train_lr=0.01, trigger_size=3, trojan_epochs=1500, use_vs_number=True, vs_number=320, vs_ratio=0, weight_decay=0.0005)
target class rate on Vs: 0.9500
accuracy on clean test nodes: 0.6245
Overall ASR: 0.8515
Flip ASR: 0.8511/16875 nodes
Namespace(cuda=True, dataset='ogbn-arxiv', debug=True, defense_mode='isolate', device_id=2, dis_weight=0.0, dropout=0.5, epochs=200, evaluate_mode='1by1', hidden=32, homo_boost_thrd=0.8, homo_loss_weight=100.0, inner=1, lr=0.01, model='GCN', no_cuda=False, prune_thr=0.8, seed=56, selection_method='cluster_degree', target_class=0, target_loss_weight=1, test_model='GraphSage', thrd=0.5, train_lr=0.01, trigger_size=3, trojan_epochs=1500, use_vs_number=True, vs_number=320, vs_ratio=0, weight_decay=0.0005)
target class rate on Vs: 0.9594
accuracy on clean test nodes: 0.6258
Overall ASR: 0.8491
Flip ASR: 0.8487/16875 nodes
Namespace(cuda=True, dataset='ogbn-arxiv', debug=True, defense_mode='isolate', device_id=2, dis_weight=0.0, dropout=0.5, epochs=200, evaluate_mode='1by1', hidden=32, homo_boost_thrd=0.8, homo_loss_weight=100.0, inner=1, lr=0.01, model='GCN', no_cuda=False, prune_thr=0.8, seed=1, selection_method='cluster_degree', target_class=0, target_loss_weight=1, test_model='GraphSage', thrd=0.5, train_lr=0.01, trigger_size=3, trojan_epochs=1500, use_vs_number=True, vs_number=320, vs_ratio=0, weight_decay=0.0005)
target class rate on Vs: 0.9531
accuracy on clean test nodes: 0.6313
Overall ASR: 0.8642
Flip ASR: 0.8638/16875 nodes
Namespace(cuda=True, dataset='ogbn-arxiv', debug=True, defense_mode='isolate', device_id=2, dis_weight=0.0, dropout=0.5, epochs=200, evaluate_mode='1by1', hidden=32, homo_boost_thrd=0.8, homo_loss_weight=100.0, inner=1, lr=0.01, model='GCN', no_cuda=False, prune_thr=0.8, seed=694, selection_method='cluster_degree', target_class=0, target_loss_weight=1, test_model='GraphSage', thrd=0.5, train_lr=0.01, trigger_size=3, trojan_epochs=1500, use_vs_number=True, vs_number=320, vs_ratio=0, weight_decay=0.0005)
target class rate on Vs: 0.9344
accuracy on clean test nodes: 0.6195
Overall ASR: 0.8468
Flip ASR: 0.8464/16875 nodes
Overall ASR: 0.8507 (GraphSage model, Seed: 694)
Overall Clean Accuracy: 0.6257
Total Overall ASR: 0.9099 
Total Clean Accuracy: 0.6313
