nohup: ignoring input
run_adaptive.py:8: DeprecationWarning: the imp module is deprecated in favour of importlib; see the module's documentation for alternative uses
  import imp
Namespace(cuda=True, dataset='ogbn-arxiv', debug=True, defense_mode='prune', device_id=3, dis_weight=1.0, dropout=0.5, epochs=200, evaluate_mode='1by1', hidden=32, homo_boost_thrd=0.8, homo_loss_weight=100.0, inner=1, lr=0.01, model='GCN', no_cuda=False, prune_thr=0.8, seed=10, selection_method='cluster_degree', target_class=0, target_loss_weight=1, test_model='GCN', thrd=0.5, train_lr=0.01, trigger_size=3, trojan_epochs=1500, use_vs_number=True, vs_number=320, vs_ratio=0, weight_decay=0.0005)
#Attach Nodes:320
./selected_nodes/ogbn-arxiv/Overall/seed10/nodes.txt
idx_attach: tensor([132437, 159342, 115859,  11103, 127522,  67544,  82569, 161886,  62976,
         13773,  68963, 144203,  19681,    750, 156733,  86828,  18909,  82685,
         81700, 164714, 103734,  65352,  47692,  14294, 153213,  78523,   1385,
         50714, 156839, 144199,  88403,  58221,  56228,  88511,  12909, 156645,
         93340, 136107,  80139,    622,   1438,   7666, 133129, 127534, 106596,
        102712,   4269,  55140, 125068, 152827, 135150,  23527,   3609,   6462,
        121168, 152542,   6165, 126338,  90948,  77520,  47397, 106658,  68636,
        109074,  69509, 138501,  13873,  20117,  83448,   3102, 143264,  91042,
         54237,  58770, 165138, 126351,  55671,  99141,  13704, 136218,  16458,
         43368, 146276,  31105, 112018,  77110, 104399,  46245, 147007,   5821,
         19313,  91731,  20583, 142204,  80573,   7668,  83587, 128743, 143180,
         91852,  75911,  65787, 153365, 126297,  39114, 104240,  77327,   4583,
           512,  48952,  28134,  38432,  10832,  61628, 127678, 138417, 147495,
         98345,  93057,  33697, 138811, 124659, 133488,  71285,  47676,   1298,
        167767,  47649, 124811,  39955,  70652, 138116,  94425, 163083,  21820,
        133451,  73518, 132097,  23608,  13837, 125639,  40347, 163907,   5087,
          6422, 119164, 165901,   5059,  83768,  27180, 100388,  35462, 116799,
          3703,   5670,  48904,  68159, 113552, 160597,  96989, 127472, 136647,
        148726, 125053, 138149, 138315, 141422,  76351,  76598,  59904, 148285,
         70903, 165759,  39375, 136221, 140976,  63383,  42932,  75075,  71850,
         73993,  30102,  65808,  62714,  45851,  95186,  36002,  74863,  64652,
        161830, 145444, 126027,  60679,  73713,  93896, 146527, 169172, 114189,
         95782,  93842, 148869, 112848,  68654,   4485, 168944, 140981,  72175,
         45679,  20436,   7628, 115596, 130154, 135469,  14337,  63022,  17599,
        122842, 103833,  45706,  81303,  13852,  81871, 114723, 142817,  28988,
         48225,  21674,  34318, 111176, 158279, 146881,  34991,  76669,  13346,
         17731, 138128, 136891, 117554,  40123,  52955, 103517, 141078,  75105,
         82512, 168762, 139593, 118896,  12297, 138395,  64922,  55710,  22340,
         76111,  93384, 111925,   5010,  13015, 116348, 150061, 130103, 141021,
         64826, 144901, 106175,  92109,  89940,  71933, 144027,  36882,  41628,
         55044,  12828,  41681,  14340,  23638, 144925,  62265,  35737, 155976,
        161925,  63089, 135644, 164665,   9848, 124525,  66260,  78580,  66041,
          4226, 128942,  52300,  86426, 146623,  42022,  64582,  63272, 144613,
         12980,  93063, 146301, 166120, 109587, 144883,  58222, 119761, 126871,
        112989,  47264,  44224,  76605, 125250,  85029, 139694, 119661,  82517,
         10258,   5687,  86843,  93827,  30524], device='cuda:3')
tensor([     1,      2,      3,  ..., 169334, 169336, 169338], device='cuda:3')
Epoch 0, loss_inner: 3.74860, loss_target: 3.62773, homo loss: 0.80685 
acc_train_clean: 0.0089, ASR_train_attach: 0.0000, ASR_train_outter: 0.0000
Epoch 10, loss_inner: 3.03397, loss_target: 3.09606, homo loss: 0.00530 
acc_train_clean: 0.2699, ASR_train_attach: 0.0000, ASR_train_outter: 0.0000
Epoch 20, loss_inner: 2.77849, loss_target: 2.78089, homo loss: 0.00066 
acc_train_clean: 0.2873, ASR_train_attach: 0.0000, ASR_train_outter: 0.0000
Epoch 30, loss_inner: 2.47312, loss_target: 2.44061, homo loss: 0.00036 
acc_train_clean: 0.3594, ASR_train_attach: 0.0000, ASR_train_outter: 0.0024
Epoch 40, loss_inner: 2.16524, loss_target: 2.11558, homo loss: 0.00028 
acc_train_clean: 0.4412, ASR_train_attach: 0.9094, ASR_train_outter: 0.8966
Epoch 50, loss_inner: 1.91571, loss_target: 1.87411, homo loss: 0.00029 
acc_train_clean: 0.5035, ASR_train_attach: 0.9094, ASR_train_outter: 0.9111
Epoch 60, loss_inner: 1.72849, loss_target: 1.69402, homo loss: 0.00035 
acc_train_clean: 0.5375, ASR_train_attach: 0.9844, ASR_train_outter: 0.9603
Epoch 70, loss_inner: 1.59976, loss_target: 1.57191, homo loss: 0.00022 
acc_train_clean: 0.5646, ASR_train_attach: 0.9813, ASR_train_outter: 0.9615
Epoch 80, loss_inner: 1.50668, loss_target: 1.48259, homo loss: 0.00017 
acc_train_clean: 0.5871, ASR_train_attach: 0.9875, ASR_train_outter: 0.9675
Epoch 90, loss_inner: 1.43160, loss_target: 1.40940, homo loss: 0.00013 
acc_train_clean: 0.6031, ASR_train_attach: 0.9906, ASR_train_outter: 0.9724
Epoch 100, loss_inner: 1.37117, loss_target: 1.35140, homo loss: 0.00009 
acc_train_clean: 0.6147, ASR_train_attach: 0.9906, ASR_train_outter: 0.9748
Epoch 110, loss_inner: 1.32843, loss_target: 1.31053, homo loss: 0.00011 
acc_train_clean: 0.6218, ASR_train_attach: 0.9906, ASR_train_outter: 0.9724
Epoch 120, loss_inner: 1.29605, loss_target: 1.27900, homo loss: 0.00009 
acc_train_clean: 0.6276, ASR_train_attach: 0.9844, ASR_train_outter: 0.9688
Epoch 130, loss_inner: 1.26635, loss_target: 1.24948, homo loss: 0.00004 
acc_train_clean: 0.6346, ASR_train_attach: 1.0000, ASR_train_outter: 0.9820
Epoch 140, loss_inner: 1.24262, loss_target: 1.22612, homo loss: 0.00001 
acc_train_clean: 0.6412, ASR_train_attach: 1.0000, ASR_train_outter: 0.9856
Epoch 150, loss_inner: 1.22580, loss_target: 1.20996, homo loss: 0.00001 
acc_train_clean: 0.6439, ASR_train_attach: 1.0000, ASR_train_outter: 0.9868
Epoch 160, loss_inner: 1.21423, loss_target: 1.19881, homo loss: 0.00001 
acc_train_clean: 0.6460, ASR_train_attach: 1.0000, ASR_train_outter: 0.9868
Epoch 170, loss_inner: 1.20539, loss_target: 1.19020, homo loss: 0.00001 
acc_train_clean: 0.6480, ASR_train_attach: 1.0000, ASR_train_outter: 0.9868
Epoch 180, loss_inner: 1.19815, loss_target: 1.18328, homo loss: 0.00005 
acc_train_clean: 0.6496, ASR_train_attach: 1.0000, ASR_train_outter: 0.9868
Epoch 190, loss_inner: 1.19184, loss_target: 1.17885, homo loss: 0.00013 
acc_train_clean: 0.6513, ASR_train_attach: 1.0000, ASR_train_outter: 0.9820
Epoch 200, loss_inner: 1.18612, loss_target: 1.17245, homo loss: 0.00003 
acc_train_clean: 0.6528, ASR_train_attach: 1.0000, ASR_train_outter: 0.9856
Epoch 210, loss_inner: 1.18079, loss_target: 1.16644, homo loss: 0.00001 
acc_train_clean: 0.6541, ASR_train_attach: 1.0000, ASR_train_outter: 0.9868
Epoch 220, loss_inner: 1.17589, loss_target: 1.16110, homo loss: 0.00000 
acc_train_clean: 0.6551, ASR_train_attach: 1.0000, ASR_train_outter: 0.9940
Epoch 230, loss_inner: 1.17148, loss_target: 1.15685, homo loss: 0.00000 
acc_train_clean: 0.6563, ASR_train_attach: 1.0000, ASR_train_outter: 0.9952
Epoch 240, loss_inner: 1.16744, loss_target: 1.15313, homo loss: 0.00001 
acc_train_clean: 0.6569, ASR_train_attach: 1.0000, ASR_train_outter: 0.9928
Epoch 250, loss_inner: 1.16360, loss_target: 1.14901, homo loss: 0.00002 
acc_train_clean: 0.6581, ASR_train_attach: 1.0000, ASR_train_outter: 0.9952
Epoch 260, loss_inner: 1.15966, loss_target: 1.14496, homo loss: 0.00001 
acc_train_clean: 0.6590, ASR_train_attach: 1.0000, ASR_train_outter: 0.9952
Epoch 270, loss_inner: 1.15518, loss_target: 1.14068, homo loss: 0.00001 
acc_train_clean: 0.6604, ASR_train_attach: 1.0000, ASR_train_outter: 0.9916
Epoch 280, loss_inner: 1.14986, loss_target: 1.13527, homo loss: 0.00009 
acc_train_clean: 0.6620, ASR_train_attach: 1.0000, ASR_train_outter: 0.9940
Epoch 290, loss_inner: 1.14396, loss_target: 1.12978, homo loss: 0.00000 
acc_train_clean: 0.6644, ASR_train_attach: 1.0000, ASR_train_outter: 0.9952
Epoch 300, loss_inner: 1.13824, loss_target: 1.12398, homo loss: 0.00001 
acc_train_clean: 0.6658, ASR_train_attach: 1.0000, ASR_train_outter: 0.9952
Epoch 310, loss_inner: 1.13349, loss_target: 1.11913, homo loss: 0.00000 
acc_train_clean: 0.6666, ASR_train_attach: 1.0000, ASR_train_outter: 0.9952
Epoch 320, loss_inner: 1.12965, loss_target: 1.11536, homo loss: 0.00001 
acc_train_clean: 0.6675, ASR_train_attach: 1.0000, ASR_train_outter: 0.9952
Epoch 330, loss_inner: 1.13521, loss_target: 1.13973, homo loss: 0.04610 
acc_train_clean: 0.6676, ASR_train_attach: 0.7812, ASR_train_outter: 0.9796
Epoch 340, loss_inner: 1.15829, loss_target: 1.17278, homo loss: 0.00279 
acc_train_clean: 0.6618, ASR_train_attach: 0.9625, ASR_train_outter: 0.9543
Epoch 350, loss_inner: 1.13468, loss_target: 1.14493, homo loss: 0.00167 
acc_train_clean: 0.6675, ASR_train_attach: 1.0000, ASR_train_outter: 0.9928
Epoch 360, loss_inner: 1.12843, loss_target: 1.12749, homo loss: 0.00123 
acc_train_clean: 0.6687, ASR_train_attach: 1.0000, ASR_train_outter: 0.9952
Epoch 370, loss_inner: 1.12454, loss_target: 1.12291, homo loss: 0.00104 
acc_train_clean: 0.6685, ASR_train_attach: 1.0000, ASR_train_outter: 0.9952
Epoch 380, loss_inner: 1.12213, loss_target: 1.12043, homo loss: 0.00092 
acc_train_clean: 0.6702, ASR_train_attach: 1.0000, ASR_train_outter: 0.9952
Epoch 390, loss_inner: 1.12064, loss_target: 1.11762, homo loss: 0.00085 
acc_train_clean: 0.6708, ASR_train_attach: 1.0000, ASR_train_outter: 0.9952
Epoch 400, loss_inner: 1.11934, loss_target: 1.11593, homo loss: 0.00080 
acc_train_clean: 0.6711, ASR_train_attach: 1.0000, ASR_train_outter: 0.9952
Epoch 410, loss_inner: 1.11829, loss_target: 1.11433, homo loss: 0.00077 
acc_train_clean: 0.6715, ASR_train_attach: 1.0000, ASR_train_outter: 0.9952
Epoch 420, loss_inner: 1.11733, loss_target: 1.11321, homo loss: 0.00074 
acc_train_clean: 0.6717, ASR_train_attach: 1.0000, ASR_train_outter: 0.9952
Epoch 430, loss_inner: 1.11642, loss_target: 1.11218, homo loss: 0.00071 
acc_train_clean: 0.6718, ASR_train_attach: 1.0000, ASR_train_outter: 0.9952
Epoch 440, loss_inner: 1.11560, loss_target: 1.11128, homo loss: 0.00069 
acc_train_clean: 0.6720, ASR_train_attach: 1.0000, ASR_train_outter: 0.9952
Epoch 450, loss_inner: 1.11484, loss_target: 1.11052, homo loss: 0.00068 
acc_train_clean: 0.6723, ASR_train_attach: 1.0000, ASR_train_outter: 0.9964
Epoch 460, loss_inner: 1.11413, loss_target: 1.10988, homo loss: 0.00067 
acc_train_clean: 0.6724, ASR_train_attach: 1.0000, ASR_train_outter: 0.9964
Epoch 470, loss_inner: 1.11347, loss_target: 1.10937, homo loss: 0.00066 
acc_train_clean: 0.6727, ASR_train_attach: 1.0000, ASR_train_outter: 0.9964
Epoch 480, loss_inner: 1.11283, loss_target: 1.10897, homo loss: 0.00065 
acc_train_clean: 0.6728, ASR_train_attach: 1.0000, ASR_train_outter: 0.9964
Epoch 490, loss_inner: 1.11221, loss_target: 1.10863, homo loss: 0.00065 
acc_train_clean: 0.6729, ASR_train_attach: 1.0000, ASR_train_outter: 0.9964
Epoch 500, loss_inner: 1.11160, loss_target: 1.10833, homo loss: 0.00064 
acc_train_clean: 0.6730, ASR_train_attach: 1.0000, ASR_train_outter: 0.9964
Epoch 510, loss_inner: 1.11102, loss_target: 1.10810, homo loss: 0.00064 
acc_train_clean: 0.6731, ASR_train_attach: 1.0000, ASR_train_outter: 0.9964
Epoch 520, loss_inner: 1.11046, loss_target: 1.10789, homo loss: 0.00064 
acc_train_clean: 0.6736, ASR_train_attach: 1.0000, ASR_train_outter: 0.9964
Epoch 530, loss_inner: 1.10994, loss_target: 1.10776, homo loss: 0.00064 
acc_train_clean: 0.6736, ASR_train_attach: 1.0000, ASR_train_outter: 0.9976
Epoch 540, loss_inner: 1.10945, loss_target: 1.10770, homo loss: 0.00064 
acc_train_clean: 0.6734, ASR_train_attach: 1.0000, ASR_train_outter: 0.9976
Epoch 550, loss_inner: 1.10898, loss_target: 1.10766, homo loss: 0.00064 
acc_train_clean: 0.6733, ASR_train_attach: 1.0000, ASR_train_outter: 0.9976
Epoch 560, loss_inner: 1.10855, loss_target: 1.10770, homo loss: 0.00064 
acc_train_clean: 0.6733, ASR_train_attach: 1.0000, ASR_train_outter: 0.9988
Epoch 570, loss_inner: 1.10814, loss_target: 1.10778, homo loss: 0.00065 
acc_train_clean: 0.6735, ASR_train_attach: 1.0000, ASR_train_outter: 0.9988
Epoch 580, loss_inner: 1.10777, loss_target: 1.10784, homo loss: 0.00065 
acc_train_clean: 0.6737, ASR_train_attach: 1.0000, ASR_train_outter: 0.9988
Epoch 590, loss_inner: 1.10744, loss_target: 1.10798, homo loss: 0.00066 
acc_train_clean: 0.6736, ASR_train_attach: 1.0000, ASR_train_outter: 0.9988
Epoch 600, loss_inner: 1.10718, loss_target: 1.10821, homo loss: 0.00066 
acc_train_clean: 0.6738, ASR_train_attach: 1.0000, ASR_train_outter: 0.9988
Epoch 610, loss_inner: 1.10748, loss_target: 1.11163, homo loss: 0.00067 
acc_train_clean: 0.6735, ASR_train_attach: 1.0000, ASR_train_outter: 0.9988
Epoch 620, loss_inner: 1.10814, loss_target: 1.11174, homo loss: 0.00070 
acc_train_clean: 0.6736, ASR_train_attach: 1.0000, ASR_train_outter: 0.9976
Epoch 630, loss_inner: 1.11036, loss_target: 1.11404, homo loss: 0.00074 
acc_train_clean: 0.6735, ASR_train_attach: 1.0000, ASR_train_outter: 0.9976
Epoch 640, loss_inner: 1.11404, loss_target: 1.11754, homo loss: 0.00080 
acc_train_clean: 0.6726, ASR_train_attach: 1.0000, ASR_train_outter: 0.9988
Epoch 650, loss_inner: 1.23919, loss_target: 1.49157, homo loss: 0.00130 
acc_train_clean: 0.6489, ASR_train_attach: 0.9656, ASR_train_outter: 1.0000
Epoch 660, loss_inner: 1.32509, loss_target: 1.41812, homo loss: 0.00295 
acc_train_clean: 0.6085, ASR_train_attach: 1.0000, ASR_train_outter: 0.9976
Epoch 670, loss_inner: 1.59759, loss_target: 2.41288, homo loss: 0.01064 
acc_train_clean: 0.5559, ASR_train_attach: 1.0000, ASR_train_outter: 1.0000
Epoch 680, loss_inner: 2.20103, loss_target: 2.56785, homo loss: 0.02342 
acc_train_clean: 0.5004, ASR_train_attach: 1.0000, ASR_train_outter: 0.9988
Epoch 690, loss_inner: 2.29966, loss_target: 4.24344, homo loss: 0.04974 
acc_train_clean: 0.4664, ASR_train_attach: 1.0000, ASR_train_outter: 0.0950
Epoch 700, loss_inner: 3.07043, loss_target: 5.77854, homo loss: 0.16421 
acc_train_clean: 0.4352, ASR_train_attach: 0.6250, ASR_train_outter: 1.0000
Epoch 710, loss_inner: 2.88330, loss_target: 6.57189, homo loss: 0.19768 
acc_train_clean: 0.4888, ASR_train_attach: 1.0000, ASR_train_outter: 1.0000
Epoch 720, loss_inner: 2.03834, loss_target: 5.60984, homo loss: 0.18047 
acc_train_clean: 0.5191, ASR_train_attach: 1.0000, ASR_train_outter: 1.0000
Epoch 730, loss_inner: 1.75072, loss_target: 4.61818, homo loss: 0.16086 
acc_train_clean: 0.5779, ASR_train_attach: 1.0000, ASR_train_outter: 1.0000
Epoch 740, loss_inner: 1.49576, loss_target: 2.95348, homo loss: 0.14434 
acc_train_clean: 0.6000, ASR_train_attach: 1.0000, ASR_train_outter: 1.0000
Epoch 750, loss_inner: 1.40279, loss_target: 2.10445, homo loss: 0.13397 
acc_train_clean: 0.6140, ASR_train_attach: 1.0000, ASR_train_outter: 1.0000
Epoch 760, loss_inner: 1.32529, loss_target: 1.29874, homo loss: 0.13086 
acc_train_clean: 0.6234, ASR_train_attach: 1.0000, ASR_train_outter: 1.0000
Epoch 770, loss_inner: 1.29292, loss_target: 1.28679, homo loss: 0.11376 
acc_train_clean: 0.6295, ASR_train_attach: 1.0000, ASR_train_outter: 1.0000
Epoch 780, loss_inner: 1.39460, loss_target: 2.69237, homo loss: 0.09373 
acc_train_clean: 0.6296, ASR_train_attach: 1.0000, ASR_train_outter: 1.0000
Epoch 790, loss_inner: 1.27982, loss_target: 1.38887, homo loss: 0.08179 
acc_train_clean: 0.6318, ASR_train_attach: 1.0000, ASR_train_outter: 1.0000
Epoch 800, loss_inner: 1.26523, loss_target: 1.24432, homo loss: 0.07273 
acc_train_clean: 0.6382, ASR_train_attach: 1.0000, ASR_train_outter: 1.0000
Epoch 810, loss_inner: 1.25143, loss_target: 1.24475, homo loss: 0.06293 
acc_train_clean: 0.6401, ASR_train_attach: 1.0000, ASR_train_outter: 1.0000
Epoch 820, loss_inner: 1.23852, loss_target: 1.22220, homo loss: 0.05423 
acc_train_clean: 0.6433, ASR_train_attach: 1.0000, ASR_train_outter: 0.9988
Epoch 830, loss_inner: 1.22749, loss_target: 1.20933, homo loss: 0.04370 
acc_train_clean: 0.6444, ASR_train_attach: 1.0000, ASR_train_outter: 0.9988
Epoch 840, loss_inner: 1.21705, loss_target: 1.20019, homo loss: 0.03458 
acc_train_clean: 0.6475, ASR_train_attach: 1.0000, ASR_train_outter: 1.0000
Epoch 850, loss_inner: 1.21179, loss_target: 1.19456, homo loss: 0.02660 
acc_train_clean: 0.6473, ASR_train_attach: 1.0000, ASR_train_outter: 1.0000
Epoch 860, loss_inner: 1.20595, loss_target: 1.18908, homo loss: 0.02083 
acc_train_clean: 0.6502, ASR_train_attach: 1.0000, ASR_train_outter: 0.9988
Epoch 870, loss_inner: 1.20016, loss_target: 1.18649, homo loss: 0.01625 
acc_train_clean: 0.6514, ASR_train_attach: 1.0000, ASR_train_outter: 0.9976
Epoch 880, loss_inner: 1.19744, loss_target: 1.18322, homo loss: 0.01279 
acc_train_clean: 0.6513, ASR_train_attach: 1.0000, ASR_train_outter: 0.9976
Epoch 890, loss_inner: 1.19555, loss_target: 1.18475, homo loss: 0.01108 
acc_train_clean: 0.6514, ASR_train_attach: 0.9969, ASR_train_outter: 0.9868
Epoch 900, loss_inner: 1.18991, loss_target: 1.29108, homo loss: 0.01001 
acc_train_clean: 0.6519, ASR_train_attach: 1.0000, ASR_train_outter: 0.9940
Epoch 910, loss_inner: 1.19214, loss_target: 1.17756, homo loss: 0.01098 
acc_train_clean: 0.6514, ASR_train_attach: 1.0000, ASR_train_outter: 1.0000
Epoch 920, loss_inner: 1.18620, loss_target: 1.16935, homo loss: 0.00929 
acc_train_clean: 0.6535, ASR_train_attach: 1.0000, ASR_train_outter: 1.0000
Epoch 930, loss_inner: 1.18031, loss_target: 1.16331, homo loss: 0.00678 
acc_train_clean: 0.6558, ASR_train_attach: 1.0000, ASR_train_outter: 1.0000
Epoch 940, loss_inner: 1.17633, loss_target: 1.19893, homo loss: 0.00558 
acc_train_clean: 0.6566, ASR_train_attach: 1.0000, ASR_train_outter: 1.0000
Epoch 950, loss_inner: 1.17641, loss_target: 1.16075, homo loss: 0.00519 
acc_train_clean: 0.6553, ASR_train_attach: 1.0000, ASR_train_outter: 1.0000
Epoch 960, loss_inner: 1.17388, loss_target: 1.15731, homo loss: 0.00472 
acc_train_clean: 0.6565, ASR_train_attach: 1.0000, ASR_train_outter: 0.9988
Epoch 970, loss_inner: 1.17012, loss_target: 1.15594, homo loss: 0.00413 
acc_train_clean: 0.6580, ASR_train_attach: 1.0000, ASR_train_outter: 0.9988
Epoch 980, loss_inner: 1.16952, loss_target: 1.15247, homo loss: 0.00369 
acc_train_clean: 0.6589, ASR_train_attach: 1.0000, ASR_train_outter: 0.9988
Epoch 990, loss_inner: 1.16624, loss_target: 1.17707, homo loss: 0.00368 
acc_train_clean: 0.6598, ASR_train_attach: 1.0000, ASR_train_outter: 0.9976
Epoch 1000, loss_inner: 1.16542, loss_target: 1.14957, homo loss: 0.00347 
acc_train_clean: 0.6586, ASR_train_attach: 1.0000, ASR_train_outter: 0.9976
Epoch 1010, loss_inner: 1.16301, loss_target: 1.15076, homo loss: 0.00354 
acc_train_clean: 0.6595, ASR_train_attach: 1.0000, ASR_train_outter: 0.9976
Epoch 1020, loss_inner: 1.16102, loss_target: 1.15139, homo loss: 0.00334 
acc_train_clean: 0.6604, ASR_train_attach: 1.0000, ASR_train_outter: 0.9976
Epoch 1030, loss_inner: 1.15978, loss_target: 1.22378, homo loss: 0.00416 
acc_train_clean: 0.6602, ASR_train_attach: 1.0000, ASR_train_outter: 1.0000
Epoch 1040, loss_inner: 1.16390, loss_target: 1.14749, homo loss: 0.00739 
acc_train_clean: 0.6583, ASR_train_attach: 1.0000, ASR_train_outter: 1.0000
Epoch 1050, loss_inner: 1.16113, loss_target: 1.14469, homo loss: 0.00660 
acc_train_clean: 0.6591, ASR_train_attach: 1.0000, ASR_train_outter: 1.0000
Epoch 1060, loss_inner: 1.15826, loss_target: 1.14571, homo loss: 0.00442 
acc_train_clean: 0.6603, ASR_train_attach: 1.0000, ASR_train_outter: 1.0000
Epoch 1070, loss_inner: 1.15587, loss_target: 1.13975, homo loss: 0.00332 
acc_train_clean: 0.6614, ASR_train_attach: 1.0000, ASR_train_outter: 1.0000
Epoch 1080, loss_inner: 1.15447, loss_target: 1.14692, homo loss: 0.00268 
acc_train_clean: 0.6623, ASR_train_attach: 1.0000, ASR_train_outter: 1.0000
Epoch 1090, loss_inner: 1.15275, loss_target: 1.13682, homo loss: 0.00249 
acc_train_clean: 0.6632, ASR_train_attach: 1.0000, ASR_train_outter: 1.0000
Epoch 1100, loss_inner: 1.15109, loss_target: 1.14979, homo loss: 0.00256 
acc_train_clean: 0.6631, ASR_train_attach: 1.0000, ASR_train_outter: 1.0000
Epoch 1110, loss_inner: 1.15037, loss_target: 1.13425, homo loss: 0.00320 
acc_train_clean: 0.6625, ASR_train_attach: 1.0000, ASR_train_outter: 1.0000
Epoch 1120, loss_inner: 1.14965, loss_target: 1.13346, homo loss: 0.00367 
acc_train_clean: 0.6629, ASR_train_attach: 1.0000, ASR_train_outter: 1.0000
Epoch 1130, loss_inner: 1.14863, loss_target: 1.13226, homo loss: 0.00323 
acc_train_clean: 0.6627, ASR_train_attach: 1.0000, ASR_train_outter: 1.0000
Epoch 1140, loss_inner: 1.14775, loss_target: 1.13278, homo loss: 0.00293 
acc_train_clean: 0.6633, ASR_train_attach: 1.0000, ASR_train_outter: 1.0000
Epoch 1150, loss_inner: 1.14769, loss_target: 1.14987, homo loss: 0.00255 
acc_train_clean: 0.6633, ASR_train_attach: 1.0000, ASR_train_outter: 1.0000
Epoch 1160, loss_inner: 1.14886, loss_target: 1.13365, homo loss: 0.00301 
acc_train_clean: 0.6629, ASR_train_attach: 1.0000, ASR_train_outter: 0.9988
Epoch 1170, loss_inner: 1.14706, loss_target: 1.14576, homo loss: 0.00294 
acc_train_clean: 0.6638, ASR_train_attach: 1.0000, ASR_train_outter: 1.0000
Epoch 1180, loss_inner: 1.14581, loss_target: 1.13058, homo loss: 0.00322 
acc_train_clean: 0.6641, ASR_train_attach: 1.0000, ASR_train_outter: 0.9964
Epoch 1190, loss_inner: 1.14423, loss_target: 1.12870, homo loss: 0.00407 
acc_train_clean: 0.6638, ASR_train_attach: 1.0000, ASR_train_outter: 1.0000
Epoch 1200, loss_inner: 1.14331, loss_target: 1.12749, homo loss: 0.00341 
acc_train_clean: 0.6643, ASR_train_attach: 1.0000, ASR_train_outter: 1.0000
Epoch 1210, loss_inner: 1.14527, loss_target: 1.13082, homo loss: 0.00257 
acc_train_clean: 0.6640, ASR_train_attach: 1.0000, ASR_train_outter: 0.9988
Epoch 1220, loss_inner: 1.14557, loss_target: 1.14521, homo loss: 0.00221 
acc_train_clean: 0.6634, ASR_train_attach: 1.0000, ASR_train_outter: 1.0000
Epoch 1230, loss_inner: 1.14381, loss_target: 1.12769, homo loss: 0.00205 
acc_train_clean: 0.6640, ASR_train_attach: 1.0000, ASR_train_outter: 0.9988
Epoch 1240, loss_inner: 1.14306, loss_target: 1.13188, homo loss: 0.00211 
acc_train_clean: 0.6638, ASR_train_attach: 1.0000, ASR_train_outter: 1.0000
Epoch 1250, loss_inner: 1.14049, loss_target: 1.15301, homo loss: 0.00263 
acc_train_clean: 0.6653, ASR_train_attach: 1.0000, ASR_train_outter: 1.0000
Epoch 1260, loss_inner: 1.14044, loss_target: 1.18911, homo loss: 0.00385 
acc_train_clean: 0.6649, ASR_train_attach: 1.0000, ASR_train_outter: 1.0000
Epoch 1270, loss_inner: 1.14077, loss_target: 1.12794, homo loss: 0.00516 
acc_train_clean: 0.6635, ASR_train_attach: 1.0000, ASR_train_outter: 0.9988
Epoch 1280, loss_inner: 1.13828, loss_target: 1.12258, homo loss: 0.00391 
acc_train_clean: 0.6657, ASR_train_attach: 1.0000, ASR_train_outter: 0.9988
Epoch 1290, loss_inner: 1.13763, loss_target: 1.12456, homo loss: 0.00270 
acc_train_clean: 0.6659, ASR_train_attach: 1.0000, ASR_train_outter: 0.9988
Epoch 1300, loss_inner: 1.13806, loss_target: 1.12269, homo loss: 0.00222 
acc_train_clean: 0.6654, ASR_train_attach: 1.0000, ASR_train_outter: 0.9988
Epoch 1310, loss_inner: 1.13779, loss_target: 1.12214, homo loss: 0.00210 
acc_train_clean: 0.6644, ASR_train_attach: 1.0000, ASR_train_outter: 0.9988
Epoch 1320, loss_inner: 1.13655, loss_target: 1.12113, homo loss: 0.00187 
acc_train_clean: 0.6657, ASR_train_attach: 1.0000, ASR_train_outter: 0.9988
Epoch 1330, loss_inner: 1.13484, loss_target: 1.12666, homo loss: 0.00189 
acc_train_clean: 0.6660, ASR_train_attach: 1.0000, ASR_train_outter: 0.9976
Epoch 1340, loss_inner: 1.13650, loss_target: 1.12096, homo loss: 0.00225 
acc_train_clean: 0.6661, ASR_train_attach: 1.0000, ASR_train_outter: 0.9988
Epoch 1350, loss_inner: 1.13780, loss_target: 1.12307, homo loss: 0.00251 
acc_train_clean: 0.6643, ASR_train_attach: 1.0000, ASR_train_outter: 0.9988
Epoch 1360, loss_inner: 1.13988, loss_target: 1.12413, homo loss: 0.00243 
acc_train_clean: 0.6630, ASR_train_attach: 1.0000, ASR_train_outter: 1.0000
Epoch 1370, loss_inner: 1.13488, loss_target: 1.12785, homo loss: 0.00215 
acc_train_clean: 0.6660, ASR_train_attach: 1.0000, ASR_train_outter: 1.0000
Epoch 1380, loss_inner: 1.13381, loss_target: 1.11814, homo loss: 0.00186 
acc_train_clean: 0.6658, ASR_train_attach: 1.0000, ASR_train_outter: 1.0000
Epoch 1390, loss_inner: 1.13286, loss_target: 1.11697, homo loss: 0.00177 
acc_train_clean: 0.6667, ASR_train_attach: 1.0000, ASR_train_outter: 1.0000
Epoch 1400, loss_inner: 1.13218, loss_target: 1.11614, homo loss: 0.00166 
acc_train_clean: 0.6662, ASR_train_attach: 1.0000, ASR_train_outter: 1.0000
Epoch 1410, loss_inner: 1.13196, loss_target: 1.11612, homo loss: 0.00172 
acc_train_clean: 0.6667, ASR_train_attach: 1.0000, ASR_train_outter: 1.0000
Epoch 1420, loss_inner: 1.13288, loss_target: 1.12964, homo loss: 0.00195 
acc_train_clean: 0.6661, ASR_train_attach: 1.0000, ASR_train_outter: 1.0000
Epoch 1430, loss_inner: 1.14527, loss_target: 1.13049, homo loss: 0.00252 
acc_train_clean: 0.6614, ASR_train_attach: 1.0000, ASR_train_outter: 1.0000
Epoch 1440, loss_inner: 1.13819, loss_target: 1.12190, homo loss: 0.00261 
acc_train_clean: 0.6628, ASR_train_attach: 1.0000, ASR_train_outter: 0.9988
Epoch 1450, loss_inner: 1.13354, loss_target: 1.11793, homo loss: 0.00210 
acc_train_clean: 0.6676, ASR_train_attach: 1.0000, ASR_train_outter: 0.9988
Epoch 1460, loss_inner: 1.13041, loss_target: 1.11541, homo loss: 0.00172 
acc_train_clean: 0.6667, ASR_train_attach: 1.0000, ASR_train_outter: 0.9988
Epoch 1470, loss_inner: 1.13036, loss_target: 1.12120, homo loss: 0.00167 
acc_train_clean: 0.6675, ASR_train_attach: 1.0000, ASR_train_outter: 0.9519
Epoch 1480, loss_inner: 1.12941, loss_target: 1.11370, homo loss: 0.00160 
acc_train_clean: 0.6676, ASR_train_attach: 1.0000, ASR_train_outter: 1.0000
Epoch 1490, loss_inner: 1.12928, loss_target: 1.11673, homo loss: 0.00155 
acc_train_clean: 0.6676, ASR_train_attach: 1.0000, ASR_train_outter: 1.0000
load best weight based on the loss outter
precent of left attach nodes: 1.000
Namespace(cuda=True, dataset='ogbn-arxiv', debug=True, defense_mode='prune', device_id=3, dis_weight=1.0, dropout=0.5, epochs=200, evaluate_mode='1by1', hidden=32, homo_boost_thrd=0.8, homo_loss_weight=100.0, inner=1, lr=0.01, model='GCN', no_cuda=False, prune_thr=0.8, seed=265, selection_method='cluster_degree', target_class=0, target_loss_weight=1, test_model='GCN', thrd=0.5, train_lr=0.01, trigger_size=3, trojan_epochs=1500, use_vs_number=True, vs_number=320, vs_ratio=0, weight_decay=0.0005)
target class rate on Vs: 0.9844
accuracy on clean test nodes: 0.6201
Overall ASR: 0.9242
Flip ASR: 0.9240/16875 nodes
Namespace(cuda=True, dataset='ogbn-arxiv', debug=True, defense_mode='prune', device_id=3, dis_weight=1.0, dropout=0.5, epochs=200, evaluate_mode='1by1', hidden=32, homo_boost_thrd=0.8, homo_loss_weight=100.0, inner=1, lr=0.01, model='GCN', no_cuda=False, prune_thr=0.8, seed=125, selection_method='cluster_degree', target_class=0, target_loss_weight=1, test_model='GCN', thrd=0.5, train_lr=0.01, trigger_size=3, trojan_epochs=1500, use_vs_number=True, vs_number=320, vs_ratio=0, weight_decay=0.0005)
target class rate on Vs: 0.9844
accuracy on clean test nodes: 0.6218
Overall ASR: 0.9252
Flip ASR: 0.9250/16875 nodes
Namespace(cuda=True, dataset='ogbn-arxiv', debug=True, defense_mode='prune', device_id=3, dis_weight=1.0, dropout=0.5, epochs=200, evaluate_mode='1by1', hidden=32, homo_boost_thrd=0.8, homo_loss_weight=100.0, inner=1, lr=0.01, model='GCN', no_cuda=False, prune_thr=0.8, seed=996, selection_method='cluster_degree', target_class=0, target_loss_weight=1, test_model='GCN', thrd=0.5, train_lr=0.01, trigger_size=3, trojan_epochs=1500, use_vs_number=True, vs_number=320, vs_ratio=0, weight_decay=0.0005)
target class rate on Vs: 0.9844
accuracy on clean test nodes: 0.6242
Overall ASR: 0.9214
Flip ASR: 0.9212/16875 nodes
Namespace(cuda=True, dataset='ogbn-arxiv', debug=True, defense_mode='prune', device_id=3, dis_weight=1.0, dropout=0.5, epochs=200, evaluate_mode='1by1', hidden=32, homo_boost_thrd=0.8, homo_loss_weight=100.0, inner=1, lr=0.01, model='GCN', no_cuda=False, prune_thr=0.8, seed=527, selection_method='cluster_degree', target_class=0, target_loss_weight=1, test_model='GCN', thrd=0.5, train_lr=0.01, trigger_size=3, trojan_epochs=1500, use_vs_number=True, vs_number=320, vs_ratio=0, weight_decay=0.0005)
target class rate on Vs: 0.9844
accuracy on clean test nodes: 0.6277
Overall ASR: 0.9255
Flip ASR: 0.9253/16875 nodes
Namespace(cuda=True, dataset='ogbn-arxiv', debug=True, defense_mode='prune', device_id=3, dis_weight=1.0, dropout=0.5, epochs=200, evaluate_mode='1by1', hidden=32, homo_boost_thrd=0.8, homo_loss_weight=100.0, inner=1, lr=0.01, model='GCN', no_cuda=False, prune_thr=0.8, seed=320, selection_method='cluster_degree', target_class=0, target_loss_weight=1, test_model='GCN', thrd=0.5, train_lr=0.01, trigger_size=3, trojan_epochs=1500, use_vs_number=True, vs_number=320, vs_ratio=0, weight_decay=0.0005)
target class rate on Vs: 0.9844
accuracy on clean test nodes: 0.6156
Overall ASR: 0.9243
Flip ASR: 0.9241/16875 nodes
Overall ASR: 0.9241 (GCN model, Seed: 320)
Overall Clean Accuracy: 0.6219
Namespace(cuda=True, dataset='ogbn-arxiv', debug=True, defense_mode='prune', device_id=3, dis_weight=1.0, dropout=0.5, epochs=200, evaluate_mode='1by1', hidden=32, homo_boost_thrd=0.8, homo_loss_weight=100.0, inner=1, lr=0.01, model='GCN', no_cuda=False, prune_thr=0.8, seed=781, selection_method='cluster_degree', target_class=0, target_loss_weight=1, test_model='GAT', thrd=0.5, train_lr=0.01, trigger_size=3, trojan_epochs=1500, use_vs_number=True, vs_number=320, vs_ratio=0, weight_decay=0.0005)
/home/project-graph-backdoor/Backdoor/models/GAT.py:61: UserWarning: To copy construct from a tensor, it is recommended to use sourceTensor.clone().detach() or sourceTensor.clone().detach().requires_grad_(True), rather than torch.tensor(sourceTensor).
  self.labels = torch.tensor(labels, dtype=torch.long)
target class rate on Vs: 0.9844
accuracy on clean test nodes: 0.6324
Overall ASR: 0.9336
Flip ASR: 0.9335/16875 nodes
Namespace(cuda=True, dataset='ogbn-arxiv', debug=True, defense_mode='prune', device_id=3, dis_weight=1.0, dropout=0.5, epochs=200, evaluate_mode='1by1', hidden=32, homo_boost_thrd=0.8, homo_loss_weight=100.0, inner=1, lr=0.01, model='GCN', no_cuda=False, prune_thr=0.8, seed=706, selection_method='cluster_degree', target_class=0, target_loss_weight=1, test_model='GAT', thrd=0.5, train_lr=0.01, trigger_size=3, trojan_epochs=1500, use_vs_number=True, vs_number=320, vs_ratio=0, weight_decay=0.0005)
target class rate on Vs: 0.9844
accuracy on clean test nodes: 0.6296
Overall ASR: 0.9336
Flip ASR: 0.9335/16875 nodes
Namespace(cuda=True, dataset='ogbn-arxiv', debug=True, defense_mode='prune', device_id=3, dis_weight=1.0, dropout=0.5, epochs=200, evaluate_mode='1by1', hidden=32, homo_boost_thrd=0.8, homo_loss_weight=100.0, inner=1, lr=0.01, model='GCN', no_cuda=False, prune_thr=0.8, seed=778, selection_method='cluster_degree', target_class=0, target_loss_weight=1, test_model='GAT', thrd=0.5, train_lr=0.01, trigger_size=3, trojan_epochs=1500, use_vs_number=True, vs_number=320, vs_ratio=0, weight_decay=0.0005)
target class rate on Vs: 0.9844
accuracy on clean test nodes: 0.6304
Overall ASR: 0.9336
Flip ASR: 0.9334/16875 nodes
Namespace(cuda=True, dataset='ogbn-arxiv', debug=True, defense_mode='prune', device_id=3, dis_weight=1.0, dropout=0.5, epochs=200, evaluate_mode='1by1', hidden=32, homo_boost_thrd=0.8, homo_loss_weight=100.0, inner=1, lr=0.01, model='GCN', no_cuda=False, prune_thr=0.8, seed=604, selection_method='cluster_degree', target_class=0, target_loss_weight=1, test_model='GAT', thrd=0.5, train_lr=0.01, trigger_size=3, trojan_epochs=1500, use_vs_number=True, vs_number=320, vs_ratio=0, weight_decay=0.0005)
target class rate on Vs: 0.9844
accuracy on clean test nodes: 0.6289
Overall ASR: 0.9336
Flip ASR: 0.9335/16875 nodes
Namespace(cuda=True, dataset='ogbn-arxiv', debug=True, defense_mode='prune', device_id=3, dis_weight=1.0, dropout=0.5, epochs=200, evaluate_mode='1by1', hidden=32, homo_boost_thrd=0.8, homo_loss_weight=100.0, inner=1, lr=0.01, model='GCN', no_cuda=False, prune_thr=0.8, seed=133, selection_method='cluster_degree', target_class=0, target_loss_weight=1, test_model='GAT', thrd=0.5, train_lr=0.01, trigger_size=3, trojan_epochs=1500, use_vs_number=True, vs_number=320, vs_ratio=0, weight_decay=0.0005)
target class rate on Vs: 0.9844
accuracy on clean test nodes: 0.6270
Overall ASR: 0.9336
Flip ASR: 0.9335/16875 nodes
Overall ASR: 0.9336 (GAT model, Seed: 133)
Overall Clean Accuracy: 0.6297
Namespace(cuda=True, dataset='ogbn-arxiv', debug=True, defense_mode='prune', device_id=3, dis_weight=1.0, dropout=0.5, epochs=200, evaluate_mode='1by1', hidden=32, homo_boost_thrd=0.8, homo_loss_weight=100.0, inner=1, lr=0.01, model='GCN', no_cuda=False, prune_thr=0.8, seed=673, selection_method='cluster_degree', target_class=0, target_loss_weight=1, test_model='GraphSage', thrd=0.5, train_lr=0.01, trigger_size=3, trojan_epochs=1500, use_vs_number=True, vs_number=320, vs_ratio=0, weight_decay=0.0005)
target class rate on Vs: 0.9750
accuracy on clean test nodes: 0.6248
Overall ASR: 0.8904
Flip ASR: 0.8901/16875 nodes
Namespace(cuda=True, dataset='ogbn-arxiv', debug=True, defense_mode='prune', device_id=3, dis_weight=1.0, dropout=0.5, epochs=200, evaluate_mode='1by1', hidden=32, homo_boost_thrd=0.8, homo_loss_weight=100.0, inner=1, lr=0.01, model='GCN', no_cuda=False, prune_thr=0.8, seed=904, selection_method='cluster_degree', target_class=0, target_loss_weight=1, test_model='GraphSage', thrd=0.5, train_lr=0.01, trigger_size=3, trojan_epochs=1500, use_vs_number=True, vs_number=320, vs_ratio=0, weight_decay=0.0005)
target class rate on Vs: 0.9750
accuracy on clean test nodes: 0.6281
Overall ASR: 0.8844
Flip ASR: 0.8841/16875 nodes
Namespace(cuda=True, dataset='ogbn-arxiv', debug=True, defense_mode='prune', device_id=3, dis_weight=1.0, dropout=0.5, epochs=200, evaluate_mode='1by1', hidden=32, homo_boost_thrd=0.8, homo_loss_weight=100.0, inner=1, lr=0.01, model='GCN', no_cuda=False, prune_thr=0.8, seed=56, selection_method='cluster_degree', target_class=0, target_loss_weight=1, test_model='GraphSage', thrd=0.5, train_lr=0.01, trigger_size=3, trojan_epochs=1500, use_vs_number=True, vs_number=320, vs_ratio=0, weight_decay=0.0005)
target class rate on Vs: 0.9812
accuracy on clean test nodes: 0.6286
Overall ASR: 0.8906
Flip ASR: 0.8904/16875 nodes
Namespace(cuda=True, dataset='ogbn-arxiv', debug=True, defense_mode='prune', device_id=3, dis_weight=1.0, dropout=0.5, epochs=200, evaluate_mode='1by1', hidden=32, homo_boost_thrd=0.8, homo_loss_weight=100.0, inner=1, lr=0.01, model='GCN', no_cuda=False, prune_thr=0.8, seed=1, selection_method='cluster_degree', target_class=0, target_loss_weight=1, test_model='GraphSage', thrd=0.5, train_lr=0.01, trigger_size=3, trojan_epochs=1500, use_vs_number=True, vs_number=320, vs_ratio=0, weight_decay=0.0005)
target class rate on Vs: 0.9719
accuracy on clean test nodes: 0.6294
Overall ASR: 0.8882
Flip ASR: 0.8879/16875 nodes
Namespace(cuda=True, dataset='ogbn-arxiv', debug=True, defense_mode='prune', device_id=3, dis_weight=1.0, dropout=0.5, epochs=200, evaluate_mode='1by1', hidden=32, homo_boost_thrd=0.8, homo_loss_weight=100.0, inner=1, lr=0.01, model='GCN', no_cuda=False, prune_thr=0.8, seed=694, selection_method='cluster_degree', target_class=0, target_loss_weight=1, test_model='GraphSage', thrd=0.5, train_lr=0.01, trigger_size=3, trojan_epochs=1500, use_vs_number=True, vs_number=320, vs_ratio=0, weight_decay=0.0005)
target class rate on Vs: 0.9719
accuracy on clean test nodes: 0.6257
Overall ASR: 0.8872
Flip ASR: 0.8869/16875 nodes
Overall ASR: 0.8882 (GraphSage model, Seed: 694)
Overall Clean Accuracy: 0.6273
Total Overall ASR: 0.9153 
Total Clean Accuracy: 0.6263
