nohup: ignoring input
run_adaptive.py:8: DeprecationWarning: the imp module is deprecated in favour of importlib; see the module's documentation for alternative uses
  import imp
Namespace(cuda=True, dataset='ogbn-arxiv', debug=True, defense_mode='prune', device_id=0, dis_weight=0.0, dropout=0.5, epochs=200, evaluate_mode='1by1', hidden=32, homo_boost_thrd=0.8, homo_loss_weight=200.0, inner=1, lr=0.01, model='GCN', no_cuda=False, prune_thr=0.8, seed=10, selection_method='cluster_degree', target_class=0, target_loss_weight=1, test_model='GCN', thrd=0.5, train_lr=0.01, trigger_size=3, trojan_epochs=2000, use_vs_number=True, vs_number=480, vs_ratio=0, weight_decay=0.0005)
#Attach Nodes:480
./selected_nodes/ogbn-arxiv/Overall/seed10/nodes.txt
idx_attach: tensor([132437, 159342, 115859,  11103, 127522,  67544,  82569, 161886,  62976,
         13773,  68963, 144203,  19681,    750, 156733,  86828,  18909,  82685,
         81700, 164714, 103734,  65352,  47692,  14294, 153213,  78523,   1385,
         50714, 156839, 144199,  88403,  58221,  56228,  88511,  12909, 156645,
         93340, 136107,  80139,    622,   1438,   7666, 133129, 127534, 106596,
        102712,   4269,  55140, 125068, 152827, 135150,  23527,   3609,   6462,
        121168, 152542,   6165, 126338,  90948,  77520,  47397, 106658,  68636,
        109074,  69509, 138501,  13873,  20117,  83448,   3102, 143264,  91042,
         54237,  58770, 165138, 126351,  55671,  99141,  13704, 136218,  16458,
         43368, 146276,  31105, 112018,  77110, 104399,  46245, 147007,   5821,
         19313,  91731,  20583, 142204,  80573,   7668,  83587, 128743, 143180,
         91852,  75911,  65787, 153365, 126297,  39114, 104240,  77327,   4583,
           512,  48952,  28134,  38432,  10832,  61628, 127678, 138417, 147495,
         98345,  93057,  33697, 138811, 124659, 133488,  71285,  47676,   1298,
        167767,  47649, 124811,  39955,  70652, 138116,  94425, 163083,  21820,
        133451,  73518, 132097,  23608,  13837, 125639,  40347, 163907,   5087,
          6422, 119164, 165901,   5059,  83768,  27180, 100388,  35462, 116799,
          3703,   5670,  48904,  68159, 113552, 160597,  96989, 127472, 136647,
        148726, 125053, 138149, 138315, 141422,  76351,  76598,  59904, 148285,
         70903, 165759,  39375, 136221, 140976,  63383,  42932,  75075,  71850,
         73993,  30102,  65808,  62714,  45851,  95186,  36002,  74863,  64652,
        161830, 145444, 126027,  60679,  73713,  93896, 146527, 169172, 114189,
         95782,  93842, 148869, 112848,  68654,   4485, 168944, 140981,  72175,
         45679,  20436,   7628, 115596, 130154, 135469,  14337,  63022,  17599,
        122842, 103833,  45706,  81303,  13852,  81871, 114723, 142817,  28988,
         48225,  21674,  34318, 111176, 158279, 146881,  34991,  76669,  13346,
         17731, 138128, 136891, 117554,  40123,  52955, 103517, 141078,  75105,
         82512, 168762, 139593, 118896,  12297, 138395,  64922,  55710,  22340,
         76111,  93384, 111925,   5010,  13015, 116348, 150061, 130103, 141021,
         64826, 144901, 106175,  92109,  89940,  71933, 144027,  36882,  41628,
         55044,  12828,  41681,  14340,  23638, 144925,  62265,  35737, 155976,
        161925,  63089, 135644, 164665,   9848, 124525,  66260,  78580,  66041,
          4226, 128942,  52300,  86426, 146623,  42022,  64582,  63272, 144613,
         12980,  93063, 146301, 166120, 109587, 144883,  58222, 119761, 126871,
        112989,  47264,  44224,  76605, 125250,  85029, 139694, 119661,  82517,
         10258,   5687,  86843,  93827,  30524, 146837, 142859,   3796, 104188,
         59645, 150266,  63460, 152939, 132153,  87353, 155538,  28127,  86437,
           591,  14225, 111064,  72841,  91588, 121367, 129042,  82694, 139395,
        116755,  46308,  15022,  85320,  72395, 143355, 128020,  15828, 143322,
         55075,  51976,  81577,  12925,  52480,  77357, 123824, 117210, 101747,
         38371,  89521, 120166,  15685,  29096,  24361,   9035, 130319,   6402,
         54168, 138793,  78393,  97894,  85421, 150077, 147429,  30273,  47541,
        101610, 157814,  45601, 169188, 146774,  52883,  71248, 152946,  56090,
         48566,  94860,  87246, 155373,  48973, 147804,  56436,  69861, 158491,
        124225, 157846,  36579,  12832, 105166,  49721, 128954, 148078,  56062,
        130915,  28744, 155979,  93417,  88471,  39751,  44343,  12516,  53050,
         23226,  28658,  22922, 139240, 113205,  27673,  41397,  99820,  40770,
         52043, 140123,   8016, 110285,   9523, 141587,  42198,  41116,  56625,
         49108, 145426, 143510,  78940,  39641, 103830,  28317, 137361, 113738,
         95930,  43828,  59183,  10174, 100999,  73621,  70772, 168782,    316,
         63065,   1216, 150717, 142054,  43635,  42956, 104683, 153366,  55743,
        159972,  50428,  97269,  99636,  86383, 167276,  30354, 109791, 108465,
         33452, 167353, 132780, 148658, 140035,  90596,  92925, 148665, 127724,
         12927,  19694, 108961], device='cuda:0')
tensor([     1,      2,      3,  ..., 169334, 169336, 169338], device='cuda:0')
Epoch 0, loss_inner: 3.74859, loss_target: 3.63285, homo loss: 0.80559 
acc_train_clean: 0.0089, ASR_train_attach: 0.0000, ASR_train_outter: 0.0000
Epoch 10, loss_inner: 3.04141, loss_target: 3.14476, homo loss: 0.00628 
acc_train_clean: 0.2734, ASR_train_attach: 0.0000, ASR_train_outter: 0.0000
Epoch 20, loss_inner: 2.78069, loss_target: 2.75829, homo loss: 0.00108 
acc_train_clean: 0.2863, ASR_train_attach: 0.0000, ASR_train_outter: 0.0000
Epoch 30, loss_inner: 2.47215, loss_target: 2.41123, homo loss: 0.00073 
acc_train_clean: 0.3558, ASR_train_attach: 0.1375, ASR_train_outter: 0.4402
Epoch 40, loss_inner: 2.16073, loss_target: 2.08811, homo loss: 0.00059 
acc_train_clean: 0.4400, ASR_train_attach: 0.9333, ASR_train_outter: 0.8843
Epoch 50, loss_inner: 1.90791, loss_target: 1.84052, homo loss: 0.00063 
acc_train_clean: 0.5032, ASR_train_attach: 0.9812, ASR_train_outter: 0.9508
Epoch 60, loss_inner: 1.72206, loss_target: 1.66590, homo loss: 0.00054 
acc_train_clean: 0.5371, ASR_train_attach: 0.9771, ASR_train_outter: 0.9594
Epoch 70, loss_inner: 1.59350, loss_target: 1.54456, homo loss: 0.00043 
acc_train_clean: 0.5637, ASR_train_attach: 0.9917, ASR_train_outter: 0.9701
Epoch 80, loss_inner: 1.50138, loss_target: 1.45610, homo loss: 0.00033 
acc_train_clean: 0.5865, ASR_train_attach: 0.9917, ASR_train_outter: 0.9834
Epoch 90, loss_inner: 1.43012, loss_target: 1.38754, homo loss: 0.00024 
acc_train_clean: 0.6018, ASR_train_attach: 0.9938, ASR_train_outter: 0.9840
Epoch 100, loss_inner: 1.37063, loss_target: 1.33069, homo loss: 0.00020 
acc_train_clean: 0.6134, ASR_train_attach: 0.9938, ASR_train_outter: 0.9820
Epoch 110, loss_inner: 1.32621, loss_target: 1.28841, homo loss: 0.00016 
acc_train_clean: 0.6209, ASR_train_attach: 0.9979, ASR_train_outter: 0.9840
Epoch 120, loss_inner: 1.29241, loss_target: 1.25486, homo loss: 0.00012 
acc_train_clean: 0.6268, ASR_train_attach: 1.0000, ASR_train_outter: 0.9907
Epoch 130, loss_inner: 1.26187, loss_target: 1.22606, homo loss: 0.00010 
acc_train_clean: 0.6329, ASR_train_attach: 1.0000, ASR_train_outter: 0.9894
Epoch 140, loss_inner: 1.23831, loss_target: 1.20378, homo loss: 0.00014 
acc_train_clean: 0.6393, ASR_train_attach: 1.0000, ASR_train_outter: 0.9860
Epoch 150, loss_inner: 1.22164, loss_target: 1.18749, homo loss: 0.00007 
acc_train_clean: 0.6438, ASR_train_attach: 1.0000, ASR_train_outter: 0.9920
Epoch 160, loss_inner: 1.20993, loss_target: 1.17653, homo loss: 0.00004 
acc_train_clean: 0.6457, ASR_train_attach: 1.0000, ASR_train_outter: 0.9920
Epoch 170, loss_inner: 1.20104, loss_target: 1.16792, homo loss: 0.00002 
acc_train_clean: 0.6478, ASR_train_attach: 1.0000, ASR_train_outter: 0.9940
Epoch 180, loss_inner: 1.19370, loss_target: 1.16122, homo loss: 0.00004 
acc_train_clean: 0.6495, ASR_train_attach: 1.0000, ASR_train_outter: 0.9900
Epoch 190, loss_inner: 1.18725, loss_target: 1.15432, homo loss: 0.00006 
acc_train_clean: 0.6509, ASR_train_attach: 1.0000, ASR_train_outter: 0.9953
Epoch 200, loss_inner: 1.18153, loss_target: 1.14949, homo loss: 0.00005 
acc_train_clean: 0.6522, ASR_train_attach: 1.0000, ASR_train_outter: 0.9914
Epoch 210, loss_inner: 1.17656, loss_target: 1.14417, homo loss: 0.00002 
acc_train_clean: 0.6533, ASR_train_attach: 1.0000, ASR_train_outter: 0.9940
Epoch 220, loss_inner: 1.17134, loss_target: 1.13908, homo loss: 0.00001 
acc_train_clean: 0.6546, ASR_train_attach: 1.0000, ASR_train_outter: 0.9953
Epoch 230, loss_inner: 1.16692, loss_target: 1.13450, homo loss: 0.00000 
acc_train_clean: 0.6557, ASR_train_attach: 1.0000, ASR_train_outter: 0.9953
Epoch 240, loss_inner: 1.16267, loss_target: 1.13051, homo loss: 0.00001 
acc_train_clean: 0.6566, ASR_train_attach: 1.0000, ASR_train_outter: 0.9953
Epoch 250, loss_inner: 1.15876, loss_target: 1.12752, homo loss: 0.00002 
acc_train_clean: 0.6580, ASR_train_attach: 0.9979, ASR_train_outter: 0.9900
Epoch 260, loss_inner: 1.15540, loss_target: 1.12373, homo loss: 0.00002 
acc_train_clean: 0.6588, ASR_train_attach: 1.0000, ASR_train_outter: 0.9934
Epoch 270, loss_inner: 1.15147, loss_target: 1.11958, homo loss: 0.00000 
acc_train_clean: 0.6595, ASR_train_attach: 1.0000, ASR_train_outter: 0.9953
Epoch 280, loss_inner: 1.14714, loss_target: 1.11512, homo loss: 0.00001 
acc_train_clean: 0.6608, ASR_train_attach: 1.0000, ASR_train_outter: 0.9953
Epoch 290, loss_inner: 1.14162, loss_target: 1.10929, homo loss: 0.00001 
acc_train_clean: 0.6627, ASR_train_attach: 1.0000, ASR_train_outter: 0.9953
Epoch 300, loss_inner: 1.13543, loss_target: 1.10502, homo loss: 0.00010 
acc_train_clean: 0.6639, ASR_train_attach: 0.9979, ASR_train_outter: 0.9907
Epoch 310, loss_inner: 1.13027, loss_target: 1.09882, homo loss: 0.00001 
acc_train_clean: 0.6652, ASR_train_attach: 1.0000, ASR_train_outter: 0.9960
Epoch 320, loss_inner: 1.12691, loss_target: 1.09693, homo loss: 0.00001 
acc_train_clean: 0.6666, ASR_train_attach: 1.0000, ASR_train_outter: 0.9940
Epoch 330, loss_inner: 1.12453, loss_target: 1.09311, homo loss: 0.00000 
acc_train_clean: 0.6675, ASR_train_attach: 1.0000, ASR_train_outter: 0.9960
Epoch 340, loss_inner: 1.12192, loss_target: 1.09045, homo loss: 0.00001 
acc_train_clean: 0.6682, ASR_train_attach: 1.0000, ASR_train_outter: 0.9967
Epoch 350, loss_inner: 1.11987, loss_target: 1.08850, homo loss: 0.00001 
acc_train_clean: 0.6691, ASR_train_attach: 1.0000, ASR_train_outter: 0.9960
Epoch 360, loss_inner: 1.11810, loss_target: 1.08677, homo loss: 0.00001 
acc_train_clean: 0.6692, ASR_train_attach: 1.0000, ASR_train_outter: 0.9960
Epoch 370, loss_inner: 1.11648, loss_target: 1.08619, homo loss: 0.00007 
acc_train_clean: 0.6698, ASR_train_attach: 0.9979, ASR_train_outter: 0.9934
Epoch 380, loss_inner: 1.11626, loss_target: 1.09106, homo loss: 0.00031 
acc_train_clean: 0.6699, ASR_train_attach: 1.0000, ASR_train_outter: 0.9953
Epoch 390, loss_inner: 1.11468, loss_target: 1.08662, homo loss: 0.00016 
acc_train_clean: 0.6695, ASR_train_attach: 1.0000, ASR_train_outter: 0.9980
Epoch 400, loss_inner: 1.11266, loss_target: 1.08264, homo loss: 0.00003 
acc_train_clean: 0.6715, ASR_train_attach: 1.0000, ASR_train_outter: 0.9980
Epoch 410, loss_inner: 1.11107, loss_target: 1.08106, homo loss: 0.00000 
acc_train_clean: 0.6716, ASR_train_attach: 1.0000, ASR_train_outter: 0.9947
Epoch 420, loss_inner: 1.11016, loss_target: 1.07980, homo loss: 0.00000 
acc_train_clean: 0.6707, ASR_train_attach: 1.0000, ASR_train_outter: 0.9953
Epoch 430, loss_inner: 1.10871, loss_target: 1.07772, homo loss: 0.00000 
acc_train_clean: 0.6724, ASR_train_attach: 1.0000, ASR_train_outter: 0.9973
Epoch 440, loss_inner: 1.10790, loss_target: 1.07691, homo loss: 0.00000 
acc_train_clean: 0.6731, ASR_train_attach: 1.0000, ASR_train_outter: 0.9987
Epoch 450, loss_inner: 1.10687, loss_target: 1.07572, homo loss: 0.00000 
acc_train_clean: 0.6730, ASR_train_attach: 1.0000, ASR_train_outter: 0.9980
Epoch 460, loss_inner: 1.10582, loss_target: 1.07477, homo loss: 0.00000 
acc_train_clean: 0.6728, ASR_train_attach: 1.0000, ASR_train_outter: 0.9980
Epoch 470, loss_inner: 1.10568, loss_target: 1.07515, homo loss: 0.00001 
acc_train_clean: 0.6719, ASR_train_attach: 1.0000, ASR_train_outter: 0.9960
Epoch 480, loss_inner: 1.10456, loss_target: 1.07441, homo loss: 0.00003 
acc_train_clean: 0.6737, ASR_train_attach: 1.0000, ASR_train_outter: 0.9947
Epoch 490, loss_inner: 1.10350, loss_target: 1.07519, homo loss: 0.00029 
acc_train_clean: 0.6732, ASR_train_attach: 1.0000, ASR_train_outter: 0.9953
Epoch 500, loss_inner: 1.10297, loss_target: 1.07318, homo loss: 0.00014 
acc_train_clean: 0.6742, ASR_train_attach: 1.0000, ASR_train_outter: 0.9987
Epoch 510, loss_inner: 1.10168, loss_target: 1.07102, homo loss: 0.00001 
acc_train_clean: 0.6744, ASR_train_attach: 1.0000, ASR_train_outter: 0.9973
Epoch 520, loss_inner: 1.10108, loss_target: 1.07101, homo loss: 0.00001 
acc_train_clean: 0.6738, ASR_train_attach: 1.0000, ASR_train_outter: 0.9947
Epoch 530, loss_inner: 1.10057, loss_target: 1.06963, homo loss: 0.00001 
acc_train_clean: 0.6739, ASR_train_attach: 1.0000, ASR_train_outter: 0.9993
Epoch 540, loss_inner: 1.09955, loss_target: 1.06858, homo loss: 0.00000 
acc_train_clean: 0.6747, ASR_train_attach: 1.0000, ASR_train_outter: 0.9993
Epoch 550, loss_inner: 1.09914, loss_target: 1.06828, homo loss: 0.00000 
acc_train_clean: 0.6750, ASR_train_attach: 1.0000, ASR_train_outter: 0.9973
Epoch 560, loss_inner: 1.09884, loss_target: 1.06785, homo loss: 0.00000 
acc_train_clean: 0.6750, ASR_train_attach: 1.0000, ASR_train_outter: 0.9987
Epoch 570, loss_inner: 1.09783, loss_target: 1.06787, homo loss: 0.00010 
acc_train_clean: 0.6749, ASR_train_attach: 1.0000, ASR_train_outter: 0.9987
Epoch 580, loss_inner: 1.09701, loss_target: 1.06638, homo loss: 0.00003 
acc_train_clean: 0.6760, ASR_train_attach: 1.0000, ASR_train_outter: 0.9993
Epoch 590, loss_inner: 1.09690, loss_target: 1.06855, homo loss: 0.00031 
acc_train_clean: 0.6758, ASR_train_attach: 1.0000, ASR_train_outter: 0.9947
Epoch 600, loss_inner: 1.09652, loss_target: 1.06681, homo loss: 0.00017 
acc_train_clean: 0.6757, ASR_train_attach: 1.0000, ASR_train_outter: 0.9987
Epoch 610, loss_inner: 1.09516, loss_target: 1.06453, homo loss: 0.00002 
acc_train_clean: 0.6755, ASR_train_attach: 1.0000, ASR_train_outter: 0.9993
Epoch 620, loss_inner: 1.09477, loss_target: 1.06449, homo loss: 0.00001 
acc_train_clean: 0.6759, ASR_train_attach: 1.0000, ASR_train_outter: 0.9960
Epoch 630, loss_inner: 1.09394, loss_target: 1.06338, homo loss: 0.00001 
acc_train_clean: 0.6757, ASR_train_attach: 1.0000, ASR_train_outter: 0.9993
Epoch 640, loss_inner: 1.09460, loss_target: 1.06377, homo loss: 0.00001 
acc_train_clean: 0.6743, ASR_train_attach: 1.0000, ASR_train_outter: 1.0000
Epoch 650, loss_inner: 1.09349, loss_target: 1.06277, homo loss: 0.00001 
acc_train_clean: 0.6764, ASR_train_attach: 1.0000, ASR_train_outter: 0.9980
Epoch 660, loss_inner: 1.09239, loss_target: 1.06191, homo loss: 0.00003 
acc_train_clean: 0.6760, ASR_train_attach: 1.0000, ASR_train_outter: 0.9980
Epoch 670, loss_inner: 1.09210, loss_target: 1.06342, homo loss: 0.00040 
acc_train_clean: 0.6759, ASR_train_attach: 1.0000, ASR_train_outter: 0.9980
Epoch 680, loss_inner: 1.09186, loss_target: 1.06329, homo loss: 0.00017 
acc_train_clean: 0.6765, ASR_train_attach: 1.0000, ASR_train_outter: 1.0000
Epoch 690, loss_inner: 1.09122, loss_target: 1.06150, homo loss: 0.00002 
acc_train_clean: 0.6769, ASR_train_attach: 1.0000, ASR_train_outter: 0.9993
Epoch 700, loss_inner: 1.09316, loss_target: 1.07100, homo loss: 0.00068 
acc_train_clean: 0.6765, ASR_train_attach: 1.0000, ASR_train_outter: 0.9940
Epoch 710, loss_inner: 1.09329, loss_target: 1.07402, homo loss: 0.00043 
acc_train_clean: 0.6748, ASR_train_attach: 1.0000, ASR_train_outter: 1.0000
Epoch 720, loss_inner: 1.09223, loss_target: 1.07036, homo loss: 0.00046 
acc_train_clean: 0.6772, ASR_train_attach: 1.0000, ASR_train_outter: 0.9960
Epoch 730, loss_inner: 1.09025, loss_target: 1.06703, homo loss: 0.00045 
acc_train_clean: 0.6776, ASR_train_attach: 1.0000, ASR_train_outter: 1.0000
Epoch 740, loss_inner: 1.08988, loss_target: 1.06438, homo loss: 0.00043 
acc_train_clean: 0.6771, ASR_train_attach: 1.0000, ASR_train_outter: 1.0000
Epoch 750, loss_inner: 1.08951, loss_target: 1.06338, homo loss: 0.00039 
acc_train_clean: 0.6775, ASR_train_attach: 1.0000, ASR_train_outter: 1.0000
Epoch 760, loss_inner: 1.08922, loss_target: 1.06145, homo loss: 0.00029 
acc_train_clean: 0.6773, ASR_train_attach: 1.0000, ASR_train_outter: 1.0000
Epoch 770, loss_inner: 1.08873, loss_target: 1.05924, homo loss: 0.00003 
acc_train_clean: 0.6774, ASR_train_attach: 1.0000, ASR_train_outter: 0.9993
Epoch 780, loss_inner: 1.35382, loss_target: 2.02333, homo loss: 0.03110 
acc_train_clean: 0.6259, ASR_train_attach: 1.0000, ASR_train_outter: 1.0000
Epoch 790, loss_inner: 1.30075, loss_target: 2.49445, homo loss: 0.00431 
acc_train_clean: 0.6359, ASR_train_attach: 1.0000, ASR_train_outter: 1.0000
Epoch 800, loss_inner: 1.21714, loss_target: 2.03351, homo loss: 0.00275 
acc_train_clean: 0.6550, ASR_train_attach: 1.0000, ASR_train_outter: 0.9993
Epoch 810, loss_inner: 1.22811, loss_target: 2.00355, homo loss: 0.00293 
acc_train_clean: 0.6462, ASR_train_attach: 1.0000, ASR_train_outter: 0.9860
Epoch 820, loss_inner: 2.97972, loss_target: 5.52996, homo loss: 0.00730 
acc_train_clean: 0.4352, ASR_train_attach: 1.0000, ASR_train_outter: 1.0000
Epoch 830, loss_inner: 2.72005, loss_target: 5.01569, homo loss: 0.01715 
acc_train_clean: 0.4105, ASR_train_attach: 1.0000, ASR_train_outter: 1.0000
Epoch 840, loss_inner: 2.93847, loss_target: 11.34702, homo loss: 0.07451 
acc_train_clean: 0.3665, ASR_train_attach: 1.0000, ASR_train_outter: 0.2141
Epoch 850, loss_inner: 2.94945, loss_target: 43.07621, homo loss: 0.14436 
acc_train_clean: 0.4451, ASR_train_attach: 1.0000, ASR_train_outter: 0.0000
Epoch 860, loss_inner: 4.29169, loss_target: 19.73443, homo loss: 0.21693 
acc_train_clean: 0.4574, ASR_train_attach: 1.0000, ASR_train_outter: 1.0000
Epoch 870, loss_inner: 3.75454, loss_target: 31.31558, homo loss: 0.23234 
acc_train_clean: 0.4607, ASR_train_attach: 1.0000, ASR_train_outter: 1.0000
Epoch 880, loss_inner: 4.04339, loss_target: 33.31726, homo loss: 0.23155 
acc_train_clean: 0.4918, ASR_train_attach: 1.0000, ASR_train_outter: 1.0000
Epoch 890, loss_inner: 4.43447, loss_target: 27.58215, homo loss: 0.22437 
acc_train_clean: 0.5100, ASR_train_attach: 1.0000, ASR_train_outter: 1.0000
Epoch 900, loss_inner: 2.48329, loss_target: 9.65829, homo loss: 0.21732 
acc_train_clean: 0.5387, ASR_train_attach: 1.0000, ASR_train_outter: 0.9993
Epoch 910, loss_inner: 3.31625, loss_target: 11.16061, homo loss: 0.20962 
acc_train_clean: 0.5466, ASR_train_attach: 1.0000, ASR_train_outter: 1.0000
Epoch 920, loss_inner: 1.48065, loss_target: 1.42880, homo loss: 0.19968 
acc_train_clean: 0.5759, ASR_train_attach: 1.0000, ASR_train_outter: 1.0000
Epoch 930, loss_inner: 1.41913, loss_target: 1.39278, homo loss: 0.18729 
acc_train_clean: 0.5962, ASR_train_attach: 1.0000, ASR_train_outter: 0.9980
Epoch 940, loss_inner: 1.36878, loss_target: 1.32843, homo loss: 0.17714 
acc_train_clean: 0.6070, ASR_train_attach: 1.0000, ASR_train_outter: 0.9967
Epoch 950, loss_inner: 1.33508, loss_target: 1.29696, homo loss: 0.16846 
acc_train_clean: 0.6127, ASR_train_attach: 1.0000, ASR_train_outter: 0.9967
Epoch 960, loss_inner: 1.31125, loss_target: 1.27440, homo loss: 0.16048 
acc_train_clean: 0.6191, ASR_train_attach: 1.0000, ASR_train_outter: 0.9967
Epoch 970, loss_inner: 1.29397, loss_target: 1.25793, homo loss: 0.15314 
acc_train_clean: 0.6226, ASR_train_attach: 1.0000, ASR_train_outter: 0.9973
Epoch 980, loss_inner: 1.28067, loss_target: 1.24538, homo loss: 0.14624 
acc_train_clean: 0.6253, ASR_train_attach: 1.0000, ASR_train_outter: 0.9973
Epoch 990, loss_inner: 1.27103, loss_target: 1.23622, homo loss: 0.13971 
acc_train_clean: 0.6275, ASR_train_attach: 1.0000, ASR_train_outter: 0.9973
Epoch 1000, loss_inner: 1.26270, loss_target: 1.22820, homo loss: 0.13358 
acc_train_clean: 0.6291, ASR_train_attach: 1.0000, ASR_train_outter: 0.9973
Epoch 1010, loss_inner: 1.25529, loss_target: 1.22105, homo loss: 0.12763 
acc_train_clean: 0.6307, ASR_train_attach: 1.0000, ASR_train_outter: 0.9980
Epoch 1020, loss_inner: 1.24862, loss_target: 1.21464, homo loss: 0.12192 
acc_train_clean: 0.6323, ASR_train_attach: 1.0000, ASR_train_outter: 0.9980
Epoch 1030, loss_inner: 1.24263, loss_target: 1.20887, homo loss: 0.11641 
acc_train_clean: 0.6342, ASR_train_attach: 1.0000, ASR_train_outter: 0.9980
Epoch 1040, loss_inner: 1.23730, loss_target: 1.20373, homo loss: 0.11108 
acc_train_clean: 0.6360, ASR_train_attach: 1.0000, ASR_train_outter: 0.9980
Epoch 1050, loss_inner: 1.23253, loss_target: 1.19911, homo loss: 0.10598 
acc_train_clean: 0.6371, ASR_train_attach: 1.0000, ASR_train_outter: 0.9980
Epoch 1060, loss_inner: 1.22831, loss_target: 1.19479, homo loss: 0.10098 
acc_train_clean: 0.6384, ASR_train_attach: 1.0000, ASR_train_outter: 0.9993
Epoch 1070, loss_inner: 1.22438, loss_target: 1.19258, homo loss: 0.09609 
acc_train_clean: 0.6395, ASR_train_attach: 1.0000, ASR_train_outter: 0.9987
Epoch 1080, loss_inner: 1.22996, loss_target: 1.19578, homo loss: 0.09141 
acc_train_clean: 0.6380, ASR_train_attach: 1.0000, ASR_train_outter: 0.9987
Epoch 1090, loss_inner: 1.22294, loss_target: 1.19035, homo loss: 0.08682 
acc_train_clean: 0.6406, ASR_train_attach: 1.0000, ASR_train_outter: 0.9987
Epoch 1100, loss_inner: 1.21933, loss_target: 1.18609, homo loss: 0.08230 
acc_train_clean: 0.6399, ASR_train_attach: 1.0000, ASR_train_outter: 0.9987
Epoch 1110, loss_inner: 1.21541, loss_target: 1.18254, homo loss: 0.07790 
acc_train_clean: 0.6415, ASR_train_attach: 1.0000, ASR_train_outter: 0.9987
Epoch 1120, loss_inner: 1.21195, loss_target: 1.17930, homo loss: 0.07358 
acc_train_clean: 0.6432, ASR_train_attach: 1.0000, ASR_train_outter: 0.9980
Epoch 1130, loss_inner: 1.20907, loss_target: 1.17735, homo loss: 0.06937 
acc_train_clean: 0.6437, ASR_train_attach: 0.9958, ASR_train_outter: 0.9900
Epoch 1140, loss_inner: 1.20624, loss_target: 1.17370, homo loss: 0.06533 
acc_train_clean: 0.6443, ASR_train_attach: 1.0000, ASR_train_outter: 0.9987
Epoch 1150, loss_inner: 1.20470, loss_target: 1.17309, homo loss: 0.06137 
acc_train_clean: 0.6456, ASR_train_attach: 0.9854, ASR_train_outter: 0.9880
Epoch 1160, loss_inner: 1.20196, loss_target: 1.16976, homo loss: 0.05753 
acc_train_clean: 0.6451, ASR_train_attach: 0.9958, ASR_train_outter: 0.9960
Epoch 1170, loss_inner: 1.20015, loss_target: 1.16811, homo loss: 0.05371 
acc_train_clean: 0.6459, ASR_train_attach: 0.9917, ASR_train_outter: 0.9914
Epoch 1180, loss_inner: 1.19811, loss_target: 1.17194, homo loss: 0.04959 
acc_train_clean: 0.6465, ASR_train_attach: 0.9896, ASR_train_outter: 0.9914
Epoch 1190, loss_inner: 1.19611, loss_target: 1.16400, homo loss: 0.04520 
acc_train_clean: 0.6471, ASR_train_attach: 0.9938, ASR_train_outter: 0.9947
Epoch 1200, loss_inner: 1.21005, loss_target: 1.17343, homo loss: 0.04055 
acc_train_clean: 0.6423, ASR_train_attach: 0.9854, ASR_train_outter: 0.9940
Epoch 1210, loss_inner: 1.20067, loss_target: 1.16820, homo loss: 0.03581 
acc_train_clean: 0.6473, ASR_train_attach: 0.9896, ASR_train_outter: 0.9940
Epoch 1220, loss_inner: 1.19737, loss_target: 1.16514, homo loss: 0.03114 
acc_train_clean: 0.6449, ASR_train_attach: 0.9958, ASR_train_outter: 0.9960
Epoch 1230, loss_inner: 1.19552, loss_target: 1.16324, homo loss: 0.02665 
acc_train_clean: 0.6480, ASR_train_attach: 0.9979, ASR_train_outter: 0.9967
Epoch 1240, loss_inner: 1.19376, loss_target: 1.16170, homo loss: 0.02239 
acc_train_clean: 0.6485, ASR_train_attach: 0.9896, ASR_train_outter: 0.9967
Epoch 1250, loss_inner: 1.19172, loss_target: 1.15990, homo loss: 0.01852 
acc_train_clean: 0.6488, ASR_train_attach: 0.9917, ASR_train_outter: 0.9960
Epoch 1260, loss_inner: 1.19038, loss_target: 1.15868, homo loss: 0.01531 
acc_train_clean: 0.6494, ASR_train_attach: 0.9938, ASR_train_outter: 0.9960
Epoch 1270, loss_inner: 1.18986, loss_target: 1.15774, homo loss: 0.01271 
acc_train_clean: 0.6488, ASR_train_attach: 1.0000, ASR_train_outter: 0.9953
Epoch 1280, loss_inner: 1.18785, loss_target: 1.15641, homo loss: 0.01053 
acc_train_clean: 0.6498, ASR_train_attach: 1.0000, ASR_train_outter: 0.9973
Epoch 1290, loss_inner: 1.18704, loss_target: 1.16238, homo loss: 0.00888 
acc_train_clean: 0.6506, ASR_train_attach: 1.0000, ASR_train_outter: 0.9973
Epoch 1300, loss_inner: 1.18633, loss_target: 1.15682, homo loss: 0.00757 
acc_train_clean: 0.6503, ASR_train_attach: 1.0000, ASR_train_outter: 0.9953
Epoch 1310, loss_inner: 1.18620, loss_target: 1.15771, homo loss: 0.00649 
acc_train_clean: 0.6503, ASR_train_attach: 1.0000, ASR_train_outter: 0.9960
Epoch 1320, loss_inner: 1.18489, loss_target: 1.15669, homo loss: 0.00569 
acc_train_clean: 0.6499, ASR_train_attach: 1.0000, ASR_train_outter: 0.9960
Epoch 1330, loss_inner: 1.18371, loss_target: 1.15724, homo loss: 0.00510 
acc_train_clean: 0.6506, ASR_train_attach: 1.0000, ASR_train_outter: 0.9960
Epoch 1340, loss_inner: 1.18231, loss_target: 1.15517, homo loss: 0.00467 
acc_train_clean: 0.6513, ASR_train_attach: 0.9979, ASR_train_outter: 0.9960
Epoch 1350, loss_inner: 1.18155, loss_target: 1.15301, homo loss: 0.00434 
acc_train_clean: 0.6505, ASR_train_attach: 1.0000, ASR_train_outter: 0.9960
Epoch 1360, loss_inner: 1.18050, loss_target: 1.15671, homo loss: 0.00408 
acc_train_clean: 0.6509, ASR_train_attach: 1.0000, ASR_train_outter: 0.9934
Epoch 1370, loss_inner: 1.17982, loss_target: 1.14945, homo loss: 0.00381 
acc_train_clean: 0.6512, ASR_train_attach: 1.0000, ASR_train_outter: 0.9973
Epoch 1380, loss_inner: 1.17878, loss_target: 1.15115, homo loss: 0.00356 
acc_train_clean: 0.6507, ASR_train_attach: 1.0000, ASR_train_outter: 0.9973
Epoch 1390, loss_inner: 1.18059, loss_target: 1.15469, homo loss: 0.00339 
acc_train_clean: 0.6496, ASR_train_attach: 0.9979, ASR_train_outter: 0.9960
Epoch 1400, loss_inner: 1.17899, loss_target: 1.15075, homo loss: 0.00331 
acc_train_clean: 0.6504, ASR_train_attach: 1.0000, ASR_train_outter: 0.9960
Epoch 1410, loss_inner: 1.17700, loss_target: 1.15021, homo loss: 0.00318 
acc_train_clean: 0.6516, ASR_train_attach: 1.0000, ASR_train_outter: 0.9960
Epoch 1420, loss_inner: 1.17475, loss_target: 1.14888, homo loss: 0.00304 
acc_train_clean: 0.6520, ASR_train_attach: 1.0000, ASR_train_outter: 0.9960
Epoch 1430, loss_inner: 1.17357, loss_target: 1.14701, homo loss: 0.00293 
acc_train_clean: 0.6524, ASR_train_attach: 1.0000, ASR_train_outter: 0.9960
Epoch 1440, loss_inner: 1.17250, loss_target: 1.14682, homo loss: 0.00286 
acc_train_clean: 0.6527, ASR_train_attach: 1.0000, ASR_train_outter: 0.9960
Epoch 1450, loss_inner: 1.17132, loss_target: 1.14327, homo loss: 0.00278 
acc_train_clean: 0.6532, ASR_train_attach: 1.0000, ASR_train_outter: 0.9960
Epoch 1460, loss_inner: 1.17158, loss_target: 1.14672, homo loss: 0.00271 
acc_train_clean: 0.6541, ASR_train_attach: 1.0000, ASR_train_outter: 0.9967
Epoch 1470, loss_inner: 1.16997, loss_target: 1.14121, homo loss: 0.00264 
acc_train_clean: 0.6534, ASR_train_attach: 1.0000, ASR_train_outter: 0.9960
Epoch 1480, loss_inner: 1.16823, loss_target: 1.14129, homo loss: 0.00257 
acc_train_clean: 0.6537, ASR_train_attach: 1.0000, ASR_train_outter: 0.9960
Epoch 1490, loss_inner: 1.16817, loss_target: 1.14274, homo loss: 0.00254 
acc_train_clean: 0.6541, ASR_train_attach: 0.9938, ASR_train_outter: 0.9960
Epoch 1500, loss_inner: 1.16722, loss_target: 1.13812, homo loss: 0.00250 
acc_train_clean: 0.6538, ASR_train_attach: 1.0000, ASR_train_outter: 0.9980
Epoch 1510, loss_inner: 1.16654, loss_target: 1.13902, homo loss: 0.00248 
acc_train_clean: 0.6551, ASR_train_attach: 1.0000, ASR_train_outter: 0.9967
Epoch 1520, loss_inner: 1.16561, loss_target: 1.13793, homo loss: 0.00243 
acc_train_clean: 0.6545, ASR_train_attach: 1.0000, ASR_train_outter: 0.9960
Epoch 1530, loss_inner: 1.16459, loss_target: 1.13713, homo loss: 0.00237 
acc_train_clean: 0.6549, ASR_train_attach: 1.0000, ASR_train_outter: 0.9973
Epoch 1540, loss_inner: 1.16317, loss_target: 1.13557, homo loss: 0.00229 
acc_train_clean: 0.6555, ASR_train_attach: 1.0000, ASR_train_outter: 0.9987
Epoch 1550, loss_inner: 1.16306, loss_target: 1.13605, homo loss: 0.00225 
acc_train_clean: 0.6553, ASR_train_attach: 1.0000, ASR_train_outter: 1.0000
Epoch 1560, loss_inner: 1.16192, loss_target: 1.13313, homo loss: 0.00231 
acc_train_clean: 0.6562, ASR_train_attach: 1.0000, ASR_train_outter: 0.9993
Epoch 1570, loss_inner: 1.16108, loss_target: 1.13569, homo loss: 0.00227 
acc_train_clean: 0.6565, ASR_train_attach: 1.0000, ASR_train_outter: 0.9980
Epoch 1580, loss_inner: 1.16016, loss_target: 1.13240, homo loss: 0.00222 
acc_train_clean: 0.6567, ASR_train_attach: 0.9979, ASR_train_outter: 0.9993
Epoch 1590, loss_inner: 1.15929, loss_target: 1.13014, homo loss: 0.00217 
acc_train_clean: 0.6567, ASR_train_attach: 1.0000, ASR_train_outter: 0.9987
Epoch 1600, loss_inner: 1.15850, loss_target: 1.13148, homo loss: 0.00212 
acc_train_clean: 0.6573, ASR_train_attach: 1.0000, ASR_train_outter: 0.9993
Epoch 1610, loss_inner: 1.15920, loss_target: 1.13091, homo loss: 0.00210 
acc_train_clean: 0.6565, ASR_train_attach: 1.0000, ASR_train_outter: 0.9993
Epoch 1620, loss_inner: 1.15815, loss_target: 1.13099, homo loss: 0.00210 
acc_train_clean: 0.6573, ASR_train_attach: 1.0000, ASR_train_outter: 0.9987
Epoch 1630, loss_inner: 1.15703, loss_target: 1.13293, homo loss: 0.00207 
acc_train_clean: 0.6573, ASR_train_attach: 1.0000, ASR_train_outter: 0.9993
Epoch 1640, loss_inner: 1.15588, loss_target: 1.13886, homo loss: 0.00205 
acc_train_clean: 0.6580, ASR_train_attach: 1.0000, ASR_train_outter: 0.9993
Epoch 1650, loss_inner: 1.15657, loss_target: 1.13101, homo loss: 0.00214 
acc_train_clean: 0.6574, ASR_train_attach: 1.0000, ASR_train_outter: 0.9993
Epoch 1660, loss_inner: 1.15608, loss_target: 1.12999, homo loss: 0.00215 
acc_train_clean: 0.6570, ASR_train_attach: 1.0000, ASR_train_outter: 0.9967
Epoch 1670, loss_inner: 1.15500, loss_target: 1.13159, homo loss: 0.00211 
acc_train_clean: 0.6571, ASR_train_attach: 1.0000, ASR_train_outter: 0.9967
Epoch 1680, loss_inner: 1.15446, loss_target: 1.13305, homo loss: 0.00204 
acc_train_clean: 0.6570, ASR_train_attach: 1.0000, ASR_train_outter: 0.9934
Epoch 1690, loss_inner: 1.15495, loss_target: 1.12757, homo loss: 0.00200 
acc_train_clean: 0.6575, ASR_train_attach: 1.0000, ASR_train_outter: 0.9987
Epoch 1700, loss_inner: 1.15334, loss_target: 1.13611, homo loss: 0.00197 
acc_train_clean: 0.6580, ASR_train_attach: 1.0000, ASR_train_outter: 0.9980
Epoch 1710, loss_inner: 1.15293, loss_target: 1.12870, homo loss: 0.00208 
acc_train_clean: 0.6584, ASR_train_attach: 1.0000, ASR_train_outter: 0.9993
Epoch 1720, loss_inner: 1.15202, loss_target: 1.12570, homo loss: 0.00210 
acc_train_clean: 0.6575, ASR_train_attach: 1.0000, ASR_train_outter: 0.9980
Epoch 1730, loss_inner: 1.15115, loss_target: 1.12567, homo loss: 0.00205 
acc_train_clean: 0.6581, ASR_train_attach: 1.0000, ASR_train_outter: 0.9973
Epoch 1740, loss_inner: 1.15021, loss_target: 1.12722, homo loss: 0.00200 
acc_train_clean: 0.6579, ASR_train_attach: 1.0000, ASR_train_outter: 0.9967
Epoch 1750, loss_inner: 1.14985, loss_target: 1.12520, homo loss: 0.00206 
acc_train_clean: 0.6590, ASR_train_attach: 1.0000, ASR_train_outter: 0.9993
Epoch 1760, loss_inner: 1.15086, loss_target: 1.12783, homo loss: 0.00205 
acc_train_clean: 0.6596, ASR_train_attach: 1.0000, ASR_train_outter: 0.9993
Epoch 1770, loss_inner: 1.14997, loss_target: 1.12194, homo loss: 0.00199 
acc_train_clean: 0.6592, ASR_train_attach: 1.0000, ASR_train_outter: 0.9993
Epoch 1780, loss_inner: 1.14999, loss_target: 1.12247, homo loss: 0.00197 
acc_train_clean: 0.6582, ASR_train_attach: 1.0000, ASR_train_outter: 1.0000
Epoch 1790, loss_inner: 1.14883, loss_target: 1.12126, homo loss: 0.00194 
acc_train_clean: 0.6590, ASR_train_attach: 1.0000, ASR_train_outter: 0.9993
Epoch 1800, loss_inner: 1.14831, loss_target: 1.12236, homo loss: 0.00191 
acc_train_clean: 0.6588, ASR_train_attach: 1.0000, ASR_train_outter: 0.9987
Epoch 1810, loss_inner: 1.14796, loss_target: 1.12050, homo loss: 0.00188 
acc_train_clean: 0.6591, ASR_train_attach: 1.0000, ASR_train_outter: 0.9993
Epoch 1820, loss_inner: 1.14757, loss_target: 1.13417, homo loss: 0.00184 
acc_train_clean: 0.6593, ASR_train_attach: 1.0000, ASR_train_outter: 0.9973
Epoch 1830, loss_inner: 1.14763, loss_target: 1.12061, homo loss: 0.00195 
acc_train_clean: 0.6603, ASR_train_attach: 1.0000, ASR_train_outter: 1.0000
Epoch 1840, loss_inner: 1.14673, loss_target: 1.11811, homo loss: 0.00195 
acc_train_clean: 0.6584, ASR_train_attach: 1.0000, ASR_train_outter: 1.0000
Epoch 1850, loss_inner: 1.14566, loss_target: 1.11858, homo loss: 0.00188 
acc_train_clean: 0.6596, ASR_train_attach: 1.0000, ASR_train_outter: 0.9993
Epoch 1860, loss_inner: 1.14505, loss_target: 1.11771, homo loss: 0.00183 
acc_train_clean: 0.6600, ASR_train_attach: 1.0000, ASR_train_outter: 0.9993
Epoch 1870, loss_inner: 1.14461, loss_target: 1.11858, homo loss: 0.00184 
acc_train_clean: 0.6595, ASR_train_attach: 1.0000, ASR_train_outter: 0.9993
Epoch 1880, loss_inner: 1.14405, loss_target: 1.11920, homo loss: 0.00184 
acc_train_clean: 0.6596, ASR_train_attach: 1.0000, ASR_train_outter: 0.9980
Epoch 1890, loss_inner: 1.14348, loss_target: 1.11687, homo loss: 0.00184 
acc_train_clean: 0.6597, ASR_train_attach: 1.0000, ASR_train_outter: 0.9993
Epoch 1900, loss_inner: 1.14331, loss_target: 1.11744, homo loss: 0.00185 
acc_train_clean: 0.6603, ASR_train_attach: 1.0000, ASR_train_outter: 0.9980
Epoch 1910, loss_inner: 1.14311, loss_target: 1.11536, homo loss: 0.00191 
acc_train_clean: 0.6596, ASR_train_attach: 1.0000, ASR_train_outter: 1.0000
Epoch 1920, loss_inner: 1.14300, loss_target: 1.11456, homo loss: 0.00192 
acc_train_clean: 0.6599, ASR_train_attach: 1.0000, ASR_train_outter: 1.0000
Epoch 1930, loss_inner: 1.14284, loss_target: 1.12066, homo loss: 0.00197 
acc_train_clean: 0.6602, ASR_train_attach: 1.0000, ASR_train_outter: 0.9987
Epoch 1940, loss_inner: 1.14264, loss_target: 1.11891, homo loss: 0.00203 
acc_train_clean: 0.6602, ASR_train_attach: 1.0000, ASR_train_outter: 0.9967
Epoch 1950, loss_inner: 1.14278, loss_target: 1.11546, homo loss: 0.00203 
acc_train_clean: 0.6609, ASR_train_attach: 1.0000, ASR_train_outter: 0.9973
Epoch 1960, loss_inner: 1.14291, loss_target: 1.11674, homo loss: 0.00198 
acc_train_clean: 0.6605, ASR_train_attach: 1.0000, ASR_train_outter: 0.9993
Epoch 1970, loss_inner: 1.14239, loss_target: 1.11530, homo loss: 0.00192 
acc_train_clean: 0.6610, ASR_train_attach: 1.0000, ASR_train_outter: 1.0000
Epoch 1980, loss_inner: 1.14182, loss_target: 1.11719, homo loss: 0.00194 
acc_train_clean: 0.6609, ASR_train_attach: 1.0000, ASR_train_outter: 1.0000
Epoch 1990, loss_inner: 1.14148, loss_target: 1.11709, homo loss: 0.00202 
acc_train_clean: 0.6613, ASR_train_attach: 1.0000, ASR_train_outter: 0.9980
load best weight based on the loss outter
precent of left attach nodes: 1.000
Namespace(cuda=True, dataset='ogbn-arxiv', debug=True, defense_mode='prune', device_id=0, dis_weight=0.0, dropout=0.5, epochs=200, evaluate_mode='1by1', hidden=32, homo_boost_thrd=0.8, homo_loss_weight=200.0, inner=1, lr=0.01, model='GCN', no_cuda=False, prune_thr=0.8, seed=265, selection_method='cluster_degree', target_class=0, target_loss_weight=1, test_model='GCN', thrd=0.5, train_lr=0.01, trigger_size=3, trojan_epochs=2000, use_vs_number=True, vs_number=480, vs_ratio=0, weight_decay=0.0005)
target class rate on Vs: 0.9917
accuracy on clean test nodes: 0.6140
Overall ASR: 0.9450
Flip ASR: 0.9448/16875 nodes
Namespace(cuda=True, dataset='ogbn-arxiv', debug=True, defense_mode='prune', device_id=0, dis_weight=0.0, dropout=0.5, epochs=200, evaluate_mode='1by1', hidden=32, homo_boost_thrd=0.8, homo_loss_weight=200.0, inner=1, lr=0.01, model='GCN', no_cuda=False, prune_thr=0.8, seed=125, selection_method='cluster_degree', target_class=0, target_loss_weight=1, test_model='GCN', thrd=0.5, train_lr=0.01, trigger_size=3, trojan_epochs=2000, use_vs_number=True, vs_number=480, vs_ratio=0, weight_decay=0.0005)
target class rate on Vs: 0.9917
accuracy on clean test nodes: 0.6152
Overall ASR: 0.9447
Flip ASR: 0.9445/16875 nodes
Namespace(cuda=True, dataset='ogbn-arxiv', debug=True, defense_mode='prune', device_id=0, dis_weight=0.0, dropout=0.5, epochs=200, evaluate_mode='1by1', hidden=32, homo_boost_thrd=0.8, homo_loss_weight=200.0, inner=1, lr=0.01, model='GCN', no_cuda=False, prune_thr=0.8, seed=996, selection_method='cluster_degree', target_class=0, target_loss_weight=1, test_model='GCN', thrd=0.5, train_lr=0.01, trigger_size=3, trojan_epochs=2000, use_vs_number=True, vs_number=480, vs_ratio=0, weight_decay=0.0005)
target class rate on Vs: 0.9917
accuracy on clean test nodes: 0.6266
Overall ASR: 0.9467
Flip ASR: 0.9467/16875 nodes
Namespace(cuda=True, dataset='ogbn-arxiv', debug=True, defense_mode='prune', device_id=0, dis_weight=0.0, dropout=0.5, epochs=200, evaluate_mode='1by1', hidden=32, homo_boost_thrd=0.8, homo_loss_weight=200.0, inner=1, lr=0.01, model='GCN', no_cuda=False, prune_thr=0.8, seed=527, selection_method='cluster_degree', target_class=0, target_loss_weight=1, test_model='GCN', thrd=0.5, train_lr=0.01, trigger_size=3, trojan_epochs=2000, use_vs_number=True, vs_number=480, vs_ratio=0, weight_decay=0.0005)
target class rate on Vs: 0.9917
accuracy on clean test nodes: 0.6251
Overall ASR: 0.9449
Flip ASR: 0.9448/16875 nodes
Namespace(cuda=True, dataset='ogbn-arxiv', debug=True, defense_mode='prune', device_id=0, dis_weight=0.0, dropout=0.5, epochs=200, evaluate_mode='1by1', hidden=32, homo_boost_thrd=0.8, homo_loss_weight=200.0, inner=1, lr=0.01, model='GCN', no_cuda=False, prune_thr=0.8, seed=320, selection_method='cluster_degree', target_class=0, target_loss_weight=1, test_model='GCN', thrd=0.5, train_lr=0.01, trigger_size=3, trojan_epochs=2000, use_vs_number=True, vs_number=480, vs_ratio=0, weight_decay=0.0005)
target class rate on Vs: 0.9917
accuracy on clean test nodes: 0.6166
Overall ASR: 0.9435
Flip ASR: 0.9433/16875 nodes
Overall ASR: 0.9450 (GCN model, Seed: 320)
Overall Clean Accuracy: 0.6195
Namespace(cuda=True, dataset='ogbn-arxiv', debug=True, defense_mode='prune', device_id=0, dis_weight=0.0, dropout=0.5, epochs=200, evaluate_mode='1by1', hidden=32, homo_boost_thrd=0.8, homo_loss_weight=200.0, inner=1, lr=0.01, model='GCN', no_cuda=False, prune_thr=0.8, seed=781, selection_method='cluster_degree', target_class=0, target_loss_weight=1, test_model='GAT', thrd=0.5, train_lr=0.01, trigger_size=3, trojan_epochs=2000, use_vs_number=True, vs_number=480, vs_ratio=0, weight_decay=0.0005)
/home/project-graph-backdoor/Backdoor/models/GAT.py:61: UserWarning: To copy construct from a tensor, it is recommended to use sourceTensor.clone().detach() or sourceTensor.clone().detach().requires_grad_(True), rather than torch.tensor(sourceTensor).
  self.labels = torch.tensor(labels, dtype=torch.long)
target class rate on Vs: 0.9917
accuracy on clean test nodes: 0.6257
Overall ASR: 0.9546
Flip ASR: 0.9546/16875 nodes
Namespace(cuda=True, dataset='ogbn-arxiv', debug=True, defense_mode='prune', device_id=0, dis_weight=0.0, dropout=0.5, epochs=200, evaluate_mode='1by1', hidden=32, homo_boost_thrd=0.8, homo_loss_weight=200.0, inner=1, lr=0.01, model='GCN', no_cuda=False, prune_thr=0.8, seed=706, selection_method='cluster_degree', target_class=0, target_loss_weight=1, test_model='GAT', thrd=0.5, train_lr=0.01, trigger_size=3, trojan_epochs=2000, use_vs_number=True, vs_number=480, vs_ratio=0, weight_decay=0.0005)
target class rate on Vs: 0.9938
accuracy on clean test nodes: 0.6264
Overall ASR: 0.9425
Flip ASR: 0.9425/16875 nodes
Namespace(cuda=True, dataset='ogbn-arxiv', debug=True, defense_mode='prune', device_id=0, dis_weight=0.0, dropout=0.5, epochs=200, evaluate_mode='1by1', hidden=32, homo_boost_thrd=0.8, homo_loss_weight=200.0, inner=1, lr=0.01, model='GCN', no_cuda=False, prune_thr=0.8, seed=778, selection_method='cluster_degree', target_class=0, target_loss_weight=1, test_model='GAT', thrd=0.5, train_lr=0.01, trigger_size=3, trojan_epochs=2000, use_vs_number=True, vs_number=480, vs_ratio=0, weight_decay=0.0005)
target class rate on Vs: 0.9917
accuracy on clean test nodes: 0.6262
Overall ASR: 0.9547
Flip ASR: 0.9546/16875 nodes
Namespace(cuda=True, dataset='ogbn-arxiv', debug=True, defense_mode='prune', device_id=0, dis_weight=0.0, dropout=0.5, epochs=200, evaluate_mode='1by1', hidden=32, homo_boost_thrd=0.8, homo_loss_weight=200.0, inner=1, lr=0.01, model='GCN', no_cuda=False, prune_thr=0.8, seed=604, selection_method='cluster_degree', target_class=0, target_loss_weight=1, test_model='GAT', thrd=0.5, train_lr=0.01, trigger_size=3, trojan_epochs=2000, use_vs_number=True, vs_number=480, vs_ratio=0, weight_decay=0.0005)
target class rate on Vs: 0.9917
accuracy on clean test nodes: 0.6255
Overall ASR: 0.9538
Flip ASR: 0.9538/16875 nodes
Namespace(cuda=True, dataset='ogbn-arxiv', debug=True, defense_mode='prune', device_id=0, dis_weight=0.0, dropout=0.5, epochs=200, evaluate_mode='1by1', hidden=32, homo_boost_thrd=0.8, homo_loss_weight=200.0, inner=1, lr=0.01, model='GCN', no_cuda=False, prune_thr=0.8, seed=133, selection_method='cluster_degree', target_class=0, target_loss_weight=1, test_model='GAT', thrd=0.5, train_lr=0.01, trigger_size=3, trojan_epochs=2000, use_vs_number=True, vs_number=480, vs_ratio=0, weight_decay=0.0005)
target class rate on Vs: 0.9917
accuracy on clean test nodes: 0.6276
Overall ASR: 0.9548
Flip ASR: 0.9547/16875 nodes
Overall ASR: 0.9521 (GAT model, Seed: 133)
Overall Clean Accuracy: 0.6263
Namespace(cuda=True, dataset='ogbn-arxiv', debug=True, defense_mode='prune', device_id=0, dis_weight=0.0, dropout=0.5, epochs=200, evaluate_mode='1by1', hidden=32, homo_boost_thrd=0.8, homo_loss_weight=200.0, inner=1, lr=0.01, model='GCN', no_cuda=False, prune_thr=0.8, seed=673, selection_method='cluster_degree', target_class=0, target_loss_weight=1, test_model='GraphSage', thrd=0.5, train_lr=0.01, trigger_size=3, trojan_epochs=2000, use_vs_number=True, vs_number=480, vs_ratio=0, weight_decay=0.0005)
target class rate on Vs: 0.9917
accuracy on clean test nodes: 0.6216
Overall ASR: 0.9177
Flip ASR: 0.9175/16875 nodes
Namespace(cuda=True, dataset='ogbn-arxiv', debug=True, defense_mode='prune', device_id=0, dis_weight=0.0, dropout=0.5, epochs=200, evaluate_mode='1by1', hidden=32, homo_boost_thrd=0.8, homo_loss_weight=200.0, inner=1, lr=0.01, model='GCN', no_cuda=False, prune_thr=0.8, seed=904, selection_method='cluster_degree', target_class=0, target_loss_weight=1, test_model='GraphSage', thrd=0.5, train_lr=0.01, trigger_size=3, trojan_epochs=2000, use_vs_number=True, vs_number=480, vs_ratio=0, weight_decay=0.0005)
target class rate on Vs: 0.9917
accuracy on clean test nodes: 0.6258
Overall ASR: 0.9295
Flip ASR: 0.9294/16875 nodes
Namespace(cuda=True, dataset='ogbn-arxiv', debug=True, defense_mode='prune', device_id=0, dis_weight=0.0, dropout=0.5, epochs=200, evaluate_mode='1by1', hidden=32, homo_boost_thrd=0.8, homo_loss_weight=200.0, inner=1, lr=0.01, model='GCN', no_cuda=False, prune_thr=0.8, seed=56, selection_method='cluster_degree', target_class=0, target_loss_weight=1, test_model='GraphSage', thrd=0.5, train_lr=0.01, trigger_size=3, trojan_epochs=2000, use_vs_number=True, vs_number=480, vs_ratio=0, weight_decay=0.0005)
target class rate on Vs: 0.9917
accuracy on clean test nodes: 0.6314
Overall ASR: 0.9223
Flip ASR: 0.9221/16875 nodes
Namespace(cuda=True, dataset='ogbn-arxiv', debug=True, defense_mode='prune', device_id=0, dis_weight=0.0, dropout=0.5, epochs=200, evaluate_mode='1by1', hidden=32, homo_boost_thrd=0.8, homo_loss_weight=200.0, inner=1, lr=0.01, model='GCN', no_cuda=False, prune_thr=0.8, seed=1, selection_method='cluster_degree', target_class=0, target_loss_weight=1, test_model='GraphSage', thrd=0.5, train_lr=0.01, trigger_size=3, trojan_epochs=2000, use_vs_number=True, vs_number=480, vs_ratio=0, weight_decay=0.0005)
target class rate on Vs: 0.9917
accuracy on clean test nodes: 0.6369
Overall ASR: 0.9169
Flip ASR: 0.9167/16875 nodes
Namespace(cuda=True, dataset='ogbn-arxiv', debug=True, defense_mode='prune', device_id=0, dis_weight=0.0, dropout=0.5, epochs=200, evaluate_mode='1by1', hidden=32, homo_boost_thrd=0.8, homo_loss_weight=200.0, inner=1, lr=0.01, model='GCN', no_cuda=False, prune_thr=0.8, seed=694, selection_method='cluster_degree', target_class=0, target_loss_weight=1, test_model='GraphSage', thrd=0.5, train_lr=0.01, trigger_size=3, trojan_epochs=2000, use_vs_number=True, vs_number=480, vs_ratio=0, weight_decay=0.0005)
target class rate on Vs: 0.9917
accuracy on clean test nodes: 0.6290
Overall ASR: 0.9313
Flip ASR: 0.9312/16875 nodes
Overall ASR: 0.9236 (GraphSage model, Seed: 694)
Overall Clean Accuracy: 0.6289
Total Overall ASR: 0.9402 
Total Clean Accuracy: 0.6249
