nohup: ignoring input
run_adaptive.py:8: DeprecationWarning: the imp module is deprecated in favour of importlib; see the module's documentation for alternative uses
  import imp
Namespace(cuda=True, dataset='ogbn-arxiv', debug=True, defense_mode='prune', device_id=0, dis_weight=0.0, dropout=0.5, epochs=200, evaluate_mode='1by1', hidden=32, homo_boost_thrd=0.8, homo_loss_weight=200.0, inner=1, lr=0.01, model='GCN', no_cuda=False, prune_thr=0.8, seed=10, selection_method='cluster_degree', target_class=0, target_loss_weight=1, test_model='GCN', thrd=0.5, train_lr=0.01, trigger_size=3, trojan_epochs=1500, use_vs_number=True, vs_number=480, vs_ratio=0, weight_decay=0.0005)
#Attach Nodes:480
./selected_nodes/ogbn-arxiv/Overall/seed10/nodes.txt
idx_attach: tensor([132437, 159342, 115859,  11103, 127522,  67544,  82569, 161886,  62976,
         13773,  68963, 144203,  19681,    750, 156733,  86828,  18909,  82685,
         81700, 164714, 103734,  65352,  47692,  14294, 153213,  78523,   1385,
         50714, 156839, 144199,  88403,  58221,  56228,  88511,  12909, 156645,
         93340, 136107,  80139,    622,   1438,   7666, 133129, 127534, 106596,
        102712,   4269,  55140, 125068, 152827, 135150,  23527,   3609,   6462,
        121168, 152542,   6165, 126338,  90948,  77520,  47397, 106658,  68636,
        109074,  69509, 138501,  13873,  20117,  83448,   3102, 143264,  91042,
         54237,  58770, 165138, 126351,  55671,  99141,  13704, 136218,  16458,
         43368, 146276,  31105, 112018,  77110, 104399,  46245, 147007,   5821,
         19313,  91731,  20583, 142204,  80573,   7668,  83587, 128743, 143180,
         91852,  75911,  65787, 153365, 126297,  39114, 104240,  77327,   4583,
           512,  48952,  28134,  38432,  10832,  61628, 127678, 138417, 147495,
         98345,  93057,  33697, 138811, 124659, 133488,  71285,  47676,   1298,
        167767,  47649, 124811,  39955,  70652, 138116,  94425, 163083,  21820,
        133451,  73518, 132097,  23608,  13837, 125639,  40347, 163907,   5087,
          6422, 119164, 165901,   5059,  83768,  27180, 100388,  35462, 116799,
          3703,   5670,  48904,  68159, 113552, 160597,  96989, 127472, 136647,
        148726, 125053, 138149, 138315, 141422,  76351,  76598,  59904, 148285,
         70903, 165759,  39375, 136221, 140976,  63383,  42932,  75075,  71850,
         73993,  30102,  65808,  62714,  45851,  95186,  36002,  74863,  64652,
        161830, 145444, 126027,  60679,  73713,  93896, 146527, 169172, 114189,
         95782,  93842, 148869, 112848,  68654,   4485, 168944, 140981,  72175,
         45679,  20436,   7628, 115596, 130154, 135469,  14337,  63022,  17599,
        122842, 103833,  45706,  81303,  13852,  81871, 114723, 142817,  28988,
         48225,  21674,  34318, 111176, 158279, 146881,  34991,  76669,  13346,
         17731, 138128, 136891, 117554,  40123,  52955, 103517, 141078,  75105,
         82512, 168762, 139593, 118896,  12297, 138395,  64922,  55710,  22340,
         76111,  93384, 111925,   5010,  13015, 116348, 150061, 130103, 141021,
         64826, 144901, 106175,  92109,  89940,  71933, 144027,  36882,  41628,
         55044,  12828,  41681,  14340,  23638, 144925,  62265,  35737, 155976,
        161925,  63089, 135644, 164665,   9848, 124525,  66260,  78580,  66041,
          4226, 128942,  52300,  86426, 146623,  42022,  64582,  63272, 144613,
         12980,  93063, 146301, 166120, 109587, 144883,  58222, 119761, 126871,
        112989,  47264,  44224,  76605, 125250,  85029, 139694, 119661,  82517,
         10258,   5687,  86843,  93827,  30524, 146837, 142859,   3796, 104188,
         59645, 150266,  63460, 152939, 132153,  87353, 155538,  28127,  86437,
           591,  14225, 111064,  72841,  91588, 121367, 129042,  82694, 139395,
        116755,  46308,  15022,  85320,  72395, 143355, 128020,  15828, 143322,
         55075,  51976,  81577,  12925,  52480,  77357, 123824, 117210, 101747,
         38371,  89521, 120166,  15685,  29096,  24361,   9035, 130319,   6402,
         54168, 138793,  78393,  97894,  85421, 150077, 147429,  30273,  47541,
        101610, 157814,  45601, 169188, 146774,  52883,  71248, 152946,  56090,
         48566,  94860,  87246, 155373,  48973, 147804,  56436,  69861, 158491,
        124225, 157846,  36579,  12832, 105166,  49721, 128954, 148078,  56062,
        130915,  28744, 155979,  93417,  88471,  39751,  44343,  12516,  53050,
         23226,  28658,  22922, 139240, 113205,  27673,  41397,  99820,  40770,
         52043, 140123,   8016, 110285,   9523, 141587,  42198,  41116,  56625,
         49108, 145426, 143510,  78940,  39641, 103830,  28317, 137361, 113738,
         95930,  43828,  59183,  10174, 100999,  73621,  70772, 168782,    316,
         63065,   1216, 150717, 142054,  43635,  42956, 104683, 153366,  55743,
        159972,  50428,  97269,  99636,  86383, 167276,  30354, 109791, 108465,
         33452, 167353, 132780, 148658, 140035,  90596,  92925, 148665, 127724,
         12927,  19694, 108961], device='cuda:0')
tensor([     1,      2,      3,  ..., 169334, 169336, 169338], device='cuda:0')
Epoch 0, loss_inner: 3.74859, loss_target: 3.62873, homo loss: 0.80466 
acc_train_clean: 0.0089, ASR_train_attach: 0.0000, ASR_train_outter: 0.0000
Epoch 10, loss_inner: 3.04287, loss_target: 3.08286, homo loss: 0.00507 
acc_train_clean: 0.2746, ASR_train_attach: 0.0000, ASR_train_outter: 0.0000
Epoch 20, loss_inner: 2.78337, loss_target: 2.75861, homo loss: 0.00077 
acc_train_clean: 0.2875, ASR_train_attach: 0.0000, ASR_train_outter: 0.0000
Epoch 30, loss_inner: 2.47575, loss_target: 2.42913, homo loss: 0.00053 
acc_train_clean: 0.3564, ASR_train_attach: 0.1625, ASR_train_outter: 0.4123
Epoch 40, loss_inner: 2.16079, loss_target: 2.11036, homo loss: 0.00038 
acc_train_clean: 0.4408, ASR_train_attach: 0.9354, ASR_train_outter: 0.9073
Epoch 50, loss_inner: 1.90705, loss_target: 1.86289, homo loss: 0.00050 
acc_train_clean: 0.5048, ASR_train_attach: 0.9854, ASR_train_outter: 0.9657
Epoch 60, loss_inner: 1.72254, loss_target: 1.68802, homo loss: 0.00042 
acc_train_clean: 0.5371, ASR_train_attach: 0.9583, ASR_train_outter: 0.9506
Epoch 70, loss_inner: 1.59315, loss_target: 1.56364, homo loss: 0.00036 
acc_train_clean: 0.5639, ASR_train_attach: 0.9854, ASR_train_outter: 0.9698
Epoch 80, loss_inner: 1.49264, loss_target: 1.46590, homo loss: 0.00028 
acc_train_clean: 0.5879, ASR_train_attach: 0.9917, ASR_train_outter: 0.9798
Epoch 90, loss_inner: 1.41736, loss_target: 1.39419, homo loss: 0.00018 
acc_train_clean: 0.6039, ASR_train_attach: 0.9896, ASR_train_outter: 0.9778
Epoch 100, loss_inner: 1.36419, loss_target: 1.34361, homo loss: 0.00010 
acc_train_clean: 0.6139, ASR_train_attach: 0.9979, ASR_train_outter: 0.9839
Epoch 110, loss_inner: 1.32556, loss_target: 1.30629, homo loss: 0.00005 
acc_train_clean: 0.6212, ASR_train_attach: 0.9979, ASR_train_outter: 0.9879
Epoch 120, loss_inner: 1.29658, loss_target: 1.27812, homo loss: 0.00001 
acc_train_clean: 0.6270, ASR_train_attach: 0.9979, ASR_train_outter: 0.9879
Epoch 130, loss_inner: 1.27457, loss_target: 1.25676, homo loss: 0.00002 
acc_train_clean: 0.6309, ASR_train_attach: 0.9979, ASR_train_outter: 0.9889
Epoch 140, loss_inner: 1.25730, loss_target: 1.24019, homo loss: 0.00003 
acc_train_clean: 0.6345, ASR_train_attach: 1.0000, ASR_train_outter: 0.9889
Epoch 150, loss_inner: 1.24380, loss_target: 1.22703, homo loss: 0.00002 
acc_train_clean: 0.6385, ASR_train_attach: 0.9979, ASR_train_outter: 0.9859
Epoch 160, loss_inner: 1.23198, loss_target: 1.21515, homo loss: 0.00001 
acc_train_clean: 0.6408, ASR_train_attach: 1.0000, ASR_train_outter: 0.9909
Epoch 170, loss_inner: 1.22249, loss_target: 1.20658, homo loss: 0.00009 
acc_train_clean: 0.6430, ASR_train_attach: 0.9896, ASR_train_outter: 0.9819
Epoch 180, loss_inner: 1.21338, loss_target: 1.19697, homo loss: 0.00001 
acc_train_clean: 0.6457, ASR_train_attach: 1.0000, ASR_train_outter: 0.9929
Epoch 190, loss_inner: 1.20321, loss_target: 1.18670, homo loss: 0.00000 
acc_train_clean: 0.6483, ASR_train_attach: 1.0000, ASR_train_outter: 0.9940
Epoch 200, loss_inner: 1.19143, loss_target: 1.17416, homo loss: 0.00000 
acc_train_clean: 0.6508, ASR_train_attach: 1.0000, ASR_train_outter: 0.9940
Epoch 210, loss_inner: 1.18075, loss_target: 1.16429, homo loss: 0.00000 
acc_train_clean: 0.6528, ASR_train_attach: 1.0000, ASR_train_outter: 0.9940
Epoch 220, loss_inner: 1.17310, loss_target: 1.15694, homo loss: 0.00000 
acc_train_clean: 0.6545, ASR_train_attach: 1.0000, ASR_train_outter: 0.9940
Epoch 230, loss_inner: 1.16769, loss_target: 1.15215, homo loss: 0.00000 
acc_train_clean: 0.6548, ASR_train_attach: 1.0000, ASR_train_outter: 0.9929
Epoch 240, loss_inner: 1.16332, loss_target: 1.14794, homo loss: 0.00000 
acc_train_clean: 0.6567, ASR_train_attach: 1.0000, ASR_train_outter: 0.9929
Epoch 250, loss_inner: 1.15940, loss_target: 1.14383, homo loss: 0.00001 
acc_train_clean: 0.6573, ASR_train_attach: 1.0000, ASR_train_outter: 0.9950
Epoch 260, loss_inner: 1.15599, loss_target: 1.13980, homo loss: 0.00000 
acc_train_clean: 0.6579, ASR_train_attach: 1.0000, ASR_train_outter: 0.9950
Epoch 270, loss_inner: 1.15171, loss_target: 1.13596, homo loss: 0.00001 
acc_train_clean: 0.6593, ASR_train_attach: 1.0000, ASR_train_outter: 0.9950
Epoch 280, loss_inner: 1.14582, loss_target: 1.12961, homo loss: 0.00000 
acc_train_clean: 0.6609, ASR_train_attach: 1.0000, ASR_train_outter: 0.9950
Epoch 290, loss_inner: 1.13995, loss_target: 1.12439, homo loss: 0.00000 
acc_train_clean: 0.6629, ASR_train_attach: 1.0000, ASR_train_outter: 0.9950
Epoch 300, loss_inner: 1.13515, loss_target: 1.12018, homo loss: 0.00018 
acc_train_clean: 0.6643, ASR_train_attach: 1.0000, ASR_train_outter: 0.9950
Epoch 310, loss_inner: 1.19829, loss_target: 1.16609, homo loss: 0.00032 
acc_train_clean: 0.6423, ASR_train_attach: 0.9938, ASR_train_outter: 0.9496
Epoch 320, loss_inner: 1.16820, loss_target: 1.21018, homo loss: 0.00209 
acc_train_clean: 0.6600, ASR_train_attach: 0.9688, ASR_train_outter: 0.9698
Epoch 330, loss_inner: 1.15086, loss_target: 1.14713, homo loss: 0.00117 
acc_train_clean: 0.6607, ASR_train_attach: 0.9917, ASR_train_outter: 0.9960
Epoch 340, loss_inner: 1.13654, loss_target: 1.12949, homo loss: 0.00076 
acc_train_clean: 0.6640, ASR_train_attach: 0.9979, ASR_train_outter: 0.9940
Epoch 350, loss_inner: 1.12982, loss_target: 1.12793, homo loss: 0.00058 
acc_train_clean: 0.6675, ASR_train_attach: 0.9979, ASR_train_outter: 0.9940
Epoch 360, loss_inner: 1.12634, loss_target: 1.12160, homo loss: 0.00051 
acc_train_clean: 0.6690, ASR_train_attach: 1.0000, ASR_train_outter: 0.9980
Epoch 370, loss_inner: 1.12393, loss_target: 1.11702, homo loss: 0.00048 
acc_train_clean: 0.6690, ASR_train_attach: 1.0000, ASR_train_outter: 0.9970
Epoch 380, loss_inner: 1.12199, loss_target: 1.11452, homo loss: 0.00046 
acc_train_clean: 0.6690, ASR_train_attach: 1.0000, ASR_train_outter: 0.9960
Epoch 390, loss_inner: 1.12036, loss_target: 1.11282, homo loss: 0.00045 
acc_train_clean: 0.6693, ASR_train_attach: 1.0000, ASR_train_outter: 0.9960
Epoch 400, loss_inner: 1.11889, loss_target: 1.11146, homo loss: 0.00045 
acc_train_clean: 0.6698, ASR_train_attach: 1.0000, ASR_train_outter: 0.9960
Epoch 410, loss_inner: 1.11747, loss_target: 1.10994, homo loss: 0.00045 
acc_train_clean: 0.6700, ASR_train_attach: 1.0000, ASR_train_outter: 0.9960
Epoch 420, loss_inner: 1.11619, loss_target: 1.10858, homo loss: 0.00046 
acc_train_clean: 0.6708, ASR_train_attach: 1.0000, ASR_train_outter: 0.9960
Epoch 430, loss_inner: 1.11497, loss_target: 1.10743, homo loss: 0.00046 
acc_train_clean: 0.6709, ASR_train_attach: 1.0000, ASR_train_outter: 0.9960
Epoch 440, loss_inner: 1.11385, loss_target: 1.10634, homo loss: 0.00046 
acc_train_clean: 0.6713, ASR_train_attach: 1.0000, ASR_train_outter: 0.9960
Epoch 450, loss_inner: 1.11279, loss_target: 1.10523, homo loss: 0.00047 
acc_train_clean: 0.6717, ASR_train_attach: 1.0000, ASR_train_outter: 0.9960
Epoch 460, loss_inner: 1.11179, loss_target: 1.10424, homo loss: 0.00047 
acc_train_clean: 0.6722, ASR_train_attach: 1.0000, ASR_train_outter: 0.9980
Epoch 470, loss_inner: 1.11084, loss_target: 1.10329, homo loss: 0.00048 
acc_train_clean: 0.6724, ASR_train_attach: 1.0000, ASR_train_outter: 0.9980
Epoch 480, loss_inner: 1.10993, loss_target: 1.10238, homo loss: 0.00048 
acc_train_clean: 0.6725, ASR_train_attach: 1.0000, ASR_train_outter: 0.9980
Epoch 490, loss_inner: 1.10905, loss_target: 1.10153, homo loss: 0.00048 
acc_train_clean: 0.6728, ASR_train_attach: 1.0000, ASR_train_outter: 0.9990
Epoch 500, loss_inner: 1.10820, loss_target: 1.10072, homo loss: 0.00049 
acc_train_clean: 0.6731, ASR_train_attach: 1.0000, ASR_train_outter: 0.9990
Epoch 510, loss_inner: 1.10737, loss_target: 1.09992, homo loss: 0.00049 
acc_train_clean: 0.6732, ASR_train_attach: 1.0000, ASR_train_outter: 0.9990
Epoch 520, loss_inner: 1.10656, loss_target: 1.09917, homo loss: 0.00050 
acc_train_clean: 0.6736, ASR_train_attach: 1.0000, ASR_train_outter: 0.9990
Epoch 530, loss_inner: 1.10576, loss_target: 1.09847, homo loss: 0.00050 
acc_train_clean: 0.6738, ASR_train_attach: 1.0000, ASR_train_outter: 0.9990
Epoch 540, loss_inner: 1.10497, loss_target: 1.09779, homo loss: 0.00050 
acc_train_clean: 0.6742, ASR_train_attach: 1.0000, ASR_train_outter: 0.9990
Epoch 550, loss_inner: 1.10420, loss_target: 1.09715, homo loss: 0.00051 
acc_train_clean: 0.6744, ASR_train_attach: 1.0000, ASR_train_outter: 0.9990
Epoch 560, loss_inner: 1.10345, loss_target: 1.09662, homo loss: 0.00051 
acc_train_clean: 0.6747, ASR_train_attach: 1.0000, ASR_train_outter: 0.9990
Epoch 570, loss_inner: 1.10272, loss_target: 1.09607, homo loss: 0.00051 
acc_train_clean: 0.6748, ASR_train_attach: 1.0000, ASR_train_outter: 0.9990
Epoch 580, loss_inner: 1.10201, loss_target: 1.09556, homo loss: 0.00051 
acc_train_clean: 0.6750, ASR_train_attach: 1.0000, ASR_train_outter: 0.9990
Epoch 590, loss_inner: 1.10132, loss_target: 1.09508, homo loss: 0.00052 
acc_train_clean: 0.6750, ASR_train_attach: 1.0000, ASR_train_outter: 0.9990
Epoch 600, loss_inner: 1.10065, loss_target: 1.09465, homo loss: 0.00052 
acc_train_clean: 0.6749, ASR_train_attach: 1.0000, ASR_train_outter: 0.9990
Epoch 610, loss_inner: 1.10016, loss_target: 1.09466, homo loss: 0.00052 
acc_train_clean: 0.6746, ASR_train_attach: 1.0000, ASR_train_outter: 0.9990
Epoch 620, loss_inner: 1.09946, loss_target: 1.09392, homo loss: 0.00053 
acc_train_clean: 0.6748, ASR_train_attach: 1.0000, ASR_train_outter: 1.0000
Epoch 630, loss_inner: 1.09895, loss_target: 1.09400, homo loss: 0.00053 
acc_train_clean: 0.6758, ASR_train_attach: 1.0000, ASR_train_outter: 1.0000
Epoch 640, loss_inner: 1.09839, loss_target: 1.09353, homo loss: 0.00053 
acc_train_clean: 0.6755, ASR_train_attach: 1.0000, ASR_train_outter: 1.0000
Epoch 650, loss_inner: 1.09880, loss_target: 1.09612, homo loss: 0.00054 
acc_train_clean: 0.6748, ASR_train_attach: 1.0000, ASR_train_outter: 1.0000
Epoch 660, loss_inner: 1.09776, loss_target: 1.09548, homo loss: 0.00054 
acc_train_clean: 0.6756, ASR_train_attach: 1.0000, ASR_train_outter: 1.0000
Epoch 670, loss_inner: 1.10388, loss_target: 1.10935, homo loss: 0.00054 
acc_train_clean: 0.6737, ASR_train_attach: 1.0000, ASR_train_outter: 1.0000
Epoch 680, loss_inner: 1.13290, loss_target: 1.15412, homo loss: 0.00057 
acc_train_clean: 0.6699, ASR_train_attach: 1.0000, ASR_train_outter: 1.0000
Epoch 690, loss_inner: 1.21171, loss_target: 1.35965, homo loss: 0.00070 
acc_train_clean: 0.6514, ASR_train_attach: 1.0000, ASR_train_outter: 1.0000
Epoch 700, loss_inner: 1.83953, loss_target: 2.83424, homo loss: 0.00105 
acc_train_clean: 0.6174, ASR_train_attach: 1.0000, ASR_train_outter: 0.6764
Epoch 710, loss_inner: 1.63692, loss_target: 2.29767, homo loss: 0.00200 
acc_train_clean: 0.6238, ASR_train_attach: 1.0000, ASR_train_outter: 1.0000
Epoch 720, loss_inner: 1.46932, loss_target: 2.07467, homo loss: 0.00189 
acc_train_clean: 0.6095, ASR_train_attach: 1.0000, ASR_train_outter: 1.0000
Epoch 730, loss_inner: 2.13357, loss_target: 3.20742, homo loss: 0.01872 
acc_train_clean: 0.5575, ASR_train_attach: 1.0000, ASR_train_outter: 1.0000
Epoch 740, loss_inner: 1.52268, loss_target: 2.86905, homo loss: 0.01406 
acc_train_clean: 0.5965, ASR_train_attach: 1.0000, ASR_train_outter: 1.0000
Epoch 750, loss_inner: 1.95207, loss_target: 2.46620, homo loss: 0.01651 
acc_train_clean: 0.5573, ASR_train_attach: 1.0000, ASR_train_outter: 1.0000
Epoch 760, loss_inner: 2.34341, loss_target: 12.04359, homo loss: 0.06369 
acc_train_clean: 0.5101, ASR_train_attach: 1.0000, ASR_train_outter: 0.0000
Epoch 770, loss_inner: 5.11919, loss_target: 9.50543, homo loss: 0.15096 
acc_train_clean: 0.5054, ASR_train_attach: 1.0000, ASR_train_outter: 1.0000
Epoch 780, loss_inner: 2.43854, loss_target: 5.79199, homo loss: 0.11531 
acc_train_clean: 0.5226, ASR_train_attach: 1.0000, ASR_train_outter: 1.0000
Epoch 790, loss_inner: 2.76414, loss_target: 15.80244, homo loss: 0.10835 
acc_train_clean: 0.5466, ASR_train_attach: 1.0000, ASR_train_outter: 0.0000
Epoch 800, loss_inner: 10.69211, loss_target: 26.14615, homo loss: 0.19923 
acc_train_clean: 0.5134, ASR_train_attach: 1.0000, ASR_train_outter: 1.0000
Epoch 810, loss_inner: 6.90683, loss_target: 16.63551, homo loss: 0.19925 
acc_train_clean: 0.5277, ASR_train_attach: 1.0000, ASR_train_outter: 1.0000
Epoch 820, loss_inner: 2.20677, loss_target: 6.17823, homo loss: 0.18762 
acc_train_clean: 0.5553, ASR_train_attach: 1.0000, ASR_train_outter: 1.0000
Epoch 830, loss_inner: 1.92076, loss_target: 4.68660, homo loss: 0.15561 
acc_train_clean: 0.5609, ASR_train_attach: 1.0000, ASR_train_outter: 1.0000
Epoch 840, loss_inner: 1.59760, loss_target: 3.38648, homo loss: 0.14261 
acc_train_clean: 0.5787, ASR_train_attach: 1.0000, ASR_train_outter: 1.0000
Epoch 850, loss_inner: 1.48545, loss_target: 2.96839, homo loss: 0.13041 
acc_train_clean: 0.5935, ASR_train_attach: 1.0000, ASR_train_outter: 1.0000
Epoch 860, loss_inner: 1.45470, loss_target: 2.92967, homo loss: 0.11695 
acc_train_clean: 0.6006, ASR_train_attach: 1.0000, ASR_train_outter: 1.0000
Epoch 870, loss_inner: 1.42459, loss_target: 2.87402, homo loss: 0.11004 
acc_train_clean: 0.6056, ASR_train_attach: 1.0000, ASR_train_outter: 1.0000
Epoch 880, loss_inner: 1.39970, loss_target: 2.49456, homo loss: 0.10262 
acc_train_clean: 0.6061, ASR_train_attach: 1.0000, ASR_train_outter: 1.0000
Epoch 890, loss_inner: 1.41999, loss_target: 2.64692, homo loss: 0.09661 
acc_train_clean: 0.6040, ASR_train_attach: 1.0000, ASR_train_outter: 1.0000
Epoch 900, loss_inner: 1.36955, loss_target: 2.46066, homo loss: 0.09088 
acc_train_clean: 0.6150, ASR_train_attach: 1.0000, ASR_train_outter: 1.0000
Epoch 910, loss_inner: 1.35431, loss_target: 2.16792, homo loss: 0.08141 
acc_train_clean: 0.6184, ASR_train_attach: 1.0000, ASR_train_outter: 1.0000
Epoch 920, loss_inner: 1.35269, loss_target: 1.99740, homo loss: 0.06713 
acc_train_clean: 0.6175, ASR_train_attach: 1.0000, ASR_train_outter: 1.0000
Epoch 930, loss_inner: 1.31836, loss_target: 1.29977, homo loss: 0.05903 
acc_train_clean: 0.6225, ASR_train_attach: 1.0000, ASR_train_outter: 1.0000
Epoch 940, loss_inner: 1.30912, loss_target: 1.28958, homo loss: 0.05328 
acc_train_clean: 0.6242, ASR_train_attach: 1.0000, ASR_train_outter: 1.0000
Epoch 950, loss_inner: 1.29328, loss_target: 1.28706, homo loss: 0.04720 
acc_train_clean: 0.6280, ASR_train_attach: 1.0000, ASR_train_outter: 1.0000
Epoch 960, loss_inner: 1.28057, loss_target: 1.30910, homo loss: 0.04189 
acc_train_clean: 0.6308, ASR_train_attach: 1.0000, ASR_train_outter: 1.0000
Epoch 970, loss_inner: 1.27292, loss_target: 1.27867, homo loss: 0.03767 
acc_train_clean: 0.6331, ASR_train_attach: 1.0000, ASR_train_outter: 1.0000
Epoch 980, loss_inner: 1.26652, loss_target: 1.27734, homo loss: 0.03411 
acc_train_clean: 0.6341, ASR_train_attach: 1.0000, ASR_train_outter: 1.0000
Epoch 990, loss_inner: 1.26066, loss_target: 1.24843, homo loss: 0.03062 
acc_train_clean: 0.6356, ASR_train_attach: 1.0000, ASR_train_outter: 1.0000
Epoch 1000, loss_inner: 1.25533, loss_target: 1.24061, homo loss: 0.02694 
acc_train_clean: 0.6374, ASR_train_attach: 1.0000, ASR_train_outter: 1.0000
Epoch 1010, loss_inner: 1.25119, loss_target: 1.23539, homo loss: 0.02315 
acc_train_clean: 0.6369, ASR_train_attach: 1.0000, ASR_train_outter: 1.0000
Epoch 1020, loss_inner: 1.24528, loss_target: 1.22855, homo loss: 0.01972 
acc_train_clean: 0.6391, ASR_train_attach: 1.0000, ASR_train_outter: 1.0000
Epoch 1030, loss_inner: 1.24089, loss_target: 1.22470, homo loss: 0.01672 
acc_train_clean: 0.6408, ASR_train_attach: 1.0000, ASR_train_outter: 1.0000
Epoch 1040, loss_inner: 1.23752, loss_target: 1.22205, homo loss: 0.01452 
acc_train_clean: 0.6420, ASR_train_attach: 1.0000, ASR_train_outter: 1.0000
Epoch 1050, loss_inner: 1.23380, loss_target: 1.21712, homo loss: 0.01271 
acc_train_clean: 0.6429, ASR_train_attach: 1.0000, ASR_train_outter: 1.0000
Epoch 1060, loss_inner: 1.23029, loss_target: 1.22873, homo loss: 0.01131 
acc_train_clean: 0.6440, ASR_train_attach: 1.0000, ASR_train_outter: 1.0000
Epoch 1070, loss_inner: 1.22681, loss_target: 1.22843, homo loss: 0.01026 
acc_train_clean: 0.6446, ASR_train_attach: 1.0000, ASR_train_outter: 1.0000
Epoch 1080, loss_inner: 1.22344, loss_target: 1.22766, homo loss: 0.00963 
acc_train_clean: 0.6441, ASR_train_attach: 1.0000, ASR_train_outter: 1.0000
Epoch 1090, loss_inner: 1.22109, loss_target: 1.22088, homo loss: 0.00926 
acc_train_clean: 0.6442, ASR_train_attach: 1.0000, ASR_train_outter: 1.0000
Epoch 1100, loss_inner: 1.21891, loss_target: 1.21484, homo loss: 0.00898 
acc_train_clean: 0.6448, ASR_train_attach: 1.0000, ASR_train_outter: 1.0000
Epoch 1110, loss_inner: 1.21813, loss_target: 1.20727, homo loss: 0.00860 
acc_train_clean: 0.6451, ASR_train_attach: 1.0000, ASR_train_outter: 1.0000
Epoch 1120, loss_inner: 1.21511, loss_target: 1.19921, homo loss: 0.00815 
acc_train_clean: 0.6460, ASR_train_attach: 1.0000, ASR_train_outter: 1.0000
Epoch 1130, loss_inner: 1.21301, loss_target: 1.19621, homo loss: 0.00707 
acc_train_clean: 0.6474, ASR_train_attach: 1.0000, ASR_train_outter: 1.0000
Epoch 1140, loss_inner: 1.21033, loss_target: 1.19598, homo loss: 0.00617 
acc_train_clean: 0.6483, ASR_train_attach: 1.0000, ASR_train_outter: 1.0000
Epoch 1150, loss_inner: 1.21117, loss_target: 1.19620, homo loss: 0.00553 
acc_train_clean: 0.6468, ASR_train_attach: 1.0000, ASR_train_outter: 1.0000
Epoch 1160, loss_inner: 1.20864, loss_target: 1.19215, homo loss: 0.00518 
acc_train_clean: 0.6483, ASR_train_attach: 1.0000, ASR_train_outter: 1.0000
Epoch 1170, loss_inner: 1.20704, loss_target: 1.19297, homo loss: 0.00474 
acc_train_clean: 0.6498, ASR_train_attach: 1.0000, ASR_train_outter: 1.0000
Epoch 1180, loss_inner: 1.20419, loss_target: 1.18905, homo loss: 0.00437 
acc_train_clean: 0.6490, ASR_train_attach: 1.0000, ASR_train_outter: 1.0000
Epoch 1190, loss_inner: 1.20165, loss_target: 1.19690, homo loss: 0.00416 
acc_train_clean: 0.6498, ASR_train_attach: 1.0000, ASR_train_outter: 1.0000
Epoch 1200, loss_inner: 1.19947, loss_target: 1.20141, homo loss: 0.00418 
acc_train_clean: 0.6505, ASR_train_attach: 1.0000, ASR_train_outter: 1.0000
Epoch 1210, loss_inner: 1.19854, loss_target: 1.20185, homo loss: 0.00424 
acc_train_clean: 0.6500, ASR_train_attach: 1.0000, ASR_train_outter: 1.0000
Epoch 1220, loss_inner: 1.19828, loss_target: 1.18474, homo loss: 0.00441 
acc_train_clean: 0.6496, ASR_train_attach: 1.0000, ASR_train_outter: 1.0000
Epoch 1230, loss_inner: 1.20026, loss_target: 1.19948, homo loss: 0.00448 
acc_train_clean: 0.6508, ASR_train_attach: 1.0000, ASR_train_outter: 1.0000
Epoch 1240, loss_inner: 1.19646, loss_target: 1.18212, homo loss: 0.00417 
acc_train_clean: 0.6497, ASR_train_attach: 1.0000, ASR_train_outter: 1.0000
Epoch 1250, loss_inner: 1.19538, loss_target: 1.17877, homo loss: 0.00367 
acc_train_clean: 0.6512, ASR_train_attach: 1.0000, ASR_train_outter: 1.0000
Epoch 1260, loss_inner: 1.19273, loss_target: 1.17726, homo loss: 0.00368 
acc_train_clean: 0.6516, ASR_train_attach: 1.0000, ASR_train_outter: 1.0000
Epoch 1270, loss_inner: 1.19118, loss_target: 1.18417, homo loss: 0.00339 
acc_train_clean: 0.6527, ASR_train_attach: 1.0000, ASR_train_outter: 1.0000
Epoch 1280, loss_inner: 1.19014, loss_target: 1.17735, homo loss: 0.00313 
acc_train_clean: 0.6520, ASR_train_attach: 1.0000, ASR_train_outter: 1.0000
Epoch 1290, loss_inner: 1.19151, loss_target: 1.17888, homo loss: 0.00301 
acc_train_clean: 0.6514, ASR_train_attach: 1.0000, ASR_train_outter: 1.0000
Epoch 1300, loss_inner: 1.18831, loss_target: 1.17459, homo loss: 0.00295 
acc_train_clean: 0.6528, ASR_train_attach: 1.0000, ASR_train_outter: 1.0000
Epoch 1310, loss_inner: 1.18642, loss_target: 1.18046, homo loss: 0.00301 
acc_train_clean: 0.6532, ASR_train_attach: 1.0000, ASR_train_outter: 1.0000
Epoch 1320, loss_inner: 1.18581, loss_target: 1.18618, homo loss: 0.00309 
acc_train_clean: 0.6524, ASR_train_attach: 1.0000, ASR_train_outter: 1.0000
Epoch 1330, loss_inner: 1.18795, loss_target: 1.17106, homo loss: 0.00339 
acc_train_clean: 0.6533, ASR_train_attach: 1.0000, ASR_train_outter: 1.0000
Epoch 1340, loss_inner: 1.18549, loss_target: 1.17087, homo loss: 0.00341 
acc_train_clean: 0.6528, ASR_train_attach: 1.0000, ASR_train_outter: 1.0000
Epoch 1350, loss_inner: 1.18514, loss_target: 1.16837, homo loss: 0.00321 
acc_train_clean: 0.6530, ASR_train_attach: 1.0000, ASR_train_outter: 1.0000
Epoch 1360, loss_inner: 1.18161, loss_target: 1.16819, homo loss: 0.00318 
acc_train_clean: 0.6541, ASR_train_attach: 1.0000, ASR_train_outter: 1.0000
Epoch 1370, loss_inner: 1.17968, loss_target: 1.16380, homo loss: 0.00281 
acc_train_clean: 0.6544, ASR_train_attach: 1.0000, ASR_train_outter: 1.0000
Epoch 1380, loss_inner: 1.17819, loss_target: 1.16228, homo loss: 0.00270 
acc_train_clean: 0.6546, ASR_train_attach: 1.0000, ASR_train_outter: 1.0000
Epoch 1390, loss_inner: 1.17718, loss_target: 1.16100, homo loss: 0.00262 
acc_train_clean: 0.6547, ASR_train_attach: 1.0000, ASR_train_outter: 1.0000
Epoch 1400, loss_inner: 1.17631, loss_target: 1.16132, homo loss: 0.00234 
acc_train_clean: 0.6550, ASR_train_attach: 1.0000, ASR_train_outter: 1.0000
Epoch 1410, loss_inner: 1.17567, loss_target: 1.16105, homo loss: 0.00221 
acc_train_clean: 0.6552, ASR_train_attach: 1.0000, ASR_train_outter: 1.0000
Epoch 1420, loss_inner: 1.17440, loss_target: 1.16800, homo loss: 0.00225 
acc_train_clean: 0.6557, ASR_train_attach: 1.0000, ASR_train_outter: 1.0000
Epoch 1430, loss_inner: 1.17436, loss_target: 1.16390, homo loss: 0.00237 
acc_train_clean: 0.6551, ASR_train_attach: 1.0000, ASR_train_outter: 1.0000
Epoch 1440, loss_inner: 1.17361, loss_target: 1.15880, homo loss: 0.00236 
acc_train_clean: 0.6550, ASR_train_attach: 1.0000, ASR_train_outter: 1.0000
Epoch 1450, loss_inner: 1.17206, loss_target: 1.15653, homo loss: 0.00231 
acc_train_clean: 0.6554, ASR_train_attach: 1.0000, ASR_train_outter: 1.0000
Epoch 1460, loss_inner: 1.17148, loss_target: 1.15866, homo loss: 0.00229 
acc_train_clean: 0.6557, ASR_train_attach: 1.0000, ASR_train_outter: 1.0000
Epoch 1470, loss_inner: 1.17130, loss_target: 1.15614, homo loss: 0.00239 
acc_train_clean: 0.6552, ASR_train_attach: 1.0000, ASR_train_outter: 1.0000
Epoch 1480, loss_inner: 1.16927, loss_target: 1.15590, homo loss: 0.00236 
acc_train_clean: 0.6564, ASR_train_attach: 1.0000, ASR_train_outter: 1.0000
Epoch 1490, loss_inner: 1.16816, loss_target: 1.15514, homo loss: 0.00236 
acc_train_clean: 0.6569, ASR_train_attach: 1.0000, ASR_train_outter: 1.0000
load best weight based on the loss outter
precent of left attach nodes: 1.000
Namespace(cuda=True, dataset='ogbn-arxiv', debug=True, defense_mode='prune', device_id=0, dis_weight=0.0, dropout=0.5, epochs=200, evaluate_mode='1by1', hidden=32, homo_boost_thrd=0.8, homo_loss_weight=200.0, inner=1, lr=0.01, model='GCN', no_cuda=False, prune_thr=0.8, seed=265, selection_method='cluster_degree', target_class=0, target_loss_weight=1, test_model='GCN', thrd=0.5, train_lr=0.01, trigger_size=3, trojan_epochs=1500, use_vs_number=True, vs_number=480, vs_ratio=0, weight_decay=0.0005)
target class rate on Vs: 0.9813
accuracy on clean test nodes: 0.6211
Overall ASR: 0.9153
Flip ASR: 0.9150/16875 nodes
Namespace(cuda=True, dataset='ogbn-arxiv', debug=True, defense_mode='prune', device_id=0, dis_weight=0.0, dropout=0.5, epochs=200, evaluate_mode='1by1', hidden=32, homo_boost_thrd=0.8, homo_loss_weight=200.0, inner=1, lr=0.01, model='GCN', no_cuda=False, prune_thr=0.8, seed=125, selection_method='cluster_degree', target_class=0, target_loss_weight=1, test_model='GCN', thrd=0.5, train_lr=0.01, trigger_size=3, trojan_epochs=1500, use_vs_number=True, vs_number=480, vs_ratio=0, weight_decay=0.0005)
target class rate on Vs: 0.9813
accuracy on clean test nodes: 0.6221
Overall ASR: 0.9162
Flip ASR: 0.9160/16875 nodes
Namespace(cuda=True, dataset='ogbn-arxiv', debug=True, defense_mode='prune', device_id=0, dis_weight=0.0, dropout=0.5, epochs=200, evaluate_mode='1by1', hidden=32, homo_boost_thrd=0.8, homo_loss_weight=200.0, inner=1, lr=0.01, model='GCN', no_cuda=False, prune_thr=0.8, seed=996, selection_method='cluster_degree', target_class=0, target_loss_weight=1, test_model='GCN', thrd=0.5, train_lr=0.01, trigger_size=3, trojan_epochs=1500, use_vs_number=True, vs_number=480, vs_ratio=0, weight_decay=0.0005)
target class rate on Vs: 0.9813
accuracy on clean test nodes: 0.6283
Overall ASR: 0.9148
Flip ASR: 0.9146/16875 nodes
Namespace(cuda=True, dataset='ogbn-arxiv', debug=True, defense_mode='prune', device_id=0, dis_weight=0.0, dropout=0.5, epochs=200, evaluate_mode='1by1', hidden=32, homo_boost_thrd=0.8, homo_loss_weight=200.0, inner=1, lr=0.01, model='GCN', no_cuda=False, prune_thr=0.8, seed=527, selection_method='cluster_degree', target_class=0, target_loss_weight=1, test_model='GCN', thrd=0.5, train_lr=0.01, trigger_size=3, trojan_epochs=1500, use_vs_number=True, vs_number=480, vs_ratio=0, weight_decay=0.0005)
target class rate on Vs: 0.9813
accuracy on clean test nodes: 0.6298
Overall ASR: 0.9201
Flip ASR: 0.9199/16875 nodes
Namespace(cuda=True, dataset='ogbn-arxiv', debug=True, defense_mode='prune', device_id=0, dis_weight=0.0, dropout=0.5, epochs=200, evaluate_mode='1by1', hidden=32, homo_boost_thrd=0.8, homo_loss_weight=200.0, inner=1, lr=0.01, model='GCN', no_cuda=False, prune_thr=0.8, seed=320, selection_method='cluster_degree', target_class=0, target_loss_weight=1, test_model='GCN', thrd=0.5, train_lr=0.01, trigger_size=3, trojan_epochs=1500, use_vs_number=True, vs_number=480, vs_ratio=0, weight_decay=0.0005)
target class rate on Vs: 0.9813
accuracy on clean test nodes: 0.6178
Overall ASR: 0.9182
Flip ASR: 0.9180/16875 nodes
Overall ASR: 0.9169 (GCN model, Seed: 320)
Overall Clean Accuracy: 0.6238
Namespace(cuda=True, dataset='ogbn-arxiv', debug=True, defense_mode='prune', device_id=0, dis_weight=0.0, dropout=0.5, epochs=200, evaluate_mode='1by1', hidden=32, homo_boost_thrd=0.8, homo_loss_weight=200.0, inner=1, lr=0.01, model='GCN', no_cuda=False, prune_thr=0.8, seed=781, selection_method='cluster_degree', target_class=0, target_loss_weight=1, test_model='GAT', thrd=0.5, train_lr=0.01, trigger_size=3, trojan_epochs=1500, use_vs_number=True, vs_number=480, vs_ratio=0, weight_decay=0.0005)
/home/project-graph-backdoor/Backdoor/models/GAT.py:61: UserWarning: To copy construct from a tensor, it is recommended to use sourceTensor.clone().detach() or sourceTensor.clone().detach().requires_grad_(True), rather than torch.tensor(sourceTensor).
  self.labels = torch.tensor(labels, dtype=torch.long)
target class rate on Vs: 0.9813
accuracy on clean test nodes: 0.6296
Overall ASR: 0.9314
Flip ASR: 0.9312/16875 nodes
Namespace(cuda=True, dataset='ogbn-arxiv', debug=True, defense_mode='prune', device_id=0, dis_weight=0.0, dropout=0.5, epochs=200, evaluate_mode='1by1', hidden=32, homo_boost_thrd=0.8, homo_loss_weight=200.0, inner=1, lr=0.01, model='GCN', no_cuda=False, prune_thr=0.8, seed=706, selection_method='cluster_degree', target_class=0, target_loss_weight=1, test_model='GAT', thrd=0.5, train_lr=0.01, trigger_size=3, trojan_epochs=1500, use_vs_number=True, vs_number=480, vs_ratio=0, weight_decay=0.0005)
target class rate on Vs: 0.9813
accuracy on clean test nodes: 0.6274
Overall ASR: 0.9313
Flip ASR: 0.9311/16875 nodes
Namespace(cuda=True, dataset='ogbn-arxiv', debug=True, defense_mode='prune', device_id=0, dis_weight=0.0, dropout=0.5, epochs=200, evaluate_mode='1by1', hidden=32, homo_boost_thrd=0.8, homo_loss_weight=200.0, inner=1, lr=0.01, model='GCN', no_cuda=False, prune_thr=0.8, seed=778, selection_method='cluster_degree', target_class=0, target_loss_weight=1, test_model='GAT', thrd=0.5, train_lr=0.01, trigger_size=3, trojan_epochs=1500, use_vs_number=True, vs_number=480, vs_ratio=0, weight_decay=0.0005)
target class rate on Vs: 0.9813
accuracy on clean test nodes: 0.6278
Overall ASR: 0.9290
Flip ASR: 0.9288/16875 nodes
Namespace(cuda=True, dataset='ogbn-arxiv', debug=True, defense_mode='prune', device_id=0, dis_weight=0.0, dropout=0.5, epochs=200, evaluate_mode='1by1', hidden=32, homo_boost_thrd=0.8, homo_loss_weight=200.0, inner=1, lr=0.01, model='GCN', no_cuda=False, prune_thr=0.8, seed=604, selection_method='cluster_degree', target_class=0, target_loss_weight=1, test_model='GAT', thrd=0.5, train_lr=0.01, trigger_size=3, trojan_epochs=1500, use_vs_number=True, vs_number=480, vs_ratio=0, weight_decay=0.0005)
target class rate on Vs: 0.9813
accuracy on clean test nodes: 0.6260
Overall ASR: 0.9314
Flip ASR: 0.9312/16875 nodes
Namespace(cuda=True, dataset='ogbn-arxiv', debug=True, defense_mode='prune', device_id=0, dis_weight=0.0, dropout=0.5, epochs=200, evaluate_mode='1by1', hidden=32, homo_boost_thrd=0.8, homo_loss_weight=200.0, inner=1, lr=0.01, model='GCN', no_cuda=False, prune_thr=0.8, seed=133, selection_method='cluster_degree', target_class=0, target_loss_weight=1, test_model='GAT', thrd=0.5, train_lr=0.01, trigger_size=3, trojan_epochs=1500, use_vs_number=True, vs_number=480, vs_ratio=0, weight_decay=0.0005)
target class rate on Vs: 0.9813
accuracy on clean test nodes: 0.6306
Overall ASR: 0.9314
Flip ASR: 0.9312/16875 nodes
Overall ASR: 0.9309 (GAT model, Seed: 133)
Overall Clean Accuracy: 0.6283
Namespace(cuda=True, dataset='ogbn-arxiv', debug=True, defense_mode='prune', device_id=0, dis_weight=0.0, dropout=0.5, epochs=200, evaluate_mode='1by1', hidden=32, homo_boost_thrd=0.8, homo_loss_weight=200.0, inner=1, lr=0.01, model='GCN', no_cuda=False, prune_thr=0.8, seed=673, selection_method='cluster_degree', target_class=0, target_loss_weight=1, test_model='GraphSage', thrd=0.5, train_lr=0.01, trigger_size=3, trojan_epochs=1500, use_vs_number=True, vs_number=480, vs_ratio=0, weight_decay=0.0005)
target class rate on Vs: 0.9708
accuracy on clean test nodes: 0.6255
Overall ASR: 0.8801
Flip ASR: 0.8798/16875 nodes
Namespace(cuda=True, dataset='ogbn-arxiv', debug=True, defense_mode='prune', device_id=0, dis_weight=0.0, dropout=0.5, epochs=200, evaluate_mode='1by1', hidden=32, homo_boost_thrd=0.8, homo_loss_weight=200.0, inner=1, lr=0.01, model='GCN', no_cuda=False, prune_thr=0.8, seed=904, selection_method='cluster_degree', target_class=0, target_loss_weight=1, test_model='GraphSage', thrd=0.5, train_lr=0.01, trigger_size=3, trojan_epochs=1500, use_vs_number=True, vs_number=480, vs_ratio=0, weight_decay=0.0005)
target class rate on Vs: 0.9708
accuracy on clean test nodes: 0.6287
Overall ASR: 0.8828
Flip ASR: 0.8825/16875 nodes
Namespace(cuda=True, dataset='ogbn-arxiv', debug=True, defense_mode='prune', device_id=0, dis_weight=0.0, dropout=0.5, epochs=200, evaluate_mode='1by1', hidden=32, homo_boost_thrd=0.8, homo_loss_weight=200.0, inner=1, lr=0.01, model='GCN', no_cuda=False, prune_thr=0.8, seed=56, selection_method='cluster_degree', target_class=0, target_loss_weight=1, test_model='GraphSage', thrd=0.5, train_lr=0.01, trigger_size=3, trojan_epochs=1500, use_vs_number=True, vs_number=480, vs_ratio=0, weight_decay=0.0005)
target class rate on Vs: 0.9792
accuracy on clean test nodes: 0.6266
Overall ASR: 0.8864
Flip ASR: 0.8861/16875 nodes
Namespace(cuda=True, dataset='ogbn-arxiv', debug=True, defense_mode='prune', device_id=0, dis_weight=0.0, dropout=0.5, epochs=200, evaluate_mode='1by1', hidden=32, homo_boost_thrd=0.8, homo_loss_weight=200.0, inner=1, lr=0.01, model='GCN', no_cuda=False, prune_thr=0.8, seed=1, selection_method='cluster_degree', target_class=0, target_loss_weight=1, test_model='GraphSage', thrd=0.5, train_lr=0.01, trigger_size=3, trojan_epochs=1500, use_vs_number=True, vs_number=480, vs_ratio=0, weight_decay=0.0005)
target class rate on Vs: 0.9646
accuracy on clean test nodes: 0.6351
Overall ASR: 0.8779
Flip ASR: 0.8776/16875 nodes
Namespace(cuda=True, dataset='ogbn-arxiv', debug=True, defense_mode='prune', device_id=0, dis_weight=0.0, dropout=0.5, epochs=200, evaluate_mode='1by1', hidden=32, homo_boost_thrd=0.8, homo_loss_weight=200.0, inner=1, lr=0.01, model='GCN', no_cuda=False, prune_thr=0.8, seed=694, selection_method='cluster_degree', target_class=0, target_loss_weight=1, test_model='GraphSage', thrd=0.5, train_lr=0.01, trigger_size=3, trojan_epochs=1500, use_vs_number=True, vs_number=480, vs_ratio=0, weight_decay=0.0005)
target class rate on Vs: 0.9729
accuracy on clean test nodes: 0.6237
Overall ASR: 0.8873
Flip ASR: 0.8871/16875 nodes
Overall ASR: 0.8829 (GraphSage model, Seed: 694)
Overall Clean Accuracy: 0.6279
Total Overall ASR: 0.9102 
Total Clean Accuracy: 0.6267
