nohup: ignoring input
Namespace(attack_method='Basic', cuda=True, dataset='ogbn-arxiv', debug=True, defense_mode='prune', device_id=2, dis_weight=1.0, dropout=0.5, epochs=200, evaluate_mode='overall', hidden=64, homo_boost_thrd=0.5, homo_loss_weight=3.0, inner=1, lr=0.01, model='GCN', no_cuda=False, prune_thr=0.3, seed=11, selection_method='none', target_class=0, target_loss_weight=1, test_model='GCN', thrd=0.5, train_lr=0.02, trigger_prob=0.5, trigger_size=3, trojan_epochs=200, use_vs_number=False, vs_number=0, vs_ratio=0.001, weight_decay=0.0005)
Length of training set: 33868
Training benign model Finished!
Total time elapsed: 10.5281s
Benign CA: 0.6677
Epoch 0, loss_inner: 3.69674, loss_target: 3.51426, homo loss: 0.60744 
acc_train_clean: 0.0284, ASR_train_attach: 0.0000, ASR_train_outter: 0.0000
Epoch 10, loss_inner: 2.85124, loss_target: 2.88909, homo loss: 0.00008 
acc_train_clean: 0.2980, ASR_train_attach: 0.0000, ASR_train_outter: 0.0000
Epoch 20, loss_inner: 2.40627, loss_target: 2.36205, homo loss: 0.00136 
acc_train_clean: 0.3746, ASR_train_attach: 0.0000, ASR_train_outter: 0.0000
Epoch 30, loss_inner: 2.00332, loss_target: 1.95259, homo loss: 0.00011 
acc_train_clean: 0.4749, ASR_train_attach: 0.7333, ASR_train_outter: 0.7960
Epoch 40, loss_inner: 1.72939, loss_target: 1.68703, homo loss: 0.00008 
acc_train_clean: 0.5399, ASR_train_attach: 0.9333, ASR_train_outter: 0.9614
Epoch 50, loss_inner: 1.55282, loss_target: 1.51843, homo loss: 0.00001 
acc_train_clean: 0.5774, ASR_train_attach: 0.9556, ASR_train_outter: 0.9737
Epoch 60, loss_inner: 1.43210, loss_target: 1.40313, homo loss: 0.00000 
acc_train_clean: 0.6035, ASR_train_attach: 0.9630, ASR_train_outter: 0.9799
Epoch 70, loss_inner: 1.35120, loss_target: 1.32567, homo loss: 0.00000 
acc_train_clean: 0.6177, ASR_train_attach: 0.9778, ASR_train_outter: 0.9861
Epoch 80, loss_inner: 1.29762, loss_target: 1.27461, homo loss: 0.00000 
acc_train_clean: 0.6286, ASR_train_attach: 0.9778, ASR_train_outter: 0.9892
Epoch 90, loss_inner: 1.25975, loss_target: 1.23814, homo loss: 0.00000 
acc_train_clean: 0.6372, ASR_train_attach: 0.9778, ASR_train_outter: 0.9938
Epoch 100, loss_inner: 1.23171, loss_target: 1.21144, homo loss: 0.00000 
acc_train_clean: 0.6436, ASR_train_attach: 0.9778, ASR_train_outter: 0.9938
Epoch 110, loss_inner: 1.20991, loss_target: 1.19003, homo loss: 0.00000 
acc_train_clean: 0.6488, ASR_train_attach: 0.9778, ASR_train_outter: 0.9938
Epoch 120, loss_inner: 1.19143, loss_target: 1.17326, homo loss: 0.00003 
acc_train_clean: 0.6532, ASR_train_attach: 0.9778, ASR_train_outter: 0.9938
Epoch 130, loss_inner: 1.17639, loss_target: 1.15970, homo loss: 0.00000 
acc_train_clean: 0.6580, ASR_train_attach: 0.9778, ASR_train_outter: 0.9954
Epoch 140, loss_inner: 1.16444, loss_target: 1.14736, homo loss: 0.00000 
acc_train_clean: 0.6604, ASR_train_attach: 0.9778, ASR_train_outter: 0.9969
Epoch 150, loss_inner: 1.15544, loss_target: 1.13810, homo loss: 0.00000 
acc_train_clean: 0.6627, ASR_train_attach: 0.9778, ASR_train_outter: 0.9985
Epoch 160, loss_inner: 1.14858, loss_target: 1.13110, homo loss: 0.00000 
acc_train_clean: 0.6641, ASR_train_attach: 0.9852, ASR_train_outter: 0.9985
Epoch 170, loss_inner: 1.14319, loss_target: 1.12567, homo loss: 0.00000 
acc_train_clean: 0.6656, ASR_train_attach: 0.9852, ASR_train_outter: 0.9985
Epoch 180, loss_inner: 1.13835, loss_target: 1.12081, homo loss: 0.00000 
acc_train_clean: 0.6670, ASR_train_attach: 0.9852, ASR_train_outter: 0.9985
Epoch 190, loss_inner: 1.13613, loss_target: 1.11845, homo loss: 0.00000 
acc_train_clean: 0.6684, ASR_train_attach: 0.9778, ASR_train_outter: 0.9985
precent of left attach nodes: 1.000
target class rate on Vs: 0.9852
accuracy on clean test nodes: 0.6671
ASR: 0.9941
Flip ASR: 0.9941/16868 nodes
CA: 0.6584
