nohup: ignoring input
run_adaptive.py:8: DeprecationWarning: the imp module is deprecated in favour of importlib; see the module's documentation for alternative uses
  import imp
Namespace(cuda=True, dataset='ogbn-arxiv', debug=True, defense_mode='none', device_id=1, dis_weight=0.0, dropout=0.5, epochs=200, evaluate_mode='1by1', hidden=32, homo_boost_thrd=0.8, homo_loss_weight=50.0, inner=1, lr=0.01, model='GCN', no_cuda=False, prune_thr=0.8, seed=10, selection_method='cluster_degree', target_class=0, target_loss_weight=1, test_model='GCN', thrd=0.5, train_lr=0.01, trigger_size=3, trojan_epochs=1000, use_vs_number=True, vs_number=400, vs_ratio=0, weight_decay=0.0005)
#Attach Nodes:400
./selected_nodes/ogbn-arxiv/Overall/seed10/nodes.txt
idx_attach: tensor([132437, 159342, 115859,  11103, 127522,  67544,  82569, 161886,  62976,
         13773,  68963, 144203,  19681,    750, 156733,  86828,  18909,  82685,
         81700, 164714, 103734,  65352,  47692,  14294, 153213,  78523,   1385,
         50714, 156839, 144199,  88403,  58221,  56228,  88511,  12909, 156645,
         93340, 136107,  80139,    622,   1438,   7666, 133129, 127534, 106596,
        102712,   4269,  55140, 125068, 152827, 135150,  23527,   3609,   6462,
        121168, 152542,   6165, 126338,  90948,  77520,  47397, 106658,  68636,
        109074,  69509, 138501,  13873,  20117,  83448,   3102, 143264,  91042,
         54237,  58770, 165138, 126351,  55671,  99141,  13704, 136218,  16458,
         43368, 146276,  31105, 112018,  77110, 104399,  46245, 147007,   5821,
         19313,  91731,  20583, 142204,  80573,   7668,  83587, 128743, 143180,
         91852,  75911,  65787, 153365, 126297,  39114, 104240,  77327,   4583,
           512,  48952,  28134,  38432,  10832,  61628, 127678, 138417, 147495,
         98345,  93057,  33697, 138811, 124659, 133488,  71285,  47676,   1298,
        167767,  47649, 124811,  39955,  70652, 138116,  94425, 163083,  21820,
        133451,  73518, 132097,  23608,  13837, 125639,  40347, 163907,   5087,
          6422, 119164, 165901,   5059,  83768,  27180, 100388,  35462, 116799,
          3703,   5670,  48904,  68159, 113552, 160597,  96989, 127472, 136647,
        148726, 125053, 138149, 138315, 141422,  76351,  76598,  59904, 148285,
         70903, 165759,  39375, 136221, 140976,  63383,  42932,  75075,  71850,
         73993,  30102,  65808,  62714,  45851,  95186,  36002,  74863,  64652,
        161830, 145444, 126027,  60679,  73713,  93896, 146527, 169172, 114189,
         95782,  93842, 148869, 112848,  68654,   4485, 168944, 140981,  72175,
         45679,  20436,   7628, 115596, 130154, 135469,  14337,  63022,  17599,
        122842, 103833,  45706,  81303,  13852,  81871, 114723, 142817,  28988,
         48225,  21674,  34318, 111176, 158279, 146881,  34991,  76669,  13346,
         17731, 138128, 136891, 117554,  40123,  52955, 103517, 141078,  75105,
         82512, 168762, 139593, 118896,  12297, 138395,  64922,  55710,  22340,
         76111,  93384, 111925,   5010,  13015, 116348, 150061, 130103, 141021,
         64826, 144901, 106175,  92109,  89940,  71933, 144027,  36882,  41628,
         55044,  12828,  41681,  14340,  23638, 144925,  62265,  35737, 155976,
        161925,  63089, 135644, 164665,   9848, 124525,  66260,  78580,  66041,
          4226, 128942,  52300,  86426, 146623,  42022,  64582,  63272, 144613,
         12980,  93063, 146301, 166120, 109587, 144883,  58222, 119761, 126871,
        112989,  47264,  44224,  76605, 125250,  85029, 139694, 119661,  82517,
         10258,   5687,  86843,  93827,  30524, 146837, 142859,   3796, 104188,
         59645, 150266,  63460, 152939, 132153,  87353, 155538,  28127,  86437,
           591,  14225, 111064,  72841,  91588, 121367, 129042,  82694, 139395,
        116755,  46308,  15022,  85320,  72395, 143355, 128020,  15828, 143322,
         55075,  51976,  81577,  12925,  52480,  77357, 123824, 117210, 101747,
         38371,  89521, 120166,  15685,  29096,  24361,   9035, 130319,   6402,
         54168, 138793,  78393,  97894,  85421, 150077, 147429,  30273,  47541,
        101610, 157814,  45601, 169188, 146774,  52883,  71248, 152946,  56090,
         48566,  94860,  87246, 155373,  48973, 147804,  56436,  69861, 158491,
        124225, 157846,  36579,  12832], device='cuda:1')
tensor([     1,      2,      3,  ..., 169334, 169336, 169338], device='cuda:1')
Epoch 0, loss_inner: 3.74860, loss_target: 3.62830, homo loss: 0.80375 
acc_train_clean: 0.0089, ASR_train_attach: 0.0000, ASR_train_outter: 0.0000
Epoch 10, loss_inner: 3.03969, loss_target: 3.08958, homo loss: 0.00430 
acc_train_clean: 0.2705, ASR_train_attach: 0.0000, ASR_train_outter: 0.0000
Epoch 20, loss_inner: 2.77651, loss_target: 2.75634, homo loss: 0.00105 
acc_train_clean: 0.2857, ASR_train_attach: 0.0000, ASR_train_outter: 0.0000
Epoch 30, loss_inner: 2.46729, loss_target: 2.42023, homo loss: 0.00065 
acc_train_clean: 0.3561, ASR_train_attach: 0.3525, ASR_train_outter: 0.5033
Epoch 40, loss_inner: 2.15944, loss_target: 2.10912, homo loss: 0.00059 
acc_train_clean: 0.4420, ASR_train_attach: 0.9325, ASR_train_outter: 0.9134
Epoch 50, loss_inner: 1.91183, loss_target: 1.86861, homo loss: 0.00052 
acc_train_clean: 0.5029, ASR_train_attach: 0.9375, ASR_train_outter: 0.9276
Epoch 60, loss_inner: 1.72623, loss_target: 1.69065, homo loss: 0.00061 
acc_train_clean: 0.5369, ASR_train_attach: 0.9600, ASR_train_outter: 0.9496
Epoch 70, loss_inner: 1.59680, loss_target: 1.56608, homo loss: 0.00056 
acc_train_clean: 0.5640, ASR_train_attach: 0.9900, ASR_train_outter: 0.9726
Epoch 80, loss_inner: 1.49637, loss_target: 1.46907, homo loss: 0.00052 
acc_train_clean: 0.5889, ASR_train_attach: 0.9900, ASR_train_outter: 0.9726
Epoch 90, loss_inner: 1.41893, loss_target: 1.39539, homo loss: 0.00049 
acc_train_clean: 0.6031, ASR_train_attach: 0.9925, ASR_train_outter: 0.9748
Epoch 100, loss_inner: 1.36773, loss_target: 1.34652, homo loss: 0.00046 
acc_train_clean: 0.6145, ASR_train_attach: 0.9950, ASR_train_outter: 0.9814
Epoch 110, loss_inner: 1.33312, loss_target: 1.31316, homo loss: 0.00042 
acc_train_clean: 0.6191, ASR_train_attach: 0.9975, ASR_train_outter: 0.9857
Epoch 120, loss_inner: 1.30570, loss_target: 1.28591, homo loss: 0.00037 
acc_train_clean: 0.6254, ASR_train_attach: 0.9975, ASR_train_outter: 0.9890
Epoch 130, loss_inner: 1.27786, loss_target: 1.25826, homo loss: 0.00030 
acc_train_clean: 0.6322, ASR_train_attach: 1.0000, ASR_train_outter: 0.9923
Epoch 140, loss_inner: 1.25344, loss_target: 1.23458, homo loss: 0.00020 
acc_train_clean: 0.6386, ASR_train_attach: 1.0000, ASR_train_outter: 0.9923
Epoch 150, loss_inner: 1.23485, loss_target: 1.21696, homo loss: 0.00027 
acc_train_clean: 0.6421, ASR_train_attach: 0.9975, ASR_train_outter: 0.9879
Epoch 160, loss_inner: 1.22121, loss_target: 1.20403, homo loss: 0.00012 
acc_train_clean: 0.6449, ASR_train_attach: 0.9950, ASR_train_outter: 0.9825
Epoch 170, loss_inner: 1.21017, loss_target: 1.19254, homo loss: 0.00006 
acc_train_clean: 0.6476, ASR_train_attach: 1.0000, ASR_train_outter: 0.9923
Epoch 180, loss_inner: 1.20122, loss_target: 1.18378, homo loss: 0.00003 
acc_train_clean: 0.6488, ASR_train_attach: 1.0000, ASR_train_outter: 0.9934
Epoch 190, loss_inner: 1.19358, loss_target: 1.17629, homo loss: 0.00003 
acc_train_clean: 0.6513, ASR_train_attach: 1.0000, ASR_train_outter: 0.9912
Epoch 200, loss_inner: 1.18679, loss_target: 1.16964, homo loss: 0.00003 
acc_train_clean: 0.6525, ASR_train_attach: 1.0000, ASR_train_outter: 0.9934
Epoch 210, loss_inner: 1.18067, loss_target: 1.16377, homo loss: 0.00015 
acc_train_clean: 0.6534, ASR_train_attach: 1.0000, ASR_train_outter: 0.9945
Epoch 220, loss_inner: 1.17498, loss_target: 1.15849, homo loss: 0.00012 
acc_train_clean: 0.6551, ASR_train_attach: 1.0000, ASR_train_outter: 0.9879
Epoch 230, loss_inner: 1.17010, loss_target: 1.15336, homo loss: 0.00001 
acc_train_clean: 0.6561, ASR_train_attach: 1.0000, ASR_train_outter: 0.9934
Epoch 240, loss_inner: 1.16533, loss_target: 1.14861, homo loss: 0.00002 
acc_train_clean: 0.6570, ASR_train_attach: 1.0000, ASR_train_outter: 0.9934
Epoch 250, loss_inner: 1.16089, loss_target: 1.14421, homo loss: 0.00001 
acc_train_clean: 0.6578, ASR_train_attach: 1.0000, ASR_train_outter: 0.9934
Epoch 260, loss_inner: 1.15693, loss_target: 1.14024, homo loss: 0.00001 
acc_train_clean: 0.6592, ASR_train_attach: 1.0000, ASR_train_outter: 0.9956
Epoch 270, loss_inner: 1.15308, loss_target: 1.13648, homo loss: 0.00001 
acc_train_clean: 0.6608, ASR_train_attach: 1.0000, ASR_train_outter: 0.9967
Epoch 280, loss_inner: 1.14888, loss_target: 1.13310, homo loss: 0.00019 
acc_train_clean: 0.6615, ASR_train_attach: 1.0000, ASR_train_outter: 0.9879
Epoch 290, loss_inner: 1.14436, loss_target: 1.12779, homo loss: 0.00012 
acc_train_clean: 0.6623, ASR_train_attach: 1.0000, ASR_train_outter: 0.9934
Epoch 300, loss_inner: 1.13869, loss_target: 1.12238, homo loss: 0.00001 
acc_train_clean: 0.6648, ASR_train_attach: 1.0000, ASR_train_outter: 0.9967
Epoch 310, loss_inner: 1.13450, loss_target: 1.11738, homo loss: 0.00000 
acc_train_clean: 0.6663, ASR_train_attach: 1.0000, ASR_train_outter: 0.9967
Epoch 320, loss_inner: 1.12976, loss_target: 1.11351, homo loss: 0.00001 
acc_train_clean: 0.6668, ASR_train_attach: 1.0000, ASR_train_outter: 0.9956
Epoch 330, loss_inner: 1.12617, loss_target: 1.10980, homo loss: 0.00000 
acc_train_clean: 0.6685, ASR_train_attach: 1.0000, ASR_train_outter: 0.9967
Epoch 340, loss_inner: 1.12385, loss_target: 1.10742, homo loss: 0.00000 
acc_train_clean: 0.6699, ASR_train_attach: 1.0000, ASR_train_outter: 0.9967
Epoch 350, loss_inner: 1.12118, loss_target: 1.10550, homo loss: 0.00039 
acc_train_clean: 0.6705, ASR_train_attach: 1.0000, ASR_train_outter: 0.9956
Epoch 360, loss_inner: 1.12214, loss_target: 1.10972, homo loss: 0.00069 
acc_train_clean: 0.6700, ASR_train_attach: 1.0000, ASR_train_outter: 0.9923
Epoch 370, loss_inner: 1.11986, loss_target: 1.10637, homo loss: 0.00073 
acc_train_clean: 0.6715, ASR_train_attach: 1.0000, ASR_train_outter: 0.9967
Epoch 380, loss_inner: 1.11696, loss_target: 1.10439, homo loss: 0.00062 
acc_train_clean: 0.6711, ASR_train_attach: 1.0000, ASR_train_outter: 0.9978
Epoch 390, loss_inner: 1.11524, loss_target: 1.10151, homo loss: 0.00063 
acc_train_clean: 0.6724, ASR_train_attach: 1.0000, ASR_train_outter: 0.9978
Epoch 400, loss_inner: 1.11361, loss_target: 1.09980, homo loss: 0.00063 
acc_train_clean: 0.6729, ASR_train_attach: 1.0000, ASR_train_outter: 0.9978
Epoch 410, loss_inner: 1.11265, loss_target: 1.09915, homo loss: 0.00062 
acc_train_clean: 0.6732, ASR_train_attach: 1.0000, ASR_train_outter: 0.9989
Epoch 420, loss_inner: 1.11134, loss_target: 1.09709, homo loss: 0.00060 
acc_train_clean: 0.6726, ASR_train_attach: 1.0000, ASR_train_outter: 0.9989
Epoch 430, loss_inner: 1.11017, loss_target: 1.09570, homo loss: 0.00058 
acc_train_clean: 0.6733, ASR_train_attach: 1.0000, ASR_train_outter: 0.9978
Epoch 440, loss_inner: 1.10917, loss_target: 1.09444, homo loss: 0.00054 
acc_train_clean: 0.6736, ASR_train_attach: 1.0000, ASR_train_outter: 0.9989
Epoch 450, loss_inner: 1.10818, loss_target: 1.09291, homo loss: 0.00046 
acc_train_clean: 0.6740, ASR_train_attach: 1.0000, ASR_train_outter: 0.9989
Epoch 460, loss_inner: 1.10732, loss_target: 1.09157, homo loss: 0.00021 
acc_train_clean: 0.6740, ASR_train_attach: 1.0000, ASR_train_outter: 0.9989
Epoch 470, loss_inner: 1.10671, loss_target: 1.09129, homo loss: 0.00019 
acc_train_clean: 0.6741, ASR_train_attach: 1.0000, ASR_train_outter: 0.9978
Epoch 480, loss_inner: 1.10634, loss_target: 1.09045, homo loss: 0.00015 
acc_train_clean: 0.6736, ASR_train_attach: 1.0000, ASR_train_outter: 0.9978
Epoch 490, loss_inner: 1.10501, loss_target: 1.08901, homo loss: 0.00008 
acc_train_clean: 0.6747, ASR_train_attach: 1.0000, ASR_train_outter: 0.9978
Epoch 500, loss_inner: 1.10403, loss_target: 1.08810, homo loss: 0.00003 
acc_train_clean: 0.6754, ASR_train_attach: 1.0000, ASR_train_outter: 0.9978
Epoch 510, loss_inner: 1.10338, loss_target: 1.08736, homo loss: 0.00002 
acc_train_clean: 0.6753, ASR_train_attach: 1.0000, ASR_train_outter: 0.9978
Epoch 520, loss_inner: 1.10267, loss_target: 1.08669, homo loss: 0.00002 
acc_train_clean: 0.6752, ASR_train_attach: 1.0000, ASR_train_outter: 0.9978
Epoch 530, loss_inner: 1.10202, loss_target: 1.08657, homo loss: 0.00017 
acc_train_clean: 0.6755, ASR_train_attach: 1.0000, ASR_train_outter: 0.9978
Epoch 540, loss_inner: 1.10182, loss_target: 1.08707, homo loss: 0.00009 
acc_train_clean: 0.6753, ASR_train_attach: 1.0000, ASR_train_outter: 0.9978
Epoch 550, loss_inner: 1.10088, loss_target: 1.08514, homo loss: 0.00004 
acc_train_clean: 0.6751, ASR_train_attach: 1.0000, ASR_train_outter: 0.9978
Epoch 560, loss_inner: 1.10033, loss_target: 1.08396, homo loss: 0.00002 
acc_train_clean: 0.6751, ASR_train_attach: 1.0000, ASR_train_outter: 0.9978
Epoch 570, loss_inner: 1.09927, loss_target: 1.08339, homo loss: 0.00001 
acc_train_clean: 0.6757, ASR_train_attach: 1.0000, ASR_train_outter: 0.9978
Epoch 580, loss_inner: 1.09887, loss_target: 1.08374, homo loss: 0.00016 
acc_train_clean: 0.6760, ASR_train_attach: 1.0000, ASR_train_outter: 0.9945
Epoch 590, loss_inner: 1.09811, loss_target: 1.08227, homo loss: 0.00002 
acc_train_clean: 0.6762, ASR_train_attach: 1.0000, ASR_train_outter: 0.9978
Epoch 600, loss_inner: 1.09769, loss_target: 1.08235, homo loss: 0.00020 
acc_train_clean: 0.6760, ASR_train_attach: 1.0000, ASR_train_outter: 0.9978
Epoch 610, loss_inner: 1.09699, loss_target: 1.08115, homo loss: 0.00006 
acc_train_clean: 0.6764, ASR_train_attach: 1.0000, ASR_train_outter: 0.9978
Epoch 620, loss_inner: 1.09732, loss_target: 1.08138, homo loss: 0.00002 
acc_train_clean: 0.6762, ASR_train_attach: 1.0000, ASR_train_outter: 0.9978
Epoch 630, loss_inner: 1.09622, loss_target: 1.08034, homo loss: 0.00000 
acc_train_clean: 0.6757, ASR_train_attach: 1.0000, ASR_train_outter: 0.9978
Epoch 640, loss_inner: 1.09548, loss_target: 1.07948, homo loss: 0.00001 
acc_train_clean: 0.6770, ASR_train_attach: 1.0000, ASR_train_outter: 0.9978
Epoch 650, loss_inner: 1.09493, loss_target: 1.07966, homo loss: 0.00010 
acc_train_clean: 0.6768, ASR_train_attach: 1.0000, ASR_train_outter: 0.9967
Epoch 660, loss_inner: 1.09498, loss_target: 1.07942, homo loss: 0.00014 
acc_train_clean: 0.6763, ASR_train_attach: 1.0000, ASR_train_outter: 0.9978
Epoch 670, loss_inner: 1.09464, loss_target: 1.07872, homo loss: 0.00002 
acc_train_clean: 0.6757, ASR_train_attach: 1.0000, ASR_train_outter: 0.9967
Epoch 680, loss_inner: 1.09386, loss_target: 1.07805, homo loss: 0.00002 
acc_train_clean: 0.6769, ASR_train_attach: 1.0000, ASR_train_outter: 0.9978
Epoch 690, loss_inner: 1.09311, loss_target: 1.07717, homo loss: 0.00001 
acc_train_clean: 0.6776, ASR_train_attach: 1.0000, ASR_train_outter: 0.9978
Epoch 700, loss_inner: 1.09300, loss_target: 1.07719, homo loss: 0.00000 
acc_train_clean: 0.6766, ASR_train_attach: 1.0000, ASR_train_outter: 0.9989
Epoch 710, loss_inner: 1.09250, loss_target: 1.07660, homo loss: 0.00007 
acc_train_clean: 0.6771, ASR_train_attach: 1.0000, ASR_train_outter: 0.9978
Epoch 720, loss_inner: 1.09208, loss_target: 1.07643, homo loss: 0.00001 
acc_train_clean: 0.6778, ASR_train_attach: 1.0000, ASR_train_outter: 0.9978
Epoch 730, loss_inner: 1.09172, loss_target: 1.07587, homo loss: 0.00001 
acc_train_clean: 0.6776, ASR_train_attach: 1.0000, ASR_train_outter: 0.9978
Epoch 740, loss_inner: 1.09182, loss_target: 1.07797, homo loss: 0.00025 
acc_train_clean: 0.6772, ASR_train_attach: 1.0000, ASR_train_outter: 0.9967
Epoch 750, loss_inner: 1.09238, loss_target: 1.07712, homo loss: 0.00007 
acc_train_clean: 0.6760, ASR_train_attach: 1.0000, ASR_train_outter: 0.9978
Epoch 760, loss_inner: 1.09125, loss_target: 1.07574, homo loss: 0.00011 
acc_train_clean: 0.6776, ASR_train_attach: 1.0000, ASR_train_outter: 0.9978
Epoch 770, loss_inner: 1.09147, loss_target: 1.08233, homo loss: 0.00063 
acc_train_clean: 0.6774, ASR_train_attach: 1.0000, ASR_train_outter: 0.9978
Epoch 780, loss_inner: 1.09046, loss_target: 1.07807, homo loss: 0.00051 
acc_train_clean: 0.6779, ASR_train_attach: 1.0000, ASR_train_outter: 1.0000
Epoch 790, loss_inner: 1.09029, loss_target: 1.07730, homo loss: 0.00050 
acc_train_clean: 0.6773, ASR_train_attach: 1.0000, ASR_train_outter: 1.0000
Epoch 800, loss_inner: 1.09035, loss_target: 1.07719, homo loss: 0.00049 
acc_train_clean: 0.6762, ASR_train_attach: 1.0000, ASR_train_outter: 1.0000
Epoch 810, loss_inner: 1.08958, loss_target: 1.07555, homo loss: 0.00047 
acc_train_clean: 0.6785, ASR_train_attach: 1.0000, ASR_train_outter: 1.0000
Epoch 820, loss_inner: 1.08937, loss_target: 1.07456, homo loss: 0.00044 
acc_train_clean: 0.6770, ASR_train_attach: 1.0000, ASR_train_outter: 1.0000
Epoch 830, loss_inner: 1.08882, loss_target: 1.07374, homo loss: 0.00038 
acc_train_clean: 0.6776, ASR_train_attach: 1.0000, ASR_train_outter: 1.0000
Epoch 840, loss_inner: 1.08852, loss_target: 1.07320, homo loss: 0.00026 
acc_train_clean: 0.6782, ASR_train_attach: 1.0000, ASR_train_outter: 1.0000
Epoch 850, loss_inner: 1.08816, loss_target: 1.07229, homo loss: 0.00001 
acc_train_clean: 0.6783, ASR_train_attach: 1.0000, ASR_train_outter: 1.0000
Epoch 860, loss_inner: 1.08810, loss_target: 1.07437, homo loss: 0.00007 
acc_train_clean: 0.6782, ASR_train_attach: 1.0000, ASR_train_outter: 0.9945
Epoch 870, loss_inner: 1.08824, loss_target: 1.07300, homo loss: 0.00011 
acc_train_clean: 0.6780, ASR_train_attach: 1.0000, ASR_train_outter: 1.0000
Epoch 880, loss_inner: 1.08739, loss_target: 1.07187, homo loss: 0.00002 
acc_train_clean: 0.6783, ASR_train_attach: 1.0000, ASR_train_outter: 1.0000
Epoch 890, loss_inner: 1.08770, loss_target: 1.07246, homo loss: 0.00004 
acc_train_clean: 0.6782, ASR_train_attach: 1.0000, ASR_train_outter: 0.9978
Epoch 900, loss_inner: 1.08856, loss_target: 1.07317, homo loss: 0.00007 
acc_train_clean: 0.6765, ASR_train_attach: 1.0000, ASR_train_outter: 1.0000
Epoch 910, loss_inner: 1.08698, loss_target: 1.07150, homo loss: 0.00005 
acc_train_clean: 0.6784, ASR_train_attach: 1.0000, ASR_train_outter: 0.9989
Epoch 920, loss_inner: 1.08673, loss_target: 1.07227, homo loss: 0.00007 
acc_train_clean: 0.6787, ASR_train_attach: 1.0000, ASR_train_outter: 0.9989
Epoch 930, loss_inner: 1.08613, loss_target: 1.07162, homo loss: 0.00010 
acc_train_clean: 0.6788, ASR_train_attach: 1.0000, ASR_train_outter: 1.0000
Epoch 940, loss_inner: 1.08649, loss_target: 1.07211, homo loss: 0.00012 
acc_train_clean: 0.6784, ASR_train_attach: 1.0000, ASR_train_outter: 1.0000
Epoch 950, loss_inner: 1.28540, loss_target: 1.56951, homo loss: 0.00782 
acc_train_clean: 0.6407, ASR_train_attach: 0.9950, ASR_train_outter: 0.9989
Epoch 960, loss_inner: 1.60070, loss_target: 2.65302, homo loss: 0.00399 
acc_train_clean: 0.6000, ASR_train_attach: 1.0000, ASR_train_outter: 0.9923
Epoch 970, loss_inner: 1.61886, loss_target: 2.74520, homo loss: 0.00424 
acc_train_clean: 0.6125, ASR_train_attach: 1.0000, ASR_train_outter: 1.0000
Epoch 980, loss_inner: 1.92729, loss_target: 2.60885, homo loss: 0.00766 
acc_train_clean: 0.4984, ASR_train_attach: 1.0000, ASR_train_outter: 1.0000
Epoch 990, loss_inner: 2.26889, loss_target: 4.20986, homo loss: 0.05204 
acc_train_clean: 0.3995, ASR_train_attach: 1.0000, ASR_train_outter: 1.0000
load best weight based on the loss outter
precent of left attach nodes: 1.000
Namespace(cuda=True, dataset='ogbn-arxiv', debug=True, defense_mode='none', device_id=1, dis_weight=0.0, dropout=0.5, epochs=200, evaluate_mode='1by1', hidden=32, homo_boost_thrd=0.8, homo_loss_weight=50.0, inner=1, lr=0.01, model='GCN', no_cuda=False, prune_thr=0.8, seed=265, selection_method='cluster_degree', target_class=0, target_loss_weight=1, test_model='GCN', thrd=0.5, train_lr=0.01, trigger_size=3, trojan_epochs=1000, use_vs_number=True, vs_number=400, vs_ratio=0, weight_decay=0.0005)
target class rate on Vs: 1.0000
accuracy on clean test nodes: 0.6335
Overall ASR: 0.9807
Flip ASR: 0.9807/16875 nodes
Namespace(cuda=True, dataset='ogbn-arxiv', debug=True, defense_mode='none', device_id=1, dis_weight=0.0, dropout=0.5, epochs=200, evaluate_mode='1by1', hidden=32, homo_boost_thrd=0.8, homo_loss_weight=50.0, inner=1, lr=0.01, model='GCN', no_cuda=False, prune_thr=0.8, seed=125, selection_method='cluster_degree', target_class=0, target_loss_weight=1, test_model='GCN', thrd=0.5, train_lr=0.01, trigger_size=3, trojan_epochs=1000, use_vs_number=True, vs_number=400, vs_ratio=0, weight_decay=0.0005)
target class rate on Vs: 1.0000
accuracy on clean test nodes: 0.6303
Overall ASR: 0.9890
Flip ASR: 0.9890/16875 nodes
Namespace(cuda=True, dataset='ogbn-arxiv', debug=True, defense_mode='none', device_id=1, dis_weight=0.0, dropout=0.5, epochs=200, evaluate_mode='1by1', hidden=32, homo_boost_thrd=0.8, homo_loss_weight=50.0, inner=1, lr=0.01, model='GCN', no_cuda=False, prune_thr=0.8, seed=996, selection_method='cluster_degree', target_class=0, target_loss_weight=1, test_model='GCN', thrd=0.5, train_lr=0.01, trigger_size=3, trojan_epochs=1000, use_vs_number=True, vs_number=400, vs_ratio=0, weight_decay=0.0005)
target class rate on Vs: 1.0000
accuracy on clean test nodes: 0.6406
Overall ASR: 0.9862
Flip ASR: 0.9862/16875 nodes
Namespace(cuda=True, dataset='ogbn-arxiv', debug=True, defense_mode='none', device_id=1, dis_weight=0.0, dropout=0.5, epochs=200, evaluate_mode='1by1', hidden=32, homo_boost_thrd=0.8, homo_loss_weight=50.0, inner=1, lr=0.01, model='GCN', no_cuda=False, prune_thr=0.8, seed=527, selection_method='cluster_degree', target_class=0, target_loss_weight=1, test_model='GCN', thrd=0.5, train_lr=0.01, trigger_size=3, trojan_epochs=1000, use_vs_number=True, vs_number=400, vs_ratio=0, weight_decay=0.0005)
target class rate on Vs: 1.0000
accuracy on clean test nodes: 0.6464
Overall ASR: 0.9857
Flip ASR: 0.9856/16875 nodes
Namespace(cuda=True, dataset='ogbn-arxiv', debug=True, defense_mode='none', device_id=1, dis_weight=0.0, dropout=0.5, epochs=200, evaluate_mode='1by1', hidden=32, homo_boost_thrd=0.8, homo_loss_weight=50.0, inner=1, lr=0.01, model='GCN', no_cuda=False, prune_thr=0.8, seed=320, selection_method='cluster_degree', target_class=0, target_loss_weight=1, test_model='GCN', thrd=0.5, train_lr=0.01, trigger_size=3, trojan_epochs=1000, use_vs_number=True, vs_number=400, vs_ratio=0, weight_decay=0.0005)
target class rate on Vs: 1.0000
accuracy on clean test nodes: 0.6293
Overall ASR: 0.9921
Flip ASR: 0.9921/16875 nodes
Overall ASR: 0.9868 (GCN model, Seed: 320)
Overall Clean Accuracy: 0.6360
Namespace(cuda=True, dataset='ogbn-arxiv', debug=True, defense_mode='none', device_id=1, dis_weight=0.0, dropout=0.5, epochs=200, evaluate_mode='1by1', hidden=32, homo_boost_thrd=0.8, homo_loss_weight=50.0, inner=1, lr=0.01, model='GCN', no_cuda=False, prune_thr=0.8, seed=781, selection_method='cluster_degree', target_class=0, target_loss_weight=1, test_model='GAT', thrd=0.5, train_lr=0.01, trigger_size=3, trojan_epochs=1000, use_vs_number=True, vs_number=400, vs_ratio=0, weight_decay=0.0005)
/home/project-graph-backdoor/Backdoor/models/GAT.py:61: UserWarning: To copy construct from a tensor, it is recommended to use sourceTensor.clone().detach() or sourceTensor.clone().detach().requires_grad_(True), rather than torch.tensor(sourceTensor).
  self.labels = torch.tensor(labels, dtype=torch.long)
target class rate on Vs: 1.0000
accuracy on clean test nodes: 0.6450
Overall ASR: 1.0000
Flip ASR: 1.0000/16875 nodes
Namespace(cuda=True, dataset='ogbn-arxiv', debug=True, defense_mode='none', device_id=1, dis_weight=0.0, dropout=0.5, epochs=200, evaluate_mode='1by1', hidden=32, homo_boost_thrd=0.8, homo_loss_weight=50.0, inner=1, lr=0.01, model='GCN', no_cuda=False, prune_thr=0.8, seed=706, selection_method='cluster_degree', target_class=0, target_loss_weight=1, test_model='GAT', thrd=0.5, train_lr=0.01, trigger_size=3, trojan_epochs=1000, use_vs_number=True, vs_number=400, vs_ratio=0, weight_decay=0.0005)
target class rate on Vs: 1.0000
accuracy on clean test nodes: 0.6460
Overall ASR: 0.9999
Flip ASR: 0.9999/16875 nodes
Namespace(cuda=True, dataset='ogbn-arxiv', debug=True, defense_mode='none', device_id=1, dis_weight=0.0, dropout=0.5, epochs=200, evaluate_mode='1by1', hidden=32, homo_boost_thrd=0.8, homo_loss_weight=50.0, inner=1, lr=0.01, model='GCN', no_cuda=False, prune_thr=0.8, seed=778, selection_method='cluster_degree', target_class=0, target_loss_weight=1, test_model='GAT', thrd=0.5, train_lr=0.01, trigger_size=3, trojan_epochs=1000, use_vs_number=True, vs_number=400, vs_ratio=0, weight_decay=0.0005)
target class rate on Vs: 1.0000
accuracy on clean test nodes: 0.6473
Overall ASR: 1.0000
Flip ASR: 1.0000/16875 nodes
Namespace(cuda=True, dataset='ogbn-arxiv', debug=True, defense_mode='none', device_id=1, dis_weight=0.0, dropout=0.5, epochs=200, evaluate_mode='1by1', hidden=32, homo_boost_thrd=0.8, homo_loss_weight=50.0, inner=1, lr=0.01, model='GCN', no_cuda=False, prune_thr=0.8, seed=604, selection_method='cluster_degree', target_class=0, target_loss_weight=1, test_model='GAT', thrd=0.5, train_lr=0.01, trigger_size=3, trojan_epochs=1000, use_vs_number=True, vs_number=400, vs_ratio=0, weight_decay=0.0005)
target class rate on Vs: 1.0000
accuracy on clean test nodes: 0.6461
Overall ASR: 1.0000
Flip ASR: 1.0000/16875 nodes
Namespace(cuda=True, dataset='ogbn-arxiv', debug=True, defense_mode='none', device_id=1, dis_weight=0.0, dropout=0.5, epochs=200, evaluate_mode='1by1', hidden=32, homo_boost_thrd=0.8, homo_loss_weight=50.0, inner=1, lr=0.01, model='GCN', no_cuda=False, prune_thr=0.8, seed=133, selection_method='cluster_degree', target_class=0, target_loss_weight=1, test_model='GAT', thrd=0.5, train_lr=0.01, trigger_size=3, trojan_epochs=1000, use_vs_number=True, vs_number=400, vs_ratio=0, weight_decay=0.0005)
target class rate on Vs: 1.0000
accuracy on clean test nodes: 0.6434
Overall ASR: 0.9947
Flip ASR: 0.9947/16875 nodes
Overall ASR: 0.9989 (GAT model, Seed: 133)
Overall Clean Accuracy: 0.6456
Namespace(cuda=True, dataset='ogbn-arxiv', debug=True, defense_mode='none', device_id=1, dis_weight=0.0, dropout=0.5, epochs=200, evaluate_mode='1by1', hidden=32, homo_boost_thrd=0.8, homo_loss_weight=50.0, inner=1, lr=0.01, model='GCN', no_cuda=False, prune_thr=0.8, seed=673, selection_method='cluster_degree', target_class=0, target_loss_weight=1, test_model='GraphSage', thrd=0.5, train_lr=0.01, trigger_size=3, trojan_epochs=1000, use_vs_number=True, vs_number=400, vs_ratio=0, weight_decay=0.0005)
target class rate on Vs: 0.9850
accuracy on clean test nodes: 0.6344
Overall ASR: 0.9358
Flip ASR: 0.9355/16875 nodes
Namespace(cuda=True, dataset='ogbn-arxiv', debug=True, defense_mode='none', device_id=1, dis_weight=0.0, dropout=0.5, epochs=200, evaluate_mode='1by1', hidden=32, homo_boost_thrd=0.8, homo_loss_weight=50.0, inner=1, lr=0.01, model='GCN', no_cuda=False, prune_thr=0.8, seed=904, selection_method='cluster_degree', target_class=0, target_loss_weight=1, test_model='GraphSage', thrd=0.5, train_lr=0.01, trigger_size=3, trojan_epochs=1000, use_vs_number=True, vs_number=400, vs_ratio=0, weight_decay=0.0005)
target class rate on Vs: 0.9925
accuracy on clean test nodes: 0.6349
Overall ASR: 0.9475
Flip ASR: 0.9473/16875 nodes
Namespace(cuda=True, dataset='ogbn-arxiv', debug=True, defense_mode='none', device_id=1, dis_weight=0.0, dropout=0.5, epochs=200, evaluate_mode='1by1', hidden=32, homo_boost_thrd=0.8, homo_loss_weight=50.0, inner=1, lr=0.01, model='GCN', no_cuda=False, prune_thr=0.8, seed=56, selection_method='cluster_degree', target_class=0, target_loss_weight=1, test_model='GraphSage', thrd=0.5, train_lr=0.01, trigger_size=3, trojan_epochs=1000, use_vs_number=True, vs_number=400, vs_ratio=0, weight_decay=0.0005)
target class rate on Vs: 0.9975
accuracy on clean test nodes: 0.6372
Overall ASR: 0.9525
Flip ASR: 0.9524/16875 nodes
Namespace(cuda=True, dataset='ogbn-arxiv', debug=True, defense_mode='none', device_id=1, dis_weight=0.0, dropout=0.5, epochs=200, evaluate_mode='1by1', hidden=32, homo_boost_thrd=0.8, homo_loss_weight=50.0, inner=1, lr=0.01, model='GCN', no_cuda=False, prune_thr=0.8, seed=1, selection_method='cluster_degree', target_class=0, target_loss_weight=1, test_model='GraphSage', thrd=0.5, train_lr=0.01, trigger_size=3, trojan_epochs=1000, use_vs_number=True, vs_number=400, vs_ratio=0, weight_decay=0.0005)
target class rate on Vs: 0.9725
accuracy on clean test nodes: 0.6403
Overall ASR: 0.9353
Flip ASR: 0.9351/16875 nodes
Namespace(cuda=True, dataset='ogbn-arxiv', debug=True, defense_mode='none', device_id=1, dis_weight=0.0, dropout=0.5, epochs=200, evaluate_mode='1by1', hidden=32, homo_boost_thrd=0.8, homo_loss_weight=50.0, inner=1, lr=0.01, model='GCN', no_cuda=False, prune_thr=0.8, seed=694, selection_method='cluster_degree', target_class=0, target_loss_weight=1, test_model='GraphSage', thrd=0.5, train_lr=0.01, trigger_size=3, trojan_epochs=1000, use_vs_number=True, vs_number=400, vs_ratio=0, weight_decay=0.0005)
target class rate on Vs: 0.9725
accuracy on clean test nodes: 0.6312
Overall ASR: 0.9341
Flip ASR: 0.9339/16875 nodes
Overall ASR: 0.9410 (GraphSage model, Seed: 694)
Overall Clean Accuracy: 0.6356
Total Overall ASR: 0.9756 
Total Clean Accuracy: 0.6391
