nohup: ignoring input
run_clean.py:8: DeprecationWarning: the imp module is deprecated in favour of importlib; see the module's documentation for alternative uses
  import imp
Namespace(cuda=True, dataset='Cora', debug=True, defense_mode='prune', device_id=0, dis_weight=1, dropout=0.5, epochs=200, evaluate_mode='1by1', hidden=32, homo_boost_thrd=0.5, homo_loss_weight=0.0, inner=1, lr=0.01, model='GCN', no_cuda=False, prune_thr=0.1, seed=10, selection_method='none', target_class=0, target_loss_weight=1, test_model='GCN', thrd=0.5, train_lr=0.01, trigger_size=3, trojan_epochs=400, use_vs_number=False, vs_number=0, vs_ratio=0, weight_decay=0.0005)
Namespace(cuda=True, dataset='Cora', debug=True, defense_mode='prune', device_id=0, dis_weight=1, dropout=0.5, epochs=200, evaluate_mode='1by1', hidden=32, homo_boost_thrd=0.5, homo_loss_weight=0.0, inner=1, lr=0.01, model='GCN', no_cuda=False, prune_thr=0.1, seed=265, selection_method='none', target_class=0, target_loss_weight=1, test_model='GCN', thrd=0.5, train_lr=0.01, trigger_size=3, trojan_epochs=400, use_vs_number=False, vs_number=0, vs_ratio=0, weight_decay=0.0005)
accuracy on clean test nodes: 0.8000 (GCN model, Seed: 265)
Namespace(cuda=True, dataset='Cora', debug=True, defense_mode='prune', device_id=0, dis_weight=1, dropout=0.5, epochs=200, evaluate_mode='1by1', hidden=32, homo_boost_thrd=0.5, homo_loss_weight=0.0, inner=1, lr=0.01, model='GCN', no_cuda=False, prune_thr=0.1, seed=125, selection_method='none', target_class=0, target_loss_weight=1, test_model='GCN', thrd=0.5, train_lr=0.01, trigger_size=3, trojan_epochs=400, use_vs_number=False, vs_number=0, vs_ratio=0, weight_decay=0.0005)
accuracy on clean test nodes: 0.8000 (GCN model, Seed: 125)
Namespace(cuda=True, dataset='Cora', debug=True, defense_mode='prune', device_id=0, dis_weight=1, dropout=0.5, epochs=200, evaluate_mode='1by1', hidden=32, homo_boost_thrd=0.5, homo_loss_weight=0.0, inner=1, lr=0.01, model='GCN', no_cuda=False, prune_thr=0.1, seed=996, selection_method='none', target_class=0, target_loss_weight=1, test_model='GCN', thrd=0.5, train_lr=0.01, trigger_size=3, trojan_epochs=400, use_vs_number=False, vs_number=0, vs_ratio=0, weight_decay=0.0005)
accuracy on clean test nodes: 0.8000 (GCN model, Seed: 996)
Namespace(cuda=True, dataset='Cora', debug=True, defense_mode='prune', device_id=0, dis_weight=1, dropout=0.5, epochs=200, evaluate_mode='1by1', hidden=32, homo_boost_thrd=0.5, homo_loss_weight=0.0, inner=1, lr=0.01, model='GCN', no_cuda=False, prune_thr=0.1, seed=527, selection_method='none', target_class=0, target_loss_weight=1, test_model='GCN', thrd=0.5, train_lr=0.01, trigger_size=3, trojan_epochs=400, use_vs_number=False, vs_number=0, vs_ratio=0, weight_decay=0.0005)
accuracy on clean test nodes: 0.7778 (GCN model, Seed: 527)
Namespace(cuda=True, dataset='Cora', debug=True, defense_mode='prune', device_id=0, dis_weight=1, dropout=0.5, epochs=200, evaluate_mode='1by1', hidden=32, homo_boost_thrd=0.5, homo_loss_weight=0.0, inner=1, lr=0.01, model='GCN', no_cuda=False, prune_thr=0.1, seed=320, selection_method='none', target_class=0, target_loss_weight=1, test_model='GCN', thrd=0.5, train_lr=0.01, trigger_size=3, trojan_epochs=400, use_vs_number=False, vs_number=0, vs_ratio=0, weight_decay=0.0005)
accuracy on clean test nodes: 0.8037 (GCN model, Seed: 320)
Overall Clean Accuracy: 0.7963 (GCN model)
Namespace(cuda=True, dataset='Cora', debug=True, defense_mode='prune', device_id=0, dis_weight=1, dropout=0.5, epochs=200, evaluate_mode='1by1', hidden=32, homo_boost_thrd=0.5, homo_loss_weight=0.0, inner=1, lr=0.01, model='GCN', no_cuda=False, prune_thr=0.1, seed=781, selection_method='none', target_class=0, target_loss_weight=1, test_model='GAT', thrd=0.5, train_lr=0.01, trigger_size=3, trojan_epochs=400, use_vs_number=False, vs_number=0, vs_ratio=0, weight_decay=0.0005)
/home/project-graph-backdoor/Backdoor/models/GAT.py:61: UserWarning: To copy construct from a tensor, it is recommended to use sourceTensor.clone().detach() or sourceTensor.clone().detach().requires_grad_(True), rather than torch.tensor(sourceTensor).
  self.labels = torch.tensor(labels, dtype=torch.long)
accuracy on clean test nodes: 0.8222 (GAT model, Seed: 781)
Namespace(cuda=True, dataset='Cora', debug=True, defense_mode='prune', device_id=0, dis_weight=1, dropout=0.5, epochs=200, evaluate_mode='1by1', hidden=32, homo_boost_thrd=0.5, homo_loss_weight=0.0, inner=1, lr=0.01, model='GCN', no_cuda=False, prune_thr=0.1, seed=706, selection_method='none', target_class=0, target_loss_weight=1, test_model='GAT', thrd=0.5, train_lr=0.01, trigger_size=3, trojan_epochs=400, use_vs_number=False, vs_number=0, vs_ratio=0, weight_decay=0.0005)
accuracy on clean test nodes: 0.8074 (GAT model, Seed: 706)
Namespace(cuda=True, dataset='Cora', debug=True, defense_mode='prune', device_id=0, dis_weight=1, dropout=0.5, epochs=200, evaluate_mode='1by1', hidden=32, homo_boost_thrd=0.5, homo_loss_weight=0.0, inner=1, lr=0.01, model='GCN', no_cuda=False, prune_thr=0.1, seed=778, selection_method='none', target_class=0, target_loss_weight=1, test_model='GAT', thrd=0.5, train_lr=0.01, trigger_size=3, trojan_epochs=400, use_vs_number=False, vs_number=0, vs_ratio=0, weight_decay=0.0005)
accuracy on clean test nodes: 0.8111 (GAT model, Seed: 778)
Namespace(cuda=True, dataset='Cora', debug=True, defense_mode='prune', device_id=0, dis_weight=1, dropout=0.5, epochs=200, evaluate_mode='1by1', hidden=32, homo_boost_thrd=0.5, homo_loss_weight=0.0, inner=1, lr=0.01, model='GCN', no_cuda=False, prune_thr=0.1, seed=604, selection_method='none', target_class=0, target_loss_weight=1, test_model='GAT', thrd=0.5, train_lr=0.01, trigger_size=3, trojan_epochs=400, use_vs_number=False, vs_number=0, vs_ratio=0, weight_decay=0.0005)
accuracy on clean test nodes: 0.8111 (GAT model, Seed: 604)
Namespace(cuda=True, dataset='Cora', debug=True, defense_mode='prune', device_id=0, dis_weight=1, dropout=0.5, epochs=200, evaluate_mode='1by1', hidden=32, homo_boost_thrd=0.5, homo_loss_weight=0.0, inner=1, lr=0.01, model='GCN', no_cuda=False, prune_thr=0.1, seed=133, selection_method='none', target_class=0, target_loss_weight=1, test_model='GAT', thrd=0.5, train_lr=0.01, trigger_size=3, trojan_epochs=400, use_vs_number=False, vs_number=0, vs_ratio=0, weight_decay=0.0005)
accuracy on clean test nodes: 0.8259 (GAT model, Seed: 133)
Overall Clean Accuracy: 0.8156 (GAT model)
Namespace(cuda=True, dataset='Cora', debug=True, defense_mode='prune', device_id=0, dis_weight=1, dropout=0.5, epochs=200, evaluate_mode='1by1', hidden=32, homo_boost_thrd=0.5, homo_loss_weight=0.0, inner=1, lr=0.01, model='GCN', no_cuda=False, prune_thr=0.1, seed=673, selection_method='none', target_class=0, target_loss_weight=1, test_model='GraphSage', thrd=0.5, train_lr=0.01, trigger_size=3, trojan_epochs=400, use_vs_number=False, vs_number=0, vs_ratio=0, weight_decay=0.0005)
accuracy on clean test nodes: 0.7704 (GraphSage model, Seed: 673)
Namespace(cuda=True, dataset='Cora', debug=True, defense_mode='prune', device_id=0, dis_weight=1, dropout=0.5, epochs=200, evaluate_mode='1by1', hidden=32, homo_boost_thrd=0.5, homo_loss_weight=0.0, inner=1, lr=0.01, model='GCN', no_cuda=False, prune_thr=0.1, seed=904, selection_method='none', target_class=0, target_loss_weight=1, test_model='GraphSage', thrd=0.5, train_lr=0.01, trigger_size=3, trojan_epochs=400, use_vs_number=False, vs_number=0, vs_ratio=0, weight_decay=0.0005)
accuracy on clean test nodes: 0.7667 (GraphSage model, Seed: 904)
Namespace(cuda=True, dataset='Cora', debug=True, defense_mode='prune', device_id=0, dis_weight=1, dropout=0.5, epochs=200, evaluate_mode='1by1', hidden=32, homo_boost_thrd=0.5, homo_loss_weight=0.0, inner=1, lr=0.01, model='GCN', no_cuda=False, prune_thr=0.1, seed=56, selection_method='none', target_class=0, target_loss_weight=1, test_model='GraphSage', thrd=0.5, train_lr=0.01, trigger_size=3, trojan_epochs=400, use_vs_number=False, vs_number=0, vs_ratio=0, weight_decay=0.0005)
accuracy on clean test nodes: 0.7852 (GraphSage model, Seed: 56)
Namespace(cuda=True, dataset='Cora', debug=True, defense_mode='prune', device_id=0, dis_weight=1, dropout=0.5, epochs=200, evaluate_mode='1by1', hidden=32, homo_boost_thrd=0.5, homo_loss_weight=0.0, inner=1, lr=0.01, model='GCN', no_cuda=False, prune_thr=0.1, seed=1, selection_method='none', target_class=0, target_loss_weight=1, test_model='GraphSage', thrd=0.5, train_lr=0.01, trigger_size=3, trojan_epochs=400, use_vs_number=False, vs_number=0, vs_ratio=0, weight_decay=0.0005)
accuracy on clean test nodes: 0.7852 (GraphSage model, Seed: 1)
Namespace(cuda=True, dataset='Cora', debug=True, defense_mode='prune', device_id=0, dis_weight=1, dropout=0.5, epochs=200, evaluate_mode='1by1', hidden=32, homo_boost_thrd=0.5, homo_loss_weight=0.0, inner=1, lr=0.01, model='GCN', no_cuda=False, prune_thr=0.1, seed=694, selection_method='none', target_class=0, target_loss_weight=1, test_model='GraphSage', thrd=0.5, train_lr=0.01, trigger_size=3, trojan_epochs=400, use_vs_number=False, vs_number=0, vs_ratio=0, weight_decay=0.0005)
accuracy on clean test nodes: 0.7852 (GraphSage model, Seed: 694)
Overall Clean Accuracy: 0.7785 (GraphSage model)
Total Clean Accuracy: 0.7968
