nohup: ignoring input
run_adaptive.py:8: DeprecationWarning: the imp module is deprecated in favour of importlib; see the module's documentation for alternative uses
  import imp
Namespace(cuda=True, dataset='Cora', debug=True, defense_mode='none', device_id=2, dis_weight=0.0, dropout=0.5, epochs=200, evaluate_mode='1by1', hidden=32, homo_boost_thrd=0.5, homo_loss_weight=100.0, inner=1, lr=0.01, model='GCN', no_cuda=False, prune_thr=0.1, seed=10, selection_method='none', target_class=0, target_loss_weight=1, test_model='GCN', thrd=0.5, train_lr=0.01, trigger_size=3, trojan_epochs=2000, use_vs_number=True, vs_number=3, vs_ratio=0, weight_decay=0.0005)
Downloading https://github.com/kimiyoung/planetoid/raw/master/data/ind.cora.x
Downloading https://github.com/kimiyoung/planetoid/raw/master/data/ind.cora.tx
Downloading https://github.com/kimiyoung/planetoid/raw/master/data/ind.cora.allx
Downloading https://github.com/kimiyoung/planetoid/raw/master/data/ind.cora.y
Downloading https://github.com/kimiyoung/planetoid/raw/master/data/ind.cora.ty
Downloading https://github.com/kimiyoung/planetoid/raw/master/data/ind.cora.ally
Downloading https://github.com/kimiyoung/planetoid/raw/master/data/ind.cora.graph
Downloading https://github.com/kimiyoung/planetoid/raw/master/data/ind.cora.test.index
Processing...
Done!
#Attach Nodes:3
idx_attach: tensor([1032, 1201,  760], device='cuda:2')
tensor([   0,    2,    3,  ..., 2704, 2705, 2706], device='cuda:2')
Epoch 0, loss_inner: 1.94621, loss_target: 1.93212, homo loss: 0.49824 
acc_train_clean: 0.1054, ASR_train_attach: 0.0000, ASR_train_outter: 0.0058
Epoch 10, loss_inner: 1.76939, loss_target: 1.11094, homo loss: 0.23934 
acc_train_clean: 0.3105, ASR_train_attach: 1.0000, ASR_train_outter: 0.9631
Epoch 20, loss_inner: 1.63291, loss_target: 1.51798, homo loss: 0.02205 
acc_train_clean: 0.2939, ASR_train_attach: 0.6667, ASR_train_outter: 0.4524
Epoch 30, loss_inner: 1.45271, loss_target: 0.83625, homo loss: 0.00004 
acc_train_clean: 0.4436, ASR_train_attach: 1.0000, ASR_train_outter: 0.9942
Epoch 40, loss_inner: 1.24577, loss_target: 0.68533, homo loss: 0.00001 
acc_train_clean: 0.6932, ASR_train_attach: 1.0000, ASR_train_outter: 0.9767
Epoch 50, loss_inner: 1.02463, loss_target: 0.89577, homo loss: 0.00821 
acc_train_clean: 0.8336, ASR_train_attach: 1.0000, ASR_train_outter: 1.0000
Epoch 60, loss_inner: 0.83736, loss_target: 0.53828, homo loss: 0.00007 
acc_train_clean: 0.8983, ASR_train_attach: 1.0000, ASR_train_outter: 0.9184
Epoch 70, loss_inner: 0.68377, loss_target: 0.40733, homo loss: 0.00001 
acc_train_clean: 0.9261, ASR_train_attach: 1.0000, ASR_train_outter: 1.0000
Epoch 80, loss_inner: 0.57403, loss_target: 0.32675, homo loss: 0.00001 
acc_train_clean: 0.9427, ASR_train_attach: 1.0000, ASR_train_outter: 0.9981
Epoch 90, loss_inner: 0.49949, loss_target: 0.29039, homo loss: 0.00000 
acc_train_clean: 0.9501, ASR_train_attach: 1.0000, ASR_train_outter: 0.9903
Epoch 100, loss_inner: 0.44534, loss_target: 0.26679, homo loss: 0.00000 
acc_train_clean: 0.9538, ASR_train_attach: 1.0000, ASR_train_outter: 0.9981
Epoch 110, loss_inner: 0.40538, loss_target: 0.23962, homo loss: 0.00002 
acc_train_clean: 0.9593, ASR_train_attach: 1.0000, ASR_train_outter: 0.9981
Epoch 120, loss_inner: 0.37638, loss_target: 0.21200, homo loss: 0.00000 
acc_train_clean: 0.9649, ASR_train_attach: 1.0000, ASR_train_outter: 1.0000
Epoch 130, loss_inner: 0.35210, loss_target: 0.20944, homo loss: 0.00000 
acc_train_clean: 0.9667, ASR_train_attach: 1.0000, ASR_train_outter: 0.9864
Epoch 140, loss_inner: 0.33198, loss_target: 0.31402, homo loss: 0.00621 
acc_train_clean: 0.9667, ASR_train_attach: 1.0000, ASR_train_outter: 0.9767
Epoch 150, loss_inner: 0.31643, loss_target: 0.22514, homo loss: 0.00000 
acc_train_clean: 0.9686, ASR_train_attach: 1.0000, ASR_train_outter: 0.9883
Epoch 160, loss_inner: 0.30401, loss_target: 0.18997, homo loss: 0.00001 
acc_train_clean: 0.9686, ASR_train_attach: 1.0000, ASR_train_outter: 0.9961
Epoch 170, loss_inner: 0.29182, loss_target: 0.17257, homo loss: 0.00001 
acc_train_clean: 0.9741, ASR_train_attach: 1.0000, ASR_train_outter: 1.0000
Epoch 180, loss_inner: 0.28177, loss_target: 0.16931, homo loss: 0.00001 
acc_train_clean: 0.9741, ASR_train_attach: 1.0000, ASR_train_outter: 1.0000
Epoch 190, loss_inner: 0.27506, loss_target: 0.28838, homo loss: 0.00027 
acc_train_clean: 0.9723, ASR_train_attach: 1.0000, ASR_train_outter: 0.9942
Epoch 200, loss_inner: 0.26334, loss_target: 0.18712, homo loss: 0.00000 
acc_train_clean: 0.9797, ASR_train_attach: 1.0000, ASR_train_outter: 0.9806
Epoch 210, loss_inner: 0.25904, loss_target: 0.16912, homo loss: 0.00000 
acc_train_clean: 0.9778, ASR_train_attach: 1.0000, ASR_train_outter: 0.9942
Epoch 220, loss_inner: 0.25302, loss_target: 0.15573, homo loss: 0.00000 
acc_train_clean: 0.9778, ASR_train_attach: 1.0000, ASR_train_outter: 1.0000
Epoch 230, loss_inner: 0.24791, loss_target: 0.18190, homo loss: 0.00003 
acc_train_clean: 0.9778, ASR_train_attach: 1.0000, ASR_train_outter: 0.9631
Epoch 240, loss_inner: 0.24466, loss_target: 0.19476, homo loss: 0.00011 
acc_train_clean: 0.9778, ASR_train_attach: 0.6667, ASR_train_outter: 0.9903
Epoch 250, loss_inner: 0.23804, loss_target: 0.15944, homo loss: 0.00003 
acc_train_clean: 0.9778, ASR_train_attach: 1.0000, ASR_train_outter: 1.0000
Epoch 260, loss_inner: 0.23440, loss_target: 0.14894, homo loss: 0.00001 
acc_train_clean: 0.9778, ASR_train_attach: 1.0000, ASR_train_outter: 1.0000
Epoch 270, loss_inner: 0.23026, loss_target: 0.16295, homo loss: 0.00000 
acc_train_clean: 0.9797, ASR_train_attach: 1.0000, ASR_train_outter: 1.0000
Epoch 280, loss_inner: 0.22706, loss_target: 0.39322, homo loss: 0.00019 
acc_train_clean: 0.9797, ASR_train_attach: 1.0000, ASR_train_outter: 1.0000
Epoch 290, loss_inner: 0.22413, loss_target: 0.23163, homo loss: 0.00001 
acc_train_clean: 0.9815, ASR_train_attach: 1.0000, ASR_train_outter: 0.9146
Epoch 300, loss_inner: 0.22141, loss_target: 0.15836, homo loss: 0.00000 
acc_train_clean: 0.9797, ASR_train_attach: 1.0000, ASR_train_outter: 0.9922
Epoch 310, loss_inner: 0.21836, loss_target: 0.14206, homo loss: 0.00000 
acc_train_clean: 0.9797, ASR_train_attach: 1.0000, ASR_train_outter: 1.0000
Epoch 320, loss_inner: 0.21559, loss_target: 0.13630, homo loss: 0.00000 
acc_train_clean: 0.9797, ASR_train_attach: 1.0000, ASR_train_outter: 0.9981
Epoch 330, loss_inner: 0.21349, loss_target: 0.13382, homo loss: 0.00001 
acc_train_clean: 0.9797, ASR_train_attach: 1.0000, ASR_train_outter: 1.0000
Epoch 340, loss_inner: 0.21133, loss_target: 0.13342, homo loss: 0.00006 
acc_train_clean: 0.9797, ASR_train_attach: 1.0000, ASR_train_outter: 1.0000
Epoch 350, loss_inner: 0.20989, loss_target: 0.41558, homo loss: 0.00000 
acc_train_clean: 0.9797, ASR_train_attach: 1.0000, ASR_train_outter: 0.6854
Epoch 360, loss_inner: 0.20741, loss_target: 0.16759, homo loss: 0.00041 
acc_train_clean: 0.9797, ASR_train_attach: 1.0000, ASR_train_outter: 0.9883
Epoch 370, loss_inner: 0.20641, loss_target: 0.15036, homo loss: 0.00002 
acc_train_clean: 0.9797, ASR_train_attach: 1.0000, ASR_train_outter: 1.0000
Epoch 380, loss_inner: 0.20456, loss_target: 0.13470, homo loss: 0.00000 
acc_train_clean: 0.9797, ASR_train_attach: 1.0000, ASR_train_outter: 0.9981
Epoch 390, loss_inner: 0.20345, loss_target: 0.13005, homo loss: 0.00000 
acc_train_clean: 0.9797, ASR_train_attach: 1.0000, ASR_train_outter: 1.0000
Epoch 400, loss_inner: 0.20167, loss_target: 0.12749, homo loss: 0.00000 
acc_train_clean: 0.9797, ASR_train_attach: 1.0000, ASR_train_outter: 1.0000
Epoch 410, loss_inner: 0.19985, loss_target: 0.48675, homo loss: 0.00026 
acc_train_clean: 0.9815, ASR_train_attach: 1.0000, ASR_train_outter: 1.0000
Epoch 420, loss_inner: 0.20162, loss_target: 0.17072, homo loss: 0.00003 
acc_train_clean: 0.9815, ASR_train_attach: 1.0000, ASR_train_outter: 0.9689
Epoch 430, loss_inner: 0.19888, loss_target: 0.15066, homo loss: 0.00000 
acc_train_clean: 0.9834, ASR_train_attach: 1.0000, ASR_train_outter: 1.0000
Epoch 440, loss_inner: 0.19846, loss_target: 0.13010, homo loss: 0.00000 
acc_train_clean: 0.9815, ASR_train_attach: 1.0000, ASR_train_outter: 1.0000
Epoch 450, loss_inner: 0.19734, loss_target: 0.12627, homo loss: 0.00000 
acc_train_clean: 0.9797, ASR_train_attach: 1.0000, ASR_train_outter: 1.0000
Epoch 460, loss_inner: 0.19566, loss_target: 0.34948, homo loss: 0.00000 
acc_train_clean: 0.9834, ASR_train_attach: 1.0000, ASR_train_outter: 0.9359
Epoch 470, loss_inner: 0.19613, loss_target: 0.16922, homo loss: 0.00001 
acc_train_clean: 0.9852, ASR_train_attach: 1.0000, ASR_train_outter: 0.9631
Epoch 480, loss_inner: 0.19511, loss_target: 0.13793, homo loss: 0.00000 
acc_train_clean: 0.9815, ASR_train_attach: 1.0000, ASR_train_outter: 0.9981
Epoch 490, loss_inner: 0.19410, loss_target: 0.12813, homo loss: 0.00000 
acc_train_clean: 0.9834, ASR_train_attach: 1.0000, ASR_train_outter: 0.9981
Epoch 500, loss_inner: 0.19320, loss_target: 0.12575, homo loss: 0.00001 
acc_train_clean: 0.9834, ASR_train_attach: 1.0000, ASR_train_outter: 1.0000
Epoch 510, loss_inner: 0.19218, loss_target: 0.12400, homo loss: 0.00000 
acc_train_clean: 0.9834, ASR_train_attach: 1.0000, ASR_train_outter: 1.0000
Epoch 520, loss_inner: 0.19209, loss_target: 0.12720, homo loss: 0.00003 
acc_train_clean: 0.9834, ASR_train_attach: 1.0000, ASR_train_outter: 1.0000
Epoch 530, loss_inner: 0.19477, loss_target: 0.26429, homo loss: 0.00037 
acc_train_clean: 0.9834, ASR_train_attach: 1.0000, ASR_train_outter: 0.9942
Epoch 540, loss_inner: 0.19321, loss_target: 0.18300, homo loss: 0.00001 
acc_train_clean: 0.9834, ASR_train_attach: 1.0000, ASR_train_outter: 0.9709
Epoch 550, loss_inner: 0.18957, loss_target: 0.14716, homo loss: 0.00001 
acc_train_clean: 0.9834, ASR_train_attach: 1.0000, ASR_train_outter: 0.9942
Epoch 560, loss_inner: 0.19124, loss_target: 0.13475, homo loss: 0.00001 
acc_train_clean: 0.9815, ASR_train_attach: 1.0000, ASR_train_outter: 1.0000
Epoch 570, loss_inner: 0.19080, loss_target: 0.13188, homo loss: 0.00000 
acc_train_clean: 0.9834, ASR_train_attach: 1.0000, ASR_train_outter: 0.9981
Epoch 580, loss_inner: 0.18994, loss_target: 0.13264, homo loss: 0.00000 
acc_train_clean: 0.9834, ASR_train_attach: 1.0000, ASR_train_outter: 0.9981
Epoch 590, loss_inner: 0.18932, loss_target: 0.13887, homo loss: 0.00003 
acc_train_clean: 0.9834, ASR_train_attach: 1.0000, ASR_train_outter: 1.0000
Epoch 600, loss_inner: 0.18860, loss_target: 0.12941, homo loss: 0.00000 
acc_train_clean: 0.9834, ASR_train_attach: 1.0000, ASR_train_outter: 1.0000
Epoch 610, loss_inner: 0.18877, loss_target: 0.12960, homo loss: 0.00000 
acc_train_clean: 0.9834, ASR_train_attach: 1.0000, ASR_train_outter: 0.9864
Epoch 620, loss_inner: 0.18943, loss_target: 0.60380, homo loss: 0.02356 
acc_train_clean: 0.9815, ASR_train_attach: 1.0000, ASR_train_outter: 1.0000
Epoch 630, loss_inner: 0.18889, loss_target: 0.18557, homo loss: 0.00009 
acc_train_clean: 0.9852, ASR_train_attach: 1.0000, ASR_train_outter: 0.9515
Epoch 640, loss_inner: 0.18780, loss_target: 0.14137, homo loss: 0.00000 
acc_train_clean: 0.9834, ASR_train_attach: 1.0000, ASR_train_outter: 0.9903
Epoch 650, loss_inner: 0.18788, loss_target: 0.13061, homo loss: 0.00000 
acc_train_clean: 0.9834, ASR_train_attach: 1.0000, ASR_train_outter: 1.0000
Epoch 660, loss_inner: 0.18753, loss_target: 0.12615, homo loss: 0.00000 
acc_train_clean: 0.9834, ASR_train_attach: 1.0000, ASR_train_outter: 1.0000
Epoch 670, loss_inner: 0.18726, loss_target: 0.12901, homo loss: 0.00000 
acc_train_clean: 0.9834, ASR_train_attach: 1.0000, ASR_train_outter: 0.9981
Epoch 680, loss_inner: 0.18695, loss_target: 0.12957, homo loss: 0.00001 
acc_train_clean: 0.9834, ASR_train_attach: 1.0000, ASR_train_outter: 1.0000
Epoch 690, loss_inner: 0.18680, loss_target: 0.12930, homo loss: 0.00000 
acc_train_clean: 0.9834, ASR_train_attach: 1.0000, ASR_train_outter: 0.9981
Epoch 700, loss_inner: 0.18654, loss_target: 0.12904, homo loss: 0.00000 
acc_train_clean: 0.9852, ASR_train_attach: 1.0000, ASR_train_outter: 0.9883
Epoch 710, loss_inner: 0.18635, loss_target: 0.13289, homo loss: 0.00000 
acc_train_clean: 0.9852, ASR_train_attach: 1.0000, ASR_train_outter: 1.0000
Epoch 720, loss_inner: 0.18645, loss_target: 0.55930, homo loss: 0.00219 
acc_train_clean: 0.9834, ASR_train_attach: 1.0000, ASR_train_outter: 1.0000
Epoch 730, loss_inner: 0.18723, loss_target: 0.30861, homo loss: 0.00000 
acc_train_clean: 0.9889, ASR_train_attach: 1.0000, ASR_train_outter: 0.8330
Epoch 740, loss_inner: 0.18589, loss_target: 0.15386, homo loss: 0.00001 
acc_train_clean: 0.9871, ASR_train_attach: 1.0000, ASR_train_outter: 1.0000
Epoch 750, loss_inner: 0.18572, loss_target: 0.13253, homo loss: 0.00000 
acc_train_clean: 0.9871, ASR_train_attach: 1.0000, ASR_train_outter: 1.0000
Epoch 760, loss_inner: 0.18605, loss_target: 0.12754, homo loss: 0.00000 
acc_train_clean: 0.9871, ASR_train_attach: 1.0000, ASR_train_outter: 1.0000
Epoch 770, loss_inner: 0.18577, loss_target: 0.12381, homo loss: 0.00000 
acc_train_clean: 0.9871, ASR_train_attach: 1.0000, ASR_train_outter: 1.0000
Epoch 780, loss_inner: 0.18563, loss_target: 0.12207, homo loss: 0.00000 
acc_train_clean: 0.9852, ASR_train_attach: 1.0000, ASR_train_outter: 1.0000
Epoch 790, loss_inner: 0.18547, loss_target: 0.12126, homo loss: 0.00000 
acc_train_clean: 0.9852, ASR_train_attach: 1.0000, ASR_train_outter: 1.0000
Epoch 800, loss_inner: 0.18530, loss_target: 0.12033, homo loss: 0.00001 
acc_train_clean: 0.9852, ASR_train_attach: 1.0000, ASR_train_outter: 1.0000
Epoch 810, loss_inner: 0.18522, loss_target: 0.12121, homo loss: 0.00000 
acc_train_clean: 0.9852, ASR_train_attach: 1.0000, ASR_train_outter: 1.0000
Epoch 820, loss_inner: 0.18513, loss_target: 0.12059, homo loss: 0.00003 
acc_train_clean: 0.9852, ASR_train_attach: 1.0000, ASR_train_outter: 1.0000
Epoch 830, loss_inner: 0.18450, loss_target: 0.32076, homo loss: 0.00000 
acc_train_clean: 0.9871, ASR_train_attach: 1.0000, ASR_train_outter: 1.0000
Epoch 840, loss_inner: 0.18502, loss_target: 0.16550, homo loss: 0.00001 
acc_train_clean: 0.9889, ASR_train_attach: 1.0000, ASR_train_outter: 0.9922
Epoch 850, loss_inner: 0.18512, loss_target: 0.13183, homo loss: 0.00000 
acc_train_clean: 0.9871, ASR_train_attach: 1.0000, ASR_train_outter: 0.9961
Epoch 860, loss_inner: 0.18499, loss_target: 0.12396, homo loss: 0.00000 
acc_train_clean: 0.9852, ASR_train_attach: 1.0000, ASR_train_outter: 1.0000
Epoch 870, loss_inner: 0.18486, loss_target: 0.12169, homo loss: 0.00001 
acc_train_clean: 0.9852, ASR_train_attach: 1.0000, ASR_train_outter: 1.0000
Epoch 880, loss_inner: 0.18467, loss_target: 0.13662, homo loss: 0.00001 
acc_train_clean: 0.9871, ASR_train_attach: 1.0000, ASR_train_outter: 1.0000
Epoch 890, loss_inner: 0.18466, loss_target: 0.12141, homo loss: 0.00001 
acc_train_clean: 0.9871, ASR_train_attach: 1.0000, ASR_train_outter: 1.0000
Epoch 900, loss_inner: 0.18442, loss_target: 0.11983, homo loss: 0.00001 
acc_train_clean: 0.9871, ASR_train_attach: 1.0000, ASR_train_outter: 1.0000
Epoch 910, loss_inner: 0.18446, loss_target: 0.16310, homo loss: 0.00000 
acc_train_clean: 0.9852, ASR_train_attach: 1.0000, ASR_train_outter: 0.9417
Epoch 920, loss_inner: 0.18649, loss_target: 0.29908, homo loss: 0.00001 
acc_train_clean: 0.9871, ASR_train_attach: 0.6667, ASR_train_outter: 0.8272
Epoch 930, loss_inner: 0.18601, loss_target: 0.15091, homo loss: 0.00001 
acc_train_clean: 0.9852, ASR_train_attach: 1.0000, ASR_train_outter: 0.9845
Epoch 940, loss_inner: 0.18485, loss_target: 0.13233, homo loss: 0.00000 
acc_train_clean: 0.9852, ASR_train_attach: 1.0000, ASR_train_outter: 1.0000
Epoch 950, loss_inner: 0.18442, loss_target: 0.12387, homo loss: 0.00001 
acc_train_clean: 0.9871, ASR_train_attach: 1.0000, ASR_train_outter: 1.0000
Epoch 960, loss_inner: 0.18439, loss_target: 0.12174, homo loss: 0.00000 
acc_train_clean: 0.9871, ASR_train_attach: 1.0000, ASR_train_outter: 1.0000
Epoch 970, loss_inner: 0.18423, loss_target: 0.12036, homo loss: 0.00000 
acc_train_clean: 0.9871, ASR_train_attach: 1.0000, ASR_train_outter: 1.0000
Epoch 980, loss_inner: 0.18409, loss_target: 0.12348, homo loss: 0.00001 
acc_train_clean: 0.9871, ASR_train_attach: 1.0000, ASR_train_outter: 1.0000
Epoch 990, loss_inner: 0.18614, loss_target: 0.40088, homo loss: 0.00004 
acc_train_clean: 0.9871, ASR_train_attach: 0.6667, ASR_train_outter: 0.7709
Epoch 1000, loss_inner: 0.18442, loss_target: 0.15616, homo loss: 0.00000 
acc_train_clean: 0.9871, ASR_train_attach: 1.0000, ASR_train_outter: 0.9748
Epoch 1010, loss_inner: 0.18392, loss_target: 0.13637, homo loss: 0.00000 
acc_train_clean: 0.9852, ASR_train_attach: 1.0000, ASR_train_outter: 0.9961
Epoch 1020, loss_inner: 0.18492, loss_target: 0.12773, homo loss: 0.00000 
acc_train_clean: 0.9852, ASR_train_attach: 1.0000, ASR_train_outter: 0.9981
Epoch 1030, loss_inner: 0.18400, loss_target: 0.12221, homo loss: 0.00000 
acc_train_clean: 0.9871, ASR_train_attach: 1.0000, ASR_train_outter: 1.0000
Epoch 1040, loss_inner: 0.18419, loss_target: 0.12007, homo loss: 0.00000 
acc_train_clean: 0.9852, ASR_train_attach: 1.0000, ASR_train_outter: 1.0000
Epoch 1050, loss_inner: 0.18402, loss_target: 0.11828, homo loss: 0.00000 
acc_train_clean: 0.9871, ASR_train_attach: 1.0000, ASR_train_outter: 1.0000
Epoch 1060, loss_inner: 0.18399, loss_target: 0.11863, homo loss: 0.00000 
acc_train_clean: 0.9871, ASR_train_attach: 1.0000, ASR_train_outter: 1.0000
Epoch 1070, loss_inner: 0.18740, loss_target: 0.51978, homo loss: 0.00002 
acc_train_clean: 0.9871, ASR_train_attach: 0.6667, ASR_train_outter: 0.7786
Epoch 1080, loss_inner: 0.18469, loss_target: 0.14604, homo loss: 0.00000 
acc_train_clean: 0.9889, ASR_train_attach: 1.0000, ASR_train_outter: 0.9767
Epoch 1090, loss_inner: 0.18385, loss_target: 0.14144, homo loss: 0.00000 
acc_train_clean: 0.9871, ASR_train_attach: 1.0000, ASR_train_outter: 0.9806
Epoch 1100, loss_inner: 0.18405, loss_target: 0.12702, homo loss: 0.00000 
acc_train_clean: 0.9871, ASR_train_attach: 1.0000, ASR_train_outter: 0.9981
Epoch 1110, loss_inner: 0.18390, loss_target: 0.11986, homo loss: 0.00000 
acc_train_clean: 0.9871, ASR_train_attach: 1.0000, ASR_train_outter: 1.0000
Epoch 1120, loss_inner: 0.18379, loss_target: 0.11830, homo loss: 0.00000 
acc_train_clean: 0.9852, ASR_train_attach: 1.0000, ASR_train_outter: 1.0000
Epoch 1130, loss_inner: 0.18375, loss_target: 0.12345, homo loss: 0.00001 
acc_train_clean: 0.9871, ASR_train_attach: 1.0000, ASR_train_outter: 1.0000
Epoch 1140, loss_inner: 0.18376, loss_target: 0.12052, homo loss: 0.00002 
acc_train_clean: 0.9871, ASR_train_attach: 1.0000, ASR_train_outter: 1.0000
Epoch 1150, loss_inner: 0.18363, loss_target: 0.19115, homo loss: 0.00030 
acc_train_clean: 0.9871, ASR_train_attach: 1.0000, ASR_train_outter: 1.0000
Epoch 1160, loss_inner: 0.19053, loss_target: 0.24650, homo loss: 0.00567 
acc_train_clean: 0.9834, ASR_train_attach: 1.0000, ASR_train_outter: 0.9068
Epoch 1170, loss_inner: 0.18286, loss_target: 0.17144, homo loss: 0.00002 
acc_train_clean: 0.9871, ASR_train_attach: 1.0000, ASR_train_outter: 0.9922
Epoch 1180, loss_inner: 0.18445, loss_target: 0.13753, homo loss: 0.00000 
acc_train_clean: 0.9852, ASR_train_attach: 1.0000, ASR_train_outter: 1.0000
Epoch 1190, loss_inner: 0.18468, loss_target: 0.12780, homo loss: 0.00000 
acc_train_clean: 0.9852, ASR_train_attach: 1.0000, ASR_train_outter: 1.0000
Epoch 1200, loss_inner: 0.18426, loss_target: 0.12320, homo loss: 0.00000 
acc_train_clean: 0.9871, ASR_train_attach: 1.0000, ASR_train_outter: 1.0000
Epoch 1210, loss_inner: 0.18412, loss_target: 0.12147, homo loss: 0.00001 
acc_train_clean: 0.9852, ASR_train_attach: 1.0000, ASR_train_outter: 1.0000
Epoch 1220, loss_inner: 0.18473, loss_target: 0.14020, homo loss: 0.00001 
acc_train_clean: 0.9852, ASR_train_attach: 1.0000, ASR_train_outter: 0.9767
Epoch 1230, loss_inner: 0.18362, loss_target: 0.14032, homo loss: 0.00019 
acc_train_clean: 0.9871, ASR_train_attach: 1.0000, ASR_train_outter: 1.0000
Epoch 1240, loss_inner: 0.18463, loss_target: 0.13022, homo loss: 0.00013 
acc_train_clean: 0.9871, ASR_train_attach: 1.0000, ASR_train_outter: 0.9981
Epoch 1250, loss_inner: 0.18356, loss_target: 0.18016, homo loss: 0.00034 
acc_train_clean: 0.9871, ASR_train_attach: 1.0000, ASR_train_outter: 1.0000
Epoch 1260, loss_inner: 0.18369, loss_target: 0.17916, homo loss: 0.00002 
acc_train_clean: 0.9871, ASR_train_attach: 1.0000, ASR_train_outter: 1.0000
Epoch 1270, loss_inner: 0.18412, loss_target: 0.12901, homo loss: 0.00000 
acc_train_clean: 0.9871, ASR_train_attach: 1.0000, ASR_train_outter: 0.9981
Epoch 1280, loss_inner: 0.18377, loss_target: 0.12014, homo loss: 0.00000 
acc_train_clean: 0.9871, ASR_train_attach: 1.0000, ASR_train_outter: 0.9942
Epoch 1290, loss_inner: 0.18368, loss_target: 0.11850, homo loss: 0.00001 
acc_train_clean: 0.9889, ASR_train_attach: 1.0000, ASR_train_outter: 0.9981
Epoch 1300, loss_inner: 0.19543, loss_target: 1.20242, homo loss: 0.00353 
acc_train_clean: 0.9889, ASR_train_attach: 0.6667, ASR_train_outter: 0.3612
Epoch 1310, loss_inner: 0.18501, loss_target: 0.23966, homo loss: 0.00010 
acc_train_clean: 0.9834, ASR_train_attach: 1.0000, ASR_train_outter: 0.9049
Epoch 1320, loss_inner: 0.18403, loss_target: 0.16199, homo loss: 0.00000 
acc_train_clean: 0.9871, ASR_train_attach: 1.0000, ASR_train_outter: 0.9612
Epoch 1330, loss_inner: 0.18379, loss_target: 0.13517, homo loss: 0.00001 
acc_train_clean: 0.9871, ASR_train_attach: 1.0000, ASR_train_outter: 0.9961
Epoch 1340, loss_inner: 0.18380, loss_target: 0.12693, homo loss: 0.00000 
acc_train_clean: 0.9889, ASR_train_attach: 1.0000, ASR_train_outter: 1.0000
Epoch 1350, loss_inner: 0.18365, loss_target: 0.12268, homo loss: 0.00000 
acc_train_clean: 0.9871, ASR_train_attach: 1.0000, ASR_train_outter: 1.0000
Epoch 1360, loss_inner: 0.18356, loss_target: 0.12111, homo loss: 0.00000 
acc_train_clean: 0.9871, ASR_train_attach: 1.0000, ASR_train_outter: 1.0000
Epoch 1370, loss_inner: 0.18364, loss_target: 0.12052, homo loss: 0.00000 
acc_train_clean: 0.9889, ASR_train_attach: 1.0000, ASR_train_outter: 1.0000
Epoch 1380, loss_inner: 0.18346, loss_target: 0.12044, homo loss: 0.00001 
acc_train_clean: 0.9889, ASR_train_attach: 1.0000, ASR_train_outter: 1.0000
Epoch 1390, loss_inner: 0.18360, loss_target: 0.11980, homo loss: 0.00001 
acc_train_clean: 0.9889, ASR_train_attach: 1.0000, ASR_train_outter: 1.0000
Epoch 1400, loss_inner: 0.18330, loss_target: 0.12042, homo loss: 0.00000 
acc_train_clean: 0.9889, ASR_train_attach: 1.0000, ASR_train_outter: 1.0000
Epoch 1410, loss_inner: 0.18205, loss_target: 0.25350, homo loss: 0.00000 
acc_train_clean: 0.9852, ASR_train_attach: 1.0000, ASR_train_outter: 0.9981
Epoch 1420, loss_inner: 0.18467, loss_target: 0.14795, homo loss: 0.00000 
acc_train_clean: 0.9871, ASR_train_attach: 1.0000, ASR_train_outter: 0.9748
Epoch 1430, loss_inner: 0.18403, loss_target: 0.12623, homo loss: 0.00000 
acc_train_clean: 0.9871, ASR_train_attach: 1.0000, ASR_train_outter: 0.9981
Epoch 1440, loss_inner: 0.18395, loss_target: 0.12281, homo loss: 0.00000 
acc_train_clean: 0.9852, ASR_train_attach: 1.0000, ASR_train_outter: 0.9981
Epoch 1450, loss_inner: 0.18343, loss_target: 0.11874, homo loss: 0.00001 
acc_train_clean: 0.9889, ASR_train_attach: 1.0000, ASR_train_outter: 1.0000
Epoch 1460, loss_inner: 0.18378, loss_target: 0.14166, homo loss: 0.00000 
acc_train_clean: 0.9889, ASR_train_attach: 1.0000, ASR_train_outter: 0.9845
Epoch 1470, loss_inner: 0.18301, loss_target: 0.13041, homo loss: 0.00002 
acc_train_clean: 0.9871, ASR_train_attach: 1.0000, ASR_train_outter: 1.0000
Epoch 1480, loss_inner: 0.18368, loss_target: 0.12167, homo loss: 0.00008 
acc_train_clean: 0.9889, ASR_train_attach: 1.0000, ASR_train_outter: 1.0000
Epoch 1490, loss_inner: 0.18333, loss_target: 0.11848, homo loss: 0.00000 
acc_train_clean: 0.9889, ASR_train_attach: 1.0000, ASR_train_outter: 1.0000
Epoch 1500, loss_inner: 0.18348, loss_target: 0.12490, homo loss: 0.00004 
acc_train_clean: 0.9889, ASR_train_attach: 1.0000, ASR_train_outter: 1.0000
Epoch 1510, loss_inner: 0.18917, loss_target: 0.27306, homo loss: 0.00036 
acc_train_clean: 0.9908, ASR_train_attach: 1.0000, ASR_train_outter: 0.9922
Epoch 1520, loss_inner: 0.18236, loss_target: 0.17423, homo loss: 0.00010 
acc_train_clean: 0.9852, ASR_train_attach: 1.0000, ASR_train_outter: 0.9650
Epoch 1530, loss_inner: 0.18388, loss_target: 0.14433, homo loss: 0.00001 
acc_train_clean: 0.9889, ASR_train_attach: 1.0000, ASR_train_outter: 0.9942
Epoch 1540, loss_inner: 0.18422, loss_target: 0.12919, homo loss: 0.00000 
acc_train_clean: 0.9852, ASR_train_attach: 1.0000, ASR_train_outter: 0.9981
Epoch 1550, loss_inner: 0.18387, loss_target: 0.13003, homo loss: 0.00000 
acc_train_clean: 0.9871, ASR_train_attach: 1.0000, ASR_train_outter: 0.9981
Epoch 1560, loss_inner: 0.18374, loss_target: 0.12153, homo loss: 0.00000 
acc_train_clean: 0.9871, ASR_train_attach: 1.0000, ASR_train_outter: 1.0000
Epoch 1570, loss_inner: 0.18376, loss_target: 0.12073, homo loss: 0.00001 
acc_train_clean: 0.9871, ASR_train_attach: 1.0000, ASR_train_outter: 1.0000
Epoch 1580, loss_inner: 0.18328, loss_target: 0.12423, homo loss: 0.00000 
acc_train_clean: 0.9889, ASR_train_attach: 1.0000, ASR_train_outter: 1.0000
Epoch 1590, loss_inner: 0.18390, loss_target: 0.12646, homo loss: 0.00000 
acc_train_clean: 0.9871, ASR_train_attach: 1.0000, ASR_train_outter: 0.9981
Epoch 1600, loss_inner: 0.18365, loss_target: 0.12014, homo loss: 0.00000 
acc_train_clean: 0.9889, ASR_train_attach: 1.0000, ASR_train_outter: 1.0000
Epoch 1610, loss_inner: 0.18365, loss_target: 0.11855, homo loss: 0.00001 
acc_train_clean: 0.9871, ASR_train_attach: 1.0000, ASR_train_outter: 1.0000
Epoch 1620, loss_inner: 0.18397, loss_target: 0.16893, homo loss: 0.00000 
acc_train_clean: 0.9889, ASR_train_attach: 1.0000, ASR_train_outter: 0.9398
Epoch 1630, loss_inner: 0.18619, loss_target: 0.24846, homo loss: 0.00495 
acc_train_clean: 0.9871, ASR_train_attach: 1.0000, ASR_train_outter: 0.9165
Epoch 1640, loss_inner: 0.18356, loss_target: 0.16745, homo loss: 0.00004 
acc_train_clean: 0.9852, ASR_train_attach: 1.0000, ASR_train_outter: 0.9786
Epoch 1650, loss_inner: 0.18294, loss_target: 0.13437, homo loss: 0.00001 
acc_train_clean: 0.9871, ASR_train_attach: 1.0000, ASR_train_outter: 0.9981
Epoch 1660, loss_inner: 0.18401, loss_target: 0.12673, homo loss: 0.00000 
acc_train_clean: 0.9871, ASR_train_attach: 1.0000, ASR_train_outter: 1.0000
Epoch 1670, loss_inner: 0.18362, loss_target: 0.12113, homo loss: 0.00000 
acc_train_clean: 0.9889, ASR_train_attach: 1.0000, ASR_train_outter: 1.0000
Epoch 1680, loss_inner: 0.18332, loss_target: 0.11980, homo loss: 0.00001 
acc_train_clean: 0.9889, ASR_train_attach: 1.0000, ASR_train_outter: 1.0000
Epoch 1690, loss_inner: 0.18360, loss_target: 0.11875, homo loss: 0.00000 
acc_train_clean: 0.9889, ASR_train_attach: 1.0000, ASR_train_outter: 1.0000
Epoch 1700, loss_inner: 0.18356, loss_target: 0.11821, homo loss: 0.00000 
acc_train_clean: 0.9889, ASR_train_attach: 1.0000, ASR_train_outter: 1.0000
Epoch 1710, loss_inner: 0.18353, loss_target: 0.11774, homo loss: 0.00001 
acc_train_clean: 0.9889, ASR_train_attach: 1.0000, ASR_train_outter: 1.0000
Epoch 1720, loss_inner: 0.18370, loss_target: 0.15097, homo loss: 0.00000 
acc_train_clean: 0.9889, ASR_train_attach: 1.0000, ASR_train_outter: 0.9650
Epoch 1730, loss_inner: 0.18295, loss_target: 0.55466, homo loss: 0.00004 
acc_train_clean: 0.9871, ASR_train_attach: 1.0000, ASR_train_outter: 0.8913
Epoch 1740, loss_inner: 0.18449, loss_target: 0.17278, homo loss: 0.00003 
acc_train_clean: 0.9889, ASR_train_attach: 1.0000, ASR_train_outter: 0.9845
Epoch 1750, loss_inner: 0.18406, loss_target: 0.12930, homo loss: 0.00000 
acc_train_clean: 0.9871, ASR_train_attach: 1.0000, ASR_train_outter: 0.9922
Epoch 1760, loss_inner: 0.18368, loss_target: 0.11956, homo loss: 0.00001 
acc_train_clean: 0.9871, ASR_train_attach: 1.0000, ASR_train_outter: 1.0000
Epoch 1770, loss_inner: 0.18355, loss_target: 0.11611, homo loss: 0.00000 
acc_train_clean: 0.9889, ASR_train_attach: 1.0000, ASR_train_outter: 1.0000
Epoch 1780, loss_inner: 0.18337, loss_target: 0.11538, homo loss: 0.00000 
acc_train_clean: 0.9889, ASR_train_attach: 1.0000, ASR_train_outter: 1.0000
Epoch 1790, loss_inner: 0.18341, loss_target: 0.11515, homo loss: 0.00000 
acc_train_clean: 0.9889, ASR_train_attach: 1.0000, ASR_train_outter: 1.0000
Epoch 1800, loss_inner: 0.18326, loss_target: 0.11541, homo loss: 0.00000 
acc_train_clean: 0.9889, ASR_train_attach: 1.0000, ASR_train_outter: 1.0000
Epoch 1810, loss_inner: 0.18326, loss_target: 0.12384, homo loss: 0.00008 
acc_train_clean: 0.9889, ASR_train_attach: 1.0000, ASR_train_outter: 1.0000
Epoch 1820, loss_inner: 0.18263, loss_target: 0.20923, homo loss: 0.00033 
acc_train_clean: 0.9889, ASR_train_attach: 1.0000, ASR_train_outter: 0.9010
Epoch 1830, loss_inner: 0.18526, loss_target: 0.32992, homo loss: 0.00027 
acc_train_clean: 0.9871, ASR_train_attach: 1.0000, ASR_train_outter: 0.8388
Epoch 1840, loss_inner: 0.18424, loss_target: 0.18111, homo loss: 0.00004 
acc_train_clean: 0.9871, ASR_train_attach: 1.0000, ASR_train_outter: 0.9883
Epoch 1850, loss_inner: 0.18359, loss_target: 0.13808, homo loss: 0.00000 
acc_train_clean: 0.9852, ASR_train_attach: 1.0000, ASR_train_outter: 0.9981
Epoch 1860, loss_inner: 0.18381, loss_target: 0.12610, homo loss: 0.00000 
acc_train_clean: 0.9889, ASR_train_attach: 1.0000, ASR_train_outter: 0.9942
Epoch 1870, loss_inner: 0.18348, loss_target: 0.12051, homo loss: 0.00000 
acc_train_clean: 0.9889, ASR_train_attach: 1.0000, ASR_train_outter: 1.0000
Epoch 1880, loss_inner: 0.18355, loss_target: 0.11872, homo loss: 0.00000 
acc_train_clean: 0.9871, ASR_train_attach: 1.0000, ASR_train_outter: 1.0000
Epoch 1890, loss_inner: 0.18350, loss_target: 0.11763, homo loss: 0.00000 
acc_train_clean: 0.9889, ASR_train_attach: 1.0000, ASR_train_outter: 1.0000
Epoch 1900, loss_inner: 0.18335, loss_target: 0.13814, homo loss: 0.00005 
acc_train_clean: 0.9871, ASR_train_attach: 1.0000, ASR_train_outter: 1.0000
Epoch 1910, loss_inner: 0.18340, loss_target: 0.11701, homo loss: 0.00005 
acc_train_clean: 0.9889, ASR_train_attach: 1.0000, ASR_train_outter: 1.0000
Epoch 1920, loss_inner: 0.18320, loss_target: 0.12879, homo loss: 0.00000 
acc_train_clean: 0.9889, ASR_train_attach: 1.0000, ASR_train_outter: 0.9883
Epoch 1930, loss_inner: 0.18347, loss_target: 0.17609, homo loss: 0.00000 
acc_train_clean: 0.9871, ASR_train_attach: 1.0000, ASR_train_outter: 1.0000
Epoch 1940, loss_inner: 0.18375, loss_target: 0.12275, homo loss: 0.00000 
acc_train_clean: 0.9889, ASR_train_attach: 1.0000, ASR_train_outter: 0.9981
Epoch 1950, loss_inner: 0.18348, loss_target: 0.12073, homo loss: 0.00001 
acc_train_clean: 0.9889, ASR_train_attach: 1.0000, ASR_train_outter: 1.0000
Epoch 1960, loss_inner: 0.18349, loss_target: 0.11603, homo loss: 0.00000 
acc_train_clean: 0.9889, ASR_train_attach: 1.0000, ASR_train_outter: 1.0000
Epoch 1970, loss_inner: 0.18348, loss_target: 0.11603, homo loss: 0.00000 
acc_train_clean: 0.9889, ASR_train_attach: 1.0000, ASR_train_outter: 1.0000
Epoch 1980, loss_inner: 0.18346, loss_target: 0.11759, homo loss: 0.00005 
acc_train_clean: 0.9889, ASR_train_attach: 1.0000, ASR_train_outter: 1.0000
Epoch 1990, loss_inner: 0.18258, loss_target: 0.29551, homo loss: 0.00009 
acc_train_clean: 0.9889, ASR_train_attach: 1.0000, ASR_train_outter: 0.8058
load best weight based on the loss outter
precent of left attach nodes: 1.000
Namespace(cuda=True, dataset='Cora', debug=True, defense_mode='none', device_id=2, dis_weight=0.0, dropout=0.5, epochs=200, evaluate_mode='1by1', hidden=32, homo_boost_thrd=0.5, homo_loss_weight=100.0, inner=1, lr=0.01, model='GCN', no_cuda=False, prune_thr=0.1, seed=265, selection_method='none', target_class=0, target_loss_weight=1, test_model='GCN', thrd=0.5, train_lr=0.01, trigger_size=3, trojan_epochs=2000, use_vs_number=True, vs_number=3, vs_ratio=0, weight_decay=0.0005)
target class rate on Vs: 1.0000
accuracy on clean test nodes: 0.8222
Overall ASR: 0.9114
Flip ASR: 0.8933/225 nodes
Namespace(cuda=True, dataset='Cora', debug=True, defense_mode='none', device_id=2, dis_weight=0.0, dropout=0.5, epochs=200, evaluate_mode='1by1', hidden=32, homo_boost_thrd=0.5, homo_loss_weight=100.0, inner=1, lr=0.01, model='GCN', no_cuda=False, prune_thr=0.1, seed=125, selection_method='none', target_class=0, target_loss_weight=1, test_model='GCN', thrd=0.5, train_lr=0.01, trigger_size=3, trojan_epochs=2000, use_vs_number=True, vs_number=3, vs_ratio=0, weight_decay=0.0005)
target class rate on Vs: 1.0000
accuracy on clean test nodes: 0.8296
Overall ASR: 0.9041
Flip ASR: 0.8844/225 nodes
Namespace(cuda=True, dataset='Cora', debug=True, defense_mode='none', device_id=2, dis_weight=0.0, dropout=0.5, epochs=200, evaluate_mode='1by1', hidden=32, homo_boost_thrd=0.5, homo_loss_weight=100.0, inner=1, lr=0.01, model='GCN', no_cuda=False, prune_thr=0.1, seed=996, selection_method='none', target_class=0, target_loss_weight=1, test_model='GCN', thrd=0.5, train_lr=0.01, trigger_size=3, trojan_epochs=2000, use_vs_number=True, vs_number=3, vs_ratio=0, weight_decay=0.0005)
target class rate on Vs: 1.0000
accuracy on clean test nodes: 0.8259
Overall ASR: 0.8893
Flip ASR: 0.8711/225 nodes
Namespace(cuda=True, dataset='Cora', debug=True, defense_mode='none', device_id=2, dis_weight=0.0, dropout=0.5, epochs=200, evaluate_mode='1by1', hidden=32, homo_boost_thrd=0.5, homo_loss_weight=100.0, inner=1, lr=0.01, model='GCN', no_cuda=False, prune_thr=0.1, seed=527, selection_method='none', target_class=0, target_loss_weight=1, test_model='GCN', thrd=0.5, train_lr=0.01, trigger_size=3, trojan_epochs=2000, use_vs_number=True, vs_number=3, vs_ratio=0, weight_decay=0.0005)
target class rate on Vs: 1.0000
accuracy on clean test nodes: 0.8259
Overall ASR: 0.9262
Flip ASR: 0.9111/225 nodes
Namespace(cuda=True, dataset='Cora', debug=True, defense_mode='none', device_id=2, dis_weight=0.0, dropout=0.5, epochs=200, evaluate_mode='1by1', hidden=32, homo_boost_thrd=0.5, homo_loss_weight=100.0, inner=1, lr=0.01, model='GCN', no_cuda=False, prune_thr=0.1, seed=320, selection_method='none', target_class=0, target_loss_weight=1, test_model='GCN', thrd=0.5, train_lr=0.01, trigger_size=3, trojan_epochs=2000, use_vs_number=True, vs_number=3, vs_ratio=0, weight_decay=0.0005)
target class rate on Vs: 1.0000
accuracy on clean test nodes: 0.8444
Overall ASR: 0.8745
Flip ASR: 0.8489/225 nodes
Overall ASR: 0.9011 (GCN model, Seed: 320)
Overall Clean Accuracy: 0.8296
Namespace(cuda=True, dataset='Cora', debug=True, defense_mode='none', device_id=2, dis_weight=0.0, dropout=0.5, epochs=200, evaluate_mode='1by1', hidden=32, homo_boost_thrd=0.5, homo_loss_weight=100.0, inner=1, lr=0.01, model='GCN', no_cuda=False, prune_thr=0.1, seed=781, selection_method='none', target_class=0, target_loss_weight=1, test_model='GAT', thrd=0.5, train_lr=0.01, trigger_size=3, trojan_epochs=2000, use_vs_number=True, vs_number=3, vs_ratio=0, weight_decay=0.0005)
/home/project-graph-backdoor/Backdoor/models/GAT.py:61: UserWarning: To copy construct from a tensor, it is recommended to use sourceTensor.clone().detach() or sourceTensor.clone().detach().requires_grad_(True), rather than torch.tensor(sourceTensor).
  self.labels = torch.tensor(labels, dtype=torch.long)
target class rate on Vs: 0.6667
accuracy on clean test nodes: 0.8481
Overall ASR: 0.7306
Flip ASR: 0.6844/225 nodes
Namespace(cuda=True, dataset='Cora', debug=True, defense_mode='none', device_id=2, dis_weight=0.0, dropout=0.5, epochs=200, evaluate_mode='1by1', hidden=32, homo_boost_thrd=0.5, homo_loss_weight=100.0, inner=1, lr=0.01, model='GCN', no_cuda=False, prune_thr=0.1, seed=706, selection_method='none', target_class=0, target_loss_weight=1, test_model='GAT', thrd=0.5, train_lr=0.01, trigger_size=3, trojan_epochs=2000, use_vs_number=True, vs_number=3, vs_ratio=0, weight_decay=0.0005)
target class rate on Vs: 1.0000
accuracy on clean test nodes: 0.8556
Overall ASR: 0.6753
Flip ASR: 0.6178/225 nodes
Namespace(cuda=True, dataset='Cora', debug=True, defense_mode='none', device_id=2, dis_weight=0.0, dropout=0.5, epochs=200, evaluate_mode='1by1', hidden=32, homo_boost_thrd=0.5, homo_loss_weight=100.0, inner=1, lr=0.01, model='GCN', no_cuda=False, prune_thr=0.1, seed=778, selection_method='none', target_class=0, target_loss_weight=1, test_model='GAT', thrd=0.5, train_lr=0.01, trigger_size=3, trojan_epochs=2000, use_vs_number=True, vs_number=3, vs_ratio=0, weight_decay=0.0005)
target class rate on Vs: 1.0000
accuracy on clean test nodes: 0.8481
Overall ASR: 0.9004
Flip ASR: 0.8800/225 nodes
Namespace(cuda=True, dataset='Cora', debug=True, defense_mode='none', device_id=2, dis_weight=0.0, dropout=0.5, epochs=200, evaluate_mode='1by1', hidden=32, homo_boost_thrd=0.5, homo_loss_weight=100.0, inner=1, lr=0.01, model='GCN', no_cuda=False, prune_thr=0.1, seed=604, selection_method='none', target_class=0, target_loss_weight=1, test_model='GAT', thrd=0.5, train_lr=0.01, trigger_size=3, trojan_epochs=2000, use_vs_number=True, vs_number=3, vs_ratio=0, weight_decay=0.0005)
target class rate on Vs: 1.0000
accuracy on clean test nodes: 0.8444
Overall ASR: 0.9262
Flip ASR: 0.9111/225 nodes
Namespace(cuda=True, dataset='Cora', debug=True, defense_mode='none', device_id=2, dis_weight=0.0, dropout=0.5, epochs=200, evaluate_mode='1by1', hidden=32, homo_boost_thrd=0.5, homo_loss_weight=100.0, inner=1, lr=0.01, model='GCN', no_cuda=False, prune_thr=0.1, seed=133, selection_method='none', target_class=0, target_loss_weight=1, test_model='GAT', thrd=0.5, train_lr=0.01, trigger_size=3, trojan_epochs=2000, use_vs_number=True, vs_number=3, vs_ratio=0, weight_decay=0.0005)
target class rate on Vs: 1.0000
accuracy on clean test nodes: 0.8259
Overall ASR: 0.9446
Flip ASR: 0.9333/225 nodes
Overall ASR: 0.8354 (GAT model, Seed: 133)
Overall Clean Accuracy: 0.8444
Namespace(cuda=True, dataset='Cora', debug=True, defense_mode='none', device_id=2, dis_weight=0.0, dropout=0.5, epochs=200, evaluate_mode='1by1', hidden=32, homo_boost_thrd=0.5, homo_loss_weight=100.0, inner=1, lr=0.01, model='GCN', no_cuda=False, prune_thr=0.1, seed=673, selection_method='none', target_class=0, target_loss_weight=1, test_model='GraphSage', thrd=0.5, train_lr=0.01, trigger_size=3, trojan_epochs=2000, use_vs_number=True, vs_number=3, vs_ratio=0, weight_decay=0.0005)
target class rate on Vs: 1.0000
accuracy on clean test nodes: 0.8074
Overall ASR: 0.8303
Flip ASR: 0.7956/225 nodes
Namespace(cuda=True, dataset='Cora', debug=True, defense_mode='none', device_id=2, dis_weight=0.0, dropout=0.5, epochs=200, evaluate_mode='1by1', hidden=32, homo_boost_thrd=0.5, homo_loss_weight=100.0, inner=1, lr=0.01, model='GCN', no_cuda=False, prune_thr=0.1, seed=904, selection_method='none', target_class=0, target_loss_weight=1, test_model='GraphSage', thrd=0.5, train_lr=0.01, trigger_size=3, trojan_epochs=2000, use_vs_number=True, vs_number=3, vs_ratio=0, weight_decay=0.0005)
target class rate on Vs: 1.0000
accuracy on clean test nodes: 0.8222
Overall ASR: 0.8376
Flip ASR: 0.8044/225 nodes
Namespace(cuda=True, dataset='Cora', debug=True, defense_mode='none', device_id=2, dis_weight=0.0, dropout=0.5, epochs=200, evaluate_mode='1by1', hidden=32, homo_boost_thrd=0.5, homo_loss_weight=100.0, inner=1, lr=0.01, model='GCN', no_cuda=False, prune_thr=0.1, seed=56, selection_method='none', target_class=0, target_loss_weight=1, test_model='GraphSage', thrd=0.5, train_lr=0.01, trigger_size=3, trojan_epochs=2000, use_vs_number=True, vs_number=3, vs_ratio=0, weight_decay=0.0005)
target class rate on Vs: 1.0000
accuracy on clean test nodes: 0.8333
Overall ASR: 0.8672
Flip ASR: 0.8400/225 nodes
Namespace(cuda=True, dataset='Cora', debug=True, defense_mode='none', device_id=2, dis_weight=0.0, dropout=0.5, epochs=200, evaluate_mode='1by1', hidden=32, homo_boost_thrd=0.5, homo_loss_weight=100.0, inner=1, lr=0.01, model='GCN', no_cuda=False, prune_thr=0.1, seed=1, selection_method='none', target_class=0, target_loss_weight=1, test_model='GraphSage', thrd=0.5, train_lr=0.01, trigger_size=3, trojan_epochs=2000, use_vs_number=True, vs_number=3, vs_ratio=0, weight_decay=0.0005)
target class rate on Vs: 1.0000
accuracy on clean test nodes: 0.7852
Overall ASR: 0.8044
Flip ASR: 0.7644/225 nodes
Namespace(cuda=True, dataset='Cora', debug=True, defense_mode='none', device_id=2, dis_weight=0.0, dropout=0.5, epochs=200, evaluate_mode='1by1', hidden=32, homo_boost_thrd=0.5, homo_loss_weight=100.0, inner=1, lr=0.01, model='GCN', no_cuda=False, prune_thr=0.1, seed=694, selection_method='none', target_class=0, target_loss_weight=1, test_model='GraphSage', thrd=0.5, train_lr=0.01, trigger_size=3, trojan_epochs=2000, use_vs_number=True, vs_number=3, vs_ratio=0, weight_decay=0.0005)
target class rate on Vs: 1.0000
accuracy on clean test nodes: 0.8370
Overall ASR: 0.8524
Flip ASR: 0.8222/225 nodes
Overall ASR: 0.8384 (GraphSage model, Seed: 694)
Overall Clean Accuracy: 0.8170
Total Overall ASR: 0.8583 
Total Clean Accuracy: 0.8304
